[2022-07-12 03:18:11,977] {processor.py:163} INFO - Started process (PID=48) to work on /opt/airflow/dags/spark-postgres.py
[2022-07-12 03:18:11,977] {processor.py:642} INFO - Processing file /opt/airflow/dags/spark-postgres.py for tasks to queue
[2022-07-12 03:18:11,978] {logging_mixin.py:109} INFO - [2022-07-12 03:18:11,978] {dagbag.py:500} INFO - Filling up the DagBag from /opt/airflow/dags/spark-postgres.py
[2022-07-12 03:18:12,042] {processor.py:654} INFO - DAG(s) dict_keys(['spark-postgres']) retrieved from /opt/airflow/dags/spark-postgres.py
[2022-07-12 03:18:16,050] {logging_mixin.py:109} INFO - [2022-07-12 03:18:16,050] {manager.py:496} INFO - Created Permission View: can read on DAG:spark-postgres
[2022-07-12 03:18:16,056] {logging_mixin.py:109} INFO - [2022-07-12 03:18:16,055] {manager.py:496} INFO - Created Permission View: can edit on DAG:spark-postgres
[2022-07-12 03:18:16,056] {logging_mixin.py:109} INFO - [2022-07-12 03:18:16,056] {dag.py:2396} INFO - Sync 1 DAGs
[2022-07-12 03:18:16,061] {logging_mixin.py:109} INFO - [2022-07-12 03:18:16,061] {dag.py:2415} INFO - Creating ORM DAG for spark-postgres
[2022-07-12 03:18:16,069] {logging_mixin.py:109} INFO - [2022-07-12 03:18:16,069] {dag.py:2935} INFO - Setting next_dagrun for spark-postgres to 2022-07-12T00:00:00+00:00
[2022-07-12 03:18:16,076] {processor.py:171} INFO - Processing /opt/airflow/dags/spark-postgres.py took 4.101 seconds
[2022-07-12 03:18:46,135] {processor.py:163} INFO - Started process (PID=82) to work on /opt/airflow/dags/spark-postgres.py
[2022-07-12 03:18:46,136] {processor.py:642} INFO - Processing file /opt/airflow/dags/spark-postgres.py for tasks to queue
[2022-07-12 03:18:46,136] {logging_mixin.py:109} INFO - [2022-07-12 03:18:46,136] {dagbag.py:500} INFO - Filling up the DagBag from /opt/airflow/dags/spark-postgres.py
[2022-07-12 03:18:46,158] {processor.py:654} INFO - DAG(s) dict_keys(['spark-postgres']) retrieved from /opt/airflow/dags/spark-postgres.py
[2022-07-12 03:18:46,165] {logging_mixin.py:109} INFO - [2022-07-12 03:18:46,164] {dag.py:2396} INFO - Sync 1 DAGs
[2022-07-12 03:18:46,175] {logging_mixin.py:109} INFO - [2022-07-12 03:18:46,175] {dag.py:2935} INFO - Setting next_dagrun for spark-postgres to 2022-07-12T00:00:00+00:00
[2022-07-12 03:18:46,180] {processor.py:171} INFO - Processing /opt/airflow/dags/spark-postgres.py took 0.046 seconds
[2022-07-12 03:19:16,216] {processor.py:163} INFO - Started process (PID=84) to work on /opt/airflow/dags/spark-postgres.py
[2022-07-12 03:19:16,217] {processor.py:642} INFO - Processing file /opt/airflow/dags/spark-postgres.py for tasks to queue
[2022-07-12 03:19:16,218] {logging_mixin.py:109} INFO - [2022-07-12 03:19:16,217] {dagbag.py:500} INFO - Filling up the DagBag from /opt/airflow/dags/spark-postgres.py
[2022-07-12 03:19:16,239] {processor.py:654} INFO - DAG(s) dict_keys(['spark-postgres']) retrieved from /opt/airflow/dags/spark-postgres.py
[2022-07-12 03:19:16,246] {logging_mixin.py:109} INFO - [2022-07-12 03:19:16,246] {dag.py:2396} INFO - Sync 1 DAGs
[2022-07-12 03:19:16,257] {logging_mixin.py:109} INFO - [2022-07-12 03:19:16,257] {dag.py:2935} INFO - Setting next_dagrun for spark-postgres to 2022-07-12T00:00:00+00:00
[2022-07-12 03:19:16,263] {processor.py:171} INFO - Processing /opt/airflow/dags/spark-postgres.py took 0.048 seconds
[2022-07-12 03:19:46,333] {processor.py:163} INFO - Started process (PID=86) to work on /opt/airflow/dags/spark-postgres.py
[2022-07-12 03:19:46,334] {processor.py:642} INFO - Processing file /opt/airflow/dags/spark-postgres.py for tasks to queue
[2022-07-12 03:19:46,334] {logging_mixin.py:109} INFO - [2022-07-12 03:19:46,334] {dagbag.py:500} INFO - Filling up the DagBag from /opt/airflow/dags/spark-postgres.py
[2022-07-12 03:19:46,354] {processor.py:654} INFO - DAG(s) dict_keys(['spark-postgres']) retrieved from /opt/airflow/dags/spark-postgres.py
[2022-07-12 03:19:46,361] {logging_mixin.py:109} INFO - [2022-07-12 03:19:46,361] {dag.py:2396} INFO - Sync 1 DAGs
[2022-07-12 03:19:46,371] {logging_mixin.py:109} INFO - [2022-07-12 03:19:46,371] {dag.py:2935} INFO - Setting next_dagrun for spark-postgres to 2022-07-12T00:00:00+00:00
[2022-07-12 03:19:46,377] {processor.py:171} INFO - Processing /opt/airflow/dags/spark-postgres.py took 0.046 seconds
[2022-07-12 03:20:16,411] {processor.py:163} INFO - Started process (PID=88) to work on /opt/airflow/dags/spark-postgres.py
[2022-07-12 03:20:16,411] {processor.py:642} INFO - Processing file /opt/airflow/dags/spark-postgres.py for tasks to queue
[2022-07-12 03:20:16,412] {logging_mixin.py:109} INFO - [2022-07-12 03:20:16,412] {dagbag.py:500} INFO - Filling up the DagBag from /opt/airflow/dags/spark-postgres.py
[2022-07-12 03:20:16,433] {processor.py:654} INFO - DAG(s) dict_keys(['spark-postgres']) retrieved from /opt/airflow/dags/spark-postgres.py
[2022-07-12 03:20:16,440] {logging_mixin.py:109} INFO - [2022-07-12 03:20:16,440] {dag.py:2396} INFO - Sync 1 DAGs
[2022-07-12 03:20:16,451] {logging_mixin.py:109} INFO - [2022-07-12 03:20:16,451] {dag.py:2935} INFO - Setting next_dagrun for spark-postgres to 2022-07-12T00:00:00+00:00
[2022-07-12 03:20:16,457] {processor.py:171} INFO - Processing /opt/airflow/dags/spark-postgres.py took 0.048 seconds
[2022-07-12 03:20:46,512] {processor.py:163} INFO - Started process (PID=90) to work on /opt/airflow/dags/spark-postgres.py
[2022-07-12 03:20:46,513] {processor.py:642} INFO - Processing file /opt/airflow/dags/spark-postgres.py for tasks to queue
[2022-07-12 03:20:46,514] {logging_mixin.py:109} INFO - [2022-07-12 03:20:46,514] {dagbag.py:500} INFO - Filling up the DagBag from /opt/airflow/dags/spark-postgres.py
[2022-07-12 03:20:46,547] {processor.py:654} INFO - DAG(s) dict_keys(['spark-postgres']) retrieved from /opt/airflow/dags/spark-postgres.py
[2022-07-12 03:20:46,556] {logging_mixin.py:109} INFO - [2022-07-12 03:20:46,555] {dag.py:2396} INFO - Sync 1 DAGs
[2022-07-12 03:20:46,568] {logging_mixin.py:109} INFO - [2022-07-12 03:20:46,568] {dag.py:2935} INFO - Setting next_dagrun for spark-postgres to 2022-07-12T00:00:00+00:00
[2022-07-12 03:20:46,574] {processor.py:171} INFO - Processing /opt/airflow/dags/spark-postgres.py took 0.065 seconds
[2022-07-12 03:21:16,593] {processor.py:163} INFO - Started process (PID=91) to work on /opt/airflow/dags/spark-postgres.py
[2022-07-12 03:21:16,593] {processor.py:642} INFO - Processing file /opt/airflow/dags/spark-postgres.py for tasks to queue
[2022-07-12 03:21:16,594] {logging_mixin.py:109} INFO - [2022-07-12 03:21:16,594] {dagbag.py:500} INFO - Filling up the DagBag from /opt/airflow/dags/spark-postgres.py
[2022-07-12 03:21:16,616] {processor.py:654} INFO - DAG(s) dict_keys(['spark-postgres']) retrieved from /opt/airflow/dags/spark-postgres.py
[2022-07-12 03:21:16,623] {logging_mixin.py:109} INFO - [2022-07-12 03:21:16,622] {dag.py:2396} INFO - Sync 1 DAGs
[2022-07-12 03:21:16,633] {logging_mixin.py:109} INFO - [2022-07-12 03:21:16,633] {dag.py:2935} INFO - Setting next_dagrun for spark-postgres to 2022-07-12T00:00:00+00:00
[2022-07-12 03:21:16,638] {processor.py:171} INFO - Processing /opt/airflow/dags/spark-postgres.py took 0.048 seconds
[2022-07-12 03:21:46,723] {processor.py:163} INFO - Started process (PID=93) to work on /opt/airflow/dags/spark-postgres.py
[2022-07-12 03:21:46,724] {processor.py:642} INFO - Processing file /opt/airflow/dags/spark-postgres.py for tasks to queue
[2022-07-12 03:21:46,724] {logging_mixin.py:109} INFO - [2022-07-12 03:21:46,724] {dagbag.py:500} INFO - Filling up the DagBag from /opt/airflow/dags/spark-postgres.py
[2022-07-12 03:21:46,747] {processor.py:654} INFO - DAG(s) dict_keys(['spark-postgres']) retrieved from /opt/airflow/dags/spark-postgres.py
[2022-07-12 03:21:46,754] {logging_mixin.py:109} INFO - [2022-07-12 03:21:46,754] {dag.py:2396} INFO - Sync 1 DAGs
[2022-07-12 03:21:46,765] {logging_mixin.py:109} INFO - [2022-07-12 03:21:46,765] {dag.py:2935} INFO - Setting next_dagrun for spark-postgres to 2022-07-12T00:00:00+00:00
[2022-07-12 03:21:46,771] {processor.py:171} INFO - Processing /opt/airflow/dags/spark-postgres.py took 0.049 seconds
[2022-07-12 03:22:16,872] {processor.py:163} INFO - Started process (PID=95) to work on /opt/airflow/dags/spark-postgres.py
[2022-07-12 03:22:16,873] {processor.py:642} INFO - Processing file /opt/airflow/dags/spark-postgres.py for tasks to queue
[2022-07-12 03:22:16,874] {logging_mixin.py:109} INFO - [2022-07-12 03:22:16,873] {dagbag.py:500} INFO - Filling up the DagBag from /opt/airflow/dags/spark-postgres.py
[2022-07-12 03:22:16,897] {processor.py:654} INFO - DAG(s) dict_keys(['spark-postgres']) retrieved from /opt/airflow/dags/spark-postgres.py
[2022-07-12 03:22:16,904] {logging_mixin.py:109} INFO - [2022-07-12 03:22:16,904] {dag.py:2396} INFO - Sync 1 DAGs
[2022-07-12 03:22:16,916] {logging_mixin.py:109} INFO - [2022-07-12 03:22:16,915] {dag.py:2935} INFO - Setting next_dagrun for spark-postgres to 2022-07-12T00:00:00+00:00
[2022-07-12 03:22:16,922] {processor.py:171} INFO - Processing /opt/airflow/dags/spark-postgres.py took 0.051 seconds
[2022-07-12 03:22:46,998] {processor.py:163} INFO - Started process (PID=97) to work on /opt/airflow/dags/spark-postgres.py
[2022-07-12 03:22:46,999] {processor.py:642} INFO - Processing file /opt/airflow/dags/spark-postgres.py for tasks to queue
[2022-07-12 03:22:47,000] {logging_mixin.py:109} INFO - [2022-07-12 03:22:47,000] {dagbag.py:500} INFO - Filling up the DagBag from /opt/airflow/dags/spark-postgres.py
[2022-07-12 03:22:47,023] {processor.py:654} INFO - DAG(s) dict_keys(['spark-postgres']) retrieved from /opt/airflow/dags/spark-postgres.py
[2022-07-12 03:22:47,030] {logging_mixin.py:109} INFO - [2022-07-12 03:22:47,030] {dag.py:2396} INFO - Sync 1 DAGs
[2022-07-12 03:22:47,041] {logging_mixin.py:109} INFO - [2022-07-12 03:22:47,041] {dag.py:2935} INFO - Setting next_dagrun for spark-postgres to 2022-07-12T00:00:00+00:00
[2022-07-12 03:22:47,046] {processor.py:171} INFO - Processing /opt/airflow/dags/spark-postgres.py took 0.050 seconds
[2022-07-12 03:23:17,134] {processor.py:163} INFO - Started process (PID=99) to work on /opt/airflow/dags/spark-postgres.py
[2022-07-12 03:23:17,134] {processor.py:642} INFO - Processing file /opt/airflow/dags/spark-postgres.py for tasks to queue
[2022-07-12 03:23:17,135] {logging_mixin.py:109} INFO - [2022-07-12 03:23:17,135] {dagbag.py:500} INFO - Filling up the DagBag from /opt/airflow/dags/spark-postgres.py
[2022-07-12 03:23:17,159] {processor.py:654} INFO - DAG(s) dict_keys(['spark-postgres']) retrieved from /opt/airflow/dags/spark-postgres.py
[2022-07-12 03:23:17,166] {logging_mixin.py:109} INFO - [2022-07-12 03:23:17,166] {dag.py:2396} INFO - Sync 1 DAGs
[2022-07-12 03:23:17,177] {logging_mixin.py:109} INFO - [2022-07-12 03:23:17,176] {dag.py:2935} INFO - Setting next_dagrun for spark-postgres to 2022-07-12T00:00:00+00:00
[2022-07-12 03:23:17,182] {processor.py:171} INFO - Processing /opt/airflow/dags/spark-postgres.py took 0.050 seconds
[2022-07-12 03:23:47,263] {processor.py:163} INFO - Started process (PID=101) to work on /opt/airflow/dags/spark-postgres.py
[2022-07-12 03:23:47,264] {processor.py:642} INFO - Processing file /opt/airflow/dags/spark-postgres.py for tasks to queue
[2022-07-12 03:23:47,264] {logging_mixin.py:109} INFO - [2022-07-12 03:23:47,264] {dagbag.py:500} INFO - Filling up the DagBag from /opt/airflow/dags/spark-postgres.py
[2022-07-12 03:23:47,287] {processor.py:654} INFO - DAG(s) dict_keys(['spark-postgres']) retrieved from /opt/airflow/dags/spark-postgres.py
[2022-07-12 03:23:47,293] {logging_mixin.py:109} INFO - [2022-07-12 03:23:47,293] {dag.py:2396} INFO - Sync 1 DAGs
[2022-07-12 03:23:47,304] {logging_mixin.py:109} INFO - [2022-07-12 03:23:47,303] {dag.py:2935} INFO - Setting next_dagrun for spark-postgres to 2022-07-12T00:00:00+00:00
[2022-07-12 03:23:47,309] {processor.py:171} INFO - Processing /opt/airflow/dags/spark-postgres.py took 0.047 seconds
[2022-07-12 03:24:17,387] {processor.py:163} INFO - Started process (PID=103) to work on /opt/airflow/dags/spark-postgres.py
[2022-07-12 03:24:17,387] {processor.py:642} INFO - Processing file /opt/airflow/dags/spark-postgres.py for tasks to queue
[2022-07-12 03:24:17,388] {logging_mixin.py:109} INFO - [2022-07-12 03:24:17,388] {dagbag.py:500} INFO - Filling up the DagBag from /opt/airflow/dags/spark-postgres.py
[2022-07-12 03:24:17,410] {processor.py:654} INFO - DAG(s) dict_keys(['spark-postgres']) retrieved from /opt/airflow/dags/spark-postgres.py
[2022-07-12 03:24:17,417] {logging_mixin.py:109} INFO - [2022-07-12 03:24:17,417] {dag.py:2396} INFO - Sync 1 DAGs
[2022-07-12 03:24:17,428] {logging_mixin.py:109} INFO - [2022-07-12 03:24:17,428] {dag.py:2935} INFO - Setting next_dagrun for spark-postgres to 2022-07-12T00:00:00+00:00
[2022-07-12 03:24:17,433] {processor.py:171} INFO - Processing /opt/airflow/dags/spark-postgres.py took 0.048 seconds
[2022-07-12 03:24:47,512] {processor.py:163} INFO - Started process (PID=105) to work on /opt/airflow/dags/spark-postgres.py
[2022-07-12 03:24:47,513] {processor.py:642} INFO - Processing file /opt/airflow/dags/spark-postgres.py for tasks to queue
[2022-07-12 03:24:47,514] {logging_mixin.py:109} INFO - [2022-07-12 03:24:47,513] {dagbag.py:500} INFO - Filling up the DagBag from /opt/airflow/dags/spark-postgres.py
[2022-07-12 03:24:47,535] {processor.py:654} INFO - DAG(s) dict_keys(['spark-postgres']) retrieved from /opt/airflow/dags/spark-postgres.py
[2022-07-12 03:24:47,542] {logging_mixin.py:109} INFO - [2022-07-12 03:24:47,542] {dag.py:2396} INFO - Sync 1 DAGs
[2022-07-12 03:24:47,555] {logging_mixin.py:109} INFO - [2022-07-12 03:24:47,555] {dag.py:2935} INFO - Setting next_dagrun for spark-postgres to 2022-07-12T00:00:00+00:00
[2022-07-12 03:24:47,561] {processor.py:171} INFO - Processing /opt/airflow/dags/spark-postgres.py took 0.050 seconds
[2022-07-12 03:25:17,637] {processor.py:163} INFO - Started process (PID=107) to work on /opt/airflow/dags/spark-postgres.py
[2022-07-12 03:25:17,638] {processor.py:642} INFO - Processing file /opt/airflow/dags/spark-postgres.py for tasks to queue
[2022-07-12 03:25:17,638] {logging_mixin.py:109} INFO - [2022-07-12 03:25:17,638] {dagbag.py:500} INFO - Filling up the DagBag from /opt/airflow/dags/spark-postgres.py
[2022-07-12 03:25:17,660] {processor.py:654} INFO - DAG(s) dict_keys(['spark-postgres']) retrieved from /opt/airflow/dags/spark-postgres.py
[2022-07-12 03:25:17,667] {logging_mixin.py:109} INFO - [2022-07-12 03:25:17,667] {dag.py:2396} INFO - Sync 1 DAGs
[2022-07-12 03:25:17,677] {logging_mixin.py:109} INFO - [2022-07-12 03:25:17,677] {dag.py:2935} INFO - Setting next_dagrun for spark-postgres to 2022-07-12T00:00:00+00:00
[2022-07-12 03:25:17,683] {processor.py:171} INFO - Processing /opt/airflow/dags/spark-postgres.py took 0.048 seconds
[2022-07-12 03:25:47,757] {processor.py:163} INFO - Started process (PID=109) to work on /opt/airflow/dags/spark-postgres.py
[2022-07-12 03:25:47,758] {processor.py:642} INFO - Processing file /opt/airflow/dags/spark-postgres.py for tasks to queue
[2022-07-12 03:25:47,758] {logging_mixin.py:109} INFO - [2022-07-12 03:25:47,758] {dagbag.py:500} INFO - Filling up the DagBag from /opt/airflow/dags/spark-postgres.py
[2022-07-12 03:25:47,783] {processor.py:654} INFO - DAG(s) dict_keys(['spark-postgres']) retrieved from /opt/airflow/dags/spark-postgres.py
[2022-07-12 03:25:47,792] {logging_mixin.py:109} INFO - [2022-07-12 03:25:47,792] {dag.py:2396} INFO - Sync 1 DAGs
[2022-07-12 03:25:47,805] {logging_mixin.py:109} INFO - [2022-07-12 03:25:47,805] {dag.py:2935} INFO - Setting next_dagrun for spark-postgres to 2022-07-12T00:00:00+00:00
[2022-07-12 03:25:47,811] {processor.py:171} INFO - Processing /opt/airflow/dags/spark-postgres.py took 0.055 seconds
[2022-07-12 03:26:17,890] {processor.py:163} INFO - Started process (PID=111) to work on /opt/airflow/dags/spark-postgres.py
[2022-07-12 03:26:17,891] {processor.py:642} INFO - Processing file /opt/airflow/dags/spark-postgres.py for tasks to queue
[2022-07-12 03:26:17,891] {logging_mixin.py:109} INFO - [2022-07-12 03:26:17,891] {dagbag.py:500} INFO - Filling up the DagBag from /opt/airflow/dags/spark-postgres.py
[2022-07-12 03:26:17,914] {processor.py:654} INFO - DAG(s) dict_keys(['spark-postgres']) retrieved from /opt/airflow/dags/spark-postgres.py
[2022-07-12 03:26:17,921] {logging_mixin.py:109} INFO - [2022-07-12 03:26:17,921] {dag.py:2396} INFO - Sync 1 DAGs
[2022-07-12 03:26:17,932] {logging_mixin.py:109} INFO - [2022-07-12 03:26:17,931] {dag.py:2935} INFO - Setting next_dagrun for spark-postgres to 2022-07-12T00:00:00+00:00
[2022-07-12 03:26:17,938] {processor.py:171} INFO - Processing /opt/airflow/dags/spark-postgres.py took 0.049 seconds
[2022-07-12 03:26:48,017] {processor.py:163} INFO - Started process (PID=113) to work on /opt/airflow/dags/spark-postgres.py
[2022-07-12 03:26:48,018] {processor.py:642} INFO - Processing file /opt/airflow/dags/spark-postgres.py for tasks to queue
[2022-07-12 03:26:48,018] {logging_mixin.py:109} INFO - [2022-07-12 03:26:48,018] {dagbag.py:500} INFO - Filling up the DagBag from /opt/airflow/dags/spark-postgres.py
[2022-07-12 03:26:48,040] {processor.py:654} INFO - DAG(s) dict_keys(['spark-postgres']) retrieved from /opt/airflow/dags/spark-postgres.py
[2022-07-12 03:26:48,046] {logging_mixin.py:109} INFO - [2022-07-12 03:26:48,046] {dag.py:2396} INFO - Sync 1 DAGs
[2022-07-12 03:26:48,057] {logging_mixin.py:109} INFO - [2022-07-12 03:26:48,057] {dag.py:2935} INFO - Setting next_dagrun for spark-postgres to 2022-07-12T00:00:00+00:00
[2022-07-12 03:26:48,062] {processor.py:171} INFO - Processing /opt/airflow/dags/spark-postgres.py took 0.047 seconds
[2022-07-12 03:27:18,137] {processor.py:163} INFO - Started process (PID=115) to work on /opt/airflow/dags/spark-postgres.py
[2022-07-12 03:27:18,138] {processor.py:642} INFO - Processing file /opt/airflow/dags/spark-postgres.py for tasks to queue
[2022-07-12 03:27:18,138] {logging_mixin.py:109} INFO - [2022-07-12 03:27:18,138] {dagbag.py:500} INFO - Filling up the DagBag from /opt/airflow/dags/spark-postgres.py
[2022-07-12 03:27:18,160] {processor.py:654} INFO - DAG(s) dict_keys(['spark-postgres']) retrieved from /opt/airflow/dags/spark-postgres.py
[2022-07-12 03:27:18,166] {logging_mixin.py:109} INFO - [2022-07-12 03:27:18,166] {dag.py:2396} INFO - Sync 1 DAGs
[2022-07-12 03:27:18,177] {logging_mixin.py:109} INFO - [2022-07-12 03:27:18,177] {dag.py:2935} INFO - Setting next_dagrun for spark-postgres to 2022-07-12T00:00:00+00:00
[2022-07-12 03:27:18,182] {processor.py:171} INFO - Processing /opt/airflow/dags/spark-postgres.py took 0.046 seconds
