[2022-06-20 12:05:45,030] {taskinstance.py:1159} INFO - Dependencies all met for <TaskInstance: tutorial.print_date scheduled__2022-06-19T12:05:24.175839+00:00 [queued]>
[2022-06-20 12:05:45,038] {taskinstance.py:1159} INFO - Dependencies all met for <TaskInstance: tutorial.print_date scheduled__2022-06-19T12:05:24.175839+00:00 [queued]>
[2022-06-20 12:05:45,039] {taskinstance.py:1356} INFO - 
--------------------------------------------------------------------------------
[2022-06-20 12:05:45,039] {taskinstance.py:1357} INFO - Starting attempt 1 of 2
[2022-06-20 12:05:45,040] {taskinstance.py:1358} INFO - 
--------------------------------------------------------------------------------
[2022-06-20 12:05:45,058] {taskinstance.py:1377} INFO - Executing <Task(BashOperator): print_date> on 2022-06-19 12:05:24.175839+00:00
[2022-06-20 12:05:45,062] {standard_task_runner.py:52} INFO - Started process 9274 to run task
[2022-06-20 12:05:45,065] {standard_task_runner.py:79} INFO - Running: ['***', 'tasks', 'run', 'tutorial', 'print_date', 'scheduled__2022-06-19T12:05:24.175839+00:00', '--job-id', '11', '--raw', '--subdir', '/home/***/.local/lib/python3.7/site-packages/***/example_dags/tutorial.py', '--cfg-path', '/tmp/tmp_5to1lsz', '--error-file', '/tmp/tmpzpmzck98']
[2022-06-20 12:05:45,065] {standard_task_runner.py:80} INFO - Job 11: Subtask print_date
[2022-06-20 12:05:45,113] {task_command.py:370} INFO - Running <TaskInstance: tutorial.print_date scheduled__2022-06-19T12:05:24.175839+00:00 [running]> on host f596236ec958
[2022-06-20 12:05:45,195] {taskinstance.py:1571} INFO - Exporting the following env vars:
AIRFLOW_CTX_DAG_EMAIL=***@example.com
AIRFLOW_CTX_DAG_OWNER=***
AIRFLOW_CTX_DAG_ID=tutorial
AIRFLOW_CTX_TASK_ID=print_date
AIRFLOW_CTX_EXECUTION_DATE=2022-06-19T12:05:24.175839+00:00
AIRFLOW_CTX_TRY_NUMBER=1
AIRFLOW_CTX_DAG_RUN_ID=scheduled__2022-06-19T12:05:24.175839+00:00
[2022-06-20 12:05:45,196] {subprocess.py:62} INFO - Tmp dir root location: 
 /tmp
[2022-06-20 12:05:45,198] {subprocess.py:74} INFO - Running command: ['bash', '-c', 'date']
[2022-06-20 12:05:45,212] {subprocess.py:85} INFO - Output:
[2022-06-20 12:05:45,229] {subprocess.py:92} INFO - Mon Jun 20 12:05:45 UTC 2022
[2022-06-20 12:05:45,229] {subprocess.py:96} INFO - Command exited with return code 0
[2022-06-20 12:05:45,257] {taskinstance.py:1400} INFO - Marking task as SUCCESS. dag_id=tutorial, task_id=print_date, execution_date=20220619T120524, start_date=20220620T120545, end_date=20220620T120545
[2022-06-20 12:05:45,279] {local_task_job.py:156} INFO - Task exited with return code 0
[2022-06-20 12:05:45,312] {local_task_job.py:273} INFO - 2 downstream tasks scheduled from follow-on schedule check
