[2022-06-19 17:28:18,690] {processor.py:153} INFO - Started process (PID=424) to work on /home/airflow/.local/lib/python3.7/site-packages/airflow/example_dags/example_branch_operator.py
[2022-06-19 17:28:18,695] {processor.py:641} INFO - Processing file /home/airflow/.local/lib/python3.7/site-packages/airflow/example_dags/example_branch_operator.py for tasks to queue
[2022-06-19 17:28:18,697] {logging_mixin.py:115} INFO - [2022-06-19 17:28:18,697] {dagbag.py:507} INFO - Filling up the DagBag from /home/airflow/.local/lib/python3.7/site-packages/airflow/example_dags/example_branch_operator.py
[2022-06-19 17:28:18,731] {processor.py:651} INFO - DAG(s) dict_keys(['example_branch_operator']) retrieved from /home/airflow/.local/lib/python3.7/site-packages/airflow/example_dags/example_branch_operator.py
[2022-06-19 17:28:18,863] {logging_mixin.py:115} INFO - [2022-06-19 17:28:18,863] {dag.py:2379} INFO - Sync 1 DAGs
[2022-06-19 17:28:18,956] {logging_mixin.py:115} INFO - [2022-06-19 17:28:18,956] {dag.py:2931} INFO - Setting next_dagrun for example_branch_operator to 2022-06-18T00:00:00+00:00, run_after=2022-06-19T00:00:00+00:00
[2022-06-19 17:28:19,007] {processor.py:161} INFO - Processing /home/airflow/.local/lib/python3.7/site-packages/airflow/example_dags/example_branch_operator.py took 0.321 seconds
[2022-06-19 17:28:49,839] {processor.py:153} INFO - Started process (PID=473) to work on /home/airflow/.local/lib/python3.7/site-packages/airflow/example_dags/example_branch_operator.py
[2022-06-19 17:28:49,842] {processor.py:641} INFO - Processing file /home/airflow/.local/lib/python3.7/site-packages/airflow/example_dags/example_branch_operator.py for tasks to queue
[2022-06-19 17:28:49,853] {logging_mixin.py:115} INFO - [2022-06-19 17:28:49,853] {dagbag.py:507} INFO - Filling up the DagBag from /home/airflow/.local/lib/python3.7/site-packages/airflow/example_dags/example_branch_operator.py
[2022-06-19 17:28:49,903] {processor.py:651} INFO - DAG(s) dict_keys(['example_branch_operator']) retrieved from /home/airflow/.local/lib/python3.7/site-packages/airflow/example_dags/example_branch_operator.py
[2022-06-19 17:28:49,978] {logging_mixin.py:115} INFO - [2022-06-19 17:28:49,978] {dag.py:2379} INFO - Sync 1 DAGs
[2022-06-19 17:28:50,082] {logging_mixin.py:115} INFO - [2022-06-19 17:28:50,081] {dag.py:2931} INFO - Setting next_dagrun for example_branch_operator to 2022-06-18T00:00:00+00:00, run_after=2022-06-19T00:00:00+00:00
[2022-06-19 17:28:50,134] {processor.py:161} INFO - Processing /home/airflow/.local/lib/python3.7/site-packages/airflow/example_dags/example_branch_operator.py took 0.299 seconds
[2022-06-19 17:29:21,114] {processor.py:153} INFO - Started process (PID=537) to work on /home/airflow/.local/lib/python3.7/site-packages/airflow/example_dags/example_branch_operator.py
[2022-06-19 17:29:21,115] {processor.py:641} INFO - Processing file /home/airflow/.local/lib/python3.7/site-packages/airflow/example_dags/example_branch_operator.py for tasks to queue
[2022-06-19 17:29:21,116] {logging_mixin.py:115} INFO - [2022-06-19 17:29:21,116] {dagbag.py:507} INFO - Filling up the DagBag from /home/airflow/.local/lib/python3.7/site-packages/airflow/example_dags/example_branch_operator.py
[2022-06-19 17:29:21,145] {processor.py:651} INFO - DAG(s) dict_keys(['example_branch_operator']) retrieved from /home/airflow/.local/lib/python3.7/site-packages/airflow/example_dags/example_branch_operator.py
[2022-06-19 17:29:21,189] {logging_mixin.py:115} INFO - [2022-06-19 17:29:21,189] {dag.py:2379} INFO - Sync 1 DAGs
[2022-06-19 17:29:21,219] {logging_mixin.py:115} INFO - [2022-06-19 17:29:21,219] {dag.py:2931} INFO - Setting next_dagrun for example_branch_operator to 2022-06-18T00:00:00+00:00, run_after=2022-06-19T00:00:00+00:00
[2022-06-19 17:29:21,239] {processor.py:161} INFO - Processing /home/airflow/.local/lib/python3.7/site-packages/airflow/example_dags/example_branch_operator.py took 0.130 seconds
[2022-06-19 17:29:52,141] {processor.py:153} INFO - Started process (PID=592) to work on /home/airflow/.local/lib/python3.7/site-packages/airflow/example_dags/example_branch_operator.py
[2022-06-19 17:29:52,142] {processor.py:641} INFO - Processing file /home/airflow/.local/lib/python3.7/site-packages/airflow/example_dags/example_branch_operator.py for tasks to queue
[2022-06-19 17:29:52,142] {logging_mixin.py:115} INFO - [2022-06-19 17:29:52,142] {dagbag.py:507} INFO - Filling up the DagBag from /home/airflow/.local/lib/python3.7/site-packages/airflow/example_dags/example_branch_operator.py
[2022-06-19 17:29:52,151] {processor.py:651} INFO - DAG(s) dict_keys(['example_branch_operator']) retrieved from /home/airflow/.local/lib/python3.7/site-packages/airflow/example_dags/example_branch_operator.py
[2022-06-19 17:29:52,178] {logging_mixin.py:115} INFO - [2022-06-19 17:29:52,178] {dag.py:2379} INFO - Sync 1 DAGs
[2022-06-19 17:29:52,196] {logging_mixin.py:115} INFO - [2022-06-19 17:29:52,196] {dag.py:2931} INFO - Setting next_dagrun for example_branch_operator to 2022-06-18T00:00:00+00:00, run_after=2022-06-19T00:00:00+00:00
[2022-06-19 17:29:52,209] {processor.py:161} INFO - Processing /home/airflow/.local/lib/python3.7/site-packages/airflow/example_dags/example_branch_operator.py took 0.071 seconds
[2022-06-19 17:30:22,661] {processor.py:153} INFO - Started process (PID=656) to work on /home/airflow/.local/lib/python3.7/site-packages/airflow/example_dags/example_branch_operator.py
[2022-06-19 17:30:22,662] {processor.py:641} INFO - Processing file /home/airflow/.local/lib/python3.7/site-packages/airflow/example_dags/example_branch_operator.py for tasks to queue
[2022-06-19 17:30:22,662] {logging_mixin.py:115} INFO - [2022-06-19 17:30:22,662] {dagbag.py:507} INFO - Filling up the DagBag from /home/airflow/.local/lib/python3.7/site-packages/airflow/example_dags/example_branch_operator.py
[2022-06-19 17:30:22,673] {processor.py:651} INFO - DAG(s) dict_keys(['example_branch_operator']) retrieved from /home/airflow/.local/lib/python3.7/site-packages/airflow/example_dags/example_branch_operator.py
[2022-06-19 17:30:22,702] {logging_mixin.py:115} INFO - [2022-06-19 17:30:22,702] {dag.py:2379} INFO - Sync 1 DAGs
[2022-06-19 17:30:22,726] {logging_mixin.py:115} INFO - [2022-06-19 17:30:22,725] {dag.py:2931} INFO - Setting next_dagrun for example_branch_operator to 2022-06-18T00:00:00+00:00, run_after=2022-06-19T00:00:00+00:00
[2022-06-19 17:30:22,746] {processor.py:161} INFO - Processing /home/airflow/.local/lib/python3.7/site-packages/airflow/example_dags/example_branch_operator.py took 0.088 seconds
[2022-06-19 17:30:53,122] {processor.py:153} INFO - Started process (PID=711) to work on /home/airflow/.local/lib/python3.7/site-packages/airflow/example_dags/example_branch_operator.py
[2022-06-19 17:30:53,124] {processor.py:641} INFO - Processing file /home/airflow/.local/lib/python3.7/site-packages/airflow/example_dags/example_branch_operator.py for tasks to queue
[2022-06-19 17:30:53,126] {logging_mixin.py:115} INFO - [2022-06-19 17:30:53,126] {dagbag.py:507} INFO - Filling up the DagBag from /home/airflow/.local/lib/python3.7/site-packages/airflow/example_dags/example_branch_operator.py
[2022-06-19 17:30:53,162] {processor.py:651} INFO - DAG(s) dict_keys(['example_branch_operator']) retrieved from /home/airflow/.local/lib/python3.7/site-packages/airflow/example_dags/example_branch_operator.py
[2022-06-19 17:30:53,229] {logging_mixin.py:115} INFO - [2022-06-19 17:30:53,229] {dag.py:2379} INFO - Sync 1 DAGs
[2022-06-19 17:30:53,286] {logging_mixin.py:115} INFO - [2022-06-19 17:30:53,285] {dag.py:2931} INFO - Setting next_dagrun for example_branch_operator to 2022-06-18T00:00:00+00:00, run_after=2022-06-19T00:00:00+00:00
[2022-06-19 17:30:53,310] {processor.py:161} INFO - Processing /home/airflow/.local/lib/python3.7/site-packages/airflow/example_dags/example_branch_operator.py took 0.193 seconds
[2022-06-19 17:31:23,530] {processor.py:153} INFO - Started process (PID=775) to work on /home/airflow/.local/lib/python3.7/site-packages/airflow/example_dags/example_branch_operator.py
[2022-06-19 17:31:23,531] {processor.py:641} INFO - Processing file /home/airflow/.local/lib/python3.7/site-packages/airflow/example_dags/example_branch_operator.py for tasks to queue
[2022-06-19 17:31:23,532] {logging_mixin.py:115} INFO - [2022-06-19 17:31:23,532] {dagbag.py:507} INFO - Filling up the DagBag from /home/airflow/.local/lib/python3.7/site-packages/airflow/example_dags/example_branch_operator.py
[2022-06-19 17:31:23,546] {processor.py:651} INFO - DAG(s) dict_keys(['example_branch_operator']) retrieved from /home/airflow/.local/lib/python3.7/site-packages/airflow/example_dags/example_branch_operator.py
[2022-06-19 17:31:23,580] {logging_mixin.py:115} INFO - [2022-06-19 17:31:23,580] {dag.py:2379} INFO - Sync 1 DAGs
[2022-06-19 17:31:23,618] {logging_mixin.py:115} INFO - [2022-06-19 17:31:23,618] {dag.py:2931} INFO - Setting next_dagrun for example_branch_operator to 2022-06-18T00:00:00+00:00, run_after=2022-06-19T00:00:00+00:00
[2022-06-19 17:31:23,636] {processor.py:161} INFO - Processing /home/airflow/.local/lib/python3.7/site-packages/airflow/example_dags/example_branch_operator.py took 0.110 seconds
[2022-06-19 17:31:54,432] {processor.py:153} INFO - Started process (PID=830) to work on /home/airflow/.local/lib/python3.7/site-packages/airflow/example_dags/example_branch_operator.py
[2022-06-19 17:31:54,432] {processor.py:641} INFO - Processing file /home/airflow/.local/lib/python3.7/site-packages/airflow/example_dags/example_branch_operator.py for tasks to queue
[2022-06-19 17:31:54,433] {logging_mixin.py:115} INFO - [2022-06-19 17:31:54,433] {dagbag.py:507} INFO - Filling up the DagBag from /home/airflow/.local/lib/python3.7/site-packages/airflow/example_dags/example_branch_operator.py
[2022-06-19 17:31:54,442] {processor.py:651} INFO - DAG(s) dict_keys(['example_branch_operator']) retrieved from /home/airflow/.local/lib/python3.7/site-packages/airflow/example_dags/example_branch_operator.py
[2022-06-19 17:31:54,466] {logging_mixin.py:115} INFO - [2022-06-19 17:31:54,466] {dag.py:2379} INFO - Sync 1 DAGs
[2022-06-19 17:31:54,483] {logging_mixin.py:115} INFO - [2022-06-19 17:31:54,483] {dag.py:2931} INFO - Setting next_dagrun for example_branch_operator to 2022-06-18T00:00:00+00:00, run_after=2022-06-19T00:00:00+00:00
[2022-06-19 17:31:54,496] {processor.py:161} INFO - Processing /home/airflow/.local/lib/python3.7/site-packages/airflow/example_dags/example_branch_operator.py took 0.067 seconds
[2022-06-19 17:32:25,367] {processor.py:153} INFO - Started process (PID=894) to work on /home/airflow/.local/lib/python3.7/site-packages/airflow/example_dags/example_branch_operator.py
[2022-06-19 17:32:25,368] {processor.py:641} INFO - Processing file /home/airflow/.local/lib/python3.7/site-packages/airflow/example_dags/example_branch_operator.py for tasks to queue
[2022-06-19 17:32:25,369] {logging_mixin.py:115} INFO - [2022-06-19 17:32:25,369] {dagbag.py:507} INFO - Filling up the DagBag from /home/airflow/.local/lib/python3.7/site-packages/airflow/example_dags/example_branch_operator.py
[2022-06-19 17:32:25,378] {processor.py:651} INFO - DAG(s) dict_keys(['example_branch_operator']) retrieved from /home/airflow/.local/lib/python3.7/site-packages/airflow/example_dags/example_branch_operator.py
[2022-06-19 17:32:25,400] {logging_mixin.py:115} INFO - [2022-06-19 17:32:25,400] {dag.py:2379} INFO - Sync 1 DAGs
[2022-06-19 17:32:25,418] {logging_mixin.py:115} INFO - [2022-06-19 17:32:25,417] {dag.py:2931} INFO - Setting next_dagrun for example_branch_operator to 2022-06-18T00:00:00+00:00, run_after=2022-06-19T00:00:00+00:00
[2022-06-19 17:32:25,433] {processor.py:161} INFO - Processing /home/airflow/.local/lib/python3.7/site-packages/airflow/example_dags/example_branch_operator.py took 0.068 seconds
[2022-06-19 17:32:55,499] {processor.py:153} INFO - Started process (PID=948) to work on /home/airflow/.local/lib/python3.7/site-packages/airflow/example_dags/example_branch_operator.py
[2022-06-19 17:32:55,500] {processor.py:641} INFO - Processing file /home/airflow/.local/lib/python3.7/site-packages/airflow/example_dags/example_branch_operator.py for tasks to queue
[2022-06-19 17:32:55,501] {logging_mixin.py:115} INFO - [2022-06-19 17:32:55,501] {dagbag.py:507} INFO - Filling up the DagBag from /home/airflow/.local/lib/python3.7/site-packages/airflow/example_dags/example_branch_operator.py
[2022-06-19 17:32:55,508] {processor.py:651} INFO - DAG(s) dict_keys(['example_branch_operator']) retrieved from /home/airflow/.local/lib/python3.7/site-packages/airflow/example_dags/example_branch_operator.py
[2022-06-19 17:32:55,528] {logging_mixin.py:115} INFO - [2022-06-19 17:32:55,528] {dag.py:2379} INFO - Sync 1 DAGs
[2022-06-19 17:32:55,542] {logging_mixin.py:115} INFO - [2022-06-19 17:32:55,541] {dag.py:2931} INFO - Setting next_dagrun for example_branch_operator to 2022-06-18T00:00:00+00:00, run_after=2022-06-19T00:00:00+00:00
[2022-06-19 17:32:55,555] {processor.py:161} INFO - Processing /home/airflow/.local/lib/python3.7/site-packages/airflow/example_dags/example_branch_operator.py took 0.058 seconds
[2022-06-19 17:33:26,013] {processor.py:153} INFO - Started process (PID=1014) to work on /home/airflow/.local/lib/python3.7/site-packages/airflow/example_dags/example_branch_operator.py
[2022-06-19 17:33:26,015] {processor.py:641} INFO - Processing file /home/airflow/.local/lib/python3.7/site-packages/airflow/example_dags/example_branch_operator.py for tasks to queue
[2022-06-19 17:33:26,016] {logging_mixin.py:115} INFO - [2022-06-19 17:33:26,016] {dagbag.py:507} INFO - Filling up the DagBag from /home/airflow/.local/lib/python3.7/site-packages/airflow/example_dags/example_branch_operator.py
[2022-06-19 17:33:26,031] {processor.py:651} INFO - DAG(s) dict_keys(['example_branch_operator']) retrieved from /home/airflow/.local/lib/python3.7/site-packages/airflow/example_dags/example_branch_operator.py
[2022-06-19 17:33:26,056] {logging_mixin.py:115} INFO - [2022-06-19 17:33:26,055] {dag.py:2379} INFO - Sync 1 DAGs
[2022-06-19 17:33:26,070] {logging_mixin.py:115} INFO - [2022-06-19 17:33:26,070] {dag.py:2931} INFO - Setting next_dagrun for example_branch_operator to 2022-06-18T00:00:00+00:00, run_after=2022-06-19T00:00:00+00:00
[2022-06-19 17:33:26,082] {processor.py:161} INFO - Processing /home/airflow/.local/lib/python3.7/site-packages/airflow/example_dags/example_branch_operator.py took 0.077 seconds
[2022-06-19 17:33:56,893] {processor.py:153} INFO - Started process (PID=1079) to work on /home/airflow/.local/lib/python3.7/site-packages/airflow/example_dags/example_branch_operator.py
[2022-06-19 17:33:56,893] {processor.py:641} INFO - Processing file /home/airflow/.local/lib/python3.7/site-packages/airflow/example_dags/example_branch_operator.py for tasks to queue
[2022-06-19 17:33:56,894] {logging_mixin.py:115} INFO - [2022-06-19 17:33:56,894] {dagbag.py:507} INFO - Filling up the DagBag from /home/airflow/.local/lib/python3.7/site-packages/airflow/example_dags/example_branch_operator.py
[2022-06-19 17:33:56,905] {processor.py:651} INFO - DAG(s) dict_keys(['example_branch_operator']) retrieved from /home/airflow/.local/lib/python3.7/site-packages/airflow/example_dags/example_branch_operator.py
[2022-06-19 17:33:56,938] {logging_mixin.py:115} INFO - [2022-06-19 17:33:56,938] {dag.py:2379} INFO - Sync 1 DAGs
[2022-06-19 17:33:56,958] {logging_mixin.py:115} INFO - [2022-06-19 17:33:56,958] {dag.py:2931} INFO - Setting next_dagrun for example_branch_operator to 2022-06-18T00:00:00+00:00, run_after=2022-06-19T00:00:00+00:00
[2022-06-19 17:33:56,976] {processor.py:161} INFO - Processing /home/airflow/.local/lib/python3.7/site-packages/airflow/example_dags/example_branch_operator.py took 0.086 seconds
[2022-06-19 17:34:27,621] {processor.py:153} INFO - Started process (PID=1141) to work on /home/airflow/.local/lib/python3.7/site-packages/airflow/example_dags/example_branch_operator.py
[2022-06-19 17:34:27,623] {processor.py:641} INFO - Processing file /home/airflow/.local/lib/python3.7/site-packages/airflow/example_dags/example_branch_operator.py for tasks to queue
[2022-06-19 17:34:27,623] {logging_mixin.py:115} INFO - [2022-06-19 17:34:27,623] {dagbag.py:507} INFO - Filling up the DagBag from /home/airflow/.local/lib/python3.7/site-packages/airflow/example_dags/example_branch_operator.py
[2022-06-19 17:34:27,633] {processor.py:651} INFO - DAG(s) dict_keys(['example_branch_operator']) retrieved from /home/airflow/.local/lib/python3.7/site-packages/airflow/example_dags/example_branch_operator.py
[2022-06-19 17:34:27,658] {logging_mixin.py:115} INFO - [2022-06-19 17:34:27,658] {dag.py:2379} INFO - Sync 1 DAGs
[2022-06-19 17:34:27,678] {logging_mixin.py:115} INFO - [2022-06-19 17:34:27,677] {dag.py:2931} INFO - Setting next_dagrun for example_branch_operator to 2022-06-18T00:00:00+00:00, run_after=2022-06-19T00:00:00+00:00
[2022-06-19 17:34:27,692] {processor.py:161} INFO - Processing /home/airflow/.local/lib/python3.7/site-packages/airflow/example_dags/example_branch_operator.py took 0.074 seconds
[2022-06-19 17:34:58,425] {processor.py:153} INFO - Started process (PID=1198) to work on /home/airflow/.local/lib/python3.7/site-packages/airflow/example_dags/example_branch_operator.py
[2022-06-19 17:34:58,426] {processor.py:641} INFO - Processing file /home/airflow/.local/lib/python3.7/site-packages/airflow/example_dags/example_branch_operator.py for tasks to queue
[2022-06-19 17:34:58,426] {logging_mixin.py:115} INFO - [2022-06-19 17:34:58,426] {dagbag.py:507} INFO - Filling up the DagBag from /home/airflow/.local/lib/python3.7/site-packages/airflow/example_dags/example_branch_operator.py
[2022-06-19 17:34:58,434] {processor.py:651} INFO - DAG(s) dict_keys(['example_branch_operator']) retrieved from /home/airflow/.local/lib/python3.7/site-packages/airflow/example_dags/example_branch_operator.py
[2022-06-19 17:34:58,458] {logging_mixin.py:115} INFO - [2022-06-19 17:34:58,458] {dag.py:2379} INFO - Sync 1 DAGs
[2022-06-19 17:34:58,474] {logging_mixin.py:115} INFO - [2022-06-19 17:34:58,474] {dag.py:2931} INFO - Setting next_dagrun for example_branch_operator to 2022-06-18T00:00:00+00:00, run_after=2022-06-19T00:00:00+00:00
[2022-06-19 17:34:58,485] {processor.py:161} INFO - Processing /home/airflow/.local/lib/python3.7/site-packages/airflow/example_dags/example_branch_operator.py took 0.062 seconds
[2022-06-19 17:35:29,200] {processor.py:153} INFO - Started process (PID=1262) to work on /home/airflow/.local/lib/python3.7/site-packages/airflow/example_dags/example_branch_operator.py
[2022-06-19 17:35:29,201] {processor.py:641} INFO - Processing file /home/airflow/.local/lib/python3.7/site-packages/airflow/example_dags/example_branch_operator.py for tasks to queue
[2022-06-19 17:35:29,203] {logging_mixin.py:115} INFO - [2022-06-19 17:35:29,203] {dagbag.py:507} INFO - Filling up the DagBag from /home/airflow/.local/lib/python3.7/site-packages/airflow/example_dags/example_branch_operator.py
[2022-06-19 17:35:29,212] {processor.py:651} INFO - DAG(s) dict_keys(['example_branch_operator']) retrieved from /home/airflow/.local/lib/python3.7/site-packages/airflow/example_dags/example_branch_operator.py
[2022-06-19 17:35:29,236] {logging_mixin.py:115} INFO - [2022-06-19 17:35:29,236] {dag.py:2379} INFO - Sync 1 DAGs
[2022-06-19 17:35:29,251] {logging_mixin.py:115} INFO - [2022-06-19 17:35:29,251] {dag.py:2931} INFO - Setting next_dagrun for example_branch_operator to 2022-06-18T00:00:00+00:00, run_after=2022-06-19T00:00:00+00:00
[2022-06-19 17:35:29,263] {processor.py:161} INFO - Processing /home/airflow/.local/lib/python3.7/site-packages/airflow/example_dags/example_branch_operator.py took 0.066 seconds
[2022-06-19 17:35:59,935] {processor.py:153} INFO - Started process (PID=1326) to work on /home/airflow/.local/lib/python3.7/site-packages/airflow/example_dags/example_branch_operator.py
[2022-06-19 17:35:59,935] {processor.py:641} INFO - Processing file /home/airflow/.local/lib/python3.7/site-packages/airflow/example_dags/example_branch_operator.py for tasks to queue
[2022-06-19 17:35:59,936] {logging_mixin.py:115} INFO - [2022-06-19 17:35:59,936] {dagbag.py:507} INFO - Filling up the DagBag from /home/airflow/.local/lib/python3.7/site-packages/airflow/example_dags/example_branch_operator.py
[2022-06-19 17:35:59,944] {processor.py:651} INFO - DAG(s) dict_keys(['example_branch_operator']) retrieved from /home/airflow/.local/lib/python3.7/site-packages/airflow/example_dags/example_branch_operator.py
[2022-06-19 17:35:59,967] {logging_mixin.py:115} INFO - [2022-06-19 17:35:59,967] {dag.py:2379} INFO - Sync 1 DAGs
[2022-06-19 17:35:59,985] {logging_mixin.py:115} INFO - [2022-06-19 17:35:59,985] {dag.py:2931} INFO - Setting next_dagrun for example_branch_operator to 2022-06-18T00:00:00+00:00, run_after=2022-06-19T00:00:00+00:00
[2022-06-19 17:35:59,998] {processor.py:161} INFO - Processing /home/airflow/.local/lib/python3.7/site-packages/airflow/example_dags/example_branch_operator.py took 0.065 seconds
[2022-06-19 17:36:30,524] {processor.py:153} INFO - Started process (PID=1381) to work on /home/airflow/.local/lib/python3.7/site-packages/airflow/example_dags/example_branch_operator.py
[2022-06-19 17:36:30,524] {processor.py:641} INFO - Processing file /home/airflow/.local/lib/python3.7/site-packages/airflow/example_dags/example_branch_operator.py for tasks to queue
[2022-06-19 17:36:30,525] {logging_mixin.py:115} INFO - [2022-06-19 17:36:30,525] {dagbag.py:507} INFO - Filling up the DagBag from /home/airflow/.local/lib/python3.7/site-packages/airflow/example_dags/example_branch_operator.py
[2022-06-19 17:36:30,533] {processor.py:651} INFO - DAG(s) dict_keys(['example_branch_operator']) retrieved from /home/airflow/.local/lib/python3.7/site-packages/airflow/example_dags/example_branch_operator.py
[2022-06-19 17:36:30,554] {logging_mixin.py:115} INFO - [2022-06-19 17:36:30,554] {dag.py:2379} INFO - Sync 1 DAGs
[2022-06-19 17:36:30,569] {logging_mixin.py:115} INFO - [2022-06-19 17:36:30,568] {dag.py:2931} INFO - Setting next_dagrun for example_branch_operator to 2022-06-18T00:00:00+00:00, run_after=2022-06-19T00:00:00+00:00
[2022-06-19 17:36:30,583] {processor.py:161} INFO - Processing /home/airflow/.local/lib/python3.7/site-packages/airflow/example_dags/example_branch_operator.py took 0.062 seconds
[2022-06-19 17:37:01,048] {processor.py:153} INFO - Started process (PID=1445) to work on /home/airflow/.local/lib/python3.7/site-packages/airflow/example_dags/example_branch_operator.py
[2022-06-19 17:37:01,048] {processor.py:641} INFO - Processing file /home/airflow/.local/lib/python3.7/site-packages/airflow/example_dags/example_branch_operator.py for tasks to queue
[2022-06-19 17:37:01,049] {logging_mixin.py:115} INFO - [2022-06-19 17:37:01,049] {dagbag.py:507} INFO - Filling up the DagBag from /home/airflow/.local/lib/python3.7/site-packages/airflow/example_dags/example_branch_operator.py
[2022-06-19 17:37:01,056] {processor.py:651} INFO - DAG(s) dict_keys(['example_branch_operator']) retrieved from /home/airflow/.local/lib/python3.7/site-packages/airflow/example_dags/example_branch_operator.py
[2022-06-19 17:37:01,077] {logging_mixin.py:115} INFO - [2022-06-19 17:37:01,076] {dag.py:2379} INFO - Sync 1 DAGs
[2022-06-19 17:37:01,091] {logging_mixin.py:115} INFO - [2022-06-19 17:37:01,091] {dag.py:2931} INFO - Setting next_dagrun for example_branch_operator to 2022-06-18T00:00:00+00:00, run_after=2022-06-19T00:00:00+00:00
[2022-06-19 17:37:01,101] {processor.py:161} INFO - Processing /home/airflow/.local/lib/python3.7/site-packages/airflow/example_dags/example_branch_operator.py took 0.056 seconds
[2022-06-19 17:37:31,155] {processor.py:153} INFO - Started process (PID=1509) to work on /home/airflow/.local/lib/python3.7/site-packages/airflow/example_dags/example_branch_operator.py
[2022-06-19 17:37:31,156] {processor.py:641} INFO - Processing file /home/airflow/.local/lib/python3.7/site-packages/airflow/example_dags/example_branch_operator.py for tasks to queue
[2022-06-19 17:37:31,156] {logging_mixin.py:115} INFO - [2022-06-19 17:37:31,156] {dagbag.py:507} INFO - Filling up the DagBag from /home/airflow/.local/lib/python3.7/site-packages/airflow/example_dags/example_branch_operator.py
[2022-06-19 17:37:31,164] {processor.py:651} INFO - DAG(s) dict_keys(['example_branch_operator']) retrieved from /home/airflow/.local/lib/python3.7/site-packages/airflow/example_dags/example_branch_operator.py
[2022-06-19 17:37:31,184] {logging_mixin.py:115} INFO - [2022-06-19 17:37:31,184] {dag.py:2379} INFO - Sync 1 DAGs
[2022-06-19 17:37:31,198] {logging_mixin.py:115} INFO - [2022-06-19 17:37:31,198] {dag.py:2931} INFO - Setting next_dagrun for example_branch_operator to 2022-06-18T00:00:00+00:00, run_after=2022-06-19T00:00:00+00:00
[2022-06-19 17:37:31,211] {processor.py:161} INFO - Processing /home/airflow/.local/lib/python3.7/site-packages/airflow/example_dags/example_branch_operator.py took 0.058 seconds
