[2022-06-19 17:28:16,743] {processor.py:153} INFO - Started process (PID=409) to work on /home/airflow/.local/lib/python3.7/site-packages/airflow/example_dags/example_skip_dag.py
[2022-06-19 17:28:16,744] {processor.py:641} INFO - Processing file /home/airflow/.local/lib/python3.7/site-packages/airflow/example_dags/example_skip_dag.py for tasks to queue
[2022-06-19 17:28:16,745] {logging_mixin.py:115} INFO - [2022-06-19 17:28:16,745] {dagbag.py:507} INFO - Filling up the DagBag from /home/airflow/.local/lib/python3.7/site-packages/airflow/example_dags/example_skip_dag.py
[2022-06-19 17:28:16,774] {processor.py:651} INFO - DAG(s) dict_keys(['example_skip_dag']) retrieved from /home/airflow/.local/lib/python3.7/site-packages/airflow/example_dags/example_skip_dag.py
[2022-06-19 17:28:16,860] {logging_mixin.py:115} INFO - [2022-06-19 17:28:16,860] {dag.py:2379} INFO - Sync 1 DAGs
[2022-06-19 17:28:16,939] {logging_mixin.py:115} INFO - [2022-06-19 17:28:16,939] {dag.py:2931} INFO - Setting next_dagrun for example_skip_dag to 2022-06-18T17:28:16.939235+00:00, run_after=2022-06-19T17:28:16.939235+00:00
[2022-06-19 17:28:16,987] {processor.py:161} INFO - Processing /home/airflow/.local/lib/python3.7/site-packages/airflow/example_dags/example_skip_dag.py took 0.261 seconds
[2022-06-19 17:28:47,247] {processor.py:153} INFO - Started process (PID=465) to work on /home/airflow/.local/lib/python3.7/site-packages/airflow/example_dags/example_skip_dag.py
[2022-06-19 17:28:47,251] {processor.py:641} INFO - Processing file /home/airflow/.local/lib/python3.7/site-packages/airflow/example_dags/example_skip_dag.py for tasks to queue
[2022-06-19 17:28:47,255] {logging_mixin.py:115} INFO - [2022-06-19 17:28:47,255] {dagbag.py:507} INFO - Filling up the DagBag from /home/airflow/.local/lib/python3.7/site-packages/airflow/example_dags/example_skip_dag.py
[2022-06-19 17:28:47,266] {processor.py:651} INFO - DAG(s) dict_keys(['example_skip_dag']) retrieved from /home/airflow/.local/lib/python3.7/site-packages/airflow/example_dags/example_skip_dag.py
[2022-06-19 17:28:47,335] {logging_mixin.py:115} INFO - [2022-06-19 17:28:47,335] {dag.py:2379} INFO - Sync 1 DAGs
[2022-06-19 17:28:47,388] {logging_mixin.py:115} INFO - [2022-06-19 17:28:47,387] {dag.py:2931} INFO - Setting next_dagrun for example_skip_dag to 2022-06-18T17:28:47.387007+00:00, run_after=2022-06-19T17:28:47.387007+00:00
[2022-06-19 17:28:47,421] {processor.py:161} INFO - Processing /home/airflow/.local/lib/python3.7/site-packages/airflow/example_dags/example_skip_dag.py took 0.180 seconds
[2022-06-19 17:29:17,559] {processor.py:153} INFO - Started process (PID=520) to work on /home/airflow/.local/lib/python3.7/site-packages/airflow/example_dags/example_skip_dag.py
[2022-06-19 17:29:17,560] {processor.py:641} INFO - Processing file /home/airflow/.local/lib/python3.7/site-packages/airflow/example_dags/example_skip_dag.py for tasks to queue
[2022-06-19 17:29:17,562] {logging_mixin.py:115} INFO - [2022-06-19 17:29:17,561] {dagbag.py:507} INFO - Filling up the DagBag from /home/airflow/.local/lib/python3.7/site-packages/airflow/example_dags/example_skip_dag.py
[2022-06-19 17:29:17,569] {processor.py:651} INFO - DAG(s) dict_keys(['example_skip_dag']) retrieved from /home/airflow/.local/lib/python3.7/site-packages/airflow/example_dags/example_skip_dag.py
[2022-06-19 17:29:17,602] {logging_mixin.py:115} INFO - [2022-06-19 17:29:17,602] {dag.py:2379} INFO - Sync 1 DAGs
[2022-06-19 17:29:17,621] {logging_mixin.py:115} INFO - [2022-06-19 17:29:17,621] {dag.py:2931} INFO - Setting next_dagrun for example_skip_dag to 2022-06-18T17:29:17.621319+00:00, run_after=2022-06-19T17:29:17.621319+00:00
[2022-06-19 17:29:17,636] {processor.py:161} INFO - Processing /home/airflow/.local/lib/python3.7/site-packages/airflow/example_dags/example_skip_dag.py took 0.081 seconds
[2022-06-19 17:29:47,757] {processor.py:153} INFO - Started process (PID=584) to work on /home/airflow/.local/lib/python3.7/site-packages/airflow/example_dags/example_skip_dag.py
[2022-06-19 17:29:47,757] {processor.py:641} INFO - Processing file /home/airflow/.local/lib/python3.7/site-packages/airflow/example_dags/example_skip_dag.py for tasks to queue
[2022-06-19 17:29:47,758] {logging_mixin.py:115} INFO - [2022-06-19 17:29:47,758] {dagbag.py:507} INFO - Filling up the DagBag from /home/airflow/.local/lib/python3.7/site-packages/airflow/example_dags/example_skip_dag.py
[2022-06-19 17:29:47,763] {processor.py:651} INFO - DAG(s) dict_keys(['example_skip_dag']) retrieved from /home/airflow/.local/lib/python3.7/site-packages/airflow/example_dags/example_skip_dag.py
[2022-06-19 17:29:47,786] {logging_mixin.py:115} INFO - [2022-06-19 17:29:47,785] {dag.py:2379} INFO - Sync 1 DAGs
[2022-06-19 17:29:47,804] {logging_mixin.py:115} INFO - [2022-06-19 17:29:47,804] {dag.py:2931} INFO - Setting next_dagrun for example_skip_dag to 2022-06-18T17:29:47.804496+00:00, run_after=2022-06-19T17:29:47.804496+00:00
[2022-06-19 17:29:47,816] {processor.py:161} INFO - Processing /home/airflow/.local/lib/python3.7/site-packages/airflow/example_dags/example_skip_dag.py took 0.062 seconds
[2022-06-19 17:30:18,310] {processor.py:153} INFO - Started process (PID=648) to work on /home/airflow/.local/lib/python3.7/site-packages/airflow/example_dags/example_skip_dag.py
[2022-06-19 17:30:18,311] {processor.py:641} INFO - Processing file /home/airflow/.local/lib/python3.7/site-packages/airflow/example_dags/example_skip_dag.py for tasks to queue
[2022-06-19 17:30:18,313] {logging_mixin.py:115} INFO - [2022-06-19 17:30:18,313] {dagbag.py:507} INFO - Filling up the DagBag from /home/airflow/.local/lib/python3.7/site-packages/airflow/example_dags/example_skip_dag.py
[2022-06-19 17:30:18,323] {processor.py:651} INFO - DAG(s) dict_keys(['example_skip_dag']) retrieved from /home/airflow/.local/lib/python3.7/site-packages/airflow/example_dags/example_skip_dag.py
[2022-06-19 17:30:18,358] {logging_mixin.py:115} INFO - [2022-06-19 17:30:18,358] {dag.py:2379} INFO - Sync 1 DAGs
[2022-06-19 17:30:18,380] {logging_mixin.py:115} INFO - [2022-06-19 17:30:18,380] {dag.py:2931} INFO - Setting next_dagrun for example_skip_dag to 2022-06-18T17:30:18.380094+00:00, run_after=2022-06-19T17:30:18.380094+00:00
[2022-06-19 17:30:18,399] {processor.py:161} INFO - Processing /home/airflow/.local/lib/python3.7/site-packages/airflow/example_dags/example_skip_dag.py took 0.093 seconds
[2022-06-19 17:30:49,473] {processor.py:153} INFO - Started process (PID=703) to work on /home/airflow/.local/lib/python3.7/site-packages/airflow/example_dags/example_skip_dag.py
[2022-06-19 17:30:49,474] {processor.py:641} INFO - Processing file /home/airflow/.local/lib/python3.7/site-packages/airflow/example_dags/example_skip_dag.py for tasks to queue
[2022-06-19 17:30:49,476] {logging_mixin.py:115} INFO - [2022-06-19 17:30:49,475] {dagbag.py:507} INFO - Filling up the DagBag from /home/airflow/.local/lib/python3.7/site-packages/airflow/example_dags/example_skip_dag.py
[2022-06-19 17:30:49,485] {processor.py:651} INFO - DAG(s) dict_keys(['example_skip_dag']) retrieved from /home/airflow/.local/lib/python3.7/site-packages/airflow/example_dags/example_skip_dag.py
[2022-06-19 17:30:49,526] {logging_mixin.py:115} INFO - [2022-06-19 17:30:49,526] {dag.py:2379} INFO - Sync 1 DAGs
[2022-06-19 17:30:49,564] {logging_mixin.py:115} INFO - [2022-06-19 17:30:49,564] {dag.py:2931} INFO - Setting next_dagrun for example_skip_dag to 2022-06-18T17:30:49.564061+00:00, run_after=2022-06-19T17:30:49.564061+00:00
[2022-06-19 17:30:49,586] {processor.py:161} INFO - Processing /home/airflow/.local/lib/python3.7/site-packages/airflow/example_dags/example_skip_dag.py took 0.117 seconds
[2022-06-19 17:31:20,425] {processor.py:153} INFO - Started process (PID=767) to work on /home/airflow/.local/lib/python3.7/site-packages/airflow/example_dags/example_skip_dag.py
[2022-06-19 17:31:20,426] {processor.py:641} INFO - Processing file /home/airflow/.local/lib/python3.7/site-packages/airflow/example_dags/example_skip_dag.py for tasks to queue
[2022-06-19 17:31:20,436] {logging_mixin.py:115} INFO - [2022-06-19 17:31:20,436] {dagbag.py:507} INFO - Filling up the DagBag from /home/airflow/.local/lib/python3.7/site-packages/airflow/example_dags/example_skip_dag.py
[2022-06-19 17:31:20,444] {processor.py:651} INFO - DAG(s) dict_keys(['example_skip_dag']) retrieved from /home/airflow/.local/lib/python3.7/site-packages/airflow/example_dags/example_skip_dag.py
[2022-06-19 17:31:20,533] {logging_mixin.py:115} INFO - [2022-06-19 17:31:20,533] {dag.py:2379} INFO - Sync 1 DAGs
[2022-06-19 17:31:20,604] {logging_mixin.py:115} INFO - [2022-06-19 17:31:20,604] {dag.py:2931} INFO - Setting next_dagrun for example_skip_dag to 2022-06-18T17:31:20.604194+00:00, run_after=2022-06-19T17:31:20.604194+00:00
[2022-06-19 17:31:20,636] {processor.py:161} INFO - Processing /home/airflow/.local/lib/python3.7/site-packages/airflow/example_dags/example_skip_dag.py took 0.214 seconds
[2022-06-19 17:31:51,049] {processor.py:153} INFO - Started process (PID=822) to work on /home/airflow/.local/lib/python3.7/site-packages/airflow/example_dags/example_skip_dag.py
[2022-06-19 17:31:51,050] {processor.py:641} INFO - Processing file /home/airflow/.local/lib/python3.7/site-packages/airflow/example_dags/example_skip_dag.py for tasks to queue
[2022-06-19 17:31:51,052] {logging_mixin.py:115} INFO - [2022-06-19 17:31:51,052] {dagbag.py:507} INFO - Filling up the DagBag from /home/airflow/.local/lib/python3.7/site-packages/airflow/example_dags/example_skip_dag.py
[2022-06-19 17:31:51,060] {processor.py:651} INFO - DAG(s) dict_keys(['example_skip_dag']) retrieved from /home/airflow/.local/lib/python3.7/site-packages/airflow/example_dags/example_skip_dag.py
[2022-06-19 17:31:51,096] {logging_mixin.py:115} INFO - [2022-06-19 17:31:51,096] {dag.py:2379} INFO - Sync 1 DAGs
[2022-06-19 17:31:51,121] {logging_mixin.py:115} INFO - [2022-06-19 17:31:51,120] {dag.py:2931} INFO - Setting next_dagrun for example_skip_dag to 2022-06-18T17:31:51.120647+00:00, run_after=2022-06-19T17:31:51.120647+00:00
[2022-06-19 17:31:51,137] {processor.py:161} INFO - Processing /home/airflow/.local/lib/python3.7/site-packages/airflow/example_dags/example_skip_dag.py took 0.094 seconds
[2022-06-19 17:32:22,061] {processor.py:153} INFO - Started process (PID=877) to work on /home/airflow/.local/lib/python3.7/site-packages/airflow/example_dags/example_skip_dag.py
[2022-06-19 17:32:22,062] {processor.py:641} INFO - Processing file /home/airflow/.local/lib/python3.7/site-packages/airflow/example_dags/example_skip_dag.py for tasks to queue
[2022-06-19 17:32:22,063] {logging_mixin.py:115} INFO - [2022-06-19 17:32:22,063] {dagbag.py:507} INFO - Filling up the DagBag from /home/airflow/.local/lib/python3.7/site-packages/airflow/example_dags/example_skip_dag.py
[2022-06-19 17:32:22,067] {processor.py:651} INFO - DAG(s) dict_keys(['example_skip_dag']) retrieved from /home/airflow/.local/lib/python3.7/site-packages/airflow/example_dags/example_skip_dag.py
[2022-06-19 17:32:22,091] {logging_mixin.py:115} INFO - [2022-06-19 17:32:22,091] {dag.py:2379} INFO - Sync 1 DAGs
[2022-06-19 17:32:22,107] {logging_mixin.py:115} INFO - [2022-06-19 17:32:22,107] {dag.py:2931} INFO - Setting next_dagrun for example_skip_dag to 2022-06-18T17:32:22.107581+00:00, run_after=2022-06-19T17:32:22.107581+00:00
[2022-06-19 17:32:22,121] {processor.py:161} INFO - Processing /home/airflow/.local/lib/python3.7/site-packages/airflow/example_dags/example_skip_dag.py took 0.063 seconds
[2022-06-19 17:32:53,055] {processor.py:153} INFO - Started process (PID=941) to work on /home/airflow/.local/lib/python3.7/site-packages/airflow/example_dags/example_skip_dag.py
[2022-06-19 17:32:53,057] {processor.py:641} INFO - Processing file /home/airflow/.local/lib/python3.7/site-packages/airflow/example_dags/example_skip_dag.py for tasks to queue
[2022-06-19 17:32:53,058] {logging_mixin.py:115} INFO - [2022-06-19 17:32:53,058] {dagbag.py:507} INFO - Filling up the DagBag from /home/airflow/.local/lib/python3.7/site-packages/airflow/example_dags/example_skip_dag.py
[2022-06-19 17:32:53,068] {processor.py:651} INFO - DAG(s) dict_keys(['example_skip_dag']) retrieved from /home/airflow/.local/lib/python3.7/site-packages/airflow/example_dags/example_skip_dag.py
[2022-06-19 17:32:53,118] {logging_mixin.py:115} INFO - [2022-06-19 17:32:53,118] {dag.py:2379} INFO - Sync 1 DAGs
[2022-06-19 17:32:53,160] {logging_mixin.py:115} INFO - [2022-06-19 17:32:53,160] {dag.py:2931} INFO - Setting next_dagrun for example_skip_dag to 2022-06-18T17:32:53.159566+00:00, run_after=2022-06-19T17:32:53.159566+00:00
[2022-06-19 17:32:53,188] {processor.py:161} INFO - Processing /home/airflow/.local/lib/python3.7/site-packages/airflow/example_dags/example_skip_dag.py took 0.138 seconds
[2022-06-19 17:33:23,711] {processor.py:153} INFO - Started process (PID=1006) to work on /home/airflow/.local/lib/python3.7/site-packages/airflow/example_dags/example_skip_dag.py
[2022-06-19 17:33:23,711] {processor.py:641} INFO - Processing file /home/airflow/.local/lib/python3.7/site-packages/airflow/example_dags/example_skip_dag.py for tasks to queue
[2022-06-19 17:33:23,712] {logging_mixin.py:115} INFO - [2022-06-19 17:33:23,712] {dagbag.py:507} INFO - Filling up the DagBag from /home/airflow/.local/lib/python3.7/site-packages/airflow/example_dags/example_skip_dag.py
[2022-06-19 17:33:23,717] {processor.py:651} INFO - DAG(s) dict_keys(['example_skip_dag']) retrieved from /home/airflow/.local/lib/python3.7/site-packages/airflow/example_dags/example_skip_dag.py
[2022-06-19 17:33:23,745] {logging_mixin.py:115} INFO - [2022-06-19 17:33:23,745] {dag.py:2379} INFO - Sync 1 DAGs
[2022-06-19 17:33:23,768] {logging_mixin.py:115} INFO - [2022-06-19 17:33:23,768] {dag.py:2931} INFO - Setting next_dagrun for example_skip_dag to 2022-06-18T17:33:23.768183+00:00, run_after=2022-06-19T17:33:23.768183+00:00
[2022-06-19 17:33:23,779] {processor.py:161} INFO - Processing /home/airflow/.local/lib/python3.7/site-packages/airflow/example_dags/example_skip_dag.py took 0.071 seconds
[2022-06-19 17:33:54,488] {processor.py:153} INFO - Started process (PID=1071) to work on /home/airflow/.local/lib/python3.7/site-packages/airflow/example_dags/example_skip_dag.py
[2022-06-19 17:33:54,489] {processor.py:641} INFO - Processing file /home/airflow/.local/lib/python3.7/site-packages/airflow/example_dags/example_skip_dag.py for tasks to queue
[2022-06-19 17:33:54,490] {logging_mixin.py:115} INFO - [2022-06-19 17:33:54,490] {dagbag.py:507} INFO - Filling up the DagBag from /home/airflow/.local/lib/python3.7/site-packages/airflow/example_dags/example_skip_dag.py
[2022-06-19 17:33:54,497] {processor.py:651} INFO - DAG(s) dict_keys(['example_skip_dag']) retrieved from /home/airflow/.local/lib/python3.7/site-packages/airflow/example_dags/example_skip_dag.py
[2022-06-19 17:33:54,532] {logging_mixin.py:115} INFO - [2022-06-19 17:33:54,531] {dag.py:2379} INFO - Sync 1 DAGs
[2022-06-19 17:33:54,558] {logging_mixin.py:115} INFO - [2022-06-19 17:33:54,558] {dag.py:2931} INFO - Setting next_dagrun for example_skip_dag to 2022-06-18T17:33:54.558065+00:00, run_after=2022-06-19T17:33:54.558065+00:00
[2022-06-19 17:33:54,574] {processor.py:161} INFO - Processing /home/airflow/.local/lib/python3.7/site-packages/airflow/example_dags/example_skip_dag.py took 0.088 seconds
[2022-06-19 17:34:25,342] {processor.py:153} INFO - Started process (PID=1126) to work on /home/airflow/.local/lib/python3.7/site-packages/airflow/example_dags/example_skip_dag.py
[2022-06-19 17:34:25,343] {processor.py:641} INFO - Processing file /home/airflow/.local/lib/python3.7/site-packages/airflow/example_dags/example_skip_dag.py for tasks to queue
[2022-06-19 17:34:25,344] {logging_mixin.py:115} INFO - [2022-06-19 17:34:25,344] {dagbag.py:507} INFO - Filling up the DagBag from /home/airflow/.local/lib/python3.7/site-packages/airflow/example_dags/example_skip_dag.py
[2022-06-19 17:34:25,348] {processor.py:651} INFO - DAG(s) dict_keys(['example_skip_dag']) retrieved from /home/airflow/.local/lib/python3.7/site-packages/airflow/example_dags/example_skip_dag.py
[2022-06-19 17:34:25,368] {logging_mixin.py:115} INFO - [2022-06-19 17:34:25,368] {dag.py:2379} INFO - Sync 1 DAGs
[2022-06-19 17:34:25,384] {logging_mixin.py:115} INFO - [2022-06-19 17:34:25,384] {dag.py:2931} INFO - Setting next_dagrun for example_skip_dag to 2022-06-18T17:34:25.383834+00:00, run_after=2022-06-19T17:34:25.383834+00:00
[2022-06-19 17:34:25,397] {processor.py:161} INFO - Processing /home/airflow/.local/lib/python3.7/site-packages/airflow/example_dags/example_skip_dag.py took 0.057 seconds
[2022-06-19 17:34:56,166] {processor.py:153} INFO - Started process (PID=1190) to work on /home/airflow/.local/lib/python3.7/site-packages/airflow/example_dags/example_skip_dag.py
[2022-06-19 17:34:56,166] {processor.py:641} INFO - Processing file /home/airflow/.local/lib/python3.7/site-packages/airflow/example_dags/example_skip_dag.py for tasks to queue
[2022-06-19 17:34:56,167] {logging_mixin.py:115} INFO - [2022-06-19 17:34:56,167] {dagbag.py:507} INFO - Filling up the DagBag from /home/airflow/.local/lib/python3.7/site-packages/airflow/example_dags/example_skip_dag.py
[2022-06-19 17:34:56,171] {processor.py:651} INFO - DAG(s) dict_keys(['example_skip_dag']) retrieved from /home/airflow/.local/lib/python3.7/site-packages/airflow/example_dags/example_skip_dag.py
[2022-06-19 17:34:56,191] {logging_mixin.py:115} INFO - [2022-06-19 17:34:56,191] {dag.py:2379} INFO - Sync 1 DAGs
[2022-06-19 17:34:56,204] {logging_mixin.py:115} INFO - [2022-06-19 17:34:56,204] {dag.py:2931} INFO - Setting next_dagrun for example_skip_dag to 2022-06-18T17:34:56.204587+00:00, run_after=2022-06-19T17:34:56.204587+00:00
[2022-06-19 17:34:56,217] {processor.py:161} INFO - Processing /home/airflow/.local/lib/python3.7/site-packages/airflow/example_dags/example_skip_dag.py took 0.054 seconds
[2022-06-19 17:35:26,912] {processor.py:153} INFO - Started process (PID=1254) to work on /home/airflow/.local/lib/python3.7/site-packages/airflow/example_dags/example_skip_dag.py
[2022-06-19 17:35:26,912] {processor.py:641} INFO - Processing file /home/airflow/.local/lib/python3.7/site-packages/airflow/example_dags/example_skip_dag.py for tasks to queue
[2022-06-19 17:35:26,913] {logging_mixin.py:115} INFO - [2022-06-19 17:35:26,913] {dagbag.py:507} INFO - Filling up the DagBag from /home/airflow/.local/lib/python3.7/site-packages/airflow/example_dags/example_skip_dag.py
[2022-06-19 17:35:26,918] {processor.py:651} INFO - DAG(s) dict_keys(['example_skip_dag']) retrieved from /home/airflow/.local/lib/python3.7/site-packages/airflow/example_dags/example_skip_dag.py
[2022-06-19 17:35:26,947] {logging_mixin.py:115} INFO - [2022-06-19 17:35:26,947] {dag.py:2379} INFO - Sync 1 DAGs
[2022-06-19 17:35:26,961] {logging_mixin.py:115} INFO - [2022-06-19 17:35:26,961] {dag.py:2931} INFO - Setting next_dagrun for example_skip_dag to 2022-06-18T17:35:26.961562+00:00, run_after=2022-06-19T17:35:26.961562+00:00
[2022-06-19 17:35:26,974] {processor.py:161} INFO - Processing /home/airflow/.local/lib/python3.7/site-packages/airflow/example_dags/example_skip_dag.py took 0.065 seconds
[2022-06-19 17:35:57,666] {processor.py:153} INFO - Started process (PID=1318) to work on /home/airflow/.local/lib/python3.7/site-packages/airflow/example_dags/example_skip_dag.py
[2022-06-19 17:35:57,666] {processor.py:641} INFO - Processing file /home/airflow/.local/lib/python3.7/site-packages/airflow/example_dags/example_skip_dag.py for tasks to queue
[2022-06-19 17:35:57,667] {logging_mixin.py:115} INFO - [2022-06-19 17:35:57,667] {dagbag.py:507} INFO - Filling up the DagBag from /home/airflow/.local/lib/python3.7/site-packages/airflow/example_dags/example_skip_dag.py
[2022-06-19 17:35:57,671] {processor.py:651} INFO - DAG(s) dict_keys(['example_skip_dag']) retrieved from /home/airflow/.local/lib/python3.7/site-packages/airflow/example_dags/example_skip_dag.py
[2022-06-19 17:35:57,697] {logging_mixin.py:115} INFO - [2022-06-19 17:35:57,697] {dag.py:2379} INFO - Sync 1 DAGs
[2022-06-19 17:35:57,716] {logging_mixin.py:115} INFO - [2022-06-19 17:35:57,716] {dag.py:2931} INFO - Setting next_dagrun for example_skip_dag to 2022-06-18T17:35:57.716118+00:00, run_after=2022-06-19T17:35:57.716118+00:00
[2022-06-19 17:35:57,729] {processor.py:161} INFO - Processing /home/airflow/.local/lib/python3.7/site-packages/airflow/example_dags/example_skip_dag.py took 0.067 seconds
[2022-06-19 17:36:28,304] {processor.py:153} INFO - Started process (PID=1373) to work on /home/airflow/.local/lib/python3.7/site-packages/airflow/example_dags/example_skip_dag.py
[2022-06-19 17:36:28,304] {processor.py:641} INFO - Processing file /home/airflow/.local/lib/python3.7/site-packages/airflow/example_dags/example_skip_dag.py for tasks to queue
[2022-06-19 17:36:28,305] {logging_mixin.py:115} INFO - [2022-06-19 17:36:28,305] {dagbag.py:507} INFO - Filling up the DagBag from /home/airflow/.local/lib/python3.7/site-packages/airflow/example_dags/example_skip_dag.py
[2022-06-19 17:36:28,309] {processor.py:651} INFO - DAG(s) dict_keys(['example_skip_dag']) retrieved from /home/airflow/.local/lib/python3.7/site-packages/airflow/example_dags/example_skip_dag.py
[2022-06-19 17:36:28,330] {logging_mixin.py:115} INFO - [2022-06-19 17:36:28,330] {dag.py:2379} INFO - Sync 1 DAGs
[2022-06-19 17:36:28,345] {logging_mixin.py:115} INFO - [2022-06-19 17:36:28,345] {dag.py:2931} INFO - Setting next_dagrun for example_skip_dag to 2022-06-18T17:36:28.345549+00:00, run_after=2022-06-19T17:36:28.345549+00:00
[2022-06-19 17:36:28,357] {processor.py:161} INFO - Processing /home/airflow/.local/lib/python3.7/site-packages/airflow/example_dags/example_skip_dag.py took 0.055 seconds
[2022-06-19 17:36:58,805] {processor.py:153} INFO - Started process (PID=1437) to work on /home/airflow/.local/lib/python3.7/site-packages/airflow/example_dags/example_skip_dag.py
[2022-06-19 17:36:58,806] {processor.py:641} INFO - Processing file /home/airflow/.local/lib/python3.7/site-packages/airflow/example_dags/example_skip_dag.py for tasks to queue
[2022-06-19 17:36:58,807] {logging_mixin.py:115} INFO - [2022-06-19 17:36:58,807] {dagbag.py:507} INFO - Filling up the DagBag from /home/airflow/.local/lib/python3.7/site-packages/airflow/example_dags/example_skip_dag.py
[2022-06-19 17:36:58,813] {processor.py:651} INFO - DAG(s) dict_keys(['example_skip_dag']) retrieved from /home/airflow/.local/lib/python3.7/site-packages/airflow/example_dags/example_skip_dag.py
[2022-06-19 17:36:58,841] {logging_mixin.py:115} INFO - [2022-06-19 17:36:58,841] {dag.py:2379} INFO - Sync 1 DAGs
[2022-06-19 17:36:58,856] {logging_mixin.py:115} INFO - [2022-06-19 17:36:58,856] {dag.py:2931} INFO - Setting next_dagrun for example_skip_dag to 2022-06-18T17:36:58.855839+00:00, run_after=2022-06-19T17:36:58.855839+00:00
[2022-06-19 17:36:58,867] {processor.py:161} INFO - Processing /home/airflow/.local/lib/python3.7/site-packages/airflow/example_dags/example_skip_dag.py took 0.065 seconds
[2022-06-19 17:37:28,932] {processor.py:153} INFO - Started process (PID=1501) to work on /home/airflow/.local/lib/python3.7/site-packages/airflow/example_dags/example_skip_dag.py
[2022-06-19 17:37:28,933] {processor.py:641} INFO - Processing file /home/airflow/.local/lib/python3.7/site-packages/airflow/example_dags/example_skip_dag.py for tasks to queue
[2022-06-19 17:37:28,934] {logging_mixin.py:115} INFO - [2022-06-19 17:37:28,933] {dagbag.py:507} INFO - Filling up the DagBag from /home/airflow/.local/lib/python3.7/site-packages/airflow/example_dags/example_skip_dag.py
[2022-06-19 17:37:28,939] {processor.py:651} INFO - DAG(s) dict_keys(['example_skip_dag']) retrieved from /home/airflow/.local/lib/python3.7/site-packages/airflow/example_dags/example_skip_dag.py
[2022-06-19 17:37:28,959] {logging_mixin.py:115} INFO - [2022-06-19 17:37:28,958] {dag.py:2379} INFO - Sync 1 DAGs
[2022-06-19 17:37:28,972] {logging_mixin.py:115} INFO - [2022-06-19 17:37:28,972] {dag.py:2931} INFO - Setting next_dagrun for example_skip_dag to 2022-06-18T17:37:28.971943+00:00, run_after=2022-06-19T17:37:28.971943+00:00
[2022-06-19 17:37:28,983] {processor.py:161} INFO - Processing /home/airflow/.local/lib/python3.7/site-packages/airflow/example_dags/example_skip_dag.py took 0.054 seconds
