[2022-06-19 17:28:16,199] {processor.py:153} INFO - Started process (PID=406) to work on /home/airflow/.local/lib/python3.7/site-packages/airflow/example_dags/example_task_group.py
[2022-06-19 17:28:16,205] {processor.py:641} INFO - Processing file /home/airflow/.local/lib/python3.7/site-packages/airflow/example_dags/example_task_group.py for tasks to queue
[2022-06-19 17:28:16,210] {logging_mixin.py:115} INFO - [2022-06-19 17:28:16,210] {dagbag.py:507} INFO - Filling up the DagBag from /home/airflow/.local/lib/python3.7/site-packages/airflow/example_dags/example_task_group.py
[2022-06-19 17:28:16,244] {processor.py:651} INFO - DAG(s) dict_keys(['example_task_group']) retrieved from /home/airflow/.local/lib/python3.7/site-packages/airflow/example_dags/example_task_group.py
[2022-06-19 17:28:16,369] {logging_mixin.py:115} INFO - [2022-06-19 17:28:16,369] {dag.py:2379} INFO - Sync 1 DAGs
[2022-06-19 17:28:16,439] {logging_mixin.py:115} INFO - [2022-06-19 17:28:16,439] {dag.py:2931} INFO - Setting next_dagrun for example_task_group to 2022-06-18T17:28:16.439024+00:00, run_after=2022-06-19T17:28:16.439024+00:00
[2022-06-19 17:28:16,491] {processor.py:161} INFO - Processing /home/airflow/.local/lib/python3.7/site-packages/airflow/example_dags/example_task_group.py took 0.302 seconds
[2022-06-19 17:28:46,792] {processor.py:153} INFO - Started process (PID=462) to work on /home/airflow/.local/lib/python3.7/site-packages/airflow/example_dags/example_task_group.py
[2022-06-19 17:28:46,793] {processor.py:641} INFO - Processing file /home/airflow/.local/lib/python3.7/site-packages/airflow/example_dags/example_task_group.py for tasks to queue
[2022-06-19 17:28:46,794] {logging_mixin.py:115} INFO - [2022-06-19 17:28:46,794] {dagbag.py:507} INFO - Filling up the DagBag from /home/airflow/.local/lib/python3.7/site-packages/airflow/example_dags/example_task_group.py
[2022-06-19 17:28:46,807] {processor.py:651} INFO - DAG(s) dict_keys(['example_task_group']) retrieved from /home/airflow/.local/lib/python3.7/site-packages/airflow/example_dags/example_task_group.py
[2022-06-19 17:28:46,859] {logging_mixin.py:115} INFO - [2022-06-19 17:28:46,859] {dag.py:2379} INFO - Sync 1 DAGs
[2022-06-19 17:28:46,898] {logging_mixin.py:115} INFO - [2022-06-19 17:28:46,898] {dag.py:2931} INFO - Setting next_dagrun for example_task_group to 2022-06-18T17:28:46.898171+00:00, run_after=2022-06-19T17:28:46.898171+00:00
[2022-06-19 17:28:46,942] {processor.py:161} INFO - Processing /home/airflow/.local/lib/python3.7/site-packages/airflow/example_dags/example_task_group.py took 0.154 seconds
[2022-06-19 17:29:17,345] {processor.py:153} INFO - Started process (PID=517) to work on /home/airflow/.local/lib/python3.7/site-packages/airflow/example_dags/example_task_group.py
[2022-06-19 17:29:17,347] {processor.py:641} INFO - Processing file /home/airflow/.local/lib/python3.7/site-packages/airflow/example_dags/example_task_group.py for tasks to queue
[2022-06-19 17:29:17,348] {logging_mixin.py:115} INFO - [2022-06-19 17:29:17,348] {dagbag.py:507} INFO - Filling up the DagBag from /home/airflow/.local/lib/python3.7/site-packages/airflow/example_dags/example_task_group.py
[2022-06-19 17:29:17,357] {processor.py:651} INFO - DAG(s) dict_keys(['example_task_group']) retrieved from /home/airflow/.local/lib/python3.7/site-packages/airflow/example_dags/example_task_group.py
[2022-06-19 17:29:17,389] {logging_mixin.py:115} INFO - [2022-06-19 17:29:17,388] {dag.py:2379} INFO - Sync 1 DAGs
[2022-06-19 17:29:17,408] {logging_mixin.py:115} INFO - [2022-06-19 17:29:17,408] {dag.py:2931} INFO - Setting next_dagrun for example_task_group to 2022-06-18T17:29:17.408336+00:00, run_after=2022-06-19T17:29:17.408336+00:00
[2022-06-19 17:29:17,423] {processor.py:161} INFO - Processing /home/airflow/.local/lib/python3.7/site-packages/airflow/example_dags/example_task_group.py took 0.082 seconds
[2022-06-19 17:29:47,449] {processor.py:153} INFO - Started process (PID=580) to work on /home/airflow/.local/lib/python3.7/site-packages/airflow/example_dags/example_task_group.py
[2022-06-19 17:29:47,449] {processor.py:641} INFO - Processing file /home/airflow/.local/lib/python3.7/site-packages/airflow/example_dags/example_task_group.py for tasks to queue
[2022-06-19 17:29:47,450] {logging_mixin.py:115} INFO - [2022-06-19 17:29:47,450] {dagbag.py:507} INFO - Filling up the DagBag from /home/airflow/.local/lib/python3.7/site-packages/airflow/example_dags/example_task_group.py
[2022-06-19 17:29:47,456] {processor.py:651} INFO - DAG(s) dict_keys(['example_task_group']) retrieved from /home/airflow/.local/lib/python3.7/site-packages/airflow/example_dags/example_task_group.py
[2022-06-19 17:29:47,484] {logging_mixin.py:115} INFO - [2022-06-19 17:29:47,484] {dag.py:2379} INFO - Sync 1 DAGs
[2022-06-19 17:29:47,505] {logging_mixin.py:115} INFO - [2022-06-19 17:29:47,505] {dag.py:2931} INFO - Setting next_dagrun for example_task_group to 2022-06-18T17:29:47.505157+00:00, run_after=2022-06-19T17:29:47.505157+00:00
[2022-06-19 17:29:47,523] {processor.py:161} INFO - Processing /home/airflow/.local/lib/python3.7/site-packages/airflow/example_dags/example_task_group.py took 0.078 seconds
[2022-06-19 17:30:17,875] {processor.py:153} INFO - Started process (PID=642) to work on /home/airflow/.local/lib/python3.7/site-packages/airflow/example_dags/example_task_group.py
[2022-06-19 17:30:17,875] {processor.py:641} INFO - Processing file /home/airflow/.local/lib/python3.7/site-packages/airflow/example_dags/example_task_group.py for tasks to queue
[2022-06-19 17:30:17,876] {logging_mixin.py:115} INFO - [2022-06-19 17:30:17,876] {dagbag.py:507} INFO - Filling up the DagBag from /home/airflow/.local/lib/python3.7/site-packages/airflow/example_dags/example_task_group.py
[2022-06-19 17:30:17,883] {processor.py:651} INFO - DAG(s) dict_keys(['example_task_group']) retrieved from /home/airflow/.local/lib/python3.7/site-packages/airflow/example_dags/example_task_group.py
[2022-06-19 17:30:17,913] {logging_mixin.py:115} INFO - [2022-06-19 17:30:17,913] {dag.py:2379} INFO - Sync 1 DAGs
[2022-06-19 17:30:17,936] {logging_mixin.py:115} INFO - [2022-06-19 17:30:17,936] {dag.py:2931} INFO - Setting next_dagrun for example_task_group to 2022-06-18T17:30:17.935973+00:00, run_after=2022-06-19T17:30:17.935973+00:00
[2022-06-19 17:30:17,949] {processor.py:161} INFO - Processing /home/airflow/.local/lib/python3.7/site-packages/airflow/example_dags/example_task_group.py took 0.078 seconds
[2022-06-19 17:30:48,782] {processor.py:153} INFO - Started process (PID=699) to work on /home/airflow/.local/lib/python3.7/site-packages/airflow/example_dags/example_task_group.py
[2022-06-19 17:30:48,785] {processor.py:641} INFO - Processing file /home/airflow/.local/lib/python3.7/site-packages/airflow/example_dags/example_task_group.py for tasks to queue
[2022-06-19 17:30:48,788] {logging_mixin.py:115} INFO - [2022-06-19 17:30:48,788] {dagbag.py:507} INFO - Filling up the DagBag from /home/airflow/.local/lib/python3.7/site-packages/airflow/example_dags/example_task_group.py
[2022-06-19 17:30:48,823] {processor.py:651} INFO - DAG(s) dict_keys(['example_task_group']) retrieved from /home/airflow/.local/lib/python3.7/site-packages/airflow/example_dags/example_task_group.py
[2022-06-19 17:30:48,926] {logging_mixin.py:115} INFO - [2022-06-19 17:30:48,925] {dag.py:2379} INFO - Sync 1 DAGs
[2022-06-19 17:30:49,007] {logging_mixin.py:115} INFO - [2022-06-19 17:30:49,007] {dag.py:2931} INFO - Setting next_dagrun for example_task_group to 2022-06-18T17:30:49.006490+00:00, run_after=2022-06-19T17:30:49.006490+00:00
[2022-06-19 17:30:49,058] {processor.py:161} INFO - Processing /home/airflow/.local/lib/python3.7/site-packages/airflow/example_dags/example_task_group.py took 0.288 seconds
[2022-06-19 17:31:19,104] {processor.py:153} INFO - Started process (PID=754) to work on /home/airflow/.local/lib/python3.7/site-packages/airflow/example_dags/example_task_group.py
[2022-06-19 17:31:19,105] {processor.py:641} INFO - Processing file /home/airflow/.local/lib/python3.7/site-packages/airflow/example_dags/example_task_group.py for tasks to queue
[2022-06-19 17:31:19,106] {logging_mixin.py:115} INFO - [2022-06-19 17:31:19,106] {dagbag.py:507} INFO - Filling up the DagBag from /home/airflow/.local/lib/python3.7/site-packages/airflow/example_dags/example_task_group.py
[2022-06-19 17:31:19,119] {processor.py:651} INFO - DAG(s) dict_keys(['example_task_group']) retrieved from /home/airflow/.local/lib/python3.7/site-packages/airflow/example_dags/example_task_group.py
[2022-06-19 17:31:19,161] {logging_mixin.py:115} INFO - [2022-06-19 17:31:19,161] {dag.py:2379} INFO - Sync 1 DAGs
[2022-06-19 17:31:19,191] {logging_mixin.py:115} INFO - [2022-06-19 17:31:19,190] {dag.py:2931} INFO - Setting next_dagrun for example_task_group to 2022-06-18T17:31:19.190300+00:00, run_after=2022-06-19T17:31:19.190300+00:00
[2022-06-19 17:31:19,207] {processor.py:161} INFO - Processing /home/airflow/.local/lib/python3.7/site-packages/airflow/example_dags/example_task_group.py took 0.107 seconds
[2022-06-19 17:31:49,797] {processor.py:153} INFO - Started process (PID=818) to work on /home/airflow/.local/lib/python3.7/site-packages/airflow/example_dags/example_task_group.py
[2022-06-19 17:31:49,798] {processor.py:641} INFO - Processing file /home/airflow/.local/lib/python3.7/site-packages/airflow/example_dags/example_task_group.py for tasks to queue
[2022-06-19 17:31:49,799] {logging_mixin.py:115} INFO - [2022-06-19 17:31:49,798] {dagbag.py:507} INFO - Filling up the DagBag from /home/airflow/.local/lib/python3.7/site-packages/airflow/example_dags/example_task_group.py
[2022-06-19 17:31:49,817] {processor.py:651} INFO - DAG(s) dict_keys(['example_task_group']) retrieved from /home/airflow/.local/lib/python3.7/site-packages/airflow/example_dags/example_task_group.py
[2022-06-19 17:31:49,884] {logging_mixin.py:115} INFO - [2022-06-19 17:31:49,884] {dag.py:2379} INFO - Sync 1 DAGs
[2022-06-19 17:31:49,927] {logging_mixin.py:115} INFO - [2022-06-19 17:31:49,926] {dag.py:2931} INFO - Setting next_dagrun for example_task_group to 2022-06-18T17:31:49.925629+00:00, run_after=2022-06-19T17:31:49.925629+00:00
[2022-06-19 17:31:49,950] {processor.py:161} INFO - Processing /home/airflow/.local/lib/python3.7/site-packages/airflow/example_dags/example_task_group.py took 0.161 seconds
[2022-06-19 17:32:20,810] {processor.py:153} INFO - Started process (PID=873) to work on /home/airflow/.local/lib/python3.7/site-packages/airflow/example_dags/example_task_group.py
[2022-06-19 17:32:20,811] {processor.py:641} INFO - Processing file /home/airflow/.local/lib/python3.7/site-packages/airflow/example_dags/example_task_group.py for tasks to queue
[2022-06-19 17:32:20,812] {logging_mixin.py:115} INFO - [2022-06-19 17:32:20,812] {dagbag.py:507} INFO - Filling up the DagBag from /home/airflow/.local/lib/python3.7/site-packages/airflow/example_dags/example_task_group.py
[2022-06-19 17:32:20,818] {processor.py:651} INFO - DAG(s) dict_keys(['example_task_group']) retrieved from /home/airflow/.local/lib/python3.7/site-packages/airflow/example_dags/example_task_group.py
[2022-06-19 17:32:20,843] {logging_mixin.py:115} INFO - [2022-06-19 17:32:20,843] {dag.py:2379} INFO - Sync 1 DAGs
[2022-06-19 17:32:20,859] {logging_mixin.py:115} INFO - [2022-06-19 17:32:20,859] {dag.py:2931} INFO - Setting next_dagrun for example_task_group to 2022-06-18T17:32:20.859067+00:00, run_after=2022-06-19T17:32:20.859067+00:00
[2022-06-19 17:32:20,873] {processor.py:161} INFO - Processing /home/airflow/.local/lib/python3.7/site-packages/airflow/example_dags/example_task_group.py took 0.065 seconds
[2022-06-19 17:32:51,557] {processor.py:153} INFO - Started process (PID=937) to work on /home/airflow/.local/lib/python3.7/site-packages/airflow/example_dags/example_task_group.py
[2022-06-19 17:32:51,557] {processor.py:641} INFO - Processing file /home/airflow/.local/lib/python3.7/site-packages/airflow/example_dags/example_task_group.py for tasks to queue
[2022-06-19 17:32:51,558] {logging_mixin.py:115} INFO - [2022-06-19 17:32:51,558] {dagbag.py:507} INFO - Filling up the DagBag from /home/airflow/.local/lib/python3.7/site-packages/airflow/example_dags/example_task_group.py
[2022-06-19 17:32:51,567] {processor.py:651} INFO - DAG(s) dict_keys(['example_task_group']) retrieved from /home/airflow/.local/lib/python3.7/site-packages/airflow/example_dags/example_task_group.py
[2022-06-19 17:32:51,619] {logging_mixin.py:115} INFO - [2022-06-19 17:32:51,619] {dag.py:2379} INFO - Sync 1 DAGs
[2022-06-19 17:32:51,642] {logging_mixin.py:115} INFO - [2022-06-19 17:32:51,642] {dag.py:2931} INFO - Setting next_dagrun for example_task_group to 2022-06-18T17:32:51.642184+00:00, run_after=2022-06-19T17:32:51.642184+00:00
[2022-06-19 17:32:51,668] {processor.py:161} INFO - Processing /home/airflow/.local/lib/python3.7/site-packages/airflow/example_dags/example_task_group.py took 0.114 seconds
[2022-06-19 17:33:22,481] {processor.py:153} INFO - Started process (PID=1002) to work on /home/airflow/.local/lib/python3.7/site-packages/airflow/example_dags/example_task_group.py
[2022-06-19 17:33:22,482] {processor.py:641} INFO - Processing file /home/airflow/.local/lib/python3.7/site-packages/airflow/example_dags/example_task_group.py for tasks to queue
[2022-06-19 17:33:22,483] {logging_mixin.py:115} INFO - [2022-06-19 17:33:22,483] {dagbag.py:507} INFO - Filling up the DagBag from /home/airflow/.local/lib/python3.7/site-packages/airflow/example_dags/example_task_group.py
[2022-06-19 17:33:22,489] {processor.py:651} INFO - DAG(s) dict_keys(['example_task_group']) retrieved from /home/airflow/.local/lib/python3.7/site-packages/airflow/example_dags/example_task_group.py
[2022-06-19 17:33:22,512] {logging_mixin.py:115} INFO - [2022-06-19 17:33:22,512] {dag.py:2379} INFO - Sync 1 DAGs
[2022-06-19 17:33:22,526] {logging_mixin.py:115} INFO - [2022-06-19 17:33:22,526] {dag.py:2931} INFO - Setting next_dagrun for example_task_group to 2022-06-18T17:33:22.526330+00:00, run_after=2022-06-19T17:33:22.526330+00:00
[2022-06-19 17:33:22,546] {processor.py:161} INFO - Processing /home/airflow/.local/lib/python3.7/site-packages/airflow/example_dags/example_task_group.py took 0.068 seconds
[2022-06-19 17:33:53,284] {processor.py:153} INFO - Started process (PID=1057) to work on /home/airflow/.local/lib/python3.7/site-packages/airflow/example_dags/example_task_group.py
[2022-06-19 17:33:53,286] {processor.py:641} INFO - Processing file /home/airflow/.local/lib/python3.7/site-packages/airflow/example_dags/example_task_group.py for tasks to queue
[2022-06-19 17:33:53,287] {logging_mixin.py:115} INFO - [2022-06-19 17:33:53,287] {dagbag.py:507} INFO - Filling up the DagBag from /home/airflow/.local/lib/python3.7/site-packages/airflow/example_dags/example_task_group.py
[2022-06-19 17:33:53,296] {processor.py:651} INFO - DAG(s) dict_keys(['example_task_group']) retrieved from /home/airflow/.local/lib/python3.7/site-packages/airflow/example_dags/example_task_group.py
[2022-06-19 17:33:53,330] {logging_mixin.py:115} INFO - [2022-06-19 17:33:53,330] {dag.py:2379} INFO - Sync 1 DAGs
[2022-06-19 17:33:53,358] {logging_mixin.py:115} INFO - [2022-06-19 17:33:53,358] {dag.py:2931} INFO - Setting next_dagrun for example_task_group to 2022-06-18T17:33:53.358290+00:00, run_after=2022-06-19T17:33:53.358290+00:00
[2022-06-19 17:33:53,377] {processor.py:161} INFO - Processing /home/airflow/.local/lib/python3.7/site-packages/airflow/example_dags/example_task_group.py took 0.096 seconds
[2022-06-19 17:34:24,173] {processor.py:153} INFO - Started process (PID=1122) to work on /home/airflow/.local/lib/python3.7/site-packages/airflow/example_dags/example_task_group.py
[2022-06-19 17:34:24,174] {processor.py:641} INFO - Processing file /home/airflow/.local/lib/python3.7/site-packages/airflow/example_dags/example_task_group.py for tasks to queue
[2022-06-19 17:34:24,174] {logging_mixin.py:115} INFO - [2022-06-19 17:34:24,174] {dagbag.py:507} INFO - Filling up the DagBag from /home/airflow/.local/lib/python3.7/site-packages/airflow/example_dags/example_task_group.py
[2022-06-19 17:34:24,180] {processor.py:651} INFO - DAG(s) dict_keys(['example_task_group']) retrieved from /home/airflow/.local/lib/python3.7/site-packages/airflow/example_dags/example_task_group.py
[2022-06-19 17:34:24,202] {logging_mixin.py:115} INFO - [2022-06-19 17:34:24,202] {dag.py:2379} INFO - Sync 1 DAGs
[2022-06-19 17:34:24,215] {logging_mixin.py:115} INFO - [2022-06-19 17:34:24,215] {dag.py:2931} INFO - Setting next_dagrun for example_task_group to 2022-06-18T17:34:24.215542+00:00, run_after=2022-06-19T17:34:24.215542+00:00
[2022-06-19 17:34:24,228] {processor.py:161} INFO - Processing /home/airflow/.local/lib/python3.7/site-packages/airflow/example_dags/example_task_group.py took 0.058 seconds
[2022-06-19 17:34:54,931] {processor.py:153} INFO - Started process (PID=1186) to work on /home/airflow/.local/lib/python3.7/site-packages/airflow/example_dags/example_task_group.py
[2022-06-19 17:34:54,931] {processor.py:641} INFO - Processing file /home/airflow/.local/lib/python3.7/site-packages/airflow/example_dags/example_task_group.py for tasks to queue
[2022-06-19 17:34:54,932] {logging_mixin.py:115} INFO - [2022-06-19 17:34:54,932] {dagbag.py:507} INFO - Filling up the DagBag from /home/airflow/.local/lib/python3.7/site-packages/airflow/example_dags/example_task_group.py
[2022-06-19 17:34:54,938] {processor.py:651} INFO - DAG(s) dict_keys(['example_task_group']) retrieved from /home/airflow/.local/lib/python3.7/site-packages/airflow/example_dags/example_task_group.py
[2022-06-19 17:34:54,958] {logging_mixin.py:115} INFO - [2022-06-19 17:34:54,958] {dag.py:2379} INFO - Sync 1 DAGs
[2022-06-19 17:34:54,973] {logging_mixin.py:115} INFO - [2022-06-19 17:34:54,973] {dag.py:2931} INFO - Setting next_dagrun for example_task_group to 2022-06-18T17:34:54.973102+00:00, run_after=2022-06-19T17:34:54.973102+00:00
[2022-06-19 17:34:54,986] {processor.py:161} INFO - Processing /home/airflow/.local/lib/python3.7/site-packages/airflow/example_dags/example_task_group.py took 0.058 seconds
[2022-06-19 17:35:25,720] {processor.py:153} INFO - Started process (PID=1250) to work on /home/airflow/.local/lib/python3.7/site-packages/airflow/example_dags/example_task_group.py
[2022-06-19 17:35:25,721] {processor.py:641} INFO - Processing file /home/airflow/.local/lib/python3.7/site-packages/airflow/example_dags/example_task_group.py for tasks to queue
[2022-06-19 17:35:25,722] {logging_mixin.py:115} INFO - [2022-06-19 17:35:25,722] {dagbag.py:507} INFO - Filling up the DagBag from /home/airflow/.local/lib/python3.7/site-packages/airflow/example_dags/example_task_group.py
[2022-06-19 17:35:25,728] {processor.py:651} INFO - DAG(s) dict_keys(['example_task_group']) retrieved from /home/airflow/.local/lib/python3.7/site-packages/airflow/example_dags/example_task_group.py
[2022-06-19 17:35:25,748] {logging_mixin.py:115} INFO - [2022-06-19 17:35:25,748] {dag.py:2379} INFO - Sync 1 DAGs
[2022-06-19 17:35:25,761] {logging_mixin.py:115} INFO - [2022-06-19 17:35:25,761] {dag.py:2931} INFO - Setting next_dagrun for example_task_group to 2022-06-18T17:35:25.761269+00:00, run_after=2022-06-19T17:35:25.761269+00:00
[2022-06-19 17:35:25,773] {processor.py:161} INFO - Processing /home/airflow/.local/lib/python3.7/site-packages/airflow/example_dags/example_task_group.py took 0.055 seconds
[2022-06-19 17:35:56,391] {processor.py:153} INFO - Started process (PID=1305) to work on /home/airflow/.local/lib/python3.7/site-packages/airflow/example_dags/example_task_group.py
[2022-06-19 17:35:56,392] {processor.py:641} INFO - Processing file /home/airflow/.local/lib/python3.7/site-packages/airflow/example_dags/example_task_group.py for tasks to queue
[2022-06-19 17:35:56,392] {logging_mixin.py:115} INFO - [2022-06-19 17:35:56,392] {dagbag.py:507} INFO - Filling up the DagBag from /home/airflow/.local/lib/python3.7/site-packages/airflow/example_dags/example_task_group.py
[2022-06-19 17:35:56,399] {processor.py:651} INFO - DAG(s) dict_keys(['example_task_group']) retrieved from /home/airflow/.local/lib/python3.7/site-packages/airflow/example_dags/example_task_group.py
[2022-06-19 17:35:56,425] {logging_mixin.py:115} INFO - [2022-06-19 17:35:56,425] {dag.py:2379} INFO - Sync 1 DAGs
[2022-06-19 17:35:56,439] {logging_mixin.py:115} INFO - [2022-06-19 17:35:56,439] {dag.py:2931} INFO - Setting next_dagrun for example_task_group to 2022-06-18T17:35:56.439095+00:00, run_after=2022-06-19T17:35:56.439095+00:00
[2022-06-19 17:35:56,451] {processor.py:161} INFO - Processing /home/airflow/.local/lib/python3.7/site-packages/airflow/example_dags/example_task_group.py took 0.063 seconds
[2022-06-19 17:36:27,117] {processor.py:153} INFO - Started process (PID=1369) to work on /home/airflow/.local/lib/python3.7/site-packages/airflow/example_dags/example_task_group.py
[2022-06-19 17:36:27,117] {processor.py:641} INFO - Processing file /home/airflow/.local/lib/python3.7/site-packages/airflow/example_dags/example_task_group.py for tasks to queue
[2022-06-19 17:36:27,118] {logging_mixin.py:115} INFO - [2022-06-19 17:36:27,118] {dagbag.py:507} INFO - Filling up the DagBag from /home/airflow/.local/lib/python3.7/site-packages/airflow/example_dags/example_task_group.py
[2022-06-19 17:36:27,123] {processor.py:651} INFO - DAG(s) dict_keys(['example_task_group']) retrieved from /home/airflow/.local/lib/python3.7/site-packages/airflow/example_dags/example_task_group.py
[2022-06-19 17:36:27,144] {logging_mixin.py:115} INFO - [2022-06-19 17:36:27,143] {dag.py:2379} INFO - Sync 1 DAGs
[2022-06-19 17:36:27,157] {logging_mixin.py:115} INFO - [2022-06-19 17:36:27,157] {dag.py:2931} INFO - Setting next_dagrun for example_task_group to 2022-06-18T17:36:27.156946+00:00, run_after=2022-06-19T17:36:27.156946+00:00
[2022-06-19 17:36:27,169] {processor.py:161} INFO - Processing /home/airflow/.local/lib/python3.7/site-packages/airflow/example_dags/example_task_group.py took 0.055 seconds
[2022-06-19 17:36:57,599] {processor.py:153} INFO - Started process (PID=1433) to work on /home/airflow/.local/lib/python3.7/site-packages/airflow/example_dags/example_task_group.py
[2022-06-19 17:36:57,599] {processor.py:641} INFO - Processing file /home/airflow/.local/lib/python3.7/site-packages/airflow/example_dags/example_task_group.py for tasks to queue
[2022-06-19 17:36:57,600] {logging_mixin.py:115} INFO - [2022-06-19 17:36:57,600] {dagbag.py:507} INFO - Filling up the DagBag from /home/airflow/.local/lib/python3.7/site-packages/airflow/example_dags/example_task_group.py
[2022-06-19 17:36:57,605] {processor.py:651} INFO - DAG(s) dict_keys(['example_task_group']) retrieved from /home/airflow/.local/lib/python3.7/site-packages/airflow/example_dags/example_task_group.py
[2022-06-19 17:36:57,625] {logging_mixin.py:115} INFO - [2022-06-19 17:36:57,625] {dag.py:2379} INFO - Sync 1 DAGs
[2022-06-19 17:36:57,639] {logging_mixin.py:115} INFO - [2022-06-19 17:36:57,639] {dag.py:2931} INFO - Setting next_dagrun for example_task_group to 2022-06-18T17:36:57.638811+00:00, run_after=2022-06-19T17:36:57.638811+00:00
[2022-06-19 17:36:57,651] {processor.py:161} INFO - Processing /home/airflow/.local/lib/python3.7/site-packages/airflow/example_dags/example_task_group.py took 0.055 seconds
[2022-06-19 17:37:27,714] {processor.py:153} INFO - Started process (PID=1497) to work on /home/airflow/.local/lib/python3.7/site-packages/airflow/example_dags/example_task_group.py
[2022-06-19 17:37:27,714] {processor.py:641} INFO - Processing file /home/airflow/.local/lib/python3.7/site-packages/airflow/example_dags/example_task_group.py for tasks to queue
[2022-06-19 17:37:27,715] {logging_mixin.py:115} INFO - [2022-06-19 17:37:27,715] {dagbag.py:507} INFO - Filling up the DagBag from /home/airflow/.local/lib/python3.7/site-packages/airflow/example_dags/example_task_group.py
[2022-06-19 17:37:27,721] {processor.py:651} INFO - DAG(s) dict_keys(['example_task_group']) retrieved from /home/airflow/.local/lib/python3.7/site-packages/airflow/example_dags/example_task_group.py
[2022-06-19 17:37:27,743] {logging_mixin.py:115} INFO - [2022-06-19 17:37:27,743] {dag.py:2379} INFO - Sync 1 DAGs
[2022-06-19 17:37:27,759] {logging_mixin.py:115} INFO - [2022-06-19 17:37:27,759] {dag.py:2931} INFO - Setting next_dagrun for example_task_group to 2022-06-18T17:37:27.758834+00:00, run_after=2022-06-19T17:37:27.758834+00:00
[2022-06-19 17:37:27,770] {processor.py:161} INFO - Processing /home/airflow/.local/lib/python3.7/site-packages/airflow/example_dags/example_task_group.py took 0.060 seconds
