[2022-06-19 17:28:14,401] {processor.py:153} INFO - Started process (PID=400) to work on /home/airflow/.local/lib/python3.7/site-packages/airflow/example_dags/example_short_circuit_operator.py
[2022-06-19 17:28:14,403] {processor.py:641} INFO - Processing file /home/airflow/.local/lib/python3.7/site-packages/airflow/example_dags/example_short_circuit_operator.py for tasks to queue
[2022-06-19 17:28:14,404] {logging_mixin.py:115} INFO - [2022-06-19 17:28:14,403] {dagbag.py:507} INFO - Filling up the DagBag from /home/airflow/.local/lib/python3.7/site-packages/airflow/example_dags/example_short_circuit_operator.py
[2022-06-19 17:28:14,427] {processor.py:651} INFO - DAG(s) dict_keys(['example_short_circuit_operator']) retrieved from /home/airflow/.local/lib/python3.7/site-packages/airflow/example_dags/example_short_circuit_operator.py
[2022-06-19 17:28:14,518] {logging_mixin.py:115} INFO - [2022-06-19 17:28:14,517] {dag.py:2379} INFO - Sync 1 DAGs
[2022-06-19 17:28:14,586] {logging_mixin.py:115} INFO - [2022-06-19 17:28:14,586] {dag.py:2931} INFO - Setting next_dagrun for example_short_circuit_operator to 2022-06-18T17:28:14.579557+00:00, run_after=2022-06-19T17:28:14.579557+00:00
[2022-06-19 17:28:14,636] {processor.py:161} INFO - Processing /home/airflow/.local/lib/python3.7/site-packages/airflow/example_dags/example_short_circuit_operator.py took 0.239 seconds
[2022-06-19 17:28:45,419] {processor.py:153} INFO - Started process (PID=456) to work on /home/airflow/.local/lib/python3.7/site-packages/airflow/example_dags/example_short_circuit_operator.py
[2022-06-19 17:28:45,421] {processor.py:641} INFO - Processing file /home/airflow/.local/lib/python3.7/site-packages/airflow/example_dags/example_short_circuit_operator.py for tasks to queue
[2022-06-19 17:28:45,422] {logging_mixin.py:115} INFO - [2022-06-19 17:28:45,422] {dagbag.py:507} INFO - Filling up the DagBag from /home/airflow/.local/lib/python3.7/site-packages/airflow/example_dags/example_short_circuit_operator.py
[2022-06-19 17:28:45,442] {processor.py:651} INFO - DAG(s) dict_keys(['example_short_circuit_operator']) retrieved from /home/airflow/.local/lib/python3.7/site-packages/airflow/example_dags/example_short_circuit_operator.py
[2022-06-19 17:28:45,507] {logging_mixin.py:115} INFO - [2022-06-19 17:28:45,507] {dag.py:2379} INFO - Sync 1 DAGs
[2022-06-19 17:28:45,554] {logging_mixin.py:115} INFO - [2022-06-19 17:28:45,554] {dag.py:2931} INFO - Setting next_dagrun for example_short_circuit_operator to 2022-06-18T17:28:45.553685+00:00, run_after=2022-06-19T17:28:45.553685+00:00
[2022-06-19 17:28:45,577] {processor.py:161} INFO - Processing /home/airflow/.local/lib/python3.7/site-packages/airflow/example_dags/example_short_circuit_operator.py took 0.162 seconds
[2022-06-19 17:29:16,471] {processor.py:153} INFO - Started process (PID=511) to work on /home/airflow/.local/lib/python3.7/site-packages/airflow/example_dags/example_short_circuit_operator.py
[2022-06-19 17:29:16,474] {processor.py:641} INFO - Processing file /home/airflow/.local/lib/python3.7/site-packages/airflow/example_dags/example_short_circuit_operator.py for tasks to queue
[2022-06-19 17:29:16,476] {logging_mixin.py:115} INFO - [2022-06-19 17:29:16,476] {dagbag.py:507} INFO - Filling up the DagBag from /home/airflow/.local/lib/python3.7/site-packages/airflow/example_dags/example_short_circuit_operator.py
[2022-06-19 17:29:16,496] {processor.py:651} INFO - DAG(s) dict_keys(['example_short_circuit_operator']) retrieved from /home/airflow/.local/lib/python3.7/site-packages/airflow/example_dags/example_short_circuit_operator.py
[2022-06-19 17:29:16,543] {logging_mixin.py:115} INFO - [2022-06-19 17:29:16,542] {dag.py:2379} INFO - Sync 1 DAGs
[2022-06-19 17:29:16,572] {logging_mixin.py:115} INFO - [2022-06-19 17:29:16,572] {dag.py:2931} INFO - Setting next_dagrun for example_short_circuit_operator to 2022-06-18T17:29:16.571974+00:00, run_after=2022-06-19T17:29:16.571974+00:00
[2022-06-19 17:29:16,617] {processor.py:161} INFO - Processing /home/airflow/.local/lib/python3.7/site-packages/airflow/example_dags/example_short_circuit_operator.py took 0.150 seconds
[2022-06-19 17:29:47,139] {processor.py:153} INFO - Started process (PID=575) to work on /home/airflow/.local/lib/python3.7/site-packages/airflow/example_dags/example_short_circuit_operator.py
[2022-06-19 17:29:47,140] {processor.py:641} INFO - Processing file /home/airflow/.local/lib/python3.7/site-packages/airflow/example_dags/example_short_circuit_operator.py for tasks to queue
[2022-06-19 17:29:47,141] {logging_mixin.py:115} INFO - [2022-06-19 17:29:47,141] {dagbag.py:507} INFO - Filling up the DagBag from /home/airflow/.local/lib/python3.7/site-packages/airflow/example_dags/example_short_circuit_operator.py
[2022-06-19 17:29:47,153] {processor.py:651} INFO - DAG(s) dict_keys(['example_short_circuit_operator']) retrieved from /home/airflow/.local/lib/python3.7/site-packages/airflow/example_dags/example_short_circuit_operator.py
[2022-06-19 17:29:47,176] {logging_mixin.py:115} INFO - [2022-06-19 17:29:47,176] {dag.py:2379} INFO - Sync 1 DAGs
[2022-06-19 17:29:47,192] {logging_mixin.py:115} INFO - [2022-06-19 17:29:47,192] {dag.py:2931} INFO - Setting next_dagrun for example_short_circuit_operator to 2022-06-18T17:29:47.192304+00:00, run_after=2022-06-19T17:29:47.192304+00:00
[2022-06-19 17:29:47,204] {processor.py:161} INFO - Processing /home/airflow/.local/lib/python3.7/site-packages/airflow/example_dags/example_short_circuit_operator.py took 0.069 seconds
[2022-06-19 17:30:17,399] {processor.py:153} INFO - Started process (PID=630) to work on /home/airflow/.local/lib/python3.7/site-packages/airflow/example_dags/example_short_circuit_operator.py
[2022-06-19 17:30:17,400] {processor.py:641} INFO - Processing file /home/airflow/.local/lib/python3.7/site-packages/airflow/example_dags/example_short_circuit_operator.py for tasks to queue
[2022-06-19 17:30:17,400] {logging_mixin.py:115} INFO - [2022-06-19 17:30:17,400] {dagbag.py:507} INFO - Filling up the DagBag from /home/airflow/.local/lib/python3.7/site-packages/airflow/example_dags/example_short_circuit_operator.py
[2022-06-19 17:30:17,409] {processor.py:651} INFO - DAG(s) dict_keys(['example_short_circuit_operator']) retrieved from /home/airflow/.local/lib/python3.7/site-packages/airflow/example_dags/example_short_circuit_operator.py
[2022-06-19 17:30:17,435] {logging_mixin.py:115} INFO - [2022-06-19 17:30:17,435] {dag.py:2379} INFO - Sync 1 DAGs
[2022-06-19 17:30:17,451] {logging_mixin.py:115} INFO - [2022-06-19 17:30:17,451] {dag.py:2931} INFO - Setting next_dagrun for example_short_circuit_operator to 2022-06-18T17:30:17.451497+00:00, run_after=2022-06-19T17:30:17.451497+00:00
[2022-06-19 17:30:17,467] {processor.py:161} INFO - Processing /home/airflow/.local/lib/python3.7/site-packages/airflow/example_dags/example_short_circuit_operator.py took 0.071 seconds
[2022-06-19 17:30:48,274] {processor.py:153} INFO - Started process (PID=694) to work on /home/airflow/.local/lib/python3.7/site-packages/airflow/example_dags/example_short_circuit_operator.py
[2022-06-19 17:30:48,280] {processor.py:641} INFO - Processing file /home/airflow/.local/lib/python3.7/site-packages/airflow/example_dags/example_short_circuit_operator.py for tasks to queue
[2022-06-19 17:30:48,281] {logging_mixin.py:115} INFO - [2022-06-19 17:30:48,281] {dagbag.py:507} INFO - Filling up the DagBag from /home/airflow/.local/lib/python3.7/site-packages/airflow/example_dags/example_short_circuit_operator.py
[2022-06-19 17:30:48,296] {processor.py:651} INFO - DAG(s) dict_keys(['example_short_circuit_operator']) retrieved from /home/airflow/.local/lib/python3.7/site-packages/airflow/example_dags/example_short_circuit_operator.py
[2022-06-19 17:30:48,345] {logging_mixin.py:115} INFO - [2022-06-19 17:30:48,345] {dag.py:2379} INFO - Sync 1 DAGs
[2022-06-19 17:30:48,382] {logging_mixin.py:115} INFO - [2022-06-19 17:30:48,382] {dag.py:2931} INFO - Setting next_dagrun for example_short_circuit_operator to 2022-06-18T17:30:48.381695+00:00, run_after=2022-06-19T17:30:48.381695+00:00
[2022-06-19 17:30:48,406] {processor.py:161} INFO - Processing /home/airflow/.local/lib/python3.7/site-packages/airflow/example_dags/example_short_circuit_operator.py took 0.135 seconds
[2022-06-19 17:31:18,709] {processor.py:153} INFO - Started process (PID=749) to work on /home/airflow/.local/lib/python3.7/site-packages/airflow/example_dags/example_short_circuit_operator.py
[2022-06-19 17:31:18,710] {processor.py:641} INFO - Processing file /home/airflow/.local/lib/python3.7/site-packages/airflow/example_dags/example_short_circuit_operator.py for tasks to queue
[2022-06-19 17:31:18,711] {logging_mixin.py:115} INFO - [2022-06-19 17:31:18,711] {dagbag.py:507} INFO - Filling up the DagBag from /home/airflow/.local/lib/python3.7/site-packages/airflow/example_dags/example_short_circuit_operator.py
[2022-06-19 17:31:18,728] {processor.py:651} INFO - DAG(s) dict_keys(['example_short_circuit_operator']) retrieved from /home/airflow/.local/lib/python3.7/site-packages/airflow/example_dags/example_short_circuit_operator.py
[2022-06-19 17:31:18,772] {logging_mixin.py:115} INFO - [2022-06-19 17:31:18,772] {dag.py:2379} INFO - Sync 1 DAGs
[2022-06-19 17:31:18,802] {logging_mixin.py:115} INFO - [2022-06-19 17:31:18,801] {dag.py:2931} INFO - Setting next_dagrun for example_short_circuit_operator to 2022-06-18T17:31:18.801578+00:00, run_after=2022-06-19T17:31:18.801578+00:00
[2022-06-19 17:31:18,820] {processor.py:161} INFO - Processing /home/airflow/.local/lib/python3.7/site-packages/airflow/example_dags/example_short_circuit_operator.py took 0.116 seconds
[2022-06-19 17:31:48,998] {processor.py:153} INFO - Started process (PID=813) to work on /home/airflow/.local/lib/python3.7/site-packages/airflow/example_dags/example_short_circuit_operator.py
[2022-06-19 17:31:48,999] {processor.py:641} INFO - Processing file /home/airflow/.local/lib/python3.7/site-packages/airflow/example_dags/example_short_circuit_operator.py for tasks to queue
[2022-06-19 17:31:49,000] {logging_mixin.py:115} INFO - [2022-06-19 17:31:49,000] {dagbag.py:507} INFO - Filling up the DagBag from /home/airflow/.local/lib/python3.7/site-packages/airflow/example_dags/example_short_circuit_operator.py
[2022-06-19 17:31:49,033] {processor.py:651} INFO - DAG(s) dict_keys(['example_short_circuit_operator']) retrieved from /home/airflow/.local/lib/python3.7/site-packages/airflow/example_dags/example_short_circuit_operator.py
[2022-06-19 17:31:49,114] {logging_mixin.py:115} INFO - [2022-06-19 17:31:49,114] {dag.py:2379} INFO - Sync 1 DAGs
[2022-06-19 17:31:49,180] {logging_mixin.py:115} INFO - [2022-06-19 17:31:49,179] {dag.py:2931} INFO - Setting next_dagrun for example_short_circuit_operator to 2022-06-18T17:31:49.179296+00:00, run_after=2022-06-19T17:31:49.179296+00:00
[2022-06-19 17:31:49,231] {processor.py:161} INFO - Processing /home/airflow/.local/lib/python3.7/site-packages/airflow/example_dags/example_short_circuit_operator.py took 0.237 seconds
[2022-06-19 17:32:19,604] {processor.py:153} INFO - Started process (PID=868) to work on /home/airflow/.local/lib/python3.7/site-packages/airflow/example_dags/example_short_circuit_operator.py
[2022-06-19 17:32:19,605] {processor.py:641} INFO - Processing file /home/airflow/.local/lib/python3.7/site-packages/airflow/example_dags/example_short_circuit_operator.py for tasks to queue
[2022-06-19 17:32:19,605] {logging_mixin.py:115} INFO - [2022-06-19 17:32:19,605] {dagbag.py:507} INFO - Filling up the DagBag from /home/airflow/.local/lib/python3.7/site-packages/airflow/example_dags/example_short_circuit_operator.py
[2022-06-19 17:32:19,613] {processor.py:651} INFO - DAG(s) dict_keys(['example_short_circuit_operator']) retrieved from /home/airflow/.local/lib/python3.7/site-packages/airflow/example_dags/example_short_circuit_operator.py
[2022-06-19 17:32:19,637] {logging_mixin.py:115} INFO - [2022-06-19 17:32:19,637] {dag.py:2379} INFO - Sync 1 DAGs
[2022-06-19 17:32:19,653] {logging_mixin.py:115} INFO - [2022-06-19 17:32:19,653] {dag.py:2931} INFO - Setting next_dagrun for example_short_circuit_operator to 2022-06-18T17:32:19.653427+00:00, run_after=2022-06-19T17:32:19.653427+00:00
[2022-06-19 17:32:19,669] {processor.py:161} INFO - Processing /home/airflow/.local/lib/python3.7/site-packages/airflow/example_dags/example_short_circuit_operator.py took 0.068 seconds
[2022-06-19 17:32:50,338] {processor.py:153} INFO - Started process (PID=932) to work on /home/airflow/.local/lib/python3.7/site-packages/airflow/example_dags/example_short_circuit_operator.py
[2022-06-19 17:32:50,339] {processor.py:641} INFO - Processing file /home/airflow/.local/lib/python3.7/site-packages/airflow/example_dags/example_short_circuit_operator.py for tasks to queue
[2022-06-19 17:32:50,340] {logging_mixin.py:115} INFO - [2022-06-19 17:32:50,339] {dagbag.py:507} INFO - Filling up the DagBag from /home/airflow/.local/lib/python3.7/site-packages/airflow/example_dags/example_short_circuit_operator.py
[2022-06-19 17:32:50,349] {processor.py:651} INFO - DAG(s) dict_keys(['example_short_circuit_operator']) retrieved from /home/airflow/.local/lib/python3.7/site-packages/airflow/example_dags/example_short_circuit_operator.py
[2022-06-19 17:32:50,372] {logging_mixin.py:115} INFO - [2022-06-19 17:32:50,372] {dag.py:2379} INFO - Sync 1 DAGs
[2022-06-19 17:32:50,392] {logging_mixin.py:115} INFO - [2022-06-19 17:32:50,392] {dag.py:2931} INFO - Setting next_dagrun for example_short_circuit_operator to 2022-06-18T17:32:50.391832+00:00, run_after=2022-06-19T17:32:50.391832+00:00
[2022-06-19 17:32:50,407] {processor.py:161} INFO - Processing /home/airflow/.local/lib/python3.7/site-packages/airflow/example_dags/example_short_circuit_operator.py took 0.071 seconds
[2022-06-19 17:33:21,270] {processor.py:153} INFO - Started process (PID=997) to work on /home/airflow/.local/lib/python3.7/site-packages/airflow/example_dags/example_short_circuit_operator.py
[2022-06-19 17:33:21,271] {processor.py:641} INFO - Processing file /home/airflow/.local/lib/python3.7/site-packages/airflow/example_dags/example_short_circuit_operator.py for tasks to queue
[2022-06-19 17:33:21,272] {logging_mixin.py:115} INFO - [2022-06-19 17:33:21,272] {dagbag.py:507} INFO - Filling up the DagBag from /home/airflow/.local/lib/python3.7/site-packages/airflow/example_dags/example_short_circuit_operator.py
[2022-06-19 17:33:21,280] {processor.py:651} INFO - DAG(s) dict_keys(['example_short_circuit_operator']) retrieved from /home/airflow/.local/lib/python3.7/site-packages/airflow/example_dags/example_short_circuit_operator.py
[2022-06-19 17:33:21,301] {logging_mixin.py:115} INFO - [2022-06-19 17:33:21,301] {dag.py:2379} INFO - Sync 1 DAGs
[2022-06-19 17:33:21,315] {logging_mixin.py:115} INFO - [2022-06-19 17:33:21,315] {dag.py:2931} INFO - Setting next_dagrun for example_short_circuit_operator to 2022-06-18T17:33:21.314996+00:00, run_after=2022-06-19T17:33:21.314996+00:00
[2022-06-19 17:33:21,329] {processor.py:161} INFO - Processing /home/airflow/.local/lib/python3.7/site-packages/airflow/example_dags/example_short_circuit_operator.py took 0.061 seconds
[2022-06-19 17:33:52,078] {processor.py:153} INFO - Started process (PID=1052) to work on /home/airflow/.local/lib/python3.7/site-packages/airflow/example_dags/example_short_circuit_operator.py
[2022-06-19 17:33:52,078] {processor.py:641} INFO - Processing file /home/airflow/.local/lib/python3.7/site-packages/airflow/example_dags/example_short_circuit_operator.py for tasks to queue
[2022-06-19 17:33:52,079] {logging_mixin.py:115} INFO - [2022-06-19 17:33:52,079] {dagbag.py:507} INFO - Filling up the DagBag from /home/airflow/.local/lib/python3.7/site-packages/airflow/example_dags/example_short_circuit_operator.py
[2022-06-19 17:33:52,086] {processor.py:651} INFO - DAG(s) dict_keys(['example_short_circuit_operator']) retrieved from /home/airflow/.local/lib/python3.7/site-packages/airflow/example_dags/example_short_circuit_operator.py
[2022-06-19 17:33:52,107] {logging_mixin.py:115} INFO - [2022-06-19 17:33:52,107] {dag.py:2379} INFO - Sync 1 DAGs
[2022-06-19 17:33:52,119] {logging_mixin.py:115} INFO - [2022-06-19 17:33:52,119] {dag.py:2931} INFO - Setting next_dagrun for example_short_circuit_operator to 2022-06-18T17:33:52.119680+00:00, run_after=2022-06-19T17:33:52.119680+00:00
[2022-06-19 17:33:52,133] {processor.py:161} INFO - Processing /home/airflow/.local/lib/python3.7/site-packages/airflow/example_dags/example_short_circuit_operator.py took 0.057 seconds
[2022-06-19 17:34:22,965] {processor.py:153} INFO - Started process (PID=1117) to work on /home/airflow/.local/lib/python3.7/site-packages/airflow/example_dags/example_short_circuit_operator.py
[2022-06-19 17:34:22,965] {processor.py:641} INFO - Processing file /home/airflow/.local/lib/python3.7/site-packages/airflow/example_dags/example_short_circuit_operator.py for tasks to queue
[2022-06-19 17:34:22,966] {logging_mixin.py:115} INFO - [2022-06-19 17:34:22,966] {dagbag.py:507} INFO - Filling up the DagBag from /home/airflow/.local/lib/python3.7/site-packages/airflow/example_dags/example_short_circuit_operator.py
[2022-06-19 17:34:22,972] {processor.py:651} INFO - DAG(s) dict_keys(['example_short_circuit_operator']) retrieved from /home/airflow/.local/lib/python3.7/site-packages/airflow/example_dags/example_short_circuit_operator.py
[2022-06-19 17:34:22,995] {logging_mixin.py:115} INFO - [2022-06-19 17:34:22,995] {dag.py:2379} INFO - Sync 1 DAGs
[2022-06-19 17:34:23,008] {logging_mixin.py:115} INFO - [2022-06-19 17:34:23,008] {dag.py:2931} INFO - Setting next_dagrun for example_short_circuit_operator to 2022-06-18T17:34:23.008222+00:00, run_after=2022-06-19T17:34:23.008222+00:00
[2022-06-19 17:34:23,020] {processor.py:161} INFO - Processing /home/airflow/.local/lib/python3.7/site-packages/airflow/example_dags/example_short_circuit_operator.py took 0.058 seconds
[2022-06-19 17:34:53,751] {processor.py:153} INFO - Started process (PID=1181) to work on /home/airflow/.local/lib/python3.7/site-packages/airflow/example_dags/example_short_circuit_operator.py
[2022-06-19 17:34:53,752] {processor.py:641} INFO - Processing file /home/airflow/.local/lib/python3.7/site-packages/airflow/example_dags/example_short_circuit_operator.py for tasks to queue
[2022-06-19 17:34:53,752] {logging_mixin.py:115} INFO - [2022-06-19 17:34:53,752] {dagbag.py:507} INFO - Filling up the DagBag from /home/airflow/.local/lib/python3.7/site-packages/airflow/example_dags/example_short_circuit_operator.py
[2022-06-19 17:34:53,761] {processor.py:651} INFO - DAG(s) dict_keys(['example_short_circuit_operator']) retrieved from /home/airflow/.local/lib/python3.7/site-packages/airflow/example_dags/example_short_circuit_operator.py
[2022-06-19 17:34:53,783] {logging_mixin.py:115} INFO - [2022-06-19 17:34:53,783] {dag.py:2379} INFO - Sync 1 DAGs
[2022-06-19 17:34:53,800] {logging_mixin.py:115} INFO - [2022-06-19 17:34:53,800] {dag.py:2931} INFO - Setting next_dagrun for example_short_circuit_operator to 2022-06-18T17:34:53.800349+00:00, run_after=2022-06-19T17:34:53.800349+00:00
[2022-06-19 17:34:53,812] {processor.py:161} INFO - Processing /home/airflow/.local/lib/python3.7/site-packages/airflow/example_dags/example_short_circuit_operator.py took 0.064 seconds
[2022-06-19 17:35:24,482] {processor.py:153} INFO - Started process (PID=1245) to work on /home/airflow/.local/lib/python3.7/site-packages/airflow/example_dags/example_short_circuit_operator.py
[2022-06-19 17:35:24,483] {processor.py:641} INFO - Processing file /home/airflow/.local/lib/python3.7/site-packages/airflow/example_dags/example_short_circuit_operator.py for tasks to queue
[2022-06-19 17:35:24,483] {logging_mixin.py:115} INFO - [2022-06-19 17:35:24,483] {dagbag.py:507} INFO - Filling up the DagBag from /home/airflow/.local/lib/python3.7/site-packages/airflow/example_dags/example_short_circuit_operator.py
[2022-06-19 17:35:24,494] {processor.py:651} INFO - DAG(s) dict_keys(['example_short_circuit_operator']) retrieved from /home/airflow/.local/lib/python3.7/site-packages/airflow/example_dags/example_short_circuit_operator.py
[2022-06-19 17:35:24,521] {logging_mixin.py:115} INFO - [2022-06-19 17:35:24,520] {dag.py:2379} INFO - Sync 1 DAGs
[2022-06-19 17:35:24,541] {logging_mixin.py:115} INFO - [2022-06-19 17:35:24,540] {dag.py:2931} INFO - Setting next_dagrun for example_short_circuit_operator to 2022-06-18T17:35:24.540758+00:00, run_after=2022-06-19T17:35:24.540758+00:00
[2022-06-19 17:35:24,552] {processor.py:161} INFO - Processing /home/airflow/.local/lib/python3.7/site-packages/airflow/example_dags/example_short_circuit_operator.py took 0.073 seconds
[2022-06-19 17:35:55,202] {processor.py:153} INFO - Started process (PID=1300) to work on /home/airflow/.local/lib/python3.7/site-packages/airflow/example_dags/example_short_circuit_operator.py
[2022-06-19 17:35:55,203] {processor.py:641} INFO - Processing file /home/airflow/.local/lib/python3.7/site-packages/airflow/example_dags/example_short_circuit_operator.py for tasks to queue
[2022-06-19 17:35:55,204] {logging_mixin.py:115} INFO - [2022-06-19 17:35:55,204] {dagbag.py:507} INFO - Filling up the DagBag from /home/airflow/.local/lib/python3.7/site-packages/airflow/example_dags/example_short_circuit_operator.py
[2022-06-19 17:35:55,213] {processor.py:651} INFO - DAG(s) dict_keys(['example_short_circuit_operator']) retrieved from /home/airflow/.local/lib/python3.7/site-packages/airflow/example_dags/example_short_circuit_operator.py
[2022-06-19 17:35:55,238] {logging_mixin.py:115} INFO - [2022-06-19 17:35:55,238] {dag.py:2379} INFO - Sync 1 DAGs
[2022-06-19 17:35:55,254] {logging_mixin.py:115} INFO - [2022-06-19 17:35:55,254] {dag.py:2931} INFO - Setting next_dagrun for example_short_circuit_operator to 2022-06-18T17:35:55.254517+00:00, run_after=2022-06-19T17:35:55.254517+00:00
[2022-06-19 17:35:55,268] {processor.py:161} INFO - Processing /home/airflow/.local/lib/python3.7/site-packages/airflow/example_dags/example_short_circuit_operator.py took 0.068 seconds
[2022-06-19 17:36:25,926] {processor.py:153} INFO - Started process (PID=1364) to work on /home/airflow/.local/lib/python3.7/site-packages/airflow/example_dags/example_short_circuit_operator.py
[2022-06-19 17:36:25,926] {processor.py:641} INFO - Processing file /home/airflow/.local/lib/python3.7/site-packages/airflow/example_dags/example_short_circuit_operator.py for tasks to queue
[2022-06-19 17:36:25,927] {logging_mixin.py:115} INFO - [2022-06-19 17:36:25,927] {dagbag.py:507} INFO - Filling up the DagBag from /home/airflow/.local/lib/python3.7/site-packages/airflow/example_dags/example_short_circuit_operator.py
[2022-06-19 17:36:25,934] {processor.py:651} INFO - DAG(s) dict_keys(['example_short_circuit_operator']) retrieved from /home/airflow/.local/lib/python3.7/site-packages/airflow/example_dags/example_short_circuit_operator.py
[2022-06-19 17:36:25,953] {logging_mixin.py:115} INFO - [2022-06-19 17:36:25,953] {dag.py:2379} INFO - Sync 1 DAGs
[2022-06-19 17:36:25,967] {logging_mixin.py:115} INFO - [2022-06-19 17:36:25,966] {dag.py:2931} INFO - Setting next_dagrun for example_short_circuit_operator to 2022-06-18T17:36:25.966782+00:00, run_after=2022-06-19T17:36:25.966782+00:00
[2022-06-19 17:36:25,979] {processor.py:161} INFO - Processing /home/airflow/.local/lib/python3.7/site-packages/airflow/example_dags/example_short_circuit_operator.py took 0.056 seconds
[2022-06-19 17:36:56,423] {processor.py:153} INFO - Started process (PID=1428) to work on /home/airflow/.local/lib/python3.7/site-packages/airflow/example_dags/example_short_circuit_operator.py
[2022-06-19 17:36:56,424] {processor.py:641} INFO - Processing file /home/airflow/.local/lib/python3.7/site-packages/airflow/example_dags/example_short_circuit_operator.py for tasks to queue
[2022-06-19 17:36:56,425] {logging_mixin.py:115} INFO - [2022-06-19 17:36:56,425] {dagbag.py:507} INFO - Filling up the DagBag from /home/airflow/.local/lib/python3.7/site-packages/airflow/example_dags/example_short_circuit_operator.py
[2022-06-19 17:36:56,432] {processor.py:651} INFO - DAG(s) dict_keys(['example_short_circuit_operator']) retrieved from /home/airflow/.local/lib/python3.7/site-packages/airflow/example_dags/example_short_circuit_operator.py
[2022-06-19 17:36:56,453] {logging_mixin.py:115} INFO - [2022-06-19 17:36:56,453] {dag.py:2379} INFO - Sync 1 DAGs
[2022-06-19 17:36:56,466] {logging_mixin.py:115} INFO - [2022-06-19 17:36:56,466] {dag.py:2931} INFO - Setting next_dagrun for example_short_circuit_operator to 2022-06-18T17:36:56.466482+00:00, run_after=2022-06-19T17:36:56.466482+00:00
[2022-06-19 17:36:56,479] {processor.py:161} INFO - Processing /home/airflow/.local/lib/python3.7/site-packages/airflow/example_dags/example_short_circuit_operator.py took 0.059 seconds
[2022-06-19 17:37:27,468] {processor.py:153} INFO - Started process (PID=1492) to work on /home/airflow/.local/lib/python3.7/site-packages/airflow/example_dags/example_short_circuit_operator.py
[2022-06-19 17:37:27,469] {processor.py:641} INFO - Processing file /home/airflow/.local/lib/python3.7/site-packages/airflow/example_dags/example_short_circuit_operator.py for tasks to queue
[2022-06-19 17:37:27,469] {logging_mixin.py:115} INFO - [2022-06-19 17:37:27,469] {dagbag.py:507} INFO - Filling up the DagBag from /home/airflow/.local/lib/python3.7/site-packages/airflow/example_dags/example_short_circuit_operator.py
[2022-06-19 17:37:27,479] {processor.py:651} INFO - DAG(s) dict_keys(['example_short_circuit_operator']) retrieved from /home/airflow/.local/lib/python3.7/site-packages/airflow/example_dags/example_short_circuit_operator.py
[2022-06-19 17:37:27,500] {logging_mixin.py:115} INFO - [2022-06-19 17:37:27,500] {dag.py:2379} INFO - Sync 1 DAGs
[2022-06-19 17:37:27,516] {logging_mixin.py:115} INFO - [2022-06-19 17:37:27,516] {dag.py:2931} INFO - Setting next_dagrun for example_short_circuit_operator to 2022-06-18T17:37:27.516430+00:00, run_after=2022-06-19T17:37:27.516430+00:00
[2022-06-19 17:37:27,527] {processor.py:161} INFO - Processing /home/airflow/.local/lib/python3.7/site-packages/airflow/example_dags/example_short_circuit_operator.py took 0.062 seconds
