[2022-06-19 17:28:24,103] {processor.py:153} INFO - Started process (PID=437) to work on /home/airflow/.local/lib/python3.7/site-packages/airflow/example_dags/example_trigger_target_dag.py
[2022-06-19 17:28:24,125] {processor.py:641} INFO - Processing file /home/airflow/.local/lib/python3.7/site-packages/airflow/example_dags/example_trigger_target_dag.py for tasks to queue
[2022-06-19 17:28:24,130] {logging_mixin.py:115} INFO - [2022-06-19 17:28:24,130] {dagbag.py:507} INFO - Filling up the DagBag from /home/airflow/.local/lib/python3.7/site-packages/airflow/example_dags/example_trigger_target_dag.py
[2022-06-19 17:28:24,230] {processor.py:651} INFO - DAG(s) dict_keys(['example_trigger_target_dag']) retrieved from /home/airflow/.local/lib/python3.7/site-packages/airflow/example_dags/example_trigger_target_dag.py
[2022-06-19 17:28:24,352] {logging_mixin.py:115} INFO - [2022-06-19 17:28:24,352] {dag.py:2379} INFO - Sync 1 DAGs
[2022-06-19 17:28:24,454] {logging_mixin.py:115} INFO - [2022-06-19 17:28:24,454] {dag.py:2931} INFO - Setting next_dagrun for example_trigger_target_dag to None, run_after=None
[2022-06-19 17:28:24,520] {processor.py:161} INFO - Processing /home/airflow/.local/lib/python3.7/site-packages/airflow/example_dags/example_trigger_target_dag.py took 0.440 seconds
[2022-06-19 17:28:55,132] {processor.py:153} INFO - Started process (PID=492) to work on /home/airflow/.local/lib/python3.7/site-packages/airflow/example_dags/example_trigger_target_dag.py
[2022-06-19 17:28:55,133] {processor.py:641} INFO - Processing file /home/airflow/.local/lib/python3.7/site-packages/airflow/example_dags/example_trigger_target_dag.py for tasks to queue
[2022-06-19 17:28:55,139] {logging_mixin.py:115} INFO - [2022-06-19 17:28:55,138] {dagbag.py:507} INFO - Filling up the DagBag from /home/airflow/.local/lib/python3.7/site-packages/airflow/example_dags/example_trigger_target_dag.py
[2022-06-19 17:28:55,195] {processor.py:651} INFO - DAG(s) dict_keys(['example_trigger_target_dag']) retrieved from /home/airflow/.local/lib/python3.7/site-packages/airflow/example_dags/example_trigger_target_dag.py
[2022-06-19 17:28:55,257] {logging_mixin.py:115} INFO - [2022-06-19 17:28:55,256] {dag.py:2379} INFO - Sync 1 DAGs
[2022-06-19 17:28:55,318] {logging_mixin.py:115} INFO - [2022-06-19 17:28:55,318] {dag.py:2931} INFO - Setting next_dagrun for example_trigger_target_dag to None, run_after=None
[2022-06-19 17:28:55,343] {processor.py:161} INFO - Processing /home/airflow/.local/lib/python3.7/site-packages/airflow/example_dags/example_trigger_target_dag.py took 0.216 seconds
[2022-06-19 17:29:25,468] {processor.py:153} INFO - Started process (PID=547) to work on /home/airflow/.local/lib/python3.7/site-packages/airflow/example_dags/example_trigger_target_dag.py
[2022-06-19 17:29:25,470] {processor.py:641} INFO - Processing file /home/airflow/.local/lib/python3.7/site-packages/airflow/example_dags/example_trigger_target_dag.py for tasks to queue
[2022-06-19 17:29:25,472] {logging_mixin.py:115} INFO - [2022-06-19 17:29:25,472] {dagbag.py:507} INFO - Filling up the DagBag from /home/airflow/.local/lib/python3.7/site-packages/airflow/example_dags/example_trigger_target_dag.py
[2022-06-19 17:29:25,490] {processor.py:651} INFO - DAG(s) dict_keys(['example_trigger_target_dag']) retrieved from /home/airflow/.local/lib/python3.7/site-packages/airflow/example_dags/example_trigger_target_dag.py
[2022-06-19 17:29:25,523] {logging_mixin.py:115} INFO - [2022-06-19 17:29:25,522] {dag.py:2379} INFO - Sync 1 DAGs
[2022-06-19 17:29:25,548] {logging_mixin.py:115} INFO - [2022-06-19 17:29:25,548] {dag.py:2931} INFO - Setting next_dagrun for example_trigger_target_dag to None, run_after=None
[2022-06-19 17:29:25,571] {processor.py:161} INFO - Processing /home/airflow/.local/lib/python3.7/site-packages/airflow/example_dags/example_trigger_target_dag.py took 0.108 seconds
[2022-06-19 17:29:55,744] {processor.py:153} INFO - Started process (PID=611) to work on /home/airflow/.local/lib/python3.7/site-packages/airflow/example_dags/example_trigger_target_dag.py
[2022-06-19 17:29:55,745] {processor.py:641} INFO - Processing file /home/airflow/.local/lib/python3.7/site-packages/airflow/example_dags/example_trigger_target_dag.py for tasks to queue
[2022-06-19 17:29:55,746] {logging_mixin.py:115} INFO - [2022-06-19 17:29:55,746] {dagbag.py:507} INFO - Filling up the DagBag from /home/airflow/.local/lib/python3.7/site-packages/airflow/example_dags/example_trigger_target_dag.py
[2022-06-19 17:29:55,768] {processor.py:651} INFO - DAG(s) dict_keys(['example_trigger_target_dag']) retrieved from /home/airflow/.local/lib/python3.7/site-packages/airflow/example_dags/example_trigger_target_dag.py
[2022-06-19 17:29:55,800] {logging_mixin.py:115} INFO - [2022-06-19 17:29:55,799] {dag.py:2379} INFO - Sync 1 DAGs
[2022-06-19 17:29:55,820] {logging_mixin.py:115} INFO - [2022-06-19 17:29:55,820] {dag.py:2931} INFO - Setting next_dagrun for example_trigger_target_dag to None, run_after=None
[2022-06-19 17:29:55,836] {processor.py:161} INFO - Processing /home/airflow/.local/lib/python3.7/site-packages/airflow/example_dags/example_trigger_target_dag.py took 0.096 seconds
[2022-06-19 17:30:26,313] {processor.py:153} INFO - Started process (PID=666) to work on /home/airflow/.local/lib/python3.7/site-packages/airflow/example_dags/example_trigger_target_dag.py
[2022-06-19 17:30:26,314] {processor.py:641} INFO - Processing file /home/airflow/.local/lib/python3.7/site-packages/airflow/example_dags/example_trigger_target_dag.py for tasks to queue
[2022-06-19 17:30:26,315] {logging_mixin.py:115} INFO - [2022-06-19 17:30:26,315] {dagbag.py:507} INFO - Filling up the DagBag from /home/airflow/.local/lib/python3.7/site-packages/airflow/example_dags/example_trigger_target_dag.py
[2022-06-19 17:30:26,342] {processor.py:651} INFO - DAG(s) dict_keys(['example_trigger_target_dag']) retrieved from /home/airflow/.local/lib/python3.7/site-packages/airflow/example_dags/example_trigger_target_dag.py
[2022-06-19 17:30:26,382] {logging_mixin.py:115} INFO - [2022-06-19 17:30:26,382] {dag.py:2379} INFO - Sync 1 DAGs
[2022-06-19 17:30:26,414] {logging_mixin.py:115} INFO - [2022-06-19 17:30:26,413] {dag.py:2931} INFO - Setting next_dagrun for example_trigger_target_dag to None, run_after=None
[2022-06-19 17:30:26,431] {processor.py:161} INFO - Processing /home/airflow/.local/lib/python3.7/site-packages/airflow/example_dags/example_trigger_target_dag.py took 0.122 seconds
[2022-06-19 17:30:56,648] {processor.py:153} INFO - Started process (PID=730) to work on /home/airflow/.local/lib/python3.7/site-packages/airflow/example_dags/example_trigger_target_dag.py
[2022-06-19 17:30:56,655] {processor.py:641} INFO - Processing file /home/airflow/.local/lib/python3.7/site-packages/airflow/example_dags/example_trigger_target_dag.py for tasks to queue
[2022-06-19 17:30:56,660] {logging_mixin.py:115} INFO - [2022-06-19 17:30:56,660] {dagbag.py:507} INFO - Filling up the DagBag from /home/airflow/.local/lib/python3.7/site-packages/airflow/example_dags/example_trigger_target_dag.py
[2022-06-19 17:30:56,737] {processor.py:651} INFO - DAG(s) dict_keys(['example_trigger_target_dag']) retrieved from /home/airflow/.local/lib/python3.7/site-packages/airflow/example_dags/example_trigger_target_dag.py
[2022-06-19 17:30:56,808] {logging_mixin.py:115} INFO - [2022-06-19 17:30:56,808] {dag.py:2379} INFO - Sync 1 DAGs
[2022-06-19 17:30:56,853] {logging_mixin.py:115} INFO - [2022-06-19 17:30:56,853] {dag.py:2931} INFO - Setting next_dagrun for example_trigger_target_dag to None, run_after=None
[2022-06-19 17:30:56,892] {processor.py:161} INFO - Processing /home/airflow/.local/lib/python3.7/site-packages/airflow/example_dags/example_trigger_target_dag.py took 0.251 seconds
[2022-06-19 17:31:26,940] {processor.py:153} INFO - Started process (PID=785) to work on /home/airflow/.local/lib/python3.7/site-packages/airflow/example_dags/example_trigger_target_dag.py
[2022-06-19 17:31:26,941] {processor.py:641} INFO - Processing file /home/airflow/.local/lib/python3.7/site-packages/airflow/example_dags/example_trigger_target_dag.py for tasks to queue
[2022-06-19 17:31:26,942] {logging_mixin.py:115} INFO - [2022-06-19 17:31:26,941] {dagbag.py:507} INFO - Filling up the DagBag from /home/airflow/.local/lib/python3.7/site-packages/airflow/example_dags/example_trigger_target_dag.py
[2022-06-19 17:31:26,962] {processor.py:651} INFO - DAG(s) dict_keys(['example_trigger_target_dag']) retrieved from /home/airflow/.local/lib/python3.7/site-packages/airflow/example_dags/example_trigger_target_dag.py
[2022-06-19 17:31:26,995] {logging_mixin.py:115} INFO - [2022-06-19 17:31:26,995] {dag.py:2379} INFO - Sync 1 DAGs
[2022-06-19 17:31:27,018] {logging_mixin.py:115} INFO - [2022-06-19 17:31:27,018] {dag.py:2931} INFO - Setting next_dagrun for example_trigger_target_dag to None, run_after=None
[2022-06-19 17:31:27,038] {processor.py:161} INFO - Processing /home/airflow/.local/lib/python3.7/site-packages/airflow/example_dags/example_trigger_target_dag.py took 0.102 seconds
[2022-06-19 17:31:57,070] {processor.py:153} INFO - Started process (PID=840) to work on /home/airflow/.local/lib/python3.7/site-packages/airflow/example_dags/example_trigger_target_dag.py
[2022-06-19 17:31:57,071] {processor.py:641} INFO - Processing file /home/airflow/.local/lib/python3.7/site-packages/airflow/example_dags/example_trigger_target_dag.py for tasks to queue
[2022-06-19 17:31:57,072] {logging_mixin.py:115} INFO - [2022-06-19 17:31:57,072] {dagbag.py:507} INFO - Filling up the DagBag from /home/airflow/.local/lib/python3.7/site-packages/airflow/example_dags/example_trigger_target_dag.py
[2022-06-19 17:31:57,085] {processor.py:651} INFO - DAG(s) dict_keys(['example_trigger_target_dag']) retrieved from /home/airflow/.local/lib/python3.7/site-packages/airflow/example_dags/example_trigger_target_dag.py
[2022-06-19 17:31:57,106] {logging_mixin.py:115} INFO - [2022-06-19 17:31:57,105] {dag.py:2379} INFO - Sync 1 DAGs
[2022-06-19 17:31:57,120] {logging_mixin.py:115} INFO - [2022-06-19 17:31:57,120] {dag.py:2931} INFO - Setting next_dagrun for example_trigger_target_dag to None, run_after=None
[2022-06-19 17:31:57,133] {processor.py:161} INFO - Processing /home/airflow/.local/lib/python3.7/site-packages/airflow/example_dags/example_trigger_target_dag.py took 0.066 seconds
[2022-06-19 17:32:27,833] {processor.py:153} INFO - Started process (PID=904) to work on /home/airflow/.local/lib/python3.7/site-packages/airflow/example_dags/example_trigger_target_dag.py
[2022-06-19 17:32:27,834] {processor.py:641} INFO - Processing file /home/airflow/.local/lib/python3.7/site-packages/airflow/example_dags/example_trigger_target_dag.py for tasks to queue
[2022-06-19 17:32:27,834] {logging_mixin.py:115} INFO - [2022-06-19 17:32:27,834] {dagbag.py:507} INFO - Filling up the DagBag from /home/airflow/.local/lib/python3.7/site-packages/airflow/example_dags/example_trigger_target_dag.py
[2022-06-19 17:32:27,847] {processor.py:651} INFO - DAG(s) dict_keys(['example_trigger_target_dag']) retrieved from /home/airflow/.local/lib/python3.7/site-packages/airflow/example_dags/example_trigger_target_dag.py
[2022-06-19 17:32:27,866] {logging_mixin.py:115} INFO - [2022-06-19 17:32:27,866] {dag.py:2379} INFO - Sync 1 DAGs
[2022-06-19 17:32:27,880] {logging_mixin.py:115} INFO - [2022-06-19 17:32:27,880] {dag.py:2931} INFO - Setting next_dagrun for example_trigger_target_dag to None, run_after=None
[2022-06-19 17:32:27,893] {processor.py:161} INFO - Processing /home/airflow/.local/lib/python3.7/site-packages/airflow/example_dags/example_trigger_target_dag.py took 0.063 seconds
[2022-06-19 17:32:58,528] {processor.py:153} INFO - Started process (PID=969) to work on /home/airflow/.local/lib/python3.7/site-packages/airflow/example_dags/example_trigger_target_dag.py
[2022-06-19 17:32:58,529] {processor.py:641} INFO - Processing file /home/airflow/.local/lib/python3.7/site-packages/airflow/example_dags/example_trigger_target_dag.py for tasks to queue
[2022-06-19 17:32:58,530] {logging_mixin.py:115} INFO - [2022-06-19 17:32:58,529] {dagbag.py:507} INFO - Filling up the DagBag from /home/airflow/.local/lib/python3.7/site-packages/airflow/example_dags/example_trigger_target_dag.py
[2022-06-19 17:32:58,540] {processor.py:651} INFO - DAG(s) dict_keys(['example_trigger_target_dag']) retrieved from /home/airflow/.local/lib/python3.7/site-packages/airflow/example_dags/example_trigger_target_dag.py
[2022-06-19 17:32:58,561] {logging_mixin.py:115} INFO - [2022-06-19 17:32:58,561] {dag.py:2379} INFO - Sync 1 DAGs
[2022-06-19 17:32:58,574] {logging_mixin.py:115} INFO - [2022-06-19 17:32:58,574] {dag.py:2931} INFO - Setting next_dagrun for example_trigger_target_dag to None, run_after=None
[2022-06-19 17:32:58,588] {processor.py:161} INFO - Processing /home/airflow/.local/lib/python3.7/site-packages/airflow/example_dags/example_trigger_target_dag.py took 0.063 seconds
[2022-06-19 17:33:29,510] {processor.py:153} INFO - Started process (PID=1024) to work on /home/airflow/.local/lib/python3.7/site-packages/airflow/example_dags/example_trigger_target_dag.py
[2022-06-19 17:33:29,511] {processor.py:641} INFO - Processing file /home/airflow/.local/lib/python3.7/site-packages/airflow/example_dags/example_trigger_target_dag.py for tasks to queue
[2022-06-19 17:33:29,511] {logging_mixin.py:115} INFO - [2022-06-19 17:33:29,511] {dagbag.py:507} INFO - Filling up the DagBag from /home/airflow/.local/lib/python3.7/site-packages/airflow/example_dags/example_trigger_target_dag.py
[2022-06-19 17:33:29,524] {processor.py:651} INFO - DAG(s) dict_keys(['example_trigger_target_dag']) retrieved from /home/airflow/.local/lib/python3.7/site-packages/airflow/example_dags/example_trigger_target_dag.py
[2022-06-19 17:33:29,544] {logging_mixin.py:115} INFO - [2022-06-19 17:33:29,544] {dag.py:2379} INFO - Sync 1 DAGs
[2022-06-19 17:33:29,557] {logging_mixin.py:115} INFO - [2022-06-19 17:33:29,557] {dag.py:2931} INFO - Setting next_dagrun for example_trigger_target_dag to None, run_after=None
[2022-06-19 17:33:29,569] {processor.py:161} INFO - Processing /home/airflow/.local/lib/python3.7/site-packages/airflow/example_dags/example_trigger_target_dag.py took 0.063 seconds
[2022-06-19 17:34:00,454] {processor.py:153} INFO - Started process (PID=1089) to work on /home/airflow/.local/lib/python3.7/site-packages/airflow/example_dags/example_trigger_target_dag.py
[2022-06-19 17:34:00,455] {processor.py:641} INFO - Processing file /home/airflow/.local/lib/python3.7/site-packages/airflow/example_dags/example_trigger_target_dag.py for tasks to queue
[2022-06-19 17:34:00,456] {logging_mixin.py:115} INFO - [2022-06-19 17:34:00,456] {dagbag.py:507} INFO - Filling up the DagBag from /home/airflow/.local/lib/python3.7/site-packages/airflow/example_dags/example_trigger_target_dag.py
[2022-06-19 17:34:00,467] {processor.py:651} INFO - DAG(s) dict_keys(['example_trigger_target_dag']) retrieved from /home/airflow/.local/lib/python3.7/site-packages/airflow/example_dags/example_trigger_target_dag.py
[2022-06-19 17:34:00,487] {logging_mixin.py:115} INFO - [2022-06-19 17:34:00,487] {dag.py:2379} INFO - Sync 1 DAGs
[2022-06-19 17:34:00,500] {logging_mixin.py:115} INFO - [2022-06-19 17:34:00,500] {dag.py:2931} INFO - Setting next_dagrun for example_trigger_target_dag to None, run_after=None
[2022-06-19 17:34:00,512] {processor.py:161} INFO - Processing /home/airflow/.local/lib/python3.7/site-packages/airflow/example_dags/example_trigger_target_dag.py took 0.061 seconds
[2022-06-19 17:34:31,139] {processor.py:153} INFO - Started process (PID=1153) to work on /home/airflow/.local/lib/python3.7/site-packages/airflow/example_dags/example_trigger_target_dag.py
[2022-06-19 17:34:31,140] {processor.py:641} INFO - Processing file /home/airflow/.local/lib/python3.7/site-packages/airflow/example_dags/example_trigger_target_dag.py for tasks to queue
[2022-06-19 17:34:31,141] {logging_mixin.py:115} INFO - [2022-06-19 17:34:31,141] {dagbag.py:507} INFO - Filling up the DagBag from /home/airflow/.local/lib/python3.7/site-packages/airflow/example_dags/example_trigger_target_dag.py
[2022-06-19 17:34:31,167] {processor.py:651} INFO - DAG(s) dict_keys(['example_trigger_target_dag']) retrieved from /home/airflow/.local/lib/python3.7/site-packages/airflow/example_dags/example_trigger_target_dag.py
[2022-06-19 17:34:31,221] {logging_mixin.py:115} INFO - [2022-06-19 17:34:31,221] {dag.py:2379} INFO - Sync 1 DAGs
[2022-06-19 17:34:31,246] {logging_mixin.py:115} INFO - [2022-06-19 17:34:31,245] {dag.py:2931} INFO - Setting next_dagrun for example_trigger_target_dag to None, run_after=None
[2022-06-19 17:34:31,265] {processor.py:161} INFO - Processing /home/airflow/.local/lib/python3.7/site-packages/airflow/example_dags/example_trigger_target_dag.py took 0.133 seconds
[2022-06-19 17:35:01,942] {processor.py:153} INFO - Started process (PID=1217) to work on /home/airflow/.local/lib/python3.7/site-packages/airflow/example_dags/example_trigger_target_dag.py
[2022-06-19 17:35:01,943] {processor.py:641} INFO - Processing file /home/airflow/.local/lib/python3.7/site-packages/airflow/example_dags/example_trigger_target_dag.py for tasks to queue
[2022-06-19 17:35:01,944] {logging_mixin.py:115} INFO - [2022-06-19 17:35:01,944] {dagbag.py:507} INFO - Filling up the DagBag from /home/airflow/.local/lib/python3.7/site-packages/airflow/example_dags/example_trigger_target_dag.py
[2022-06-19 17:35:01,962] {processor.py:651} INFO - DAG(s) dict_keys(['example_trigger_target_dag']) retrieved from /home/airflow/.local/lib/python3.7/site-packages/airflow/example_dags/example_trigger_target_dag.py
[2022-06-19 17:35:01,984] {logging_mixin.py:115} INFO - [2022-06-19 17:35:01,984] {dag.py:2379} INFO - Sync 1 DAGs
[2022-06-19 17:35:02,000] {logging_mixin.py:115} INFO - [2022-06-19 17:35:02,000] {dag.py:2931} INFO - Setting next_dagrun for example_trigger_target_dag to None, run_after=None
[2022-06-19 17:35:02,012] {processor.py:161} INFO - Processing /home/airflow/.local/lib/python3.7/site-packages/airflow/example_dags/example_trigger_target_dag.py took 0.073 seconds
[2022-06-19 17:35:32,743] {processor.py:153} INFO - Started process (PID=1272) to work on /home/airflow/.local/lib/python3.7/site-packages/airflow/example_dags/example_trigger_target_dag.py
[2022-06-19 17:35:32,743] {processor.py:641} INFO - Processing file /home/airflow/.local/lib/python3.7/site-packages/airflow/example_dags/example_trigger_target_dag.py for tasks to queue
[2022-06-19 17:35:32,744] {logging_mixin.py:115} INFO - [2022-06-19 17:35:32,744] {dagbag.py:507} INFO - Filling up the DagBag from /home/airflow/.local/lib/python3.7/site-packages/airflow/example_dags/example_trigger_target_dag.py
[2022-06-19 17:35:32,755] {processor.py:651} INFO - DAG(s) dict_keys(['example_trigger_target_dag']) retrieved from /home/airflow/.local/lib/python3.7/site-packages/airflow/example_dags/example_trigger_target_dag.py
[2022-06-19 17:35:32,774] {logging_mixin.py:115} INFO - [2022-06-19 17:35:32,774] {dag.py:2379} INFO - Sync 1 DAGs
[2022-06-19 17:35:32,788] {logging_mixin.py:115} INFO - [2022-06-19 17:35:32,788] {dag.py:2931} INFO - Setting next_dagrun for example_trigger_target_dag to None, run_after=None
[2022-06-19 17:35:32,799] {processor.py:161} INFO - Processing /home/airflow/.local/lib/python3.7/site-packages/airflow/example_dags/example_trigger_target_dag.py took 0.059 seconds
[2022-06-19 17:36:03,415] {processor.py:153} INFO - Started process (PID=1336) to work on /home/airflow/.local/lib/python3.7/site-packages/airflow/example_dags/example_trigger_target_dag.py
[2022-06-19 17:36:03,416] {processor.py:641} INFO - Processing file /home/airflow/.local/lib/python3.7/site-packages/airflow/example_dags/example_trigger_target_dag.py for tasks to queue
[2022-06-19 17:36:03,416] {logging_mixin.py:115} INFO - [2022-06-19 17:36:03,416] {dagbag.py:507} INFO - Filling up the DagBag from /home/airflow/.local/lib/python3.7/site-packages/airflow/example_dags/example_trigger_target_dag.py
[2022-06-19 17:36:03,428] {processor.py:651} INFO - DAG(s) dict_keys(['example_trigger_target_dag']) retrieved from /home/airflow/.local/lib/python3.7/site-packages/airflow/example_dags/example_trigger_target_dag.py
[2022-06-19 17:36:03,446] {logging_mixin.py:115} INFO - [2022-06-19 17:36:03,446] {dag.py:2379} INFO - Sync 1 DAGs
[2022-06-19 17:36:03,459] {logging_mixin.py:115} INFO - [2022-06-19 17:36:03,459] {dag.py:2931} INFO - Setting next_dagrun for example_trigger_target_dag to None, run_after=None
[2022-06-19 17:36:03,472] {processor.py:161} INFO - Processing /home/airflow/.local/lib/python3.7/site-packages/airflow/example_dags/example_trigger_target_dag.py took 0.060 seconds
[2022-06-19 17:36:34,005] {processor.py:153} INFO - Started process (PID=1400) to work on /home/airflow/.local/lib/python3.7/site-packages/airflow/example_dags/example_trigger_target_dag.py
[2022-06-19 17:36:34,007] {processor.py:641} INFO - Processing file /home/airflow/.local/lib/python3.7/site-packages/airflow/example_dags/example_trigger_target_dag.py for tasks to queue
[2022-06-19 17:36:34,008] {logging_mixin.py:115} INFO - [2022-06-19 17:36:34,008] {dagbag.py:507} INFO - Filling up the DagBag from /home/airflow/.local/lib/python3.7/site-packages/airflow/example_dags/example_trigger_target_dag.py
[2022-06-19 17:36:34,019] {processor.py:651} INFO - DAG(s) dict_keys(['example_trigger_target_dag']) retrieved from /home/airflow/.local/lib/python3.7/site-packages/airflow/example_dags/example_trigger_target_dag.py
[2022-06-19 17:36:34,038] {logging_mixin.py:115} INFO - [2022-06-19 17:36:34,038] {dag.py:2379} INFO - Sync 1 DAGs
[2022-06-19 17:36:34,051] {logging_mixin.py:115} INFO - [2022-06-19 17:36:34,051] {dag.py:2931} INFO - Setting next_dagrun for example_trigger_target_dag to None, run_after=None
[2022-06-19 17:36:34,062] {processor.py:161} INFO - Processing /home/airflow/.local/lib/python3.7/site-packages/airflow/example_dags/example_trigger_target_dag.py took 0.060 seconds
[2022-06-19 17:37:04,906] {processor.py:153} INFO - Started process (PID=1464) to work on /home/airflow/.local/lib/python3.7/site-packages/airflow/example_dags/example_trigger_target_dag.py
[2022-06-19 17:37:04,907] {processor.py:641} INFO - Processing file /home/airflow/.local/lib/python3.7/site-packages/airflow/example_dags/example_trigger_target_dag.py for tasks to queue
[2022-06-19 17:37:04,908] {logging_mixin.py:115} INFO - [2022-06-19 17:37:04,908] {dagbag.py:507} INFO - Filling up the DagBag from /home/airflow/.local/lib/python3.7/site-packages/airflow/example_dags/example_trigger_target_dag.py
[2022-06-19 17:37:04,925] {processor.py:651} INFO - DAG(s) dict_keys(['example_trigger_target_dag']) retrieved from /home/airflow/.local/lib/python3.7/site-packages/airflow/example_dags/example_trigger_target_dag.py
[2022-06-19 17:37:04,959] {logging_mixin.py:115} INFO - [2022-06-19 17:37:04,959] {dag.py:2379} INFO - Sync 1 DAGs
[2022-06-19 17:37:04,982] {logging_mixin.py:115} INFO - [2022-06-19 17:37:04,982] {dag.py:2931} INFO - Setting next_dagrun for example_trigger_target_dag to None, run_after=None
[2022-06-19 17:37:05,000] {processor.py:161} INFO - Processing /home/airflow/.local/lib/python3.7/site-packages/airflow/example_dags/example_trigger_target_dag.py took 0.097 seconds
[2022-06-19 17:37:35,641] {processor.py:153} INFO - Started process (PID=1519) to work on /home/airflow/.local/lib/python3.7/site-packages/airflow/example_dags/example_trigger_target_dag.py
[2022-06-19 17:37:35,641] {processor.py:641} INFO - Processing file /home/airflow/.local/lib/python3.7/site-packages/airflow/example_dags/example_trigger_target_dag.py for tasks to queue
[2022-06-19 17:37:35,642] {logging_mixin.py:115} INFO - [2022-06-19 17:37:35,642] {dagbag.py:507} INFO - Filling up the DagBag from /home/airflow/.local/lib/python3.7/site-packages/airflow/example_dags/example_trigger_target_dag.py
[2022-06-19 17:37:35,653] {processor.py:651} INFO - DAG(s) dict_keys(['example_trigger_target_dag']) retrieved from /home/airflow/.local/lib/python3.7/site-packages/airflow/example_dags/example_trigger_target_dag.py
[2022-06-19 17:37:35,674] {logging_mixin.py:115} INFO - [2022-06-19 17:37:35,674] {dag.py:2379} INFO - Sync 1 DAGs
[2022-06-19 17:37:35,688] {logging_mixin.py:115} INFO - [2022-06-19 17:37:35,688] {dag.py:2931} INFO - Setting next_dagrun for example_trigger_target_dag to None, run_after=None
[2022-06-19 17:37:35,700] {processor.py:161} INFO - Processing /home/airflow/.local/lib/python3.7/site-packages/airflow/example_dags/example_trigger_target_dag.py took 0.062 seconds
