[2022-06-19 17:28:15,334] {processor.py:153} INFO - Started process (PID=403) to work on /home/airflow/.local/lib/python3.7/site-packages/airflow/example_dags/example_branch_labels.py
[2022-06-19 17:28:15,335] {processor.py:641} INFO - Processing file /home/airflow/.local/lib/python3.7/site-packages/airflow/example_dags/example_branch_labels.py for tasks to queue
[2022-06-19 17:28:15,336] {logging_mixin.py:115} INFO - [2022-06-19 17:28:15,336] {dagbag.py:507} INFO - Filling up the DagBag from /home/airflow/.local/lib/python3.7/site-packages/airflow/example_dags/example_branch_labels.py
[2022-06-19 17:28:15,365] {processor.py:651} INFO - DAG(s) dict_keys(['example_branch_labels']) retrieved from /home/airflow/.local/lib/python3.7/site-packages/airflow/example_dags/example_branch_labels.py
[2022-06-19 17:28:15,451] {logging_mixin.py:115} INFO - [2022-06-19 17:28:15,450] {dag.py:2379} INFO - Sync 1 DAGs
[2022-06-19 17:28:15,533] {logging_mixin.py:115} INFO - [2022-06-19 17:28:15,532] {dag.py:2931} INFO - Setting next_dagrun for example_branch_labels to 2022-06-18T00:00:00+00:00, run_after=2022-06-19T00:00:00+00:00
[2022-06-19 17:28:15,579] {processor.py:161} INFO - Processing /home/airflow/.local/lib/python3.7/site-packages/airflow/example_dags/example_branch_labels.py took 0.251 seconds
[2022-06-19 17:28:46,006] {processor.py:153} INFO - Started process (PID=459) to work on /home/airflow/.local/lib/python3.7/site-packages/airflow/example_dags/example_branch_labels.py
[2022-06-19 17:28:46,009] {processor.py:641} INFO - Processing file /home/airflow/.local/lib/python3.7/site-packages/airflow/example_dags/example_branch_labels.py for tasks to queue
[2022-06-19 17:28:46,010] {logging_mixin.py:115} INFO - [2022-06-19 17:28:46,010] {dagbag.py:507} INFO - Filling up the DagBag from /home/airflow/.local/lib/python3.7/site-packages/airflow/example_dags/example_branch_labels.py
[2022-06-19 17:28:46,018] {processor.py:651} INFO - DAG(s) dict_keys(['example_branch_labels']) retrieved from /home/airflow/.local/lib/python3.7/site-packages/airflow/example_dags/example_branch_labels.py
[2022-06-19 17:28:46,089] {logging_mixin.py:115} INFO - [2022-06-19 17:28:46,089] {dag.py:2379} INFO - Sync 1 DAGs
[2022-06-19 17:28:46,121] {logging_mixin.py:115} INFO - [2022-06-19 17:28:46,121] {dag.py:2931} INFO - Setting next_dagrun for example_branch_labels to 2022-06-18T00:00:00+00:00, run_after=2022-06-19T00:00:00+00:00
[2022-06-19 17:28:46,156] {processor.py:161} INFO - Processing /home/airflow/.local/lib/python3.7/site-packages/airflow/example_dags/example_branch_labels.py took 0.157 seconds
[2022-06-19 17:29:17,167] {processor.py:153} INFO - Started process (PID=514) to work on /home/airflow/.local/lib/python3.7/site-packages/airflow/example_dags/example_branch_labels.py
[2022-06-19 17:29:17,169] {processor.py:641} INFO - Processing file /home/airflow/.local/lib/python3.7/site-packages/airflow/example_dags/example_branch_labels.py for tasks to queue
[2022-06-19 17:29:17,172] {logging_mixin.py:115} INFO - [2022-06-19 17:29:17,172] {dagbag.py:507} INFO - Filling up the DagBag from /home/airflow/.local/lib/python3.7/site-packages/airflow/example_dags/example_branch_labels.py
[2022-06-19 17:29:17,184] {processor.py:651} INFO - DAG(s) dict_keys(['example_branch_labels']) retrieved from /home/airflow/.local/lib/python3.7/site-packages/airflow/example_dags/example_branch_labels.py
[2022-06-19 17:29:17,221] {logging_mixin.py:115} INFO - [2022-06-19 17:29:17,221] {dag.py:2379} INFO - Sync 1 DAGs
[2022-06-19 17:29:17,252] {logging_mixin.py:115} INFO - [2022-06-19 17:29:17,252] {dag.py:2931} INFO - Setting next_dagrun for example_branch_labels to 2022-06-18T00:00:00+00:00, run_after=2022-06-19T00:00:00+00:00
[2022-06-19 17:29:17,270] {processor.py:161} INFO - Processing /home/airflow/.local/lib/python3.7/site-packages/airflow/example_dags/example_branch_labels.py took 0.111 seconds
[2022-06-19 17:29:47,363] {processor.py:153} INFO - Started process (PID=578) to work on /home/airflow/.local/lib/python3.7/site-packages/airflow/example_dags/example_branch_labels.py
[2022-06-19 17:29:47,364] {processor.py:641} INFO - Processing file /home/airflow/.local/lib/python3.7/site-packages/airflow/example_dags/example_branch_labels.py for tasks to queue
[2022-06-19 17:29:47,364] {logging_mixin.py:115} INFO - [2022-06-19 17:29:47,364] {dagbag.py:507} INFO - Filling up the DagBag from /home/airflow/.local/lib/python3.7/site-packages/airflow/example_dags/example_branch_labels.py
[2022-06-19 17:29:47,371] {processor.py:651} INFO - DAG(s) dict_keys(['example_branch_labels']) retrieved from /home/airflow/.local/lib/python3.7/site-packages/airflow/example_dags/example_branch_labels.py
[2022-06-19 17:29:47,396] {logging_mixin.py:115} INFO - [2022-06-19 17:29:47,396] {dag.py:2379} INFO - Sync 1 DAGs
[2022-06-19 17:29:47,414] {logging_mixin.py:115} INFO - [2022-06-19 17:29:47,414] {dag.py:2931} INFO - Setting next_dagrun for example_branch_labels to 2022-06-18T00:00:00+00:00, run_after=2022-06-19T00:00:00+00:00
[2022-06-19 17:29:47,427] {processor.py:161} INFO - Processing /home/airflow/.local/lib/python3.7/site-packages/airflow/example_dags/example_branch_labels.py took 0.067 seconds
[2022-06-19 17:30:17,636] {processor.py:153} INFO - Started process (PID=640) to work on /home/airflow/.local/lib/python3.7/site-packages/airflow/example_dags/example_branch_labels.py
[2022-06-19 17:30:17,637] {processor.py:641} INFO - Processing file /home/airflow/.local/lib/python3.7/site-packages/airflow/example_dags/example_branch_labels.py for tasks to queue
[2022-06-19 17:30:17,638] {logging_mixin.py:115} INFO - [2022-06-19 17:30:17,638] {dagbag.py:507} INFO - Filling up the DagBag from /home/airflow/.local/lib/python3.7/site-packages/airflow/example_dags/example_branch_labels.py
[2022-06-19 17:30:17,646] {processor.py:651} INFO - DAG(s) dict_keys(['example_branch_labels']) retrieved from /home/airflow/.local/lib/python3.7/site-packages/airflow/example_dags/example_branch_labels.py
[2022-06-19 17:30:17,676] {logging_mixin.py:115} INFO - [2022-06-19 17:30:17,676] {dag.py:2379} INFO - Sync 1 DAGs
[2022-06-19 17:30:17,703] {logging_mixin.py:115} INFO - [2022-06-19 17:30:17,702] {dag.py:2931} INFO - Setting next_dagrun for example_branch_labels to 2022-06-18T00:00:00+00:00, run_after=2022-06-19T00:00:00+00:00
[2022-06-19 17:30:17,732] {processor.py:161} INFO - Processing /home/airflow/.local/lib/python3.7/site-packages/airflow/example_dags/example_branch_labels.py took 0.099 seconds
[2022-06-19 17:30:48,548] {processor.py:153} INFO - Started process (PID=697) to work on /home/airflow/.local/lib/python3.7/site-packages/airflow/example_dags/example_branch_labels.py
[2022-06-19 17:30:48,550] {processor.py:641} INFO - Processing file /home/airflow/.local/lib/python3.7/site-packages/airflow/example_dags/example_branch_labels.py for tasks to queue
[2022-06-19 17:30:48,553] {logging_mixin.py:115} INFO - [2022-06-19 17:30:48,552] {dagbag.py:507} INFO - Filling up the DagBag from /home/airflow/.local/lib/python3.7/site-packages/airflow/example_dags/example_branch_labels.py
[2022-06-19 17:30:48,563] {processor.py:651} INFO - DAG(s) dict_keys(['example_branch_labels']) retrieved from /home/airflow/.local/lib/python3.7/site-packages/airflow/example_dags/example_branch_labels.py
[2022-06-19 17:30:48,615] {logging_mixin.py:115} INFO - [2022-06-19 17:30:48,615] {dag.py:2379} INFO - Sync 1 DAGs
[2022-06-19 17:30:48,660] {logging_mixin.py:115} INFO - [2022-06-19 17:30:48,658] {dag.py:2931} INFO - Setting next_dagrun for example_branch_labels to 2022-06-18T00:00:00+00:00, run_after=2022-06-19T00:00:00+00:00
[2022-06-19 17:30:48,710] {processor.py:161} INFO - Processing /home/airflow/.local/lib/python3.7/site-packages/airflow/example_dags/example_branch_labels.py took 0.168 seconds
[2022-06-19 17:31:18,980] {processor.py:153} INFO - Started process (PID=752) to work on /home/airflow/.local/lib/python3.7/site-packages/airflow/example_dags/example_branch_labels.py
[2022-06-19 17:31:18,980] {processor.py:641} INFO - Processing file /home/airflow/.local/lib/python3.7/site-packages/airflow/example_dags/example_branch_labels.py for tasks to queue
[2022-06-19 17:31:18,981] {logging_mixin.py:115} INFO - [2022-06-19 17:31:18,981] {dagbag.py:507} INFO - Filling up the DagBag from /home/airflow/.local/lib/python3.7/site-packages/airflow/example_dags/example_branch_labels.py
[2022-06-19 17:31:18,990] {processor.py:651} INFO - DAG(s) dict_keys(['example_branch_labels']) retrieved from /home/airflow/.local/lib/python3.7/site-packages/airflow/example_dags/example_branch_labels.py
[2022-06-19 17:31:19,028] {logging_mixin.py:115} INFO - [2022-06-19 17:31:19,028] {dag.py:2379} INFO - Sync 1 DAGs
[2022-06-19 17:31:19,055] {logging_mixin.py:115} INFO - [2022-06-19 17:31:19,055] {dag.py:2931} INFO - Setting next_dagrun for example_branch_labels to 2022-06-18T00:00:00+00:00, run_after=2022-06-19T00:00:00+00:00
[2022-06-19 17:31:19,075] {processor.py:161} INFO - Processing /home/airflow/.local/lib/python3.7/site-packages/airflow/example_dags/example_branch_labels.py took 0.099 seconds
[2022-06-19 17:31:49,625] {processor.py:153} INFO - Started process (PID=816) to work on /home/airflow/.local/lib/python3.7/site-packages/airflow/example_dags/example_branch_labels.py
[2022-06-19 17:31:49,629] {processor.py:641} INFO - Processing file /home/airflow/.local/lib/python3.7/site-packages/airflow/example_dags/example_branch_labels.py for tasks to queue
[2022-06-19 17:31:49,630] {logging_mixin.py:115} INFO - [2022-06-19 17:31:49,630] {dagbag.py:507} INFO - Filling up the DagBag from /home/airflow/.local/lib/python3.7/site-packages/airflow/example_dags/example_branch_labels.py
[2022-06-19 17:31:49,640] {processor.py:651} INFO - DAG(s) dict_keys(['example_branch_labels']) retrieved from /home/airflow/.local/lib/python3.7/site-packages/airflow/example_dags/example_branch_labels.py
[2022-06-19 17:31:49,694] {logging_mixin.py:115} INFO - [2022-06-19 17:31:49,694] {dag.py:2379} INFO - Sync 1 DAGs
[2022-06-19 17:31:49,733] {logging_mixin.py:115} INFO - [2022-06-19 17:31:49,733] {dag.py:2931} INFO - Setting next_dagrun for example_branch_labels to 2022-06-18T00:00:00+00:00, run_after=2022-06-19T00:00:00+00:00
[2022-06-19 17:31:49,753] {processor.py:161} INFO - Processing /home/airflow/.local/lib/python3.7/site-packages/airflow/example_dags/example_branch_labels.py took 0.135 seconds
[2022-06-19 17:32:19,802] {processor.py:153} INFO - Started process (PID=871) to work on /home/airflow/.local/lib/python3.7/site-packages/airflow/example_dags/example_branch_labels.py
[2022-06-19 17:32:19,802] {processor.py:641} INFO - Processing file /home/airflow/.local/lib/python3.7/site-packages/airflow/example_dags/example_branch_labels.py for tasks to queue
[2022-06-19 17:32:19,803] {logging_mixin.py:115} INFO - [2022-06-19 17:32:19,803] {dagbag.py:507} INFO - Filling up the DagBag from /home/airflow/.local/lib/python3.7/site-packages/airflow/example_dags/example_branch_labels.py
[2022-06-19 17:32:19,808] {processor.py:651} INFO - DAG(s) dict_keys(['example_branch_labels']) retrieved from /home/airflow/.local/lib/python3.7/site-packages/airflow/example_dags/example_branch_labels.py
[2022-06-19 17:32:19,828] {logging_mixin.py:115} INFO - [2022-06-19 17:32:19,828] {dag.py:2379} INFO - Sync 1 DAGs
[2022-06-19 17:32:19,846] {logging_mixin.py:115} INFO - [2022-06-19 17:32:19,846] {dag.py:2931} INFO - Setting next_dagrun for example_branch_labels to 2022-06-18T00:00:00+00:00, run_after=2022-06-19T00:00:00+00:00
[2022-06-19 17:32:19,858] {processor.py:161} INFO - Processing /home/airflow/.local/lib/python3.7/site-packages/airflow/example_dags/example_branch_labels.py took 0.059 seconds
[2022-06-19 17:32:50,479] {processor.py:153} INFO - Started process (PID=935) to work on /home/airflow/.local/lib/python3.7/site-packages/airflow/example_dags/example_branch_labels.py
[2022-06-19 17:32:50,480] {processor.py:641} INFO - Processing file /home/airflow/.local/lib/python3.7/site-packages/airflow/example_dags/example_branch_labels.py for tasks to queue
[2022-06-19 17:32:50,481] {logging_mixin.py:115} INFO - [2022-06-19 17:32:50,481] {dagbag.py:507} INFO - Filling up the DagBag from /home/airflow/.local/lib/python3.7/site-packages/airflow/example_dags/example_branch_labels.py
[2022-06-19 17:32:50,486] {processor.py:651} INFO - DAG(s) dict_keys(['example_branch_labels']) retrieved from /home/airflow/.local/lib/python3.7/site-packages/airflow/example_dags/example_branch_labels.py
[2022-06-19 17:32:50,510] {logging_mixin.py:115} INFO - [2022-06-19 17:32:50,509] {dag.py:2379} INFO - Sync 1 DAGs
[2022-06-19 17:32:50,527] {logging_mixin.py:115} INFO - [2022-06-19 17:32:50,527] {dag.py:2931} INFO - Setting next_dagrun for example_branch_labels to 2022-06-18T00:00:00+00:00, run_after=2022-06-19T00:00:00+00:00
[2022-06-19 17:32:50,540] {processor.py:161} INFO - Processing /home/airflow/.local/lib/python3.7/site-packages/airflow/example_dags/example_branch_labels.py took 0.064 seconds
[2022-06-19 17:33:21,410] {processor.py:153} INFO - Started process (PID=1000) to work on /home/airflow/.local/lib/python3.7/site-packages/airflow/example_dags/example_branch_labels.py
[2022-06-19 17:33:21,411] {processor.py:641} INFO - Processing file /home/airflow/.local/lib/python3.7/site-packages/airflow/example_dags/example_branch_labels.py for tasks to queue
[2022-06-19 17:33:21,412] {logging_mixin.py:115} INFO - [2022-06-19 17:33:21,412] {dagbag.py:507} INFO - Filling up the DagBag from /home/airflow/.local/lib/python3.7/site-packages/airflow/example_dags/example_branch_labels.py
[2022-06-19 17:33:21,419] {processor.py:651} INFO - DAG(s) dict_keys(['example_branch_labels']) retrieved from /home/airflow/.local/lib/python3.7/site-packages/airflow/example_dags/example_branch_labels.py
[2022-06-19 17:33:21,452] {logging_mixin.py:115} INFO - [2022-06-19 17:33:21,452] {dag.py:2379} INFO - Sync 1 DAGs
[2022-06-19 17:33:21,475] {logging_mixin.py:115} INFO - [2022-06-19 17:33:21,475] {dag.py:2931} INFO - Setting next_dagrun for example_branch_labels to 2022-06-18T00:00:00+00:00, run_after=2022-06-19T00:00:00+00:00
[2022-06-19 17:33:21,490] {processor.py:161} INFO - Processing /home/airflow/.local/lib/python3.7/site-packages/airflow/example_dags/example_branch_labels.py took 0.083 seconds
[2022-06-19 17:33:52,184] {processor.py:153} INFO - Started process (PID=1055) to work on /home/airflow/.local/lib/python3.7/site-packages/airflow/example_dags/example_branch_labels.py
[2022-06-19 17:33:52,185] {processor.py:641} INFO - Processing file /home/airflow/.local/lib/python3.7/site-packages/airflow/example_dags/example_branch_labels.py for tasks to queue
[2022-06-19 17:33:52,186] {logging_mixin.py:115} INFO - [2022-06-19 17:33:52,186] {dagbag.py:507} INFO - Filling up the DagBag from /home/airflow/.local/lib/python3.7/site-packages/airflow/example_dags/example_branch_labels.py
[2022-06-19 17:33:52,190] {processor.py:651} INFO - DAG(s) dict_keys(['example_branch_labels']) retrieved from /home/airflow/.local/lib/python3.7/site-packages/airflow/example_dags/example_branch_labels.py
[2022-06-19 17:33:52,222] {logging_mixin.py:115} INFO - [2022-06-19 17:33:52,222] {dag.py:2379} INFO - Sync 1 DAGs
[2022-06-19 17:33:52,245] {logging_mixin.py:115} INFO - [2022-06-19 17:33:52,245] {dag.py:2931} INFO - Setting next_dagrun for example_branch_labels to 2022-06-18T00:00:00+00:00, run_after=2022-06-19T00:00:00+00:00
[2022-06-19 17:33:52,261] {processor.py:161} INFO - Processing /home/airflow/.local/lib/python3.7/site-packages/airflow/example_dags/example_branch_labels.py took 0.080 seconds
[2022-06-19 17:34:23,125] {processor.py:153} INFO - Started process (PID=1120) to work on /home/airflow/.local/lib/python3.7/site-packages/airflow/example_dags/example_branch_labels.py
[2022-06-19 17:34:23,126] {processor.py:641} INFO - Processing file /home/airflow/.local/lib/python3.7/site-packages/airflow/example_dags/example_branch_labels.py for tasks to queue
[2022-06-19 17:34:23,127] {logging_mixin.py:115} INFO - [2022-06-19 17:34:23,127] {dagbag.py:507} INFO - Filling up the DagBag from /home/airflow/.local/lib/python3.7/site-packages/airflow/example_dags/example_branch_labels.py
[2022-06-19 17:34:23,132] {processor.py:651} INFO - DAG(s) dict_keys(['example_branch_labels']) retrieved from /home/airflow/.local/lib/python3.7/site-packages/airflow/example_dags/example_branch_labels.py
[2022-06-19 17:34:23,153] {logging_mixin.py:115} INFO - [2022-06-19 17:34:23,153] {dag.py:2379} INFO - Sync 1 DAGs
[2022-06-19 17:34:23,167] {logging_mixin.py:115} INFO - [2022-06-19 17:34:23,166] {dag.py:2931} INFO - Setting next_dagrun for example_branch_labels to 2022-06-18T00:00:00+00:00, run_after=2022-06-19T00:00:00+00:00
[2022-06-19 17:34:23,178] {processor.py:161} INFO - Processing /home/airflow/.local/lib/python3.7/site-packages/airflow/example_dags/example_branch_labels.py took 0.055 seconds
[2022-06-19 17:34:53,866] {processor.py:153} INFO - Started process (PID=1184) to work on /home/airflow/.local/lib/python3.7/site-packages/airflow/example_dags/example_branch_labels.py
[2022-06-19 17:34:53,867] {processor.py:641} INFO - Processing file /home/airflow/.local/lib/python3.7/site-packages/airflow/example_dags/example_branch_labels.py for tasks to queue
[2022-06-19 17:34:53,867] {logging_mixin.py:115} INFO - [2022-06-19 17:34:53,867] {dagbag.py:507} INFO - Filling up the DagBag from /home/airflow/.local/lib/python3.7/site-packages/airflow/example_dags/example_branch_labels.py
[2022-06-19 17:34:53,874] {processor.py:651} INFO - DAG(s) dict_keys(['example_branch_labels']) retrieved from /home/airflow/.local/lib/python3.7/site-packages/airflow/example_dags/example_branch_labels.py
[2022-06-19 17:34:53,898] {logging_mixin.py:115} INFO - [2022-06-19 17:34:53,898] {dag.py:2379} INFO - Sync 1 DAGs
[2022-06-19 17:34:53,914] {logging_mixin.py:115} INFO - [2022-06-19 17:34:53,913] {dag.py:2931} INFO - Setting next_dagrun for example_branch_labels to 2022-06-18T00:00:00+00:00, run_after=2022-06-19T00:00:00+00:00
[2022-06-19 17:34:53,924] {processor.py:161} INFO - Processing /home/airflow/.local/lib/python3.7/site-packages/airflow/example_dags/example_branch_labels.py took 0.060 seconds
[2022-06-19 17:35:24,634] {processor.py:153} INFO - Started process (PID=1248) to work on /home/airflow/.local/lib/python3.7/site-packages/airflow/example_dags/example_branch_labels.py
[2022-06-19 17:35:24,635] {processor.py:641} INFO - Processing file /home/airflow/.local/lib/python3.7/site-packages/airflow/example_dags/example_branch_labels.py for tasks to queue
[2022-06-19 17:35:24,636] {logging_mixin.py:115} INFO - [2022-06-19 17:35:24,636] {dagbag.py:507} INFO - Filling up the DagBag from /home/airflow/.local/lib/python3.7/site-packages/airflow/example_dags/example_branch_labels.py
[2022-06-19 17:35:24,641] {processor.py:651} INFO - DAG(s) dict_keys(['example_branch_labels']) retrieved from /home/airflow/.local/lib/python3.7/site-packages/airflow/example_dags/example_branch_labels.py
[2022-06-19 17:35:24,666] {logging_mixin.py:115} INFO - [2022-06-19 17:35:24,666] {dag.py:2379} INFO - Sync 1 DAGs
[2022-06-19 17:35:24,686] {logging_mixin.py:115} INFO - [2022-06-19 17:35:24,686] {dag.py:2931} INFO - Setting next_dagrun for example_branch_labels to 2022-06-18T00:00:00+00:00, run_after=2022-06-19T00:00:00+00:00
[2022-06-19 17:35:24,699] {processor.py:161} INFO - Processing /home/airflow/.local/lib/python3.7/site-packages/airflow/example_dags/example_branch_labels.py took 0.067 seconds
[2022-06-19 17:35:55,343] {processor.py:153} INFO - Started process (PID=1303) to work on /home/airflow/.local/lib/python3.7/site-packages/airflow/example_dags/example_branch_labels.py
[2022-06-19 17:35:55,343] {processor.py:641} INFO - Processing file /home/airflow/.local/lib/python3.7/site-packages/airflow/example_dags/example_branch_labels.py for tasks to queue
[2022-06-19 17:35:55,344] {logging_mixin.py:115} INFO - [2022-06-19 17:35:55,344] {dagbag.py:507} INFO - Filling up the DagBag from /home/airflow/.local/lib/python3.7/site-packages/airflow/example_dags/example_branch_labels.py
[2022-06-19 17:35:55,351] {processor.py:651} INFO - DAG(s) dict_keys(['example_branch_labels']) retrieved from /home/airflow/.local/lib/python3.7/site-packages/airflow/example_dags/example_branch_labels.py
[2022-06-19 17:35:55,374] {logging_mixin.py:115} INFO - [2022-06-19 17:35:55,374] {dag.py:2379} INFO - Sync 1 DAGs
[2022-06-19 17:35:55,392] {logging_mixin.py:115} INFO - [2022-06-19 17:35:55,392] {dag.py:2931} INFO - Setting next_dagrun for example_branch_labels to 2022-06-18T00:00:00+00:00, run_after=2022-06-19T00:00:00+00:00
[2022-06-19 17:35:55,402] {processor.py:161} INFO - Processing /home/airflow/.local/lib/python3.7/site-packages/airflow/example_dags/example_branch_labels.py took 0.063 seconds
[2022-06-19 17:36:26,080] {processor.py:153} INFO - Started process (PID=1367) to work on /home/airflow/.local/lib/python3.7/site-packages/airflow/example_dags/example_branch_labels.py
[2022-06-19 17:36:26,081] {processor.py:641} INFO - Processing file /home/airflow/.local/lib/python3.7/site-packages/airflow/example_dags/example_branch_labels.py for tasks to queue
[2022-06-19 17:36:26,081] {logging_mixin.py:115} INFO - [2022-06-19 17:36:26,081] {dagbag.py:507} INFO - Filling up the DagBag from /home/airflow/.local/lib/python3.7/site-packages/airflow/example_dags/example_branch_labels.py
[2022-06-19 17:36:26,086] {processor.py:651} INFO - DAG(s) dict_keys(['example_branch_labels']) retrieved from /home/airflow/.local/lib/python3.7/site-packages/airflow/example_dags/example_branch_labels.py
[2022-06-19 17:36:26,107] {logging_mixin.py:115} INFO - [2022-06-19 17:36:26,107] {dag.py:2379} INFO - Sync 1 DAGs
[2022-06-19 17:36:26,121] {logging_mixin.py:115} INFO - [2022-06-19 17:36:26,121] {dag.py:2931} INFO - Setting next_dagrun for example_branch_labels to 2022-06-18T00:00:00+00:00, run_after=2022-06-19T00:00:00+00:00
[2022-06-19 17:36:26,132] {processor.py:161} INFO - Processing /home/airflow/.local/lib/python3.7/site-packages/airflow/example_dags/example_branch_labels.py took 0.054 seconds
[2022-06-19 17:36:56,547] {processor.py:153} INFO - Started process (PID=1431) to work on /home/airflow/.local/lib/python3.7/site-packages/airflow/example_dags/example_branch_labels.py
[2022-06-19 17:36:56,548] {processor.py:641} INFO - Processing file /home/airflow/.local/lib/python3.7/site-packages/airflow/example_dags/example_branch_labels.py for tasks to queue
[2022-06-19 17:36:56,548] {logging_mixin.py:115} INFO - [2022-06-19 17:36:56,548] {dagbag.py:507} INFO - Filling up the DagBag from /home/airflow/.local/lib/python3.7/site-packages/airflow/example_dags/example_branch_labels.py
[2022-06-19 17:36:56,553] {processor.py:651} INFO - DAG(s) dict_keys(['example_branch_labels']) retrieved from /home/airflow/.local/lib/python3.7/site-packages/airflow/example_dags/example_branch_labels.py
[2022-06-19 17:36:56,574] {logging_mixin.py:115} INFO - [2022-06-19 17:36:56,574] {dag.py:2379} INFO - Sync 1 DAGs
[2022-06-19 17:36:56,588] {logging_mixin.py:115} INFO - [2022-06-19 17:36:56,588] {dag.py:2931} INFO - Setting next_dagrun for example_branch_labels to 2022-06-18T00:00:00+00:00, run_after=2022-06-19T00:00:00+00:00
[2022-06-19 17:36:56,599] {processor.py:161} INFO - Processing /home/airflow/.local/lib/python3.7/site-packages/airflow/example_dags/example_branch_labels.py took 0.055 seconds
[2022-06-19 17:37:27,637] {processor.py:153} INFO - Started process (PID=1495) to work on /home/airflow/.local/lib/python3.7/site-packages/airflow/example_dags/example_branch_labels.py
[2022-06-19 17:37:27,638] {processor.py:641} INFO - Processing file /home/airflow/.local/lib/python3.7/site-packages/airflow/example_dags/example_branch_labels.py for tasks to queue
[2022-06-19 17:37:27,638] {logging_mixin.py:115} INFO - [2022-06-19 17:37:27,638] {dagbag.py:507} INFO - Filling up the DagBag from /home/airflow/.local/lib/python3.7/site-packages/airflow/example_dags/example_branch_labels.py
[2022-06-19 17:37:27,644] {processor.py:651} INFO - DAG(s) dict_keys(['example_branch_labels']) retrieved from /home/airflow/.local/lib/python3.7/site-packages/airflow/example_dags/example_branch_labels.py
[2022-06-19 17:37:27,666] {logging_mixin.py:115} INFO - [2022-06-19 17:37:27,666] {dag.py:2379} INFO - Sync 1 DAGs
[2022-06-19 17:37:27,684] {logging_mixin.py:115} INFO - [2022-06-19 17:37:27,684] {dag.py:2931} INFO - Setting next_dagrun for example_branch_labels to 2022-06-18T00:00:00+00:00, run_after=2022-06-19T00:00:00+00:00
[2022-06-19 17:37:27,694] {processor.py:161} INFO - Processing /home/airflow/.local/lib/python3.7/site-packages/airflow/example_dags/example_branch_labels.py took 0.060 seconds
