[2022-06-19 17:28:19,842] {processor.py:153} INFO - Started process (PID=429) to work on /home/airflow/.local/lib/python3.7/site-packages/airflow/example_dags/example_branch_datetime_operator.py
[2022-06-19 17:28:19,856] {processor.py:641} INFO - Processing file /home/airflow/.local/lib/python3.7/site-packages/airflow/example_dags/example_branch_datetime_operator.py for tasks to queue
[2022-06-19 17:28:19,861] {logging_mixin.py:115} INFO - [2022-06-19 17:28:19,860] {dagbag.py:507} INFO - Filling up the DagBag from /home/airflow/.local/lib/python3.7/site-packages/airflow/example_dags/example_branch_datetime_operator.py
[2022-06-19 17:28:19,891] {processor.py:651} INFO - DAG(s) dict_keys(['example_branch_datetime_operator_2']) retrieved from /home/airflow/.local/lib/python3.7/site-packages/airflow/example_dags/example_branch_datetime_operator.py
[2022-06-19 17:28:19,989] {logging_mixin.py:115} INFO - [2022-06-19 17:28:19,989] {dag.py:2379} INFO - Sync 1 DAGs
[2022-06-19 17:28:20,082] {logging_mixin.py:115} INFO - [2022-06-19 17:28:20,082] {dag.py:2931} INFO - Setting next_dagrun for example_branch_datetime_operator_2 to 2022-06-18T00:00:00+00:00, run_after=2022-06-19T00:00:00+00:00
[2022-06-19 17:28:20,125] {processor.py:161} INFO - Processing /home/airflow/.local/lib/python3.7/site-packages/airflow/example_dags/example_branch_datetime_operator.py took 0.287 seconds
[2022-06-19 17:28:50,951] {processor.py:153} INFO - Started process (PID=484) to work on /home/airflow/.local/lib/python3.7/site-packages/airflow/example_dags/example_branch_datetime_operator.py
[2022-06-19 17:28:50,955] {processor.py:641} INFO - Processing file /home/airflow/.local/lib/python3.7/site-packages/airflow/example_dags/example_branch_datetime_operator.py for tasks to queue
[2022-06-19 17:28:50,956] {logging_mixin.py:115} INFO - [2022-06-19 17:28:50,956] {dagbag.py:507} INFO - Filling up the DagBag from /home/airflow/.local/lib/python3.7/site-packages/airflow/example_dags/example_branch_datetime_operator.py
[2022-06-19 17:28:50,989] {processor.py:651} INFO - DAG(s) dict_keys(['example_branch_datetime_operator_2']) retrieved from /home/airflow/.local/lib/python3.7/site-packages/airflow/example_dags/example_branch_datetime_operator.py
[2022-06-19 17:28:51,088] {logging_mixin.py:115} INFO - [2022-06-19 17:28:51,088] {dag.py:2379} INFO - Sync 1 DAGs
[2022-06-19 17:28:51,175] {logging_mixin.py:115} INFO - [2022-06-19 17:28:51,175] {dag.py:2931} INFO - Setting next_dagrun for example_branch_datetime_operator_2 to 2022-06-18T00:00:00+00:00, run_after=2022-06-19T00:00:00+00:00
[2022-06-19 17:28:51,282] {processor.py:161} INFO - Processing /home/airflow/.local/lib/python3.7/site-packages/airflow/example_dags/example_branch_datetime_operator.py took 0.336 seconds
[2022-06-19 17:29:21,494] {processor.py:153} INFO - Started process (PID=541) to work on /home/airflow/.local/lib/python3.7/site-packages/airflow/example_dags/example_branch_datetime_operator.py
[2022-06-19 17:29:21,498] {processor.py:641} INFO - Processing file /home/airflow/.local/lib/python3.7/site-packages/airflow/example_dags/example_branch_datetime_operator.py for tasks to queue
[2022-06-19 17:29:21,499] {logging_mixin.py:115} INFO - [2022-06-19 17:29:21,498] {dagbag.py:507} INFO - Filling up the DagBag from /home/airflow/.local/lib/python3.7/site-packages/airflow/example_dags/example_branch_datetime_operator.py
[2022-06-19 17:29:21,515] {processor.py:651} INFO - DAG(s) dict_keys(['example_branch_datetime_operator_2']) retrieved from /home/airflow/.local/lib/python3.7/site-packages/airflow/example_dags/example_branch_datetime_operator.py
[2022-06-19 17:29:21,570] {logging_mixin.py:115} INFO - [2022-06-19 17:29:21,570] {dag.py:2379} INFO - Sync 1 DAGs
[2022-06-19 17:29:21,608] {logging_mixin.py:115} INFO - [2022-06-19 17:29:21,607] {dag.py:2931} INFO - Setting next_dagrun for example_branch_datetime_operator_2 to 2022-06-18T00:00:00+00:00, run_after=2022-06-19T00:00:00+00:00
[2022-06-19 17:29:21,633] {processor.py:161} INFO - Processing /home/airflow/.local/lib/python3.7/site-packages/airflow/example_dags/example_branch_datetime_operator.py took 0.148 seconds
[2022-06-19 17:29:52,387] {processor.py:153} INFO - Started process (PID=596) to work on /home/airflow/.local/lib/python3.7/site-packages/airflow/example_dags/example_branch_datetime_operator.py
[2022-06-19 17:29:52,388] {processor.py:641} INFO - Processing file /home/airflow/.local/lib/python3.7/site-packages/airflow/example_dags/example_branch_datetime_operator.py for tasks to queue
[2022-06-19 17:29:52,389] {logging_mixin.py:115} INFO - [2022-06-19 17:29:52,389] {dagbag.py:507} INFO - Filling up the DagBag from /home/airflow/.local/lib/python3.7/site-packages/airflow/example_dags/example_branch_datetime_operator.py
[2022-06-19 17:29:52,396] {processor.py:651} INFO - DAG(s) dict_keys(['example_branch_datetime_operator_2']) retrieved from /home/airflow/.local/lib/python3.7/site-packages/airflow/example_dags/example_branch_datetime_operator.py
[2022-06-19 17:29:52,417] {logging_mixin.py:115} INFO - [2022-06-19 17:29:52,417] {dag.py:2379} INFO - Sync 1 DAGs
[2022-06-19 17:29:52,437] {logging_mixin.py:115} INFO - [2022-06-19 17:29:52,437] {dag.py:2931} INFO - Setting next_dagrun for example_branch_datetime_operator_2 to 2022-06-18T00:00:00+00:00, run_after=2022-06-19T00:00:00+00:00
[2022-06-19 17:29:52,450] {processor.py:161} INFO - Processing /home/airflow/.local/lib/python3.7/site-packages/airflow/example_dags/example_branch_datetime_operator.py took 0.066 seconds
[2022-06-19 17:30:22,990] {processor.py:153} INFO - Started process (PID=660) to work on /home/airflow/.local/lib/python3.7/site-packages/airflow/example_dags/example_branch_datetime_operator.py
[2022-06-19 17:30:22,991] {processor.py:641} INFO - Processing file /home/airflow/.local/lib/python3.7/site-packages/airflow/example_dags/example_branch_datetime_operator.py for tasks to queue
[2022-06-19 17:30:22,991] {logging_mixin.py:115} INFO - [2022-06-19 17:30:22,991] {dagbag.py:507} INFO - Filling up the DagBag from /home/airflow/.local/lib/python3.7/site-packages/airflow/example_dags/example_branch_datetime_operator.py
[2022-06-19 17:30:22,998] {processor.py:651} INFO - DAG(s) dict_keys(['example_branch_datetime_operator_2']) retrieved from /home/airflow/.local/lib/python3.7/site-packages/airflow/example_dags/example_branch_datetime_operator.py
[2022-06-19 17:30:23,023] {logging_mixin.py:115} INFO - [2022-06-19 17:30:23,023] {dag.py:2379} INFO - Sync 1 DAGs
[2022-06-19 17:30:23,039] {logging_mixin.py:115} INFO - [2022-06-19 17:30:23,039] {dag.py:2931} INFO - Setting next_dagrun for example_branch_datetime_operator_2 to 2022-06-18T00:00:00+00:00, run_after=2022-06-19T00:00:00+00:00
[2022-06-19 17:30:23,051] {processor.py:161} INFO - Processing /home/airflow/.local/lib/python3.7/site-packages/airflow/example_dags/example_branch_datetime_operator.py took 0.065 seconds
[2022-06-19 17:30:53,685] {processor.py:153} INFO - Started process (PID=715) to work on /home/airflow/.local/lib/python3.7/site-packages/airflow/example_dags/example_branch_datetime_operator.py
[2022-06-19 17:30:53,686] {processor.py:641} INFO - Processing file /home/airflow/.local/lib/python3.7/site-packages/airflow/example_dags/example_branch_datetime_operator.py for tasks to queue
[2022-06-19 17:30:53,686] {logging_mixin.py:115} INFO - [2022-06-19 17:30:53,686] {dagbag.py:507} INFO - Filling up the DagBag from /home/airflow/.local/lib/python3.7/site-packages/airflow/example_dags/example_branch_datetime_operator.py
[2022-06-19 17:30:53,693] {processor.py:651} INFO - DAG(s) dict_keys(['example_branch_datetime_operator_2']) retrieved from /home/airflow/.local/lib/python3.7/site-packages/airflow/example_dags/example_branch_datetime_operator.py
[2022-06-19 17:30:53,718] {logging_mixin.py:115} INFO - [2022-06-19 17:30:53,718] {dag.py:2379} INFO - Sync 1 DAGs
[2022-06-19 17:30:53,738] {logging_mixin.py:115} INFO - [2022-06-19 17:30:53,738] {dag.py:2931} INFO - Setting next_dagrun for example_branch_datetime_operator_2 to 2022-06-18T00:00:00+00:00, run_after=2022-06-19T00:00:00+00:00
[2022-06-19 17:30:53,757] {processor.py:161} INFO - Processing /home/airflow/.local/lib/python3.7/site-packages/airflow/example_dags/example_branch_datetime_operator.py took 0.074 seconds
[2022-06-19 17:31:23,872] {processor.py:153} INFO - Started process (PID=779) to work on /home/airflow/.local/lib/python3.7/site-packages/airflow/example_dags/example_branch_datetime_operator.py
[2022-06-19 17:31:23,873] {processor.py:641} INFO - Processing file /home/airflow/.local/lib/python3.7/site-packages/airflow/example_dags/example_branch_datetime_operator.py for tasks to queue
[2022-06-19 17:31:23,875] {logging_mixin.py:115} INFO - [2022-06-19 17:31:23,875] {dagbag.py:507} INFO - Filling up the DagBag from /home/airflow/.local/lib/python3.7/site-packages/airflow/example_dags/example_branch_datetime_operator.py
[2022-06-19 17:31:23,896] {processor.py:651} INFO - DAG(s) dict_keys(['example_branch_datetime_operator_2']) retrieved from /home/airflow/.local/lib/python3.7/site-packages/airflow/example_dags/example_branch_datetime_operator.py
[2022-06-19 17:31:23,954] {logging_mixin.py:115} INFO - [2022-06-19 17:31:23,954] {dag.py:2379} INFO - Sync 1 DAGs
[2022-06-19 17:31:24,010] {logging_mixin.py:115} INFO - [2022-06-19 17:31:24,009] {dag.py:2931} INFO - Setting next_dagrun for example_branch_datetime_operator_2 to 2022-06-18T00:00:00+00:00, run_after=2022-06-19T00:00:00+00:00
[2022-06-19 17:31:24,049] {processor.py:161} INFO - Processing /home/airflow/.local/lib/python3.7/site-packages/airflow/example_dags/example_branch_datetime_operator.py took 0.186 seconds
[2022-06-19 17:31:54,682] {processor.py:153} INFO - Started process (PID=834) to work on /home/airflow/.local/lib/python3.7/site-packages/airflow/example_dags/example_branch_datetime_operator.py
[2022-06-19 17:31:54,682] {processor.py:641} INFO - Processing file /home/airflow/.local/lib/python3.7/site-packages/airflow/example_dags/example_branch_datetime_operator.py for tasks to queue
[2022-06-19 17:31:54,683] {logging_mixin.py:115} INFO - [2022-06-19 17:31:54,683] {dagbag.py:507} INFO - Filling up the DagBag from /home/airflow/.local/lib/python3.7/site-packages/airflow/example_dags/example_branch_datetime_operator.py
[2022-06-19 17:31:54,690] {processor.py:651} INFO - DAG(s) dict_keys(['example_branch_datetime_operator_2']) retrieved from /home/airflow/.local/lib/python3.7/site-packages/airflow/example_dags/example_branch_datetime_operator.py
[2022-06-19 17:31:54,712] {logging_mixin.py:115} INFO - [2022-06-19 17:31:54,712] {dag.py:2379} INFO - Sync 1 DAGs
[2022-06-19 17:31:54,731] {logging_mixin.py:115} INFO - [2022-06-19 17:31:54,731] {dag.py:2931} INFO - Setting next_dagrun for example_branch_datetime_operator_2 to 2022-06-18T00:00:00+00:00, run_after=2022-06-19T00:00:00+00:00
[2022-06-19 17:31:54,743] {processor.py:161} INFO - Processing /home/airflow/.local/lib/python3.7/site-packages/airflow/example_dags/example_branch_datetime_operator.py took 0.064 seconds
[2022-06-19 17:32:25,553] {processor.py:153} INFO - Started process (PID=898) to work on /home/airflow/.local/lib/python3.7/site-packages/airflow/example_dags/example_branch_datetime_operator.py
[2022-06-19 17:32:25,553] {processor.py:641} INFO - Processing file /home/airflow/.local/lib/python3.7/site-packages/airflow/example_dags/example_branch_datetime_operator.py for tasks to queue
[2022-06-19 17:32:25,554] {logging_mixin.py:115} INFO - [2022-06-19 17:32:25,554] {dagbag.py:507} INFO - Filling up the DagBag from /home/airflow/.local/lib/python3.7/site-packages/airflow/example_dags/example_branch_datetime_operator.py
[2022-06-19 17:32:25,561] {processor.py:651} INFO - DAG(s) dict_keys(['example_branch_datetime_operator_2']) retrieved from /home/airflow/.local/lib/python3.7/site-packages/airflow/example_dags/example_branch_datetime_operator.py
[2022-06-19 17:32:25,582] {logging_mixin.py:115} INFO - [2022-06-19 17:32:25,582] {dag.py:2379} INFO - Sync 1 DAGs
[2022-06-19 17:32:25,598] {logging_mixin.py:115} INFO - [2022-06-19 17:32:25,598] {dag.py:2931} INFO - Setting next_dagrun for example_branch_datetime_operator_2 to 2022-06-18T00:00:00+00:00, run_after=2022-06-19T00:00:00+00:00
[2022-06-19 17:32:25,611] {processor.py:161} INFO - Processing /home/airflow/.local/lib/python3.7/site-packages/airflow/example_dags/example_branch_datetime_operator.py took 0.060 seconds
[2022-06-19 17:32:55,787] {processor.py:153} INFO - Started process (PID=953) to work on /home/airflow/.local/lib/python3.7/site-packages/airflow/example_dags/example_branch_datetime_operator.py
[2022-06-19 17:32:55,788] {processor.py:641} INFO - Processing file /home/airflow/.local/lib/python3.7/site-packages/airflow/example_dags/example_branch_datetime_operator.py for tasks to queue
[2022-06-19 17:32:55,788] {logging_mixin.py:115} INFO - [2022-06-19 17:32:55,788] {dagbag.py:507} INFO - Filling up the DagBag from /home/airflow/.local/lib/python3.7/site-packages/airflow/example_dags/example_branch_datetime_operator.py
[2022-06-19 17:32:55,801] {processor.py:651} INFO - DAG(s) dict_keys(['example_branch_datetime_operator_2']) retrieved from /home/airflow/.local/lib/python3.7/site-packages/airflow/example_dags/example_branch_datetime_operator.py
[2022-06-19 17:32:55,848] {logging_mixin.py:115} INFO - [2022-06-19 17:32:55,847] {dag.py:2379} INFO - Sync 1 DAGs
[2022-06-19 17:32:55,887] {logging_mixin.py:115} INFO - [2022-06-19 17:32:55,887] {dag.py:2931} INFO - Setting next_dagrun for example_branch_datetime_operator_2 to 2022-06-18T00:00:00+00:00, run_after=2022-06-19T00:00:00+00:00
[2022-06-19 17:32:55,916] {processor.py:161} INFO - Processing /home/airflow/.local/lib/python3.7/site-packages/airflow/example_dags/example_branch_datetime_operator.py took 0.133 seconds
[2022-06-19 17:33:26,210] {processor.py:153} INFO - Started process (PID=1018) to work on /home/airflow/.local/lib/python3.7/site-packages/airflow/example_dags/example_branch_datetime_operator.py
[2022-06-19 17:33:26,210] {processor.py:641} INFO - Processing file /home/airflow/.local/lib/python3.7/site-packages/airflow/example_dags/example_branch_datetime_operator.py for tasks to queue
[2022-06-19 17:33:26,211] {logging_mixin.py:115} INFO - [2022-06-19 17:33:26,211] {dagbag.py:507} INFO - Filling up the DagBag from /home/airflow/.local/lib/python3.7/site-packages/airflow/example_dags/example_branch_datetime_operator.py
[2022-06-19 17:33:26,220] {processor.py:651} INFO - DAG(s) dict_keys(['example_branch_datetime_operator_2']) retrieved from /home/airflow/.local/lib/python3.7/site-packages/airflow/example_dags/example_branch_datetime_operator.py
[2022-06-19 17:33:26,241] {logging_mixin.py:115} INFO - [2022-06-19 17:33:26,241] {dag.py:2379} INFO - Sync 1 DAGs
[2022-06-19 17:33:26,255] {logging_mixin.py:115} INFO - [2022-06-19 17:33:26,255] {dag.py:2931} INFO - Setting next_dagrun for example_branch_datetime_operator_2 to 2022-06-18T00:00:00+00:00, run_after=2022-06-19T00:00:00+00:00
[2022-06-19 17:33:26,269] {processor.py:161} INFO - Processing /home/airflow/.local/lib/python3.7/site-packages/airflow/example_dags/example_branch_datetime_operator.py took 0.062 seconds
[2022-06-19 17:33:57,207] {processor.py:153} INFO - Started process (PID=1083) to work on /home/airflow/.local/lib/python3.7/site-packages/airflow/example_dags/example_branch_datetime_operator.py
[2022-06-19 17:33:57,208] {processor.py:641} INFO - Processing file /home/airflow/.local/lib/python3.7/site-packages/airflow/example_dags/example_branch_datetime_operator.py for tasks to queue
[2022-06-19 17:33:57,209] {logging_mixin.py:115} INFO - [2022-06-19 17:33:57,209] {dagbag.py:507} INFO - Filling up the DagBag from /home/airflow/.local/lib/python3.7/site-packages/airflow/example_dags/example_branch_datetime_operator.py
[2022-06-19 17:33:57,215] {processor.py:651} INFO - DAG(s) dict_keys(['example_branch_datetime_operator_2']) retrieved from /home/airflow/.local/lib/python3.7/site-packages/airflow/example_dags/example_branch_datetime_operator.py
[2022-06-19 17:33:57,234] {logging_mixin.py:115} INFO - [2022-06-19 17:33:57,234] {dag.py:2379} INFO - Sync 1 DAGs
[2022-06-19 17:33:57,248] {logging_mixin.py:115} INFO - [2022-06-19 17:33:57,248] {dag.py:2931} INFO - Setting next_dagrun for example_branch_datetime_operator_2 to 2022-06-18T00:00:00+00:00, run_after=2022-06-19T00:00:00+00:00
[2022-06-19 17:33:57,263] {processor.py:161} INFO - Processing /home/airflow/.local/lib/python3.7/site-packages/airflow/example_dags/example_branch_datetime_operator.py took 0.058 seconds
[2022-06-19 17:34:27,839] {processor.py:153} INFO - Started process (PID=1147) to work on /home/airflow/.local/lib/python3.7/site-packages/airflow/example_dags/example_branch_datetime_operator.py
[2022-06-19 17:34:27,839] {processor.py:641} INFO - Processing file /home/airflow/.local/lib/python3.7/site-packages/airflow/example_dags/example_branch_datetime_operator.py for tasks to queue
[2022-06-19 17:34:27,840] {logging_mixin.py:115} INFO - [2022-06-19 17:34:27,840] {dagbag.py:507} INFO - Filling up the DagBag from /home/airflow/.local/lib/python3.7/site-packages/airflow/example_dags/example_branch_datetime_operator.py
[2022-06-19 17:34:27,846] {processor.py:651} INFO - DAG(s) dict_keys(['example_branch_datetime_operator_2']) retrieved from /home/airflow/.local/lib/python3.7/site-packages/airflow/example_dags/example_branch_datetime_operator.py
[2022-06-19 17:34:27,867] {logging_mixin.py:115} INFO - [2022-06-19 17:34:27,867] {dag.py:2379} INFO - Sync 1 DAGs
[2022-06-19 17:34:27,887] {logging_mixin.py:115} INFO - [2022-06-19 17:34:27,887] {dag.py:2931} INFO - Setting next_dagrun for example_branch_datetime_operator_2 to 2022-06-18T00:00:00+00:00, run_after=2022-06-19T00:00:00+00:00
[2022-06-19 17:34:27,899] {processor.py:161} INFO - Processing /home/airflow/.local/lib/python3.7/site-packages/airflow/example_dags/example_branch_datetime_operator.py took 0.063 seconds
[2022-06-19 17:34:58,669] {processor.py:153} INFO - Started process (PID=1202) to work on /home/airflow/.local/lib/python3.7/site-packages/airflow/example_dags/example_branch_datetime_operator.py
[2022-06-19 17:34:58,669] {processor.py:641} INFO - Processing file /home/airflow/.local/lib/python3.7/site-packages/airflow/example_dags/example_branch_datetime_operator.py for tasks to queue
[2022-06-19 17:34:58,670] {logging_mixin.py:115} INFO - [2022-06-19 17:34:58,670] {dagbag.py:507} INFO - Filling up the DagBag from /home/airflow/.local/lib/python3.7/site-packages/airflow/example_dags/example_branch_datetime_operator.py
[2022-06-19 17:34:58,676] {processor.py:651} INFO - DAG(s) dict_keys(['example_branch_datetime_operator_2']) retrieved from /home/airflow/.local/lib/python3.7/site-packages/airflow/example_dags/example_branch_datetime_operator.py
[2022-06-19 17:34:58,696] {logging_mixin.py:115} INFO - [2022-06-19 17:34:58,696] {dag.py:2379} INFO - Sync 1 DAGs
[2022-06-19 17:34:58,710] {logging_mixin.py:115} INFO - [2022-06-19 17:34:58,710] {dag.py:2931} INFO - Setting next_dagrun for example_branch_datetime_operator_2 to 2022-06-18T00:00:00+00:00, run_after=2022-06-19T00:00:00+00:00
[2022-06-19 17:34:58,723] {processor.py:161} INFO - Processing /home/airflow/.local/lib/python3.7/site-packages/airflow/example_dags/example_branch_datetime_operator.py took 0.057 seconds
[2022-06-19 17:35:29,473] {processor.py:153} INFO - Started process (PID=1266) to work on /home/airflow/.local/lib/python3.7/site-packages/airflow/example_dags/example_branch_datetime_operator.py
[2022-06-19 17:35:29,474] {processor.py:641} INFO - Processing file /home/airflow/.local/lib/python3.7/site-packages/airflow/example_dags/example_branch_datetime_operator.py for tasks to queue
[2022-06-19 17:35:29,475] {logging_mixin.py:115} INFO - [2022-06-19 17:35:29,475] {dagbag.py:507} INFO - Filling up the DagBag from /home/airflow/.local/lib/python3.7/site-packages/airflow/example_dags/example_branch_datetime_operator.py
[2022-06-19 17:35:29,482] {processor.py:651} INFO - DAG(s) dict_keys(['example_branch_datetime_operator_2']) retrieved from /home/airflow/.local/lib/python3.7/site-packages/airflow/example_dags/example_branch_datetime_operator.py
[2022-06-19 17:35:29,502] {logging_mixin.py:115} INFO - [2022-06-19 17:35:29,502] {dag.py:2379} INFO - Sync 1 DAGs
[2022-06-19 17:35:29,517] {logging_mixin.py:115} INFO - [2022-06-19 17:35:29,517] {dag.py:2931} INFO - Setting next_dagrun for example_branch_datetime_operator_2 to 2022-06-18T00:00:00+00:00, run_after=2022-06-19T00:00:00+00:00
[2022-06-19 17:35:29,528] {processor.py:161} INFO - Processing /home/airflow/.local/lib/python3.7/site-packages/airflow/example_dags/example_branch_datetime_operator.py took 0.058 seconds
[2022-06-19 17:36:00,178] {processor.py:153} INFO - Started process (PID=1330) to work on /home/airflow/.local/lib/python3.7/site-packages/airflow/example_dags/example_branch_datetime_operator.py
[2022-06-19 17:36:00,179] {processor.py:641} INFO - Processing file /home/airflow/.local/lib/python3.7/site-packages/airflow/example_dags/example_branch_datetime_operator.py for tasks to queue
[2022-06-19 17:36:00,179] {logging_mixin.py:115} INFO - [2022-06-19 17:36:00,179] {dagbag.py:507} INFO - Filling up the DagBag from /home/airflow/.local/lib/python3.7/site-packages/airflow/example_dags/example_branch_datetime_operator.py
[2022-06-19 17:36:00,188] {processor.py:651} INFO - DAG(s) dict_keys(['example_branch_datetime_operator_2']) retrieved from /home/airflow/.local/lib/python3.7/site-packages/airflow/example_dags/example_branch_datetime_operator.py
[2022-06-19 17:36:00,211] {logging_mixin.py:115} INFO - [2022-06-19 17:36:00,211] {dag.py:2379} INFO - Sync 1 DAGs
[2022-06-19 17:36:00,225] {logging_mixin.py:115} INFO - [2022-06-19 17:36:00,225] {dag.py:2931} INFO - Setting next_dagrun for example_branch_datetime_operator_2 to 2022-06-18T00:00:00+00:00, run_after=2022-06-19T00:00:00+00:00
[2022-06-19 17:36:00,236] {processor.py:161} INFO - Processing /home/airflow/.local/lib/python3.7/site-packages/airflow/example_dags/example_branch_datetime_operator.py took 0.061 seconds
[2022-06-19 17:36:30,689] {processor.py:153} INFO - Started process (PID=1385) to work on /home/airflow/.local/lib/python3.7/site-packages/airflow/example_dags/example_branch_datetime_operator.py
[2022-06-19 17:36:30,690] {processor.py:641} INFO - Processing file /home/airflow/.local/lib/python3.7/site-packages/airflow/example_dags/example_branch_datetime_operator.py for tasks to queue
[2022-06-19 17:36:30,690] {logging_mixin.py:115} INFO - [2022-06-19 17:36:30,690] {dagbag.py:507} INFO - Filling up the DagBag from /home/airflow/.local/lib/python3.7/site-packages/airflow/example_dags/example_branch_datetime_operator.py
[2022-06-19 17:36:30,696] {processor.py:651} INFO - DAG(s) dict_keys(['example_branch_datetime_operator_2']) retrieved from /home/airflow/.local/lib/python3.7/site-packages/airflow/example_dags/example_branch_datetime_operator.py
[2022-06-19 17:36:30,753] {logging_mixin.py:115} INFO - [2022-06-19 17:36:30,753] {dag.py:2379} INFO - Sync 1 DAGs
[2022-06-19 17:36:30,771] {logging_mixin.py:115} INFO - [2022-06-19 17:36:30,770] {dag.py:2931} INFO - Setting next_dagrun for example_branch_datetime_operator_2 to 2022-06-18T00:00:00+00:00, run_after=2022-06-19T00:00:00+00:00
[2022-06-19 17:36:30,786] {processor.py:161} INFO - Processing /home/airflow/.local/lib/python3.7/site-packages/airflow/example_dags/example_branch_datetime_operator.py took 0.099 seconds
[2022-06-19 17:37:01,274] {processor.py:153} INFO - Started process (PID=1449) to work on /home/airflow/.local/lib/python3.7/site-packages/airflow/example_dags/example_branch_datetime_operator.py
[2022-06-19 17:37:01,274] {processor.py:641} INFO - Processing file /home/airflow/.local/lib/python3.7/site-packages/airflow/example_dags/example_branch_datetime_operator.py for tasks to queue
[2022-06-19 17:37:01,275] {logging_mixin.py:115} INFO - [2022-06-19 17:37:01,275] {dagbag.py:507} INFO - Filling up the DagBag from /home/airflow/.local/lib/python3.7/site-packages/airflow/example_dags/example_branch_datetime_operator.py
[2022-06-19 17:37:01,281] {processor.py:651} INFO - DAG(s) dict_keys(['example_branch_datetime_operator_2']) retrieved from /home/airflow/.local/lib/python3.7/site-packages/airflow/example_dags/example_branch_datetime_operator.py
[2022-06-19 17:37:01,299] {logging_mixin.py:115} INFO - [2022-06-19 17:37:01,299] {dag.py:2379} INFO - Sync 1 DAGs
[2022-06-19 17:37:01,314] {logging_mixin.py:115} INFO - [2022-06-19 17:37:01,314] {dag.py:2931} INFO - Setting next_dagrun for example_branch_datetime_operator_2 to 2022-06-18T00:00:00+00:00, run_after=2022-06-19T00:00:00+00:00
[2022-06-19 17:37:01,327] {processor.py:161} INFO - Processing /home/airflow/.local/lib/python3.7/site-packages/airflow/example_dags/example_branch_datetime_operator.py took 0.056 seconds
[2022-06-19 17:37:31,450] {processor.py:153} INFO - Started process (PID=1513) to work on /home/airflow/.local/lib/python3.7/site-packages/airflow/example_dags/example_branch_datetime_operator.py
[2022-06-19 17:37:31,451] {processor.py:641} INFO - Processing file /home/airflow/.local/lib/python3.7/site-packages/airflow/example_dags/example_branch_datetime_operator.py for tasks to queue
[2022-06-19 17:37:31,451] {logging_mixin.py:115} INFO - [2022-06-19 17:37:31,451] {dagbag.py:507} INFO - Filling up the DagBag from /home/airflow/.local/lib/python3.7/site-packages/airflow/example_dags/example_branch_datetime_operator.py
[2022-06-19 17:37:31,458] {processor.py:651} INFO - DAG(s) dict_keys(['example_branch_datetime_operator_2']) retrieved from /home/airflow/.local/lib/python3.7/site-packages/airflow/example_dags/example_branch_datetime_operator.py
[2022-06-19 17:37:31,476] {logging_mixin.py:115} INFO - [2022-06-19 17:37:31,476] {dag.py:2379} INFO - Sync 1 DAGs
[2022-06-19 17:37:31,490] {logging_mixin.py:115} INFO - [2022-06-19 17:37:31,490] {dag.py:2931} INFO - Setting next_dagrun for example_branch_datetime_operator_2 to 2022-06-18T00:00:00+00:00, run_after=2022-06-19T00:00:00+00:00
[2022-06-19 17:37:31,502] {processor.py:161} INFO - Processing /home/airflow/.local/lib/python3.7/site-packages/airflow/example_dags/example_branch_datetime_operator.py took 0.055 seconds
