[2022-06-19 17:28:18,026] {processor.py:153} INFO - Started process (PID=414) to work on /home/airflow/.local/lib/python3.7/site-packages/airflow/example_dags/example_python_operator.py
[2022-06-19 17:28:18,028] {processor.py:641} INFO - Processing file /home/airflow/.local/lib/python3.7/site-packages/airflow/example_dags/example_python_operator.py for tasks to queue
[2022-06-19 17:28:18,045] {logging_mixin.py:115} INFO - [2022-06-19 17:28:18,045] {dagbag.py:507} INFO - Filling up the DagBag from /home/airflow/.local/lib/python3.7/site-packages/airflow/example_dags/example_python_operator.py
[2022-06-19 17:28:18,112] {processor.py:651} INFO - DAG(s) dict_keys(['example_python_operator']) retrieved from /home/airflow/.local/lib/python3.7/site-packages/airflow/example_dags/example_python_operator.py
[2022-06-19 17:28:18,190] {logging_mixin.py:115} INFO - [2022-06-19 17:28:18,190] {dag.py:2379} INFO - Sync 1 DAGs
[2022-06-19 17:28:18,269] {logging_mixin.py:115} INFO - [2022-06-19 17:28:18,269] {dag.py:2931} INFO - Setting next_dagrun for example_python_operator to None, run_after=None
[2022-06-19 17:28:18,310] {processor.py:161} INFO - Processing /home/airflow/.local/lib/python3.7/site-packages/airflow/example_dags/example_python_operator.py took 0.289 seconds
[2022-06-19 17:28:48,882] {processor.py:153} INFO - Started process (PID=470) to work on /home/airflow/.local/lib/python3.7/site-packages/airflow/example_dags/example_python_operator.py
[2022-06-19 17:28:48,885] {processor.py:641} INFO - Processing file /home/airflow/.local/lib/python3.7/site-packages/airflow/example_dags/example_python_operator.py for tasks to queue
[2022-06-19 17:28:48,888] {logging_mixin.py:115} INFO - [2022-06-19 17:28:48,888] {dagbag.py:507} INFO - Filling up the DagBag from /home/airflow/.local/lib/python3.7/site-packages/airflow/example_dags/example_python_operator.py
[2022-06-19 17:28:48,935] {processor.py:651} INFO - DAG(s) dict_keys(['example_python_operator']) retrieved from /home/airflow/.local/lib/python3.7/site-packages/airflow/example_dags/example_python_operator.py
[2022-06-19 17:28:49,017] {logging_mixin.py:115} INFO - [2022-06-19 17:28:49,017] {dag.py:2379} INFO - Sync 1 DAGs
[2022-06-19 17:28:49,077] {logging_mixin.py:115} INFO - [2022-06-19 17:28:49,077] {dag.py:2931} INFO - Setting next_dagrun for example_python_operator to None, run_after=None
[2022-06-19 17:28:49,116] {processor.py:161} INFO - Processing /home/airflow/.local/lib/python3.7/site-packages/airflow/example_dags/example_python_operator.py took 0.239 seconds
[2022-06-19 17:29:19,894] {processor.py:153} INFO - Started process (PID=534) to work on /home/airflow/.local/lib/python3.7/site-packages/airflow/example_dags/example_python_operator.py
[2022-06-19 17:29:19,898] {processor.py:641} INFO - Processing file /home/airflow/.local/lib/python3.7/site-packages/airflow/example_dags/example_python_operator.py for tasks to queue
[2022-06-19 17:29:19,899] {logging_mixin.py:115} INFO - [2022-06-19 17:29:19,899] {dagbag.py:507} INFO - Filling up the DagBag from /home/airflow/.local/lib/python3.7/site-packages/airflow/example_dags/example_python_operator.py
[2022-06-19 17:29:19,957] {processor.py:651} INFO - DAG(s) dict_keys(['example_python_operator']) retrieved from /home/airflow/.local/lib/python3.7/site-packages/airflow/example_dags/example_python_operator.py
[2022-06-19 17:29:20,022] {logging_mixin.py:115} INFO - [2022-06-19 17:29:20,022] {dag.py:2379} INFO - Sync 1 DAGs
[2022-06-19 17:29:20,078] {logging_mixin.py:115} INFO - [2022-06-19 17:29:20,078] {dag.py:2931} INFO - Setting next_dagrun for example_python_operator to None, run_after=None
[2022-06-19 17:29:20,122] {processor.py:161} INFO - Processing /home/airflow/.local/lib/python3.7/site-packages/airflow/example_dags/example_python_operator.py took 0.233 seconds
[2022-06-19 17:29:51,021] {processor.py:153} INFO - Started process (PID=589) to work on /home/airflow/.local/lib/python3.7/site-packages/airflow/example_dags/example_python_operator.py
[2022-06-19 17:29:51,021] {processor.py:641} INFO - Processing file /home/airflow/.local/lib/python3.7/site-packages/airflow/example_dags/example_python_operator.py for tasks to queue
[2022-06-19 17:29:51,022] {logging_mixin.py:115} INFO - [2022-06-19 17:29:51,022] {dagbag.py:507} INFO - Filling up the DagBag from /home/airflow/.local/lib/python3.7/site-packages/airflow/example_dags/example_python_operator.py
[2022-06-19 17:29:51,041] {processor.py:651} INFO - DAG(s) dict_keys(['example_python_operator']) retrieved from /home/airflow/.local/lib/python3.7/site-packages/airflow/example_dags/example_python_operator.py
[2022-06-19 17:29:51,067] {logging_mixin.py:115} INFO - [2022-06-19 17:29:51,067] {dag.py:2379} INFO - Sync 1 DAGs
[2022-06-19 17:29:51,083] {logging_mixin.py:115} INFO - [2022-06-19 17:29:51,083] {dag.py:2931} INFO - Setting next_dagrun for example_python_operator to None, run_after=None
[2022-06-19 17:29:51,106] {processor.py:161} INFO - Processing /home/airflow/.local/lib/python3.7/site-packages/airflow/example_dags/example_python_operator.py took 0.088 seconds
[2022-06-19 17:30:21,528] {processor.py:153} INFO - Started process (PID=653) to work on /home/airflow/.local/lib/python3.7/site-packages/airflow/example_dags/example_python_operator.py
[2022-06-19 17:30:21,529] {processor.py:641} INFO - Processing file /home/airflow/.local/lib/python3.7/site-packages/airflow/example_dags/example_python_operator.py for tasks to queue
[2022-06-19 17:30:21,529] {logging_mixin.py:115} INFO - [2022-06-19 17:30:21,529] {dagbag.py:507} INFO - Filling up the DagBag from /home/airflow/.local/lib/python3.7/site-packages/airflow/example_dags/example_python_operator.py
[2022-06-19 17:30:21,547] {processor.py:651} INFO - DAG(s) dict_keys(['example_python_operator']) retrieved from /home/airflow/.local/lib/python3.7/site-packages/airflow/example_dags/example_python_operator.py
[2022-06-19 17:30:21,576] {logging_mixin.py:115} INFO - [2022-06-19 17:30:21,576] {dag.py:2379} INFO - Sync 1 DAGs
[2022-06-19 17:30:21,607] {logging_mixin.py:115} INFO - [2022-06-19 17:30:21,607] {dag.py:2931} INFO - Setting next_dagrun for example_python_operator to None, run_after=None
[2022-06-19 17:30:21,624] {processor.py:161} INFO - Processing /home/airflow/.local/lib/python3.7/site-packages/airflow/example_dags/example_python_operator.py took 0.100 seconds
[2022-06-19 17:30:52,080] {processor.py:153} INFO - Started process (PID=708) to work on /home/airflow/.local/lib/python3.7/site-packages/airflow/example_dags/example_python_operator.py
[2022-06-19 17:30:52,081] {processor.py:641} INFO - Processing file /home/airflow/.local/lib/python3.7/site-packages/airflow/example_dags/example_python_operator.py for tasks to queue
[2022-06-19 17:30:52,082] {logging_mixin.py:115} INFO - [2022-06-19 17:30:52,082] {dagbag.py:507} INFO - Filling up the DagBag from /home/airflow/.local/lib/python3.7/site-packages/airflow/example_dags/example_python_operator.py
[2022-06-19 17:30:52,133] {processor.py:651} INFO - DAG(s) dict_keys(['example_python_operator']) retrieved from /home/airflow/.local/lib/python3.7/site-packages/airflow/example_dags/example_python_operator.py
[2022-06-19 17:30:52,216] {logging_mixin.py:115} INFO - [2022-06-19 17:30:52,215] {dag.py:2379} INFO - Sync 1 DAGs
[2022-06-19 17:30:52,261] {logging_mixin.py:115} INFO - [2022-06-19 17:30:52,261] {dag.py:2931} INFO - Setting next_dagrun for example_python_operator to None, run_after=None
[2022-06-19 17:30:52,305] {processor.py:161} INFO - Processing /home/airflow/.local/lib/python3.7/site-packages/airflow/example_dags/example_python_operator.py took 0.230 seconds
[2022-06-19 17:31:23,120] {processor.py:153} INFO - Started process (PID=772) to work on /home/airflow/.local/lib/python3.7/site-packages/airflow/example_dags/example_python_operator.py
[2022-06-19 17:31:23,121] {processor.py:641} INFO - Processing file /home/airflow/.local/lib/python3.7/site-packages/airflow/example_dags/example_python_operator.py for tasks to queue
[2022-06-19 17:31:23,122] {logging_mixin.py:115} INFO - [2022-06-19 17:31:23,121] {dagbag.py:507} INFO - Filling up the DagBag from /home/airflow/.local/lib/python3.7/site-packages/airflow/example_dags/example_python_operator.py
[2022-06-19 17:31:23,173] {processor.py:651} INFO - DAG(s) dict_keys(['example_python_operator']) retrieved from /home/airflow/.local/lib/python3.7/site-packages/airflow/example_dags/example_python_operator.py
[2022-06-19 17:31:23,257] {logging_mixin.py:115} INFO - [2022-06-19 17:31:23,257] {dag.py:2379} INFO - Sync 1 DAGs
[2022-06-19 17:31:23,297] {logging_mixin.py:115} INFO - [2022-06-19 17:31:23,296] {dag.py:2931} INFO - Setting next_dagrun for example_python_operator to None, run_after=None
[2022-06-19 17:31:23,325] {processor.py:161} INFO - Processing /home/airflow/.local/lib/python3.7/site-packages/airflow/example_dags/example_python_operator.py took 0.209 seconds
[2022-06-19 17:31:53,420] {processor.py:153} INFO - Started process (PID=827) to work on /home/airflow/.local/lib/python3.7/site-packages/airflow/example_dags/example_python_operator.py
[2022-06-19 17:31:53,421] {processor.py:641} INFO - Processing file /home/airflow/.local/lib/python3.7/site-packages/airflow/example_dags/example_python_operator.py for tasks to queue
[2022-06-19 17:31:53,422] {logging_mixin.py:115} INFO - [2022-06-19 17:31:53,422] {dagbag.py:507} INFO - Filling up the DagBag from /home/airflow/.local/lib/python3.7/site-packages/airflow/example_dags/example_python_operator.py
[2022-06-19 17:31:53,438] {processor.py:651} INFO - DAG(s) dict_keys(['example_python_operator']) retrieved from /home/airflow/.local/lib/python3.7/site-packages/airflow/example_dags/example_python_operator.py
[2022-06-19 17:31:53,461] {logging_mixin.py:115} INFO - [2022-06-19 17:31:53,461] {dag.py:2379} INFO - Sync 1 DAGs
[2022-06-19 17:31:53,475] {logging_mixin.py:115} INFO - [2022-06-19 17:31:53,475] {dag.py:2931} INFO - Setting next_dagrun for example_python_operator to None, run_after=None
[2022-06-19 17:31:53,488] {processor.py:161} INFO - Processing /home/airflow/.local/lib/python3.7/site-packages/airflow/example_dags/example_python_operator.py took 0.071 seconds
[2022-06-19 17:32:24,257] {processor.py:153} INFO - Started process (PID=891) to work on /home/airflow/.local/lib/python3.7/site-packages/airflow/example_dags/example_python_operator.py
[2022-06-19 17:32:24,258] {processor.py:641} INFO - Processing file /home/airflow/.local/lib/python3.7/site-packages/airflow/example_dags/example_python_operator.py for tasks to queue
[2022-06-19 17:32:24,259] {logging_mixin.py:115} INFO - [2022-06-19 17:32:24,259] {dagbag.py:507} INFO - Filling up the DagBag from /home/airflow/.local/lib/python3.7/site-packages/airflow/example_dags/example_python_operator.py
[2022-06-19 17:32:24,274] {processor.py:651} INFO - DAG(s) dict_keys(['example_python_operator']) retrieved from /home/airflow/.local/lib/python3.7/site-packages/airflow/example_dags/example_python_operator.py
[2022-06-19 17:32:24,299] {logging_mixin.py:115} INFO - [2022-06-19 17:32:24,299] {dag.py:2379} INFO - Sync 1 DAGs
[2022-06-19 17:32:24,317] {logging_mixin.py:115} INFO - [2022-06-19 17:32:24,317] {dag.py:2931} INFO - Setting next_dagrun for example_python_operator to None, run_after=None
[2022-06-19 17:32:24,333] {processor.py:161} INFO - Processing /home/airflow/.local/lib/python3.7/site-packages/airflow/example_dags/example_python_operator.py took 0.079 seconds
[2022-06-19 17:32:54,375] {processor.py:153} INFO - Started process (PID=946) to work on /home/airflow/.local/lib/python3.7/site-packages/airflow/example_dags/example_python_operator.py
[2022-06-19 17:32:54,375] {processor.py:641} INFO - Processing file /home/airflow/.local/lib/python3.7/site-packages/airflow/example_dags/example_python_operator.py for tasks to queue
[2022-06-19 17:32:54,376] {logging_mixin.py:115} INFO - [2022-06-19 17:32:54,376] {dagbag.py:507} INFO - Filling up the DagBag from /home/airflow/.local/lib/python3.7/site-packages/airflow/example_dags/example_python_operator.py
[2022-06-19 17:32:54,389] {processor.py:651} INFO - DAG(s) dict_keys(['example_python_operator']) retrieved from /home/airflow/.local/lib/python3.7/site-packages/airflow/example_dags/example_python_operator.py
[2022-06-19 17:32:54,411] {logging_mixin.py:115} INFO - [2022-06-19 17:32:54,411] {dag.py:2379} INFO - Sync 1 DAGs
[2022-06-19 17:32:54,426] {logging_mixin.py:115} INFO - [2022-06-19 17:32:54,426] {dag.py:2931} INFO - Setting next_dagrun for example_python_operator to None, run_after=None
[2022-06-19 17:32:54,438] {processor.py:161} INFO - Processing /home/airflow/.local/lib/python3.7/site-packages/airflow/example_dags/example_python_operator.py took 0.066 seconds
[2022-06-19 17:33:24,971] {processor.py:153} INFO - Started process (PID=1011) to work on /home/airflow/.local/lib/python3.7/site-packages/airflow/example_dags/example_python_operator.py
[2022-06-19 17:33:24,972] {processor.py:641} INFO - Processing file /home/airflow/.local/lib/python3.7/site-packages/airflow/example_dags/example_python_operator.py for tasks to queue
[2022-06-19 17:33:24,972] {logging_mixin.py:115} INFO - [2022-06-19 17:33:24,972] {dagbag.py:507} INFO - Filling up the DagBag from /home/airflow/.local/lib/python3.7/site-packages/airflow/example_dags/example_python_operator.py
[2022-06-19 17:33:24,987] {processor.py:651} INFO - DAG(s) dict_keys(['example_python_operator']) retrieved from /home/airflow/.local/lib/python3.7/site-packages/airflow/example_dags/example_python_operator.py
[2022-06-19 17:33:25,008] {logging_mixin.py:115} INFO - [2022-06-19 17:33:25,008] {dag.py:2379} INFO - Sync 1 DAGs
[2022-06-19 17:33:25,028] {logging_mixin.py:115} INFO - [2022-06-19 17:33:25,027] {dag.py:2931} INFO - Setting next_dagrun for example_python_operator to None, run_after=None
[2022-06-19 17:33:25,045] {processor.py:161} INFO - Processing /home/airflow/.local/lib/python3.7/site-packages/airflow/example_dags/example_python_operator.py took 0.077 seconds
[2022-06-19 17:33:55,758] {processor.py:153} INFO - Started process (PID=1076) to work on /home/airflow/.local/lib/python3.7/site-packages/airflow/example_dags/example_python_operator.py
[2022-06-19 17:33:55,759] {processor.py:641} INFO - Processing file /home/airflow/.local/lib/python3.7/site-packages/airflow/example_dags/example_python_operator.py for tasks to queue
[2022-06-19 17:33:55,760] {logging_mixin.py:115} INFO - [2022-06-19 17:33:55,760] {dagbag.py:507} INFO - Filling up the DagBag from /home/airflow/.local/lib/python3.7/site-packages/airflow/example_dags/example_python_operator.py
[2022-06-19 17:33:55,780] {processor.py:651} INFO - DAG(s) dict_keys(['example_python_operator']) retrieved from /home/airflow/.local/lib/python3.7/site-packages/airflow/example_dags/example_python_operator.py
[2022-06-19 17:33:55,810] {logging_mixin.py:115} INFO - [2022-06-19 17:33:55,810] {dag.py:2379} INFO - Sync 1 DAGs
[2022-06-19 17:33:55,829] {logging_mixin.py:115} INFO - [2022-06-19 17:33:55,828] {dag.py:2931} INFO - Setting next_dagrun for example_python_operator to None, run_after=None
[2022-06-19 17:33:55,847] {processor.py:161} INFO - Processing /home/airflow/.local/lib/python3.7/site-packages/airflow/example_dags/example_python_operator.py took 0.093 seconds
[2022-06-19 17:34:26,519] {processor.py:153} INFO - Started process (PID=1131) to work on /home/airflow/.local/lib/python3.7/site-packages/airflow/example_dags/example_python_operator.py
[2022-06-19 17:34:26,520] {processor.py:641} INFO - Processing file /home/airflow/.local/lib/python3.7/site-packages/airflow/example_dags/example_python_operator.py for tasks to queue
[2022-06-19 17:34:26,521] {logging_mixin.py:115} INFO - [2022-06-19 17:34:26,521] {dagbag.py:507} INFO - Filling up the DagBag from /home/airflow/.local/lib/python3.7/site-packages/airflow/example_dags/example_python_operator.py
[2022-06-19 17:34:26,534] {processor.py:651} INFO - DAG(s) dict_keys(['example_python_operator']) retrieved from /home/airflow/.local/lib/python3.7/site-packages/airflow/example_dags/example_python_operator.py
[2022-06-19 17:34:26,557] {logging_mixin.py:115} INFO - [2022-06-19 17:34:26,556] {dag.py:2379} INFO - Sync 1 DAGs
[2022-06-19 17:34:26,574] {logging_mixin.py:115} INFO - [2022-06-19 17:34:26,574] {dag.py:2931} INFO - Setting next_dagrun for example_python_operator to None, run_after=None
[2022-06-19 17:34:26,586] {processor.py:161} INFO - Processing /home/airflow/.local/lib/python3.7/site-packages/airflow/example_dags/example_python_operator.py took 0.069 seconds
[2022-06-19 17:34:57,327] {processor.py:153} INFO - Started process (PID=1195) to work on /home/airflow/.local/lib/python3.7/site-packages/airflow/example_dags/example_python_operator.py
[2022-06-19 17:34:57,328] {processor.py:641} INFO - Processing file /home/airflow/.local/lib/python3.7/site-packages/airflow/example_dags/example_python_operator.py for tasks to queue
[2022-06-19 17:34:57,328] {logging_mixin.py:115} INFO - [2022-06-19 17:34:57,328] {dagbag.py:507} INFO - Filling up the DagBag from /home/airflow/.local/lib/python3.7/site-packages/airflow/example_dags/example_python_operator.py
[2022-06-19 17:34:57,345] {processor.py:651} INFO - DAG(s) dict_keys(['example_python_operator']) retrieved from /home/airflow/.local/lib/python3.7/site-packages/airflow/example_dags/example_python_operator.py
[2022-06-19 17:34:57,366] {logging_mixin.py:115} INFO - [2022-06-19 17:34:57,366] {dag.py:2379} INFO - Sync 1 DAGs
[2022-06-19 17:34:57,380] {logging_mixin.py:115} INFO - [2022-06-19 17:34:57,380] {dag.py:2931} INFO - Setting next_dagrun for example_python_operator to None, run_after=None
[2022-06-19 17:34:57,393] {processor.py:161} INFO - Processing /home/airflow/.local/lib/python3.7/site-packages/airflow/example_dags/example_python_operator.py took 0.069 seconds
[2022-06-19 17:35:28,112] {processor.py:153} INFO - Started process (PID=1259) to work on /home/airflow/.local/lib/python3.7/site-packages/airflow/example_dags/example_python_operator.py
[2022-06-19 17:35:28,112] {processor.py:641} INFO - Processing file /home/airflow/.local/lib/python3.7/site-packages/airflow/example_dags/example_python_operator.py for tasks to queue
[2022-06-19 17:35:28,113] {logging_mixin.py:115} INFO - [2022-06-19 17:35:28,113] {dagbag.py:507} INFO - Filling up the DagBag from /home/airflow/.local/lib/python3.7/site-packages/airflow/example_dags/example_python_operator.py
[2022-06-19 17:35:28,126] {processor.py:651} INFO - DAG(s) dict_keys(['example_python_operator']) retrieved from /home/airflow/.local/lib/python3.7/site-packages/airflow/example_dags/example_python_operator.py
[2022-06-19 17:35:28,145] {logging_mixin.py:115} INFO - [2022-06-19 17:35:28,145] {dag.py:2379} INFO - Sync 1 DAGs
[2022-06-19 17:35:28,160] {logging_mixin.py:115} INFO - [2022-06-19 17:35:28,160] {dag.py:2931} INFO - Setting next_dagrun for example_python_operator to None, run_after=None
[2022-06-19 17:35:28,172] {processor.py:161} INFO - Processing /home/airflow/.local/lib/python3.7/site-packages/airflow/example_dags/example_python_operator.py took 0.063 seconds
[2022-06-19 17:35:58,852] {processor.py:153} INFO - Started process (PID=1323) to work on /home/airflow/.local/lib/python3.7/site-packages/airflow/example_dags/example_python_operator.py
[2022-06-19 17:35:58,852] {processor.py:641} INFO - Processing file /home/airflow/.local/lib/python3.7/site-packages/airflow/example_dags/example_python_operator.py for tasks to queue
[2022-06-19 17:35:58,853] {logging_mixin.py:115} INFO - [2022-06-19 17:35:58,853] {dagbag.py:507} INFO - Filling up the DagBag from /home/airflow/.local/lib/python3.7/site-packages/airflow/example_dags/example_python_operator.py
[2022-06-19 17:35:58,866] {processor.py:651} INFO - DAG(s) dict_keys(['example_python_operator']) retrieved from /home/airflow/.local/lib/python3.7/site-packages/airflow/example_dags/example_python_operator.py
[2022-06-19 17:35:58,886] {logging_mixin.py:115} INFO - [2022-06-19 17:35:58,886] {dag.py:2379} INFO - Sync 1 DAGs
[2022-06-19 17:35:58,900] {logging_mixin.py:115} INFO - [2022-06-19 17:35:58,899] {dag.py:2931} INFO - Setting next_dagrun for example_python_operator to None, run_after=None
[2022-06-19 17:35:58,913] {processor.py:161} INFO - Processing /home/airflow/.local/lib/python3.7/site-packages/airflow/example_dags/example_python_operator.py took 0.064 seconds
[2022-06-19 17:36:29,502] {processor.py:153} INFO - Started process (PID=1378) to work on /home/airflow/.local/lib/python3.7/site-packages/airflow/example_dags/example_python_operator.py
[2022-06-19 17:36:29,502] {processor.py:641} INFO - Processing file /home/airflow/.local/lib/python3.7/site-packages/airflow/example_dags/example_python_operator.py for tasks to queue
[2022-06-19 17:36:29,503] {logging_mixin.py:115} INFO - [2022-06-19 17:36:29,503] {dagbag.py:507} INFO - Filling up the DagBag from /home/airflow/.local/lib/python3.7/site-packages/airflow/example_dags/example_python_operator.py
[2022-06-19 17:36:29,516] {processor.py:651} INFO - DAG(s) dict_keys(['example_python_operator']) retrieved from /home/airflow/.local/lib/python3.7/site-packages/airflow/example_dags/example_python_operator.py
[2022-06-19 17:36:29,537] {logging_mixin.py:115} INFO - [2022-06-19 17:36:29,537] {dag.py:2379} INFO - Sync 1 DAGs
[2022-06-19 17:36:29,555] {logging_mixin.py:115} INFO - [2022-06-19 17:36:29,555] {dag.py:2931} INFO - Setting next_dagrun for example_python_operator to None, run_after=None
[2022-06-19 17:36:29,567] {processor.py:161} INFO - Processing /home/airflow/.local/lib/python3.7/site-packages/airflow/example_dags/example_python_operator.py took 0.068 seconds
[2022-06-19 17:36:59,982] {processor.py:153} INFO - Started process (PID=1442) to work on /home/airflow/.local/lib/python3.7/site-packages/airflow/example_dags/example_python_operator.py
[2022-06-19 17:36:59,982] {processor.py:641} INFO - Processing file /home/airflow/.local/lib/python3.7/site-packages/airflow/example_dags/example_python_operator.py for tasks to queue
[2022-06-19 17:36:59,983] {logging_mixin.py:115} INFO - [2022-06-19 17:36:59,983] {dagbag.py:507} INFO - Filling up the DagBag from /home/airflow/.local/lib/python3.7/site-packages/airflow/example_dags/example_python_operator.py
[2022-06-19 17:36:59,996] {processor.py:651} INFO - DAG(s) dict_keys(['example_python_operator']) retrieved from /home/airflow/.local/lib/python3.7/site-packages/airflow/example_dags/example_python_operator.py
[2022-06-19 17:37:00,036] {logging_mixin.py:115} INFO - [2022-06-19 17:37:00,036] {dag.py:2379} INFO - Sync 1 DAGs
[2022-06-19 17:37:00,049] {logging_mixin.py:115} INFO - [2022-06-19 17:37:00,049] {dag.py:2931} INFO - Setting next_dagrun for example_python_operator to None, run_after=None
[2022-06-19 17:37:00,062] {processor.py:161} INFO - Processing /home/airflow/.local/lib/python3.7/site-packages/airflow/example_dags/example_python_operator.py took 0.082 seconds
[2022-06-19 17:37:30,101] {processor.py:153} INFO - Started process (PID=1506) to work on /home/airflow/.local/lib/python3.7/site-packages/airflow/example_dags/example_python_operator.py
[2022-06-19 17:37:30,102] {processor.py:641} INFO - Processing file /home/airflow/.local/lib/python3.7/site-packages/airflow/example_dags/example_python_operator.py for tasks to queue
[2022-06-19 17:37:30,102] {logging_mixin.py:115} INFO - [2022-06-19 17:37:30,102] {dagbag.py:507} INFO - Filling up the DagBag from /home/airflow/.local/lib/python3.7/site-packages/airflow/example_dags/example_python_operator.py
[2022-06-19 17:37:30,115] {processor.py:651} INFO - DAG(s) dict_keys(['example_python_operator']) retrieved from /home/airflow/.local/lib/python3.7/site-packages/airflow/example_dags/example_python_operator.py
[2022-06-19 17:37:30,137] {logging_mixin.py:115} INFO - [2022-06-19 17:37:30,137] {dag.py:2379} INFO - Sync 1 DAGs
[2022-06-19 17:37:30,150] {logging_mixin.py:115} INFO - [2022-06-19 17:37:30,149] {dag.py:2931} INFO - Setting next_dagrun for example_python_operator to None, run_after=None
[2022-06-19 17:37:30,162] {processor.py:161} INFO - Processing /home/airflow/.local/lib/python3.7/site-packages/airflow/example_dags/example_python_operator.py took 0.063 seconds
