[2022-06-19 17:28:22,278] {processor.py:153} INFO - Started process (PID=436) to work on /home/airflow/.local/lib/python3.7/site-packages/airflow/example_dags/example_latest_only_with_trigger.py
[2022-06-19 17:28:22,305] {processor.py:641} INFO - Processing file /home/airflow/.local/lib/python3.7/site-packages/airflow/example_dags/example_latest_only_with_trigger.py for tasks to queue
[2022-06-19 17:28:22,309] {logging_mixin.py:115} INFO - [2022-06-19 17:28:22,309] {dagbag.py:507} INFO - Filling up the DagBag from /home/airflow/.local/lib/python3.7/site-packages/airflow/example_dags/example_latest_only_with_trigger.py
[2022-06-19 17:28:22,333] {processor.py:651} INFO - DAG(s) dict_keys(['latest_only_with_trigger']) retrieved from /home/airflow/.local/lib/python3.7/site-packages/airflow/example_dags/example_latest_only_with_trigger.py
[2022-06-19 17:28:22,452] {logging_mixin.py:115} INFO - [2022-06-19 17:28:22,452] {dag.py:2379} INFO - Sync 1 DAGs
[2022-06-19 17:28:22,554] {logging_mixin.py:115} INFO - [2022-06-19 17:28:22,553] {dag.py:2931} INFO - Setting next_dagrun for latest_only_with_trigger to 2022-06-19T13:28:22.553270+00:00, run_after=2022-06-19T17:28:22.553270+00:00
[2022-06-19 17:28:22,640] {processor.py:161} INFO - Processing /home/airflow/.local/lib/python3.7/site-packages/airflow/example_dags/example_latest_only_with_trigger.py took 0.367 seconds
[2022-06-19 17:28:52,921] {processor.py:153} INFO - Started process (PID=491) to work on /home/airflow/.local/lib/python3.7/site-packages/airflow/example_dags/example_latest_only_with_trigger.py
[2022-06-19 17:28:52,923] {processor.py:641} INFO - Processing file /home/airflow/.local/lib/python3.7/site-packages/airflow/example_dags/example_latest_only_with_trigger.py for tasks to queue
[2022-06-19 17:28:52,926] {logging_mixin.py:115} INFO - [2022-06-19 17:28:52,926] {dagbag.py:507} INFO - Filling up the DagBag from /home/airflow/.local/lib/python3.7/site-packages/airflow/example_dags/example_latest_only_with_trigger.py
[2022-06-19 17:28:52,941] {processor.py:651} INFO - DAG(s) dict_keys(['latest_only_with_trigger']) retrieved from /home/airflow/.local/lib/python3.7/site-packages/airflow/example_dags/example_latest_only_with_trigger.py
[2022-06-19 17:28:53,038] {logging_mixin.py:115} INFO - [2022-06-19 17:28:53,038] {dag.py:2379} INFO - Sync 1 DAGs
[2022-06-19 17:28:53,109] {logging_mixin.py:115} INFO - [2022-06-19 17:28:53,109] {dag.py:2931} INFO - Setting next_dagrun for latest_only_with_trigger to 2022-06-19T13:28:53.098383+00:00, run_after=2022-06-19T17:28:53.098383+00:00
[2022-06-19 17:28:53,150] {processor.py:161} INFO - Processing /home/airflow/.local/lib/python3.7/site-packages/airflow/example_dags/example_latest_only_with_trigger.py took 0.235 seconds
[2022-06-19 17:29:23,322] {processor.py:153} INFO - Started process (PID=546) to work on /home/airflow/.local/lib/python3.7/site-packages/airflow/example_dags/example_latest_only_with_trigger.py
[2022-06-19 17:29:23,323] {processor.py:641} INFO - Processing file /home/airflow/.local/lib/python3.7/site-packages/airflow/example_dags/example_latest_only_with_trigger.py for tasks to queue
[2022-06-19 17:29:23,324] {logging_mixin.py:115} INFO - [2022-06-19 17:29:23,324] {dagbag.py:507} INFO - Filling up the DagBag from /home/airflow/.local/lib/python3.7/site-packages/airflow/example_dags/example_latest_only_with_trigger.py
[2022-06-19 17:29:23,331] {processor.py:651} INFO - DAG(s) dict_keys(['latest_only_with_trigger']) retrieved from /home/airflow/.local/lib/python3.7/site-packages/airflow/example_dags/example_latest_only_with_trigger.py
[2022-06-19 17:29:23,364] {logging_mixin.py:115} INFO - [2022-06-19 17:29:23,364] {dag.py:2379} INFO - Sync 1 DAGs
[2022-06-19 17:29:23,389] {logging_mixin.py:115} INFO - [2022-06-19 17:29:23,389] {dag.py:2931} INFO - Setting next_dagrun for latest_only_with_trigger to 2022-06-19T13:29:23.388858+00:00, run_after=2022-06-19T17:29:23.388858+00:00
[2022-06-19 17:29:23,410] {processor.py:161} INFO - Processing /home/airflow/.local/lib/python3.7/site-packages/airflow/example_dags/example_latest_only_with_trigger.py took 0.092 seconds
[2022-06-19 17:29:53,705] {processor.py:153} INFO - Started process (PID=601) to work on /home/airflow/.local/lib/python3.7/site-packages/airflow/example_dags/example_latest_only_with_trigger.py
[2022-06-19 17:29:53,706] {processor.py:641} INFO - Processing file /home/airflow/.local/lib/python3.7/site-packages/airflow/example_dags/example_latest_only_with_trigger.py for tasks to queue
[2022-06-19 17:29:53,707] {logging_mixin.py:115} INFO - [2022-06-19 17:29:53,707] {dagbag.py:507} INFO - Filling up the DagBag from /home/airflow/.local/lib/python3.7/site-packages/airflow/example_dags/example_latest_only_with_trigger.py
[2022-06-19 17:29:53,714] {processor.py:651} INFO - DAG(s) dict_keys(['latest_only_with_trigger']) retrieved from /home/airflow/.local/lib/python3.7/site-packages/airflow/example_dags/example_latest_only_with_trigger.py
[2022-06-19 17:29:53,788] {logging_mixin.py:115} INFO - [2022-06-19 17:29:53,787] {dag.py:2379} INFO - Sync 1 DAGs
[2022-06-19 17:29:53,809] {logging_mixin.py:115} INFO - [2022-06-19 17:29:53,809] {dag.py:2931} INFO - Setting next_dagrun for latest_only_with_trigger to 2022-06-19T13:29:53.809422+00:00, run_after=2022-06-19T17:29:53.809422+00:00
[2022-06-19 17:29:53,827] {processor.py:161} INFO - Processing /home/airflow/.local/lib/python3.7/site-packages/airflow/example_dags/example_latest_only_with_trigger.py took 0.127 seconds
[2022-06-19 17:30:24,269] {processor.py:153} INFO - Started process (PID=665) to work on /home/airflow/.local/lib/python3.7/site-packages/airflow/example_dags/example_latest_only_with_trigger.py
[2022-06-19 17:30:24,270] {processor.py:641} INFO - Processing file /home/airflow/.local/lib/python3.7/site-packages/airflow/example_dags/example_latest_only_with_trigger.py for tasks to queue
[2022-06-19 17:30:24,271] {logging_mixin.py:115} INFO - [2022-06-19 17:30:24,271] {dagbag.py:507} INFO - Filling up the DagBag from /home/airflow/.local/lib/python3.7/site-packages/airflow/example_dags/example_latest_only_with_trigger.py
[2022-06-19 17:30:24,277] {processor.py:651} INFO - DAG(s) dict_keys(['latest_only_with_trigger']) retrieved from /home/airflow/.local/lib/python3.7/site-packages/airflow/example_dags/example_latest_only_with_trigger.py
[2022-06-19 17:30:24,303] {logging_mixin.py:115} INFO - [2022-06-19 17:30:24,303] {dag.py:2379} INFO - Sync 1 DAGs
[2022-06-19 17:30:24,320] {logging_mixin.py:115} INFO - [2022-06-19 17:30:24,320] {dag.py:2931} INFO - Setting next_dagrun for latest_only_with_trigger to 2022-06-19T13:30:24.320120+00:00, run_after=2022-06-19T17:30:24.320120+00:00
[2022-06-19 17:30:24,335] {processor.py:161} INFO - Processing /home/airflow/.local/lib/python3.7/site-packages/airflow/example_dags/example_latest_only_with_trigger.py took 0.072 seconds
[2022-06-19 17:30:55,393] {processor.py:153} INFO - Started process (PID=729) to work on /home/airflow/.local/lib/python3.7/site-packages/airflow/example_dags/example_latest_only_with_trigger.py
[2022-06-19 17:30:55,402] {processor.py:641} INFO - Processing file /home/airflow/.local/lib/python3.7/site-packages/airflow/example_dags/example_latest_only_with_trigger.py for tasks to queue
[2022-06-19 17:30:55,403] {logging_mixin.py:115} INFO - [2022-06-19 17:30:55,403] {dagbag.py:507} INFO - Filling up the DagBag from /home/airflow/.local/lib/python3.7/site-packages/airflow/example_dags/example_latest_only_with_trigger.py
[2022-06-19 17:30:55,410] {processor.py:651} INFO - DAG(s) dict_keys(['latest_only_with_trigger']) retrieved from /home/airflow/.local/lib/python3.7/site-packages/airflow/example_dags/example_latest_only_with_trigger.py
[2022-06-19 17:30:55,461] {logging_mixin.py:115} INFO - [2022-06-19 17:30:55,461] {dag.py:2379} INFO - Sync 1 DAGs
[2022-06-19 17:30:55,532] {logging_mixin.py:115} INFO - [2022-06-19 17:30:55,532] {dag.py:2931} INFO - Setting next_dagrun for latest_only_with_trigger to 2022-06-19T13:30:55.531807+00:00, run_after=2022-06-19T17:30:55.531807+00:00
[2022-06-19 17:30:55,566] {processor.py:161} INFO - Processing /home/airflow/.local/lib/python3.7/site-packages/airflow/example_dags/example_latest_only_with_trigger.py took 0.179 seconds
[2022-06-19 17:31:25,795] {processor.py:153} INFO - Started process (PID=784) to work on /home/airflow/.local/lib/python3.7/site-packages/airflow/example_dags/example_latest_only_with_trigger.py
[2022-06-19 17:31:25,796] {processor.py:641} INFO - Processing file /home/airflow/.local/lib/python3.7/site-packages/airflow/example_dags/example_latest_only_with_trigger.py for tasks to queue
[2022-06-19 17:31:25,798] {logging_mixin.py:115} INFO - [2022-06-19 17:31:25,797] {dagbag.py:507} INFO - Filling up the DagBag from /home/airflow/.local/lib/python3.7/site-packages/airflow/example_dags/example_latest_only_with_trigger.py
[2022-06-19 17:31:25,809] {processor.py:651} INFO - DAG(s) dict_keys(['latest_only_with_trigger']) retrieved from /home/airflow/.local/lib/python3.7/site-packages/airflow/example_dags/example_latest_only_with_trigger.py
[2022-06-19 17:31:25,843] {logging_mixin.py:115} INFO - [2022-06-19 17:31:25,843] {dag.py:2379} INFO - Sync 1 DAGs
[2022-06-19 17:31:25,869] {logging_mixin.py:115} INFO - [2022-06-19 17:31:25,869] {dag.py:2931} INFO - Setting next_dagrun for latest_only_with_trigger to 2022-06-19T13:31:25.869190+00:00, run_after=2022-06-19T17:31:25.869190+00:00
[2022-06-19 17:31:25,892] {processor.py:161} INFO - Processing /home/airflow/.local/lib/python3.7/site-packages/airflow/example_dags/example_latest_only_with_trigger.py took 0.101 seconds
[2022-06-19 17:31:55,988] {processor.py:153} INFO - Started process (PID=839) to work on /home/airflow/.local/lib/python3.7/site-packages/airflow/example_dags/example_latest_only_with_trigger.py
[2022-06-19 17:31:55,988] {processor.py:641} INFO - Processing file /home/airflow/.local/lib/python3.7/site-packages/airflow/example_dags/example_latest_only_with_trigger.py for tasks to queue
[2022-06-19 17:31:55,989] {logging_mixin.py:115} INFO - [2022-06-19 17:31:55,989] {dagbag.py:507} INFO - Filling up the DagBag from /home/airflow/.local/lib/python3.7/site-packages/airflow/example_dags/example_latest_only_with_trigger.py
[2022-06-19 17:31:55,993] {processor.py:651} INFO - DAG(s) dict_keys(['latest_only_with_trigger']) retrieved from /home/airflow/.local/lib/python3.7/site-packages/airflow/example_dags/example_latest_only_with_trigger.py
[2022-06-19 17:31:56,014] {logging_mixin.py:115} INFO - [2022-06-19 17:31:56,014] {dag.py:2379} INFO - Sync 1 DAGs
[2022-06-19 17:31:56,028] {logging_mixin.py:115} INFO - [2022-06-19 17:31:56,028] {dag.py:2931} INFO - Setting next_dagrun for latest_only_with_trigger to 2022-06-19T13:31:56.028228+00:00, run_after=2022-06-19T17:31:56.028228+00:00
[2022-06-19 17:31:56,041] {processor.py:161} INFO - Processing /home/airflow/.local/lib/python3.7/site-packages/airflow/example_dags/example_latest_only_with_trigger.py took 0.055 seconds
[2022-06-19 17:32:26,803] {processor.py:153} INFO - Started process (PID=903) to work on /home/airflow/.local/lib/python3.7/site-packages/airflow/example_dags/example_latest_only_with_trigger.py
[2022-06-19 17:32:26,804] {processor.py:641} INFO - Processing file /home/airflow/.local/lib/python3.7/site-packages/airflow/example_dags/example_latest_only_with_trigger.py for tasks to queue
[2022-06-19 17:32:26,804] {logging_mixin.py:115} INFO - [2022-06-19 17:32:26,804] {dagbag.py:507} INFO - Filling up the DagBag from /home/airflow/.local/lib/python3.7/site-packages/airflow/example_dags/example_latest_only_with_trigger.py
[2022-06-19 17:32:26,809] {processor.py:651} INFO - DAG(s) dict_keys(['latest_only_with_trigger']) retrieved from /home/airflow/.local/lib/python3.7/site-packages/airflow/example_dags/example_latest_only_with_trigger.py
[2022-06-19 17:32:26,834] {logging_mixin.py:115} INFO - [2022-06-19 17:32:26,834] {dag.py:2379} INFO - Sync 1 DAGs
[2022-06-19 17:32:26,848] {logging_mixin.py:115} INFO - [2022-06-19 17:32:26,848] {dag.py:2931} INFO - Setting next_dagrun for latest_only_with_trigger to 2022-06-19T13:32:26.848586+00:00, run_after=2022-06-19T17:32:26.848586+00:00
[2022-06-19 17:32:26,860] {processor.py:161} INFO - Processing /home/airflow/.local/lib/python3.7/site-packages/airflow/example_dags/example_latest_only_with_trigger.py took 0.061 seconds
[2022-06-19 17:32:57,455] {processor.py:153} INFO - Started process (PID=968) to work on /home/airflow/.local/lib/python3.7/site-packages/airflow/example_dags/example_latest_only_with_trigger.py
[2022-06-19 17:32:57,457] {processor.py:641} INFO - Processing file /home/airflow/.local/lib/python3.7/site-packages/airflow/example_dags/example_latest_only_with_trigger.py for tasks to queue
[2022-06-19 17:32:57,458] {logging_mixin.py:115} INFO - [2022-06-19 17:32:57,458] {dagbag.py:507} INFO - Filling up the DagBag from /home/airflow/.local/lib/python3.7/site-packages/airflow/example_dags/example_latest_only_with_trigger.py
[2022-06-19 17:32:57,466] {processor.py:651} INFO - DAG(s) dict_keys(['latest_only_with_trigger']) retrieved from /home/airflow/.local/lib/python3.7/site-packages/airflow/example_dags/example_latest_only_with_trigger.py
[2022-06-19 17:32:57,490] {logging_mixin.py:115} INFO - [2022-06-19 17:32:57,490] {dag.py:2379} INFO - Sync 1 DAGs
[2022-06-19 17:32:57,507] {logging_mixin.py:115} INFO - [2022-06-19 17:32:57,506] {dag.py:2931} INFO - Setting next_dagrun for latest_only_with_trigger to 2022-06-19T13:32:57.506760+00:00, run_after=2022-06-19T17:32:57.506760+00:00
[2022-06-19 17:32:57,519] {processor.py:161} INFO - Processing /home/airflow/.local/lib/python3.7/site-packages/airflow/example_dags/example_latest_only_with_trigger.py took 0.071 seconds
[2022-06-19 17:33:28,476] {processor.py:153} INFO - Started process (PID=1023) to work on /home/airflow/.local/lib/python3.7/site-packages/airflow/example_dags/example_latest_only_with_trigger.py
[2022-06-19 17:33:28,477] {processor.py:641} INFO - Processing file /home/airflow/.local/lib/python3.7/site-packages/airflow/example_dags/example_latest_only_with_trigger.py for tasks to queue
[2022-06-19 17:33:28,478] {logging_mixin.py:115} INFO - [2022-06-19 17:33:28,478] {dagbag.py:507} INFO - Filling up the DagBag from /home/airflow/.local/lib/python3.7/site-packages/airflow/example_dags/example_latest_only_with_trigger.py
[2022-06-19 17:33:28,482] {processor.py:651} INFO - DAG(s) dict_keys(['latest_only_with_trigger']) retrieved from /home/airflow/.local/lib/python3.7/site-packages/airflow/example_dags/example_latest_only_with_trigger.py
[2022-06-19 17:33:28,504] {logging_mixin.py:115} INFO - [2022-06-19 17:33:28,504] {dag.py:2379} INFO - Sync 1 DAGs
[2022-06-19 17:33:28,516] {logging_mixin.py:115} INFO - [2022-06-19 17:33:28,516] {dag.py:2931} INFO - Setting next_dagrun for latest_only_with_trigger to 2022-06-19T13:33:28.516260+00:00, run_after=2022-06-19T17:33:28.516260+00:00
[2022-06-19 17:33:28,530] {processor.py:161} INFO - Processing /home/airflow/.local/lib/python3.7/site-packages/airflow/example_dags/example_latest_only_with_trigger.py took 0.056 seconds
[2022-06-19 17:33:59,423] {processor.py:153} INFO - Started process (PID=1088) to work on /home/airflow/.local/lib/python3.7/site-packages/airflow/example_dags/example_latest_only_with_trigger.py
[2022-06-19 17:33:59,423] {processor.py:641} INFO - Processing file /home/airflow/.local/lib/python3.7/site-packages/airflow/example_dags/example_latest_only_with_trigger.py for tasks to queue
[2022-06-19 17:33:59,424] {logging_mixin.py:115} INFO - [2022-06-19 17:33:59,424] {dagbag.py:507} INFO - Filling up the DagBag from /home/airflow/.local/lib/python3.7/site-packages/airflow/example_dags/example_latest_only_with_trigger.py
[2022-06-19 17:33:59,428] {processor.py:651} INFO - DAG(s) dict_keys(['latest_only_with_trigger']) retrieved from /home/airflow/.local/lib/python3.7/site-packages/airflow/example_dags/example_latest_only_with_trigger.py
[2022-06-19 17:33:59,448] {logging_mixin.py:115} INFO - [2022-06-19 17:33:59,448] {dag.py:2379} INFO - Sync 1 DAGs
[2022-06-19 17:33:59,461] {logging_mixin.py:115} INFO - [2022-06-19 17:33:59,461] {dag.py:2931} INFO - Setting next_dagrun for latest_only_with_trigger to 2022-06-19T13:33:59.461101+00:00, run_after=2022-06-19T17:33:59.461101+00:00
[2022-06-19 17:33:59,474] {processor.py:161} INFO - Processing /home/airflow/.local/lib/python3.7/site-packages/airflow/example_dags/example_latest_only_with_trigger.py took 0.054 seconds
[2022-06-19 17:34:30,110] {processor.py:153} INFO - Started process (PID=1152) to work on /home/airflow/.local/lib/python3.7/site-packages/airflow/example_dags/example_latest_only_with_trigger.py
[2022-06-19 17:34:30,110] {processor.py:641} INFO - Processing file /home/airflow/.local/lib/python3.7/site-packages/airflow/example_dags/example_latest_only_with_trigger.py for tasks to queue
[2022-06-19 17:34:30,111] {logging_mixin.py:115} INFO - [2022-06-19 17:34:30,111] {dagbag.py:507} INFO - Filling up the DagBag from /home/airflow/.local/lib/python3.7/site-packages/airflow/example_dags/example_latest_only_with_trigger.py
[2022-06-19 17:34:30,117] {processor.py:651} INFO - DAG(s) dict_keys(['latest_only_with_trigger']) retrieved from /home/airflow/.local/lib/python3.7/site-packages/airflow/example_dags/example_latest_only_with_trigger.py
[2022-06-19 17:34:30,141] {logging_mixin.py:115} INFO - [2022-06-19 17:34:30,141] {dag.py:2379} INFO - Sync 1 DAGs
[2022-06-19 17:34:30,169] {logging_mixin.py:115} INFO - [2022-06-19 17:34:30,169] {dag.py:2931} INFO - Setting next_dagrun for latest_only_with_trigger to 2022-06-19T13:34:30.169039+00:00, run_after=2022-06-19T17:34:30.169039+00:00
[2022-06-19 17:34:30,188] {processor.py:161} INFO - Processing /home/airflow/.local/lib/python3.7/site-packages/airflow/example_dags/example_latest_only_with_trigger.py took 0.082 seconds
[2022-06-19 17:35:00,912] {processor.py:153} INFO - Started process (PID=1207) to work on /home/airflow/.local/lib/python3.7/site-packages/airflow/example_dags/example_latest_only_with_trigger.py
[2022-06-19 17:35:00,912] {processor.py:641} INFO - Processing file /home/airflow/.local/lib/python3.7/site-packages/airflow/example_dags/example_latest_only_with_trigger.py for tasks to queue
[2022-06-19 17:35:00,913] {logging_mixin.py:115} INFO - [2022-06-19 17:35:00,913] {dagbag.py:507} INFO - Filling up the DagBag from /home/airflow/.local/lib/python3.7/site-packages/airflow/example_dags/example_latest_only_with_trigger.py
[2022-06-19 17:35:00,920] {processor.py:651} INFO - DAG(s) dict_keys(['latest_only_with_trigger']) retrieved from /home/airflow/.local/lib/python3.7/site-packages/airflow/example_dags/example_latest_only_with_trigger.py
[2022-06-19 17:35:00,942] {logging_mixin.py:115} INFO - [2022-06-19 17:35:00,941] {dag.py:2379} INFO - Sync 1 DAGs
[2022-06-19 17:35:00,956] {logging_mixin.py:115} INFO - [2022-06-19 17:35:00,956] {dag.py:2931} INFO - Setting next_dagrun for latest_only_with_trigger to 2022-06-19T13:35:00.956663+00:00, run_after=2022-06-19T17:35:00.956663+00:00
[2022-06-19 17:35:00,967] {processor.py:161} INFO - Processing /home/airflow/.local/lib/python3.7/site-packages/airflow/example_dags/example_latest_only_with_trigger.py took 0.058 seconds
[2022-06-19 17:35:31,723] {processor.py:153} INFO - Started process (PID=1271) to work on /home/airflow/.local/lib/python3.7/site-packages/airflow/example_dags/example_latest_only_with_trigger.py
[2022-06-19 17:35:31,723] {processor.py:641} INFO - Processing file /home/airflow/.local/lib/python3.7/site-packages/airflow/example_dags/example_latest_only_with_trigger.py for tasks to queue
[2022-06-19 17:35:31,724] {logging_mixin.py:115} INFO - [2022-06-19 17:35:31,724] {dagbag.py:507} INFO - Filling up the DagBag from /home/airflow/.local/lib/python3.7/site-packages/airflow/example_dags/example_latest_only_with_trigger.py
[2022-06-19 17:35:31,729] {processor.py:651} INFO - DAG(s) dict_keys(['latest_only_with_trigger']) retrieved from /home/airflow/.local/lib/python3.7/site-packages/airflow/example_dags/example_latest_only_with_trigger.py
[2022-06-19 17:35:31,748] {logging_mixin.py:115} INFO - [2022-06-19 17:35:31,748] {dag.py:2379} INFO - Sync 1 DAGs
[2022-06-19 17:35:31,761] {logging_mixin.py:115} INFO - [2022-06-19 17:35:31,761] {dag.py:2931} INFO - Setting next_dagrun for latest_only_with_trigger to 2022-06-19T13:35:31.761294+00:00, run_after=2022-06-19T17:35:31.761294+00:00
[2022-06-19 17:35:31,772] {processor.py:161} INFO - Processing /home/airflow/.local/lib/python3.7/site-packages/airflow/example_dags/example_latest_only_with_trigger.py took 0.052 seconds
[2022-06-19 17:36:02,388] {processor.py:153} INFO - Started process (PID=1335) to work on /home/airflow/.local/lib/python3.7/site-packages/airflow/example_dags/example_latest_only_with_trigger.py
[2022-06-19 17:36:02,388] {processor.py:641} INFO - Processing file /home/airflow/.local/lib/python3.7/site-packages/airflow/example_dags/example_latest_only_with_trigger.py for tasks to queue
[2022-06-19 17:36:02,389] {logging_mixin.py:115} INFO - [2022-06-19 17:36:02,389] {dagbag.py:507} INFO - Filling up the DagBag from /home/airflow/.local/lib/python3.7/site-packages/airflow/example_dags/example_latest_only_with_trigger.py
[2022-06-19 17:36:02,394] {processor.py:651} INFO - DAG(s) dict_keys(['latest_only_with_trigger']) retrieved from /home/airflow/.local/lib/python3.7/site-packages/airflow/example_dags/example_latest_only_with_trigger.py
[2022-06-19 17:36:02,414] {logging_mixin.py:115} INFO - [2022-06-19 17:36:02,414] {dag.py:2379} INFO - Sync 1 DAGs
[2022-06-19 17:36:02,427] {logging_mixin.py:115} INFO - [2022-06-19 17:36:02,427] {dag.py:2931} INFO - Setting next_dagrun for latest_only_with_trigger to 2022-06-19T13:36:02.427251+00:00, run_after=2022-06-19T17:36:02.427251+00:00
[2022-06-19 17:36:02,440] {processor.py:161} INFO - Processing /home/airflow/.local/lib/python3.7/site-packages/airflow/example_dags/example_latest_only_with_trigger.py took 0.055 seconds
[2022-06-19 17:36:32,981] {processor.py:153} INFO - Started process (PID=1399) to work on /home/airflow/.local/lib/python3.7/site-packages/airflow/example_dags/example_latest_only_with_trigger.py
[2022-06-19 17:36:32,982] {processor.py:641} INFO - Processing file /home/airflow/.local/lib/python3.7/site-packages/airflow/example_dags/example_latest_only_with_trigger.py for tasks to queue
[2022-06-19 17:36:32,983] {logging_mixin.py:115} INFO - [2022-06-19 17:36:32,983] {dagbag.py:507} INFO - Filling up the DagBag from /home/airflow/.local/lib/python3.7/site-packages/airflow/example_dags/example_latest_only_with_trigger.py
[2022-06-19 17:36:32,988] {processor.py:651} INFO - DAG(s) dict_keys(['latest_only_with_trigger']) retrieved from /home/airflow/.local/lib/python3.7/site-packages/airflow/example_dags/example_latest_only_with_trigger.py
[2022-06-19 17:36:33,007] {logging_mixin.py:115} INFO - [2022-06-19 17:36:33,006] {dag.py:2379} INFO - Sync 1 DAGs
[2022-06-19 17:36:33,020] {logging_mixin.py:115} INFO - [2022-06-19 17:36:33,020] {dag.py:2931} INFO - Setting next_dagrun for latest_only_with_trigger to 2022-06-19T13:36:33.020200+00:00, run_after=2022-06-19T17:36:33.020200+00:00
[2022-06-19 17:36:33,031] {processor.py:161} INFO - Processing /home/airflow/.local/lib/python3.7/site-packages/airflow/example_dags/example_latest_only_with_trigger.py took 0.052 seconds
[2022-06-19 17:37:03,846] {processor.py:153} INFO - Started process (PID=1454) to work on /home/airflow/.local/lib/python3.7/site-packages/airflow/example_dags/example_latest_only_with_trigger.py
[2022-06-19 17:37:03,848] {processor.py:641} INFO - Processing file /home/airflow/.local/lib/python3.7/site-packages/airflow/example_dags/example_latest_only_with_trigger.py for tasks to queue
[2022-06-19 17:37:03,849] {logging_mixin.py:115} INFO - [2022-06-19 17:37:03,849] {dagbag.py:507} INFO - Filling up the DagBag from /home/airflow/.local/lib/python3.7/site-packages/airflow/example_dags/example_latest_only_with_trigger.py
[2022-06-19 17:37:03,864] {processor.py:651} INFO - DAG(s) dict_keys(['latest_only_with_trigger']) retrieved from /home/airflow/.local/lib/python3.7/site-packages/airflow/example_dags/example_latest_only_with_trigger.py
[2022-06-19 17:37:03,937] {logging_mixin.py:115} INFO - [2022-06-19 17:37:03,937] {dag.py:2379} INFO - Sync 1 DAGs
[2022-06-19 17:37:04,011] {logging_mixin.py:115} INFO - [2022-06-19 17:37:04,003] {dag.py:2931} INFO - Setting next_dagrun for latest_only_with_trigger to 2022-06-19T13:37:04.003600+00:00, run_after=2022-06-19T17:37:04.003600+00:00
[2022-06-19 17:37:04,047] {processor.py:161} INFO - Processing /home/airflow/.local/lib/python3.7/site-packages/airflow/example_dags/example_latest_only_with_trigger.py took 0.205 seconds
[2022-06-19 17:37:34,627] {processor.py:153} INFO - Started process (PID=1518) to work on /home/airflow/.local/lib/python3.7/site-packages/airflow/example_dags/example_latest_only_with_trigger.py
[2022-06-19 17:37:34,627] {processor.py:641} INFO - Processing file /home/airflow/.local/lib/python3.7/site-packages/airflow/example_dags/example_latest_only_with_trigger.py for tasks to queue
[2022-06-19 17:37:34,628] {logging_mixin.py:115} INFO - [2022-06-19 17:37:34,628] {dagbag.py:507} INFO - Filling up the DagBag from /home/airflow/.local/lib/python3.7/site-packages/airflow/example_dags/example_latest_only_with_trigger.py
[2022-06-19 17:37:34,632] {processor.py:651} INFO - DAG(s) dict_keys(['latest_only_with_trigger']) retrieved from /home/airflow/.local/lib/python3.7/site-packages/airflow/example_dags/example_latest_only_with_trigger.py
[2022-06-19 17:37:34,651] {logging_mixin.py:115} INFO - [2022-06-19 17:37:34,651] {dag.py:2379} INFO - Sync 1 DAGs
[2022-06-19 17:37:34,665] {logging_mixin.py:115} INFO - [2022-06-19 17:37:34,665] {dag.py:2931} INFO - Setting next_dagrun for latest_only_with_trigger to 2022-06-19T13:37:34.664928+00:00, run_after=2022-06-19T17:37:34.664928+00:00
[2022-06-19 17:37:34,676] {processor.py:161} INFO - Processing /home/airflow/.local/lib/python3.7/site-packages/airflow/example_dags/example_latest_only_with_trigger.py took 0.052 seconds
