[2022-06-19 17:28:20,164] {processor.py:153} INFO - Started process (PID=432) to work on /home/airflow/.local/lib/python3.7/site-packages/airflow/example_dags/example_task_group_decorator.py
[2022-06-19 17:28:20,172] {processor.py:641} INFO - Processing file /home/airflow/.local/lib/python3.7/site-packages/airflow/example_dags/example_task_group_decorator.py for tasks to queue
[2022-06-19 17:28:20,176] {logging_mixin.py:115} INFO - [2022-06-19 17:28:20,175] {dagbag.py:507} INFO - Filling up the DagBag from /home/airflow/.local/lib/python3.7/site-packages/airflow/example_dags/example_task_group_decorator.py
[2022-06-19 17:28:20,278] {processor.py:651} INFO - DAG(s) dict_keys(['example_task_group_decorator']) retrieved from /home/airflow/.local/lib/python3.7/site-packages/airflow/example_dags/example_task_group_decorator.py
[2022-06-19 17:28:20,540] {logging_mixin.py:115} INFO - [2022-06-19 17:28:20,540] {dag.py:2379} INFO - Sync 1 DAGs
[2022-06-19 17:28:20,617] {logging_mixin.py:115} INFO - [2022-06-19 17:28:20,616] {dag.py:2931} INFO - Setting next_dagrun for example_task_group_decorator to 2022-06-18T17:28:20.616372+00:00, run_after=2022-06-19T17:28:20.616372+00:00
[2022-06-19 17:28:20,670] {processor.py:161} INFO - Processing /home/airflow/.local/lib/python3.7/site-packages/airflow/example_dags/example_task_group_decorator.py took 0.511 seconds
[2022-06-19 17:28:51,058] {processor.py:153} INFO - Started process (PID=485) to work on /home/airflow/.local/lib/python3.7/site-packages/airflow/example_dags/example_task_group_decorator.py
[2022-06-19 17:28:51,059] {processor.py:641} INFO - Processing file /home/airflow/.local/lib/python3.7/site-packages/airflow/example_dags/example_task_group_decorator.py for tasks to queue
[2022-06-19 17:28:51,060] {logging_mixin.py:115} INFO - [2022-06-19 17:28:51,060] {dagbag.py:507} INFO - Filling up the DagBag from /home/airflow/.local/lib/python3.7/site-packages/airflow/example_dags/example_task_group_decorator.py
[2022-06-19 17:28:51,144] {processor.py:651} INFO - DAG(s) dict_keys(['example_task_group_decorator']) retrieved from /home/airflow/.local/lib/python3.7/site-packages/airflow/example_dags/example_task_group_decorator.py
[2022-06-19 17:28:51,383] {logging_mixin.py:115} INFO - [2022-06-19 17:28:51,382] {dag.py:2379} INFO - Sync 1 DAGs
[2022-06-19 17:28:51,448] {logging_mixin.py:115} INFO - [2022-06-19 17:28:51,448] {dag.py:2931} INFO - Setting next_dagrun for example_task_group_decorator to 2022-06-18T17:28:51.448112+00:00, run_after=2022-06-19T17:28:51.448112+00:00
[2022-06-19 17:28:51,513] {processor.py:161} INFO - Processing /home/airflow/.local/lib/python3.7/site-packages/airflow/example_dags/example_task_group_decorator.py took 0.466 seconds
[2022-06-19 17:29:21,693] {processor.py:153} INFO - Started process (PID=542) to work on /home/airflow/.local/lib/python3.7/site-packages/airflow/example_dags/example_task_group_decorator.py
[2022-06-19 17:29:21,695] {processor.py:641} INFO - Processing file /home/airflow/.local/lib/python3.7/site-packages/airflow/example_dags/example_task_group_decorator.py for tasks to queue
[2022-06-19 17:29:21,698] {logging_mixin.py:115} INFO - [2022-06-19 17:29:21,698] {dagbag.py:507} INFO - Filling up the DagBag from /home/airflow/.local/lib/python3.7/site-packages/airflow/example_dags/example_task_group_decorator.py
[2022-06-19 17:29:21,736] {processor.py:651} INFO - DAG(s) dict_keys(['example_task_group_decorator']) retrieved from /home/airflow/.local/lib/python3.7/site-packages/airflow/example_dags/example_task_group_decorator.py
[2022-06-19 17:29:21,851] {logging_mixin.py:115} INFO - [2022-06-19 17:29:21,851] {dag.py:2379} INFO - Sync 1 DAGs
[2022-06-19 17:29:21,880] {logging_mixin.py:115} INFO - [2022-06-19 17:29:21,880] {dag.py:2931} INFO - Setting next_dagrun for example_task_group_decorator to 2022-06-18T17:29:21.879727+00:00, run_after=2022-06-19T17:29:21.879727+00:00
[2022-06-19 17:29:21,909] {processor.py:161} INFO - Processing /home/airflow/.local/lib/python3.7/site-packages/airflow/example_dags/example_task_group_decorator.py took 0.220 seconds
[2022-06-19 17:29:52,428] {processor.py:153} INFO - Started process (PID=597) to work on /home/airflow/.local/lib/python3.7/site-packages/airflow/example_dags/example_task_group_decorator.py
[2022-06-19 17:29:52,429] {processor.py:641} INFO - Processing file /home/airflow/.local/lib/python3.7/site-packages/airflow/example_dags/example_task_group_decorator.py for tasks to queue
[2022-06-19 17:29:52,429] {logging_mixin.py:115} INFO - [2022-06-19 17:29:52,429] {dagbag.py:507} INFO - Filling up the DagBag from /home/airflow/.local/lib/python3.7/site-packages/airflow/example_dags/example_task_group_decorator.py
[2022-06-19 17:29:52,451] {processor.py:651} INFO - DAG(s) dict_keys(['example_task_group_decorator']) retrieved from /home/airflow/.local/lib/python3.7/site-packages/airflow/example_dags/example_task_group_decorator.py
[2022-06-19 17:29:52,513] {logging_mixin.py:115} INFO - [2022-06-19 17:29:52,513] {dag.py:2379} INFO - Sync 1 DAGs
[2022-06-19 17:29:52,526] {logging_mixin.py:115} INFO - [2022-06-19 17:29:52,526] {dag.py:2931} INFO - Setting next_dagrun for example_task_group_decorator to 2022-06-18T17:29:52.525937+00:00, run_after=2022-06-19T17:29:52.525937+00:00
[2022-06-19 17:29:52,544] {processor.py:161} INFO - Processing /home/airflow/.local/lib/python3.7/site-packages/airflow/example_dags/example_task_group_decorator.py took 0.120 seconds
[2022-06-19 17:30:23,074] {processor.py:153} INFO - Started process (PID=661) to work on /home/airflow/.local/lib/python3.7/site-packages/airflow/example_dags/example_task_group_decorator.py
[2022-06-19 17:30:23,075] {processor.py:641} INFO - Processing file /home/airflow/.local/lib/python3.7/site-packages/airflow/example_dags/example_task_group_decorator.py for tasks to queue
[2022-06-19 17:30:23,075] {logging_mixin.py:115} INFO - [2022-06-19 17:30:23,075] {dagbag.py:507} INFO - Filling up the DagBag from /home/airflow/.local/lib/python3.7/site-packages/airflow/example_dags/example_task_group_decorator.py
[2022-06-19 17:30:23,099] {processor.py:651} INFO - DAG(s) dict_keys(['example_task_group_decorator']) retrieved from /home/airflow/.local/lib/python3.7/site-packages/airflow/example_dags/example_task_group_decorator.py
[2022-06-19 17:30:23,161] {logging_mixin.py:115} INFO - [2022-06-19 17:30:23,161] {dag.py:2379} INFO - Sync 1 DAGs
[2022-06-19 17:30:23,174] {logging_mixin.py:115} INFO - [2022-06-19 17:30:23,174] {dag.py:2931} INFO - Setting next_dagrun for example_task_group_decorator to 2022-06-18T17:30:23.174403+00:00, run_after=2022-06-19T17:30:23.174403+00:00
[2022-06-19 17:30:23,189] {processor.py:161} INFO - Processing /home/airflow/.local/lib/python3.7/site-packages/airflow/example_dags/example_task_group_decorator.py took 0.118 seconds
[2022-06-19 17:30:53,875] {processor.py:153} INFO - Started process (PID=716) to work on /home/airflow/.local/lib/python3.7/site-packages/airflow/example_dags/example_task_group_decorator.py
[2022-06-19 17:30:53,876] {processor.py:641} INFO - Processing file /home/airflow/.local/lib/python3.7/site-packages/airflow/example_dags/example_task_group_decorator.py for tasks to queue
[2022-06-19 17:30:53,876] {logging_mixin.py:115} INFO - [2022-06-19 17:30:53,876] {dagbag.py:507} INFO - Filling up the DagBag from /home/airflow/.local/lib/python3.7/site-packages/airflow/example_dags/example_task_group_decorator.py
[2022-06-19 17:30:53,916] {processor.py:651} INFO - DAG(s) dict_keys(['example_task_group_decorator']) retrieved from /home/airflow/.local/lib/python3.7/site-packages/airflow/example_dags/example_task_group_decorator.py
[2022-06-19 17:30:54,033] {logging_mixin.py:115} INFO - [2022-06-19 17:30:54,033] {dag.py:2379} INFO - Sync 1 DAGs
[2022-06-19 17:30:54,078] {logging_mixin.py:115} INFO - [2022-06-19 17:30:54,078] {dag.py:2931} INFO - Setting next_dagrun for example_task_group_decorator to 2022-06-18T17:30:54.077723+00:00, run_after=2022-06-19T17:30:54.077723+00:00
[2022-06-19 17:30:54,121] {processor.py:161} INFO - Processing /home/airflow/.local/lib/python3.7/site-packages/airflow/example_dags/example_task_group_decorator.py took 0.249 seconds
[2022-06-19 17:31:24,337] {processor.py:153} INFO - Started process (PID=781) to work on /home/airflow/.local/lib/python3.7/site-packages/airflow/example_dags/example_task_group_decorator.py
[2022-06-19 17:31:24,338] {processor.py:641} INFO - Processing file /home/airflow/.local/lib/python3.7/site-packages/airflow/example_dags/example_task_group_decorator.py for tasks to queue
[2022-06-19 17:31:24,339] {logging_mixin.py:115} INFO - [2022-06-19 17:31:24,339] {dagbag.py:507} INFO - Filling up the DagBag from /home/airflow/.local/lib/python3.7/site-packages/airflow/example_dags/example_task_group_decorator.py
[2022-06-19 17:31:24,374] {processor.py:651} INFO - DAG(s) dict_keys(['example_task_group_decorator']) retrieved from /home/airflow/.local/lib/python3.7/site-packages/airflow/example_dags/example_task_group_decorator.py
[2022-06-19 17:31:24,506] {logging_mixin.py:115} INFO - [2022-06-19 17:31:24,506] {dag.py:2379} INFO - Sync 1 DAGs
[2022-06-19 17:31:24,538] {logging_mixin.py:115} INFO - [2022-06-19 17:31:24,538] {dag.py:2931} INFO - Setting next_dagrun for example_task_group_decorator to 2022-06-18T17:31:24.538315+00:00, run_after=2022-06-19T17:31:24.538315+00:00
[2022-06-19 17:31:24,576] {processor.py:161} INFO - Processing /home/airflow/.local/lib/python3.7/site-packages/airflow/example_dags/example_task_group_decorator.py took 0.249 seconds
[2022-06-19 17:31:54,768] {processor.py:153} INFO - Started process (PID=836) to work on /home/airflow/.local/lib/python3.7/site-packages/airflow/example_dags/example_task_group_decorator.py
[2022-06-19 17:31:54,768] {processor.py:641} INFO - Processing file /home/airflow/.local/lib/python3.7/site-packages/airflow/example_dags/example_task_group_decorator.py for tasks to queue
[2022-06-19 17:31:54,769] {logging_mixin.py:115} INFO - [2022-06-19 17:31:54,769] {dagbag.py:507} INFO - Filling up the DagBag from /home/airflow/.local/lib/python3.7/site-packages/airflow/example_dags/example_task_group_decorator.py
[2022-06-19 17:31:54,799] {processor.py:651} INFO - DAG(s) dict_keys(['example_task_group_decorator']) retrieved from /home/airflow/.local/lib/python3.7/site-packages/airflow/example_dags/example_task_group_decorator.py
[2022-06-19 17:31:54,859] {logging_mixin.py:115} INFO - [2022-06-19 17:31:54,859] {dag.py:2379} INFO - Sync 1 DAGs
[2022-06-19 17:31:54,872] {logging_mixin.py:115} INFO - [2022-06-19 17:31:54,872] {dag.py:2931} INFO - Setting next_dagrun for example_task_group_decorator to 2022-06-18T17:31:54.872531+00:00, run_after=2022-06-19T17:31:54.872531+00:00
[2022-06-19 17:31:54,888] {processor.py:161} INFO - Processing /home/airflow/.local/lib/python3.7/site-packages/airflow/example_dags/example_task_group_decorator.py took 0.123 seconds
[2022-06-19 17:32:25,620] {processor.py:153} INFO - Started process (PID=899) to work on /home/airflow/.local/lib/python3.7/site-packages/airflow/example_dags/example_task_group_decorator.py
[2022-06-19 17:32:25,621] {processor.py:641} INFO - Processing file /home/airflow/.local/lib/python3.7/site-packages/airflow/example_dags/example_task_group_decorator.py for tasks to queue
[2022-06-19 17:32:25,622] {logging_mixin.py:115} INFO - [2022-06-19 17:32:25,622] {dagbag.py:507} INFO - Filling up the DagBag from /home/airflow/.local/lib/python3.7/site-packages/airflow/example_dags/example_task_group_decorator.py
[2022-06-19 17:32:25,641] {processor.py:651} INFO - DAG(s) dict_keys(['example_task_group_decorator']) retrieved from /home/airflow/.local/lib/python3.7/site-packages/airflow/example_dags/example_task_group_decorator.py
[2022-06-19 17:32:25,696] {logging_mixin.py:115} INFO - [2022-06-19 17:32:25,696] {dag.py:2379} INFO - Sync 1 DAGs
[2022-06-19 17:32:25,709] {logging_mixin.py:115} INFO - [2022-06-19 17:32:25,708] {dag.py:2931} INFO - Setting next_dagrun for example_task_group_decorator to 2022-06-18T17:32:25.708786+00:00, run_after=2022-06-19T17:32:25.708786+00:00
[2022-06-19 17:32:25,725] {processor.py:161} INFO - Processing /home/airflow/.local/lib/python3.7/site-packages/airflow/example_dags/example_task_group_decorator.py took 0.107 seconds
[2022-06-19 17:32:55,962] {processor.py:153} INFO - Started process (PID=954) to work on /home/airflow/.local/lib/python3.7/site-packages/airflow/example_dags/example_task_group_decorator.py
[2022-06-19 17:32:55,963] {processor.py:641} INFO - Processing file /home/airflow/.local/lib/python3.7/site-packages/airflow/example_dags/example_task_group_decorator.py for tasks to queue
[2022-06-19 17:32:55,964] {logging_mixin.py:115} INFO - [2022-06-19 17:32:55,964] {dagbag.py:507} INFO - Filling up the DagBag from /home/airflow/.local/lib/python3.7/site-packages/airflow/example_dags/example_task_group_decorator.py
[2022-06-19 17:32:56,020] {processor.py:651} INFO - DAG(s) dict_keys(['example_task_group_decorator']) retrieved from /home/airflow/.local/lib/python3.7/site-packages/airflow/example_dags/example_task_group_decorator.py
[2022-06-19 17:32:56,170] {logging_mixin.py:115} INFO - [2022-06-19 17:32:56,169] {dag.py:2379} INFO - Sync 1 DAGs
[2022-06-19 17:32:56,207] {logging_mixin.py:115} INFO - [2022-06-19 17:32:56,206] {dag.py:2931} INFO - Setting next_dagrun for example_task_group_decorator to 2022-06-18T17:32:56.206275+00:00, run_after=2022-06-19T17:32:56.206275+00:00
[2022-06-19 17:32:56,242] {processor.py:161} INFO - Processing /home/airflow/.local/lib/python3.7/site-packages/airflow/example_dags/example_task_group_decorator.py took 0.292 seconds
[2022-06-19 17:33:26,289] {processor.py:153} INFO - Started process (PID=1019) to work on /home/airflow/.local/lib/python3.7/site-packages/airflow/example_dags/example_task_group_decorator.py
[2022-06-19 17:33:26,289] {processor.py:641} INFO - Processing file /home/airflow/.local/lib/python3.7/site-packages/airflow/example_dags/example_task_group_decorator.py for tasks to queue
[2022-06-19 17:33:26,290] {logging_mixin.py:115} INFO - [2022-06-19 17:33:26,290] {dagbag.py:507} INFO - Filling up the DagBag from /home/airflow/.local/lib/python3.7/site-packages/airflow/example_dags/example_task_group_decorator.py
[2022-06-19 17:33:26,308] {processor.py:651} INFO - DAG(s) dict_keys(['example_task_group_decorator']) retrieved from /home/airflow/.local/lib/python3.7/site-packages/airflow/example_dags/example_task_group_decorator.py
[2022-06-19 17:33:26,360] {logging_mixin.py:115} INFO - [2022-06-19 17:33:26,359] {dag.py:2379} INFO - Sync 1 DAGs
[2022-06-19 17:33:26,371] {logging_mixin.py:115} INFO - [2022-06-19 17:33:26,371] {dag.py:2931} INFO - Setting next_dagrun for example_task_group_decorator to 2022-06-18T17:33:26.371514+00:00, run_after=2022-06-19T17:33:26.371514+00:00
[2022-06-19 17:33:26,386] {processor.py:161} INFO - Processing /home/airflow/.local/lib/python3.7/site-packages/airflow/example_dags/example_task_group_decorator.py took 0.099 seconds
[2022-06-19 17:33:57,208] {processor.py:153} INFO - Started process (PID=1084) to work on /home/airflow/.local/lib/python3.7/site-packages/airflow/example_dags/example_task_group_decorator.py
[2022-06-19 17:33:57,208] {processor.py:641} INFO - Processing file /home/airflow/.local/lib/python3.7/site-packages/airflow/example_dags/example_task_group_decorator.py for tasks to queue
[2022-06-19 17:33:57,209] {logging_mixin.py:115} INFO - [2022-06-19 17:33:57,209] {dagbag.py:507} INFO - Filling up the DagBag from /home/airflow/.local/lib/python3.7/site-packages/airflow/example_dags/example_task_group_decorator.py
[2022-06-19 17:33:57,227] {processor.py:651} INFO - DAG(s) dict_keys(['example_task_group_decorator']) retrieved from /home/airflow/.local/lib/python3.7/site-packages/airflow/example_dags/example_task_group_decorator.py
[2022-06-19 17:33:57,282] {logging_mixin.py:115} INFO - [2022-06-19 17:33:57,282] {dag.py:2379} INFO - Sync 1 DAGs
[2022-06-19 17:33:57,294] {logging_mixin.py:115} INFO - [2022-06-19 17:33:57,294] {dag.py:2931} INFO - Setting next_dagrun for example_task_group_decorator to 2022-06-18T17:33:57.294358+00:00, run_after=2022-06-19T17:33:57.294358+00:00
[2022-06-19 17:33:57,310] {processor.py:161} INFO - Processing /home/airflow/.local/lib/python3.7/site-packages/airflow/example_dags/example_task_group_decorator.py took 0.105 seconds
[2022-06-19 17:34:27,884] {processor.py:153} INFO - Started process (PID=1148) to work on /home/airflow/.local/lib/python3.7/site-packages/airflow/example_dags/example_task_group_decorator.py
[2022-06-19 17:34:27,884] {processor.py:641} INFO - Processing file /home/airflow/.local/lib/python3.7/site-packages/airflow/example_dags/example_task_group_decorator.py for tasks to queue
[2022-06-19 17:34:27,885] {logging_mixin.py:115} INFO - [2022-06-19 17:34:27,885] {dagbag.py:507} INFO - Filling up the DagBag from /home/airflow/.local/lib/python3.7/site-packages/airflow/example_dags/example_task_group_decorator.py
[2022-06-19 17:34:27,909] {processor.py:651} INFO - DAG(s) dict_keys(['example_task_group_decorator']) retrieved from /home/airflow/.local/lib/python3.7/site-packages/airflow/example_dags/example_task_group_decorator.py
[2022-06-19 17:34:27,977] {logging_mixin.py:115} INFO - [2022-06-19 17:34:27,977] {dag.py:2379} INFO - Sync 1 DAGs
[2022-06-19 17:34:27,991] {logging_mixin.py:115} INFO - [2022-06-19 17:34:27,991] {dag.py:2931} INFO - Setting next_dagrun for example_task_group_decorator to 2022-06-18T17:34:27.991296+00:00, run_after=2022-06-19T17:34:27.991296+00:00
[2022-06-19 17:34:28,009] {processor.py:161} INFO - Processing /home/airflow/.local/lib/python3.7/site-packages/airflow/example_dags/example_task_group_decorator.py took 0.129 seconds
[2022-06-19 17:34:58,743] {processor.py:153} INFO - Started process (PID=1203) to work on /home/airflow/.local/lib/python3.7/site-packages/airflow/example_dags/example_task_group_decorator.py
[2022-06-19 17:34:58,744] {processor.py:641} INFO - Processing file /home/airflow/.local/lib/python3.7/site-packages/airflow/example_dags/example_task_group_decorator.py for tasks to queue
[2022-06-19 17:34:58,745] {logging_mixin.py:115} INFO - [2022-06-19 17:34:58,745] {dagbag.py:507} INFO - Filling up the DagBag from /home/airflow/.local/lib/python3.7/site-packages/airflow/example_dags/example_task_group_decorator.py
[2022-06-19 17:34:58,763] {processor.py:651} INFO - DAG(s) dict_keys(['example_task_group_decorator']) retrieved from /home/airflow/.local/lib/python3.7/site-packages/airflow/example_dags/example_task_group_decorator.py
[2022-06-19 17:34:58,816] {logging_mixin.py:115} INFO - [2022-06-19 17:34:58,816] {dag.py:2379} INFO - Sync 1 DAGs
[2022-06-19 17:34:58,828] {logging_mixin.py:115} INFO - [2022-06-19 17:34:58,828] {dag.py:2931} INFO - Setting next_dagrun for example_task_group_decorator to 2022-06-18T17:34:58.828305+00:00, run_after=2022-06-19T17:34:58.828305+00:00
[2022-06-19 17:34:58,841] {processor.py:161} INFO - Processing /home/airflow/.local/lib/python3.7/site-packages/airflow/example_dags/example_task_group_decorator.py took 0.100 seconds
[2022-06-19 17:35:29,549] {processor.py:153} INFO - Started process (PID=1267) to work on /home/airflow/.local/lib/python3.7/site-packages/airflow/example_dags/example_task_group_decorator.py
[2022-06-19 17:35:29,550] {processor.py:641} INFO - Processing file /home/airflow/.local/lib/python3.7/site-packages/airflow/example_dags/example_task_group_decorator.py for tasks to queue
[2022-06-19 17:35:29,551] {logging_mixin.py:115} INFO - [2022-06-19 17:35:29,551] {dagbag.py:507} INFO - Filling up the DagBag from /home/airflow/.local/lib/python3.7/site-packages/airflow/example_dags/example_task_group_decorator.py
[2022-06-19 17:35:29,571] {processor.py:651} INFO - DAG(s) dict_keys(['example_task_group_decorator']) retrieved from /home/airflow/.local/lib/python3.7/site-packages/airflow/example_dags/example_task_group_decorator.py
[2022-06-19 17:35:29,635] {logging_mixin.py:115} INFO - [2022-06-19 17:35:29,635] {dag.py:2379} INFO - Sync 1 DAGs
[2022-06-19 17:35:29,647] {logging_mixin.py:115} INFO - [2022-06-19 17:35:29,647] {dag.py:2931} INFO - Setting next_dagrun for example_task_group_decorator to 2022-06-18T17:35:29.647242+00:00, run_after=2022-06-19T17:35:29.647242+00:00
[2022-06-19 17:35:29,660] {processor.py:161} INFO - Processing /home/airflow/.local/lib/python3.7/site-packages/airflow/example_dags/example_task_group_decorator.py took 0.113 seconds
[2022-06-19 17:36:00,179] {processor.py:153} INFO - Started process (PID=1331) to work on /home/airflow/.local/lib/python3.7/site-packages/airflow/example_dags/example_task_group_decorator.py
[2022-06-19 17:36:00,180] {processor.py:641} INFO - Processing file /home/airflow/.local/lib/python3.7/site-packages/airflow/example_dags/example_task_group_decorator.py for tasks to queue
[2022-06-19 17:36:00,181] {logging_mixin.py:115} INFO - [2022-06-19 17:36:00,180] {dagbag.py:507} INFO - Filling up the DagBag from /home/airflow/.local/lib/python3.7/site-packages/airflow/example_dags/example_task_group_decorator.py
[2022-06-19 17:36:00,204] {processor.py:651} INFO - DAG(s) dict_keys(['example_task_group_decorator']) retrieved from /home/airflow/.local/lib/python3.7/site-packages/airflow/example_dags/example_task_group_decorator.py
[2022-06-19 17:36:00,256] {logging_mixin.py:115} INFO - [2022-06-19 17:36:00,256] {dag.py:2379} INFO - Sync 1 DAGs
[2022-06-19 17:36:00,269] {logging_mixin.py:115} INFO - [2022-06-19 17:36:00,269] {dag.py:2931} INFO - Setting next_dagrun for example_task_group_decorator to 2022-06-18T17:36:00.269428+00:00, run_after=2022-06-19T17:36:00.269428+00:00
[2022-06-19 17:36:00,283] {processor.py:161} INFO - Processing /home/airflow/.local/lib/python3.7/site-packages/airflow/example_dags/example_task_group_decorator.py took 0.107 seconds
[2022-06-19 17:36:30,810] {processor.py:153} INFO - Started process (PID=1393) to work on /home/airflow/.local/lib/python3.7/site-packages/airflow/example_dags/example_task_group_decorator.py
[2022-06-19 17:36:30,811] {processor.py:641} INFO - Processing file /home/airflow/.local/lib/python3.7/site-packages/airflow/example_dags/example_task_group_decorator.py for tasks to queue
[2022-06-19 17:36:30,812] {logging_mixin.py:115} INFO - [2022-06-19 17:36:30,812] {dagbag.py:507} INFO - Filling up the DagBag from /home/airflow/.local/lib/python3.7/site-packages/airflow/example_dags/example_task_group_decorator.py
[2022-06-19 17:36:30,834] {processor.py:651} INFO - DAG(s) dict_keys(['example_task_group_decorator']) retrieved from /home/airflow/.local/lib/python3.7/site-packages/airflow/example_dags/example_task_group_decorator.py
[2022-06-19 17:36:30,859] {logging_mixin.py:115} INFO - [2022-06-19 17:36:30,859] {dag.py:2379} INFO - Sync 1 DAGs
[2022-06-19 17:36:30,877] {logging_mixin.py:115} INFO - [2022-06-19 17:36:30,877] {dag.py:2931} INFO - Setting next_dagrun for example_task_group_decorator to 2022-06-18T17:36:30.877148+00:00, run_after=2022-06-19T17:36:30.877148+00:00
[2022-06-19 17:36:30,890] {processor.py:161} INFO - Processing /home/airflow/.local/lib/python3.7/site-packages/airflow/example_dags/example_task_group_decorator.py took 0.083 seconds
[2022-06-19 17:37:01,346] {processor.py:153} INFO - Started process (PID=1450) to work on /home/airflow/.local/lib/python3.7/site-packages/airflow/example_dags/example_task_group_decorator.py
[2022-06-19 17:37:01,347] {processor.py:641} INFO - Processing file /home/airflow/.local/lib/python3.7/site-packages/airflow/example_dags/example_task_group_decorator.py for tasks to queue
[2022-06-19 17:37:01,347] {logging_mixin.py:115} INFO - [2022-06-19 17:37:01,347] {dagbag.py:507} INFO - Filling up the DagBag from /home/airflow/.local/lib/python3.7/site-packages/airflow/example_dags/example_task_group_decorator.py
[2022-06-19 17:37:01,367] {processor.py:651} INFO - DAG(s) dict_keys(['example_task_group_decorator']) retrieved from /home/airflow/.local/lib/python3.7/site-packages/airflow/example_dags/example_task_group_decorator.py
[2022-06-19 17:37:01,417] {logging_mixin.py:115} INFO - [2022-06-19 17:37:01,417] {dag.py:2379} INFO - Sync 1 DAGs
[2022-06-19 17:37:01,430] {logging_mixin.py:115} INFO - [2022-06-19 17:37:01,429] {dag.py:2931} INFO - Setting next_dagrun for example_task_group_decorator to 2022-06-18T17:37:01.429728+00:00, run_after=2022-06-19T17:37:01.429728+00:00
[2022-06-19 17:37:01,444] {processor.py:161} INFO - Processing /home/airflow/.local/lib/python3.7/site-packages/airflow/example_dags/example_task_group_decorator.py took 0.100 seconds
[2022-06-19 17:37:31,523] {processor.py:153} INFO - Started process (PID=1515) to work on /home/airflow/.local/lib/python3.7/site-packages/airflow/example_dags/example_task_group_decorator.py
[2022-06-19 17:37:31,524] {processor.py:641} INFO - Processing file /home/airflow/.local/lib/python3.7/site-packages/airflow/example_dags/example_task_group_decorator.py for tasks to queue
[2022-06-19 17:37:31,524] {logging_mixin.py:115} INFO - [2022-06-19 17:37:31,524] {dagbag.py:507} INFO - Filling up the DagBag from /home/airflow/.local/lib/python3.7/site-packages/airflow/example_dags/example_task_group_decorator.py
[2022-06-19 17:37:31,543] {processor.py:651} INFO - DAG(s) dict_keys(['example_task_group_decorator']) retrieved from /home/airflow/.local/lib/python3.7/site-packages/airflow/example_dags/example_task_group_decorator.py
[2022-06-19 17:37:31,595] {logging_mixin.py:115} INFO - [2022-06-19 17:37:31,595] {dag.py:2379} INFO - Sync 1 DAGs
[2022-06-19 17:37:31,607] {logging_mixin.py:115} INFO - [2022-06-19 17:37:31,607] {dag.py:2931} INFO - Setting next_dagrun for example_task_group_decorator to 2022-06-18T17:37:31.607281+00:00, run_after=2022-06-19T17:37:31.607281+00:00
[2022-06-19 17:37:31,622] {processor.py:161} INFO - Processing /home/airflow/.local/lib/python3.7/site-packages/airflow/example_dags/example_task_group_decorator.py took 0.101 seconds
