[2022-06-19 17:28:17,493] {processor.py:153} INFO - Started process (PID=412) to work on /home/airflow/.local/lib/python3.7/site-packages/airflow/example_dags/example_branch_day_of_week_operator.py
[2022-06-19 17:28:17,521] {processor.py:641} INFO - Processing file /home/airflow/.local/lib/python3.7/site-packages/airflow/example_dags/example_branch_day_of_week_operator.py for tasks to queue
[2022-06-19 17:28:17,523] {logging_mixin.py:115} INFO - [2022-06-19 17:28:17,523] {dagbag.py:507} INFO - Filling up the DagBag from /home/airflow/.local/lib/python3.7/site-packages/airflow/example_dags/example_branch_day_of_week_operator.py
[2022-06-19 17:28:17,555] {processor.py:651} INFO - DAG(s) dict_keys(['example_weekday_branch_operator']) retrieved from /home/airflow/.local/lib/python3.7/site-packages/airflow/example_dags/example_branch_day_of_week_operator.py
[2022-06-19 17:28:17,663] {logging_mixin.py:115} INFO - [2022-06-19 17:28:17,663] {dag.py:2379} INFO - Sync 1 DAGs
[2022-06-19 17:28:17,761] {logging_mixin.py:115} INFO - [2022-06-19 17:28:17,760] {dag.py:2931} INFO - Setting next_dagrun for example_weekday_branch_operator to 2022-06-18T00:00:00+00:00, run_after=2022-06-19T00:00:00+00:00
[2022-06-19 17:28:17,915] {processor.py:161} INFO - Processing /home/airflow/.local/lib/python3.7/site-packages/airflow/example_dags/example_branch_day_of_week_operator.py took 0.427 seconds
[2022-06-19 17:28:48,507] {processor.py:153} INFO - Started process (PID=468) to work on /home/airflow/.local/lib/python3.7/site-packages/airflow/example_dags/example_branch_day_of_week_operator.py
[2022-06-19 17:28:48,508] {processor.py:641} INFO - Processing file /home/airflow/.local/lib/python3.7/site-packages/airflow/example_dags/example_branch_day_of_week_operator.py for tasks to queue
[2022-06-19 17:28:48,518] {logging_mixin.py:115} INFO - [2022-06-19 17:28:48,510] {dagbag.py:507} INFO - Filling up the DagBag from /home/airflow/.local/lib/python3.7/site-packages/airflow/example_dags/example_branch_day_of_week_operator.py
[2022-06-19 17:28:48,551] {processor.py:651} INFO - DAG(s) dict_keys(['example_weekday_branch_operator']) retrieved from /home/airflow/.local/lib/python3.7/site-packages/airflow/example_dags/example_branch_day_of_week_operator.py
[2022-06-19 17:28:48,621] {logging_mixin.py:115} INFO - [2022-06-19 17:28:48,621] {dag.py:2379} INFO - Sync 1 DAGs
[2022-06-19 17:28:48,688] {logging_mixin.py:115} INFO - [2022-06-19 17:28:48,687] {dag.py:2931} INFO - Setting next_dagrun for example_weekday_branch_operator to 2022-06-18T00:00:00+00:00, run_after=2022-06-19T00:00:00+00:00
[2022-06-19 17:28:48,723] {processor.py:161} INFO - Processing /home/airflow/.local/lib/python3.7/site-packages/airflow/example_dags/example_branch_day_of_week_operator.py took 0.222 seconds
[2022-06-19 17:29:18,864] {processor.py:153} INFO - Started process (PID=523) to work on /home/airflow/.local/lib/python3.7/site-packages/airflow/example_dags/example_branch_day_of_week_operator.py
[2022-06-19 17:29:18,865] {processor.py:641} INFO - Processing file /home/airflow/.local/lib/python3.7/site-packages/airflow/example_dags/example_branch_day_of_week_operator.py for tasks to queue
[2022-06-19 17:29:18,866] {logging_mixin.py:115} INFO - [2022-06-19 17:29:18,866] {dagbag.py:507} INFO - Filling up the DagBag from /home/airflow/.local/lib/python3.7/site-packages/airflow/example_dags/example_branch_day_of_week_operator.py
[2022-06-19 17:29:18,882] {processor.py:651} INFO - DAG(s) dict_keys(['example_weekday_branch_operator']) retrieved from /home/airflow/.local/lib/python3.7/site-packages/airflow/example_dags/example_branch_day_of_week_operator.py
[2022-06-19 17:29:18,925] {logging_mixin.py:115} INFO - [2022-06-19 17:29:18,925] {dag.py:2379} INFO - Sync 1 DAGs
[2022-06-19 17:29:18,963] {logging_mixin.py:115} INFO - [2022-06-19 17:29:18,963] {dag.py:2931} INFO - Setting next_dagrun for example_weekday_branch_operator to 2022-06-18T00:00:00+00:00, run_after=2022-06-19T00:00:00+00:00
[2022-06-19 17:29:18,988] {processor.py:161} INFO - Processing /home/airflow/.local/lib/python3.7/site-packages/airflow/example_dags/example_branch_day_of_week_operator.py took 0.129 seconds
[2022-06-19 17:29:49,920] {processor.py:153} INFO - Started process (PID=587) to work on /home/airflow/.local/lib/python3.7/site-packages/airflow/example_dags/example_branch_day_of_week_operator.py
[2022-06-19 17:29:49,920] {processor.py:641} INFO - Processing file /home/airflow/.local/lib/python3.7/site-packages/airflow/example_dags/example_branch_day_of_week_operator.py for tasks to queue
[2022-06-19 17:29:49,921] {logging_mixin.py:115} INFO - [2022-06-19 17:29:49,921] {dagbag.py:507} INFO - Filling up the DagBag from /home/airflow/.local/lib/python3.7/site-packages/airflow/example_dags/example_branch_day_of_week_operator.py
[2022-06-19 17:29:49,927] {processor.py:651} INFO - DAG(s) dict_keys(['example_weekday_branch_operator']) retrieved from /home/airflow/.local/lib/python3.7/site-packages/airflow/example_dags/example_branch_day_of_week_operator.py
[2022-06-19 17:29:49,948] {logging_mixin.py:115} INFO - [2022-06-19 17:29:49,948] {dag.py:2379} INFO - Sync 1 DAGs
[2022-06-19 17:29:49,964] {logging_mixin.py:115} INFO - [2022-06-19 17:29:49,964] {dag.py:2931} INFO - Setting next_dagrun for example_weekday_branch_operator to 2022-06-18T00:00:00+00:00, run_after=2022-06-19T00:00:00+00:00
[2022-06-19 17:29:49,987] {processor.py:161} INFO - Processing /home/airflow/.local/lib/python3.7/site-packages/airflow/example_dags/example_branch_day_of_week_operator.py took 0.070 seconds
[2022-06-19 17:30:20,456] {processor.py:153} INFO - Started process (PID=651) to work on /home/airflow/.local/lib/python3.7/site-packages/airflow/example_dags/example_branch_day_of_week_operator.py
[2022-06-19 17:30:20,457] {processor.py:641} INFO - Processing file /home/airflow/.local/lib/python3.7/site-packages/airflow/example_dags/example_branch_day_of_week_operator.py for tasks to queue
[2022-06-19 17:30:20,459] {logging_mixin.py:115} INFO - [2022-06-19 17:30:20,458] {dagbag.py:507} INFO - Filling up the DagBag from /home/airflow/.local/lib/python3.7/site-packages/airflow/example_dags/example_branch_day_of_week_operator.py
[2022-06-19 17:30:20,472] {processor.py:651} INFO - DAG(s) dict_keys(['example_weekday_branch_operator']) retrieved from /home/airflow/.local/lib/python3.7/site-packages/airflow/example_dags/example_branch_day_of_week_operator.py
[2022-06-19 17:30:20,512] {logging_mixin.py:115} INFO - [2022-06-19 17:30:20,512] {dag.py:2379} INFO - Sync 1 DAGs
[2022-06-19 17:30:20,539] {logging_mixin.py:115} INFO - [2022-06-19 17:30:20,539] {dag.py:2931} INFO - Setting next_dagrun for example_weekday_branch_operator to 2022-06-18T00:00:00+00:00, run_after=2022-06-19T00:00:00+00:00
[2022-06-19 17:30:20,557] {processor.py:161} INFO - Processing /home/airflow/.local/lib/python3.7/site-packages/airflow/example_dags/example_branch_day_of_week_operator.py took 0.106 seconds
[2022-06-19 17:30:50,824] {processor.py:153} INFO - Started process (PID=706) to work on /home/airflow/.local/lib/python3.7/site-packages/airflow/example_dags/example_branch_day_of_week_operator.py
[2022-06-19 17:30:50,825] {processor.py:641} INFO - Processing file /home/airflow/.local/lib/python3.7/site-packages/airflow/example_dags/example_branch_day_of_week_operator.py for tasks to queue
[2022-06-19 17:30:50,826] {logging_mixin.py:115} INFO - [2022-06-19 17:30:50,826] {dagbag.py:507} INFO - Filling up the DagBag from /home/airflow/.local/lib/python3.7/site-packages/airflow/example_dags/example_branch_day_of_week_operator.py
[2022-06-19 17:30:50,835] {processor.py:651} INFO - DAG(s) dict_keys(['example_weekday_branch_operator']) retrieved from /home/airflow/.local/lib/python3.7/site-packages/airflow/example_dags/example_branch_day_of_week_operator.py
[2022-06-19 17:30:50,918] {logging_mixin.py:115} INFO - [2022-06-19 17:30:50,918] {dag.py:2379} INFO - Sync 1 DAGs
[2022-06-19 17:30:50,976] {logging_mixin.py:115} INFO - [2022-06-19 17:30:50,975] {dag.py:2931} INFO - Setting next_dagrun for example_weekday_branch_operator to 2022-06-18T00:00:00+00:00, run_after=2022-06-19T00:00:00+00:00
[2022-06-19 17:30:51,009] {processor.py:161} INFO - Processing /home/airflow/.local/lib/python3.7/site-packages/airflow/example_dags/example_branch_day_of_week_operator.py took 0.190 seconds
[2022-06-19 17:31:21,873] {processor.py:153} INFO - Started process (PID=770) to work on /home/airflow/.local/lib/python3.7/site-packages/airflow/example_dags/example_branch_day_of_week_operator.py
[2022-06-19 17:31:21,880] {processor.py:641} INFO - Processing file /home/airflow/.local/lib/python3.7/site-packages/airflow/example_dags/example_branch_day_of_week_operator.py for tasks to queue
[2022-06-19 17:31:21,883] {logging_mixin.py:115} INFO - [2022-06-19 17:31:21,883] {dagbag.py:507} INFO - Filling up the DagBag from /home/airflow/.local/lib/python3.7/site-packages/airflow/example_dags/example_branch_day_of_week_operator.py
[2022-06-19 17:31:21,897] {processor.py:651} INFO - DAG(s) dict_keys(['example_weekday_branch_operator']) retrieved from /home/airflow/.local/lib/python3.7/site-packages/airflow/example_dags/example_branch_day_of_week_operator.py
[2022-06-19 17:31:21,954] {logging_mixin.py:115} INFO - [2022-06-19 17:31:21,954] {dag.py:2379} INFO - Sync 1 DAGs
[2022-06-19 17:31:22,024] {logging_mixin.py:115} INFO - [2022-06-19 17:31:22,023] {dag.py:2931} INFO - Setting next_dagrun for example_weekday_branch_operator to 2022-06-18T00:00:00+00:00, run_after=2022-06-19T00:00:00+00:00
[2022-06-19 17:31:22,053] {processor.py:161} INFO - Processing /home/airflow/.local/lib/python3.7/site-packages/airflow/example_dags/example_branch_day_of_week_operator.py took 0.184 seconds
[2022-06-19 17:31:52,285] {processor.py:153} INFO - Started process (PID=825) to work on /home/airflow/.local/lib/python3.7/site-packages/airflow/example_dags/example_branch_day_of_week_operator.py
[2022-06-19 17:31:52,286] {processor.py:641} INFO - Processing file /home/airflow/.local/lib/python3.7/site-packages/airflow/example_dags/example_branch_day_of_week_operator.py for tasks to queue
[2022-06-19 17:31:52,287] {logging_mixin.py:115} INFO - [2022-06-19 17:31:52,287] {dagbag.py:507} INFO - Filling up the DagBag from /home/airflow/.local/lib/python3.7/site-packages/airflow/example_dags/example_branch_day_of_week_operator.py
[2022-06-19 17:31:52,297] {processor.py:651} INFO - DAG(s) dict_keys(['example_weekday_branch_operator']) retrieved from /home/airflow/.local/lib/python3.7/site-packages/airflow/example_dags/example_branch_day_of_week_operator.py
[2022-06-19 17:31:52,334] {logging_mixin.py:115} INFO - [2022-06-19 17:31:52,334] {dag.py:2379} INFO - Sync 1 DAGs
[2022-06-19 17:31:52,365] {logging_mixin.py:115} INFO - [2022-06-19 17:31:52,365] {dag.py:2931} INFO - Setting next_dagrun for example_weekday_branch_operator to 2022-06-18T00:00:00+00:00, run_after=2022-06-19T00:00:00+00:00
[2022-06-19 17:31:52,387] {processor.py:161} INFO - Processing /home/airflow/.local/lib/python3.7/site-packages/airflow/example_dags/example_branch_day_of_week_operator.py took 0.106 seconds
[2022-06-19 17:32:23,154] {processor.py:153} INFO - Started process (PID=889) to work on /home/airflow/.local/lib/python3.7/site-packages/airflow/example_dags/example_branch_day_of_week_operator.py
[2022-06-19 17:32:23,155] {processor.py:641} INFO - Processing file /home/airflow/.local/lib/python3.7/site-packages/airflow/example_dags/example_branch_day_of_week_operator.py for tasks to queue
[2022-06-19 17:32:23,156] {logging_mixin.py:115} INFO - [2022-06-19 17:32:23,156] {dagbag.py:507} INFO - Filling up the DagBag from /home/airflow/.local/lib/python3.7/site-packages/airflow/example_dags/example_branch_day_of_week_operator.py
[2022-06-19 17:32:23,164] {processor.py:651} INFO - DAG(s) dict_keys(['example_weekday_branch_operator']) retrieved from /home/airflow/.local/lib/python3.7/site-packages/airflow/example_dags/example_branch_day_of_week_operator.py
[2022-06-19 17:32:23,188] {logging_mixin.py:115} INFO - [2022-06-19 17:32:23,188] {dag.py:2379} INFO - Sync 1 DAGs
[2022-06-19 17:32:23,210] {logging_mixin.py:115} INFO - [2022-06-19 17:32:23,210] {dag.py:2931} INFO - Setting next_dagrun for example_weekday_branch_operator to 2022-06-18T00:00:00+00:00, run_after=2022-06-19T00:00:00+00:00
[2022-06-19 17:32:23,228] {processor.py:161} INFO - Processing /home/airflow/.local/lib/python3.7/site-packages/airflow/example_dags/example_branch_day_of_week_operator.py took 0.077 seconds
[2022-06-19 17:32:53,255] {processor.py:153} INFO - Started process (PID=944) to work on /home/airflow/.local/lib/python3.7/site-packages/airflow/example_dags/example_branch_day_of_week_operator.py
[2022-06-19 17:32:53,256] {processor.py:641} INFO - Processing file /home/airflow/.local/lib/python3.7/site-packages/airflow/example_dags/example_branch_day_of_week_operator.py for tasks to queue
[2022-06-19 17:32:53,256] {logging_mixin.py:115} INFO - [2022-06-19 17:32:53,256] {dagbag.py:507} INFO - Filling up the DagBag from /home/airflow/.local/lib/python3.7/site-packages/airflow/example_dags/example_branch_day_of_week_operator.py
[2022-06-19 17:32:53,264] {processor.py:651} INFO - DAG(s) dict_keys(['example_weekday_branch_operator']) retrieved from /home/airflow/.local/lib/python3.7/site-packages/airflow/example_dags/example_branch_day_of_week_operator.py
[2022-06-19 17:32:53,285] {logging_mixin.py:115} INFO - [2022-06-19 17:32:53,285] {dag.py:2379} INFO - Sync 1 DAGs
[2022-06-19 17:32:53,300] {logging_mixin.py:115} INFO - [2022-06-19 17:32:53,300] {dag.py:2931} INFO - Setting next_dagrun for example_weekday_branch_operator to 2022-06-18T00:00:00+00:00, run_after=2022-06-19T00:00:00+00:00
[2022-06-19 17:32:53,314] {processor.py:161} INFO - Processing /home/airflow/.local/lib/python3.7/site-packages/airflow/example_dags/example_branch_day_of_week_operator.py took 0.062 seconds
[2022-06-19 17:33:23,871] {processor.py:153} INFO - Started process (PID=1009) to work on /home/airflow/.local/lib/python3.7/site-packages/airflow/example_dags/example_branch_day_of_week_operator.py
[2022-06-19 17:33:23,872] {processor.py:641} INFO - Processing file /home/airflow/.local/lib/python3.7/site-packages/airflow/example_dags/example_branch_day_of_week_operator.py for tasks to queue
[2022-06-19 17:33:23,873] {logging_mixin.py:115} INFO - [2022-06-19 17:33:23,872] {dagbag.py:507} INFO - Filling up the DagBag from /home/airflow/.local/lib/python3.7/site-packages/airflow/example_dags/example_branch_day_of_week_operator.py
[2022-06-19 17:33:23,880] {processor.py:651} INFO - DAG(s) dict_keys(['example_weekday_branch_operator']) retrieved from /home/airflow/.local/lib/python3.7/site-packages/airflow/example_dags/example_branch_day_of_week_operator.py
[2022-06-19 17:33:23,906] {logging_mixin.py:115} INFO - [2022-06-19 17:33:23,906] {dag.py:2379} INFO - Sync 1 DAGs
[2022-06-19 17:33:23,923] {logging_mixin.py:115} INFO - [2022-06-19 17:33:23,923] {dag.py:2931} INFO - Setting next_dagrun for example_weekday_branch_operator to 2022-06-18T00:00:00+00:00, run_after=2022-06-19T00:00:00+00:00
[2022-06-19 17:33:23,937] {processor.py:161} INFO - Processing /home/airflow/.local/lib/python3.7/site-packages/airflow/example_dags/example_branch_day_of_week_operator.py took 0.069 seconds
[2022-06-19 17:33:54,721] {processor.py:153} INFO - Started process (PID=1074) to work on /home/airflow/.local/lib/python3.7/site-packages/airflow/example_dags/example_branch_day_of_week_operator.py
[2022-06-19 17:33:54,722] {processor.py:641} INFO - Processing file /home/airflow/.local/lib/python3.7/site-packages/airflow/example_dags/example_branch_day_of_week_operator.py for tasks to queue
[2022-06-19 17:33:54,723] {logging_mixin.py:115} INFO - [2022-06-19 17:33:54,723] {dagbag.py:507} INFO - Filling up the DagBag from /home/airflow/.local/lib/python3.7/site-packages/airflow/example_dags/example_branch_day_of_week_operator.py
[2022-06-19 17:33:54,733] {processor.py:651} INFO - DAG(s) dict_keys(['example_weekday_branch_operator']) retrieved from /home/airflow/.local/lib/python3.7/site-packages/airflow/example_dags/example_branch_day_of_week_operator.py
[2022-06-19 17:33:54,772] {logging_mixin.py:115} INFO - [2022-06-19 17:33:54,772] {dag.py:2379} INFO - Sync 1 DAGs
[2022-06-19 17:33:54,799] {logging_mixin.py:115} INFO - [2022-06-19 17:33:54,799] {dag.py:2931} INFO - Setting next_dagrun for example_weekday_branch_operator to 2022-06-18T00:00:00+00:00, run_after=2022-06-19T00:00:00+00:00
[2022-06-19 17:33:54,823] {processor.py:161} INFO - Processing /home/airflow/.local/lib/python3.7/site-packages/airflow/example_dags/example_branch_day_of_week_operator.py took 0.107 seconds
[2022-06-19 17:34:25,494] {processor.py:153} INFO - Started process (PID=1129) to work on /home/airflow/.local/lib/python3.7/site-packages/airflow/example_dags/example_branch_day_of_week_operator.py
[2022-06-19 17:34:25,495] {processor.py:641} INFO - Processing file /home/airflow/.local/lib/python3.7/site-packages/airflow/example_dags/example_branch_day_of_week_operator.py for tasks to queue
[2022-06-19 17:34:25,496] {logging_mixin.py:115} INFO - [2022-06-19 17:34:25,496] {dagbag.py:507} INFO - Filling up the DagBag from /home/airflow/.local/lib/python3.7/site-packages/airflow/example_dags/example_branch_day_of_week_operator.py
[2022-06-19 17:34:25,503] {processor.py:651} INFO - DAG(s) dict_keys(['example_weekday_branch_operator']) retrieved from /home/airflow/.local/lib/python3.7/site-packages/airflow/example_dags/example_branch_day_of_week_operator.py
[2022-06-19 17:34:25,523] {logging_mixin.py:115} INFO - [2022-06-19 17:34:25,523] {dag.py:2379} INFO - Sync 1 DAGs
[2022-06-19 17:34:25,539] {logging_mixin.py:115} INFO - [2022-06-19 17:34:25,539] {dag.py:2931} INFO - Setting next_dagrun for example_weekday_branch_operator to 2022-06-18T00:00:00+00:00, run_after=2022-06-19T00:00:00+00:00
[2022-06-19 17:34:25,555] {processor.py:161} INFO - Processing /home/airflow/.local/lib/python3.7/site-packages/airflow/example_dags/example_branch_day_of_week_operator.py took 0.065 seconds
[2022-06-19 17:34:56,246] {processor.py:153} INFO - Started process (PID=1193) to work on /home/airflow/.local/lib/python3.7/site-packages/airflow/example_dags/example_branch_day_of_week_operator.py
[2022-06-19 17:34:56,246] {processor.py:641} INFO - Processing file /home/airflow/.local/lib/python3.7/site-packages/airflow/example_dags/example_branch_day_of_week_operator.py for tasks to queue
[2022-06-19 17:34:56,247] {logging_mixin.py:115} INFO - [2022-06-19 17:34:56,247] {dagbag.py:507} INFO - Filling up the DagBag from /home/airflow/.local/lib/python3.7/site-packages/airflow/example_dags/example_branch_day_of_week_operator.py
[2022-06-19 17:34:56,253] {processor.py:651} INFO - DAG(s) dict_keys(['example_weekday_branch_operator']) retrieved from /home/airflow/.local/lib/python3.7/site-packages/airflow/example_dags/example_branch_day_of_week_operator.py
[2022-06-19 17:34:56,272] {logging_mixin.py:115} INFO - [2022-06-19 17:34:56,272] {dag.py:2379} INFO - Sync 1 DAGs
[2022-06-19 17:34:56,287] {logging_mixin.py:115} INFO - [2022-06-19 17:34:56,286] {dag.py:2931} INFO - Setting next_dagrun for example_weekday_branch_operator to 2022-06-18T00:00:00+00:00, run_after=2022-06-19T00:00:00+00:00
[2022-06-19 17:34:56,298] {processor.py:161} INFO - Processing /home/airflow/.local/lib/python3.7/site-packages/airflow/example_dags/example_branch_day_of_week_operator.py took 0.055 seconds
[2022-06-19 17:35:27,031] {processor.py:153} INFO - Started process (PID=1257) to work on /home/airflow/.local/lib/python3.7/site-packages/airflow/example_dags/example_branch_day_of_week_operator.py
[2022-06-19 17:35:27,032] {processor.py:641} INFO - Processing file /home/airflow/.local/lib/python3.7/site-packages/airflow/example_dags/example_branch_day_of_week_operator.py for tasks to queue
[2022-06-19 17:35:27,032] {logging_mixin.py:115} INFO - [2022-06-19 17:35:27,032] {dagbag.py:507} INFO - Filling up the DagBag from /home/airflow/.local/lib/python3.7/site-packages/airflow/example_dags/example_branch_day_of_week_operator.py
[2022-06-19 17:35:27,038] {processor.py:651} INFO - DAG(s) dict_keys(['example_weekday_branch_operator']) retrieved from /home/airflow/.local/lib/python3.7/site-packages/airflow/example_dags/example_branch_day_of_week_operator.py
[2022-06-19 17:35:27,058] {logging_mixin.py:115} INFO - [2022-06-19 17:35:27,058] {dag.py:2379} INFO - Sync 1 DAGs
[2022-06-19 17:35:27,073] {logging_mixin.py:115} INFO - [2022-06-19 17:35:27,073] {dag.py:2931} INFO - Setting next_dagrun for example_weekday_branch_operator to 2022-06-18T00:00:00+00:00, run_after=2022-06-19T00:00:00+00:00
[2022-06-19 17:35:27,084] {processor.py:161} INFO - Processing /home/airflow/.local/lib/python3.7/site-packages/airflow/example_dags/example_branch_day_of_week_operator.py took 0.055 seconds
[2022-06-19 17:35:57,838] {processor.py:153} INFO - Started process (PID=1321) to work on /home/airflow/.local/lib/python3.7/site-packages/airflow/example_dags/example_branch_day_of_week_operator.py
[2022-06-19 17:35:57,839] {processor.py:641} INFO - Processing file /home/airflow/.local/lib/python3.7/site-packages/airflow/example_dags/example_branch_day_of_week_operator.py for tasks to queue
[2022-06-19 17:35:57,840] {logging_mixin.py:115} INFO - [2022-06-19 17:35:57,839] {dagbag.py:507} INFO - Filling up the DagBag from /home/airflow/.local/lib/python3.7/site-packages/airflow/example_dags/example_branch_day_of_week_operator.py
[2022-06-19 17:35:57,847] {processor.py:651} INFO - DAG(s) dict_keys(['example_weekday_branch_operator']) retrieved from /home/airflow/.local/lib/python3.7/site-packages/airflow/example_dags/example_branch_day_of_week_operator.py
[2022-06-19 17:35:57,869] {logging_mixin.py:115} INFO - [2022-06-19 17:35:57,869] {dag.py:2379} INFO - Sync 1 DAGs
[2022-06-19 17:35:57,886] {logging_mixin.py:115} INFO - [2022-06-19 17:35:57,886] {dag.py:2931} INFO - Setting next_dagrun for example_weekday_branch_operator to 2022-06-18T00:00:00+00:00, run_after=2022-06-19T00:00:00+00:00
[2022-06-19 17:35:57,902] {processor.py:161} INFO - Processing /home/airflow/.local/lib/python3.7/site-packages/airflow/example_dags/example_branch_day_of_week_operator.py took 0.067 seconds
[2022-06-19 17:36:28,416] {processor.py:153} INFO - Started process (PID=1376) to work on /home/airflow/.local/lib/python3.7/site-packages/airflow/example_dags/example_branch_day_of_week_operator.py
[2022-06-19 17:36:28,416] {processor.py:641} INFO - Processing file /home/airflow/.local/lib/python3.7/site-packages/airflow/example_dags/example_branch_day_of_week_operator.py for tasks to queue
[2022-06-19 17:36:28,417] {logging_mixin.py:115} INFO - [2022-06-19 17:36:28,417] {dagbag.py:507} INFO - Filling up the DagBag from /home/airflow/.local/lib/python3.7/site-packages/airflow/example_dags/example_branch_day_of_week_operator.py
[2022-06-19 17:36:28,423] {processor.py:651} INFO - DAG(s) dict_keys(['example_weekday_branch_operator']) retrieved from /home/airflow/.local/lib/python3.7/site-packages/airflow/example_dags/example_branch_day_of_week_operator.py
[2022-06-19 17:36:28,444] {logging_mixin.py:115} INFO - [2022-06-19 17:36:28,444] {dag.py:2379} INFO - Sync 1 DAGs
[2022-06-19 17:36:28,458] {logging_mixin.py:115} INFO - [2022-06-19 17:36:28,458] {dag.py:2931} INFO - Setting next_dagrun for example_weekday_branch_operator to 2022-06-18T00:00:00+00:00, run_after=2022-06-19T00:00:00+00:00
[2022-06-19 17:36:28,470] {processor.py:161} INFO - Processing /home/airflow/.local/lib/python3.7/site-packages/airflow/example_dags/example_branch_day_of_week_operator.py took 0.057 seconds
[2022-06-19 17:36:58,898] {processor.py:153} INFO - Started process (PID=1440) to work on /home/airflow/.local/lib/python3.7/site-packages/airflow/example_dags/example_branch_day_of_week_operator.py
[2022-06-19 17:36:58,899] {processor.py:641} INFO - Processing file /home/airflow/.local/lib/python3.7/site-packages/airflow/example_dags/example_branch_day_of_week_operator.py for tasks to queue
[2022-06-19 17:36:58,899] {logging_mixin.py:115} INFO - [2022-06-19 17:36:58,899] {dagbag.py:507} INFO - Filling up the DagBag from /home/airflow/.local/lib/python3.7/site-packages/airflow/example_dags/example_branch_day_of_week_operator.py
[2022-06-19 17:36:58,906] {processor.py:651} INFO - DAG(s) dict_keys(['example_weekday_branch_operator']) retrieved from /home/airflow/.local/lib/python3.7/site-packages/airflow/example_dags/example_branch_day_of_week_operator.py
[2022-06-19 17:36:58,925] {logging_mixin.py:115} INFO - [2022-06-19 17:36:58,925] {dag.py:2379} INFO - Sync 1 DAGs
[2022-06-19 17:36:58,941] {logging_mixin.py:115} INFO - [2022-06-19 17:36:58,940] {dag.py:2931} INFO - Setting next_dagrun for example_weekday_branch_operator to 2022-06-18T00:00:00+00:00, run_after=2022-06-19T00:00:00+00:00
[2022-06-19 17:36:58,953] {processor.py:161} INFO - Processing /home/airflow/.local/lib/python3.7/site-packages/airflow/example_dags/example_branch_day_of_week_operator.py took 0.058 seconds
[2022-06-19 17:37:29,020] {processor.py:153} INFO - Started process (PID=1504) to work on /home/airflow/.local/lib/python3.7/site-packages/airflow/example_dags/example_branch_day_of_week_operator.py
[2022-06-19 17:37:29,021] {processor.py:641} INFO - Processing file /home/airflow/.local/lib/python3.7/site-packages/airflow/example_dags/example_branch_day_of_week_operator.py for tasks to queue
[2022-06-19 17:37:29,021] {logging_mixin.py:115} INFO - [2022-06-19 17:37:29,021] {dagbag.py:507} INFO - Filling up the DagBag from /home/airflow/.local/lib/python3.7/site-packages/airflow/example_dags/example_branch_day_of_week_operator.py
[2022-06-19 17:37:29,027] {processor.py:651} INFO - DAG(s) dict_keys(['example_weekday_branch_operator']) retrieved from /home/airflow/.local/lib/python3.7/site-packages/airflow/example_dags/example_branch_day_of_week_operator.py
[2022-06-19 17:37:29,045] {logging_mixin.py:115} INFO - [2022-06-19 17:37:29,045] {dag.py:2379} INFO - Sync 1 DAGs
[2022-06-19 17:37:29,060] {logging_mixin.py:115} INFO - [2022-06-19 17:37:29,060] {dag.py:2931} INFO - Setting next_dagrun for example_weekday_branch_operator to 2022-06-18T00:00:00+00:00, run_after=2022-06-19T00:00:00+00:00
[2022-06-19 17:37:29,073] {processor.py:161} INFO - Processing /home/airflow/.local/lib/python3.7/site-packages/airflow/example_dags/example_branch_day_of_week_operator.py took 0.056 seconds
