[2022-06-19 17:28:15,708] {processor.py:153} INFO - Started process (PID=404) to work on /home/airflow/.local/lib/python3.7/site-packages/airflow/example_dags/example_branch_operator_decorator.py
[2022-06-19 17:28:15,711] {processor.py:641} INFO - Processing file /home/airflow/.local/lib/python3.7/site-packages/airflow/example_dags/example_branch_operator_decorator.py for tasks to queue
[2022-06-19 17:28:15,737] {logging_mixin.py:115} INFO - [2022-06-19 17:28:15,737] {dagbag.py:507} INFO - Filling up the DagBag from /home/airflow/.local/lib/python3.7/site-packages/airflow/example_dags/example_branch_operator_decorator.py
[2022-06-19 17:28:15,805] {processor.py:651} INFO - DAG(s) dict_keys(['example_branch_python_operator_decorator']) retrieved from /home/airflow/.local/lib/python3.7/site-packages/airflow/example_dags/example_branch_operator_decorator.py
[2022-06-19 17:28:15,896] {logging_mixin.py:115} INFO - [2022-06-19 17:28:15,896] {dag.py:2379} INFO - Sync 1 DAGs
[2022-06-19 17:28:15,993] {logging_mixin.py:115} INFO - [2022-06-19 17:28:15,993] {dag.py:2931} INFO - Setting next_dagrun for example_branch_python_operator_decorator to 2022-06-18T00:00:00+00:00, run_after=2022-06-19T00:00:00+00:00
[2022-06-19 17:28:16,055] {processor.py:161} INFO - Processing /home/airflow/.local/lib/python3.7/site-packages/airflow/example_dags/example_branch_operator_decorator.py took 0.352 seconds
[2022-06-19 17:28:46,236] {processor.py:153} INFO - Started process (PID=460) to work on /home/airflow/.local/lib/python3.7/site-packages/airflow/example_dags/example_branch_operator_decorator.py
[2022-06-19 17:28:46,238] {processor.py:641} INFO - Processing file /home/airflow/.local/lib/python3.7/site-packages/airflow/example_dags/example_branch_operator_decorator.py for tasks to queue
[2022-06-19 17:28:46,239] {logging_mixin.py:115} INFO - [2022-06-19 17:28:46,239] {dagbag.py:507} INFO - Filling up the DagBag from /home/airflow/.local/lib/python3.7/site-packages/airflow/example_dags/example_branch_operator_decorator.py
[2022-06-19 17:28:46,274] {processor.py:651} INFO - DAG(s) dict_keys(['example_branch_python_operator_decorator']) retrieved from /home/airflow/.local/lib/python3.7/site-packages/airflow/example_dags/example_branch_operator_decorator.py
[2022-06-19 17:28:46,323] {logging_mixin.py:115} INFO - [2022-06-19 17:28:46,323] {dag.py:2379} INFO - Sync 1 DAGs
[2022-06-19 17:28:46,357] {logging_mixin.py:115} INFO - [2022-06-19 17:28:46,357] {dag.py:2931} INFO - Setting next_dagrun for example_branch_python_operator_decorator to 2022-06-18T00:00:00+00:00, run_after=2022-06-19T00:00:00+00:00
[2022-06-19 17:28:46,397] {processor.py:161} INFO - Processing /home/airflow/.local/lib/python3.7/site-packages/airflow/example_dags/example_branch_operator_decorator.py took 0.165 seconds
[2022-06-19 17:29:17,187] {processor.py:153} INFO - Started process (PID=515) to work on /home/airflow/.local/lib/python3.7/site-packages/airflow/example_dags/example_branch_operator_decorator.py
[2022-06-19 17:29:17,188] {processor.py:641} INFO - Processing file /home/airflow/.local/lib/python3.7/site-packages/airflow/example_dags/example_branch_operator_decorator.py for tasks to queue
[2022-06-19 17:29:17,188] {logging_mixin.py:115} INFO - [2022-06-19 17:29:17,188] {dagbag.py:507} INFO - Filling up the DagBag from /home/airflow/.local/lib/python3.7/site-packages/airflow/example_dags/example_branch_operator_decorator.py
[2022-06-19 17:29:17,218] {processor.py:651} INFO - DAG(s) dict_keys(['example_branch_python_operator_decorator']) retrieved from /home/airflow/.local/lib/python3.7/site-packages/airflow/example_dags/example_branch_operator_decorator.py
[2022-06-19 17:29:17,265] {logging_mixin.py:115} INFO - [2022-06-19 17:29:17,265] {dag.py:2379} INFO - Sync 1 DAGs
[2022-06-19 17:29:17,298] {logging_mixin.py:115} INFO - [2022-06-19 17:29:17,298] {dag.py:2931} INFO - Setting next_dagrun for example_branch_python_operator_decorator to 2022-06-18T00:00:00+00:00, run_after=2022-06-19T00:00:00+00:00
[2022-06-19 17:29:17,317] {processor.py:161} INFO - Processing /home/airflow/.local/lib/python3.7/site-packages/airflow/example_dags/example_branch_operator_decorator.py took 0.134 seconds
[2022-06-19 17:29:47,363] {processor.py:153} INFO - Started process (PID=579) to work on /home/airflow/.local/lib/python3.7/site-packages/airflow/example_dags/example_branch_operator_decorator.py
[2022-06-19 17:29:47,364] {processor.py:641} INFO - Processing file /home/airflow/.local/lib/python3.7/site-packages/airflow/example_dags/example_branch_operator_decorator.py for tasks to queue
[2022-06-19 17:29:47,365] {logging_mixin.py:115} INFO - [2022-06-19 17:29:47,365] {dagbag.py:507} INFO - Filling up the DagBag from /home/airflow/.local/lib/python3.7/site-packages/airflow/example_dags/example_branch_operator_decorator.py
[2022-06-19 17:29:47,383] {processor.py:651} INFO - DAG(s) dict_keys(['example_branch_python_operator_decorator']) retrieved from /home/airflow/.local/lib/python3.7/site-packages/airflow/example_dags/example_branch_operator_decorator.py
[2022-06-19 17:29:47,407] {logging_mixin.py:115} INFO - [2022-06-19 17:29:47,407] {dag.py:2379} INFO - Sync 1 DAGs
[2022-06-19 17:29:47,424] {logging_mixin.py:115} INFO - [2022-06-19 17:29:47,424] {dag.py:2931} INFO - Setting next_dagrun for example_branch_python_operator_decorator to 2022-06-18T00:00:00+00:00, run_after=2022-06-19T00:00:00+00:00
[2022-06-19 17:29:47,438] {processor.py:161} INFO - Processing /home/airflow/.local/lib/python3.7/site-packages/airflow/example_dags/example_branch_operator_decorator.py took 0.078 seconds
[2022-06-19 17:30:17,804] {processor.py:153} INFO - Started process (PID=641) to work on /home/airflow/.local/lib/python3.7/site-packages/airflow/example_dags/example_branch_operator_decorator.py
[2022-06-19 17:30:17,805] {processor.py:641} INFO - Processing file /home/airflow/.local/lib/python3.7/site-packages/airflow/example_dags/example_branch_operator_decorator.py for tasks to queue
[2022-06-19 17:30:17,806] {logging_mixin.py:115} INFO - [2022-06-19 17:30:17,805] {dagbag.py:507} INFO - Filling up the DagBag from /home/airflow/.local/lib/python3.7/site-packages/airflow/example_dags/example_branch_operator_decorator.py
[2022-06-19 17:30:17,841] {processor.py:651} INFO - DAG(s) dict_keys(['example_branch_python_operator_decorator']) retrieved from /home/airflow/.local/lib/python3.7/site-packages/airflow/example_dags/example_branch_operator_decorator.py
[2022-06-19 17:30:17,872] {logging_mixin.py:115} INFO - [2022-06-19 17:30:17,872] {dag.py:2379} INFO - Sync 1 DAGs
[2022-06-19 17:30:17,895] {logging_mixin.py:115} INFO - [2022-06-19 17:30:17,895] {dag.py:2931} INFO - Setting next_dagrun for example_branch_python_operator_decorator to 2022-06-18T00:00:00+00:00, run_after=2022-06-19T00:00:00+00:00
[2022-06-19 17:30:17,913] {processor.py:161} INFO - Processing /home/airflow/.local/lib/python3.7/site-packages/airflow/example_dags/example_branch_operator_decorator.py took 0.113 seconds
[2022-06-19 17:30:48,641] {processor.py:153} INFO - Started process (PID=698) to work on /home/airflow/.local/lib/python3.7/site-packages/airflow/example_dags/example_branch_operator_decorator.py
[2022-06-19 17:30:48,643] {processor.py:641} INFO - Processing file /home/airflow/.local/lib/python3.7/site-packages/airflow/example_dags/example_branch_operator_decorator.py for tasks to queue
[2022-06-19 17:30:48,645] {logging_mixin.py:115} INFO - [2022-06-19 17:30:48,645] {dagbag.py:507} INFO - Filling up the DagBag from /home/airflow/.local/lib/python3.7/site-packages/airflow/example_dags/example_branch_operator_decorator.py
[2022-06-19 17:30:48,680] {processor.py:651} INFO - DAG(s) dict_keys(['example_branch_python_operator_decorator']) retrieved from /home/airflow/.local/lib/python3.7/site-packages/airflow/example_dags/example_branch_operator_decorator.py
[2022-06-19 17:30:48,793] {logging_mixin.py:115} INFO - [2022-06-19 17:30:48,793] {dag.py:2379} INFO - Sync 1 DAGs
[2022-06-19 17:30:48,880] {logging_mixin.py:115} INFO - [2022-06-19 17:30:48,879] {dag.py:2931} INFO - Setting next_dagrun for example_branch_python_operator_decorator to 2022-06-18T00:00:00+00:00, run_after=2022-06-19T00:00:00+00:00
[2022-06-19 17:30:48,932] {processor.py:161} INFO - Processing /home/airflow/.local/lib/python3.7/site-packages/airflow/example_dags/example_branch_operator_decorator.py took 0.297 seconds
[2022-06-19 17:31:18,998] {processor.py:153} INFO - Started process (PID=753) to work on /home/airflow/.local/lib/python3.7/site-packages/airflow/example_dags/example_branch_operator_decorator.py
[2022-06-19 17:31:19,000] {processor.py:641} INFO - Processing file /home/airflow/.local/lib/python3.7/site-packages/airflow/example_dags/example_branch_operator_decorator.py for tasks to queue
[2022-06-19 17:31:19,001] {logging_mixin.py:115} INFO - [2022-06-19 17:31:19,001] {dagbag.py:507} INFO - Filling up the DagBag from /home/airflow/.local/lib/python3.7/site-packages/airflow/example_dags/example_branch_operator_decorator.py
[2022-06-19 17:31:19,029] {processor.py:651} INFO - DAG(s) dict_keys(['example_branch_python_operator_decorator']) retrieved from /home/airflow/.local/lib/python3.7/site-packages/airflow/example_dags/example_branch_operator_decorator.py
[2022-06-19 17:31:19,063] {logging_mixin.py:115} INFO - [2022-06-19 17:31:19,062] {dag.py:2379} INFO - Sync 1 DAGs
[2022-06-19 17:31:19,092] {logging_mixin.py:115} INFO - [2022-06-19 17:31:19,092] {dag.py:2931} INFO - Setting next_dagrun for example_branch_python_operator_decorator to 2022-06-18T00:00:00+00:00, run_after=2022-06-19T00:00:00+00:00
[2022-06-19 17:31:19,110] {processor.py:161} INFO - Processing /home/airflow/.local/lib/python3.7/site-packages/airflow/example_dags/example_branch_operator_decorator.py took 0.118 seconds
[2022-06-19 17:31:49,793] {processor.py:153} INFO - Started process (PID=817) to work on /home/airflow/.local/lib/python3.7/site-packages/airflow/example_dags/example_branch_operator_decorator.py
[2022-06-19 17:31:49,795] {processor.py:641} INFO - Processing file /home/airflow/.local/lib/python3.7/site-packages/airflow/example_dags/example_branch_operator_decorator.py for tasks to queue
[2022-06-19 17:31:49,796] {logging_mixin.py:115} INFO - [2022-06-19 17:31:49,796] {dagbag.py:507} INFO - Filling up the DagBag from /home/airflow/.local/lib/python3.7/site-packages/airflow/example_dags/example_branch_operator_decorator.py
[2022-06-19 17:31:49,837] {processor.py:651} INFO - DAG(s) dict_keys(['example_branch_python_operator_decorator']) retrieved from /home/airflow/.local/lib/python3.7/site-packages/airflow/example_dags/example_branch_operator_decorator.py
[2022-06-19 17:31:49,890] {logging_mixin.py:115} INFO - [2022-06-19 17:31:49,890] {dag.py:2379} INFO - Sync 1 DAGs
[2022-06-19 17:31:49,932] {logging_mixin.py:115} INFO - [2022-06-19 17:31:49,931] {dag.py:2931} INFO - Setting next_dagrun for example_branch_python_operator_decorator to 2022-06-18T00:00:00+00:00, run_after=2022-06-19T00:00:00+00:00
[2022-06-19 17:31:49,952] {processor.py:161} INFO - Processing /home/airflow/.local/lib/python3.7/site-packages/airflow/example_dags/example_branch_operator_decorator.py took 0.166 seconds
[2022-06-19 17:32:20,810] {processor.py:153} INFO - Started process (PID=872) to work on /home/airflow/.local/lib/python3.7/site-packages/airflow/example_dags/example_branch_operator_decorator.py
[2022-06-19 17:32:20,811] {processor.py:641} INFO - Processing file /home/airflow/.local/lib/python3.7/site-packages/airflow/example_dags/example_branch_operator_decorator.py for tasks to queue
[2022-06-19 17:32:20,812] {logging_mixin.py:115} INFO - [2022-06-19 17:32:20,812] {dagbag.py:507} INFO - Filling up the DagBag from /home/airflow/.local/lib/python3.7/site-packages/airflow/example_dags/example_branch_operator_decorator.py
[2022-06-19 17:32:20,828] {processor.py:651} INFO - DAG(s) dict_keys(['example_branch_python_operator_decorator']) retrieved from /home/airflow/.local/lib/python3.7/site-packages/airflow/example_dags/example_branch_operator_decorator.py
[2022-06-19 17:32:20,851] {logging_mixin.py:115} INFO - [2022-06-19 17:32:20,851] {dag.py:2379} INFO - Sync 1 DAGs
[2022-06-19 17:32:20,869] {logging_mixin.py:115} INFO - [2022-06-19 17:32:20,869] {dag.py:2931} INFO - Setting next_dagrun for example_branch_python_operator_decorator to 2022-06-18T00:00:00+00:00, run_after=2022-06-19T00:00:00+00:00
[2022-06-19 17:32:20,885] {processor.py:161} INFO - Processing /home/airflow/.local/lib/python3.7/site-packages/airflow/example_dags/example_branch_operator_decorator.py took 0.077 seconds
[2022-06-19 17:32:51,556] {processor.py:153} INFO - Started process (PID=936) to work on /home/airflow/.local/lib/python3.7/site-packages/airflow/example_dags/example_branch_operator_decorator.py
[2022-06-19 17:32:51,557] {processor.py:641} INFO - Processing file /home/airflow/.local/lib/python3.7/site-packages/airflow/example_dags/example_branch_operator_decorator.py for tasks to queue
[2022-06-19 17:32:51,557] {logging_mixin.py:115} INFO - [2022-06-19 17:32:51,557] {dagbag.py:507} INFO - Filling up the DagBag from /home/airflow/.local/lib/python3.7/site-packages/airflow/example_dags/example_branch_operator_decorator.py
[2022-06-19 17:32:51,587] {processor.py:651} INFO - DAG(s) dict_keys(['example_branch_python_operator_decorator']) retrieved from /home/airflow/.local/lib/python3.7/site-packages/airflow/example_dags/example_branch_operator_decorator.py
[2022-06-19 17:32:51,631] {logging_mixin.py:115} INFO - [2022-06-19 17:32:51,631] {dag.py:2379} INFO - Sync 1 DAGs
[2022-06-19 17:32:51,658] {logging_mixin.py:115} INFO - [2022-06-19 17:32:51,658] {dag.py:2931} INFO - Setting next_dagrun for example_branch_python_operator_decorator to 2022-06-18T00:00:00+00:00, run_after=2022-06-19T00:00:00+00:00
[2022-06-19 17:32:51,685] {processor.py:161} INFO - Processing /home/airflow/.local/lib/python3.7/site-packages/airflow/example_dags/example_branch_operator_decorator.py took 0.133 seconds
[2022-06-19 17:33:22,481] {processor.py:153} INFO - Started process (PID=1001) to work on /home/airflow/.local/lib/python3.7/site-packages/airflow/example_dags/example_branch_operator_decorator.py
[2022-06-19 17:33:22,482] {processor.py:641} INFO - Processing file /home/airflow/.local/lib/python3.7/site-packages/airflow/example_dags/example_branch_operator_decorator.py for tasks to queue
[2022-06-19 17:33:22,483] {logging_mixin.py:115} INFO - [2022-06-19 17:33:22,483] {dagbag.py:507} INFO - Filling up the DagBag from /home/airflow/.local/lib/python3.7/site-packages/airflow/example_dags/example_branch_operator_decorator.py
[2022-06-19 17:33:22,496] {processor.py:651} INFO - DAG(s) dict_keys(['example_branch_python_operator_decorator']) retrieved from /home/airflow/.local/lib/python3.7/site-packages/airflow/example_dags/example_branch_operator_decorator.py
[2022-06-19 17:33:22,519] {logging_mixin.py:115} INFO - [2022-06-19 17:33:22,518] {dag.py:2379} INFO - Sync 1 DAGs
[2022-06-19 17:33:22,537] {logging_mixin.py:115} INFO - [2022-06-19 17:33:22,537] {dag.py:2931} INFO - Setting next_dagrun for example_branch_python_operator_decorator to 2022-06-18T00:00:00+00:00, run_after=2022-06-19T00:00:00+00:00
[2022-06-19 17:33:22,554] {processor.py:161} INFO - Processing /home/airflow/.local/lib/python3.7/site-packages/airflow/example_dags/example_branch_operator_decorator.py took 0.076 seconds
[2022-06-19 17:33:53,284] {processor.py:153} INFO - Started process (PID=1056) to work on /home/airflow/.local/lib/python3.7/site-packages/airflow/example_dags/example_branch_operator_decorator.py
[2022-06-19 17:33:53,286] {processor.py:641} INFO - Processing file /home/airflow/.local/lib/python3.7/site-packages/airflow/example_dags/example_branch_operator_decorator.py for tasks to queue
[2022-06-19 17:33:53,287] {logging_mixin.py:115} INFO - [2022-06-19 17:33:53,287] {dagbag.py:507} INFO - Filling up the DagBag from /home/airflow/.local/lib/python3.7/site-packages/airflow/example_dags/example_branch_operator_decorator.py
[2022-06-19 17:33:53,307] {processor.py:651} INFO - DAG(s) dict_keys(['example_branch_python_operator_decorator']) retrieved from /home/airflow/.local/lib/python3.7/site-packages/airflow/example_dags/example_branch_operator_decorator.py
[2022-06-19 17:33:53,345] {logging_mixin.py:115} INFO - [2022-06-19 17:33:53,345] {dag.py:2379} INFO - Sync 1 DAGs
[2022-06-19 17:33:53,369] {logging_mixin.py:115} INFO - [2022-06-19 17:33:53,369] {dag.py:2931} INFO - Setting next_dagrun for example_branch_python_operator_decorator to 2022-06-18T00:00:00+00:00, run_after=2022-06-19T00:00:00+00:00
[2022-06-19 17:33:53,389] {processor.py:161} INFO - Processing /home/airflow/.local/lib/python3.7/site-packages/airflow/example_dags/example_branch_operator_decorator.py took 0.108 seconds
[2022-06-19 17:34:24,173] {processor.py:153} INFO - Started process (PID=1121) to work on /home/airflow/.local/lib/python3.7/site-packages/airflow/example_dags/example_branch_operator_decorator.py
[2022-06-19 17:34:24,174] {processor.py:641} INFO - Processing file /home/airflow/.local/lib/python3.7/site-packages/airflow/example_dags/example_branch_operator_decorator.py for tasks to queue
[2022-06-19 17:34:24,175] {logging_mixin.py:115} INFO - [2022-06-19 17:34:24,175] {dagbag.py:507} INFO - Filling up the DagBag from /home/airflow/.local/lib/python3.7/site-packages/airflow/example_dags/example_branch_operator_decorator.py
[2022-06-19 17:34:24,187] {processor.py:651} INFO - DAG(s) dict_keys(['example_branch_python_operator_decorator']) retrieved from /home/airflow/.local/lib/python3.7/site-packages/airflow/example_dags/example_branch_operator_decorator.py
[2022-06-19 17:34:24,208] {logging_mixin.py:115} INFO - [2022-06-19 17:34:24,208] {dag.py:2379} INFO - Sync 1 DAGs
[2022-06-19 17:34:24,222] {logging_mixin.py:115} INFO - [2022-06-19 17:34:24,221] {dag.py:2931} INFO - Setting next_dagrun for example_branch_python_operator_decorator to 2022-06-18T00:00:00+00:00, run_after=2022-06-19T00:00:00+00:00
[2022-06-19 17:34:24,235] {processor.py:161} INFO - Processing /home/airflow/.local/lib/python3.7/site-packages/airflow/example_dags/example_branch_operator_decorator.py took 0.063 seconds
[2022-06-19 17:34:54,931] {processor.py:153} INFO - Started process (PID=1185) to work on /home/airflow/.local/lib/python3.7/site-packages/airflow/example_dags/example_branch_operator_decorator.py
[2022-06-19 17:34:54,931] {processor.py:641} INFO - Processing file /home/airflow/.local/lib/python3.7/site-packages/airflow/example_dags/example_branch_operator_decorator.py for tasks to queue
[2022-06-19 17:34:54,932] {logging_mixin.py:115} INFO - [2022-06-19 17:34:54,932] {dagbag.py:507} INFO - Filling up the DagBag from /home/airflow/.local/lib/python3.7/site-packages/airflow/example_dags/example_branch_operator_decorator.py
[2022-06-19 17:34:54,946] {processor.py:651} INFO - DAG(s) dict_keys(['example_branch_python_operator_decorator']) retrieved from /home/airflow/.local/lib/python3.7/site-packages/airflow/example_dags/example_branch_operator_decorator.py
[2022-06-19 17:34:54,965] {logging_mixin.py:115} INFO - [2022-06-19 17:34:54,965] {dag.py:2379} INFO - Sync 1 DAGs
[2022-06-19 17:34:54,980] {logging_mixin.py:115} INFO - [2022-06-19 17:34:54,980] {dag.py:2931} INFO - Setting next_dagrun for example_branch_python_operator_decorator to 2022-06-18T00:00:00+00:00, run_after=2022-06-19T00:00:00+00:00
[2022-06-19 17:34:54,992] {processor.py:161} INFO - Processing /home/airflow/.local/lib/python3.7/site-packages/airflow/example_dags/example_branch_operator_decorator.py took 0.063 seconds
[2022-06-19 17:35:25,720] {processor.py:153} INFO - Started process (PID=1249) to work on /home/airflow/.local/lib/python3.7/site-packages/airflow/example_dags/example_branch_operator_decorator.py
[2022-06-19 17:35:25,721] {processor.py:641} INFO - Processing file /home/airflow/.local/lib/python3.7/site-packages/airflow/example_dags/example_branch_operator_decorator.py for tasks to queue
[2022-06-19 17:35:25,722] {logging_mixin.py:115} INFO - [2022-06-19 17:35:25,722] {dagbag.py:507} INFO - Filling up the DagBag from /home/airflow/.local/lib/python3.7/site-packages/airflow/example_dags/example_branch_operator_decorator.py
[2022-06-19 17:35:25,735] {processor.py:651} INFO - DAG(s) dict_keys(['example_branch_python_operator_decorator']) retrieved from /home/airflow/.local/lib/python3.7/site-packages/airflow/example_dags/example_branch_operator_decorator.py
[2022-06-19 17:35:25,755] {logging_mixin.py:115} INFO - [2022-06-19 17:35:25,755] {dag.py:2379} INFO - Sync 1 DAGs
[2022-06-19 17:35:25,770] {logging_mixin.py:115} INFO - [2022-06-19 17:35:25,770] {dag.py:2931} INFO - Setting next_dagrun for example_branch_python_operator_decorator to 2022-06-18T00:00:00+00:00, run_after=2022-06-19T00:00:00+00:00
[2022-06-19 17:35:25,782] {processor.py:161} INFO - Processing /home/airflow/.local/lib/python3.7/site-packages/airflow/example_dags/example_branch_operator_decorator.py took 0.065 seconds
[2022-06-19 17:35:56,391] {processor.py:153} INFO - Started process (PID=1304) to work on /home/airflow/.local/lib/python3.7/site-packages/airflow/example_dags/example_branch_operator_decorator.py
[2022-06-19 17:35:56,391] {processor.py:641} INFO - Processing file /home/airflow/.local/lib/python3.7/site-packages/airflow/example_dags/example_branch_operator_decorator.py for tasks to queue
[2022-06-19 17:35:56,392] {logging_mixin.py:115} INFO - [2022-06-19 17:35:56,392] {dagbag.py:507} INFO - Filling up the DagBag from /home/airflow/.local/lib/python3.7/site-packages/airflow/example_dags/example_branch_operator_decorator.py
[2022-06-19 17:35:56,409] {processor.py:651} INFO - DAG(s) dict_keys(['example_branch_python_operator_decorator']) retrieved from /home/airflow/.local/lib/python3.7/site-packages/airflow/example_dags/example_branch_operator_decorator.py
[2022-06-19 17:35:56,432] {logging_mixin.py:115} INFO - [2022-06-19 17:35:56,432] {dag.py:2379} INFO - Sync 1 DAGs
[2022-06-19 17:35:56,446] {logging_mixin.py:115} INFO - [2022-06-19 17:35:56,446] {dag.py:2931} INFO - Setting next_dagrun for example_branch_python_operator_decorator to 2022-06-18T00:00:00+00:00, run_after=2022-06-19T00:00:00+00:00
[2022-06-19 17:35:56,459] {processor.py:161} INFO - Processing /home/airflow/.local/lib/python3.7/site-packages/airflow/example_dags/example_branch_operator_decorator.py took 0.070 seconds
[2022-06-19 17:36:27,116] {processor.py:153} INFO - Started process (PID=1368) to work on /home/airflow/.local/lib/python3.7/site-packages/airflow/example_dags/example_branch_operator_decorator.py
[2022-06-19 17:36:27,117] {processor.py:641} INFO - Processing file /home/airflow/.local/lib/python3.7/site-packages/airflow/example_dags/example_branch_operator_decorator.py for tasks to queue
[2022-06-19 17:36:27,118] {logging_mixin.py:115} INFO - [2022-06-19 17:36:27,118] {dagbag.py:507} INFO - Filling up the DagBag from /home/airflow/.local/lib/python3.7/site-packages/airflow/example_dags/example_branch_operator_decorator.py
[2022-06-19 17:36:27,131] {processor.py:651} INFO - DAG(s) dict_keys(['example_branch_python_operator_decorator']) retrieved from /home/airflow/.local/lib/python3.7/site-packages/airflow/example_dags/example_branch_operator_decorator.py
[2022-06-19 17:36:27,151] {logging_mixin.py:115} INFO - [2022-06-19 17:36:27,150] {dag.py:2379} INFO - Sync 1 DAGs
[2022-06-19 17:36:27,165] {logging_mixin.py:115} INFO - [2022-06-19 17:36:27,164] {dag.py:2931} INFO - Setting next_dagrun for example_branch_python_operator_decorator to 2022-06-18T00:00:00+00:00, run_after=2022-06-19T00:00:00+00:00
[2022-06-19 17:36:27,177] {processor.py:161} INFO - Processing /home/airflow/.local/lib/python3.7/site-packages/airflow/example_dags/example_branch_operator_decorator.py took 0.062 seconds
[2022-06-19 17:36:57,597] {processor.py:153} INFO - Started process (PID=1432) to work on /home/airflow/.local/lib/python3.7/site-packages/airflow/example_dags/example_branch_operator_decorator.py
[2022-06-19 17:36:57,598] {processor.py:641} INFO - Processing file /home/airflow/.local/lib/python3.7/site-packages/airflow/example_dags/example_branch_operator_decorator.py for tasks to queue
[2022-06-19 17:36:57,598] {logging_mixin.py:115} INFO - [2022-06-19 17:36:57,598] {dagbag.py:507} INFO - Filling up the DagBag from /home/airflow/.local/lib/python3.7/site-packages/airflow/example_dags/example_branch_operator_decorator.py
[2022-06-19 17:36:57,612] {processor.py:651} INFO - DAG(s) dict_keys(['example_branch_python_operator_decorator']) retrieved from /home/airflow/.local/lib/python3.7/site-packages/airflow/example_dags/example_branch_operator_decorator.py
[2022-06-19 17:36:57,631] {logging_mixin.py:115} INFO - [2022-06-19 17:36:57,631] {dag.py:2379} INFO - Sync 1 DAGs
[2022-06-19 17:36:57,645] {logging_mixin.py:115} INFO - [2022-06-19 17:36:57,645] {dag.py:2931} INFO - Setting next_dagrun for example_branch_python_operator_decorator to 2022-06-18T00:00:00+00:00, run_after=2022-06-19T00:00:00+00:00
[2022-06-19 17:36:57,656] {processor.py:161} INFO - Processing /home/airflow/.local/lib/python3.7/site-packages/airflow/example_dags/example_branch_operator_decorator.py took 0.061 seconds
[2022-06-19 17:37:27,676] {processor.py:153} INFO - Started process (PID=1496) to work on /home/airflow/.local/lib/python3.7/site-packages/airflow/example_dags/example_branch_operator_decorator.py
[2022-06-19 17:37:27,677] {processor.py:641} INFO - Processing file /home/airflow/.local/lib/python3.7/site-packages/airflow/example_dags/example_branch_operator_decorator.py for tasks to queue
[2022-06-19 17:37:27,678] {logging_mixin.py:115} INFO - [2022-06-19 17:37:27,678] {dagbag.py:507} INFO - Filling up the DagBag from /home/airflow/.local/lib/python3.7/site-packages/airflow/example_dags/example_branch_operator_decorator.py
[2022-06-19 17:37:27,692] {processor.py:651} INFO - DAG(s) dict_keys(['example_branch_python_operator_decorator']) retrieved from /home/airflow/.local/lib/python3.7/site-packages/airflow/example_dags/example_branch_operator_decorator.py
[2022-06-19 17:37:27,717] {logging_mixin.py:115} INFO - [2022-06-19 17:37:27,717] {dag.py:2379} INFO - Sync 1 DAGs
[2022-06-19 17:37:27,733] {logging_mixin.py:115} INFO - [2022-06-19 17:37:27,733] {dag.py:2931} INFO - Setting next_dagrun for example_branch_python_operator_decorator to 2022-06-18T00:00:00+00:00, run_after=2022-06-19T00:00:00+00:00
[2022-06-19 17:37:27,747] {processor.py:161} INFO - Processing /home/airflow/.local/lib/python3.7/site-packages/airflow/example_dags/example_branch_operator_decorator.py took 0.073 seconds
