[2022-06-19 17:28:15,730] {processor.py:153} INFO - Started process (PID=405) to work on /home/airflow/.local/lib/python3.7/site-packages/airflow/example_dags/example_dag_decorator.py
[2022-06-19 17:28:15,731] {processor.py:641} INFO - Processing file /home/airflow/.local/lib/python3.7/site-packages/airflow/example_dags/example_dag_decorator.py for tasks to queue
[2022-06-19 17:28:15,734] {logging_mixin.py:115} INFO - [2022-06-19 17:28:15,734] {dagbag.py:507} INFO - Filling up the DagBag from /home/airflow/.local/lib/python3.7/site-packages/airflow/example_dags/example_dag_decorator.py
[2022-06-19 17:28:15,866] {processor.py:651} INFO - DAG(s) dict_keys(['example_dag_decorator']) retrieved from /home/airflow/.local/lib/python3.7/site-packages/airflow/example_dags/example_dag_decorator.py
[2022-06-19 17:28:16,159] {logging_mixin.py:115} INFO - [2022-06-19 17:28:16,159] {dag.py:2379} INFO - Sync 1 DAGs
[2022-06-19 17:28:16,215] {logging_mixin.py:115} INFO - [2022-06-19 17:28:16,215] {dag.py:2931} INFO - Setting next_dagrun for example_dag_decorator to None, run_after=None
[2022-06-19 17:28:16,277] {processor.py:161} INFO - Processing /home/airflow/.local/lib/python3.7/site-packages/airflow/example_dags/example_dag_decorator.py took 0.551 seconds
[2022-06-19 17:28:46,465] {processor.py:153} INFO - Started process (PID=461) to work on /home/airflow/.local/lib/python3.7/site-packages/airflow/example_dags/example_dag_decorator.py
[2022-06-19 17:28:46,466] {processor.py:641} INFO - Processing file /home/airflow/.local/lib/python3.7/site-packages/airflow/example_dags/example_dag_decorator.py for tasks to queue
[2022-06-19 17:28:46,467] {logging_mixin.py:115} INFO - [2022-06-19 17:28:46,467] {dagbag.py:507} INFO - Filling up the DagBag from /home/airflow/.local/lib/python3.7/site-packages/airflow/example_dags/example_dag_decorator.py
[2022-06-19 17:28:46,521] {processor.py:651} INFO - DAG(s) dict_keys(['example_dag_decorator']) retrieved from /home/airflow/.local/lib/python3.7/site-packages/airflow/example_dags/example_dag_decorator.py
[2022-06-19 17:28:46,683] {logging_mixin.py:115} INFO - [2022-06-19 17:28:46,682] {dag.py:2379} INFO - Sync 1 DAGs
[2022-06-19 17:28:46,710] {logging_mixin.py:115} INFO - [2022-06-19 17:28:46,710] {dag.py:2931} INFO - Setting next_dagrun for example_dag_decorator to None, run_after=None
[2022-06-19 17:28:46,737] {processor.py:161} INFO - Processing /home/airflow/.local/lib/python3.7/site-packages/airflow/example_dags/example_dag_decorator.py took 0.277 seconds
[2022-06-19 17:29:17,304] {processor.py:153} INFO - Started process (PID=516) to work on /home/airflow/.local/lib/python3.7/site-packages/airflow/example_dags/example_dag_decorator.py
[2022-06-19 17:29:17,305] {processor.py:641} INFO - Processing file /home/airflow/.local/lib/python3.7/site-packages/airflow/example_dags/example_dag_decorator.py for tasks to queue
[2022-06-19 17:29:17,307] {logging_mixin.py:115} INFO - [2022-06-19 17:29:17,306] {dagbag.py:507} INFO - Filling up the DagBag from /home/airflow/.local/lib/python3.7/site-packages/airflow/example_dags/example_dag_decorator.py
[2022-06-19 17:29:17,337] {processor.py:651} INFO - DAG(s) dict_keys(['example_dag_decorator']) retrieved from /home/airflow/.local/lib/python3.7/site-packages/airflow/example_dags/example_dag_decorator.py
[2022-06-19 17:29:17,417] {logging_mixin.py:115} INFO - [2022-06-19 17:29:17,417] {dag.py:2379} INFO - Sync 1 DAGs
[2022-06-19 17:29:17,436] {logging_mixin.py:115} INFO - [2022-06-19 17:29:17,436] {dag.py:2931} INFO - Setting next_dagrun for example_dag_decorator to None, run_after=None
[2022-06-19 17:29:17,452] {processor.py:161} INFO - Processing /home/airflow/.local/lib/python3.7/site-packages/airflow/example_dags/example_dag_decorator.py took 0.151 seconds
[2022-06-19 17:29:47,608] {processor.py:153} INFO - Started process (PID=581) to work on /home/airflow/.local/lib/python3.7/site-packages/airflow/example_dags/example_dag_decorator.py
[2022-06-19 17:29:47,609] {processor.py:641} INFO - Processing file /home/airflow/.local/lib/python3.7/site-packages/airflow/example_dags/example_dag_decorator.py for tasks to queue
[2022-06-19 17:29:47,610] {logging_mixin.py:115} INFO - [2022-06-19 17:29:47,610] {dagbag.py:507} INFO - Filling up the DagBag from /home/airflow/.local/lib/python3.7/site-packages/airflow/example_dags/example_dag_decorator.py
[2022-06-19 17:29:47,643] {processor.py:651} INFO - DAG(s) dict_keys(['example_dag_decorator']) retrieved from /home/airflow/.local/lib/python3.7/site-packages/airflow/example_dags/example_dag_decorator.py
[2022-06-19 17:29:47,703] {logging_mixin.py:115} INFO - [2022-06-19 17:29:47,703] {dag.py:2379} INFO - Sync 1 DAGs
[2022-06-19 17:29:47,721] {logging_mixin.py:115} INFO - [2022-06-19 17:29:47,721] {dag.py:2931} INFO - Setting next_dagrun for example_dag_decorator to None, run_after=None
[2022-06-19 17:29:47,737] {processor.py:161} INFO - Processing /home/airflow/.local/lib/python3.7/site-packages/airflow/example_dags/example_dag_decorator.py took 0.133 seconds
[2022-06-19 17:30:18,006] {processor.py:153} INFO - Started process (PID=645) to work on /home/airflow/.local/lib/python3.7/site-packages/airflow/example_dags/example_dag_decorator.py
[2022-06-19 17:30:18,007] {processor.py:641} INFO - Processing file /home/airflow/.local/lib/python3.7/site-packages/airflow/example_dags/example_dag_decorator.py for tasks to queue
[2022-06-19 17:30:18,008] {logging_mixin.py:115} INFO - [2022-06-19 17:30:18,008] {dagbag.py:507} INFO - Filling up the DagBag from /home/airflow/.local/lib/python3.7/site-packages/airflow/example_dags/example_dag_decorator.py
[2022-06-19 17:30:18,032] {processor.py:651} INFO - DAG(s) dict_keys(['example_dag_decorator']) retrieved from /home/airflow/.local/lib/python3.7/site-packages/airflow/example_dags/example_dag_decorator.py
[2022-06-19 17:30:18,109] {logging_mixin.py:115} INFO - [2022-06-19 17:30:18,109] {dag.py:2379} INFO - Sync 1 DAGs
[2022-06-19 17:30:18,132] {logging_mixin.py:115} INFO - [2022-06-19 17:30:18,132] {dag.py:2931} INFO - Setting next_dagrun for example_dag_decorator to None, run_after=None
[2022-06-19 17:30:18,156] {processor.py:161} INFO - Processing /home/airflow/.local/lib/python3.7/site-packages/airflow/example_dags/example_dag_decorator.py took 0.153 seconds
[2022-06-19 17:30:49,033] {processor.py:153} INFO - Started process (PID=700) to work on /home/airflow/.local/lib/python3.7/site-packages/airflow/example_dags/example_dag_decorator.py
[2022-06-19 17:30:49,035] {processor.py:641} INFO - Processing file /home/airflow/.local/lib/python3.7/site-packages/airflow/example_dags/example_dag_decorator.py for tasks to queue
[2022-06-19 17:30:49,037] {logging_mixin.py:115} INFO - [2022-06-19 17:30:49,037] {dagbag.py:507} INFO - Filling up the DagBag from /home/airflow/.local/lib/python3.7/site-packages/airflow/example_dags/example_dag_decorator.py
[2022-06-19 17:30:49,138] {processor.py:651} INFO - DAG(s) dict_keys(['example_dag_decorator']) retrieved from /home/airflow/.local/lib/python3.7/site-packages/airflow/example_dags/example_dag_decorator.py
[2022-06-19 17:30:49,396] {logging_mixin.py:115} INFO - [2022-06-19 17:30:49,395] {dag.py:2379} INFO - Sync 1 DAGs
[2022-06-19 17:30:49,429] {logging_mixin.py:115} INFO - [2022-06-19 17:30:49,429] {dag.py:2931} INFO - Setting next_dagrun for example_dag_decorator to None, run_after=None
[2022-06-19 17:30:49,448] {processor.py:161} INFO - Processing /home/airflow/.local/lib/python3.7/site-packages/airflow/example_dags/example_dag_decorator.py took 0.433 seconds
[2022-06-19 17:31:20,149] {processor.py:153} INFO - Started process (PID=764) to work on /home/airflow/.local/lib/python3.7/site-packages/airflow/example_dags/example_dag_decorator.py
[2022-06-19 17:31:20,150] {processor.py:641} INFO - Processing file /home/airflow/.local/lib/python3.7/site-packages/airflow/example_dags/example_dag_decorator.py for tasks to queue
[2022-06-19 17:31:20,151] {logging_mixin.py:115} INFO - [2022-06-19 17:31:20,151] {dagbag.py:507} INFO - Filling up the DagBag from /home/airflow/.local/lib/python3.7/site-packages/airflow/example_dags/example_dag_decorator.py
[2022-06-19 17:31:20,180] {processor.py:651} INFO - DAG(s) dict_keys(['example_dag_decorator']) retrieved from /home/airflow/.local/lib/python3.7/site-packages/airflow/example_dags/example_dag_decorator.py
[2022-06-19 17:31:20,302] {logging_mixin.py:115} INFO - [2022-06-19 17:31:20,302] {dag.py:2379} INFO - Sync 1 DAGs
[2022-06-19 17:31:20,343] {logging_mixin.py:115} INFO - [2022-06-19 17:31:20,343] {dag.py:2931} INFO - Setting next_dagrun for example_dag_decorator to None, run_after=None
[2022-06-19 17:31:20,384] {processor.py:161} INFO - Processing /home/airflow/.local/lib/python3.7/site-packages/airflow/example_dags/example_dag_decorator.py took 0.239 seconds
[2022-06-19 17:31:50,821] {processor.py:153} INFO - Started process (PID=819) to work on /home/airflow/.local/lib/python3.7/site-packages/airflow/example_dags/example_dag_decorator.py
[2022-06-19 17:31:50,822] {processor.py:641} INFO - Processing file /home/airflow/.local/lib/python3.7/site-packages/airflow/example_dags/example_dag_decorator.py for tasks to queue
[2022-06-19 17:31:50,823] {logging_mixin.py:115} INFO - [2022-06-19 17:31:50,823] {dagbag.py:507} INFO - Filling up the DagBag from /home/airflow/.local/lib/python3.7/site-packages/airflow/example_dags/example_dag_decorator.py
[2022-06-19 17:31:50,864] {processor.py:651} INFO - DAG(s) dict_keys(['example_dag_decorator']) retrieved from /home/airflow/.local/lib/python3.7/site-packages/airflow/example_dags/example_dag_decorator.py
[2022-06-19 17:31:50,966] {logging_mixin.py:115} INFO - [2022-06-19 17:31:50,966] {dag.py:2379} INFO - Sync 1 DAGs
[2022-06-19 17:31:50,992] {logging_mixin.py:115} INFO - [2022-06-19 17:31:50,991] {dag.py:2931} INFO - Setting next_dagrun for example_dag_decorator to None, run_after=None
[2022-06-19 17:31:51,015] {processor.py:161} INFO - Processing /home/airflow/.local/lib/python3.7/site-packages/airflow/example_dags/example_dag_decorator.py took 0.199 seconds
[2022-06-19 17:32:21,930] {processor.py:153} INFO - Started process (PID=874) to work on /home/airflow/.local/lib/python3.7/site-packages/airflow/example_dags/example_dag_decorator.py
[2022-06-19 17:32:21,930] {processor.py:641} INFO - Processing file /home/airflow/.local/lib/python3.7/site-packages/airflow/example_dags/example_dag_decorator.py for tasks to queue
[2022-06-19 17:32:21,931] {logging_mixin.py:115} INFO - [2022-06-19 17:32:21,931] {dagbag.py:507} INFO - Filling up the DagBag from /home/airflow/.local/lib/python3.7/site-packages/airflow/example_dags/example_dag_decorator.py
[2022-06-19 17:32:21,955] {processor.py:651} INFO - DAG(s) dict_keys(['example_dag_decorator']) retrieved from /home/airflow/.local/lib/python3.7/site-packages/airflow/example_dags/example_dag_decorator.py
[2022-06-19 17:32:22,010] {logging_mixin.py:115} INFO - [2022-06-19 17:32:22,009] {dag.py:2379} INFO - Sync 1 DAGs
[2022-06-19 17:32:22,026] {logging_mixin.py:115} INFO - [2022-06-19 17:32:22,026] {dag.py:2931} INFO - Setting next_dagrun for example_dag_decorator to None, run_after=None
[2022-06-19 17:32:22,042] {processor.py:161} INFO - Processing /home/airflow/.local/lib/python3.7/site-packages/airflow/example_dags/example_dag_decorator.py took 0.115 seconds
[2022-06-19 17:32:52,715] {processor.py:153} INFO - Started process (PID=938) to work on /home/airflow/.local/lib/python3.7/site-packages/airflow/example_dags/example_dag_decorator.py
[2022-06-19 17:32:52,716] {processor.py:641} INFO - Processing file /home/airflow/.local/lib/python3.7/site-packages/airflow/example_dags/example_dag_decorator.py for tasks to queue
[2022-06-19 17:32:52,717] {logging_mixin.py:115} INFO - [2022-06-19 17:32:52,717] {dagbag.py:507} INFO - Filling up the DagBag from /home/airflow/.local/lib/python3.7/site-packages/airflow/example_dags/example_dag_decorator.py
[2022-06-19 17:32:52,758] {processor.py:651} INFO - DAG(s) dict_keys(['example_dag_decorator']) retrieved from /home/airflow/.local/lib/python3.7/site-packages/airflow/example_dags/example_dag_decorator.py
[2022-06-19 17:32:52,959] {logging_mixin.py:115} INFO - [2022-06-19 17:32:52,958] {dag.py:2379} INFO - Sync 1 DAGs
[2022-06-19 17:32:52,993] {logging_mixin.py:115} INFO - [2022-06-19 17:32:52,993] {dag.py:2931} INFO - Setting next_dagrun for example_dag_decorator to None, run_after=None
[2022-06-19 17:32:53,024] {processor.py:161} INFO - Processing /home/airflow/.local/lib/python3.7/site-packages/airflow/example_dags/example_dag_decorator.py took 0.312 seconds
[2022-06-19 17:33:23,579] {processor.py:153} INFO - Started process (PID=1003) to work on /home/airflow/.local/lib/python3.7/site-packages/airflow/example_dags/example_dag_decorator.py
[2022-06-19 17:33:23,579] {processor.py:641} INFO - Processing file /home/airflow/.local/lib/python3.7/site-packages/airflow/example_dags/example_dag_decorator.py for tasks to queue
[2022-06-19 17:33:23,580] {logging_mixin.py:115} INFO - [2022-06-19 17:33:23,580] {dagbag.py:507} INFO - Filling up the DagBag from /home/airflow/.local/lib/python3.7/site-packages/airflow/example_dags/example_dag_decorator.py
[2022-06-19 17:33:23,600] {processor.py:651} INFO - DAG(s) dict_keys(['example_dag_decorator']) retrieved from /home/airflow/.local/lib/python3.7/site-packages/airflow/example_dags/example_dag_decorator.py
[2022-06-19 17:33:23,659] {logging_mixin.py:115} INFO - [2022-06-19 17:33:23,659] {dag.py:2379} INFO - Sync 1 DAGs
[2022-06-19 17:33:23,674] {logging_mixin.py:115} INFO - [2022-06-19 17:33:23,674] {dag.py:2931} INFO - Setting next_dagrun for example_dag_decorator to None, run_after=None
[2022-06-19 17:33:23,690] {processor.py:161} INFO - Processing /home/airflow/.local/lib/python3.7/site-packages/airflow/example_dags/example_dag_decorator.py took 0.114 seconds
[2022-06-19 17:33:54,304] {processor.py:153} INFO - Started process (PID=1068) to work on /home/airflow/.local/lib/python3.7/site-packages/airflow/example_dags/example_dag_decorator.py
[2022-06-19 17:33:54,305] {processor.py:641} INFO - Processing file /home/airflow/.local/lib/python3.7/site-packages/airflow/example_dags/example_dag_decorator.py for tasks to queue
[2022-06-19 17:33:54,306] {logging_mixin.py:115} INFO - [2022-06-19 17:33:54,305] {dagbag.py:507} INFO - Filling up the DagBag from /home/airflow/.local/lib/python3.7/site-packages/airflow/example_dags/example_dag_decorator.py
[2022-06-19 17:33:54,336] {processor.py:651} INFO - DAG(s) dict_keys(['example_dag_decorator']) retrieved from /home/airflow/.local/lib/python3.7/site-packages/airflow/example_dags/example_dag_decorator.py
[2022-06-19 17:33:54,421] {logging_mixin.py:115} INFO - [2022-06-19 17:33:54,421] {dag.py:2379} INFO - Sync 1 DAGs
[2022-06-19 17:33:54,444] {logging_mixin.py:115} INFO - [2022-06-19 17:33:54,444] {dag.py:2931} INFO - Setting next_dagrun for example_dag_decorator to None, run_after=None
[2022-06-19 17:33:54,467] {processor.py:161} INFO - Processing /home/airflow/.local/lib/python3.7/site-packages/airflow/example_dags/example_dag_decorator.py took 0.165 seconds
[2022-06-19 17:34:25,227] {processor.py:153} INFO - Started process (PID=1123) to work on /home/airflow/.local/lib/python3.7/site-packages/airflow/example_dags/example_dag_decorator.py
[2022-06-19 17:34:25,227] {processor.py:641} INFO - Processing file /home/airflow/.local/lib/python3.7/site-packages/airflow/example_dags/example_dag_decorator.py for tasks to queue
[2022-06-19 17:34:25,228] {logging_mixin.py:115} INFO - [2022-06-19 17:34:25,228] {dagbag.py:507} INFO - Filling up the DagBag from /home/airflow/.local/lib/python3.7/site-packages/airflow/example_dags/example_dag_decorator.py
[2022-06-19 17:34:25,244] {processor.py:651} INFO - DAG(s) dict_keys(['example_dag_decorator']) retrieved from /home/airflow/.local/lib/python3.7/site-packages/airflow/example_dags/example_dag_decorator.py
[2022-06-19 17:34:25,293] {logging_mixin.py:115} INFO - [2022-06-19 17:34:25,293] {dag.py:2379} INFO - Sync 1 DAGs
[2022-06-19 17:34:25,308] {logging_mixin.py:115} INFO - [2022-06-19 17:34:25,307] {dag.py:2931} INFO - Setting next_dagrun for example_dag_decorator to None, run_after=None
[2022-06-19 17:34:25,321] {processor.py:161} INFO - Processing /home/airflow/.local/lib/python3.7/site-packages/airflow/example_dags/example_dag_decorator.py took 0.097 seconds
[2022-06-19 17:34:56,014] {processor.py:153} INFO - Started process (PID=1187) to work on /home/airflow/.local/lib/python3.7/site-packages/airflow/example_dags/example_dag_decorator.py
[2022-06-19 17:34:56,015] {processor.py:641} INFO - Processing file /home/airflow/.local/lib/python3.7/site-packages/airflow/example_dags/example_dag_decorator.py for tasks to queue
[2022-06-19 17:34:56,015] {logging_mixin.py:115} INFO - [2022-06-19 17:34:56,015] {dagbag.py:507} INFO - Filling up the DagBag from /home/airflow/.local/lib/python3.7/site-packages/airflow/example_dags/example_dag_decorator.py
[2022-06-19 17:34:56,032] {processor.py:651} INFO - DAG(s) dict_keys(['example_dag_decorator']) retrieved from /home/airflow/.local/lib/python3.7/site-packages/airflow/example_dags/example_dag_decorator.py
[2022-06-19 17:34:56,051] {logging_mixin.py:115} INFO - [2022-06-19 17:34:56,051] {dag.py:2379} INFO - Sync 1 DAGs
[2022-06-19 17:34:56,065] {logging_mixin.py:115} INFO - [2022-06-19 17:34:56,065] {dag.py:2931} INFO - Setting next_dagrun for example_dag_decorator to None, run_after=None
[2022-06-19 17:34:56,078] {processor.py:161} INFO - Processing /home/airflow/.local/lib/python3.7/site-packages/airflow/example_dags/example_dag_decorator.py took 0.067 seconds
[2022-06-19 17:35:26,801] {processor.py:153} INFO - Started process (PID=1251) to work on /home/airflow/.local/lib/python3.7/site-packages/airflow/example_dags/example_dag_decorator.py
[2022-06-19 17:35:26,802] {processor.py:641} INFO - Processing file /home/airflow/.local/lib/python3.7/site-packages/airflow/example_dags/example_dag_decorator.py for tasks to queue
[2022-06-19 17:35:26,803] {logging_mixin.py:115} INFO - [2022-06-19 17:35:26,803] {dagbag.py:507} INFO - Filling up the DagBag from /home/airflow/.local/lib/python3.7/site-packages/airflow/example_dags/example_dag_decorator.py
[2022-06-19 17:35:26,820] {processor.py:651} INFO - DAG(s) dict_keys(['example_dag_decorator']) retrieved from /home/airflow/.local/lib/python3.7/site-packages/airflow/example_dags/example_dag_decorator.py
[2022-06-19 17:35:26,867] {logging_mixin.py:115} INFO - [2022-06-19 17:35:26,867] {dag.py:2379} INFO - Sync 1 DAGs
[2022-06-19 17:35:26,880] {logging_mixin.py:115} INFO - [2022-06-19 17:35:26,880] {dag.py:2931} INFO - Setting next_dagrun for example_dag_decorator to None, run_after=None
[2022-06-19 17:35:26,892] {processor.py:161} INFO - Processing /home/airflow/.local/lib/python3.7/site-packages/airflow/example_dags/example_dag_decorator.py took 0.093 seconds
[2022-06-19 17:35:57,480] {processor.py:153} INFO - Started process (PID=1315) to work on /home/airflow/.local/lib/python3.7/site-packages/airflow/example_dags/example_dag_decorator.py
[2022-06-19 17:35:57,481] {processor.py:641} INFO - Processing file /home/airflow/.local/lib/python3.7/site-packages/airflow/example_dags/example_dag_decorator.py for tasks to queue
[2022-06-19 17:35:57,482] {logging_mixin.py:115} INFO - [2022-06-19 17:35:57,481] {dagbag.py:507} INFO - Filling up the DagBag from /home/airflow/.local/lib/python3.7/site-packages/airflow/example_dags/example_dag_decorator.py
[2022-06-19 17:35:57,503] {processor.py:651} INFO - DAG(s) dict_keys(['example_dag_decorator']) retrieved from /home/airflow/.local/lib/python3.7/site-packages/airflow/example_dags/example_dag_decorator.py
[2022-06-19 17:35:57,528] {logging_mixin.py:115} INFO - [2022-06-19 17:35:57,528] {dag.py:2379} INFO - Sync 1 DAGs
[2022-06-19 17:35:57,544] {logging_mixin.py:115} INFO - [2022-06-19 17:35:57,544] {dag.py:2931} INFO - Setting next_dagrun for example_dag_decorator to None, run_after=None
[2022-06-19 17:35:57,558] {processor.py:161} INFO - Processing /home/airflow/.local/lib/python3.7/site-packages/airflow/example_dags/example_dag_decorator.py took 0.080 seconds
[2022-06-19 17:36:28,195] {processor.py:153} INFO - Started process (PID=1370) to work on /home/airflow/.local/lib/python3.7/site-packages/airflow/example_dags/example_dag_decorator.py
[2022-06-19 17:36:28,196] {processor.py:641} INFO - Processing file /home/airflow/.local/lib/python3.7/site-packages/airflow/example_dags/example_dag_decorator.py for tasks to queue
[2022-06-19 17:36:28,196] {logging_mixin.py:115} INFO - [2022-06-19 17:36:28,196] {dagbag.py:507} INFO - Filling up the DagBag from /home/airflow/.local/lib/python3.7/site-packages/airflow/example_dags/example_dag_decorator.py
[2022-06-19 17:36:28,213] {processor.py:651} INFO - DAG(s) dict_keys(['example_dag_decorator']) retrieved from /home/airflow/.local/lib/python3.7/site-packages/airflow/example_dags/example_dag_decorator.py
[2022-06-19 17:36:28,261] {logging_mixin.py:115} INFO - [2022-06-19 17:36:28,261] {dag.py:2379} INFO - Sync 1 DAGs
[2022-06-19 17:36:28,274] {logging_mixin.py:115} INFO - [2022-06-19 17:36:28,274] {dag.py:2931} INFO - Setting next_dagrun for example_dag_decorator to None, run_after=None
[2022-06-19 17:36:28,287] {processor.py:161} INFO - Processing /home/airflow/.local/lib/python3.7/site-packages/airflow/example_dags/example_dag_decorator.py took 0.094 seconds
[2022-06-19 17:36:58,679] {processor.py:153} INFO - Started process (PID=1434) to work on /home/airflow/.local/lib/python3.7/site-packages/airflow/example_dags/example_dag_decorator.py
[2022-06-19 17:36:58,680] {processor.py:641} INFO - Processing file /home/airflow/.local/lib/python3.7/site-packages/airflow/example_dags/example_dag_decorator.py for tasks to queue
[2022-06-19 17:36:58,680] {logging_mixin.py:115} INFO - [2022-06-19 17:36:58,680] {dagbag.py:507} INFO - Filling up the DagBag from /home/airflow/.local/lib/python3.7/site-packages/airflow/example_dags/example_dag_decorator.py
[2022-06-19 17:36:58,697] {processor.py:651} INFO - DAG(s) dict_keys(['example_dag_decorator']) retrieved from /home/airflow/.local/lib/python3.7/site-packages/airflow/example_dags/example_dag_decorator.py
[2022-06-19 17:36:58,761] {logging_mixin.py:115} INFO - [2022-06-19 17:36:58,761] {dag.py:2379} INFO - Sync 1 DAGs
[2022-06-19 17:36:58,774] {logging_mixin.py:115} INFO - [2022-06-19 17:36:58,774] {dag.py:2931} INFO - Setting next_dagrun for example_dag_decorator to None, run_after=None
[2022-06-19 17:36:58,786] {processor.py:161} INFO - Processing /home/airflow/.local/lib/python3.7/site-packages/airflow/example_dags/example_dag_decorator.py took 0.109 seconds
[2022-06-19 17:37:28,861] {processor.py:153} INFO - Started process (PID=1499) to work on /home/airflow/.local/lib/python3.7/site-packages/airflow/example_dags/example_dag_decorator.py
[2022-06-19 17:37:28,861] {processor.py:641} INFO - Processing file /home/airflow/.local/lib/python3.7/site-packages/airflow/example_dags/example_dag_decorator.py for tasks to queue
[2022-06-19 17:37:28,862] {logging_mixin.py:115} INFO - [2022-06-19 17:37:28,862] {dagbag.py:507} INFO - Filling up the DagBag from /home/airflow/.local/lib/python3.7/site-packages/airflow/example_dags/example_dag_decorator.py
[2022-06-19 17:37:28,879] {processor.py:651} INFO - DAG(s) dict_keys(['example_dag_decorator']) retrieved from /home/airflow/.local/lib/python3.7/site-packages/airflow/example_dags/example_dag_decorator.py
[2022-06-19 17:37:28,901] {logging_mixin.py:115} INFO - [2022-06-19 17:37:28,901] {dag.py:2379} INFO - Sync 1 DAGs
[2022-06-19 17:37:28,914] {logging_mixin.py:115} INFO - [2022-06-19 17:37:28,914] {dag.py:2931} INFO - Setting next_dagrun for example_dag_decorator to None, run_after=None
[2022-06-19 17:37:28,927] {processor.py:161} INFO - Processing /home/airflow/.local/lib/python3.7/site-packages/airflow/example_dags/example_dag_decorator.py took 0.068 seconds
