[2022-06-19 17:28:18,392] {processor.py:153} INFO - Started process (PID=416) to work on /home/airflow/.local/lib/python3.7/site-packages/airflow/example_dags/tutorial_taskflow_api_etl_virtualenv.py
[2022-06-19 17:28:18,394] {processor.py:641} INFO - Processing file /home/airflow/.local/lib/python3.7/site-packages/airflow/example_dags/tutorial_taskflow_api_etl_virtualenv.py for tasks to queue
[2022-06-19 17:28:18,399] {logging_mixin.py:115} INFO - [2022-06-19 17:28:18,398] {dagbag.py:507} INFO - Filling up the DagBag from /home/airflow/.local/lib/python3.7/site-packages/airflow/example_dags/tutorial_taskflow_api_etl_virtualenv.py
[2022-06-19 17:28:18,479] {processor.py:651} INFO - DAG(s) dict_keys(['tutorial_taskflow_api_etl_virtualenv']) retrieved from /home/airflow/.local/lib/python3.7/site-packages/airflow/example_dags/tutorial_taskflow_api_etl_virtualenv.py
[2022-06-19 17:28:18,733] {logging_mixin.py:115} INFO - [2022-06-19 17:28:18,733] {dag.py:2379} INFO - Sync 1 DAGs
[2022-06-19 17:28:18,816] {logging_mixin.py:115} INFO - [2022-06-19 17:28:18,816] {dag.py:2931} INFO - Setting next_dagrun for tutorial_taskflow_api_etl_virtualenv to None, run_after=None
[2022-06-19 17:28:18,887] {processor.py:161} INFO - Processing /home/airflow/.local/lib/python3.7/site-packages/airflow/example_dags/tutorial_taskflow_api_etl_virtualenv.py took 0.499 seconds
[2022-06-19 17:28:49,871] {processor.py:153} INFO - Started process (PID=472) to work on /home/airflow/.local/lib/python3.7/site-packages/airflow/example_dags/tutorial_taskflow_api_etl_virtualenv.py
[2022-06-19 17:28:49,882] {processor.py:641} INFO - Processing file /home/airflow/.local/lib/python3.7/site-packages/airflow/example_dags/tutorial_taskflow_api_etl_virtualenv.py for tasks to queue
[2022-06-19 17:28:49,898] {logging_mixin.py:115} INFO - [2022-06-19 17:28:49,898] {dagbag.py:507} INFO - Filling up the DagBag from /home/airflow/.local/lib/python3.7/site-packages/airflow/example_dags/tutorial_taskflow_api_etl_virtualenv.py
[2022-06-19 17:28:49,970] {processor.py:651} INFO - DAG(s) dict_keys(['tutorial_taskflow_api_etl_virtualenv']) retrieved from /home/airflow/.local/lib/python3.7/site-packages/airflow/example_dags/tutorial_taskflow_api_etl_virtualenv.py
[2022-06-19 17:28:50,197] {logging_mixin.py:115} INFO - [2022-06-19 17:28:50,197] {dag.py:2379} INFO - Sync 1 DAGs
[2022-06-19 17:28:50,258] {logging_mixin.py:115} INFO - [2022-06-19 17:28:50,257] {dag.py:2931} INFO - Setting next_dagrun for tutorial_taskflow_api_etl_virtualenv to None, run_after=None
[2022-06-19 17:28:50,313] {processor.py:161} INFO - Processing /home/airflow/.local/lib/python3.7/site-packages/airflow/example_dags/tutorial_taskflow_api_etl_virtualenv.py took 0.447 seconds
[2022-06-19 17:29:21,116] {processor.py:153} INFO - Started process (PID=536) to work on /home/airflow/.local/lib/python3.7/site-packages/airflow/example_dags/tutorial_taskflow_api_etl_virtualenv.py
[2022-06-19 17:29:21,117] {processor.py:641} INFO - Processing file /home/airflow/.local/lib/python3.7/site-packages/airflow/example_dags/tutorial_taskflow_api_etl_virtualenv.py for tasks to queue
[2022-06-19 17:29:21,118] {logging_mixin.py:115} INFO - [2022-06-19 17:29:21,118] {dagbag.py:507} INFO - Filling up the DagBag from /home/airflow/.local/lib/python3.7/site-packages/airflow/example_dags/tutorial_taskflow_api_etl_virtualenv.py
[2022-06-19 17:29:21,154] {processor.py:651} INFO - DAG(s) dict_keys(['tutorial_taskflow_api_etl_virtualenv']) retrieved from /home/airflow/.local/lib/python3.7/site-packages/airflow/example_dags/tutorial_taskflow_api_etl_virtualenv.py
[2022-06-19 17:29:21,249] {logging_mixin.py:115} INFO - [2022-06-19 17:29:21,249] {dag.py:2379} INFO - Sync 1 DAGs
[2022-06-19 17:29:21,274] {logging_mixin.py:115} INFO - [2022-06-19 17:29:21,273] {dag.py:2931} INFO - Setting next_dagrun for tutorial_taskflow_api_etl_virtualenv to None, run_after=None
[2022-06-19 17:29:21,299] {processor.py:161} INFO - Processing /home/airflow/.local/lib/python3.7/site-packages/airflow/example_dags/tutorial_taskflow_api_etl_virtualenv.py took 0.190 seconds
[2022-06-19 17:29:52,141] {processor.py:153} INFO - Started process (PID=591) to work on /home/airflow/.local/lib/python3.7/site-packages/airflow/example_dags/tutorial_taskflow_api_etl_virtualenv.py
[2022-06-19 17:29:52,142] {processor.py:641} INFO - Processing file /home/airflow/.local/lib/python3.7/site-packages/airflow/example_dags/tutorial_taskflow_api_etl_virtualenv.py for tasks to queue
[2022-06-19 17:29:52,143] {logging_mixin.py:115} INFO - [2022-06-19 17:29:52,143] {dagbag.py:507} INFO - Filling up the DagBag from /home/airflow/.local/lib/python3.7/site-packages/airflow/example_dags/tutorial_taskflow_api_etl_virtualenv.py
[2022-06-19 17:29:52,157] {processor.py:651} INFO - DAG(s) dict_keys(['tutorial_taskflow_api_etl_virtualenv']) retrieved from /home/airflow/.local/lib/python3.7/site-packages/airflow/example_dags/tutorial_taskflow_api_etl_virtualenv.py
[2022-06-19 17:29:52,212] {logging_mixin.py:115} INFO - [2022-06-19 17:29:52,212] {dag.py:2379} INFO - Sync 1 DAGs
[2022-06-19 17:29:52,231] {logging_mixin.py:115} INFO - [2022-06-19 17:29:52,231] {dag.py:2931} INFO - Setting next_dagrun for tutorial_taskflow_api_etl_virtualenv to None, run_after=None
[2022-06-19 17:29:52,250] {processor.py:161} INFO - Processing /home/airflow/.local/lib/python3.7/site-packages/airflow/example_dags/tutorial_taskflow_api_etl_virtualenv.py took 0.112 seconds
[2022-06-19 17:30:22,661] {processor.py:153} INFO - Started process (PID=655) to work on /home/airflow/.local/lib/python3.7/site-packages/airflow/example_dags/tutorial_taskflow_api_etl_virtualenv.py
[2022-06-19 17:30:22,661] {processor.py:641} INFO - Processing file /home/airflow/.local/lib/python3.7/site-packages/airflow/example_dags/tutorial_taskflow_api_etl_virtualenv.py for tasks to queue
[2022-06-19 17:30:22,662] {logging_mixin.py:115} INFO - [2022-06-19 17:30:22,662] {dagbag.py:507} INFO - Filling up the DagBag from /home/airflow/.local/lib/python3.7/site-packages/airflow/example_dags/tutorial_taskflow_api_etl_virtualenv.py
[2022-06-19 17:30:22,681] {processor.py:651} INFO - DAG(s) dict_keys(['tutorial_taskflow_api_etl_virtualenv']) retrieved from /home/airflow/.local/lib/python3.7/site-packages/airflow/example_dags/tutorial_taskflow_api_etl_virtualenv.py
[2022-06-19 17:30:22,708] {logging_mixin.py:115} INFO - [2022-06-19 17:30:22,708] {dag.py:2379} INFO - Sync 1 DAGs
[2022-06-19 17:30:22,731] {logging_mixin.py:115} INFO - [2022-06-19 17:30:22,731] {dag.py:2931} INFO - Setting next_dagrun for tutorial_taskflow_api_etl_virtualenv to None, run_after=None
[2022-06-19 17:30:22,750] {processor.py:161} INFO - Processing /home/airflow/.local/lib/python3.7/site-packages/airflow/example_dags/tutorial_taskflow_api_etl_virtualenv.py took 0.092 seconds
[2022-06-19 17:30:53,122] {processor.py:153} INFO - Started process (PID=710) to work on /home/airflow/.local/lib/python3.7/site-packages/airflow/example_dags/tutorial_taskflow_api_etl_virtualenv.py
[2022-06-19 17:30:53,125] {processor.py:641} INFO - Processing file /home/airflow/.local/lib/python3.7/site-packages/airflow/example_dags/tutorial_taskflow_api_etl_virtualenv.py for tasks to queue
[2022-06-19 17:30:53,130] {logging_mixin.py:115} INFO - [2022-06-19 17:30:53,130] {dagbag.py:507} INFO - Filling up the DagBag from /home/airflow/.local/lib/python3.7/site-packages/airflow/example_dags/tutorial_taskflow_api_etl_virtualenv.py
[2022-06-19 17:30:53,184] {processor.py:651} INFO - DAG(s) dict_keys(['tutorial_taskflow_api_etl_virtualenv']) retrieved from /home/airflow/.local/lib/python3.7/site-packages/airflow/example_dags/tutorial_taskflow_api_etl_virtualenv.py
[2022-06-19 17:30:53,245] {logging_mixin.py:115} INFO - [2022-06-19 17:30:53,245] {dag.py:2379} INFO - Sync 1 DAGs
[2022-06-19 17:30:53,293] {logging_mixin.py:115} INFO - [2022-06-19 17:30:53,293] {dag.py:2931} INFO - Setting next_dagrun for tutorial_taskflow_api_etl_virtualenv to None, run_after=None
[2022-06-19 17:30:53,318] {processor.py:161} INFO - Processing /home/airflow/.local/lib/python3.7/site-packages/airflow/example_dags/tutorial_taskflow_api_etl_virtualenv.py took 0.202 seconds
[2022-06-19 17:31:23,363] {processor.py:153} INFO - Started process (PID=774) to work on /home/airflow/.local/lib/python3.7/site-packages/airflow/example_dags/tutorial_taskflow_api_etl_virtualenv.py
[2022-06-19 17:31:23,364] {processor.py:641} INFO - Processing file /home/airflow/.local/lib/python3.7/site-packages/airflow/example_dags/tutorial_taskflow_api_etl_virtualenv.py for tasks to queue
[2022-06-19 17:31:23,365] {logging_mixin.py:115} INFO - [2022-06-19 17:31:23,365] {dagbag.py:507} INFO - Filling up the DagBag from /home/airflow/.local/lib/python3.7/site-packages/airflow/example_dags/tutorial_taskflow_api_etl_virtualenv.py
[2022-06-19 17:31:23,398] {processor.py:651} INFO - DAG(s) dict_keys(['tutorial_taskflow_api_etl_virtualenv']) retrieved from /home/airflow/.local/lib/python3.7/site-packages/airflow/example_dags/tutorial_taskflow_api_etl_virtualenv.py
[2022-06-19 17:31:23,460] {logging_mixin.py:115} INFO - [2022-06-19 17:31:23,460] {dag.py:2379} INFO - Sync 1 DAGs
[2022-06-19 17:31:23,480] {logging_mixin.py:115} INFO - [2022-06-19 17:31:23,480] {dag.py:2931} INFO - Setting next_dagrun for tutorial_taskflow_api_etl_virtualenv to None, run_after=None
[2022-06-19 17:31:23,497] {processor.py:161} INFO - Processing /home/airflow/.local/lib/python3.7/site-packages/airflow/example_dags/tutorial_taskflow_api_etl_virtualenv.py took 0.138 seconds
[2022-06-19 17:31:54,431] {processor.py:153} INFO - Started process (PID=829) to work on /home/airflow/.local/lib/python3.7/site-packages/airflow/example_dags/tutorial_taskflow_api_etl_virtualenv.py
[2022-06-19 17:31:54,432] {processor.py:641} INFO - Processing file /home/airflow/.local/lib/python3.7/site-packages/airflow/example_dags/tutorial_taskflow_api_etl_virtualenv.py for tasks to queue
[2022-06-19 17:31:54,433] {logging_mixin.py:115} INFO - [2022-06-19 17:31:54,433] {dagbag.py:507} INFO - Filling up the DagBag from /home/airflow/.local/lib/python3.7/site-packages/airflow/example_dags/tutorial_taskflow_api_etl_virtualenv.py
[2022-06-19 17:31:54,449] {processor.py:651} INFO - DAG(s) dict_keys(['tutorial_taskflow_api_etl_virtualenv']) retrieved from /home/airflow/.local/lib/python3.7/site-packages/airflow/example_dags/tutorial_taskflow_api_etl_virtualenv.py
[2022-06-19 17:31:54,471] {logging_mixin.py:115} INFO - [2022-06-19 17:31:54,471] {dag.py:2379} INFO - Sync 1 DAGs
[2022-06-19 17:31:54,486] {logging_mixin.py:115} INFO - [2022-06-19 17:31:54,486] {dag.py:2931} INFO - Setting next_dagrun for tutorial_taskflow_api_etl_virtualenv to None, run_after=None
[2022-06-19 17:31:54,498] {processor.py:161} INFO - Processing /home/airflow/.local/lib/python3.7/site-packages/airflow/example_dags/tutorial_taskflow_api_etl_virtualenv.py took 0.069 seconds
[2022-06-19 17:32:25,367] {processor.py:153} INFO - Started process (PID=893) to work on /home/airflow/.local/lib/python3.7/site-packages/airflow/example_dags/tutorial_taskflow_api_etl_virtualenv.py
[2022-06-19 17:32:25,368] {processor.py:641} INFO - Processing file /home/airflow/.local/lib/python3.7/site-packages/airflow/example_dags/tutorial_taskflow_api_etl_virtualenv.py for tasks to queue
[2022-06-19 17:32:25,369] {logging_mixin.py:115} INFO - [2022-06-19 17:32:25,369] {dagbag.py:507} INFO - Filling up the DagBag from /home/airflow/.local/lib/python3.7/site-packages/airflow/example_dags/tutorial_taskflow_api_etl_virtualenv.py
[2022-06-19 17:32:25,383] {processor.py:651} INFO - DAG(s) dict_keys(['tutorial_taskflow_api_etl_virtualenv']) retrieved from /home/airflow/.local/lib/python3.7/site-packages/airflow/example_dags/tutorial_taskflow_api_etl_virtualenv.py
[2022-06-19 17:32:25,405] {logging_mixin.py:115} INFO - [2022-06-19 17:32:25,405] {dag.py:2379} INFO - Sync 1 DAGs
[2022-06-19 17:32:25,422] {logging_mixin.py:115} INFO - [2022-06-19 17:32:25,422] {dag.py:2931} INFO - Setting next_dagrun for tutorial_taskflow_api_etl_virtualenv to None, run_after=None
[2022-06-19 17:32:25,445] {processor.py:161} INFO - Processing /home/airflow/.local/lib/python3.7/site-packages/airflow/example_dags/tutorial_taskflow_api_etl_virtualenv.py took 0.080 seconds
[2022-06-19 17:32:55,588] {processor.py:153} INFO - Started process (PID=949) to work on /home/airflow/.local/lib/python3.7/site-packages/airflow/example_dags/tutorial_taskflow_api_etl_virtualenv.py
[2022-06-19 17:32:55,588] {processor.py:641} INFO - Processing file /home/airflow/.local/lib/python3.7/site-packages/airflow/example_dags/tutorial_taskflow_api_etl_virtualenv.py for tasks to queue
[2022-06-19 17:32:55,589] {logging_mixin.py:115} INFO - [2022-06-19 17:32:55,589] {dagbag.py:507} INFO - Filling up the DagBag from /home/airflow/.local/lib/python3.7/site-packages/airflow/example_dags/tutorial_taskflow_api_etl_virtualenv.py
[2022-06-19 17:32:55,600] {processor.py:651} INFO - DAG(s) dict_keys(['tutorial_taskflow_api_etl_virtualenv']) retrieved from /home/airflow/.local/lib/python3.7/site-packages/airflow/example_dags/tutorial_taskflow_api_etl_virtualenv.py
[2022-06-19 17:32:55,620] {logging_mixin.py:115} INFO - [2022-06-19 17:32:55,620] {dag.py:2379} INFO - Sync 1 DAGs
[2022-06-19 17:32:55,634] {logging_mixin.py:115} INFO - [2022-06-19 17:32:55,634] {dag.py:2931} INFO - Setting next_dagrun for tutorial_taskflow_api_etl_virtualenv to None, run_after=None
[2022-06-19 17:32:55,648] {processor.py:161} INFO - Processing /home/airflow/.local/lib/python3.7/site-packages/airflow/example_dags/tutorial_taskflow_api_etl_virtualenv.py took 0.063 seconds
[2022-06-19 17:33:26,013] {processor.py:153} INFO - Started process (PID=1013) to work on /home/airflow/.local/lib/python3.7/site-packages/airflow/example_dags/tutorial_taskflow_api_etl_virtualenv.py
[2022-06-19 17:33:26,014] {processor.py:641} INFO - Processing file /home/airflow/.local/lib/python3.7/site-packages/airflow/example_dags/tutorial_taskflow_api_etl_virtualenv.py for tasks to queue
[2022-06-19 17:33:26,016] {logging_mixin.py:115} INFO - [2022-06-19 17:33:26,016] {dagbag.py:507} INFO - Filling up the DagBag from /home/airflow/.local/lib/python3.7/site-packages/airflow/example_dags/tutorial_taskflow_api_etl_virtualenv.py
[2022-06-19 17:33:26,040] {processor.py:651} INFO - DAG(s) dict_keys(['tutorial_taskflow_api_etl_virtualenv']) retrieved from /home/airflow/.local/lib/python3.7/site-packages/airflow/example_dags/tutorial_taskflow_api_etl_virtualenv.py
[2022-06-19 17:33:26,059] {logging_mixin.py:115} INFO - [2022-06-19 17:33:26,059] {dag.py:2379} INFO - Sync 1 DAGs
[2022-06-19 17:33:26,072] {logging_mixin.py:115} INFO - [2022-06-19 17:33:26,072] {dag.py:2931} INFO - Setting next_dagrun for tutorial_taskflow_api_etl_virtualenv to None, run_after=None
[2022-06-19 17:33:26,086] {processor.py:161} INFO - Processing /home/airflow/.local/lib/python3.7/site-packages/airflow/example_dags/tutorial_taskflow_api_etl_virtualenv.py took 0.081 seconds
[2022-06-19 17:33:56,892] {processor.py:153} INFO - Started process (PID=1078) to work on /home/airflow/.local/lib/python3.7/site-packages/airflow/example_dags/tutorial_taskflow_api_etl_virtualenv.py
[2022-06-19 17:33:56,893] {processor.py:641} INFO - Processing file /home/airflow/.local/lib/python3.7/site-packages/airflow/example_dags/tutorial_taskflow_api_etl_virtualenv.py for tasks to queue
[2022-06-19 17:33:56,894] {logging_mixin.py:115} INFO - [2022-06-19 17:33:56,894] {dagbag.py:507} INFO - Filling up the DagBag from /home/airflow/.local/lib/python3.7/site-packages/airflow/example_dags/tutorial_taskflow_api_etl_virtualenv.py
[2022-06-19 17:33:56,916] {processor.py:651} INFO - DAG(s) dict_keys(['tutorial_taskflow_api_etl_virtualenv']) retrieved from /home/airflow/.local/lib/python3.7/site-packages/airflow/example_dags/tutorial_taskflow_api_etl_virtualenv.py
[2022-06-19 17:33:56,944] {logging_mixin.py:115} INFO - [2022-06-19 17:33:56,944] {dag.py:2379} INFO - Sync 1 DAGs
[2022-06-19 17:33:56,960] {logging_mixin.py:115} INFO - [2022-06-19 17:33:56,960] {dag.py:2931} INFO - Setting next_dagrun for tutorial_taskflow_api_etl_virtualenv to None, run_after=None
[2022-06-19 17:33:56,979] {processor.py:161} INFO - Processing /home/airflow/.local/lib/python3.7/site-packages/airflow/example_dags/tutorial_taskflow_api_etl_virtualenv.py took 0.090 seconds
[2022-06-19 17:34:27,619] {processor.py:153} INFO - Started process (PID=1140) to work on /home/airflow/.local/lib/python3.7/site-packages/airflow/example_dags/tutorial_taskflow_api_etl_virtualenv.py
[2022-06-19 17:34:27,620] {processor.py:641} INFO - Processing file /home/airflow/.local/lib/python3.7/site-packages/airflow/example_dags/tutorial_taskflow_api_etl_virtualenv.py for tasks to queue
[2022-06-19 17:34:27,621] {logging_mixin.py:115} INFO - [2022-06-19 17:34:27,621] {dagbag.py:507} INFO - Filling up the DagBag from /home/airflow/.local/lib/python3.7/site-packages/airflow/example_dags/tutorial_taskflow_api_etl_virtualenv.py
[2022-06-19 17:34:27,636] {processor.py:651} INFO - DAG(s) dict_keys(['tutorial_taskflow_api_etl_virtualenv']) retrieved from /home/airflow/.local/lib/python3.7/site-packages/airflow/example_dags/tutorial_taskflow_api_etl_virtualenv.py
[2022-06-19 17:34:27,692] {logging_mixin.py:115} INFO - [2022-06-19 17:34:27,692] {dag.py:2379} INFO - Sync 1 DAGs
[2022-06-19 17:34:27,709] {logging_mixin.py:115} INFO - [2022-06-19 17:34:27,709] {dag.py:2931} INFO - Setting next_dagrun for tutorial_taskflow_api_etl_virtualenv to None, run_after=None
[2022-06-19 17:34:27,723] {processor.py:161} INFO - Processing /home/airflow/.local/lib/python3.7/site-packages/airflow/example_dags/tutorial_taskflow_api_etl_virtualenv.py took 0.107 seconds
[2022-06-19 17:34:58,424] {processor.py:153} INFO - Started process (PID=1197) to work on /home/airflow/.local/lib/python3.7/site-packages/airflow/example_dags/tutorial_taskflow_api_etl_virtualenv.py
[2022-06-19 17:34:58,425] {processor.py:641} INFO - Processing file /home/airflow/.local/lib/python3.7/site-packages/airflow/example_dags/tutorial_taskflow_api_etl_virtualenv.py for tasks to queue
[2022-06-19 17:34:58,425] {logging_mixin.py:115} INFO - [2022-06-19 17:34:58,425] {dagbag.py:507} INFO - Filling up the DagBag from /home/airflow/.local/lib/python3.7/site-packages/airflow/example_dags/tutorial_taskflow_api_etl_virtualenv.py
[2022-06-19 17:34:58,440] {processor.py:651} INFO - DAG(s) dict_keys(['tutorial_taskflow_api_etl_virtualenv']) retrieved from /home/airflow/.local/lib/python3.7/site-packages/airflow/example_dags/tutorial_taskflow_api_etl_virtualenv.py
[2022-06-19 17:34:58,463] {logging_mixin.py:115} INFO - [2022-06-19 17:34:58,463] {dag.py:2379} INFO - Sync 1 DAGs
[2022-06-19 17:34:58,477] {logging_mixin.py:115} INFO - [2022-06-19 17:34:58,476] {dag.py:2931} INFO - Setting next_dagrun for tutorial_taskflow_api_etl_virtualenv to None, run_after=None
[2022-06-19 17:34:58,488] {processor.py:161} INFO - Processing /home/airflow/.local/lib/python3.7/site-packages/airflow/example_dags/tutorial_taskflow_api_etl_virtualenv.py took 0.066 seconds
[2022-06-19 17:35:29,199] {processor.py:153} INFO - Started process (PID=1261) to work on /home/airflow/.local/lib/python3.7/site-packages/airflow/example_dags/tutorial_taskflow_api_etl_virtualenv.py
[2022-06-19 17:35:29,201] {processor.py:641} INFO - Processing file /home/airflow/.local/lib/python3.7/site-packages/airflow/example_dags/tutorial_taskflow_api_etl_virtualenv.py for tasks to queue
[2022-06-19 17:35:29,202] {logging_mixin.py:115} INFO - [2022-06-19 17:35:29,202] {dagbag.py:507} INFO - Filling up the DagBag from /home/airflow/.local/lib/python3.7/site-packages/airflow/example_dags/tutorial_taskflow_api_etl_virtualenv.py
[2022-06-19 17:35:29,215] {processor.py:651} INFO - DAG(s) dict_keys(['tutorial_taskflow_api_etl_virtualenv']) retrieved from /home/airflow/.local/lib/python3.7/site-packages/airflow/example_dags/tutorial_taskflow_api_etl_virtualenv.py
[2022-06-19 17:35:29,238] {logging_mixin.py:115} INFO - [2022-06-19 17:35:29,238] {dag.py:2379} INFO - Sync 1 DAGs
[2022-06-19 17:35:29,254] {logging_mixin.py:115} INFO - [2022-06-19 17:35:29,254] {dag.py:2931} INFO - Setting next_dagrun for tutorial_taskflow_api_etl_virtualenv to None, run_after=None
[2022-06-19 17:35:29,266] {processor.py:161} INFO - Processing /home/airflow/.local/lib/python3.7/site-packages/airflow/example_dags/tutorial_taskflow_api_etl_virtualenv.py took 0.069 seconds
[2022-06-19 17:35:59,934] {processor.py:153} INFO - Started process (PID=1325) to work on /home/airflow/.local/lib/python3.7/site-packages/airflow/example_dags/tutorial_taskflow_api_etl_virtualenv.py
[2022-06-19 17:35:59,935] {processor.py:641} INFO - Processing file /home/airflow/.local/lib/python3.7/site-packages/airflow/example_dags/tutorial_taskflow_api_etl_virtualenv.py for tasks to queue
[2022-06-19 17:35:59,936] {logging_mixin.py:115} INFO - [2022-06-19 17:35:59,936] {dagbag.py:507} INFO - Filling up the DagBag from /home/airflow/.local/lib/python3.7/site-packages/airflow/example_dags/tutorial_taskflow_api_etl_virtualenv.py
[2022-06-19 17:35:59,948] {processor.py:651} INFO - DAG(s) dict_keys(['tutorial_taskflow_api_etl_virtualenv']) retrieved from /home/airflow/.local/lib/python3.7/site-packages/airflow/example_dags/tutorial_taskflow_api_etl_virtualenv.py
[2022-06-19 17:35:59,970] {logging_mixin.py:115} INFO - [2022-06-19 17:35:59,969] {dag.py:2379} INFO - Sync 1 DAGs
[2022-06-19 17:35:59,984] {logging_mixin.py:115} INFO - [2022-06-19 17:35:59,984] {dag.py:2931} INFO - Setting next_dagrun for tutorial_taskflow_api_etl_virtualenv to None, run_after=None
[2022-06-19 17:35:59,995] {processor.py:161} INFO - Processing /home/airflow/.local/lib/python3.7/site-packages/airflow/example_dags/tutorial_taskflow_api_etl_virtualenv.py took 0.063 seconds
[2022-06-19 17:36:30,523] {processor.py:153} INFO - Started process (PID=1380) to work on /home/airflow/.local/lib/python3.7/site-packages/airflow/example_dags/tutorial_taskflow_api_etl_virtualenv.py
[2022-06-19 17:36:30,524] {processor.py:641} INFO - Processing file /home/airflow/.local/lib/python3.7/site-packages/airflow/example_dags/tutorial_taskflow_api_etl_virtualenv.py for tasks to queue
[2022-06-19 17:36:30,525] {logging_mixin.py:115} INFO - [2022-06-19 17:36:30,525] {dagbag.py:507} INFO - Filling up the DagBag from /home/airflow/.local/lib/python3.7/site-packages/airflow/example_dags/tutorial_taskflow_api_etl_virtualenv.py
[2022-06-19 17:36:30,542] {processor.py:651} INFO - DAG(s) dict_keys(['tutorial_taskflow_api_etl_virtualenv']) retrieved from /home/airflow/.local/lib/python3.7/site-packages/airflow/example_dags/tutorial_taskflow_api_etl_virtualenv.py
[2022-06-19 17:36:30,560] {logging_mixin.py:115} INFO - [2022-06-19 17:36:30,560] {dag.py:2379} INFO - Sync 1 DAGs
[2022-06-19 17:36:30,576] {logging_mixin.py:115} INFO - [2022-06-19 17:36:30,576] {dag.py:2931} INFO - Setting next_dagrun for tutorial_taskflow_api_etl_virtualenv to None, run_after=None
[2022-06-19 17:36:30,587] {processor.py:161} INFO - Processing /home/airflow/.local/lib/python3.7/site-packages/airflow/example_dags/tutorial_taskflow_api_etl_virtualenv.py took 0.066 seconds
[2022-06-19 17:37:01,047] {processor.py:153} INFO - Started process (PID=1444) to work on /home/airflow/.local/lib/python3.7/site-packages/airflow/example_dags/tutorial_taskflow_api_etl_virtualenv.py
[2022-06-19 17:37:01,048] {processor.py:641} INFO - Processing file /home/airflow/.local/lib/python3.7/site-packages/airflow/example_dags/tutorial_taskflow_api_etl_virtualenv.py for tasks to queue
[2022-06-19 17:37:01,048] {logging_mixin.py:115} INFO - [2022-06-19 17:37:01,048] {dagbag.py:507} INFO - Filling up the DagBag from /home/airflow/.local/lib/python3.7/site-packages/airflow/example_dags/tutorial_taskflow_api_etl_virtualenv.py
[2022-06-19 17:37:01,061] {processor.py:651} INFO - DAG(s) dict_keys(['tutorial_taskflow_api_etl_virtualenv']) retrieved from /home/airflow/.local/lib/python3.7/site-packages/airflow/example_dags/tutorial_taskflow_api_etl_virtualenv.py
[2022-06-19 17:37:01,080] {logging_mixin.py:115} INFO - [2022-06-19 17:37:01,080] {dag.py:2379} INFO - Sync 1 DAGs
[2022-06-19 17:37:01,093] {logging_mixin.py:115} INFO - [2022-06-19 17:37:01,092] {dag.py:2931} INFO - Setting next_dagrun for tutorial_taskflow_api_etl_virtualenv to None, run_after=None
[2022-06-19 17:37:01,104] {processor.py:161} INFO - Processing /home/airflow/.local/lib/python3.7/site-packages/airflow/example_dags/tutorial_taskflow_api_etl_virtualenv.py took 0.059 seconds
[2022-06-19 17:37:31,155] {processor.py:153} INFO - Started process (PID=1508) to work on /home/airflow/.local/lib/python3.7/site-packages/airflow/example_dags/tutorial_taskflow_api_etl_virtualenv.py
[2022-06-19 17:37:31,156] {processor.py:641} INFO - Processing file /home/airflow/.local/lib/python3.7/site-packages/airflow/example_dags/tutorial_taskflow_api_etl_virtualenv.py for tasks to queue
[2022-06-19 17:37:31,156] {logging_mixin.py:115} INFO - [2022-06-19 17:37:31,156] {dagbag.py:507} INFO - Filling up the DagBag from /home/airflow/.local/lib/python3.7/site-packages/airflow/example_dags/tutorial_taskflow_api_etl_virtualenv.py
[2022-06-19 17:37:31,168] {processor.py:651} INFO - DAG(s) dict_keys(['tutorial_taskflow_api_etl_virtualenv']) retrieved from /home/airflow/.local/lib/python3.7/site-packages/airflow/example_dags/tutorial_taskflow_api_etl_virtualenv.py
[2022-06-19 17:37:31,187] {logging_mixin.py:115} INFO - [2022-06-19 17:37:31,187] {dag.py:2379} INFO - Sync 1 DAGs
[2022-06-19 17:37:31,200] {logging_mixin.py:115} INFO - [2022-06-19 17:37:31,200] {dag.py:2931} INFO - Setting next_dagrun for tutorial_taskflow_api_etl_virtualenv to None, run_after=None
[2022-06-19 17:37:31,213] {processor.py:161} INFO - Processing /home/airflow/.local/lib/python3.7/site-packages/airflow/example_dags/tutorial_taskflow_api_etl_virtualenv.py took 0.060 seconds
