[2022-07-10 04:45:25,542] {processor.py:163} INFO - Started process (PID=78) to work on /opt/airflow/dags/spark-postgres.py
[2022-07-10 04:45:25,849] {processor.py:642} INFO - Processing file /opt/airflow/dags/spark-postgres.py for tasks to queue
[2022-07-10 04:45:26,045] {logging_mixin.py:109} INFO - [2022-07-10 04:45:25,926] {dagbag.py:500} INFO - Filling up the DagBag from /opt/airflow/dags/spark-postgres.py
[2022-07-10 04:45:39,673] {processor.py:654} INFO - DAG(s) dict_keys(['spark-postgres']) retrieved from /opt/airflow/dags/spark-postgres.py
[2022-07-10 04:46:59,072] {processor.py:163} INFO - Started process (PID=82) to work on /opt/airflow/dags/spark-postgres.py
[2022-07-10 04:46:59,442] {processor.py:642} INFO - Processing file /opt/airflow/dags/spark-postgres.py for tasks to queue
[2022-07-10 04:46:59,701] {logging_mixin.py:109} INFO - [2022-07-10 04:46:59,626] {dagbag.py:500} INFO - Filling up the DagBag from /opt/airflow/dags/spark-postgres.py
[2022-07-10 04:47:24,761] {processor.py:654} INFO - DAG(s) dict_keys(['spark-postgres']) retrieved from /opt/airflow/dags/spark-postgres.py
[2022-07-10 04:48:15,493] {processor.py:163} INFO - Started process (PID=85) to work on /opt/airflow/dags/spark-postgres.py
[2022-07-10 04:48:15,552] {processor.py:642} INFO - Processing file /opt/airflow/dags/spark-postgres.py for tasks to queue
[2022-07-10 04:48:15,624] {logging_mixin.py:109} INFO - [2022-07-10 04:48:15,624] {dagbag.py:500} INFO - Filling up the DagBag from /opt/airflow/dags/spark-postgres.py
[2022-07-10 04:48:17,412] {processor.py:654} INFO - DAG(s) dict_keys(['spark-postgres']) retrieved from /opt/airflow/dags/spark-postgres.py
[2022-07-10 04:48:39,533] {logging_mixin.py:109} INFO - [2022-07-10 04:48:39,532] {manager.py:496} INFO - Created Permission View: can read on DAG:spark-postgres
[2022-07-10 04:48:39,588] {logging_mixin.py:109} INFO - [2022-07-10 04:48:39,588] {manager.py:496} INFO - Created Permission View: can edit on DAG:spark-postgres
[2022-07-10 04:48:39,597] {logging_mixin.py:109} INFO - [2022-07-10 04:48:39,593] {dag.py:2396} INFO - Sync 1 DAGs
[2022-07-10 04:48:39,639] {logging_mixin.py:109} INFO - [2022-07-10 04:48:39,638] {dag.py:2415} INFO - Creating ORM DAG for spark-postgres
[2022-07-10 04:48:39,679] {logging_mixin.py:109} INFO - [2022-07-10 04:48:39,679] {dag.py:2935} INFO - Setting next_dagrun for spark-postgres to 2022-07-10T00:00:00+00:00
[2022-07-10 04:48:39,740] {processor.py:171} INFO - Processing /opt/airflow/dags/spark-postgres.py took 24.448 seconds
[2022-07-10 04:49:11,502] {processor.py:163} INFO - Started process (PID=90) to work on /opt/airflow/dags/spark-postgres.py
[2022-07-10 04:49:11,538] {processor.py:642} INFO - Processing file /opt/airflow/dags/spark-postgres.py for tasks to queue
[2022-07-10 04:49:11,584] {logging_mixin.py:109} INFO - [2022-07-10 04:49:11,570] {dagbag.py:500} INFO - Filling up the DagBag from /opt/airflow/dags/spark-postgres.py
[2022-07-10 04:49:13,038] {processor.py:654} INFO - DAG(s) dict_keys(['spark-postgres']) retrieved from /opt/airflow/dags/spark-postgres.py
[2022-07-10 04:49:13,424] {logging_mixin.py:109} INFO - [2022-07-10 04:49:13,417] {dag.py:2396} INFO - Sync 1 DAGs
[2022-07-10 04:49:14,078] {logging_mixin.py:109} INFO - [2022-07-10 04:49:14,071] {dag.py:2935} INFO - Setting next_dagrun for spark-postgres to 2022-07-10T00:00:00+00:00
[2022-07-10 04:49:14,159] {processor.py:171} INFO - Processing /opt/airflow/dags/spark-postgres.py took 2.907 seconds
[2022-07-10 04:49:45,215] {processor.py:163} INFO - Started process (PID=92) to work on /opt/airflow/dags/spark-postgres.py
[2022-07-10 04:49:45,242] {processor.py:642} INFO - Processing file /opt/airflow/dags/spark-postgres.py for tasks to queue
[2022-07-10 04:49:45,247] {logging_mixin.py:109} INFO - [2022-07-10 04:49:45,247] {dagbag.py:500} INFO - Filling up the DagBag from /opt/airflow/dags/spark-postgres.py
[2022-07-10 04:49:45,996] {processor.py:654} INFO - DAG(s) dict_keys(['spark-postgres']) retrieved from /opt/airflow/dags/spark-postgres.py
[2022-07-10 04:49:46,154] {logging_mixin.py:109} INFO - [2022-07-10 04:49:46,153] {dag.py:2396} INFO - Sync 1 DAGs
[2022-07-10 04:49:46,649] {logging_mixin.py:109} INFO - [2022-07-10 04:49:46,645] {dag.py:2935} INFO - Setting next_dagrun for spark-postgres to 2022-07-10T00:00:00+00:00
[2022-07-10 04:49:46,770] {processor.py:171} INFO - Processing /opt/airflow/dags/spark-postgres.py took 1.599 seconds
[2022-07-10 04:50:17,923] {processor.py:163} INFO - Started process (PID=94) to work on /opt/airflow/dags/spark-postgres.py
[2022-07-10 04:50:17,943] {processor.py:642} INFO - Processing file /opt/airflow/dags/spark-postgres.py for tasks to queue
[2022-07-10 04:50:17,966] {logging_mixin.py:109} INFO - [2022-07-10 04:50:17,961] {dagbag.py:500} INFO - Filling up the DagBag from /opt/airflow/dags/spark-postgres.py
[2022-07-10 04:50:18,508] {processor.py:654} INFO - DAG(s) dict_keys(['spark-postgres']) retrieved from /opt/airflow/dags/spark-postgres.py
[2022-07-10 04:50:18,647] {logging_mixin.py:109} INFO - [2022-07-10 04:50:18,647] {dag.py:2396} INFO - Sync 1 DAGs
[2022-07-10 04:50:18,793] {logging_mixin.py:109} INFO - [2022-07-10 04:50:18,792] {dag.py:2935} INFO - Setting next_dagrun for spark-postgres to 2022-07-10T00:00:00+00:00
[2022-07-10 04:50:18,893] {processor.py:171} INFO - Processing /opt/airflow/dags/spark-postgres.py took 1.014 seconds
[2022-07-10 04:50:49,191] {processor.py:163} INFO - Started process (PID=96) to work on /opt/airflow/dags/spark-postgres.py
[2022-07-10 04:50:49,243] {processor.py:642} INFO - Processing file /opt/airflow/dags/spark-postgres.py for tasks to queue
[2022-07-10 04:50:49,262] {logging_mixin.py:109} INFO - [2022-07-10 04:50:49,261] {dagbag.py:500} INFO - Filling up the DagBag from /opt/airflow/dags/spark-postgres.py
[2022-07-10 04:50:49,973] {processor.py:654} INFO - DAG(s) dict_keys(['spark-postgres']) retrieved from /opt/airflow/dags/spark-postgres.py
[2022-07-10 04:50:50,107] {logging_mixin.py:109} INFO - [2022-07-10 04:50:50,106] {dag.py:2396} INFO - Sync 1 DAGs
[2022-07-10 04:50:50,277] {logging_mixin.py:109} INFO - [2022-07-10 04:50:50,277] {dag.py:2935} INFO - Setting next_dagrun for spark-postgres to 2022-07-10T00:00:00+00:00
[2022-07-10 04:50:50,342] {processor.py:171} INFO - Processing /opt/airflow/dags/spark-postgres.py took 1.195 seconds
[2022-07-10 04:51:28,450] {processor.py:163} INFO - Started process (PID=98) to work on /opt/airflow/dags/spark-postgres.py
[2022-07-10 04:51:28,626] {processor.py:642} INFO - Processing file /opt/airflow/dags/spark-postgres.py for tasks to queue
[2022-07-10 04:51:29,194] {logging_mixin.py:109} INFO - [2022-07-10 04:51:29,193] {dagbag.py:500} INFO - Filling up the DagBag from /opt/airflow/dags/spark-postgres.py
[2022-07-10 04:51:33,978] {processor.py:654} INFO - DAG(s) dict_keys(['spark-postgres']) retrieved from /opt/airflow/dags/spark-postgres.py
[2022-07-10 04:51:34,309] {logging_mixin.py:109} INFO - [2022-07-10 04:51:34,302] {dag.py:2396} INFO - Sync 1 DAGs
[2022-07-10 04:51:34,418] {logging_mixin.py:109} INFO - [2022-07-10 04:51:34,418] {dag.py:2935} INFO - Setting next_dagrun for spark-postgres to 2022-07-10T00:00:00+00:00
[2022-07-10 04:51:34,491] {processor.py:171} INFO - Processing /opt/airflow/dags/spark-postgres.py took 7.343 seconds
[2022-07-10 04:52:04,859] {processor.py:163} INFO - Started process (PID=100) to work on /opt/airflow/dags/spark-postgres.py
[2022-07-10 04:52:04,898] {processor.py:642} INFO - Processing file /opt/airflow/dags/spark-postgres.py for tasks to queue
[2022-07-10 04:52:04,914] {logging_mixin.py:109} INFO - [2022-07-10 04:52:04,911] {dagbag.py:500} INFO - Filling up the DagBag from /opt/airflow/dags/spark-postgres.py
[2022-07-10 04:52:05,122] {processor.py:654} INFO - DAG(s) dict_keys(['spark-postgres']) retrieved from /opt/airflow/dags/spark-postgres.py
[2022-07-10 04:52:05,269] {logging_mixin.py:109} INFO - [2022-07-10 04:52:05,268] {dag.py:2396} INFO - Sync 1 DAGs
[2022-07-10 04:52:05,363] {logging_mixin.py:109} INFO - [2022-07-10 04:52:05,363] {dag.py:2935} INFO - Setting next_dagrun for spark-postgres to 2022-07-10T00:00:00+00:00
[2022-07-10 04:52:05,429] {processor.py:171} INFO - Processing /opt/airflow/dags/spark-postgres.py took 0.621 seconds
[2022-07-10 04:52:36,806] {processor.py:163} INFO - Started process (PID=102) to work on /opt/airflow/dags/spark-postgres.py
[2022-07-10 04:52:37,290] {processor.py:642} INFO - Processing file /opt/airflow/dags/spark-postgres.py for tasks to queue
[2022-07-10 04:52:37,312] {logging_mixin.py:109} INFO - [2022-07-10 04:52:37,311] {dagbag.py:500} INFO - Filling up the DagBag from /opt/airflow/dags/spark-postgres.py
[2022-07-10 04:52:37,920] {processor.py:654} INFO - DAG(s) dict_keys(['spark-postgres']) retrieved from /opt/airflow/dags/spark-postgres.py
[2022-07-10 04:52:38,018] {logging_mixin.py:109} INFO - [2022-07-10 04:52:38,016] {dag.py:2396} INFO - Sync 1 DAGs
[2022-07-10 04:52:38,168] {logging_mixin.py:109} INFO - [2022-07-10 04:52:38,168] {dag.py:2935} INFO - Setting next_dagrun for spark-postgres to 2022-07-10T00:00:00+00:00
[2022-07-10 04:52:38,238] {processor.py:171} INFO - Processing /opt/airflow/dags/spark-postgres.py took 1.484 seconds
[2022-07-10 04:53:08,558] {processor.py:163} INFO - Started process (PID=103) to work on /opt/airflow/dags/spark-postgres.py
[2022-07-10 04:53:08,575] {processor.py:642} INFO - Processing file /opt/airflow/dags/spark-postgres.py for tasks to queue
[2022-07-10 04:53:08,584] {logging_mixin.py:109} INFO - [2022-07-10 04:53:08,584] {dagbag.py:500} INFO - Filling up the DagBag from /opt/airflow/dags/spark-postgres.py
[2022-07-10 04:53:13,900] {processor.py:654} INFO - DAG(s) dict_keys(['spark-postgres']) retrieved from /opt/airflow/dags/spark-postgres.py
[2022-07-10 04:53:14,227] {logging_mixin.py:109} INFO - [2022-07-10 04:53:14,225] {dag.py:2396} INFO - Sync 1 DAGs
[2022-07-10 04:53:14,404] {logging_mixin.py:109} INFO - [2022-07-10 04:53:14,404] {dag.py:2935} INFO - Setting next_dagrun for spark-postgres to 2022-07-10T00:00:00+00:00
[2022-07-10 04:53:14,521] {processor.py:171} INFO - Processing /opt/airflow/dags/spark-postgres.py took 5.993 seconds
[2022-07-10 04:53:44,953] {processor.py:163} INFO - Started process (PID=106) to work on /opt/airflow/dags/spark-postgres.py
[2022-07-10 04:53:44,959] {processor.py:642} INFO - Processing file /opt/airflow/dags/spark-postgres.py for tasks to queue
[2022-07-10 04:53:44,963] {logging_mixin.py:109} INFO - [2022-07-10 04:53:44,962] {dagbag.py:500} INFO - Filling up the DagBag from /opt/airflow/dags/spark-postgres.py
[2022-07-10 04:53:45,202] {processor.py:654} INFO - DAG(s) dict_keys(['spark-postgres']) retrieved from /opt/airflow/dags/spark-postgres.py
[2022-07-10 04:53:45,264] {logging_mixin.py:109} INFO - [2022-07-10 04:53:45,264] {dag.py:2396} INFO - Sync 1 DAGs
[2022-07-10 04:53:45,385] {logging_mixin.py:109} INFO - [2022-07-10 04:53:45,385] {dag.py:2935} INFO - Setting next_dagrun for spark-postgres to 2022-07-10T00:00:00+00:00
[2022-07-10 04:53:45,470] {processor.py:171} INFO - Processing /opt/airflow/dags/spark-postgres.py took 0.542 seconds
[2022-07-10 04:54:15,684] {processor.py:163} INFO - Started process (PID=108) to work on /opt/airflow/dags/spark-postgres.py
[2022-07-10 04:54:15,689] {processor.py:642} INFO - Processing file /opt/airflow/dags/spark-postgres.py for tasks to queue
[2022-07-10 04:54:15,692] {logging_mixin.py:109} INFO - [2022-07-10 04:54:15,692] {dagbag.py:500} INFO - Filling up the DagBag from /opt/airflow/dags/spark-postgres.py
[2022-07-10 04:54:15,838] {processor.py:654} INFO - DAG(s) dict_keys(['spark-postgres']) retrieved from /opt/airflow/dags/spark-postgres.py
[2022-07-10 04:54:15,989] {logging_mixin.py:109} INFO - [2022-07-10 04:54:15,989] {dag.py:2396} INFO - Sync 1 DAGs
[2022-07-10 04:54:16,039] {logging_mixin.py:109} INFO - [2022-07-10 04:54:16,038] {dag.py:2935} INFO - Setting next_dagrun for spark-postgres to 2022-07-10T00:00:00+00:00
[2022-07-10 04:54:16,072] {processor.py:171} INFO - Processing /opt/airflow/dags/spark-postgres.py took 0.397 seconds
[2022-07-10 04:54:46,765] {processor.py:163} INFO - Started process (PID=110) to work on /opt/airflow/dags/spark-postgres.py
[2022-07-10 04:54:46,768] {processor.py:642} INFO - Processing file /opt/airflow/dags/spark-postgres.py for tasks to queue
[2022-07-10 04:54:46,772] {logging_mixin.py:109} INFO - [2022-07-10 04:54:46,772] {dagbag.py:500} INFO - Filling up the DagBag from /opt/airflow/dags/spark-postgres.py
[2022-07-10 04:54:46,833] {processor.py:654} INFO - DAG(s) dict_keys(['spark-postgres']) retrieved from /opt/airflow/dags/spark-postgres.py
[2022-07-10 04:54:46,852] {logging_mixin.py:109} INFO - [2022-07-10 04:54:46,852] {dag.py:2396} INFO - Sync 1 DAGs
[2022-07-10 04:54:46,873] {logging_mixin.py:109} INFO - [2022-07-10 04:54:46,873] {dag.py:2935} INFO - Setting next_dagrun for spark-postgres to 2022-07-10T00:00:00+00:00
[2022-07-10 04:54:46,895] {processor.py:171} INFO - Processing /opt/airflow/dags/spark-postgres.py took 0.137 seconds
[2022-07-10 04:55:17,045] {processor.py:163} INFO - Started process (PID=112) to work on /opt/airflow/dags/spark-postgres.py
[2022-07-10 04:55:17,049] {processor.py:642} INFO - Processing file /opt/airflow/dags/spark-postgres.py for tasks to queue
[2022-07-10 04:55:17,051] {logging_mixin.py:109} INFO - [2022-07-10 04:55:17,051] {dagbag.py:500} INFO - Filling up the DagBag from /opt/airflow/dags/spark-postgres.py
[2022-07-10 04:55:17,116] {processor.py:654} INFO - DAG(s) dict_keys(['spark-postgres']) retrieved from /opt/airflow/dags/spark-postgres.py
[2022-07-10 04:55:17,134] {logging_mixin.py:109} INFO - [2022-07-10 04:55:17,134] {dag.py:2396} INFO - Sync 1 DAGs
[2022-07-10 04:55:17,158] {logging_mixin.py:109} INFO - [2022-07-10 04:55:17,158] {dag.py:2935} INFO - Setting next_dagrun for spark-postgres to 2022-07-10T00:00:00+00:00
[2022-07-10 04:55:17,178] {processor.py:171} INFO - Processing /opt/airflow/dags/spark-postgres.py took 0.139 seconds
[2022-07-10 04:55:47,251] {processor.py:163} INFO - Started process (PID=114) to work on /opt/airflow/dags/spark-postgres.py
[2022-07-10 04:55:47,254] {processor.py:642} INFO - Processing file /opt/airflow/dags/spark-postgres.py for tasks to queue
[2022-07-10 04:55:47,256] {logging_mixin.py:109} INFO - [2022-07-10 04:55:47,256] {dagbag.py:500} INFO - Filling up the DagBag from /opt/airflow/dags/spark-postgres.py
[2022-07-10 04:55:47,316] {processor.py:654} INFO - DAG(s) dict_keys(['spark-postgres']) retrieved from /opt/airflow/dags/spark-postgres.py
[2022-07-10 04:55:47,338] {logging_mixin.py:109} INFO - [2022-07-10 04:55:47,338] {dag.py:2396} INFO - Sync 1 DAGs
[2022-07-10 04:55:47,367] {logging_mixin.py:109} INFO - [2022-07-10 04:55:47,367] {dag.py:2935} INFO - Setting next_dagrun for spark-postgres to 2022-07-10T00:00:00+00:00
[2022-07-10 04:55:47,386] {processor.py:171} INFO - Processing /opt/airflow/dags/spark-postgres.py took 0.141 seconds
[2022-07-10 04:56:17,480] {processor.py:163} INFO - Started process (PID=115) to work on /opt/airflow/dags/spark-postgres.py
[2022-07-10 04:56:17,484] {processor.py:642} INFO - Processing file /opt/airflow/dags/spark-postgres.py for tasks to queue
[2022-07-10 04:56:17,488] {logging_mixin.py:109} INFO - [2022-07-10 04:56:17,488] {dagbag.py:500} INFO - Filling up the DagBag from /opt/airflow/dags/spark-postgres.py
[2022-07-10 04:56:17,589] {processor.py:654} INFO - DAG(s) dict_keys(['spark-postgres']) retrieved from /opt/airflow/dags/spark-postgres.py
[2022-07-10 04:56:17,618] {logging_mixin.py:109} INFO - [2022-07-10 04:56:17,618] {dag.py:2396} INFO - Sync 1 DAGs
[2022-07-10 04:56:17,678] {logging_mixin.py:109} INFO - [2022-07-10 04:56:17,677] {dag.py:2935} INFO - Setting next_dagrun for spark-postgres to 2022-07-10T00:00:00+00:00
[2022-07-10 04:56:17,698] {processor.py:171} INFO - Processing /opt/airflow/dags/spark-postgres.py took 0.233 seconds
[2022-07-10 04:56:48,371] {processor.py:163} INFO - Started process (PID=117) to work on /opt/airflow/dags/spark-postgres.py
[2022-07-10 04:56:48,395] {processor.py:642} INFO - Processing file /opt/airflow/dags/spark-postgres.py for tasks to queue
[2022-07-10 04:56:48,402] {logging_mixin.py:109} INFO - [2022-07-10 04:56:48,402] {dagbag.py:500} INFO - Filling up the DagBag from /opt/airflow/dags/spark-postgres.py
[2022-07-10 04:56:48,540] {processor.py:654} INFO - DAG(s) dict_keys(['spark-postgres']) retrieved from /opt/airflow/dags/spark-postgres.py
[2022-07-10 04:56:48,586] {logging_mixin.py:109} INFO - [2022-07-10 04:56:48,585] {dag.py:2396} INFO - Sync 1 DAGs
[2022-07-10 04:56:48,626] {logging_mixin.py:109} INFO - [2022-07-10 04:56:48,626] {dag.py:2935} INFO - Setting next_dagrun for spark-postgres to 2022-07-10T00:00:00+00:00
[2022-07-10 04:56:48,653] {processor.py:171} INFO - Processing /opt/airflow/dags/spark-postgres.py took 0.297 seconds
[2022-07-10 04:57:19,296] {processor.py:163} INFO - Started process (PID=119) to work on /opt/airflow/dags/spark-postgres.py
[2022-07-10 04:57:19,315] {processor.py:642} INFO - Processing file /opt/airflow/dags/spark-postgres.py for tasks to queue
[2022-07-10 04:57:19,376] {logging_mixin.py:109} INFO - [2022-07-10 04:57:19,375] {dagbag.py:500} INFO - Filling up the DagBag from /opt/airflow/dags/spark-postgres.py
[2022-07-10 04:57:19,667] {processor.py:654} INFO - DAG(s) dict_keys(['spark-postgres']) retrieved from /opt/airflow/dags/spark-postgres.py
[2022-07-10 04:57:19,694] {logging_mixin.py:109} INFO - [2022-07-10 04:57:19,694] {dag.py:2396} INFO - Sync 1 DAGs
[2022-07-10 04:57:19,747] {logging_mixin.py:109} INFO - [2022-07-10 04:57:19,747] {dag.py:2935} INFO - Setting next_dagrun for spark-postgres to 2022-07-10T00:00:00+00:00
[2022-07-10 04:57:19,786] {processor.py:171} INFO - Processing /opt/airflow/dags/spark-postgres.py took 0.512 seconds
[2022-07-10 04:57:50,505] {processor.py:163} INFO - Started process (PID=121) to work on /opt/airflow/dags/spark-postgres.py
[2022-07-10 04:57:50,550] {processor.py:642} INFO - Processing file /opt/airflow/dags/spark-postgres.py for tasks to queue
[2022-07-10 04:57:50,555] {logging_mixin.py:109} INFO - [2022-07-10 04:57:50,554] {dagbag.py:500} INFO - Filling up the DagBag from /opt/airflow/dags/spark-postgres.py
[2022-07-10 04:57:51,113] {processor.py:654} INFO - DAG(s) dict_keys(['spark-postgres']) retrieved from /opt/airflow/dags/spark-postgres.py
[2022-07-10 04:57:51,392] {logging_mixin.py:109} INFO - [2022-07-10 04:57:51,392] {dag.py:2396} INFO - Sync 1 DAGs
[2022-07-10 04:57:51,571] {logging_mixin.py:109} INFO - [2022-07-10 04:57:51,570] {dag.py:2935} INFO - Setting next_dagrun for spark-postgres to 2022-07-10T00:00:00+00:00
[2022-07-10 04:57:51,710] {processor.py:171} INFO - Processing /opt/airflow/dags/spark-postgres.py took 1.236 seconds
[2022-07-10 04:58:22,126] {processor.py:163} INFO - Started process (PID=123) to work on /opt/airflow/dags/spark-postgres.py
[2022-07-10 04:58:22,147] {processor.py:642} INFO - Processing file /opt/airflow/dags/spark-postgres.py for tasks to queue
[2022-07-10 04:58:22,175] {logging_mixin.py:109} INFO - [2022-07-10 04:58:22,172] {dagbag.py:500} INFO - Filling up the DagBag from /opt/airflow/dags/spark-postgres.py
[2022-07-10 04:58:22,515] {processor.py:654} INFO - DAG(s) dict_keys(['spark-postgres']) retrieved from /opt/airflow/dags/spark-postgres.py
[2022-07-10 04:58:22,810] {logging_mixin.py:109} INFO - [2022-07-10 04:58:22,809] {dag.py:2396} INFO - Sync 1 DAGs
[2022-07-10 04:58:23,006] {logging_mixin.py:109} INFO - [2022-07-10 04:58:23,005] {dag.py:2935} INFO - Setting next_dagrun for spark-postgres to 2022-07-10T00:00:00+00:00
[2022-07-10 04:58:23,066] {processor.py:171} INFO - Processing /opt/airflow/dags/spark-postgres.py took 0.944 seconds
[2022-07-10 04:58:54,305] {processor.py:163} INFO - Started process (PID=125) to work on /opt/airflow/dags/spark-postgres.py
[2022-07-10 04:58:54,339] {processor.py:642} INFO - Processing file /opt/airflow/dags/spark-postgres.py for tasks to queue
[2022-07-10 04:58:54,397] {logging_mixin.py:109} INFO - [2022-07-10 04:58:54,397] {dagbag.py:500} INFO - Filling up the DagBag from /opt/airflow/dags/spark-postgres.py
[2022-07-10 04:58:55,858] {processor.py:654} INFO - DAG(s) dict_keys(['spark-postgres']) retrieved from /opt/airflow/dags/spark-postgres.py
[2022-07-10 04:58:56,199] {logging_mixin.py:109} INFO - [2022-07-10 04:58:56,199] {dag.py:2396} INFO - Sync 1 DAGs
[2022-07-10 04:58:56,343] {logging_mixin.py:109} INFO - [2022-07-10 04:58:56,342] {dag.py:2935} INFO - Setting next_dagrun for spark-postgres to 2022-07-10T00:00:00+00:00
[2022-07-10 04:58:56,523] {processor.py:171} INFO - Processing /opt/airflow/dags/spark-postgres.py took 2.254 seconds
[2022-07-10 04:59:26,972] {processor.py:163} INFO - Started process (PID=127) to work on /opt/airflow/dags/spark-postgres.py
[2022-07-10 04:59:26,976] {processor.py:642} INFO - Processing file /opt/airflow/dags/spark-postgres.py for tasks to queue
[2022-07-10 04:59:26,979] {logging_mixin.py:109} INFO - [2022-07-10 04:59:26,978] {dagbag.py:500} INFO - Filling up the DagBag from /opt/airflow/dags/spark-postgres.py
[2022-07-10 04:59:27,054] {processor.py:654} INFO - DAG(s) dict_keys(['spark-postgres']) retrieved from /opt/airflow/dags/spark-postgres.py
[2022-07-10 04:59:27,080] {logging_mixin.py:109} INFO - [2022-07-10 04:59:27,080] {dag.py:2396} INFO - Sync 1 DAGs
[2022-07-10 04:59:27,108] {logging_mixin.py:109} INFO - [2022-07-10 04:59:27,108] {dag.py:2935} INFO - Setting next_dagrun for spark-postgres to 2022-07-10T00:00:00+00:00
[2022-07-10 04:59:27,123] {processor.py:171} INFO - Processing /opt/airflow/dags/spark-postgres.py took 0.166 seconds
[2022-07-10 04:59:57,899] {processor.py:163} INFO - Started process (PID=129) to work on /opt/airflow/dags/spark-postgres.py
[2022-07-10 04:59:57,902] {processor.py:642} INFO - Processing file /opt/airflow/dags/spark-postgres.py for tasks to queue
[2022-07-10 04:59:57,905] {logging_mixin.py:109} INFO - [2022-07-10 04:59:57,905] {dagbag.py:500} INFO - Filling up the DagBag from /opt/airflow/dags/spark-postgres.py
[2022-07-10 04:59:58,010] {processor.py:654} INFO - DAG(s) dict_keys(['spark-postgres']) retrieved from /opt/airflow/dags/spark-postgres.py
[2022-07-10 04:59:58,033] {logging_mixin.py:109} INFO - [2022-07-10 04:59:58,033] {dag.py:2396} INFO - Sync 1 DAGs
[2022-07-10 04:59:58,061] {logging_mixin.py:109} INFO - [2022-07-10 04:59:58,061] {dag.py:2935} INFO - Setting next_dagrun for spark-postgres to 2022-07-10T00:00:00+00:00
[2022-07-10 04:59:58,078] {processor.py:171} INFO - Processing /opt/airflow/dags/spark-postgres.py took 0.184 seconds
[2022-07-10 05:00:28,413] {processor.py:163} INFO - Started process (PID=131) to work on /opt/airflow/dags/spark-postgres.py
[2022-07-10 05:00:28,417] {processor.py:642} INFO - Processing file /opt/airflow/dags/spark-postgres.py for tasks to queue
[2022-07-10 05:00:28,420] {logging_mixin.py:109} INFO - [2022-07-10 05:00:28,420] {dagbag.py:500} INFO - Filling up the DagBag from /opt/airflow/dags/spark-postgres.py
[2022-07-10 05:00:28,551] {processor.py:654} INFO - DAG(s) dict_keys(['spark-postgres']) retrieved from /opt/airflow/dags/spark-postgres.py
[2022-07-10 05:00:28,627] {logging_mixin.py:109} INFO - [2022-07-10 05:00:28,627] {dag.py:2396} INFO - Sync 1 DAGs
[2022-07-10 05:00:28,684] {logging_mixin.py:109} INFO - [2022-07-10 05:00:28,683] {dag.py:2935} INFO - Setting next_dagrun for spark-postgres to 2022-07-10T00:00:00+00:00
[2022-07-10 05:00:29,110] {processor.py:171} INFO - Processing /opt/airflow/dags/spark-postgres.py took 0.708 seconds
[2022-07-10 05:00:59,661] {processor.py:163} INFO - Started process (PID=134) to work on /opt/airflow/dags/spark-postgres.py
[2022-07-10 05:00:59,699] {processor.py:642} INFO - Processing file /opt/airflow/dags/spark-postgres.py for tasks to queue
[2022-07-10 05:00:59,730] {logging_mixin.py:109} INFO - [2022-07-10 05:00:59,729] {dagbag.py:500} INFO - Filling up the DagBag from /opt/airflow/dags/spark-postgres.py
[2022-07-10 05:01:00,308] {processor.py:654} INFO - DAG(s) dict_keys(['spark-postgres']) retrieved from /opt/airflow/dags/spark-postgres.py
[2022-07-10 05:01:00,383] {logging_mixin.py:109} INFO - [2022-07-10 05:01:00,383] {dag.py:2396} INFO - Sync 1 DAGs
[2022-07-10 05:01:00,421] {logging_mixin.py:109} INFO - [2022-07-10 05:01:00,421] {dag.py:2935} INFO - Setting next_dagrun for spark-postgres to 2022-07-10T00:00:00+00:00
[2022-07-10 05:01:00,444] {processor.py:171} INFO - Processing /opt/airflow/dags/spark-postgres.py took 0.793 seconds
[2022-07-10 05:01:30,771] {processor.py:163} INFO - Started process (PID=135) to work on /opt/airflow/dags/spark-postgres.py
[2022-07-10 05:01:30,777] {processor.py:642} INFO - Processing file /opt/airflow/dags/spark-postgres.py for tasks to queue
[2022-07-10 05:01:30,779] {logging_mixin.py:109} INFO - [2022-07-10 05:01:30,779] {dagbag.py:500} INFO - Filling up the DagBag from /opt/airflow/dags/spark-postgres.py
[2022-07-10 05:01:30,864] {processor.py:654} INFO - DAG(s) dict_keys(['spark-postgres']) retrieved from /opt/airflow/dags/spark-postgres.py
[2022-07-10 05:01:30,888] {logging_mixin.py:109} INFO - [2022-07-10 05:01:30,888] {dag.py:2396} INFO - Sync 1 DAGs
[2022-07-10 05:01:30,923] {logging_mixin.py:109} INFO - [2022-07-10 05:01:30,923] {dag.py:2935} INFO - Setting next_dagrun for spark-postgres to 2022-07-10T00:00:00+00:00
[2022-07-10 05:01:30,942] {processor.py:171} INFO - Processing /opt/airflow/dags/spark-postgres.py took 0.177 seconds
[2022-07-10 05:02:01,395] {processor.py:163} INFO - Started process (PID=137) to work on /opt/airflow/dags/spark-postgres.py
[2022-07-10 05:02:01,441] {processor.py:642} INFO - Processing file /opt/airflow/dags/spark-postgres.py for tasks to queue
[2022-07-10 05:02:01,461] {logging_mixin.py:109} INFO - [2022-07-10 05:02:01,456] {dagbag.py:500} INFO - Filling up the DagBag from /opt/airflow/dags/spark-postgres.py
[2022-07-10 05:02:01,553] {processor.py:654} INFO - DAG(s) dict_keys(['spark-postgres']) retrieved from /opt/airflow/dags/spark-postgres.py
[2022-07-10 05:02:01,589] {logging_mixin.py:109} INFO - [2022-07-10 05:02:01,588] {dag.py:2396} INFO - Sync 1 DAGs
[2022-07-10 05:02:01,623] {logging_mixin.py:109} INFO - [2022-07-10 05:02:01,622] {dag.py:2935} INFO - Setting next_dagrun for spark-postgres to 2022-07-10T00:00:00+00:00
[2022-07-10 05:02:01,662] {processor.py:171} INFO - Processing /opt/airflow/dags/spark-postgres.py took 0.283 seconds
[2022-07-10 05:02:32,561] {processor.py:163} INFO - Started process (PID=139) to work on /opt/airflow/dags/spark-postgres.py
[2022-07-10 05:02:32,573] {processor.py:642} INFO - Processing file /opt/airflow/dags/spark-postgres.py for tasks to queue
[2022-07-10 05:02:32,586] {logging_mixin.py:109} INFO - [2022-07-10 05:02:32,586] {dagbag.py:500} INFO - Filling up the DagBag from /opt/airflow/dags/spark-postgres.py
[2022-07-10 05:02:32,700] {processor.py:654} INFO - DAG(s) dict_keys(['spark-postgres']) retrieved from /opt/airflow/dags/spark-postgres.py
[2022-07-10 05:02:32,732] {logging_mixin.py:109} INFO - [2022-07-10 05:02:32,732] {dag.py:2396} INFO - Sync 1 DAGs
[2022-07-10 05:02:32,781] {logging_mixin.py:109} INFO - [2022-07-10 05:02:32,780] {dag.py:2935} INFO - Setting next_dagrun for spark-postgres to 2022-07-10T00:00:00+00:00
[2022-07-10 05:02:32,799] {processor.py:171} INFO - Processing /opt/airflow/dags/spark-postgres.py took 0.248 seconds
[2022-07-10 05:03:03,204] {processor.py:163} INFO - Started process (PID=141) to work on /opt/airflow/dags/spark-postgres.py
[2022-07-10 05:03:03,213] {processor.py:642} INFO - Processing file /opt/airflow/dags/spark-postgres.py for tasks to queue
[2022-07-10 05:03:03,218] {logging_mixin.py:109} INFO - [2022-07-10 05:03:03,217] {dagbag.py:500} INFO - Filling up the DagBag from /opt/airflow/dags/spark-postgres.py
[2022-07-10 05:03:03,293] {processor.py:654} INFO - DAG(s) dict_keys(['spark-postgres']) retrieved from /opt/airflow/dags/spark-postgres.py
[2022-07-10 05:03:03,318] {logging_mixin.py:109} INFO - [2022-07-10 05:03:03,318] {dag.py:2396} INFO - Sync 1 DAGs
[2022-07-10 05:03:03,352] {logging_mixin.py:109} INFO - [2022-07-10 05:03:03,352] {dag.py:2935} INFO - Setting next_dagrun for spark-postgres to 2022-07-10T00:00:00+00:00
[2022-07-10 05:03:03,379] {processor.py:171} INFO - Processing /opt/airflow/dags/spark-postgres.py took 0.195 seconds
[2022-07-10 05:03:33,838] {processor.py:163} INFO - Started process (PID=143) to work on /opt/airflow/dags/spark-postgres.py
[2022-07-10 05:03:33,848] {processor.py:642} INFO - Processing file /opt/airflow/dags/spark-postgres.py for tasks to queue
[2022-07-10 05:03:33,859] {logging_mixin.py:109} INFO - [2022-07-10 05:03:33,857] {dagbag.py:500} INFO - Filling up the DagBag from /opt/airflow/dags/spark-postgres.py
[2022-07-10 05:03:33,985] {processor.py:654} INFO - DAG(s) dict_keys(['spark-postgres']) retrieved from /opt/airflow/dags/spark-postgres.py
[2022-07-10 05:03:34,030] {logging_mixin.py:109} INFO - [2022-07-10 05:03:34,030] {dag.py:2396} INFO - Sync 1 DAGs
[2022-07-10 05:03:34,086] {logging_mixin.py:109} INFO - [2022-07-10 05:03:34,086] {dag.py:2935} INFO - Setting next_dagrun for spark-postgres to 2022-07-10T00:00:00+00:00
[2022-07-10 05:03:34,117] {processor.py:171} INFO - Processing /opt/airflow/dags/spark-postgres.py took 0.329 seconds
[2022-07-10 05:04:04,469] {processor.py:163} INFO - Started process (PID=145) to work on /opt/airflow/dags/spark-postgres.py
[2022-07-10 05:04:04,477] {processor.py:642} INFO - Processing file /opt/airflow/dags/spark-postgres.py for tasks to queue
[2022-07-10 05:04:04,483] {logging_mixin.py:109} INFO - [2022-07-10 05:04:04,483] {dagbag.py:500} INFO - Filling up the DagBag from /opt/airflow/dags/spark-postgres.py
[2022-07-10 05:04:04,601] {processor.py:654} INFO - DAG(s) dict_keys(['spark-postgres']) retrieved from /opt/airflow/dags/spark-postgres.py
[2022-07-10 05:04:04,637] {logging_mixin.py:109} INFO - [2022-07-10 05:04:04,637] {dag.py:2396} INFO - Sync 1 DAGs
[2022-07-10 05:04:04,705] {logging_mixin.py:109} INFO - [2022-07-10 05:04:04,705] {dag.py:2935} INFO - Setting next_dagrun for spark-postgres to 2022-07-10T00:00:00+00:00
[2022-07-10 05:04:04,720] {processor.py:171} INFO - Processing /opt/airflow/dags/spark-postgres.py took 0.259 seconds
[2022-07-10 05:04:35,052] {processor.py:163} INFO - Started process (PID=147) to work on /opt/airflow/dags/spark-postgres.py
[2022-07-10 05:04:35,058] {processor.py:642} INFO - Processing file /opt/airflow/dags/spark-postgres.py for tasks to queue
[2022-07-10 05:04:35,063] {logging_mixin.py:109} INFO - [2022-07-10 05:04:35,063] {dagbag.py:500} INFO - Filling up the DagBag from /opt/airflow/dags/spark-postgres.py
[2022-07-10 05:04:35,150] {processor.py:654} INFO - DAG(s) dict_keys(['spark-postgres']) retrieved from /opt/airflow/dags/spark-postgres.py
[2022-07-10 05:04:35,169] {logging_mixin.py:109} INFO - [2022-07-10 05:04:35,169] {dag.py:2396} INFO - Sync 1 DAGs
[2022-07-10 05:04:35,193] {logging_mixin.py:109} INFO - [2022-07-10 05:04:35,193] {dag.py:2935} INFO - Setting next_dagrun for spark-postgres to 2022-07-10T00:00:00+00:00
[2022-07-10 05:04:35,221] {processor.py:171} INFO - Processing /opt/airflow/dags/spark-postgres.py took 0.187 seconds
[2022-07-10 05:05:05,455] {processor.py:163} INFO - Started process (PID=149) to work on /opt/airflow/dags/spark-postgres.py
[2022-07-10 05:05:05,462] {processor.py:642} INFO - Processing file /opt/airflow/dags/spark-postgres.py for tasks to queue
[2022-07-10 05:05:05,470] {logging_mixin.py:109} INFO - [2022-07-10 05:05:05,469] {dagbag.py:500} INFO - Filling up the DagBag from /opt/airflow/dags/spark-postgres.py
[2022-07-10 05:05:05,570] {processor.py:654} INFO - DAG(s) dict_keys(['spark-postgres']) retrieved from /opt/airflow/dags/spark-postgres.py
[2022-07-10 05:05:05,597] {logging_mixin.py:109} INFO - [2022-07-10 05:05:05,597] {dag.py:2396} INFO - Sync 1 DAGs
[2022-07-10 05:05:05,620] {logging_mixin.py:109} INFO - [2022-07-10 05:05:05,620] {dag.py:2935} INFO - Setting next_dagrun for spark-postgres to 2022-07-10T00:00:00+00:00
[2022-07-10 05:05:05,642] {processor.py:171} INFO - Processing /opt/airflow/dags/spark-postgres.py took 0.207 seconds
[2022-07-10 05:05:35,871] {processor.py:163} INFO - Started process (PID=151) to work on /opt/airflow/dags/spark-postgres.py
[2022-07-10 05:05:35,877] {processor.py:642} INFO - Processing file /opt/airflow/dags/spark-postgres.py for tasks to queue
[2022-07-10 05:05:35,881] {logging_mixin.py:109} INFO - [2022-07-10 05:05:35,880] {dagbag.py:500} INFO - Filling up the DagBag from /opt/airflow/dags/spark-postgres.py
[2022-07-10 05:05:35,984] {processor.py:654} INFO - DAG(s) dict_keys(['spark-postgres']) retrieved from /opt/airflow/dags/spark-postgres.py
[2022-07-10 05:05:36,006] {logging_mixin.py:109} INFO - [2022-07-10 05:05:36,006] {dag.py:2396} INFO - Sync 1 DAGs
[2022-07-10 05:05:36,046] {logging_mixin.py:109} INFO - [2022-07-10 05:05:36,046] {dag.py:2935} INFO - Setting next_dagrun for spark-postgres to 2022-07-10T00:00:00+00:00
[2022-07-10 05:05:36,060] {processor.py:171} INFO - Processing /opt/airflow/dags/spark-postgres.py took 0.195 seconds
[2022-07-10 05:06:06,498] {processor.py:163} INFO - Started process (PID=153) to work on /opt/airflow/dags/spark-postgres.py
[2022-07-10 05:06:06,505] {processor.py:642} INFO - Processing file /opt/airflow/dags/spark-postgres.py for tasks to queue
[2022-07-10 05:06:06,509] {logging_mixin.py:109} INFO - [2022-07-10 05:06:06,509] {dagbag.py:500} INFO - Filling up the DagBag from /opt/airflow/dags/spark-postgres.py
[2022-07-10 05:06:06,622] {processor.py:654} INFO - DAG(s) dict_keys(['spark-postgres']) retrieved from /opt/airflow/dags/spark-postgres.py
[2022-07-10 05:06:06,656] {logging_mixin.py:109} INFO - [2022-07-10 05:06:06,655] {dag.py:2396} INFO - Sync 1 DAGs
[2022-07-10 05:06:06,706] {logging_mixin.py:109} INFO - [2022-07-10 05:06:06,705] {dag.py:2935} INFO - Setting next_dagrun for spark-postgres to 2022-07-10T00:00:00+00:00
[2022-07-10 05:06:06,723] {processor.py:171} INFO - Processing /opt/airflow/dags/spark-postgres.py took 0.240 seconds
[2022-07-10 05:06:37,398] {processor.py:163} INFO - Started process (PID=155) to work on /opt/airflow/dags/spark-postgres.py
[2022-07-10 05:06:37,483] {processor.py:642} INFO - Processing file /opt/airflow/dags/spark-postgres.py for tasks to queue
[2022-07-10 05:06:37,508] {logging_mixin.py:109} INFO - [2022-07-10 05:06:37,492] {dagbag.py:500} INFO - Filling up the DagBag from /opt/airflow/dags/spark-postgres.py
[2022-07-10 05:06:37,941] {processor.py:654} INFO - DAG(s) dict_keys(['spark-postgres']) retrieved from /opt/airflow/dags/spark-postgres.py
[2022-07-10 05:06:38,063] {logging_mixin.py:109} INFO - [2022-07-10 05:06:38,063] {dag.py:2396} INFO - Sync 1 DAGs
[2022-07-10 05:06:38,165] {logging_mixin.py:109} INFO - [2022-07-10 05:06:38,165] {dag.py:2935} INFO - Setting next_dagrun for spark-postgres to 2022-07-10T00:00:00+00:00
[2022-07-10 05:06:38,209] {processor.py:171} INFO - Processing /opt/airflow/dags/spark-postgres.py took 0.824 seconds
[2022-07-10 05:07:08,915] {processor.py:163} INFO - Started process (PID=157) to work on /opt/airflow/dags/spark-postgres.py
[2022-07-10 05:07:08,931] {processor.py:642} INFO - Processing file /opt/airflow/dags/spark-postgres.py for tasks to queue
[2022-07-10 05:07:08,934] {logging_mixin.py:109} INFO - [2022-07-10 05:07:08,934] {dagbag.py:500} INFO - Filling up the DagBag from /opt/airflow/dags/spark-postgres.py
[2022-07-10 05:07:09,091] {processor.py:654} INFO - DAG(s) dict_keys(['spark-postgres']) retrieved from /opt/airflow/dags/spark-postgres.py
[2022-07-10 05:07:09,143] {logging_mixin.py:109} INFO - [2022-07-10 05:07:09,143] {dag.py:2396} INFO - Sync 1 DAGs
[2022-07-10 05:07:09,186] {logging_mixin.py:109} INFO - [2022-07-10 05:07:09,186] {dag.py:2935} INFO - Setting next_dagrun for spark-postgres to 2022-07-10T00:00:00+00:00
[2022-07-10 05:07:09,219] {processor.py:171} INFO - Processing /opt/airflow/dags/spark-postgres.py took 0.314 seconds
[2022-07-10 05:07:39,519] {processor.py:163} INFO - Started process (PID=159) to work on /opt/airflow/dags/spark-postgres.py
[2022-07-10 05:07:39,538] {processor.py:642} INFO - Processing file /opt/airflow/dags/spark-postgres.py for tasks to queue
[2022-07-10 05:07:39,544] {logging_mixin.py:109} INFO - [2022-07-10 05:07:39,544] {dagbag.py:500} INFO - Filling up the DagBag from /opt/airflow/dags/spark-postgres.py
[2022-07-10 05:07:39,721] {processor.py:654} INFO - DAG(s) dict_keys(['spark-postgres']) retrieved from /opt/airflow/dags/spark-postgres.py
[2022-07-10 05:07:39,783] {logging_mixin.py:109} INFO - [2022-07-10 05:07:39,783] {dag.py:2396} INFO - Sync 1 DAGs
[2022-07-10 05:07:39,839] {logging_mixin.py:109} INFO - [2022-07-10 05:07:39,839] {dag.py:2935} INFO - Setting next_dagrun for spark-postgres to 2022-07-10T00:00:00+00:00
[2022-07-10 05:07:39,864] {processor.py:171} INFO - Processing /opt/airflow/dags/spark-postgres.py took 0.366 seconds
[2022-07-10 05:08:10,822] {processor.py:163} INFO - Started process (PID=161) to work on /opt/airflow/dags/spark-postgres.py
[2022-07-10 05:08:10,830] {processor.py:642} INFO - Processing file /opt/airflow/dags/spark-postgres.py for tasks to queue
[2022-07-10 05:08:10,839] {logging_mixin.py:109} INFO - [2022-07-10 05:08:10,839] {dagbag.py:500} INFO - Filling up the DagBag from /opt/airflow/dags/spark-postgres.py
[2022-07-10 05:08:11,022] {processor.py:654} INFO - DAG(s) dict_keys(['spark-postgres']) retrieved from /opt/airflow/dags/spark-postgres.py
[2022-07-10 05:08:11,067] {logging_mixin.py:109} INFO - [2022-07-10 05:08:11,066] {dag.py:2396} INFO - Sync 1 DAGs
[2022-07-10 05:08:11,107] {logging_mixin.py:109} INFO - [2022-07-10 05:08:11,107] {dag.py:2935} INFO - Setting next_dagrun for spark-postgres to 2022-07-10T00:00:00+00:00
[2022-07-10 05:08:11,145] {processor.py:171} INFO - Processing /opt/airflow/dags/spark-postgres.py took 0.329 seconds
[2022-07-10 05:08:41,416] {processor.py:163} INFO - Started process (PID=163) to work on /opt/airflow/dags/spark-postgres.py
[2022-07-10 05:08:41,426] {processor.py:642} INFO - Processing file /opt/airflow/dags/spark-postgres.py for tasks to queue
[2022-07-10 05:08:41,429] {logging_mixin.py:109} INFO - [2022-07-10 05:08:41,429] {dagbag.py:500} INFO - Filling up the DagBag from /opt/airflow/dags/spark-postgres.py
[2022-07-10 05:08:41,527] {processor.py:654} INFO - DAG(s) dict_keys(['spark-postgres']) retrieved from /opt/airflow/dags/spark-postgres.py
[2022-07-10 05:08:41,574] {logging_mixin.py:109} INFO - [2022-07-10 05:08:41,574] {dag.py:2396} INFO - Sync 1 DAGs
[2022-07-10 05:08:41,685] {logging_mixin.py:109} INFO - [2022-07-10 05:08:41,684] {dag.py:2935} INFO - Setting next_dagrun for spark-postgres to 2022-07-10T00:00:00+00:00
[2022-07-10 05:08:41,712] {processor.py:171} INFO - Processing /opt/airflow/dags/spark-postgres.py took 0.303 seconds
[2022-07-10 05:09:12,002] {processor.py:163} INFO - Started process (PID=165) to work on /opt/airflow/dags/spark-postgres.py
[2022-07-10 05:09:12,013] {processor.py:642} INFO - Processing file /opt/airflow/dags/spark-postgres.py for tasks to queue
[2022-07-10 05:09:12,015] {logging_mixin.py:109} INFO - [2022-07-10 05:09:12,015] {dagbag.py:500} INFO - Filling up the DagBag from /opt/airflow/dags/spark-postgres.py
[2022-07-10 05:09:12,180] {processor.py:654} INFO - DAG(s) dict_keys(['spark-postgres']) retrieved from /opt/airflow/dags/spark-postgres.py
[2022-07-10 05:09:12,207] {logging_mixin.py:109} INFO - [2022-07-10 05:09:12,206] {dag.py:2396} INFO - Sync 1 DAGs
[2022-07-10 05:09:12,236] {logging_mixin.py:109} INFO - [2022-07-10 05:09:12,236] {dag.py:2935} INFO - Setting next_dagrun for spark-postgres to 2022-07-10T00:00:00+00:00
[2022-07-10 05:09:12,296] {processor.py:171} INFO - Processing /opt/airflow/dags/spark-postgres.py took 0.307 seconds
[2022-07-10 05:09:42,565] {processor.py:163} INFO - Started process (PID=167) to work on /opt/airflow/dags/spark-postgres.py
[2022-07-10 05:09:42,581] {processor.py:642} INFO - Processing file /opt/airflow/dags/spark-postgres.py for tasks to queue
[2022-07-10 05:09:42,589] {logging_mixin.py:109} INFO - [2022-07-10 05:09:42,588] {dagbag.py:500} INFO - Filling up the DagBag from /opt/airflow/dags/spark-postgres.py
[2022-07-10 05:09:42,827] {processor.py:654} INFO - DAG(s) dict_keys(['spark-postgres']) retrieved from /opt/airflow/dags/spark-postgres.py
[2022-07-10 05:09:42,859] {logging_mixin.py:109} INFO - [2022-07-10 05:09:42,858] {dag.py:2396} INFO - Sync 1 DAGs
[2022-07-10 05:09:42,891] {logging_mixin.py:109} INFO - [2022-07-10 05:09:42,891] {dag.py:2935} INFO - Setting next_dagrun for spark-postgres to 2022-07-10T00:00:00+00:00
[2022-07-10 05:09:42,909] {processor.py:171} INFO - Processing /opt/airflow/dags/spark-postgres.py took 0.350 seconds
[2022-07-10 05:10:13,463] {processor.py:163} INFO - Started process (PID=169) to work on /opt/airflow/dags/spark-postgres.py
[2022-07-10 05:10:13,498] {processor.py:642} INFO - Processing file /opt/airflow/dags/spark-postgres.py for tasks to queue
[2022-07-10 05:10:13,523] {logging_mixin.py:109} INFO - [2022-07-10 05:10:13,523] {dagbag.py:500} INFO - Filling up the DagBag from /opt/airflow/dags/spark-postgres.py
[2022-07-10 05:10:14,961] {processor.py:654} INFO - DAG(s) dict_keys(['spark-postgres']) retrieved from /opt/airflow/dags/spark-postgres.py
[2022-07-10 05:10:15,103] {logging_mixin.py:109} INFO - [2022-07-10 05:10:15,100] {dag.py:2396} INFO - Sync 1 DAGs
[2022-07-10 05:10:15,750] {logging_mixin.py:109} INFO - [2022-07-10 05:10:15,749] {dag.py:2935} INFO - Setting next_dagrun for spark-postgres to 2022-07-10T00:00:00+00:00
[2022-07-10 05:10:15,784] {processor.py:171} INFO - Processing /opt/airflow/dags/spark-postgres.py took 2.398 seconds
[2022-07-10 05:10:45,986] {processor.py:163} INFO - Started process (PID=171) to work on /opt/airflow/dags/spark-postgres.py
[2022-07-10 05:10:45,994] {processor.py:642} INFO - Processing file /opt/airflow/dags/spark-postgres.py for tasks to queue
[2022-07-10 05:10:45,996] {logging_mixin.py:109} INFO - [2022-07-10 05:10:45,996] {dagbag.py:500} INFO - Filling up the DagBag from /opt/airflow/dags/spark-postgres.py
[2022-07-10 05:10:46,111] {processor.py:654} INFO - DAG(s) dict_keys(['spark-postgres']) retrieved from /opt/airflow/dags/spark-postgres.py
[2022-07-10 05:10:46,143] {logging_mixin.py:109} INFO - [2022-07-10 05:10:46,143] {dag.py:2396} INFO - Sync 1 DAGs
[2022-07-10 05:10:46,186] {logging_mixin.py:109} INFO - [2022-07-10 05:10:46,185] {dag.py:2935} INFO - Setting next_dagrun for spark-postgres to 2022-07-10T00:00:00+00:00
[2022-07-10 05:10:46,220] {processor.py:171} INFO - Processing /opt/airflow/dags/spark-postgres.py took 0.252 seconds
[2022-07-10 05:11:18,015] {processor.py:163} INFO - Started process (PID=173) to work on /opt/airflow/dags/spark-postgres.py
[2022-07-10 05:11:18,035] {processor.py:642} INFO - Processing file /opt/airflow/dags/spark-postgres.py for tasks to queue
[2022-07-10 05:11:18,068] {logging_mixin.py:109} INFO - [2022-07-10 05:11:18,058] {dagbag.py:500} INFO - Filling up the DagBag from /opt/airflow/dags/spark-postgres.py
[2022-07-10 05:11:18,522] {processor.py:654} INFO - DAG(s) dict_keys(['spark-postgres']) retrieved from /opt/airflow/dags/spark-postgres.py
[2022-07-10 05:11:18,660] {logging_mixin.py:109} INFO - [2022-07-10 05:11:18,660] {dag.py:2396} INFO - Sync 1 DAGs
[2022-07-10 05:11:18,827] {logging_mixin.py:109} INFO - [2022-07-10 05:11:18,814] {dag.py:2935} INFO - Setting next_dagrun for spark-postgres to 2022-07-10T00:00:00+00:00
[2022-07-10 05:11:18,883] {processor.py:171} INFO - Processing /opt/airflow/dags/spark-postgres.py took 0.938 seconds
