[2022-06-15 07:09:16,244] {processor.py:153} INFO - Started process (PID=98) to work on /home/airflow/.local/lib/python3.7/site-packages/airflow/example_dags/example_task_group_decorator.py
[2022-06-15 07:09:16,245] {processor.py:641} INFO - Processing file /home/airflow/.local/lib/python3.7/site-packages/airflow/example_dags/example_task_group_decorator.py for tasks to queue
[2022-06-15 07:09:16,247] {logging_mixin.py:115} INFO - [2022-06-15 07:09:16,247] {dagbag.py:507} INFO - Filling up the DagBag from /home/airflow/.local/lib/python3.7/site-packages/airflow/example_dags/example_task_group_decorator.py
[2022-06-15 07:09:16,278] {processor.py:651} INFO - DAG(s) dict_keys(['example_task_group_decorator']) retrieved from /home/airflow/.local/lib/python3.7/site-packages/airflow/example_dags/example_task_group_decorator.py
[2022-06-15 07:09:16,503] {logging_mixin.py:115} INFO - [2022-06-15 07:09:16,503] {manager.py:508} INFO - Created Permission View: can delete on DAG:example_task_group_decorator
[2022-06-15 07:09:16,510] {logging_mixin.py:115} INFO - [2022-06-15 07:09:16,510] {manager.py:508} INFO - Created Permission View: can read on DAG:example_task_group_decorator
[2022-06-15 07:09:16,515] {logging_mixin.py:115} INFO - [2022-06-15 07:09:16,515] {manager.py:508} INFO - Created Permission View: can edit on DAG:example_task_group_decorator
[2022-06-15 07:09:16,516] {logging_mixin.py:115} INFO - [2022-06-15 07:09:16,516] {dag.py:2379} INFO - Sync 1 DAGs
[2022-06-15 07:09:16,523] {logging_mixin.py:115} INFO - [2022-06-15 07:09:16,523] {dag.py:2398} INFO - Creating ORM DAG for example_task_group_decorator
[2022-06-15 07:09:16,536] {logging_mixin.py:115} INFO - [2022-06-15 07:09:16,536] {dag.py:2931} INFO - Setting next_dagrun for example_task_group_decorator to 2022-06-14T07:09:16.535858+00:00, run_after=2022-06-15T07:09:16.535858+00:00
[2022-06-15 07:09:16,563] {processor.py:161} INFO - Processing /home/airflow/.local/lib/python3.7/site-packages/airflow/example_dags/example_task_group_decorator.py took 0.325 seconds
[2022-06-15 07:09:47,539] {processor.py:153} INFO - Started process (PID=154) to work on /home/airflow/.local/lib/python3.7/site-packages/airflow/example_dags/example_task_group_decorator.py
[2022-06-15 07:09:47,541] {processor.py:641} INFO - Processing file /home/airflow/.local/lib/python3.7/site-packages/airflow/example_dags/example_task_group_decorator.py for tasks to queue
[2022-06-15 07:09:47,543] {logging_mixin.py:115} INFO - [2022-06-15 07:09:47,543] {dagbag.py:507} INFO - Filling up the DagBag from /home/airflow/.local/lib/python3.7/site-packages/airflow/example_dags/example_task_group_decorator.py
[2022-06-15 07:09:47,572] {processor.py:651} INFO - DAG(s) dict_keys(['example_task_group_decorator']) retrieved from /home/airflow/.local/lib/python3.7/site-packages/airflow/example_dags/example_task_group_decorator.py
[2022-06-15 07:09:47,767] {logging_mixin.py:115} INFO - [2022-06-15 07:09:47,767] {dag.py:2379} INFO - Sync 1 DAGs
[2022-06-15 07:09:47,779] {logging_mixin.py:115} INFO - [2022-06-15 07:09:47,779] {dag.py:2931} INFO - Setting next_dagrun for example_task_group_decorator to 2022-06-14T07:09:47.779490+00:00, run_after=2022-06-15T07:09:47.779490+00:00
[2022-06-15 07:09:47,788] {processor.py:161} INFO - Processing /home/airflow/.local/lib/python3.7/site-packages/airflow/example_dags/example_task_group_decorator.py took 0.252 seconds
[2022-06-15 07:10:18,242] {processor.py:153} INFO - Started process (PID=224) to work on /home/airflow/.local/lib/python3.7/site-packages/airflow/example_dags/example_task_group_decorator.py
[2022-06-15 07:10:18,245] {processor.py:641} INFO - Processing file /home/airflow/.local/lib/python3.7/site-packages/airflow/example_dags/example_task_group_decorator.py for tasks to queue
[2022-06-15 07:10:18,246] {logging_mixin.py:115} INFO - [2022-06-15 07:10:18,246] {dagbag.py:507} INFO - Filling up the DagBag from /home/airflow/.local/lib/python3.7/site-packages/airflow/example_dags/example_task_group_decorator.py
[2022-06-15 07:10:18,268] {processor.py:651} INFO - DAG(s) dict_keys(['example_task_group_decorator']) retrieved from /home/airflow/.local/lib/python3.7/site-packages/airflow/example_dags/example_task_group_decorator.py
[2022-06-15 07:10:18,396] {logging_mixin.py:115} INFO - [2022-06-15 07:10:18,395] {dag.py:2379} INFO - Sync 1 DAGs
[2022-06-15 07:10:18,409] {logging_mixin.py:115} INFO - [2022-06-15 07:10:18,408] {dag.py:2931} INFO - Setting next_dagrun for example_task_group_decorator to 2022-06-14T07:10:18.408429+00:00, run_after=2022-06-15T07:10:18.408429+00:00
[2022-06-15 07:10:18,419] {processor.py:161} INFO - Processing /home/airflow/.local/lib/python3.7/site-packages/airflow/example_dags/example_task_group_decorator.py took 0.182 seconds
[2022-06-15 07:10:48,608] {processor.py:153} INFO - Started process (PID=292) to work on /home/airflow/.local/lib/python3.7/site-packages/airflow/example_dags/example_task_group_decorator.py
[2022-06-15 07:10:48,610] {processor.py:641} INFO - Processing file /home/airflow/.local/lib/python3.7/site-packages/airflow/example_dags/example_task_group_decorator.py for tasks to queue
[2022-06-15 07:10:48,612] {logging_mixin.py:115} INFO - [2022-06-15 07:10:48,612] {dagbag.py:507} INFO - Filling up the DagBag from /home/airflow/.local/lib/python3.7/site-packages/airflow/example_dags/example_task_group_decorator.py
[2022-06-15 07:10:48,641] {processor.py:651} INFO - DAG(s) dict_keys(['example_task_group_decorator']) retrieved from /home/airflow/.local/lib/python3.7/site-packages/airflow/example_dags/example_task_group_decorator.py
[2022-06-15 07:10:48,780] {logging_mixin.py:115} INFO - [2022-06-15 07:10:48,780] {dag.py:2379} INFO - Sync 1 DAGs
[2022-06-15 07:10:48,791] {logging_mixin.py:115} INFO - [2022-06-15 07:10:48,791] {dag.py:2931} INFO - Setting next_dagrun for example_task_group_decorator to 2022-06-14T07:10:48.791582+00:00, run_after=2022-06-15T07:10:48.791582+00:00
[2022-06-15 07:10:48,800] {processor.py:161} INFO - Processing /home/airflow/.local/lib/python3.7/site-packages/airflow/example_dags/example_task_group_decorator.py took 0.201 seconds
[2022-06-15 07:14:59,636] {processor.py:153} INFO - Started process (PID=89) to work on /home/airflow/.local/lib/python3.7/site-packages/airflow/example_dags/example_task_group_decorator.py
[2022-06-15 07:14:59,661] {processor.py:641} INFO - Processing file /home/airflow/.local/lib/python3.7/site-packages/airflow/example_dags/example_task_group_decorator.py for tasks to queue
[2022-06-15 07:14:59,670] {logging_mixin.py:115} INFO - [2022-06-15 07:14:59,670] {dagbag.py:507} INFO - Filling up the DagBag from /home/airflow/.local/lib/python3.7/site-packages/airflow/example_dags/example_task_group_decorator.py
[2022-06-15 07:15:00,546] {processor.py:651} INFO - DAG(s) dict_keys(['example_task_group_decorator']) retrieved from /home/airflow/.local/lib/python3.7/site-packages/airflow/example_dags/example_task_group_decorator.py
[2022-06-15 07:15:01,433] {logging_mixin.py:115} INFO - [2022-06-15 07:15:01,433] {dag.py:2379} INFO - Sync 1 DAGs
[2022-06-15 07:15:05,801] {logging_mixin.py:115} INFO - [2022-06-15 07:15:05,801] {dag.py:2931} INFO - Setting next_dagrun for example_task_group_decorator to 2022-06-14T07:15:05.800277+00:00, run_after=2022-06-15T07:15:05.800277+00:00
[2022-06-15 07:15:05,887] {processor.py:161} INFO - Processing /home/airflow/.local/lib/python3.7/site-packages/airflow/example_dags/example_task_group_decorator.py took 6.267 seconds
[2022-06-15 07:15:36,352] {processor.py:153} INFO - Started process (PID=156) to work on /home/airflow/.local/lib/python3.7/site-packages/airflow/example_dags/example_task_group_decorator.py
[2022-06-15 07:15:36,354] {processor.py:641} INFO - Processing file /home/airflow/.local/lib/python3.7/site-packages/airflow/example_dags/example_task_group_decorator.py for tasks to queue
[2022-06-15 07:15:36,355] {logging_mixin.py:115} INFO - [2022-06-15 07:15:36,355] {dagbag.py:507} INFO - Filling up the DagBag from /home/airflow/.local/lib/python3.7/site-packages/airflow/example_dags/example_task_group_decorator.py
[2022-06-15 07:15:36,399] {processor.py:651} INFO - DAG(s) dict_keys(['example_task_group_decorator']) retrieved from /home/airflow/.local/lib/python3.7/site-packages/airflow/example_dags/example_task_group_decorator.py
[2022-06-15 07:15:36,490] {logging_mixin.py:115} INFO - [2022-06-15 07:15:36,490] {dag.py:2379} INFO - Sync 1 DAGs
[2022-06-15 07:15:36,784] {logging_mixin.py:115} INFO - [2022-06-15 07:15:36,784] {dag.py:2931} INFO - Setting next_dagrun for example_task_group_decorator to 2022-06-14T07:15:36.784372+00:00, run_after=2022-06-15T07:15:36.784372+00:00
[2022-06-15 07:15:36,803] {processor.py:161} INFO - Processing /home/airflow/.local/lib/python3.7/site-packages/airflow/example_dags/example_task_group_decorator.py took 0.459 seconds
[2022-06-15 07:16:07,233] {processor.py:153} INFO - Started process (PID=211) to work on /home/airflow/.local/lib/python3.7/site-packages/airflow/example_dags/example_task_group_decorator.py
[2022-06-15 07:16:07,237] {processor.py:641} INFO - Processing file /home/airflow/.local/lib/python3.7/site-packages/airflow/example_dags/example_task_group_decorator.py for tasks to queue
[2022-06-15 07:16:07,239] {logging_mixin.py:115} INFO - [2022-06-15 07:16:07,239] {dagbag.py:507} INFO - Filling up the DagBag from /home/airflow/.local/lib/python3.7/site-packages/airflow/example_dags/example_task_group_decorator.py
[2022-06-15 07:16:07,268] {processor.py:651} INFO - DAG(s) dict_keys(['example_task_group_decorator']) retrieved from /home/airflow/.local/lib/python3.7/site-packages/airflow/example_dags/example_task_group_decorator.py
[2022-06-15 07:16:07,316] {logging_mixin.py:115} INFO - [2022-06-15 07:16:07,316] {dag.py:2379} INFO - Sync 1 DAGs
[2022-06-15 07:16:07,638] {logging_mixin.py:115} INFO - [2022-06-15 07:16:07,638] {dag.py:2931} INFO - Setting next_dagrun for example_task_group_decorator to 2022-06-14T07:16:07.637809+00:00, run_after=2022-06-15T07:16:07.637809+00:00
[2022-06-15 07:16:07,654] {processor.py:161} INFO - Processing /home/airflow/.local/lib/python3.7/site-packages/airflow/example_dags/example_task_group_decorator.py took 0.427 seconds
[2022-06-15 07:16:38,059] {processor.py:153} INFO - Started process (PID=281) to work on /home/airflow/.local/lib/python3.7/site-packages/airflow/example_dags/example_task_group_decorator.py
[2022-06-15 07:16:38,061] {processor.py:641} INFO - Processing file /home/airflow/.local/lib/python3.7/site-packages/airflow/example_dags/example_task_group_decorator.py for tasks to queue
[2022-06-15 07:16:38,063] {logging_mixin.py:115} INFO - [2022-06-15 07:16:38,063] {dagbag.py:507} INFO - Filling up the DagBag from /home/airflow/.local/lib/python3.7/site-packages/airflow/example_dags/example_task_group_decorator.py
[2022-06-15 07:16:38,091] {processor.py:651} INFO - DAG(s) dict_keys(['example_task_group_decorator']) retrieved from /home/airflow/.local/lib/python3.7/site-packages/airflow/example_dags/example_task_group_decorator.py
[2022-06-15 07:16:38,119] {logging_mixin.py:115} INFO - [2022-06-15 07:16:38,119] {dag.py:2379} INFO - Sync 1 DAGs
[2022-06-15 07:16:38,137] {logging_mixin.py:115} INFO - [2022-06-15 07:16:38,137] {dag.py:2931} INFO - Setting next_dagrun for example_task_group_decorator to 2022-06-14T07:16:38.137654+00:00, run_after=2022-06-15T07:16:38.137654+00:00
[2022-06-15 07:16:38,149] {processor.py:161} INFO - Processing /home/airflow/.local/lib/python3.7/site-packages/airflow/example_dags/example_task_group_decorator.py took 0.095 seconds
[2022-06-15 07:23:24,720] {processor.py:153} INFO - Started process (PID=96) to work on /home/airflow/.local/lib/python3.7/site-packages/airflow/example_dags/example_task_group_decorator.py
[2022-06-15 07:23:24,721] {processor.py:641} INFO - Processing file /home/airflow/.local/lib/python3.7/site-packages/airflow/example_dags/example_task_group_decorator.py for tasks to queue
[2022-06-15 07:23:24,722] {logging_mixin.py:115} INFO - [2022-06-15 07:23:24,722] {dagbag.py:507} INFO - Filling up the DagBag from /home/airflow/.local/lib/python3.7/site-packages/airflow/example_dags/example_task_group_decorator.py
[2022-06-15 07:23:24,742] {processor.py:651} INFO - DAG(s) dict_keys(['example_task_group_decorator']) retrieved from /home/airflow/.local/lib/python3.7/site-packages/airflow/example_dags/example_task_group_decorator.py
[2022-06-15 07:23:24,876] {logging_mixin.py:115} INFO - [2022-06-15 07:23:24,876] {dag.py:2379} INFO - Sync 1 DAGs
[2022-06-15 07:23:24,887] {logging_mixin.py:115} INFO - [2022-06-15 07:23:24,887] {dag.py:2931} INFO - Setting next_dagrun for example_task_group_decorator to 2022-06-14T07:23:24.887484+00:00, run_after=2022-06-15T07:23:24.887484+00:00
[2022-06-15 07:23:24,899] {processor.py:161} INFO - Processing /home/airflow/.local/lib/python3.7/site-packages/airflow/example_dags/example_task_group_decorator.py took 0.181 seconds
[2022-06-15 07:23:55,466] {processor.py:153} INFO - Started process (PID=163) to work on /home/airflow/.local/lib/python3.7/site-packages/airflow/example_dags/example_task_group_decorator.py
[2022-06-15 07:23:55,468] {processor.py:641} INFO - Processing file /home/airflow/.local/lib/python3.7/site-packages/airflow/example_dags/example_task_group_decorator.py for tasks to queue
[2022-06-15 07:23:55,470] {logging_mixin.py:115} INFO - [2022-06-15 07:23:55,470] {dagbag.py:507} INFO - Filling up the DagBag from /home/airflow/.local/lib/python3.7/site-packages/airflow/example_dags/example_task_group_decorator.py
[2022-06-15 07:23:55,502] {processor.py:651} INFO - DAG(s) dict_keys(['example_task_group_decorator']) retrieved from /home/airflow/.local/lib/python3.7/site-packages/airflow/example_dags/example_task_group_decorator.py
[2022-06-15 07:23:55,753] {logging_mixin.py:115} INFO - [2022-06-15 07:23:55,753] {dag.py:2379} INFO - Sync 1 DAGs
[2022-06-15 07:23:55,776] {logging_mixin.py:115} INFO - [2022-06-15 07:23:55,776] {dag.py:2931} INFO - Setting next_dagrun for example_task_group_decorator to 2022-06-14T07:23:55.775739+00:00, run_after=2022-06-15T07:23:55.775739+00:00
[2022-06-15 07:23:55,797] {processor.py:161} INFO - Processing /home/airflow/.local/lib/python3.7/site-packages/airflow/example_dags/example_task_group_decorator.py took 0.335 seconds
[2022-06-15 07:24:27,002] {processor.py:153} INFO - Started process (PID=231) to work on /home/airflow/.local/lib/python3.7/site-packages/airflow/example_dags/example_task_group_decorator.py
[2022-06-15 07:24:27,004] {processor.py:641} INFO - Processing file /home/airflow/.local/lib/python3.7/site-packages/airflow/example_dags/example_task_group_decorator.py for tasks to queue
[2022-06-15 07:24:27,004] {logging_mixin.py:115} INFO - [2022-06-15 07:24:27,004] {dagbag.py:507} INFO - Filling up the DagBag from /home/airflow/.local/lib/python3.7/site-packages/airflow/example_dags/example_task_group_decorator.py
[2022-06-15 07:24:27,021] {processor.py:651} INFO - DAG(s) dict_keys(['example_task_group_decorator']) retrieved from /home/airflow/.local/lib/python3.7/site-packages/airflow/example_dags/example_task_group_decorator.py
[2022-06-15 07:24:27,183] {logging_mixin.py:115} INFO - [2022-06-15 07:24:27,183] {dag.py:2379} INFO - Sync 1 DAGs
[2022-06-15 07:24:27,197] {logging_mixin.py:115} INFO - [2022-06-15 07:24:27,197] {dag.py:2931} INFO - Setting next_dagrun for example_task_group_decorator to 2022-06-14T07:24:27.197285+00:00, run_after=2022-06-15T07:24:27.197285+00:00
[2022-06-15 07:24:27,208] {processor.py:161} INFO - Processing /home/airflow/.local/lib/python3.7/site-packages/airflow/example_dags/example_task_group_decorator.py took 0.209 seconds
[2022-06-15 07:24:58,305] {processor.py:153} INFO - Started process (PID=291) to work on /home/airflow/.local/lib/python3.7/site-packages/airflow/example_dags/example_task_group_decorator.py
[2022-06-15 07:24:58,306] {processor.py:641} INFO - Processing file /home/airflow/.local/lib/python3.7/site-packages/airflow/example_dags/example_task_group_decorator.py for tasks to queue
[2022-06-15 07:24:58,307] {logging_mixin.py:115} INFO - [2022-06-15 07:24:58,307] {dagbag.py:507} INFO - Filling up the DagBag from /home/airflow/.local/lib/python3.7/site-packages/airflow/example_dags/example_task_group_decorator.py
[2022-06-15 07:24:58,323] {processor.py:651} INFO - DAG(s) dict_keys(['example_task_group_decorator']) retrieved from /home/airflow/.local/lib/python3.7/site-packages/airflow/example_dags/example_task_group_decorator.py
[2022-06-15 07:24:58,453] {logging_mixin.py:115} INFO - [2022-06-15 07:24:58,453] {dag.py:2379} INFO - Sync 1 DAGs
[2022-06-15 07:24:58,477] {logging_mixin.py:115} INFO - [2022-06-15 07:24:58,477] {dag.py:2931} INFO - Setting next_dagrun for example_task_group_decorator to 2022-06-14T07:24:58.476924+00:00, run_after=2022-06-15T07:24:58.476924+00:00
[2022-06-15 07:24:58,494] {processor.py:161} INFO - Processing /home/airflow/.local/lib/python3.7/site-packages/airflow/example_dags/example_task_group_decorator.py took 0.191 seconds
[2022-06-15 07:25:28,543] {processor.py:153} INFO - Started process (PID=359) to work on /home/airflow/.local/lib/python3.7/site-packages/airflow/example_dags/example_task_group_decorator.py
[2022-06-15 07:25:28,544] {processor.py:641} INFO - Processing file /home/airflow/.local/lib/python3.7/site-packages/airflow/example_dags/example_task_group_decorator.py for tasks to queue
[2022-06-15 07:25:28,545] {logging_mixin.py:115} INFO - [2022-06-15 07:25:28,545] {dagbag.py:507} INFO - Filling up the DagBag from /home/airflow/.local/lib/python3.7/site-packages/airflow/example_dags/example_task_group_decorator.py
[2022-06-15 07:25:28,558] {processor.py:651} INFO - DAG(s) dict_keys(['example_task_group_decorator']) retrieved from /home/airflow/.local/lib/python3.7/site-packages/airflow/example_dags/example_task_group_decorator.py
[2022-06-15 07:25:28,650] {logging_mixin.py:115} INFO - [2022-06-15 07:25:28,650] {dag.py:2379} INFO - Sync 1 DAGs
[2022-06-15 07:25:28,660] {logging_mixin.py:115} INFO - [2022-06-15 07:25:28,660] {dag.py:2931} INFO - Setting next_dagrun for example_task_group_decorator to 2022-06-14T07:25:28.660030+00:00, run_after=2022-06-15T07:25:28.660030+00:00
[2022-06-15 07:25:28,666] {processor.py:161} INFO - Processing /home/airflow/.local/lib/python3.7/site-packages/airflow/example_dags/example_task_group_decorator.py took 0.126 seconds
[2022-06-15 07:25:59,370] {processor.py:153} INFO - Started process (PID=428) to work on /home/airflow/.local/lib/python3.7/site-packages/airflow/example_dags/example_task_group_decorator.py
[2022-06-15 07:25:59,372] {processor.py:641} INFO - Processing file /home/airflow/.local/lib/python3.7/site-packages/airflow/example_dags/example_task_group_decorator.py for tasks to queue
[2022-06-15 07:25:59,373] {logging_mixin.py:115} INFO - [2022-06-15 07:25:59,373] {dagbag.py:507} INFO - Filling up the DagBag from /home/airflow/.local/lib/python3.7/site-packages/airflow/example_dags/example_task_group_decorator.py
[2022-06-15 07:25:59,393] {processor.py:651} INFO - DAG(s) dict_keys(['example_task_group_decorator']) retrieved from /home/airflow/.local/lib/python3.7/site-packages/airflow/example_dags/example_task_group_decorator.py
[2022-06-15 07:25:59,545] {logging_mixin.py:115} INFO - [2022-06-15 07:25:59,545] {dag.py:2379} INFO - Sync 1 DAGs
[2022-06-15 07:25:59,558] {logging_mixin.py:115} INFO - [2022-06-15 07:25:59,558] {dag.py:2931} INFO - Setting next_dagrun for example_task_group_decorator to 2022-06-14T07:25:59.558212+00:00, run_after=2022-06-15T07:25:59.558212+00:00
[2022-06-15 07:25:59,567] {processor.py:161} INFO - Processing /home/airflow/.local/lib/python3.7/site-packages/airflow/example_dags/example_task_group_decorator.py took 0.201 seconds
[2022-06-15 07:26:29,894] {processor.py:153} INFO - Started process (PID=496) to work on /home/airflow/.local/lib/python3.7/site-packages/airflow/example_dags/example_task_group_decorator.py
[2022-06-15 07:26:29,896] {processor.py:641} INFO - Processing file /home/airflow/.local/lib/python3.7/site-packages/airflow/example_dags/example_task_group_decorator.py for tasks to queue
[2022-06-15 07:26:29,897] {logging_mixin.py:115} INFO - [2022-06-15 07:26:29,897] {dagbag.py:507} INFO - Filling up the DagBag from /home/airflow/.local/lib/python3.7/site-packages/airflow/example_dags/example_task_group_decorator.py
[2022-06-15 07:26:29,913] {processor.py:651} INFO - DAG(s) dict_keys(['example_task_group_decorator']) retrieved from /home/airflow/.local/lib/python3.7/site-packages/airflow/example_dags/example_task_group_decorator.py
[2022-06-15 07:26:30,039] {logging_mixin.py:115} INFO - [2022-06-15 07:26:30,039] {dag.py:2379} INFO - Sync 1 DAGs
[2022-06-15 07:26:30,050] {logging_mixin.py:115} INFO - [2022-06-15 07:26:30,050] {dag.py:2931} INFO - Setting next_dagrun for example_task_group_decorator to 2022-06-14T07:26:30.050315+00:00, run_after=2022-06-15T07:26:30.050315+00:00
[2022-06-15 07:26:30,058] {processor.py:161} INFO - Processing /home/airflow/.local/lib/python3.7/site-packages/airflow/example_dags/example_task_group_decorator.py took 0.166 seconds
[2022-06-15 07:27:01,160] {processor.py:153} INFO - Started process (PID=565) to work on /home/airflow/.local/lib/python3.7/site-packages/airflow/example_dags/example_task_group_decorator.py
[2022-06-15 07:27:01,162] {processor.py:641} INFO - Processing file /home/airflow/.local/lib/python3.7/site-packages/airflow/example_dags/example_task_group_decorator.py for tasks to queue
[2022-06-15 07:27:01,163] {logging_mixin.py:115} INFO - [2022-06-15 07:27:01,163] {dagbag.py:507} INFO - Filling up the DagBag from /home/airflow/.local/lib/python3.7/site-packages/airflow/example_dags/example_task_group_decorator.py
[2022-06-15 07:27:01,179] {processor.py:651} INFO - DAG(s) dict_keys(['example_task_group_decorator']) retrieved from /home/airflow/.local/lib/python3.7/site-packages/airflow/example_dags/example_task_group_decorator.py
[2022-06-15 07:27:01,320] {logging_mixin.py:115} INFO - [2022-06-15 07:27:01,319] {dag.py:2379} INFO - Sync 1 DAGs
[2022-06-15 07:27:01,332] {logging_mixin.py:115} INFO - [2022-06-15 07:27:01,332] {dag.py:2931} INFO - Setting next_dagrun for example_task_group_decorator to 2022-06-14T07:27:01.332183+00:00, run_after=2022-06-15T07:27:01.332183+00:00
[2022-06-15 07:27:01,341] {processor.py:161} INFO - Processing /home/airflow/.local/lib/python3.7/site-packages/airflow/example_dags/example_task_group_decorator.py took 0.183 seconds
[2022-06-15 07:27:31,899] {processor.py:153} INFO - Started process (PID=623) to work on /home/airflow/.local/lib/python3.7/site-packages/airflow/example_dags/example_task_group_decorator.py
[2022-06-15 07:27:31,902] {processor.py:641} INFO - Processing file /home/airflow/.local/lib/python3.7/site-packages/airflow/example_dags/example_task_group_decorator.py for tasks to queue
[2022-06-15 07:27:31,904] {logging_mixin.py:115} INFO - [2022-06-15 07:27:31,904] {dagbag.py:507} INFO - Filling up the DagBag from /home/airflow/.local/lib/python3.7/site-packages/airflow/example_dags/example_task_group_decorator.py
[2022-06-15 07:27:31,928] {processor.py:651} INFO - DAG(s) dict_keys(['example_task_group_decorator']) retrieved from /home/airflow/.local/lib/python3.7/site-packages/airflow/example_dags/example_task_group_decorator.py
[2022-06-15 07:27:32,168] {logging_mixin.py:115} INFO - [2022-06-15 07:27:32,168] {dag.py:2379} INFO - Sync 1 DAGs
[2022-06-15 07:27:32,182] {logging_mixin.py:115} INFO - [2022-06-15 07:27:32,182] {dag.py:2931} INFO - Setting next_dagrun for example_task_group_decorator to 2022-06-14T07:27:32.182242+00:00, run_after=2022-06-15T07:27:32.182242+00:00
[2022-06-15 07:27:32,192] {processor.py:161} INFO - Processing /home/airflow/.local/lib/python3.7/site-packages/airflow/example_dags/example_task_group_decorator.py took 0.299 seconds
[2022-06-15 07:28:02,777] {processor.py:153} INFO - Started process (PID=690) to work on /home/airflow/.local/lib/python3.7/site-packages/airflow/example_dags/example_task_group_decorator.py
[2022-06-15 07:28:02,778] {processor.py:641} INFO - Processing file /home/airflow/.local/lib/python3.7/site-packages/airflow/example_dags/example_task_group_decorator.py for tasks to queue
[2022-06-15 07:28:02,779] {logging_mixin.py:115} INFO - [2022-06-15 07:28:02,779] {dagbag.py:507} INFO - Filling up the DagBag from /home/airflow/.local/lib/python3.7/site-packages/airflow/example_dags/example_task_group_decorator.py
[2022-06-15 07:28:02,794] {processor.py:651} INFO - DAG(s) dict_keys(['example_task_group_decorator']) retrieved from /home/airflow/.local/lib/python3.7/site-packages/airflow/example_dags/example_task_group_decorator.py
[2022-06-15 07:28:02,923] {logging_mixin.py:115} INFO - [2022-06-15 07:28:02,923] {dag.py:2379} INFO - Sync 1 DAGs
[2022-06-15 07:28:02,936] {logging_mixin.py:115} INFO - [2022-06-15 07:28:02,936] {dag.py:2931} INFO - Setting next_dagrun for example_task_group_decorator to 2022-06-14T07:28:02.936296+00:00, run_after=2022-06-15T07:28:02.936296+00:00
[2022-06-15 07:28:02,944] {processor.py:161} INFO - Processing /home/airflow/.local/lib/python3.7/site-packages/airflow/example_dags/example_task_group_decorator.py took 0.170 seconds
[2022-06-15 07:28:34,170] {processor.py:153} INFO - Started process (PID=758) to work on /home/airflow/.local/lib/python3.7/site-packages/airflow/example_dags/example_task_group_decorator.py
[2022-06-15 07:28:34,172] {processor.py:641} INFO - Processing file /home/airflow/.local/lib/python3.7/site-packages/airflow/example_dags/example_task_group_decorator.py for tasks to queue
[2022-06-15 07:28:34,173] {logging_mixin.py:115} INFO - [2022-06-15 07:28:34,173] {dagbag.py:507} INFO - Filling up the DagBag from /home/airflow/.local/lib/python3.7/site-packages/airflow/example_dags/example_task_group_decorator.py
[2022-06-15 07:28:34,189] {processor.py:651} INFO - DAG(s) dict_keys(['example_task_group_decorator']) retrieved from /home/airflow/.local/lib/python3.7/site-packages/airflow/example_dags/example_task_group_decorator.py
[2022-06-15 07:28:34,370] {logging_mixin.py:115} INFO - [2022-06-15 07:28:34,370] {dag.py:2379} INFO - Sync 1 DAGs
[2022-06-15 07:28:34,387] {logging_mixin.py:115} INFO - [2022-06-15 07:28:34,387] {dag.py:2931} INFO - Setting next_dagrun for example_task_group_decorator to 2022-06-14T07:28:34.387396+00:00, run_after=2022-06-15T07:28:34.387396+00:00
[2022-06-15 07:28:34,401] {processor.py:161} INFO - Processing /home/airflow/.local/lib/python3.7/site-packages/airflow/example_dags/example_task_group_decorator.py took 0.233 seconds
[2022-06-15 07:29:04,707] {processor.py:153} INFO - Started process (PID=825) to work on /home/airflow/.local/lib/python3.7/site-packages/airflow/example_dags/example_task_group_decorator.py
[2022-06-15 07:29:04,709] {processor.py:641} INFO - Processing file /home/airflow/.local/lib/python3.7/site-packages/airflow/example_dags/example_task_group_decorator.py for tasks to queue
[2022-06-15 07:29:04,710] {logging_mixin.py:115} INFO - [2022-06-15 07:29:04,710] {dagbag.py:507} INFO - Filling up the DagBag from /home/airflow/.local/lib/python3.7/site-packages/airflow/example_dags/example_task_group_decorator.py
[2022-06-15 07:29:04,727] {processor.py:651} INFO - DAG(s) dict_keys(['example_task_group_decorator']) retrieved from /home/airflow/.local/lib/python3.7/site-packages/airflow/example_dags/example_task_group_decorator.py
[2022-06-15 07:29:04,860] {logging_mixin.py:115} INFO - [2022-06-15 07:29:04,860] {dag.py:2379} INFO - Sync 1 DAGs
[2022-06-15 07:29:04,873] {logging_mixin.py:115} INFO - [2022-06-15 07:29:04,873] {dag.py:2931} INFO - Setting next_dagrun for example_task_group_decorator to 2022-06-14T07:29:04.873023+00:00, run_after=2022-06-15T07:29:04.873023+00:00
[2022-06-15 07:29:04,882] {processor.py:161} INFO - Processing /home/airflow/.local/lib/python3.7/site-packages/airflow/example_dags/example_task_group_decorator.py took 0.178 seconds
[2022-06-15 07:29:35,447] {processor.py:153} INFO - Started process (PID=893) to work on /home/airflow/.local/lib/python3.7/site-packages/airflow/example_dags/example_task_group_decorator.py
[2022-06-15 07:29:35,449] {processor.py:641} INFO - Processing file /home/airflow/.local/lib/python3.7/site-packages/airflow/example_dags/example_task_group_decorator.py for tasks to queue
[2022-06-15 07:29:35,450] {logging_mixin.py:115} INFO - [2022-06-15 07:29:35,450] {dagbag.py:507} INFO - Filling up the DagBag from /home/airflow/.local/lib/python3.7/site-packages/airflow/example_dags/example_task_group_decorator.py
[2022-06-15 07:29:35,472] {processor.py:651} INFO - DAG(s) dict_keys(['example_task_group_decorator']) retrieved from /home/airflow/.local/lib/python3.7/site-packages/airflow/example_dags/example_task_group_decorator.py
[2022-06-15 07:29:35,634] {logging_mixin.py:115} INFO - [2022-06-15 07:29:35,633] {dag.py:2379} INFO - Sync 1 DAGs
[2022-06-15 07:29:35,649] {logging_mixin.py:115} INFO - [2022-06-15 07:29:35,649] {dag.py:2931} INFO - Setting next_dagrun for example_task_group_decorator to 2022-06-14T07:29:35.649243+00:00, run_after=2022-06-15T07:29:35.649243+00:00
[2022-06-15 07:29:35,660] {processor.py:161} INFO - Processing /home/airflow/.local/lib/python3.7/site-packages/airflow/example_dags/example_task_group_decorator.py took 0.216 seconds
