[2022-06-15 07:09:13,005] {processor.py:153} INFO - Started process (PID=74) to work on /home/airflow/.local/lib/python3.7/site-packages/airflow/example_dags/example_complex.py
[2022-06-15 07:09:13,008] {processor.py:641} INFO - Processing file /home/airflow/.local/lib/python3.7/site-packages/airflow/example_dags/example_complex.py for tasks to queue
[2022-06-15 07:09:13,009] {logging_mixin.py:115} INFO - [2022-06-15 07:09:13,009] {dagbag.py:507} INFO - Filling up the DagBag from /home/airflow/.local/lib/python3.7/site-packages/airflow/example_dags/example_complex.py
[2022-06-15 07:09:13,022] {processor.py:651} INFO - DAG(s) dict_keys(['example_complex']) retrieved from /home/airflow/.local/lib/python3.7/site-packages/airflow/example_dags/example_complex.py
[2022-06-15 07:09:13,202] {logging_mixin.py:115} INFO - [2022-06-15 07:09:13,202] {manager.py:508} INFO - Created Permission View: can delete on DAG:example_complex
[2022-06-15 07:09:13,215] {logging_mixin.py:115} INFO - [2022-06-15 07:09:13,215] {manager.py:508} INFO - Created Permission View: can read on DAG:example_complex
[2022-06-15 07:09:13,220] {logging_mixin.py:115} INFO - [2022-06-15 07:09:13,220] {manager.py:508} INFO - Created Permission View: can edit on DAG:example_complex
[2022-06-15 07:09:13,222] {logging_mixin.py:115} INFO - [2022-06-15 07:09:13,222] {dag.py:2379} INFO - Sync 1 DAGs
[2022-06-15 07:09:13,228] {logging_mixin.py:115} INFO - [2022-06-15 07:09:13,228] {dag.py:2398} INFO - Creating ORM DAG for example_complex
[2022-06-15 07:09:13,236] {logging_mixin.py:115} INFO - [2022-06-15 07:09:13,236] {dag.py:2931} INFO - Setting next_dagrun for example_complex to None, run_after=None
[2022-06-15 07:09:13,248] {processor.py:161} INFO - Processing /home/airflow/.local/lib/python3.7/site-packages/airflow/example_dags/example_complex.py took 0.245 seconds
[2022-06-15 07:09:43,693] {processor.py:153} INFO - Started process (PID=143) to work on /home/airflow/.local/lib/python3.7/site-packages/airflow/example_dags/example_complex.py
[2022-06-15 07:09:43,700] {processor.py:641} INFO - Processing file /home/airflow/.local/lib/python3.7/site-packages/airflow/example_dags/example_complex.py for tasks to queue
[2022-06-15 07:09:43,702] {logging_mixin.py:115} INFO - [2022-06-15 07:09:43,702] {dagbag.py:507} INFO - Filling up the DagBag from /home/airflow/.local/lib/python3.7/site-packages/airflow/example_dags/example_complex.py
[2022-06-15 07:09:43,723] {processor.py:651} INFO - DAG(s) dict_keys(['example_complex']) retrieved from /home/airflow/.local/lib/python3.7/site-packages/airflow/example_dags/example_complex.py
[2022-06-15 07:09:43,763] {logging_mixin.py:115} INFO - [2022-06-15 07:09:43,763] {dag.py:2379} INFO - Sync 1 DAGs
[2022-06-15 07:09:43,904] {logging_mixin.py:115} INFO - [2022-06-15 07:09:43,904] {dag.py:2931} INFO - Setting next_dagrun for example_complex to None, run_after=None
[2022-06-15 07:09:43,913] {processor.py:161} INFO - Processing /home/airflow/.local/lib/python3.7/site-packages/airflow/example_dags/example_complex.py took 0.222 seconds
[2022-06-15 07:10:14,289] {processor.py:153} INFO - Started process (PID=213) to work on /home/airflow/.local/lib/python3.7/site-packages/airflow/example_dags/example_complex.py
[2022-06-15 07:10:14,291] {processor.py:641} INFO - Processing file /home/airflow/.local/lib/python3.7/site-packages/airflow/example_dags/example_complex.py for tasks to queue
[2022-06-15 07:10:14,292] {logging_mixin.py:115} INFO - [2022-06-15 07:10:14,292] {dagbag.py:507} INFO - Filling up the DagBag from /home/airflow/.local/lib/python3.7/site-packages/airflow/example_dags/example_complex.py
[2022-06-15 07:10:14,301] {processor.py:651} INFO - DAG(s) dict_keys(['example_complex']) retrieved from /home/airflow/.local/lib/python3.7/site-packages/airflow/example_dags/example_complex.py
[2022-06-15 07:10:14,327] {logging_mixin.py:115} INFO - [2022-06-15 07:10:14,327] {dag.py:2379} INFO - Sync 1 DAGs
[2022-06-15 07:10:14,427] {logging_mixin.py:115} INFO - [2022-06-15 07:10:14,427] {dag.py:2931} INFO - Setting next_dagrun for example_complex to None, run_after=None
[2022-06-15 07:10:14,435] {processor.py:161} INFO - Processing /home/airflow/.local/lib/python3.7/site-packages/airflow/example_dags/example_complex.py took 0.148 seconds
[2022-06-15 07:10:44,993] {processor.py:153} INFO - Started process (PID=281) to work on /home/airflow/.local/lib/python3.7/site-packages/airflow/example_dags/example_complex.py
[2022-06-15 07:10:44,994] {processor.py:641} INFO - Processing file /home/airflow/.local/lib/python3.7/site-packages/airflow/example_dags/example_complex.py for tasks to queue
[2022-06-15 07:10:44,995] {logging_mixin.py:115} INFO - [2022-06-15 07:10:44,995] {dagbag.py:507} INFO - Filling up the DagBag from /home/airflow/.local/lib/python3.7/site-packages/airflow/example_dags/example_complex.py
[2022-06-15 07:10:45,010] {processor.py:651} INFO - DAG(s) dict_keys(['example_complex']) retrieved from /home/airflow/.local/lib/python3.7/site-packages/airflow/example_dags/example_complex.py
[2022-06-15 07:10:45,046] {logging_mixin.py:115} INFO - [2022-06-15 07:10:45,046] {dag.py:2379} INFO - Sync 1 DAGs
[2022-06-15 07:10:45,174] {logging_mixin.py:115} INFO - [2022-06-15 07:10:45,174] {dag.py:2931} INFO - Setting next_dagrun for example_complex to None, run_after=None
[2022-06-15 07:10:45,183] {processor.py:161} INFO - Processing /home/airflow/.local/lib/python3.7/site-packages/airflow/example_dags/example_complex.py took 0.192 seconds
[2022-06-15 07:14:30,585] {processor.py:153} INFO - Started process (PID=69) to work on /home/airflow/.local/lib/python3.7/site-packages/airflow/example_dags/example_complex.py
[2022-06-15 07:14:30,593] {processor.py:641} INFO - Processing file /home/airflow/.local/lib/python3.7/site-packages/airflow/example_dags/example_complex.py for tasks to queue
[2022-06-15 07:14:30,597] {logging_mixin.py:115} INFO - [2022-06-15 07:14:30,597] {dagbag.py:507} INFO - Filling up the DagBag from /home/airflow/.local/lib/python3.7/site-packages/airflow/example_dags/example_complex.py
[2022-06-15 07:14:30,783] {processor.py:651} INFO - DAG(s) dict_keys(['example_complex']) retrieved from /home/airflow/.local/lib/python3.7/site-packages/airflow/example_dags/example_complex.py
[2022-06-15 07:14:31,174] {logging_mixin.py:115} INFO - [2022-06-15 07:14:31,174] {dag.py:2379} INFO - Sync 1 DAGs
[2022-06-15 07:14:31,470] {logging_mixin.py:115} INFO - [2022-06-15 07:14:31,469] {dag.py:2931} INFO - Setting next_dagrun for example_complex to None, run_after=None
[2022-06-15 07:14:31,796] {processor.py:161} INFO - Processing /home/airflow/.local/lib/python3.7/site-packages/airflow/example_dags/example_complex.py took 1.166 seconds
[2022-06-15 07:15:15,148] {processor.py:153} INFO - Started process (PID=124) to work on /home/airflow/.local/lib/python3.7/site-packages/airflow/example_dags/example_complex.py
[2022-06-15 07:15:15,149] {processor.py:641} INFO - Processing file /home/airflow/.local/lib/python3.7/site-packages/airflow/example_dags/example_complex.py for tasks to queue
[2022-06-15 07:15:15,153] {logging_mixin.py:115} INFO - [2022-06-15 07:15:15,153] {dagbag.py:507} INFO - Filling up the DagBag from /home/airflow/.local/lib/python3.7/site-packages/airflow/example_dags/example_complex.py
[2022-06-15 07:15:15,203] {processor.py:651} INFO - DAG(s) dict_keys(['example_complex']) retrieved from /home/airflow/.local/lib/python3.7/site-packages/airflow/example_dags/example_complex.py
[2022-06-15 07:15:15,281] {logging_mixin.py:115} INFO - [2022-06-15 07:15:15,281] {dag.py:2379} INFO - Sync 1 DAGs
[2022-06-15 07:15:15,305] {logging_mixin.py:115} INFO - [2022-06-15 07:15:15,305] {dag.py:2931} INFO - Setting next_dagrun for example_complex to None, run_after=None
[2022-06-15 07:15:15,318] {processor.py:161} INFO - Processing /home/airflow/.local/lib/python3.7/site-packages/airflow/example_dags/example_complex.py took 0.173 seconds
[2022-06-15 07:15:46,509] {processor.py:153} INFO - Started process (PID=189) to work on /home/airflow/.local/lib/python3.7/site-packages/airflow/example_dags/example_complex.py
[2022-06-15 07:15:46,511] {processor.py:641} INFO - Processing file /home/airflow/.local/lib/python3.7/site-packages/airflow/example_dags/example_complex.py for tasks to queue
[2022-06-15 07:15:46,513] {logging_mixin.py:115} INFO - [2022-06-15 07:15:46,513] {dagbag.py:507} INFO - Filling up the DagBag from /home/airflow/.local/lib/python3.7/site-packages/airflow/example_dags/example_complex.py
[2022-06-15 07:15:46,527] {processor.py:651} INFO - DAG(s) dict_keys(['example_complex']) retrieved from /home/airflow/.local/lib/python3.7/site-packages/airflow/example_dags/example_complex.py
[2022-06-15 07:15:46,548] {logging_mixin.py:115} INFO - [2022-06-15 07:15:46,548] {dag.py:2379} INFO - Sync 1 DAGs
[2022-06-15 07:15:46,566] {logging_mixin.py:115} INFO - [2022-06-15 07:15:46,565] {dag.py:2931} INFO - Setting next_dagrun for example_complex to None, run_after=None
[2022-06-15 07:15:46,575] {processor.py:161} INFO - Processing /home/airflow/.local/lib/python3.7/site-packages/airflow/example_dags/example_complex.py took 0.068 seconds
[2022-06-15 07:16:17,141] {processor.py:153} INFO - Started process (PID=248) to work on /home/airflow/.local/lib/python3.7/site-packages/airflow/example_dags/example_complex.py
[2022-06-15 07:16:17,142] {processor.py:641} INFO - Processing file /home/airflow/.local/lib/python3.7/site-packages/airflow/example_dags/example_complex.py for tasks to queue
[2022-06-15 07:16:17,143] {logging_mixin.py:115} INFO - [2022-06-15 07:16:17,143] {dagbag.py:507} INFO - Filling up the DagBag from /home/airflow/.local/lib/python3.7/site-packages/airflow/example_dags/example_complex.py
[2022-06-15 07:16:17,156] {processor.py:651} INFO - DAG(s) dict_keys(['example_complex']) retrieved from /home/airflow/.local/lib/python3.7/site-packages/airflow/example_dags/example_complex.py
[2022-06-15 07:16:17,185] {logging_mixin.py:115} INFO - [2022-06-15 07:16:17,185] {dag.py:2379} INFO - Sync 1 DAGs
[2022-06-15 07:16:17,203] {logging_mixin.py:115} INFO - [2022-06-15 07:16:17,203] {dag.py:2931} INFO - Setting next_dagrun for example_complex to None, run_after=None
[2022-06-15 07:16:17,217] {processor.py:161} INFO - Processing /home/airflow/.local/lib/python3.7/site-packages/airflow/example_dags/example_complex.py took 0.078 seconds
[2022-06-15 07:16:47,779] {processor.py:153} INFO - Started process (PID=316) to work on /home/airflow/.local/lib/python3.7/site-packages/airflow/example_dags/example_complex.py
[2022-06-15 07:16:47,780] {processor.py:641} INFO - Processing file /home/airflow/.local/lib/python3.7/site-packages/airflow/example_dags/example_complex.py for tasks to queue
[2022-06-15 07:16:47,782] {logging_mixin.py:115} INFO - [2022-06-15 07:16:47,781] {dagbag.py:507} INFO - Filling up the DagBag from /home/airflow/.local/lib/python3.7/site-packages/airflow/example_dags/example_complex.py
[2022-06-15 07:16:47,791] {processor.py:651} INFO - DAG(s) dict_keys(['example_complex']) retrieved from /home/airflow/.local/lib/python3.7/site-packages/airflow/example_dags/example_complex.py
[2022-06-15 07:16:47,809] {logging_mixin.py:115} INFO - [2022-06-15 07:16:47,809] {dag.py:2379} INFO - Sync 1 DAGs
[2022-06-15 07:16:47,820] {logging_mixin.py:115} INFO - [2022-06-15 07:16:47,820] {dag.py:2931} INFO - Setting next_dagrun for example_complex to None, run_after=None
[2022-06-15 07:16:47,826] {processor.py:161} INFO - Processing /home/airflow/.local/lib/python3.7/site-packages/airflow/example_dags/example_complex.py took 0.049 seconds
[2022-06-15 07:23:21,766] {processor.py:153} INFO - Started process (PID=85) to work on /home/airflow/.local/lib/python3.7/site-packages/airflow/example_dags/example_complex.py
[2022-06-15 07:23:21,770] {processor.py:641} INFO - Processing file /home/airflow/.local/lib/python3.7/site-packages/airflow/example_dags/example_complex.py for tasks to queue
[2022-06-15 07:23:21,775] {logging_mixin.py:115} INFO - [2022-06-15 07:23:21,775] {dagbag.py:507} INFO - Filling up the DagBag from /home/airflow/.local/lib/python3.7/site-packages/airflow/example_dags/example_complex.py
[2022-06-15 07:23:21,838] {processor.py:651} INFO - DAG(s) dict_keys(['example_complex']) retrieved from /home/airflow/.local/lib/python3.7/site-packages/airflow/example_dags/example_complex.py
[2022-06-15 07:23:21,924] {logging_mixin.py:115} INFO - [2022-06-15 07:23:21,924] {dag.py:2379} INFO - Sync 1 DAGs
[2022-06-15 07:23:22,535] {logging_mixin.py:115} INFO - [2022-06-15 07:23:22,534] {dag.py:2931} INFO - Setting next_dagrun for example_complex to None, run_after=None
[2022-06-15 07:23:22,586] {processor.py:161} INFO - Processing /home/airflow/.local/lib/python3.7/site-packages/airflow/example_dags/example_complex.py took 0.833 seconds
[2022-06-15 07:23:53,566] {processor.py:153} INFO - Started process (PID=151) to work on /home/airflow/.local/lib/python3.7/site-packages/airflow/example_dags/example_complex.py
[2022-06-15 07:23:53,568] {processor.py:641} INFO - Processing file /home/airflow/.local/lib/python3.7/site-packages/airflow/example_dags/example_complex.py for tasks to queue
[2022-06-15 07:23:53,569] {logging_mixin.py:115} INFO - [2022-06-15 07:23:53,569] {dagbag.py:507} INFO - Filling up the DagBag from /home/airflow/.local/lib/python3.7/site-packages/airflow/example_dags/example_complex.py
[2022-06-15 07:23:53,587] {processor.py:651} INFO - DAG(s) dict_keys(['example_complex']) retrieved from /home/airflow/.local/lib/python3.7/site-packages/airflow/example_dags/example_complex.py
[2022-06-15 07:23:53,634] {logging_mixin.py:115} INFO - [2022-06-15 07:23:53,634] {dag.py:2379} INFO - Sync 1 DAGs
[2022-06-15 07:23:53,995] {logging_mixin.py:115} INFO - [2022-06-15 07:23:53,995] {dag.py:2931} INFO - Setting next_dagrun for example_complex to None, run_after=None
[2022-06-15 07:23:54,027] {processor.py:161} INFO - Processing /home/airflow/.local/lib/python3.7/site-packages/airflow/example_dags/example_complex.py took 0.466 seconds
[2022-06-15 07:24:25,092] {processor.py:153} INFO - Started process (PID=210) to work on /home/airflow/.local/lib/python3.7/site-packages/airflow/example_dags/example_complex.py
[2022-06-15 07:24:25,096] {processor.py:641} INFO - Processing file /home/airflow/.local/lib/python3.7/site-packages/airflow/example_dags/example_complex.py for tasks to queue
[2022-06-15 07:24:25,098] {logging_mixin.py:115} INFO - [2022-06-15 07:24:25,098] {dagbag.py:507} INFO - Filling up the DagBag from /home/airflow/.local/lib/python3.7/site-packages/airflow/example_dags/example_complex.py
[2022-06-15 07:24:25,120] {processor.py:651} INFO - DAG(s) dict_keys(['example_complex']) retrieved from /home/airflow/.local/lib/python3.7/site-packages/airflow/example_dags/example_complex.py
[2022-06-15 07:24:25,163] {logging_mixin.py:115} INFO - [2022-06-15 07:24:25,163] {dag.py:2379} INFO - Sync 1 DAGs
[2022-06-15 07:24:25,347] {logging_mixin.py:115} INFO - [2022-06-15 07:24:25,347] {dag.py:2931} INFO - Setting next_dagrun for example_complex to None, run_after=None
[2022-06-15 07:24:25,362] {processor.py:161} INFO - Processing /home/airflow/.local/lib/python3.7/site-packages/airflow/example_dags/example_complex.py took 0.277 seconds
[2022-06-15 07:24:55,765] {processor.py:153} INFO - Started process (PID=277) to work on /home/airflow/.local/lib/python3.7/site-packages/airflow/example_dags/example_complex.py
[2022-06-15 07:24:55,768] {processor.py:641} INFO - Processing file /home/airflow/.local/lib/python3.7/site-packages/airflow/example_dags/example_complex.py for tasks to queue
[2022-06-15 07:24:55,774] {logging_mixin.py:115} INFO - [2022-06-15 07:24:55,774] {dagbag.py:507} INFO - Filling up the DagBag from /home/airflow/.local/lib/python3.7/site-packages/airflow/example_dags/example_complex.py
[2022-06-15 07:24:55,796] {processor.py:651} INFO - DAG(s) dict_keys(['example_complex']) retrieved from /home/airflow/.local/lib/python3.7/site-packages/airflow/example_dags/example_complex.py
[2022-06-15 07:24:55,844] {logging_mixin.py:115} INFO - [2022-06-15 07:24:55,843] {dag.py:2379} INFO - Sync 1 DAGs
[2022-06-15 07:24:56,091] {logging_mixin.py:115} INFO - [2022-06-15 07:24:56,091] {dag.py:2931} INFO - Setting next_dagrun for example_complex to None, run_after=None
[2022-06-15 07:24:56,099] {processor.py:161} INFO - Processing /home/airflow/.local/lib/python3.7/site-packages/airflow/example_dags/example_complex.py took 0.343 seconds
[2022-06-15 07:25:27,155] {processor.py:153} INFO - Started process (PID=346) to work on /home/airflow/.local/lib/python3.7/site-packages/airflow/example_dags/example_complex.py
[2022-06-15 07:25:27,157] {processor.py:641} INFO - Processing file /home/airflow/.local/lib/python3.7/site-packages/airflow/example_dags/example_complex.py for tasks to queue
[2022-06-15 07:25:27,158] {logging_mixin.py:115} INFO - [2022-06-15 07:25:27,158] {dagbag.py:507} INFO - Filling up the DagBag from /home/airflow/.local/lib/python3.7/site-packages/airflow/example_dags/example_complex.py
[2022-06-15 07:25:27,174] {processor.py:651} INFO - DAG(s) dict_keys(['example_complex']) retrieved from /home/airflow/.local/lib/python3.7/site-packages/airflow/example_dags/example_complex.py
[2022-06-15 07:25:27,205] {logging_mixin.py:115} INFO - [2022-06-15 07:25:27,205] {dag.py:2379} INFO - Sync 1 DAGs
[2022-06-15 07:25:27,383] {logging_mixin.py:115} INFO - [2022-06-15 07:25:27,383] {dag.py:2931} INFO - Setting next_dagrun for example_complex to None, run_after=None
[2022-06-15 07:25:27,391] {processor.py:161} INFO - Processing /home/airflow/.local/lib/python3.7/site-packages/airflow/example_dags/example_complex.py took 0.239 seconds
[2022-06-15 07:25:57,833] {processor.py:153} INFO - Started process (PID=415) to work on /home/airflow/.local/lib/python3.7/site-packages/airflow/example_dags/example_complex.py
[2022-06-15 07:25:57,834] {processor.py:641} INFO - Processing file /home/airflow/.local/lib/python3.7/site-packages/airflow/example_dags/example_complex.py for tasks to queue
[2022-06-15 07:25:57,836] {logging_mixin.py:115} INFO - [2022-06-15 07:25:57,836] {dagbag.py:507} INFO - Filling up the DagBag from /home/airflow/.local/lib/python3.7/site-packages/airflow/example_dags/example_complex.py
[2022-06-15 07:25:57,849] {processor.py:651} INFO - DAG(s) dict_keys(['example_complex']) retrieved from /home/airflow/.local/lib/python3.7/site-packages/airflow/example_dags/example_complex.py
[2022-06-15 07:25:57,886] {logging_mixin.py:115} INFO - [2022-06-15 07:25:57,886] {dag.py:2379} INFO - Sync 1 DAGs
[2022-06-15 07:25:58,166] {logging_mixin.py:115} INFO - [2022-06-15 07:25:58,166] {dag.py:2931} INFO - Setting next_dagrun for example_complex to None, run_after=None
[2022-06-15 07:25:58,186] {processor.py:161} INFO - Processing /home/airflow/.local/lib/python3.7/site-packages/airflow/example_dags/example_complex.py took 0.357 seconds
[2022-06-15 07:26:28,510] {processor.py:153} INFO - Started process (PID=483) to work on /home/airflow/.local/lib/python3.7/site-packages/airflow/example_dags/example_complex.py
[2022-06-15 07:26:28,512] {processor.py:641} INFO - Processing file /home/airflow/.local/lib/python3.7/site-packages/airflow/example_dags/example_complex.py for tasks to queue
[2022-06-15 07:26:28,513] {logging_mixin.py:115} INFO - [2022-06-15 07:26:28,512] {dagbag.py:507} INFO - Filling up the DagBag from /home/airflow/.local/lib/python3.7/site-packages/airflow/example_dags/example_complex.py
[2022-06-15 07:26:28,523] {processor.py:651} INFO - DAG(s) dict_keys(['example_complex']) retrieved from /home/airflow/.local/lib/python3.7/site-packages/airflow/example_dags/example_complex.py
[2022-06-15 07:26:28,555] {logging_mixin.py:115} INFO - [2022-06-15 07:26:28,555] {dag.py:2379} INFO - Sync 1 DAGs
[2022-06-15 07:26:28,808] {logging_mixin.py:115} INFO - [2022-06-15 07:26:28,808] {dag.py:2931} INFO - Setting next_dagrun for example_complex to None, run_after=None
[2022-06-15 07:26:28,826] {processor.py:161} INFO - Processing /home/airflow/.local/lib/python3.7/site-packages/airflow/example_dags/example_complex.py took 0.318 seconds
[2022-06-15 07:26:59,290] {processor.py:153} INFO - Started process (PID=542) to work on /home/airflow/.local/lib/python3.7/site-packages/airflow/example_dags/example_complex.py
[2022-06-15 07:26:59,292] {processor.py:641} INFO - Processing file /home/airflow/.local/lib/python3.7/site-packages/airflow/example_dags/example_complex.py for tasks to queue
[2022-06-15 07:26:59,293] {logging_mixin.py:115} INFO - [2022-06-15 07:26:59,293] {dagbag.py:507} INFO - Filling up the DagBag from /home/airflow/.local/lib/python3.7/site-packages/airflow/example_dags/example_complex.py
[2022-06-15 07:26:59,308] {processor.py:651} INFO - DAG(s) dict_keys(['example_complex']) retrieved from /home/airflow/.local/lib/python3.7/site-packages/airflow/example_dags/example_complex.py
[2022-06-15 07:26:59,372] {logging_mixin.py:115} INFO - [2022-06-15 07:26:59,372] {dag.py:2379} INFO - Sync 1 DAGs
[2022-06-15 07:26:59,758] {logging_mixin.py:115} INFO - [2022-06-15 07:26:59,758] {dag.py:2931} INFO - Setting next_dagrun for example_complex to None, run_after=None
[2022-06-15 07:26:59,777] {processor.py:161} INFO - Processing /home/airflow/.local/lib/python3.7/site-packages/airflow/example_dags/example_complex.py took 0.486 seconds
[2022-06-15 07:27:30,159] {processor.py:153} INFO - Started process (PID=610) to work on /home/airflow/.local/lib/python3.7/site-packages/airflow/example_dags/example_complex.py
[2022-06-15 07:27:30,161] {processor.py:641} INFO - Processing file /home/airflow/.local/lib/python3.7/site-packages/airflow/example_dags/example_complex.py for tasks to queue
[2022-06-15 07:27:30,162] {logging_mixin.py:115} INFO - [2022-06-15 07:27:30,162] {dagbag.py:507} INFO - Filling up the DagBag from /home/airflow/.local/lib/python3.7/site-packages/airflow/example_dags/example_complex.py
[2022-06-15 07:27:30,172] {processor.py:651} INFO - DAG(s) dict_keys(['example_complex']) retrieved from /home/airflow/.local/lib/python3.7/site-packages/airflow/example_dags/example_complex.py
[2022-06-15 07:27:30,207] {logging_mixin.py:115} INFO - [2022-06-15 07:27:30,207] {dag.py:2379} INFO - Sync 1 DAGs
[2022-06-15 07:27:30,474] {logging_mixin.py:115} INFO - [2022-06-15 07:27:30,474] {dag.py:2931} INFO - Setting next_dagrun for example_complex to None, run_after=None
[2022-06-15 07:27:30,483] {processor.py:161} INFO - Processing /home/airflow/.local/lib/python3.7/site-packages/airflow/example_dags/example_complex.py took 0.326 seconds
[2022-06-15 07:28:01,003] {processor.py:153} INFO - Started process (PID=677) to work on /home/airflow/.local/lib/python3.7/site-packages/airflow/example_dags/example_complex.py
[2022-06-15 07:28:01,005] {processor.py:641} INFO - Processing file /home/airflow/.local/lib/python3.7/site-packages/airflow/example_dags/example_complex.py for tasks to queue
[2022-06-15 07:28:01,006] {logging_mixin.py:115} INFO - [2022-06-15 07:28:01,006] {dagbag.py:507} INFO - Filling up the DagBag from /home/airflow/.local/lib/python3.7/site-packages/airflow/example_dags/example_complex.py
[2022-06-15 07:28:01,016] {processor.py:651} INFO - DAG(s) dict_keys(['example_complex']) retrieved from /home/airflow/.local/lib/python3.7/site-packages/airflow/example_dags/example_complex.py
[2022-06-15 07:28:01,052] {logging_mixin.py:115} INFO - [2022-06-15 07:28:01,052] {dag.py:2379} INFO - Sync 1 DAGs
[2022-06-15 07:28:01,307] {logging_mixin.py:115} INFO - [2022-06-15 07:28:01,307] {dag.py:2931} INFO - Setting next_dagrun for example_complex to None, run_after=None
[2022-06-15 07:28:01,321] {processor.py:161} INFO - Processing /home/airflow/.local/lib/python3.7/site-packages/airflow/example_dags/example_complex.py took 0.320 seconds
[2022-06-15 07:28:31,916] {processor.py:153} INFO - Started process (PID=745) to work on /home/airflow/.local/lib/python3.7/site-packages/airflow/example_dags/example_complex.py
[2022-06-15 07:28:31,918] {processor.py:641} INFO - Processing file /home/airflow/.local/lib/python3.7/site-packages/airflow/example_dags/example_complex.py for tasks to queue
[2022-06-15 07:28:31,919] {logging_mixin.py:115} INFO - [2022-06-15 07:28:31,919] {dagbag.py:507} INFO - Filling up the DagBag from /home/airflow/.local/lib/python3.7/site-packages/airflow/example_dags/example_complex.py
[2022-06-15 07:28:31,937] {processor.py:651} INFO - DAG(s) dict_keys(['example_complex']) retrieved from /home/airflow/.local/lib/python3.7/site-packages/airflow/example_dags/example_complex.py
[2022-06-15 07:28:31,989] {logging_mixin.py:115} INFO - [2022-06-15 07:28:31,989] {dag.py:2379} INFO - Sync 1 DAGs
[2022-06-15 07:28:32,298] {logging_mixin.py:115} INFO - [2022-06-15 07:28:32,298] {dag.py:2931} INFO - Setting next_dagrun for example_complex to None, run_after=None
[2022-06-15 07:28:32,308] {processor.py:161} INFO - Processing /home/airflow/.local/lib/python3.7/site-packages/airflow/example_dags/example_complex.py took 0.401 seconds
[2022-06-15 07:29:03,465] {processor.py:153} INFO - Started process (PID=814) to work on /home/airflow/.local/lib/python3.7/site-packages/airflow/example_dags/example_complex.py
[2022-06-15 07:29:03,470] {processor.py:641} INFO - Processing file /home/airflow/.local/lib/python3.7/site-packages/airflow/example_dags/example_complex.py for tasks to queue
[2022-06-15 07:29:03,471] {logging_mixin.py:115} INFO - [2022-06-15 07:29:03,471] {dagbag.py:507} INFO - Filling up the DagBag from /home/airflow/.local/lib/python3.7/site-packages/airflow/example_dags/example_complex.py
[2022-06-15 07:29:03,486] {processor.py:651} INFO - DAG(s) dict_keys(['example_complex']) retrieved from /home/airflow/.local/lib/python3.7/site-packages/airflow/example_dags/example_complex.py
[2022-06-15 07:29:03,526] {logging_mixin.py:115} INFO - [2022-06-15 07:29:03,526] {dag.py:2379} INFO - Sync 1 DAGs
[2022-06-15 07:29:03,655] {logging_mixin.py:115} INFO - [2022-06-15 07:29:03,655] {dag.py:2931} INFO - Setting next_dagrun for example_complex to None, run_after=None
[2022-06-15 07:29:03,662] {processor.py:161} INFO - Processing /home/airflow/.local/lib/python3.7/site-packages/airflow/example_dags/example_complex.py took 0.203 seconds
[2022-06-15 07:29:34,307] {processor.py:153} INFO - Started process (PID=882) to work on /home/airflow/.local/lib/python3.7/site-packages/airflow/example_dags/example_complex.py
[2022-06-15 07:29:34,309] {processor.py:641} INFO - Processing file /home/airflow/.local/lib/python3.7/site-packages/airflow/example_dags/example_complex.py for tasks to queue
[2022-06-15 07:29:34,311] {logging_mixin.py:115} INFO - [2022-06-15 07:29:34,311] {dagbag.py:507} INFO - Filling up the DagBag from /home/airflow/.local/lib/python3.7/site-packages/airflow/example_dags/example_complex.py
[2022-06-15 07:29:34,323] {processor.py:651} INFO - DAG(s) dict_keys(['example_complex']) retrieved from /home/airflow/.local/lib/python3.7/site-packages/airflow/example_dags/example_complex.py
[2022-06-15 07:29:34,350] {logging_mixin.py:115} INFO - [2022-06-15 07:29:34,350] {dag.py:2379} INFO - Sync 1 DAGs
[2022-06-15 07:29:34,479] {logging_mixin.py:115} INFO - [2022-06-15 07:29:34,478] {dag.py:2931} INFO - Setting next_dagrun for example_complex to None, run_after=None
[2022-06-15 07:29:34,488] {processor.py:161} INFO - Processing /home/airflow/.local/lib/python3.7/site-packages/airflow/example_dags/example_complex.py took 0.183 seconds
