[2022-06-15 07:08:47,799] {processor.py:153} INFO - Started process (PID=49) to work on /home/airflow/.local/lib/python3.7/site-packages/airflow/example_dags/example_branch_operator_decorator.py
[2022-06-15 07:08:47,803] {processor.py:641} INFO - Processing file /home/airflow/.local/lib/python3.7/site-packages/airflow/example_dags/example_branch_operator_decorator.py for tasks to queue
[2022-06-15 07:08:47,807] {logging_mixin.py:115} INFO - [2022-06-15 07:08:47,807] {dagbag.py:507} INFO - Filling up the DagBag from /home/airflow/.local/lib/python3.7/site-packages/airflow/example_dags/example_branch_operator_decorator.py
[2022-06-15 07:08:47,954] {processor.py:651} INFO - DAG(s) dict_keys(['example_branch_python_operator_decorator']) retrieved from /home/airflow/.local/lib/python3.7/site-packages/airflow/example_dags/example_branch_operator_decorator.py
[2022-06-15 07:08:49,691] {logging_mixin.py:115} INFO - [2022-06-15 07:08:49,691] {manager.py:508} INFO - Created Permission View: can delete on DAG:example_branch_python_operator_decorator
[2022-06-15 07:08:49,743] {logging_mixin.py:115} INFO - [2022-06-15 07:08:49,743] {manager.py:508} INFO - Created Permission View: can read on DAG:example_branch_python_operator_decorator
[2022-06-15 07:08:49,769] {logging_mixin.py:115} INFO - [2022-06-15 07:08:49,767] {manager.py:508} INFO - Created Permission View: can edit on DAG:example_branch_python_operator_decorator
[2022-06-15 07:08:49,774] {logging_mixin.py:115} INFO - [2022-06-15 07:08:49,772] {dag.py:2379} INFO - Sync 1 DAGs
[2022-06-15 07:08:49,807] {logging_mixin.py:115} INFO - [2022-06-15 07:08:49,807] {dag.py:2398} INFO - Creating ORM DAG for example_branch_python_operator_decorator
[2022-06-15 07:08:49,843] {logging_mixin.py:115} INFO - [2022-06-15 07:08:49,843] {dag.py:2931} INFO - Setting next_dagrun for example_branch_python_operator_decorator to 2022-06-14T00:00:00+00:00, run_after=2022-06-15T00:00:00+00:00
[2022-06-15 07:08:49,880] {processor.py:161} INFO - Processing /home/airflow/.local/lib/python3.7/site-packages/airflow/example_dags/example_branch_operator_decorator.py took 2.085 seconds
[2022-06-15 07:09:20,478] {processor.py:153} INFO - Started process (PID=109) to work on /home/airflow/.local/lib/python3.7/site-packages/airflow/example_dags/example_branch_operator_decorator.py
[2022-06-15 07:09:20,481] {processor.py:641} INFO - Processing file /home/airflow/.local/lib/python3.7/site-packages/airflow/example_dags/example_branch_operator_decorator.py for tasks to queue
[2022-06-15 07:09:20,482] {logging_mixin.py:115} INFO - [2022-06-15 07:09:20,482] {dagbag.py:507} INFO - Filling up the DagBag from /home/airflow/.local/lib/python3.7/site-packages/airflow/example_dags/example_branch_operator_decorator.py
[2022-06-15 07:09:20,519] {processor.py:651} INFO - DAG(s) dict_keys(['example_branch_python_operator_decorator']) retrieved from /home/airflow/.local/lib/python3.7/site-packages/airflow/example_dags/example_branch_operator_decorator.py
[2022-06-15 07:09:20,575] {logging_mixin.py:115} INFO - [2022-06-15 07:09:20,575] {dag.py:2379} INFO - Sync 1 DAGs
[2022-06-15 07:09:20,859] {logging_mixin.py:115} INFO - [2022-06-15 07:09:20,859] {dag.py:2931} INFO - Setting next_dagrun for example_branch_python_operator_decorator to 2022-06-14T00:00:00+00:00, run_after=2022-06-15T00:00:00+00:00
[2022-06-15 07:09:20,868] {processor.py:161} INFO - Processing /home/airflow/.local/lib/python3.7/site-packages/airflow/example_dags/example_branch_operator_decorator.py took 0.398 seconds
[2022-06-15 07:09:51,409] {processor.py:153} INFO - Started process (PID=174) to work on /home/airflow/.local/lib/python3.7/site-packages/airflow/example_dags/example_branch_operator_decorator.py
[2022-06-15 07:09:51,411] {processor.py:641} INFO - Processing file /home/airflow/.local/lib/python3.7/site-packages/airflow/example_dags/example_branch_operator_decorator.py for tasks to queue
[2022-06-15 07:09:51,414] {logging_mixin.py:115} INFO - [2022-06-15 07:09:51,414] {dagbag.py:507} INFO - Filling up the DagBag from /home/airflow/.local/lib/python3.7/site-packages/airflow/example_dags/example_branch_operator_decorator.py
[2022-06-15 07:09:51,448] {processor.py:651} INFO - DAG(s) dict_keys(['example_branch_python_operator_decorator']) retrieved from /home/airflow/.local/lib/python3.7/site-packages/airflow/example_dags/example_branch_operator_decorator.py
[2022-06-15 07:09:51,483] {logging_mixin.py:115} INFO - [2022-06-15 07:09:51,483] {dag.py:2379} INFO - Sync 1 DAGs
[2022-06-15 07:09:51,804] {logging_mixin.py:115} INFO - [2022-06-15 07:09:51,804] {dag.py:2931} INFO - Setting next_dagrun for example_branch_python_operator_decorator to 2022-06-14T00:00:00+00:00, run_after=2022-06-15T00:00:00+00:00
[2022-06-15 07:09:51,823] {processor.py:161} INFO - Processing /home/airflow/.local/lib/python3.7/site-packages/airflow/example_dags/example_branch_operator_decorator.py took 0.424 seconds
[2022-06-15 07:10:21,953] {processor.py:153} INFO - Started process (PID=246) to work on /home/airflow/.local/lib/python3.7/site-packages/airflow/example_dags/example_branch_operator_decorator.py
[2022-06-15 07:10:21,955] {processor.py:641} INFO - Processing file /home/airflow/.local/lib/python3.7/site-packages/airflow/example_dags/example_branch_operator_decorator.py for tasks to queue
[2022-06-15 07:10:21,956] {logging_mixin.py:115} INFO - [2022-06-15 07:10:21,956] {dagbag.py:507} INFO - Filling up the DagBag from /home/airflow/.local/lib/python3.7/site-packages/airflow/example_dags/example_branch_operator_decorator.py
[2022-06-15 07:10:21,975] {processor.py:651} INFO - DAG(s) dict_keys(['example_branch_python_operator_decorator']) retrieved from /home/airflow/.local/lib/python3.7/site-packages/airflow/example_dags/example_branch_operator_decorator.py
[2022-06-15 07:10:22,023] {logging_mixin.py:115} INFO - [2022-06-15 07:10:22,023] {dag.py:2379} INFO - Sync 1 DAGs
[2022-06-15 07:10:22,307] {logging_mixin.py:115} INFO - [2022-06-15 07:10:22,307] {dag.py:2931} INFO - Setting next_dagrun for example_branch_python_operator_decorator to 2022-06-14T00:00:00+00:00, run_after=2022-06-15T00:00:00+00:00
[2022-06-15 07:10:22,320] {processor.py:161} INFO - Processing /home/airflow/.local/lib/python3.7/site-packages/airflow/example_dags/example_branch_operator_decorator.py took 0.374 seconds
[2022-06-15 07:10:52,382] {processor.py:153} INFO - Started process (PID=303) to work on /home/airflow/.local/lib/python3.7/site-packages/airflow/example_dags/example_branch_operator_decorator.py
[2022-06-15 07:10:52,385] {processor.py:641} INFO - Processing file /home/airflow/.local/lib/python3.7/site-packages/airflow/example_dags/example_branch_operator_decorator.py for tasks to queue
[2022-06-15 07:10:52,387] {logging_mixin.py:115} INFO - [2022-06-15 07:10:52,387] {dagbag.py:507} INFO - Filling up the DagBag from /home/airflow/.local/lib/python3.7/site-packages/airflow/example_dags/example_branch_operator_decorator.py
[2022-06-15 07:10:52,411] {processor.py:651} INFO - DAG(s) dict_keys(['example_branch_python_operator_decorator']) retrieved from /home/airflow/.local/lib/python3.7/site-packages/airflow/example_dags/example_branch_operator_decorator.py
[2022-06-15 07:10:52,437] {logging_mixin.py:115} INFO - [2022-06-15 07:10:52,437] {dag.py:2379} INFO - Sync 1 DAGs
[2022-06-15 07:10:52,670] {logging_mixin.py:115} INFO - [2022-06-15 07:10:52,670] {dag.py:2931} INFO - Setting next_dagrun for example_branch_python_operator_decorator to 2022-06-14T00:00:00+00:00, run_after=2022-06-15T00:00:00+00:00
[2022-06-15 07:10:52,679] {processor.py:161} INFO - Processing /home/airflow/.local/lib/python3.7/site-packages/airflow/example_dags/example_branch_operator_decorator.py took 0.302 seconds
[2022-06-15 07:14:12,239] {processor.py:153} INFO - Started process (PID=45) to work on /home/airflow/.local/lib/python3.7/site-packages/airflow/example_dags/example_branch_operator_decorator.py
[2022-06-15 07:14:12,242] {processor.py:641} INFO - Processing file /home/airflow/.local/lib/python3.7/site-packages/airflow/example_dags/example_branch_operator_decorator.py for tasks to queue
[2022-06-15 07:14:12,249] {logging_mixin.py:115} INFO - [2022-06-15 07:14:12,249] {dagbag.py:507} INFO - Filling up the DagBag from /home/airflow/.local/lib/python3.7/site-packages/airflow/example_dags/example_branch_operator_decorator.py
[2022-06-15 07:14:12,606] {processor.py:651} INFO - DAG(s) dict_keys(['example_branch_python_operator_decorator']) retrieved from /home/airflow/.local/lib/python3.7/site-packages/airflow/example_dags/example_branch_operator_decorator.py
[2022-06-15 07:14:12,770] {logging_mixin.py:115} INFO - [2022-06-15 07:14:12,769] {dag.py:2379} INFO - Sync 1 DAGs
[2022-06-15 07:14:12,866] {logging_mixin.py:115} INFO - [2022-06-15 07:14:12,866] {dag.py:2931} INFO - Setting next_dagrun for example_branch_python_operator_decorator to 2022-06-14T00:00:00+00:00, run_after=2022-06-15T00:00:00+00:00
[2022-06-15 07:14:12,894] {processor.py:161} INFO - Processing /home/airflow/.local/lib/python3.7/site-packages/airflow/example_dags/example_branch_operator_decorator.py took 0.666 seconds
[2022-06-15 07:15:07,546] {processor.py:153} INFO - Started process (PID=100) to work on /home/airflow/.local/lib/python3.7/site-packages/airflow/example_dags/example_branch_operator_decorator.py
[2022-06-15 07:15:07,563] {processor.py:641} INFO - Processing file /home/airflow/.local/lib/python3.7/site-packages/airflow/example_dags/example_branch_operator_decorator.py for tasks to queue
[2022-06-15 07:15:07,566] {logging_mixin.py:115} INFO - [2022-06-15 07:15:07,566] {dagbag.py:507} INFO - Filling up the DagBag from /home/airflow/.local/lib/python3.7/site-packages/airflow/example_dags/example_branch_operator_decorator.py
[2022-06-15 07:15:07,656] {processor.py:651} INFO - DAG(s) dict_keys(['example_branch_python_operator_decorator']) retrieved from /home/airflow/.local/lib/python3.7/site-packages/airflow/example_dags/example_branch_operator_decorator.py
[2022-06-15 07:15:07,964] {logging_mixin.py:115} INFO - [2022-06-15 07:15:07,964] {dag.py:2379} INFO - Sync 1 DAGs
[2022-06-15 07:15:08,138] {logging_mixin.py:115} INFO - [2022-06-15 07:15:08,137] {dag.py:2931} INFO - Setting next_dagrun for example_branch_python_operator_decorator to 2022-06-14T00:00:00+00:00, run_after=2022-06-15T00:00:00+00:00
[2022-06-15 07:15:08,333] {processor.py:161} INFO - Processing /home/airflow/.local/lib/python3.7/site-packages/airflow/example_dags/example_branch_operator_decorator.py took 0.792 seconds
[2022-06-15 07:15:39,304] {processor.py:153} INFO - Started process (PID=166) to work on /home/airflow/.local/lib/python3.7/site-packages/airflow/example_dags/example_branch_operator_decorator.py
[2022-06-15 07:15:39,307] {processor.py:641} INFO - Processing file /home/airflow/.local/lib/python3.7/site-packages/airflow/example_dags/example_branch_operator_decorator.py for tasks to queue
[2022-06-15 07:15:39,311] {logging_mixin.py:115} INFO - [2022-06-15 07:15:39,311] {dagbag.py:507} INFO - Filling up the DagBag from /home/airflow/.local/lib/python3.7/site-packages/airflow/example_dags/example_branch_operator_decorator.py
[2022-06-15 07:15:39,343] {processor.py:651} INFO - DAG(s) dict_keys(['example_branch_python_operator_decorator']) retrieved from /home/airflow/.local/lib/python3.7/site-packages/airflow/example_dags/example_branch_operator_decorator.py
[2022-06-15 07:15:39,380] {logging_mixin.py:115} INFO - [2022-06-15 07:15:39,380] {dag.py:2379} INFO - Sync 1 DAGs
[2022-06-15 07:15:39,405] {logging_mixin.py:115} INFO - [2022-06-15 07:15:39,405] {dag.py:2931} INFO - Setting next_dagrun for example_branch_python_operator_decorator to 2022-06-14T00:00:00+00:00, run_after=2022-06-15T00:00:00+00:00
[2022-06-15 07:15:39,421] {processor.py:161} INFO - Processing /home/airflow/.local/lib/python3.7/site-packages/airflow/example_dags/example_branch_operator_decorator.py took 0.123 seconds
[2022-06-15 07:16:10,081] {processor.py:153} INFO - Started process (PID=233) to work on /home/airflow/.local/lib/python3.7/site-packages/airflow/example_dags/example_branch_operator_decorator.py
[2022-06-15 07:16:10,083] {processor.py:641} INFO - Processing file /home/airflow/.local/lib/python3.7/site-packages/airflow/example_dags/example_branch_operator_decorator.py for tasks to queue
[2022-06-15 07:16:10,087] {logging_mixin.py:115} INFO - [2022-06-15 07:16:10,087] {dagbag.py:507} INFO - Filling up the DagBag from /home/airflow/.local/lib/python3.7/site-packages/airflow/example_dags/example_branch_operator_decorator.py
[2022-06-15 07:16:10,118] {processor.py:651} INFO - DAG(s) dict_keys(['example_branch_python_operator_decorator']) retrieved from /home/airflow/.local/lib/python3.7/site-packages/airflow/example_dags/example_branch_operator_decorator.py
[2022-06-15 07:16:10,155] {logging_mixin.py:115} INFO - [2022-06-15 07:16:10,155] {dag.py:2379} INFO - Sync 1 DAGs
[2022-06-15 07:16:10,176] {logging_mixin.py:115} INFO - [2022-06-15 07:16:10,175] {dag.py:2931} INFO - Setting next_dagrun for example_branch_python_operator_decorator to 2022-06-14T00:00:00+00:00, run_after=2022-06-15T00:00:00+00:00
[2022-06-15 07:16:10,186] {processor.py:161} INFO - Processing /home/airflow/.local/lib/python3.7/site-packages/airflow/example_dags/example_branch_operator_decorator.py took 0.110 seconds
[2022-06-15 07:16:40,660] {processor.py:153} INFO - Started process (PID=291) to work on /home/airflow/.local/lib/python3.7/site-packages/airflow/example_dags/example_branch_operator_decorator.py
[2022-06-15 07:16:40,662] {processor.py:641} INFO - Processing file /home/airflow/.local/lib/python3.7/site-packages/airflow/example_dags/example_branch_operator_decorator.py for tasks to queue
[2022-06-15 07:16:40,663] {logging_mixin.py:115} INFO - [2022-06-15 07:16:40,663] {dagbag.py:507} INFO - Filling up the DagBag from /home/airflow/.local/lib/python3.7/site-packages/airflow/example_dags/example_branch_operator_decorator.py
[2022-06-15 07:16:40,686] {processor.py:651} INFO - DAG(s) dict_keys(['example_branch_python_operator_decorator']) retrieved from /home/airflow/.local/lib/python3.7/site-packages/airflow/example_dags/example_branch_operator_decorator.py
[2022-06-15 07:16:40,708] {logging_mixin.py:115} INFO - [2022-06-15 07:16:40,708] {dag.py:2379} INFO - Sync 1 DAGs
[2022-06-15 07:16:40,723] {logging_mixin.py:115} INFO - [2022-06-15 07:16:40,723] {dag.py:2931} INFO - Setting next_dagrun for example_branch_python_operator_decorator to 2022-06-14T00:00:00+00:00, run_after=2022-06-15T00:00:00+00:00
[2022-06-15 07:16:40,731] {processor.py:161} INFO - Processing /home/airflow/.local/lib/python3.7/site-packages/airflow/example_dags/example_branch_operator_decorator.py took 0.075 seconds
[2022-06-15 07:22:48,608] {processor.py:153} INFO - Started process (PID=51) to work on /home/airflow/.local/lib/python3.7/site-packages/airflow/example_dags/example_branch_operator_decorator.py
[2022-06-15 07:22:48,619] {processor.py:641} INFO - Processing file /home/airflow/.local/lib/python3.7/site-packages/airflow/example_dags/example_branch_operator_decorator.py for tasks to queue
[2022-06-15 07:22:48,626] {logging_mixin.py:115} INFO - [2022-06-15 07:22:48,626] {dagbag.py:507} INFO - Filling up the DagBag from /home/airflow/.local/lib/python3.7/site-packages/airflow/example_dags/example_branch_operator_decorator.py
[2022-06-15 07:22:49,192] {processor.py:651} INFO - DAG(s) dict_keys(['example_branch_python_operator_decorator']) retrieved from /home/airflow/.local/lib/python3.7/site-packages/airflow/example_dags/example_branch_operator_decorator.py
[2022-06-15 07:22:52,150] {logging_mixin.py:115} INFO - [2022-06-15 07:22:52,149] {dag.py:2379} INFO - Sync 1 DAGs
[2022-06-15 07:22:52,400] {logging_mixin.py:115} INFO - [2022-06-15 07:22:52,399] {dag.py:2931} INFO - Setting next_dagrun for example_branch_python_operator_decorator to 2022-06-14T00:00:00+00:00, run_after=2022-06-15T00:00:00+00:00
[2022-06-15 07:22:52,781] {processor.py:161} INFO - Processing /home/airflow/.local/lib/python3.7/site-packages/airflow/example_dags/example_branch_operator_decorator.py took 4.207 seconds
[2022-06-15 07:23:25,456] {processor.py:153} INFO - Started process (PID=107) to work on /home/airflow/.local/lib/python3.7/site-packages/airflow/example_dags/example_branch_operator_decorator.py
[2022-06-15 07:23:25,458] {processor.py:641} INFO - Processing file /home/airflow/.local/lib/python3.7/site-packages/airflow/example_dags/example_branch_operator_decorator.py for tasks to queue
[2022-06-15 07:23:25,460] {logging_mixin.py:115} INFO - [2022-06-15 07:23:25,460] {dagbag.py:507} INFO - Filling up the DagBag from /home/airflow/.local/lib/python3.7/site-packages/airflow/example_dags/example_branch_operator_decorator.py
[2022-06-15 07:23:25,479] {processor.py:651} INFO - DAG(s) dict_keys(['example_branch_python_operator_decorator']) retrieved from /home/airflow/.local/lib/python3.7/site-packages/airflow/example_dags/example_branch_operator_decorator.py
[2022-06-15 07:23:25,505] {logging_mixin.py:115} INFO - [2022-06-15 07:23:25,505] {dag.py:2379} INFO - Sync 1 DAGs
[2022-06-15 07:23:25,672] {logging_mixin.py:115} INFO - [2022-06-15 07:23:25,671] {dag.py:2931} INFO - Setting next_dagrun for example_branch_python_operator_decorator to 2022-06-14T00:00:00+00:00, run_after=2022-06-15T00:00:00+00:00
[2022-06-15 07:23:25,694] {processor.py:161} INFO - Processing /home/airflow/.local/lib/python3.7/site-packages/airflow/example_dags/example_branch_operator_decorator.py took 0.240 seconds
[2022-06-15 07:23:56,729] {processor.py:153} INFO - Started process (PID=173) to work on /home/airflow/.local/lib/python3.7/site-packages/airflow/example_dags/example_branch_operator_decorator.py
[2022-06-15 07:23:56,730] {processor.py:641} INFO - Processing file /home/airflow/.local/lib/python3.7/site-packages/airflow/example_dags/example_branch_operator_decorator.py for tasks to queue
[2022-06-15 07:23:56,731] {logging_mixin.py:115} INFO - [2022-06-15 07:23:56,731] {dagbag.py:507} INFO - Filling up the DagBag from /home/airflow/.local/lib/python3.7/site-packages/airflow/example_dags/example_branch_operator_decorator.py
[2022-06-15 07:23:56,744] {processor.py:651} INFO - DAG(s) dict_keys(['example_branch_python_operator_decorator']) retrieved from /home/airflow/.local/lib/python3.7/site-packages/airflow/example_dags/example_branch_operator_decorator.py
[2022-06-15 07:23:56,767] {logging_mixin.py:115} INFO - [2022-06-15 07:23:56,767] {dag.py:2379} INFO - Sync 1 DAGs
[2022-06-15 07:23:56,904] {logging_mixin.py:115} INFO - [2022-06-15 07:23:56,904] {dag.py:2931} INFO - Setting next_dagrun for example_branch_python_operator_decorator to 2022-06-14T00:00:00+00:00, run_after=2022-06-15T00:00:00+00:00
[2022-06-15 07:23:56,913] {processor.py:161} INFO - Processing /home/airflow/.local/lib/python3.7/site-packages/airflow/example_dags/example_branch_operator_decorator.py took 0.187 seconds
[2022-06-15 07:24:27,503] {processor.py:153} INFO - Started process (PID=237) to work on /home/airflow/.local/lib/python3.7/site-packages/airflow/example_dags/example_branch_operator_decorator.py
[2022-06-15 07:24:27,504] {processor.py:641} INFO - Processing file /home/airflow/.local/lib/python3.7/site-packages/airflow/example_dags/example_branch_operator_decorator.py for tasks to queue
[2022-06-15 07:24:27,505] {logging_mixin.py:115} INFO - [2022-06-15 07:24:27,505] {dagbag.py:507} INFO - Filling up the DagBag from /home/airflow/.local/lib/python3.7/site-packages/airflow/example_dags/example_branch_operator_decorator.py
[2022-06-15 07:24:27,517] {processor.py:651} INFO - DAG(s) dict_keys(['example_branch_python_operator_decorator']) retrieved from /home/airflow/.local/lib/python3.7/site-packages/airflow/example_dags/example_branch_operator_decorator.py
[2022-06-15 07:24:27,538] {logging_mixin.py:115} INFO - [2022-06-15 07:24:27,538] {dag.py:2379} INFO - Sync 1 DAGs
[2022-06-15 07:24:27,637] {logging_mixin.py:115} INFO - [2022-06-15 07:24:27,637] {dag.py:2931} INFO - Setting next_dagrun for example_branch_python_operator_decorator to 2022-06-14T00:00:00+00:00, run_after=2022-06-15T00:00:00+00:00
[2022-06-15 07:24:27,648] {processor.py:161} INFO - Processing /home/airflow/.local/lib/python3.7/site-packages/airflow/example_dags/example_branch_operator_decorator.py took 0.147 seconds
[2022-06-15 07:24:58,761] {processor.py:153} INFO - Started process (PID=302) to work on /home/airflow/.local/lib/python3.7/site-packages/airflow/example_dags/example_branch_operator_decorator.py
[2022-06-15 07:24:58,764] {processor.py:641} INFO - Processing file /home/airflow/.local/lib/python3.7/site-packages/airflow/example_dags/example_branch_operator_decorator.py for tasks to queue
[2022-06-15 07:24:58,766] {logging_mixin.py:115} INFO - [2022-06-15 07:24:58,766] {dagbag.py:507} INFO - Filling up the DagBag from /home/airflow/.local/lib/python3.7/site-packages/airflow/example_dags/example_branch_operator_decorator.py
[2022-06-15 07:24:58,785] {processor.py:651} INFO - DAG(s) dict_keys(['example_branch_python_operator_decorator']) retrieved from /home/airflow/.local/lib/python3.7/site-packages/airflow/example_dags/example_branch_operator_decorator.py
[2022-06-15 07:24:58,809] {logging_mixin.py:115} INFO - [2022-06-15 07:24:58,809] {dag.py:2379} INFO - Sync 1 DAGs
[2022-06-15 07:24:58,961] {logging_mixin.py:115} INFO - [2022-06-15 07:24:58,961] {dag.py:2931} INFO - Setting next_dagrun for example_branch_python_operator_decorator to 2022-06-14T00:00:00+00:00, run_after=2022-06-15T00:00:00+00:00
[2022-06-15 07:24:59,006] {processor.py:161} INFO - Processing /home/airflow/.local/lib/python3.7/site-packages/airflow/example_dags/example_branch_operator_decorator.py took 0.248 seconds
[2022-06-15 07:25:29,179] {processor.py:153} INFO - Started process (PID=364) to work on /home/airflow/.local/lib/python3.7/site-packages/airflow/example_dags/example_branch_operator_decorator.py
[2022-06-15 07:25:29,180] {processor.py:641} INFO - Processing file /home/airflow/.local/lib/python3.7/site-packages/airflow/example_dags/example_branch_operator_decorator.py for tasks to queue
[2022-06-15 07:25:29,181] {logging_mixin.py:115} INFO - [2022-06-15 07:25:29,181] {dagbag.py:507} INFO - Filling up the DagBag from /home/airflow/.local/lib/python3.7/site-packages/airflow/example_dags/example_branch_operator_decorator.py
[2022-06-15 07:25:29,191] {processor.py:651} INFO - DAG(s) dict_keys(['example_branch_python_operator_decorator']) retrieved from /home/airflow/.local/lib/python3.7/site-packages/airflow/example_dags/example_branch_operator_decorator.py
[2022-06-15 07:25:29,221] {logging_mixin.py:115} INFO - [2022-06-15 07:25:29,221] {dag.py:2379} INFO - Sync 1 DAGs
[2022-06-15 07:25:29,307] {logging_mixin.py:115} INFO - [2022-06-15 07:25:29,307] {dag.py:2931} INFO - Setting next_dagrun for example_branch_python_operator_decorator to 2022-06-14T00:00:00+00:00, run_after=2022-06-15T00:00:00+00:00
[2022-06-15 07:25:29,314] {processor.py:161} INFO - Processing /home/airflow/.local/lib/python3.7/site-packages/airflow/example_dags/example_branch_operator_decorator.py took 0.137 seconds
[2022-06-15 07:25:59,823] {processor.py:153} INFO - Started process (PID=432) to work on /home/airflow/.local/lib/python3.7/site-packages/airflow/example_dags/example_branch_operator_decorator.py
[2022-06-15 07:25:59,825] {processor.py:641} INFO - Processing file /home/airflow/.local/lib/python3.7/site-packages/airflow/example_dags/example_branch_operator_decorator.py for tasks to queue
[2022-06-15 07:25:59,826] {logging_mixin.py:115} INFO - [2022-06-15 07:25:59,825] {dagbag.py:507} INFO - Filling up the DagBag from /home/airflow/.local/lib/python3.7/site-packages/airflow/example_dags/example_branch_operator_decorator.py
[2022-06-15 07:25:59,839] {processor.py:651} INFO - DAG(s) dict_keys(['example_branch_python_operator_decorator']) retrieved from /home/airflow/.local/lib/python3.7/site-packages/airflow/example_dags/example_branch_operator_decorator.py
[2022-06-15 07:25:59,865] {logging_mixin.py:115} INFO - [2022-06-15 07:25:59,865] {dag.py:2379} INFO - Sync 1 DAGs
[2022-06-15 07:26:00,011] {logging_mixin.py:115} INFO - [2022-06-15 07:26:00,011] {dag.py:2931} INFO - Setting next_dagrun for example_branch_python_operator_decorator to 2022-06-14T00:00:00+00:00, run_after=2022-06-15T00:00:00+00:00
[2022-06-15 07:26:00,025] {processor.py:161} INFO - Processing /home/airflow/.local/lib/python3.7/site-packages/airflow/example_dags/example_branch_operator_decorator.py took 0.205 seconds
[2022-06-15 07:26:30,254] {processor.py:153} INFO - Started process (PID=499) to work on /home/airflow/.local/lib/python3.7/site-packages/airflow/example_dags/example_branch_operator_decorator.py
[2022-06-15 07:26:30,256] {processor.py:641} INFO - Processing file /home/airflow/.local/lib/python3.7/site-packages/airflow/example_dags/example_branch_operator_decorator.py for tasks to queue
[2022-06-15 07:26:30,257] {logging_mixin.py:115} INFO - [2022-06-15 07:26:30,257] {dagbag.py:507} INFO - Filling up the DagBag from /home/airflow/.local/lib/python3.7/site-packages/airflow/example_dags/example_branch_operator_decorator.py
[2022-06-15 07:26:30,270] {processor.py:651} INFO - DAG(s) dict_keys(['example_branch_python_operator_decorator']) retrieved from /home/airflow/.local/lib/python3.7/site-packages/airflow/example_dags/example_branch_operator_decorator.py
[2022-06-15 07:26:30,289] {logging_mixin.py:115} INFO - [2022-06-15 07:26:30,289] {dag.py:2379} INFO - Sync 1 DAGs
[2022-06-15 07:26:30,384] {logging_mixin.py:115} INFO - [2022-06-15 07:26:30,384] {dag.py:2931} INFO - Setting next_dagrun for example_branch_python_operator_decorator to 2022-06-14T00:00:00+00:00, run_after=2022-06-15T00:00:00+00:00
[2022-06-15 07:26:30,390] {processor.py:161} INFO - Processing /home/airflow/.local/lib/python3.7/site-packages/airflow/example_dags/example_branch_operator_decorator.py took 0.140 seconds
[2022-06-15 07:27:00,711] {processor.py:153} INFO - Started process (PID=561) to work on /home/airflow/.local/lib/python3.7/site-packages/airflow/example_dags/example_branch_operator_decorator.py
[2022-06-15 07:27:00,714] {processor.py:641} INFO - Processing file /home/airflow/.local/lib/python3.7/site-packages/airflow/example_dags/example_branch_operator_decorator.py for tasks to queue
[2022-06-15 07:27:00,716] {logging_mixin.py:115} INFO - [2022-06-15 07:27:00,716] {dagbag.py:507} INFO - Filling up the DagBag from /home/airflow/.local/lib/python3.7/site-packages/airflow/example_dags/example_branch_operator_decorator.py
[2022-06-15 07:27:00,734] {processor.py:651} INFO - DAG(s) dict_keys(['example_branch_python_operator_decorator']) retrieved from /home/airflow/.local/lib/python3.7/site-packages/airflow/example_dags/example_branch_operator_decorator.py
[2022-06-15 07:27:00,763] {logging_mixin.py:115} INFO - [2022-06-15 07:27:00,762] {dag.py:2379} INFO - Sync 1 DAGs
[2022-06-15 07:27:00,920] {logging_mixin.py:115} INFO - [2022-06-15 07:27:00,920] {dag.py:2931} INFO - Setting next_dagrun for example_branch_python_operator_decorator to 2022-06-14T00:00:00+00:00, run_after=2022-06-15T00:00:00+00:00
[2022-06-15 07:27:00,928] {processor.py:161} INFO - Processing /home/airflow/.local/lib/python3.7/site-packages/airflow/example_dags/example_branch_operator_decorator.py took 0.221 seconds
[2022-06-15 07:27:31,373] {processor.py:153} INFO - Started process (PID=619) to work on /home/airflow/.local/lib/python3.7/site-packages/airflow/example_dags/example_branch_operator_decorator.py
[2022-06-15 07:27:31,375] {processor.py:641} INFO - Processing file /home/airflow/.local/lib/python3.7/site-packages/airflow/example_dags/example_branch_operator_decorator.py for tasks to queue
[2022-06-15 07:27:31,376] {logging_mixin.py:115} INFO - [2022-06-15 07:27:31,376] {dagbag.py:507} INFO - Filling up the DagBag from /home/airflow/.local/lib/python3.7/site-packages/airflow/example_dags/example_branch_operator_decorator.py
[2022-06-15 07:27:31,390] {processor.py:651} INFO - DAG(s) dict_keys(['example_branch_python_operator_decorator']) retrieved from /home/airflow/.local/lib/python3.7/site-packages/airflow/example_dags/example_branch_operator_decorator.py
[2022-06-15 07:27:31,414] {logging_mixin.py:115} INFO - [2022-06-15 07:27:31,414] {dag.py:2379} INFO - Sync 1 DAGs
[2022-06-15 07:27:31,522] {logging_mixin.py:115} INFO - [2022-06-15 07:27:31,522] {dag.py:2931} INFO - Setting next_dagrun for example_branch_python_operator_decorator to 2022-06-14T00:00:00+00:00, run_after=2022-06-15T00:00:00+00:00
[2022-06-15 07:27:31,529] {processor.py:161} INFO - Processing /home/airflow/.local/lib/python3.7/site-packages/airflow/example_dags/example_branch_operator_decorator.py took 0.159 seconds
[2022-06-15 07:28:01,757] {processor.py:153} INFO - Started process (PID=680) to work on /home/airflow/.local/lib/python3.7/site-packages/airflow/example_dags/example_branch_operator_decorator.py
[2022-06-15 07:28:01,759] {processor.py:641} INFO - Processing file /home/airflow/.local/lib/python3.7/site-packages/airflow/example_dags/example_branch_operator_decorator.py for tasks to queue
[2022-06-15 07:28:01,762] {logging_mixin.py:115} INFO - [2022-06-15 07:28:01,762] {dagbag.py:507} INFO - Filling up the DagBag from /home/airflow/.local/lib/python3.7/site-packages/airflow/example_dags/example_branch_operator_decorator.py
[2022-06-15 07:28:01,801] {processor.py:651} INFO - DAG(s) dict_keys(['example_branch_python_operator_decorator']) retrieved from /home/airflow/.local/lib/python3.7/site-packages/airflow/example_dags/example_branch_operator_decorator.py
[2022-06-15 07:28:01,975] {logging_mixin.py:115} INFO - [2022-06-15 07:28:01,975] {dag.py:2379} INFO - Sync 1 DAGs
[2022-06-15 07:28:01,993] {logging_mixin.py:115} INFO - [2022-06-15 07:28:01,993] {dag.py:2931} INFO - Setting next_dagrun for example_branch_python_operator_decorator to 2022-06-14T00:00:00+00:00, run_after=2022-06-15T00:00:00+00:00
[2022-06-15 07:28:02,002] {processor.py:161} INFO - Processing /home/airflow/.local/lib/python3.7/site-packages/airflow/example_dags/example_branch_operator_decorator.py took 0.253 seconds
[2022-06-15 07:28:32,552] {processor.py:153} INFO - Started process (PID=747) to work on /home/airflow/.local/lib/python3.7/site-packages/airflow/example_dags/example_branch_operator_decorator.py
[2022-06-15 07:28:32,556] {processor.py:641} INFO - Processing file /home/airflow/.local/lib/python3.7/site-packages/airflow/example_dags/example_branch_operator_decorator.py for tasks to queue
[2022-06-15 07:28:32,557] {logging_mixin.py:115} INFO - [2022-06-15 07:28:32,557] {dagbag.py:507} INFO - Filling up the DagBag from /home/airflow/.local/lib/python3.7/site-packages/airflow/example_dags/example_branch_operator_decorator.py
[2022-06-15 07:28:32,573] {processor.py:651} INFO - DAG(s) dict_keys(['example_branch_python_operator_decorator']) retrieved from /home/airflow/.local/lib/python3.7/site-packages/airflow/example_dags/example_branch_operator_decorator.py
[2022-06-15 07:28:32,705] {logging_mixin.py:115} INFO - [2022-06-15 07:28:32,705] {dag.py:2379} INFO - Sync 1 DAGs
[2022-06-15 07:28:32,732] {logging_mixin.py:115} INFO - [2022-06-15 07:28:32,732] {dag.py:2931} INFO - Setting next_dagrun for example_branch_python_operator_decorator to 2022-06-14T00:00:00+00:00, run_after=2022-06-15T00:00:00+00:00
[2022-06-15 07:28:32,745] {processor.py:161} INFO - Processing /home/airflow/.local/lib/python3.7/site-packages/airflow/example_dags/example_branch_operator_decorator.py took 0.196 seconds
[2022-06-15 07:29:03,149] {processor.py:153} INFO - Started process (PID=811) to work on /home/airflow/.local/lib/python3.7/site-packages/airflow/example_dags/example_branch_operator_decorator.py
[2022-06-15 07:29:03,151] {processor.py:641} INFO - Processing file /home/airflow/.local/lib/python3.7/site-packages/airflow/example_dags/example_branch_operator_decorator.py for tasks to queue
[2022-06-15 07:29:03,153] {logging_mixin.py:115} INFO - [2022-06-15 07:29:03,153] {dagbag.py:507} INFO - Filling up the DagBag from /home/airflow/.local/lib/python3.7/site-packages/airflow/example_dags/example_branch_operator_decorator.py
[2022-06-15 07:29:03,174] {processor.py:651} INFO - DAG(s) dict_keys(['example_branch_python_operator_decorator']) retrieved from /home/airflow/.local/lib/python3.7/site-packages/airflow/example_dags/example_branch_operator_decorator.py
[2022-06-15 07:29:03,378] {logging_mixin.py:115} INFO - [2022-06-15 07:29:03,378] {dag.py:2379} INFO - Sync 1 DAGs
[2022-06-15 07:29:03,399] {logging_mixin.py:115} INFO - [2022-06-15 07:29:03,399] {dag.py:2931} INFO - Setting next_dagrun for example_branch_python_operator_decorator to 2022-06-14T00:00:00+00:00, run_after=2022-06-15T00:00:00+00:00
[2022-06-15 07:29:03,414] {processor.py:161} INFO - Processing /home/airflow/.local/lib/python3.7/site-packages/airflow/example_dags/example_branch_operator_decorator.py took 0.271 seconds
[2022-06-15 07:29:33,848] {processor.py:153} INFO - Started process (PID=879) to work on /home/airflow/.local/lib/python3.7/site-packages/airflow/example_dags/example_branch_operator_decorator.py
[2022-06-15 07:29:33,850] {processor.py:641} INFO - Processing file /home/airflow/.local/lib/python3.7/site-packages/airflow/example_dags/example_branch_operator_decorator.py for tasks to queue
[2022-06-15 07:29:33,851] {logging_mixin.py:115} INFO - [2022-06-15 07:29:33,851] {dagbag.py:507} INFO - Filling up the DagBag from /home/airflow/.local/lib/python3.7/site-packages/airflow/example_dags/example_branch_operator_decorator.py
[2022-06-15 07:29:33,881] {processor.py:651} INFO - DAG(s) dict_keys(['example_branch_python_operator_decorator']) retrieved from /home/airflow/.local/lib/python3.7/site-packages/airflow/example_dags/example_branch_operator_decorator.py
[2022-06-15 07:29:34,237] {logging_mixin.py:115} INFO - [2022-06-15 07:29:34,237] {dag.py:2379} INFO - Sync 1 DAGs
[2022-06-15 07:29:34,253] {logging_mixin.py:115} INFO - [2022-06-15 07:29:34,252] {dag.py:2931} INFO - Setting next_dagrun for example_branch_python_operator_decorator to 2022-06-14T00:00:00+00:00, run_after=2022-06-15T00:00:00+00:00
[2022-06-15 07:29:34,264] {processor.py:161} INFO - Processing /home/airflow/.local/lib/python3.7/site-packages/airflow/example_dags/example_branch_operator_decorator.py took 0.421 seconds
