[2022-06-15 07:09:15,454] {processor.py:153} INFO - Started process (PID=96) to work on /home/airflow/.local/lib/python3.7/site-packages/airflow/example_dags/example_kubernetes_executor.py
[2022-06-15 07:09:15,464] {processor.py:641} INFO - Processing file /home/airflow/.local/lib/python3.7/site-packages/airflow/example_dags/example_kubernetes_executor.py for tasks to queue
[2022-06-15 07:09:15,474] {logging_mixin.py:115} INFO - [2022-06-15 07:09:15,474] {dagbag.py:507} INFO - Filling up the DagBag from /home/airflow/.local/lib/python3.7/site-packages/airflow/example_dags/example_kubernetes_executor.py
[2022-06-15 07:09:15,541] {processor.py:651} INFO - DAG(s) dict_keys(['example_kubernetes_executor']) retrieved from /home/airflow/.local/lib/python3.7/site-packages/airflow/example_dags/example_kubernetes_executor.py
[2022-06-15 07:09:16,129] {logging_mixin.py:115} INFO - [2022-06-15 07:09:16,129] {manager.py:508} INFO - Created Permission View: can delete on DAG:example_kubernetes_executor
[2022-06-15 07:09:16,137] {logging_mixin.py:115} INFO - [2022-06-15 07:09:16,137] {manager.py:508} INFO - Created Permission View: can read on DAG:example_kubernetes_executor
[2022-06-15 07:09:16,145] {logging_mixin.py:115} INFO - [2022-06-15 07:09:16,145] {manager.py:508} INFO - Created Permission View: can edit on DAG:example_kubernetes_executor
[2022-06-15 07:09:16,147] {logging_mixin.py:115} INFO - [2022-06-15 07:09:16,147] {dag.py:2379} INFO - Sync 1 DAGs
[2022-06-15 07:09:16,155] {logging_mixin.py:115} INFO - [2022-06-15 07:09:16,155] {dag.py:2398} INFO - Creating ORM DAG for example_kubernetes_executor
[2022-06-15 07:09:16,178] {logging_mixin.py:115} INFO - [2022-06-15 07:09:16,178] {dag.py:2931} INFO - Setting next_dagrun for example_kubernetes_executor to None, run_after=None
[2022-06-15 07:09:16,199] {processor.py:161} INFO - Processing /home/airflow/.local/lib/python3.7/site-packages/airflow/example_dags/example_kubernetes_executor.py took 0.751 seconds
[2022-06-15 07:09:46,293] {processor.py:153} INFO - Started process (PID=152) to work on /home/airflow/.local/lib/python3.7/site-packages/airflow/example_dags/example_kubernetes_executor.py
[2022-06-15 07:09:46,294] {processor.py:641} INFO - Processing file /home/airflow/.local/lib/python3.7/site-packages/airflow/example_dags/example_kubernetes_executor.py for tasks to queue
[2022-06-15 07:09:46,295] {logging_mixin.py:115} INFO - [2022-06-15 07:09:46,295] {dagbag.py:507} INFO - Filling up the DagBag from /home/airflow/.local/lib/python3.7/site-packages/airflow/example_dags/example_kubernetes_executor.py
[2022-06-15 07:09:46,314] {processor.py:651} INFO - DAG(s) dict_keys(['example_kubernetes_executor']) retrieved from /home/airflow/.local/lib/python3.7/site-packages/airflow/example_dags/example_kubernetes_executor.py
[2022-06-15 07:09:46,418] {logging_mixin.py:115} INFO - [2022-06-15 07:09:46,418] {dag.py:2379} INFO - Sync 1 DAGs
[2022-06-15 07:09:46,430] {logging_mixin.py:115} INFO - [2022-06-15 07:09:46,430] {dag.py:2931} INFO - Setting next_dagrun for example_kubernetes_executor to None, run_after=None
[2022-06-15 07:09:46,437] {processor.py:161} INFO - Processing /home/airflow/.local/lib/python3.7/site-packages/airflow/example_dags/example_kubernetes_executor.py took 0.146 seconds
[2022-06-15 07:10:17,002] {processor.py:153} INFO - Started process (PID=222) to work on /home/airflow/.local/lib/python3.7/site-packages/airflow/example_dags/example_kubernetes_executor.py
[2022-06-15 07:10:17,003] {processor.py:641} INFO - Processing file /home/airflow/.local/lib/python3.7/site-packages/airflow/example_dags/example_kubernetes_executor.py for tasks to queue
[2022-06-15 07:10:17,004] {logging_mixin.py:115} INFO - [2022-06-15 07:10:17,004] {dagbag.py:507} INFO - Filling up the DagBag from /home/airflow/.local/lib/python3.7/site-packages/airflow/example_dags/example_kubernetes_executor.py
[2022-06-15 07:10:17,026] {processor.py:651} INFO - DAG(s) dict_keys(['example_kubernetes_executor']) retrieved from /home/airflow/.local/lib/python3.7/site-packages/airflow/example_dags/example_kubernetes_executor.py
[2022-06-15 07:10:17,159] {logging_mixin.py:115} INFO - [2022-06-15 07:10:17,159] {dag.py:2379} INFO - Sync 1 DAGs
[2022-06-15 07:10:17,180] {logging_mixin.py:115} INFO - [2022-06-15 07:10:17,180] {dag.py:2931} INFO - Setting next_dagrun for example_kubernetes_executor to None, run_after=None
[2022-06-15 07:10:17,189] {processor.py:161} INFO - Processing /home/airflow/.local/lib/python3.7/site-packages/airflow/example_dags/example_kubernetes_executor.py took 0.191 seconds
[2022-06-15 07:10:47,391] {processor.py:153} INFO - Started process (PID=290) to work on /home/airflow/.local/lib/python3.7/site-packages/airflow/example_dags/example_kubernetes_executor.py
[2022-06-15 07:10:47,392] {processor.py:641} INFO - Processing file /home/airflow/.local/lib/python3.7/site-packages/airflow/example_dags/example_kubernetes_executor.py for tasks to queue
[2022-06-15 07:10:47,394] {logging_mixin.py:115} INFO - [2022-06-15 07:10:47,393] {dagbag.py:507} INFO - Filling up the DagBag from /home/airflow/.local/lib/python3.7/site-packages/airflow/example_dags/example_kubernetes_executor.py
[2022-06-15 07:10:47,410] {processor.py:651} INFO - DAG(s) dict_keys(['example_kubernetes_executor']) retrieved from /home/airflow/.local/lib/python3.7/site-packages/airflow/example_dags/example_kubernetes_executor.py
[2022-06-15 07:10:47,517] {logging_mixin.py:115} INFO - [2022-06-15 07:10:47,517] {dag.py:2379} INFO - Sync 1 DAGs
[2022-06-15 07:10:47,528] {logging_mixin.py:115} INFO - [2022-06-15 07:10:47,528] {dag.py:2931} INFO - Setting next_dagrun for example_kubernetes_executor to None, run_after=None
[2022-06-15 07:10:47,535] {processor.py:161} INFO - Processing /home/airflow/.local/lib/python3.7/site-packages/airflow/example_dags/example_kubernetes_executor.py took 0.146 seconds
[2022-06-15 07:14:49,330] {processor.py:153} INFO - Started process (PID=85) to work on /home/airflow/.local/lib/python3.7/site-packages/airflow/example_dags/example_kubernetes_executor.py
[2022-06-15 07:14:49,347] {processor.py:641} INFO - Processing file /home/airflow/.local/lib/python3.7/site-packages/airflow/example_dags/example_kubernetes_executor.py for tasks to queue
[2022-06-15 07:14:49,385] {logging_mixin.py:115} INFO - [2022-06-15 07:14:49,369] {dagbag.py:507} INFO - Filling up the DagBag from /home/airflow/.local/lib/python3.7/site-packages/airflow/example_dags/example_kubernetes_executor.py
[2022-06-15 07:14:51,339] {processor.py:651} INFO - DAG(s) dict_keys(['example_kubernetes_executor']) retrieved from /home/airflow/.local/lib/python3.7/site-packages/airflow/example_dags/example_kubernetes_executor.py
[2022-06-15 07:14:53,208] {logging_mixin.py:115} INFO - [2022-06-15 07:14:53,170] {dag.py:2379} INFO - Sync 1 DAGs
[2022-06-15 07:14:58,945] {logging_mixin.py:115} INFO - [2022-06-15 07:14:58,944] {dag.py:2931} INFO - Setting next_dagrun for example_kubernetes_executor to None, run_after=None
[2022-06-15 07:14:59,237] {processor.py:161} INFO - Processing /home/airflow/.local/lib/python3.7/site-packages/airflow/example_dags/example_kubernetes_executor.py took 9.960 seconds
[2022-06-15 07:15:30,018] {processor.py:153} INFO - Started process (PID=143) to work on /home/airflow/.local/lib/python3.7/site-packages/airflow/example_dags/example_kubernetes_executor.py
[2022-06-15 07:15:30,021] {processor.py:641} INFO - Processing file /home/airflow/.local/lib/python3.7/site-packages/airflow/example_dags/example_kubernetes_executor.py for tasks to queue
[2022-06-15 07:15:30,023] {logging_mixin.py:115} INFO - [2022-06-15 07:15:30,022] {dagbag.py:507} INFO - Filling up the DagBag from /home/airflow/.local/lib/python3.7/site-packages/airflow/example_dags/example_kubernetes_executor.py
[2022-06-15 07:15:30,078] {processor.py:651} INFO - DAG(s) dict_keys(['example_kubernetes_executor']) retrieved from /home/airflow/.local/lib/python3.7/site-packages/airflow/example_dags/example_kubernetes_executor.py
[2022-06-15 07:15:30,111] {logging_mixin.py:115} INFO - [2022-06-15 07:15:30,111] {dag.py:2379} INFO - Sync 1 DAGs
[2022-06-15 07:15:30,137] {logging_mixin.py:115} INFO - [2022-06-15 07:15:30,137] {dag.py:2931} INFO - Setting next_dagrun for example_kubernetes_executor to None, run_after=None
[2022-06-15 07:15:30,153] {processor.py:161} INFO - Processing /home/airflow/.local/lib/python3.7/site-packages/airflow/example_dags/example_kubernetes_executor.py took 0.145 seconds
[2022-06-15 07:16:01,069] {processor.py:153} INFO - Started process (PID=208) to work on /home/airflow/.local/lib/python3.7/site-packages/airflow/example_dags/example_kubernetes_executor.py
[2022-06-15 07:16:01,072] {processor.py:641} INFO - Processing file /home/airflow/.local/lib/python3.7/site-packages/airflow/example_dags/example_kubernetes_executor.py for tasks to queue
[2022-06-15 07:16:01,074] {logging_mixin.py:115} INFO - [2022-06-15 07:16:01,074] {dagbag.py:507} INFO - Filling up the DagBag from /home/airflow/.local/lib/python3.7/site-packages/airflow/example_dags/example_kubernetes_executor.py
[2022-06-15 07:16:01,126] {processor.py:651} INFO - DAG(s) dict_keys(['example_kubernetes_executor']) retrieved from /home/airflow/.local/lib/python3.7/site-packages/airflow/example_dags/example_kubernetes_executor.py
[2022-06-15 07:16:01,158] {logging_mixin.py:115} INFO - [2022-06-15 07:16:01,158] {dag.py:2379} INFO - Sync 1 DAGs
[2022-06-15 07:16:01,188] {logging_mixin.py:115} INFO - [2022-06-15 07:16:01,188] {dag.py:2931} INFO - Setting next_dagrun for example_kubernetes_executor to None, run_after=None
[2022-06-15 07:16:01,203] {processor.py:161} INFO - Processing /home/airflow/.local/lib/python3.7/site-packages/airflow/example_dags/example_kubernetes_executor.py took 0.141 seconds
[2022-06-15 07:16:31,762] {processor.py:153} INFO - Started process (PID=278) to work on /home/airflow/.local/lib/python3.7/site-packages/airflow/example_dags/example_kubernetes_executor.py
[2022-06-15 07:16:31,763] {processor.py:641} INFO - Processing file /home/airflow/.local/lib/python3.7/site-packages/airflow/example_dags/example_kubernetes_executor.py for tasks to queue
[2022-06-15 07:16:31,768] {logging_mixin.py:115} INFO - [2022-06-15 07:16:31,768] {dagbag.py:507} INFO - Filling up the DagBag from /home/airflow/.local/lib/python3.7/site-packages/airflow/example_dags/example_kubernetes_executor.py
[2022-06-15 07:16:31,811] {processor.py:651} INFO - DAG(s) dict_keys(['example_kubernetes_executor']) retrieved from /home/airflow/.local/lib/python3.7/site-packages/airflow/example_dags/example_kubernetes_executor.py
[2022-06-15 07:16:31,835] {logging_mixin.py:115} INFO - [2022-06-15 07:16:31,835] {dag.py:2379} INFO - Sync 1 DAGs
[2022-06-15 07:16:31,856] {logging_mixin.py:115} INFO - [2022-06-15 07:16:31,856] {dag.py:2931} INFO - Setting next_dagrun for example_kubernetes_executor to None, run_after=None
[2022-06-15 07:16:31,868] {processor.py:161} INFO - Processing /home/airflow/.local/lib/python3.7/site-packages/airflow/example_dags/example_kubernetes_executor.py took 0.109 seconds
[2022-06-15 07:23:24,548] {processor.py:153} INFO - Started process (PID=94) to work on /home/airflow/.local/lib/python3.7/site-packages/airflow/example_dags/example_kubernetes_executor.py
[2022-06-15 07:23:24,549] {processor.py:641} INFO - Processing file /home/airflow/.local/lib/python3.7/site-packages/airflow/example_dags/example_kubernetes_executor.py for tasks to queue
[2022-06-15 07:23:24,550] {logging_mixin.py:115} INFO - [2022-06-15 07:23:24,550] {dagbag.py:507} INFO - Filling up the DagBag from /home/airflow/.local/lib/python3.7/site-packages/airflow/example_dags/example_kubernetes_executor.py
[2022-06-15 07:23:24,573] {processor.py:651} INFO - DAG(s) dict_keys(['example_kubernetes_executor']) retrieved from /home/airflow/.local/lib/python3.7/site-packages/airflow/example_dags/example_kubernetes_executor.py
[2022-06-15 07:23:24,681] {logging_mixin.py:115} INFO - [2022-06-15 07:23:24,681] {dag.py:2379} INFO - Sync 1 DAGs
[2022-06-15 07:23:24,693] {logging_mixin.py:115} INFO - [2022-06-15 07:23:24,693] {dag.py:2931} INFO - Setting next_dagrun for example_kubernetes_executor to None, run_after=None
[2022-06-15 07:23:24,700] {processor.py:161} INFO - Processing /home/airflow/.local/lib/python3.7/site-packages/airflow/example_dags/example_kubernetes_executor.py took 0.154 seconds
[2022-06-15 07:23:55,144] {processor.py:153} INFO - Started process (PID=160) to work on /home/airflow/.local/lib/python3.7/site-packages/airflow/example_dags/example_kubernetes_executor.py
[2022-06-15 07:23:55,146] {processor.py:641} INFO - Processing file /home/airflow/.local/lib/python3.7/site-packages/airflow/example_dags/example_kubernetes_executor.py for tasks to queue
[2022-06-15 07:23:55,147] {logging_mixin.py:115} INFO - [2022-06-15 07:23:55,147] {dagbag.py:507} INFO - Filling up the DagBag from /home/airflow/.local/lib/python3.7/site-packages/airflow/example_dags/example_kubernetes_executor.py
[2022-06-15 07:23:55,171] {processor.py:651} INFO - DAG(s) dict_keys(['example_kubernetes_executor']) retrieved from /home/airflow/.local/lib/python3.7/site-packages/airflow/example_dags/example_kubernetes_executor.py
[2022-06-15 07:23:55,322] {logging_mixin.py:115} INFO - [2022-06-15 07:23:55,321] {dag.py:2379} INFO - Sync 1 DAGs
[2022-06-15 07:23:55,343] {logging_mixin.py:115} INFO - [2022-06-15 07:23:55,343] {dag.py:2931} INFO - Setting next_dagrun for example_kubernetes_executor to None, run_after=None
[2022-06-15 07:23:55,357] {processor.py:161} INFO - Processing /home/airflow/.local/lib/python3.7/site-packages/airflow/example_dags/example_kubernetes_executor.py took 0.215 seconds
[2022-06-15 07:24:26,810] {processor.py:153} INFO - Started process (PID=229) to work on /home/airflow/.local/lib/python3.7/site-packages/airflow/example_dags/example_kubernetes_executor.py
[2022-06-15 07:24:26,812] {processor.py:641} INFO - Processing file /home/airflow/.local/lib/python3.7/site-packages/airflow/example_dags/example_kubernetes_executor.py for tasks to queue
[2022-06-15 07:24:26,813] {logging_mixin.py:115} INFO - [2022-06-15 07:24:26,813] {dagbag.py:507} INFO - Filling up the DagBag from /home/airflow/.local/lib/python3.7/site-packages/airflow/example_dags/example_kubernetes_executor.py
[2022-06-15 07:24:26,833] {processor.py:651} INFO - DAG(s) dict_keys(['example_kubernetes_executor']) retrieved from /home/airflow/.local/lib/python3.7/site-packages/airflow/example_dags/example_kubernetes_executor.py
[2022-06-15 07:24:26,950] {logging_mixin.py:115} INFO - [2022-06-15 07:24:26,950] {dag.py:2379} INFO - Sync 1 DAGs
[2022-06-15 07:24:26,965] {logging_mixin.py:115} INFO - [2022-06-15 07:24:26,965] {dag.py:2931} INFO - Setting next_dagrun for example_kubernetes_executor to None, run_after=None
[2022-06-15 07:24:26,973] {processor.py:161} INFO - Processing /home/airflow/.local/lib/python3.7/site-packages/airflow/example_dags/example_kubernetes_executor.py took 0.166 seconds
[2022-06-15 07:24:58,139] {processor.py:153} INFO - Started process (PID=289) to work on /home/airflow/.local/lib/python3.7/site-packages/airflow/example_dags/example_kubernetes_executor.py
[2022-06-15 07:24:58,140] {processor.py:641} INFO - Processing file /home/airflow/.local/lib/python3.7/site-packages/airflow/example_dags/example_kubernetes_executor.py for tasks to queue
[2022-06-15 07:24:58,141] {logging_mixin.py:115} INFO - [2022-06-15 07:24:58,141] {dagbag.py:507} INFO - Filling up the DagBag from /home/airflow/.local/lib/python3.7/site-packages/airflow/example_dags/example_kubernetes_executor.py
[2022-06-15 07:24:58,159] {processor.py:651} INFO - DAG(s) dict_keys(['example_kubernetes_executor']) retrieved from /home/airflow/.local/lib/python3.7/site-packages/airflow/example_dags/example_kubernetes_executor.py
[2022-06-15 07:24:58,267] {logging_mixin.py:115} INFO - [2022-06-15 07:24:58,267] {dag.py:2379} INFO - Sync 1 DAGs
[2022-06-15 07:24:58,278] {logging_mixin.py:115} INFO - [2022-06-15 07:24:58,278] {dag.py:2931} INFO - Setting next_dagrun for example_kubernetes_executor to None, run_after=None
[2022-06-15 07:24:58,286] {processor.py:161} INFO - Processing /home/airflow/.local/lib/python3.7/site-packages/airflow/example_dags/example_kubernetes_executor.py took 0.149 seconds
[2022-06-15 07:25:28,354] {processor.py:153} INFO - Started process (PID=357) to work on /home/airflow/.local/lib/python3.7/site-packages/airflow/example_dags/example_kubernetes_executor.py
[2022-06-15 07:25:28,356] {processor.py:641} INFO - Processing file /home/airflow/.local/lib/python3.7/site-packages/airflow/example_dags/example_kubernetes_executor.py for tasks to queue
[2022-06-15 07:25:28,358] {logging_mixin.py:115} INFO - [2022-06-15 07:25:28,357] {dagbag.py:507} INFO - Filling up the DagBag from /home/airflow/.local/lib/python3.7/site-packages/airflow/example_dags/example_kubernetes_executor.py
[2022-06-15 07:25:28,376] {processor.py:651} INFO - DAG(s) dict_keys(['example_kubernetes_executor']) retrieved from /home/airflow/.local/lib/python3.7/site-packages/airflow/example_dags/example_kubernetes_executor.py
[2022-06-15 07:25:28,490] {logging_mixin.py:115} INFO - [2022-06-15 07:25:28,490] {dag.py:2379} INFO - Sync 1 DAGs
[2022-06-15 07:25:28,503] {logging_mixin.py:115} INFO - [2022-06-15 07:25:28,503] {dag.py:2931} INFO - Setting next_dagrun for example_kubernetes_executor to None, run_after=None
[2022-06-15 07:25:28,513] {processor.py:161} INFO - Processing /home/airflow/.local/lib/python3.7/site-packages/airflow/example_dags/example_kubernetes_executor.py took 0.161 seconds
[2022-06-15 07:25:59,162] {processor.py:153} INFO - Started process (PID=426) to work on /home/airflow/.local/lib/python3.7/site-packages/airflow/example_dags/example_kubernetes_executor.py
[2022-06-15 07:25:59,163] {processor.py:641} INFO - Processing file /home/airflow/.local/lib/python3.7/site-packages/airflow/example_dags/example_kubernetes_executor.py for tasks to queue
[2022-06-15 07:25:59,164] {logging_mixin.py:115} INFO - [2022-06-15 07:25:59,164] {dagbag.py:507} INFO - Filling up the DagBag from /home/airflow/.local/lib/python3.7/site-packages/airflow/example_dags/example_kubernetes_executor.py
[2022-06-15 07:25:59,184] {processor.py:651} INFO - DAG(s) dict_keys(['example_kubernetes_executor']) retrieved from /home/airflow/.local/lib/python3.7/site-packages/airflow/example_dags/example_kubernetes_executor.py
[2022-06-15 07:25:59,313] {logging_mixin.py:115} INFO - [2022-06-15 07:25:59,313] {dag.py:2379} INFO - Sync 1 DAGs
[2022-06-15 07:25:59,328] {logging_mixin.py:115} INFO - [2022-06-15 07:25:59,328] {dag.py:2931} INFO - Setting next_dagrun for example_kubernetes_executor to None, run_after=None
[2022-06-15 07:25:59,336] {processor.py:161} INFO - Processing /home/airflow/.local/lib/python3.7/site-packages/airflow/example_dags/example_kubernetes_executor.py took 0.178 seconds
[2022-06-15 07:26:29,713] {processor.py:153} INFO - Started process (PID=494) to work on /home/airflow/.local/lib/python3.7/site-packages/airflow/example_dags/example_kubernetes_executor.py
[2022-06-15 07:26:29,715] {processor.py:641} INFO - Processing file /home/airflow/.local/lib/python3.7/site-packages/airflow/example_dags/example_kubernetes_executor.py for tasks to queue
[2022-06-15 07:26:29,716] {logging_mixin.py:115} INFO - [2022-06-15 07:26:29,716] {dagbag.py:507} INFO - Filling up the DagBag from /home/airflow/.local/lib/python3.7/site-packages/airflow/example_dags/example_kubernetes_executor.py
[2022-06-15 07:26:29,731] {processor.py:651} INFO - DAG(s) dict_keys(['example_kubernetes_executor']) retrieved from /home/airflow/.local/lib/python3.7/site-packages/airflow/example_dags/example_kubernetes_executor.py
[2022-06-15 07:26:29,843] {logging_mixin.py:115} INFO - [2022-06-15 07:26:29,843] {dag.py:2379} INFO - Sync 1 DAGs
[2022-06-15 07:26:29,856] {logging_mixin.py:115} INFO - [2022-06-15 07:26:29,855] {dag.py:2931} INFO - Setting next_dagrun for example_kubernetes_executor to None, run_after=None
[2022-06-15 07:26:29,864] {processor.py:161} INFO - Processing /home/airflow/.local/lib/python3.7/site-packages/airflow/example_dags/example_kubernetes_executor.py took 0.155 seconds
[2022-06-15 07:27:00,958] {processor.py:153} INFO - Started process (PID=563) to work on /home/airflow/.local/lib/python3.7/site-packages/airflow/example_dags/example_kubernetes_executor.py
[2022-06-15 07:27:00,961] {processor.py:641} INFO - Processing file /home/airflow/.local/lib/python3.7/site-packages/airflow/example_dags/example_kubernetes_executor.py for tasks to queue
[2022-06-15 07:27:00,963] {logging_mixin.py:115} INFO - [2022-06-15 07:27:00,963] {dagbag.py:507} INFO - Filling up the DagBag from /home/airflow/.local/lib/python3.7/site-packages/airflow/example_dags/example_kubernetes_executor.py
[2022-06-15 07:27:00,984] {processor.py:651} INFO - DAG(s) dict_keys(['example_kubernetes_executor']) retrieved from /home/airflow/.local/lib/python3.7/site-packages/airflow/example_dags/example_kubernetes_executor.py
[2022-06-15 07:27:01,112] {logging_mixin.py:115} INFO - [2022-06-15 07:27:01,112] {dag.py:2379} INFO - Sync 1 DAGs
[2022-06-15 07:27:01,123] {logging_mixin.py:115} INFO - [2022-06-15 07:27:01,123] {dag.py:2931} INFO - Setting next_dagrun for example_kubernetes_executor to None, run_after=None
[2022-06-15 07:27:01,131] {processor.py:161} INFO - Processing /home/airflow/.local/lib/python3.7/site-packages/airflow/example_dags/example_kubernetes_executor.py took 0.176 seconds
[2022-06-15 07:27:31,560] {processor.py:153} INFO - Started process (PID=621) to work on /home/airflow/.local/lib/python3.7/site-packages/airflow/example_dags/example_kubernetes_executor.py
[2022-06-15 07:27:31,561] {processor.py:641} INFO - Processing file /home/airflow/.local/lib/python3.7/site-packages/airflow/example_dags/example_kubernetes_executor.py for tasks to queue
[2022-06-15 07:27:31,562] {logging_mixin.py:115} INFO - [2022-06-15 07:27:31,562] {dagbag.py:507} INFO - Filling up the DagBag from /home/airflow/.local/lib/python3.7/site-packages/airflow/example_dags/example_kubernetes_executor.py
[2022-06-15 07:27:31,581] {processor.py:651} INFO - DAG(s) dict_keys(['example_kubernetes_executor']) retrieved from /home/airflow/.local/lib/python3.7/site-packages/airflow/example_dags/example_kubernetes_executor.py
[2022-06-15 07:27:31,732] {logging_mixin.py:115} INFO - [2022-06-15 07:27:31,732] {dag.py:2379} INFO - Sync 1 DAGs
[2022-06-15 07:27:31,776] {logging_mixin.py:115} INFO - [2022-06-15 07:27:31,776] {dag.py:2931} INFO - Setting next_dagrun for example_kubernetes_executor to None, run_after=None
[2022-06-15 07:27:31,803] {processor.py:161} INFO - Processing /home/airflow/.local/lib/python3.7/site-packages/airflow/example_dags/example_kubernetes_executor.py took 0.245 seconds
[2022-06-15 07:28:02,607] {processor.py:153} INFO - Started process (PID=688) to work on /home/airflow/.local/lib/python3.7/site-packages/airflow/example_dags/example_kubernetes_executor.py
[2022-06-15 07:28:02,610] {processor.py:641} INFO - Processing file /home/airflow/.local/lib/python3.7/site-packages/airflow/example_dags/example_kubernetes_executor.py for tasks to queue
[2022-06-15 07:28:02,611] {logging_mixin.py:115} INFO - [2022-06-15 07:28:02,611] {dagbag.py:507} INFO - Filling up the DagBag from /home/airflow/.local/lib/python3.7/site-packages/airflow/example_dags/example_kubernetes_executor.py
[2022-06-15 07:28:02,630] {processor.py:651} INFO - DAG(s) dict_keys(['example_kubernetes_executor']) retrieved from /home/airflow/.local/lib/python3.7/site-packages/airflow/example_dags/example_kubernetes_executor.py
[2022-06-15 07:28:02,730] {logging_mixin.py:115} INFO - [2022-06-15 07:28:02,730] {dag.py:2379} INFO - Sync 1 DAGs
[2022-06-15 07:28:02,742] {logging_mixin.py:115} INFO - [2022-06-15 07:28:02,742] {dag.py:2931} INFO - Setting next_dagrun for example_kubernetes_executor to None, run_after=None
[2022-06-15 07:28:02,750] {processor.py:161} INFO - Processing /home/airflow/.local/lib/python3.7/site-packages/airflow/example_dags/example_kubernetes_executor.py took 0.146 seconds
[2022-06-15 07:28:33,972] {processor.py:153} INFO - Started process (PID=756) to work on /home/airflow/.local/lib/python3.7/site-packages/airflow/example_dags/example_kubernetes_executor.py
[2022-06-15 07:28:33,974] {processor.py:641} INFO - Processing file /home/airflow/.local/lib/python3.7/site-packages/airflow/example_dags/example_kubernetes_executor.py for tasks to queue
[2022-06-15 07:28:33,976] {logging_mixin.py:115} INFO - [2022-06-15 07:28:33,976] {dagbag.py:507} INFO - Filling up the DagBag from /home/airflow/.local/lib/python3.7/site-packages/airflow/example_dags/example_kubernetes_executor.py
[2022-06-15 07:28:34,000] {processor.py:651} INFO - DAG(s) dict_keys(['example_kubernetes_executor']) retrieved from /home/airflow/.local/lib/python3.7/site-packages/airflow/example_dags/example_kubernetes_executor.py
[2022-06-15 07:28:34,120] {logging_mixin.py:115} INFO - [2022-06-15 07:28:34,120] {dag.py:2379} INFO - Sync 1 DAGs
[2022-06-15 07:28:34,132] {logging_mixin.py:115} INFO - [2022-06-15 07:28:34,132] {dag.py:2931} INFO - Setting next_dagrun for example_kubernetes_executor to None, run_after=None
[2022-06-15 07:28:34,141] {processor.py:161} INFO - Processing /home/airflow/.local/lib/python3.7/site-packages/airflow/example_dags/example_kubernetes_executor.py took 0.172 seconds
[2022-06-15 07:29:04,524] {processor.py:153} INFO - Started process (PID=823) to work on /home/airflow/.local/lib/python3.7/site-packages/airflow/example_dags/example_kubernetes_executor.py
[2022-06-15 07:29:04,525] {processor.py:641} INFO - Processing file /home/airflow/.local/lib/python3.7/site-packages/airflow/example_dags/example_kubernetes_executor.py for tasks to queue
[2022-06-15 07:29:04,526] {logging_mixin.py:115} INFO - [2022-06-15 07:29:04,526] {dagbag.py:507} INFO - Filling up the DagBag from /home/airflow/.local/lib/python3.7/site-packages/airflow/example_dags/example_kubernetes_executor.py
[2022-06-15 07:29:04,545] {processor.py:651} INFO - DAG(s) dict_keys(['example_kubernetes_executor']) retrieved from /home/airflow/.local/lib/python3.7/site-packages/airflow/example_dags/example_kubernetes_executor.py
[2022-06-15 07:29:04,659] {logging_mixin.py:115} INFO - [2022-06-15 07:29:04,659] {dag.py:2379} INFO - Sync 1 DAGs
[2022-06-15 07:29:04,671] {logging_mixin.py:115} INFO - [2022-06-15 07:29:04,671] {dag.py:2931} INFO - Setting next_dagrun for example_kubernetes_executor to None, run_after=None
[2022-06-15 07:29:04,679] {processor.py:161} INFO - Processing /home/airflow/.local/lib/python3.7/site-packages/airflow/example_dags/example_kubernetes_executor.py took 0.158 seconds
[2022-06-15 07:29:35,252] {processor.py:153} INFO - Started process (PID=891) to work on /home/airflow/.local/lib/python3.7/site-packages/airflow/example_dags/example_kubernetes_executor.py
[2022-06-15 07:29:35,254] {processor.py:641} INFO - Processing file /home/airflow/.local/lib/python3.7/site-packages/airflow/example_dags/example_kubernetes_executor.py for tasks to queue
[2022-06-15 07:29:35,256] {logging_mixin.py:115} INFO - [2022-06-15 07:29:35,256] {dagbag.py:507} INFO - Filling up the DagBag from /home/airflow/.local/lib/python3.7/site-packages/airflow/example_dags/example_kubernetes_executor.py
[2022-06-15 07:29:35,278] {processor.py:651} INFO - DAG(s) dict_keys(['example_kubernetes_executor']) retrieved from /home/airflow/.local/lib/python3.7/site-packages/airflow/example_dags/example_kubernetes_executor.py
[2022-06-15 07:29:35,398] {logging_mixin.py:115} INFO - [2022-06-15 07:29:35,398] {dag.py:2379} INFO - Sync 1 DAGs
[2022-06-15 07:29:35,411] {logging_mixin.py:115} INFO - [2022-06-15 07:29:35,411] {dag.py:2931} INFO - Setting next_dagrun for example_kubernetes_executor to None, run_after=None
[2022-06-15 07:29:35,418] {processor.py:161} INFO - Processing /home/airflow/.local/lib/python3.7/site-packages/airflow/example_dags/example_kubernetes_executor.py took 0.169 seconds
