[2022-06-15 07:09:16,618] {processor.py:153} INFO - Started process (PID=101) to work on /home/airflow/.local/lib/python3.7/site-packages/airflow/example_dags/example_task_group.py
[2022-06-15 07:09:16,619] {processor.py:641} INFO - Processing file /home/airflow/.local/lib/python3.7/site-packages/airflow/example_dags/example_task_group.py for tasks to queue
[2022-06-15 07:09:16,620] {logging_mixin.py:115} INFO - [2022-06-15 07:09:16,620] {dagbag.py:507} INFO - Filling up the DagBag from /home/airflow/.local/lib/python3.7/site-packages/airflow/example_dags/example_task_group.py
[2022-06-15 07:09:16,636] {processor.py:651} INFO - DAG(s) dict_keys(['example_task_group']) retrieved from /home/airflow/.local/lib/python3.7/site-packages/airflow/example_dags/example_task_group.py
[2022-06-15 07:09:16,808] {logging_mixin.py:115} INFO - [2022-06-15 07:09:16,808] {manager.py:508} INFO - Created Permission View: can delete on DAG:example_task_group
[2022-06-15 07:09:16,814] {logging_mixin.py:115} INFO - [2022-06-15 07:09:16,814] {manager.py:508} INFO - Created Permission View: can read on DAG:example_task_group
[2022-06-15 07:09:16,819] {logging_mixin.py:115} INFO - [2022-06-15 07:09:16,819] {manager.py:508} INFO - Created Permission View: can edit on DAG:example_task_group
[2022-06-15 07:09:16,819] {logging_mixin.py:115} INFO - [2022-06-15 07:09:16,819] {dag.py:2379} INFO - Sync 1 DAGs
[2022-06-15 07:09:16,824] {logging_mixin.py:115} INFO - [2022-06-15 07:09:16,824] {dag.py:2398} INFO - Creating ORM DAG for example_task_group
[2022-06-15 07:09:16,836] {logging_mixin.py:115} INFO - [2022-06-15 07:09:16,836] {dag.py:2931} INFO - Setting next_dagrun for example_task_group to 2022-06-14T07:09:16.835859+00:00, run_after=2022-06-15T07:09:16.835859+00:00
[2022-06-15 07:09:16,846] {processor.py:161} INFO - Processing /home/airflow/.local/lib/python3.7/site-packages/airflow/example_dags/example_task_group.py took 0.231 seconds
[2022-06-15 07:09:47,814] {processor.py:153} INFO - Started process (PID=157) to work on /home/airflow/.local/lib/python3.7/site-packages/airflow/example_dags/example_task_group.py
[2022-06-15 07:09:47,815] {processor.py:641} INFO - Processing file /home/airflow/.local/lib/python3.7/site-packages/airflow/example_dags/example_task_group.py for tasks to queue
[2022-06-15 07:09:47,816] {logging_mixin.py:115} INFO - [2022-06-15 07:09:47,816] {dagbag.py:507} INFO - Filling up the DagBag from /home/airflow/.local/lib/python3.7/site-packages/airflow/example_dags/example_task_group.py
[2022-06-15 07:09:47,822] {processor.py:651} INFO - DAG(s) dict_keys(['example_task_group']) retrieved from /home/airflow/.local/lib/python3.7/site-packages/airflow/example_dags/example_task_group.py
[2022-06-15 07:09:47,840] {logging_mixin.py:115} INFO - [2022-06-15 07:09:47,840] {dag.py:2379} INFO - Sync 1 DAGs
[2022-06-15 07:09:47,942] {logging_mixin.py:115} INFO - [2022-06-15 07:09:47,942] {dag.py:2931} INFO - Setting next_dagrun for example_task_group to 2022-06-14T07:09:47.942555+00:00, run_after=2022-06-15T07:09:47.942555+00:00
[2022-06-15 07:09:47,949] {processor.py:161} INFO - Processing /home/airflow/.local/lib/python3.7/site-packages/airflow/example_dags/example_task_group.py took 0.138 seconds
[2022-06-15 07:10:18,447] {processor.py:153} INFO - Started process (PID=227) to work on /home/airflow/.local/lib/python3.7/site-packages/airflow/example_dags/example_task_group.py
[2022-06-15 07:10:18,448] {processor.py:641} INFO - Processing file /home/airflow/.local/lib/python3.7/site-packages/airflow/example_dags/example_task_group.py for tasks to queue
[2022-06-15 07:10:18,449] {logging_mixin.py:115} INFO - [2022-06-15 07:10:18,449] {dagbag.py:507} INFO - Filling up the DagBag from /home/airflow/.local/lib/python3.7/site-packages/airflow/example_dags/example_task_group.py
[2022-06-15 07:10:18,454] {processor.py:651} INFO - DAG(s) dict_keys(['example_task_group']) retrieved from /home/airflow/.local/lib/python3.7/site-packages/airflow/example_dags/example_task_group.py
[2022-06-15 07:10:18,472] {logging_mixin.py:115} INFO - [2022-06-15 07:10:18,472] {dag.py:2379} INFO - Sync 1 DAGs
[2022-06-15 07:10:18,569] {logging_mixin.py:115} INFO - [2022-06-15 07:10:18,569] {dag.py:2931} INFO - Setting next_dagrun for example_task_group to 2022-06-14T07:10:18.569641+00:00, run_after=2022-06-15T07:10:18.569641+00:00
[2022-06-15 07:10:18,577] {processor.py:161} INFO - Processing /home/airflow/.local/lib/python3.7/site-packages/airflow/example_dags/example_task_group.py took 0.132 seconds
[2022-06-15 07:10:48,829] {processor.py:153} INFO - Started process (PID=295) to work on /home/airflow/.local/lib/python3.7/site-packages/airflow/example_dags/example_task_group.py
[2022-06-15 07:10:48,831] {processor.py:641} INFO - Processing file /home/airflow/.local/lib/python3.7/site-packages/airflow/example_dags/example_task_group.py for tasks to queue
[2022-06-15 07:10:48,832] {logging_mixin.py:115} INFO - [2022-06-15 07:10:48,832] {dagbag.py:507} INFO - Filling up the DagBag from /home/airflow/.local/lib/python3.7/site-packages/airflow/example_dags/example_task_group.py
[2022-06-15 07:10:48,837] {processor.py:651} INFO - DAG(s) dict_keys(['example_task_group']) retrieved from /home/airflow/.local/lib/python3.7/site-packages/airflow/example_dags/example_task_group.py
[2022-06-15 07:10:48,857] {logging_mixin.py:115} INFO - [2022-06-15 07:10:48,857] {dag.py:2379} INFO - Sync 1 DAGs
[2022-06-15 07:10:48,958] {logging_mixin.py:115} INFO - [2022-06-15 07:10:48,958] {dag.py:2931} INFO - Setting next_dagrun for example_task_group to 2022-06-14T07:10:48.958233+00:00, run_after=2022-06-15T07:10:48.958233+00:00
[2022-06-15 07:10:48,965] {processor.py:161} INFO - Processing /home/airflow/.local/lib/python3.7/site-packages/airflow/example_dags/example_task_group.py took 0.139 seconds
[2022-06-15 07:15:06,141] {processor.py:153} INFO - Started process (PID=92) to work on /home/airflow/.local/lib/python3.7/site-packages/airflow/example_dags/example_task_group.py
[2022-06-15 07:15:06,147] {processor.py:641} INFO - Processing file /home/airflow/.local/lib/python3.7/site-packages/airflow/example_dags/example_task_group.py for tasks to queue
[2022-06-15 07:15:06,150] {logging_mixin.py:115} INFO - [2022-06-15 07:15:06,150] {dagbag.py:507} INFO - Filling up the DagBag from /home/airflow/.local/lib/python3.7/site-packages/airflow/example_dags/example_task_group.py
[2022-06-15 07:15:06,275] {processor.py:651} INFO - DAG(s) dict_keys(['example_task_group']) retrieved from /home/airflow/.local/lib/python3.7/site-packages/airflow/example_dags/example_task_group.py
[2022-06-15 07:15:06,424] {logging_mixin.py:115} INFO - [2022-06-15 07:15:06,424] {dag.py:2379} INFO - Sync 1 DAGs
[2022-06-15 07:15:06,550] {logging_mixin.py:115} INFO - [2022-06-15 07:15:06,550] {dag.py:2931} INFO - Setting next_dagrun for example_task_group to 2022-06-14T07:15:06.543258+00:00, run_after=2022-06-15T07:15:06.543258+00:00
[2022-06-15 07:15:06,585] {processor.py:161} INFO - Processing /home/airflow/.local/lib/python3.7/site-packages/airflow/example_dags/example_task_group.py took 0.470 seconds
[2022-06-15 07:15:36,865] {processor.py:153} INFO - Started process (PID=158) to work on /home/airflow/.local/lib/python3.7/site-packages/airflow/example_dags/example_task_group.py
[2022-06-15 07:15:36,868] {processor.py:641} INFO - Processing file /home/airflow/.local/lib/python3.7/site-packages/airflow/example_dags/example_task_group.py for tasks to queue
[2022-06-15 07:15:36,870] {logging_mixin.py:115} INFO - [2022-06-15 07:15:36,870] {dagbag.py:507} INFO - Filling up the DagBag from /home/airflow/.local/lib/python3.7/site-packages/airflow/example_dags/example_task_group.py
[2022-06-15 07:15:36,882] {processor.py:651} INFO - DAG(s) dict_keys(['example_task_group']) retrieved from /home/airflow/.local/lib/python3.7/site-packages/airflow/example_dags/example_task_group.py
[2022-06-15 07:15:36,911] {logging_mixin.py:115} INFO - [2022-06-15 07:15:36,911] {dag.py:2379} INFO - Sync 1 DAGs
[2022-06-15 07:15:36,929] {logging_mixin.py:115} INFO - [2022-06-15 07:15:36,929] {dag.py:2931} INFO - Setting next_dagrun for example_task_group to 2022-06-14T07:15:36.929190+00:00, run_after=2022-06-15T07:15:36.929190+00:00
[2022-06-15 07:15:36,938] {processor.py:161} INFO - Processing /home/airflow/.local/lib/python3.7/site-packages/airflow/example_dags/example_task_group.py took 0.076 seconds
[2022-06-15 07:16:07,700] {processor.py:153} INFO - Started process (PID=213) to work on /home/airflow/.local/lib/python3.7/site-packages/airflow/example_dags/example_task_group.py
[2022-06-15 07:16:07,701] {processor.py:641} INFO - Processing file /home/airflow/.local/lib/python3.7/site-packages/airflow/example_dags/example_task_group.py for tasks to queue
[2022-06-15 07:16:07,703] {logging_mixin.py:115} INFO - [2022-06-15 07:16:07,703] {dagbag.py:507} INFO - Filling up the DagBag from /home/airflow/.local/lib/python3.7/site-packages/airflow/example_dags/example_task_group.py
[2022-06-15 07:16:07,720] {processor.py:651} INFO - DAG(s) dict_keys(['example_task_group']) retrieved from /home/airflow/.local/lib/python3.7/site-packages/airflow/example_dags/example_task_group.py
[2022-06-15 07:16:07,750] {logging_mixin.py:115} INFO - [2022-06-15 07:16:07,750] {dag.py:2379} INFO - Sync 1 DAGs
[2022-06-15 07:16:07,776] {logging_mixin.py:115} INFO - [2022-06-15 07:16:07,775] {dag.py:2931} INFO - Setting next_dagrun for example_task_group to 2022-06-14T07:16:07.775472+00:00, run_after=2022-06-15T07:16:07.775472+00:00
[2022-06-15 07:16:07,785] {processor.py:161} INFO - Processing /home/airflow/.local/lib/python3.7/site-packages/airflow/example_dags/example_task_group.py took 0.089 seconds
[2022-06-15 07:16:38,170] {processor.py:153} INFO - Started process (PID=283) to work on /home/airflow/.local/lib/python3.7/site-packages/airflow/example_dags/example_task_group.py
[2022-06-15 07:16:38,172] {processor.py:641} INFO - Processing file /home/airflow/.local/lib/python3.7/site-packages/airflow/example_dags/example_task_group.py for tasks to queue
[2022-06-15 07:16:38,173] {logging_mixin.py:115} INFO - [2022-06-15 07:16:38,173] {dagbag.py:507} INFO - Filling up the DagBag from /home/airflow/.local/lib/python3.7/site-packages/airflow/example_dags/example_task_group.py
[2022-06-15 07:16:38,183] {processor.py:651} INFO - DAG(s) dict_keys(['example_task_group']) retrieved from /home/airflow/.local/lib/python3.7/site-packages/airflow/example_dags/example_task_group.py
[2022-06-15 07:16:38,228] {logging_mixin.py:115} INFO - [2022-06-15 07:16:38,228] {dag.py:2379} INFO - Sync 1 DAGs
[2022-06-15 07:16:38,262] {logging_mixin.py:115} INFO - [2022-06-15 07:16:38,262] {dag.py:2931} INFO - Setting next_dagrun for example_task_group to 2022-06-14T07:16:38.262176+00:00, run_after=2022-06-15T07:16:38.262176+00:00
[2022-06-15 07:16:38,282] {processor.py:161} INFO - Processing /home/airflow/.local/lib/python3.7/site-packages/airflow/example_dags/example_task_group.py took 0.114 seconds
[2022-06-15 07:23:24,925] {processor.py:153} INFO - Started process (PID=99) to work on /home/airflow/.local/lib/python3.7/site-packages/airflow/example_dags/example_task_group.py
[2022-06-15 07:23:24,927] {processor.py:641} INFO - Processing file /home/airflow/.local/lib/python3.7/site-packages/airflow/example_dags/example_task_group.py for tasks to queue
[2022-06-15 07:23:24,928] {logging_mixin.py:115} INFO - [2022-06-15 07:23:24,928] {dagbag.py:507} INFO - Filling up the DagBag from /home/airflow/.local/lib/python3.7/site-packages/airflow/example_dags/example_task_group.py
[2022-06-15 07:23:24,933] {processor.py:651} INFO - DAG(s) dict_keys(['example_task_group']) retrieved from /home/airflow/.local/lib/python3.7/site-packages/airflow/example_dags/example_task_group.py
[2022-06-15 07:23:24,951] {logging_mixin.py:115} INFO - [2022-06-15 07:23:24,951] {dag.py:2379} INFO - Sync 1 DAGs
[2022-06-15 07:23:25,054] {logging_mixin.py:115} INFO - [2022-06-15 07:23:25,054] {dag.py:2931} INFO - Setting next_dagrun for example_task_group to 2022-06-14T07:23:25.054806+00:00, run_after=2022-06-15T07:23:25.054806+00:00
[2022-06-15 07:23:25,062] {processor.py:161} INFO - Processing /home/airflow/.local/lib/python3.7/site-packages/airflow/example_dags/example_task_group.py took 0.139 seconds
[2022-06-15 07:23:55,915] {processor.py:153} INFO - Started process (PID=166) to work on /home/airflow/.local/lib/python3.7/site-packages/airflow/example_dags/example_task_group.py
[2022-06-15 07:23:55,917] {processor.py:641} INFO - Processing file /home/airflow/.local/lib/python3.7/site-packages/airflow/example_dags/example_task_group.py for tasks to queue
[2022-06-15 07:23:55,918] {logging_mixin.py:115} INFO - [2022-06-15 07:23:55,918] {dagbag.py:507} INFO - Filling up the DagBag from /home/airflow/.local/lib/python3.7/site-packages/airflow/example_dags/example_task_group.py
[2022-06-15 07:23:55,929] {processor.py:651} INFO - DAG(s) dict_keys(['example_task_group']) retrieved from /home/airflow/.local/lib/python3.7/site-packages/airflow/example_dags/example_task_group.py
[2022-06-15 07:23:55,976] {logging_mixin.py:115} INFO - [2022-06-15 07:23:55,976] {dag.py:2379} INFO - Sync 1 DAGs
[2022-06-15 07:23:56,211] {logging_mixin.py:115} INFO - [2022-06-15 07:23:56,211] {dag.py:2931} INFO - Setting next_dagrun for example_task_group to 2022-06-14T07:23:56.211024+00:00, run_after=2022-06-15T07:23:56.211024+00:00
[2022-06-15 07:23:56,224] {processor.py:161} INFO - Processing /home/airflow/.local/lib/python3.7/site-packages/airflow/example_dags/example_task_group.py took 0.314 seconds
[2022-06-15 07:24:27,306] {processor.py:153} INFO - Started process (PID=234) to work on /home/airflow/.local/lib/python3.7/site-packages/airflow/example_dags/example_task_group.py
[2022-06-15 07:24:27,308] {processor.py:641} INFO - Processing file /home/airflow/.local/lib/python3.7/site-packages/airflow/example_dags/example_task_group.py for tasks to queue
[2022-06-15 07:24:27,309] {logging_mixin.py:115} INFO - [2022-06-15 07:24:27,309] {dagbag.py:507} INFO - Filling up the DagBag from /home/airflow/.local/lib/python3.7/site-packages/airflow/example_dags/example_task_group.py
[2022-06-15 07:24:27,314] {processor.py:651} INFO - DAG(s) dict_keys(['example_task_group']) retrieved from /home/airflow/.local/lib/python3.7/site-packages/airflow/example_dags/example_task_group.py
[2022-06-15 07:24:27,333] {logging_mixin.py:115} INFO - [2022-06-15 07:24:27,333] {dag.py:2379} INFO - Sync 1 DAGs
[2022-06-15 07:24:27,442] {logging_mixin.py:115} INFO - [2022-06-15 07:24:27,442] {dag.py:2931} INFO - Setting next_dagrun for example_task_group to 2022-06-14T07:24:27.441899+00:00, run_after=2022-06-15T07:24:27.441899+00:00
[2022-06-15 07:24:27,452] {processor.py:161} INFO - Processing /home/airflow/.local/lib/python3.7/site-packages/airflow/example_dags/example_task_group.py took 0.148 seconds
[2022-06-15 07:24:58,538] {processor.py:153} INFO - Started process (PID=294) to work on /home/airflow/.local/lib/python3.7/site-packages/airflow/example_dags/example_task_group.py
[2022-06-15 07:24:58,539] {processor.py:641} INFO - Processing file /home/airflow/.local/lib/python3.7/site-packages/airflow/example_dags/example_task_group.py for tasks to queue
[2022-06-15 07:24:58,540] {logging_mixin.py:115} INFO - [2022-06-15 07:24:58,540] {dagbag.py:507} INFO - Filling up the DagBag from /home/airflow/.local/lib/python3.7/site-packages/airflow/example_dags/example_task_group.py
[2022-06-15 07:24:58,549] {processor.py:651} INFO - DAG(s) dict_keys(['example_task_group']) retrieved from /home/airflow/.local/lib/python3.7/site-packages/airflow/example_dags/example_task_group.py
[2022-06-15 07:24:58,579] {logging_mixin.py:115} INFO - [2022-06-15 07:24:58,579] {dag.py:2379} INFO - Sync 1 DAGs
[2022-06-15 07:24:58,709] {logging_mixin.py:115} INFO - [2022-06-15 07:24:58,708] {dag.py:2931} INFO - Setting next_dagrun for example_task_group to 2022-06-14T07:24:58.708585+00:00, run_after=2022-06-15T07:24:58.708585+00:00
[2022-06-15 07:24:58,726] {processor.py:161} INFO - Processing /home/airflow/.local/lib/python3.7/site-packages/airflow/example_dags/example_task_group.py took 0.192 seconds
[2022-06-15 07:25:28,847] {processor.py:153} INFO - Started process (PID=362) to work on /home/airflow/.local/lib/python3.7/site-packages/airflow/example_dags/example_task_group.py
[2022-06-15 07:25:28,849] {processor.py:641} INFO - Processing file /home/airflow/.local/lib/python3.7/site-packages/airflow/example_dags/example_task_group.py for tasks to queue
[2022-06-15 07:25:28,850] {logging_mixin.py:115} INFO - [2022-06-15 07:25:28,850] {dagbag.py:507} INFO - Filling up the DagBag from /home/airflow/.local/lib/python3.7/site-packages/airflow/example_dags/example_task_group.py
[2022-06-15 07:25:28,855] {processor.py:651} INFO - DAG(s) dict_keys(['example_task_group']) retrieved from /home/airflow/.local/lib/python3.7/site-packages/airflow/example_dags/example_task_group.py
[2022-06-15 07:25:28,875] {logging_mixin.py:115} INFO - [2022-06-15 07:25:28,875] {dag.py:2379} INFO - Sync 1 DAGs
[2022-06-15 07:25:28,971] {logging_mixin.py:115} INFO - [2022-06-15 07:25:28,971] {dag.py:2931} INFO - Setting next_dagrun for example_task_group to 2022-06-14T07:25:28.970899+00:00, run_after=2022-06-15T07:25:28.970899+00:00
[2022-06-15 07:25:28,978] {processor.py:161} INFO - Processing /home/airflow/.local/lib/python3.7/site-packages/airflow/example_dags/example_task_group.py took 0.134 seconds
[2022-06-15 07:25:59,753] {processor.py:153} INFO - Started process (PID=431) to work on /home/airflow/.local/lib/python3.7/site-packages/airflow/example_dags/example_task_group.py
[2022-06-15 07:25:59,755] {processor.py:641} INFO - Processing file /home/airflow/.local/lib/python3.7/site-packages/airflow/example_dags/example_task_group.py for tasks to queue
[2022-06-15 07:25:59,756] {logging_mixin.py:115} INFO - [2022-06-15 07:25:59,756] {dagbag.py:507} INFO - Filling up the DagBag from /home/airflow/.local/lib/python3.7/site-packages/airflow/example_dags/example_task_group.py
[2022-06-15 07:25:59,763] {processor.py:651} INFO - DAG(s) dict_keys(['example_task_group']) retrieved from /home/airflow/.local/lib/python3.7/site-packages/airflow/example_dags/example_task_group.py
[2022-06-15 07:25:59,783] {logging_mixin.py:115} INFO - [2022-06-15 07:25:59,782] {dag.py:2379} INFO - Sync 1 DAGs
[2022-06-15 07:25:59,899] {logging_mixin.py:115} INFO - [2022-06-15 07:25:59,899] {dag.py:2931} INFO - Setting next_dagrun for example_task_group to 2022-06-14T07:25:59.899028+00:00, run_after=2022-06-15T07:25:59.899028+00:00
[2022-06-15 07:25:59,907] {processor.py:161} INFO - Processing /home/airflow/.local/lib/python3.7/site-packages/airflow/example_dags/example_task_group.py took 0.156 seconds
[2022-06-15 07:26:30,414] {processor.py:153} INFO - Started process (PID=501) to work on /home/airflow/.local/lib/python3.7/site-packages/airflow/example_dags/example_task_group.py
[2022-06-15 07:26:30,415] {processor.py:641} INFO - Processing file /home/airflow/.local/lib/python3.7/site-packages/airflow/example_dags/example_task_group.py for tasks to queue
[2022-06-15 07:26:30,416] {logging_mixin.py:115} INFO - [2022-06-15 07:26:30,416] {dagbag.py:507} INFO - Filling up the DagBag from /home/airflow/.local/lib/python3.7/site-packages/airflow/example_dags/example_task_group.py
[2022-06-15 07:26:30,421] {processor.py:651} INFO - DAG(s) dict_keys(['example_task_group']) retrieved from /home/airflow/.local/lib/python3.7/site-packages/airflow/example_dags/example_task_group.py
[2022-06-15 07:26:30,439] {logging_mixin.py:115} INFO - [2022-06-15 07:26:30,439] {dag.py:2379} INFO - Sync 1 DAGs
[2022-06-15 07:26:30,526] {logging_mixin.py:115} INFO - [2022-06-15 07:26:30,526] {dag.py:2931} INFO - Setting next_dagrun for example_task_group to 2022-06-14T07:26:30.526781+00:00, run_after=2022-06-15T07:26:30.526781+00:00
[2022-06-15 07:26:30,534] {processor.py:161} INFO - Processing /home/airflow/.local/lib/python3.7/site-packages/airflow/example_dags/example_task_group.py took 0.122 seconds
[2022-06-15 07:27:01,441] {processor.py:153} INFO - Started process (PID=568) to work on /home/airflow/.local/lib/python3.7/site-packages/airflow/example_dags/example_task_group.py
[2022-06-15 07:27:01,443] {processor.py:641} INFO - Processing file /home/airflow/.local/lib/python3.7/site-packages/airflow/example_dags/example_task_group.py for tasks to queue
[2022-06-15 07:27:01,444] {logging_mixin.py:115} INFO - [2022-06-15 07:27:01,444] {dagbag.py:507} INFO - Filling up the DagBag from /home/airflow/.local/lib/python3.7/site-packages/airflow/example_dags/example_task_group.py
[2022-06-15 07:27:01,450] {processor.py:651} INFO - DAG(s) dict_keys(['example_task_group']) retrieved from /home/airflow/.local/lib/python3.7/site-packages/airflow/example_dags/example_task_group.py
[2022-06-15 07:27:01,469] {logging_mixin.py:115} INFO - [2022-06-15 07:27:01,469] {dag.py:2379} INFO - Sync 1 DAGs
[2022-06-15 07:27:01,587] {logging_mixin.py:115} INFO - [2022-06-15 07:27:01,587] {dag.py:2931} INFO - Setting next_dagrun for example_task_group to 2022-06-14T07:27:01.586956+00:00, run_after=2022-06-15T07:27:01.586956+00:00
[2022-06-15 07:27:01,594] {processor.py:161} INFO - Processing /home/airflow/.local/lib/python3.7/site-packages/airflow/example_dags/example_task_group.py took 0.155 seconds
[2022-06-15 07:27:32,230] {processor.py:153} INFO - Started process (PID=626) to work on /home/airflow/.local/lib/python3.7/site-packages/airflow/example_dags/example_task_group.py
[2022-06-15 07:27:32,231] {processor.py:641} INFO - Processing file /home/airflow/.local/lib/python3.7/site-packages/airflow/example_dags/example_task_group.py for tasks to queue
[2022-06-15 07:27:32,232] {logging_mixin.py:115} INFO - [2022-06-15 07:27:32,232] {dagbag.py:507} INFO - Filling up the DagBag from /home/airflow/.local/lib/python3.7/site-packages/airflow/example_dags/example_task_group.py
[2022-06-15 07:27:32,239] {processor.py:651} INFO - DAG(s) dict_keys(['example_task_group']) retrieved from /home/airflow/.local/lib/python3.7/site-packages/airflow/example_dags/example_task_group.py
[2022-06-15 07:27:32,257] {logging_mixin.py:115} INFO - [2022-06-15 07:27:32,257] {dag.py:2379} INFO - Sync 1 DAGs
[2022-06-15 07:27:32,360] {logging_mixin.py:115} INFO - [2022-06-15 07:27:32,360] {dag.py:2931} INFO - Setting next_dagrun for example_task_group to 2022-06-14T07:27:32.360809+00:00, run_after=2022-06-15T07:27:32.360809+00:00
[2022-06-15 07:27:32,369] {processor.py:161} INFO - Processing /home/airflow/.local/lib/python3.7/site-packages/airflow/example_dags/example_task_group.py took 0.141 seconds
[2022-06-15 07:28:03,107] {processor.py:153} INFO - Started process (PID=693) to work on /home/airflow/.local/lib/python3.7/site-packages/airflow/example_dags/example_task_group.py
[2022-06-15 07:28:03,108] {processor.py:641} INFO - Processing file /home/airflow/.local/lib/python3.7/site-packages/airflow/example_dags/example_task_group.py for tasks to queue
[2022-06-15 07:28:03,109] {logging_mixin.py:115} INFO - [2022-06-15 07:28:03,109] {dagbag.py:507} INFO - Filling up the DagBag from /home/airflow/.local/lib/python3.7/site-packages/airflow/example_dags/example_task_group.py
[2022-06-15 07:28:03,115] {processor.py:651} INFO - DAG(s) dict_keys(['example_task_group']) retrieved from /home/airflow/.local/lib/python3.7/site-packages/airflow/example_dags/example_task_group.py
[2022-06-15 07:28:03,132] {logging_mixin.py:115} INFO - [2022-06-15 07:28:03,132] {dag.py:2379} INFO - Sync 1 DAGs
[2022-06-15 07:28:03,235] {logging_mixin.py:115} INFO - [2022-06-15 07:28:03,235] {dag.py:2931} INFO - Setting next_dagrun for example_task_group to 2022-06-14T07:28:03.235493+00:00, run_after=2022-06-15T07:28:03.235493+00:00
[2022-06-15 07:28:03,243] {processor.py:161} INFO - Processing /home/airflow/.local/lib/python3.7/site-packages/airflow/example_dags/example_task_group.py took 0.138 seconds
[2022-06-15 07:28:34,518] {processor.py:153} INFO - Started process (PID=761) to work on /home/airflow/.local/lib/python3.7/site-packages/airflow/example_dags/example_task_group.py
[2022-06-15 07:28:34,519] {processor.py:641} INFO - Processing file /home/airflow/.local/lib/python3.7/site-packages/airflow/example_dags/example_task_group.py for tasks to queue
[2022-06-15 07:28:34,521] {logging_mixin.py:115} INFO - [2022-06-15 07:28:34,521] {dagbag.py:507} INFO - Filling up the DagBag from /home/airflow/.local/lib/python3.7/site-packages/airflow/example_dags/example_task_group.py
[2022-06-15 07:28:34,530] {processor.py:651} INFO - DAG(s) dict_keys(['example_task_group']) retrieved from /home/airflow/.local/lib/python3.7/site-packages/airflow/example_dags/example_task_group.py
[2022-06-15 07:28:34,559] {logging_mixin.py:115} INFO - [2022-06-15 07:28:34,558] {dag.py:2379} INFO - Sync 1 DAGs
[2022-06-15 07:28:34,699] {logging_mixin.py:115} INFO - [2022-06-15 07:28:34,699] {dag.py:2931} INFO - Setting next_dagrun for example_task_group to 2022-06-14T07:28:34.699464+00:00, run_after=2022-06-15T07:28:34.699464+00:00
[2022-06-15 07:28:34,709] {processor.py:161} INFO - Processing /home/airflow/.local/lib/python3.7/site-packages/airflow/example_dags/example_task_group.py took 0.194 seconds
[2022-06-15 07:29:04,936] {processor.py:153} INFO - Started process (PID=828) to work on /home/airflow/.local/lib/python3.7/site-packages/airflow/example_dags/example_task_group.py
[2022-06-15 07:29:04,937] {processor.py:641} INFO - Processing file /home/airflow/.local/lib/python3.7/site-packages/airflow/example_dags/example_task_group.py for tasks to queue
[2022-06-15 07:29:04,938] {logging_mixin.py:115} INFO - [2022-06-15 07:29:04,938] {dagbag.py:507} INFO - Filling up the DagBag from /home/airflow/.local/lib/python3.7/site-packages/airflow/example_dags/example_task_group.py
[2022-06-15 07:29:04,944] {processor.py:651} INFO - DAG(s) dict_keys(['example_task_group']) retrieved from /home/airflow/.local/lib/python3.7/site-packages/airflow/example_dags/example_task_group.py
[2022-06-15 07:29:04,962] {logging_mixin.py:115} INFO - [2022-06-15 07:29:04,962] {dag.py:2379} INFO - Sync 1 DAGs
[2022-06-15 07:29:05,067] {logging_mixin.py:115} INFO - [2022-06-15 07:29:05,067] {dag.py:2931} INFO - Setting next_dagrun for example_task_group to 2022-06-14T07:29:05.067042+00:00, run_after=2022-06-15T07:29:05.067042+00:00
[2022-06-15 07:29:05,075] {processor.py:161} INFO - Processing /home/airflow/.local/lib/python3.7/site-packages/airflow/example_dags/example_task_group.py took 0.144 seconds
[2022-06-15 07:29:35,712] {processor.py:153} INFO - Started process (PID=896) to work on /home/airflow/.local/lib/python3.7/site-packages/airflow/example_dags/example_task_group.py
[2022-06-15 07:29:35,714] {processor.py:641} INFO - Processing file /home/airflow/.local/lib/python3.7/site-packages/airflow/example_dags/example_task_group.py for tasks to queue
[2022-06-15 07:29:35,715] {logging_mixin.py:115} INFO - [2022-06-15 07:29:35,715] {dagbag.py:507} INFO - Filling up the DagBag from /home/airflow/.local/lib/python3.7/site-packages/airflow/example_dags/example_task_group.py
[2022-06-15 07:29:35,720] {processor.py:651} INFO - DAG(s) dict_keys(['example_task_group']) retrieved from /home/airflow/.local/lib/python3.7/site-packages/airflow/example_dags/example_task_group.py
[2022-06-15 07:29:35,740] {logging_mixin.py:115} INFO - [2022-06-15 07:29:35,740] {dag.py:2379} INFO - Sync 1 DAGs
[2022-06-15 07:29:35,843] {logging_mixin.py:115} INFO - [2022-06-15 07:29:35,843] {dag.py:2931} INFO - Setting next_dagrun for example_task_group to 2022-06-14T07:29:35.842967+00:00, run_after=2022-06-15T07:29:35.842967+00:00
[2022-06-15 07:29:35,850] {processor.py:161} INFO - Processing /home/airflow/.local/lib/python3.7/site-packages/airflow/example_dags/example_task_group.py took 0.140 seconds
