[2022-06-15 07:09:12,995] {processor.py:153} INFO - Started process (PID=73) to work on /home/airflow/.local/lib/python3.7/site-packages/airflow/example_dags/example_branch_datetime_operator.py
[2022-06-15 07:09:12,996] {processor.py:641} INFO - Processing file /home/airflow/.local/lib/python3.7/site-packages/airflow/example_dags/example_branch_datetime_operator.py for tasks to queue
[2022-06-15 07:09:12,997] {logging_mixin.py:115} INFO - [2022-06-15 07:09:12,997] {dagbag.py:507} INFO - Filling up the DagBag from /home/airflow/.local/lib/python3.7/site-packages/airflow/example_dags/example_branch_datetime_operator.py
[2022-06-15 07:09:13,007] {processor.py:651} INFO - DAG(s) dict_keys(['example_branch_datetime_operator_2']) retrieved from /home/airflow/.local/lib/python3.7/site-packages/airflow/example_dags/example_branch_datetime_operator.py
[2022-06-15 07:09:13,189] {logging_mixin.py:115} INFO - [2022-06-15 07:09:13,188] {manager.py:508} INFO - Created Permission View: can delete on DAG:example_branch_datetime_operator_2
[2022-06-15 07:09:13,197] {logging_mixin.py:115} INFO - [2022-06-15 07:09:13,197] {manager.py:508} INFO - Created Permission View: can read on DAG:example_branch_datetime_operator_2
[2022-06-15 07:09:13,203] {logging_mixin.py:115} INFO - [2022-06-15 07:09:13,203] {manager.py:508} INFO - Created Permission View: can edit on DAG:example_branch_datetime_operator_2
[2022-06-15 07:09:13,204] {logging_mixin.py:115} INFO - [2022-06-15 07:09:13,204] {dag.py:2379} INFO - Sync 1 DAGs
[2022-06-15 07:09:13,214] {logging_mixin.py:115} INFO - [2022-06-15 07:09:13,214] {dag.py:2398} INFO - Creating ORM DAG for example_branch_datetime_operator_2
[2022-06-15 07:09:13,224] {logging_mixin.py:115} INFO - [2022-06-15 07:09:13,224] {dag.py:2931} INFO - Setting next_dagrun for example_branch_datetime_operator_2 to 2022-06-14T00:00:00+00:00, run_after=2022-06-15T00:00:00+00:00
[2022-06-15 07:09:13,234] {processor.py:161} INFO - Processing /home/airflow/.local/lib/python3.7/site-packages/airflow/example_dags/example_branch_datetime_operator.py took 0.241 seconds
[2022-06-15 07:09:43,519] {processor.py:153} INFO - Started process (PID=142) to work on /home/airflow/.local/lib/python3.7/site-packages/airflow/example_dags/example_branch_datetime_operator.py
[2022-06-15 07:09:43,521] {processor.py:641} INFO - Processing file /home/airflow/.local/lib/python3.7/site-packages/airflow/example_dags/example_branch_datetime_operator.py for tasks to queue
[2022-06-15 07:09:43,522] {logging_mixin.py:115} INFO - [2022-06-15 07:09:43,522] {dagbag.py:507} INFO - Filling up the DagBag from /home/airflow/.local/lib/python3.7/site-packages/airflow/example_dags/example_branch_datetime_operator.py
[2022-06-15 07:09:43,532] {processor.py:651} INFO - DAG(s) dict_keys(['example_branch_datetime_operator_2']) retrieved from /home/airflow/.local/lib/python3.7/site-packages/airflow/example_dags/example_branch_datetime_operator.py
[2022-06-15 07:09:43,555] {logging_mixin.py:115} INFO - [2022-06-15 07:09:43,555] {dag.py:2379} INFO - Sync 1 DAGs
[2022-06-15 07:09:43,658] {logging_mixin.py:115} INFO - [2022-06-15 07:09:43,657] {dag.py:2931} INFO - Setting next_dagrun for example_branch_datetime_operator_2 to 2022-06-14T00:00:00+00:00, run_after=2022-06-15T00:00:00+00:00
[2022-06-15 07:09:43,665] {processor.py:161} INFO - Processing /home/airflow/.local/lib/python3.7/site-packages/airflow/example_dags/example_branch_datetime_operator.py took 0.148 seconds
[2022-06-15 07:10:14,133] {processor.py:153} INFO - Started process (PID=212) to work on /home/airflow/.local/lib/python3.7/site-packages/airflow/example_dags/example_branch_datetime_operator.py
[2022-06-15 07:10:14,135] {processor.py:641} INFO - Processing file /home/airflow/.local/lib/python3.7/site-packages/airflow/example_dags/example_branch_datetime_operator.py for tasks to queue
[2022-06-15 07:10:14,136] {logging_mixin.py:115} INFO - [2022-06-15 07:10:14,136] {dagbag.py:507} INFO - Filling up the DagBag from /home/airflow/.local/lib/python3.7/site-packages/airflow/example_dags/example_branch_datetime_operator.py
[2022-06-15 07:10:14,145] {processor.py:651} INFO - DAG(s) dict_keys(['example_branch_datetime_operator_2']) retrieved from /home/airflow/.local/lib/python3.7/site-packages/airflow/example_dags/example_branch_datetime_operator.py
[2022-06-15 07:10:14,166] {logging_mixin.py:115} INFO - [2022-06-15 07:10:14,166] {dag.py:2379} INFO - Sync 1 DAGs
[2022-06-15 07:10:14,269] {logging_mixin.py:115} INFO - [2022-06-15 07:10:14,269] {dag.py:2931} INFO - Setting next_dagrun for example_branch_datetime_operator_2 to 2022-06-14T00:00:00+00:00, run_after=2022-06-15T00:00:00+00:00
[2022-06-15 07:10:14,277] {processor.py:161} INFO - Processing /home/airflow/.local/lib/python3.7/site-packages/airflow/example_dags/example_branch_datetime_operator.py took 0.148 seconds
[2022-06-15 07:10:44,984] {processor.py:153} INFO - Started process (PID=280) to work on /home/airflow/.local/lib/python3.7/site-packages/airflow/example_dags/example_branch_datetime_operator.py
[2022-06-15 07:10:44,986] {processor.py:641} INFO - Processing file /home/airflow/.local/lib/python3.7/site-packages/airflow/example_dags/example_branch_datetime_operator.py for tasks to queue
[2022-06-15 07:10:44,987] {logging_mixin.py:115} INFO - [2022-06-15 07:10:44,987] {dagbag.py:507} INFO - Filling up the DagBag from /home/airflow/.local/lib/python3.7/site-packages/airflow/example_dags/example_branch_datetime_operator.py
[2022-06-15 07:10:44,997] {processor.py:651} INFO - DAG(s) dict_keys(['example_branch_datetime_operator_2']) retrieved from /home/airflow/.local/lib/python3.7/site-packages/airflow/example_dags/example_branch_datetime_operator.py
[2022-06-15 07:10:45,022] {logging_mixin.py:115} INFO - [2022-06-15 07:10:45,021] {dag.py:2379} INFO - Sync 1 DAGs
[2022-06-15 07:10:45,167] {logging_mixin.py:115} INFO - [2022-06-15 07:10:45,167] {dag.py:2931} INFO - Setting next_dagrun for example_branch_datetime_operator_2 to 2022-06-14T00:00:00+00:00, run_after=2022-06-15T00:00:00+00:00
[2022-06-15 07:10:45,176] {processor.py:161} INFO - Processing /home/airflow/.local/lib/python3.7/site-packages/airflow/example_dags/example_branch_datetime_operator.py took 0.194 seconds
[2022-06-15 07:14:29,909] {processor.py:153} INFO - Started process (PID=68) to work on /home/airflow/.local/lib/python3.7/site-packages/airflow/example_dags/example_branch_datetime_operator.py
[2022-06-15 07:14:29,920] {processor.py:641} INFO - Processing file /home/airflow/.local/lib/python3.7/site-packages/airflow/example_dags/example_branch_datetime_operator.py for tasks to queue
[2022-06-15 07:14:29,924] {logging_mixin.py:115} INFO - [2022-06-15 07:14:29,924] {dagbag.py:507} INFO - Filling up the DagBag from /home/airflow/.local/lib/python3.7/site-packages/airflow/example_dags/example_branch_datetime_operator.py
[2022-06-15 07:14:30,041] {processor.py:651} INFO - DAG(s) dict_keys(['example_branch_datetime_operator_2']) retrieved from /home/airflow/.local/lib/python3.7/site-packages/airflow/example_dags/example_branch_datetime_operator.py
[2022-06-15 07:14:30,190] {logging_mixin.py:115} INFO - [2022-06-15 07:14:30,190] {dag.py:2379} INFO - Sync 1 DAGs
[2022-06-15 07:14:30,293] {logging_mixin.py:115} INFO - [2022-06-15 07:14:30,293] {dag.py:2931} INFO - Setting next_dagrun for example_branch_datetime_operator_2 to 2022-06-14T00:00:00+00:00, run_after=2022-06-15T00:00:00+00:00
[2022-06-15 07:14:30,429] {processor.py:161} INFO - Processing /home/airflow/.local/lib/python3.7/site-packages/airflow/example_dags/example_branch_datetime_operator.py took 0.535 seconds
[2022-06-15 07:15:15,144] {processor.py:153} INFO - Started process (PID=123) to work on /home/airflow/.local/lib/python3.7/site-packages/airflow/example_dags/example_branch_datetime_operator.py
[2022-06-15 07:15:15,145] {processor.py:641} INFO - Processing file /home/airflow/.local/lib/python3.7/site-packages/airflow/example_dags/example_branch_datetime_operator.py for tasks to queue
[2022-06-15 07:15:15,147] {logging_mixin.py:115} INFO - [2022-06-15 07:15:15,146] {dagbag.py:507} INFO - Filling up the DagBag from /home/airflow/.local/lib/python3.7/site-packages/airflow/example_dags/example_branch_datetime_operator.py
[2022-06-15 07:15:15,188] {processor.py:651} INFO - DAG(s) dict_keys(['example_branch_datetime_operator_2']) retrieved from /home/airflow/.local/lib/python3.7/site-packages/airflow/example_dags/example_branch_datetime_operator.py
[2022-06-15 07:15:15,277] {logging_mixin.py:115} INFO - [2022-06-15 07:15:15,276] {dag.py:2379} INFO - Sync 1 DAGs
[2022-06-15 07:15:15,306] {logging_mixin.py:115} INFO - [2022-06-15 07:15:15,306] {dag.py:2931} INFO - Setting next_dagrun for example_branch_datetime_operator_2 to 2022-06-14T00:00:00+00:00, run_after=2022-06-15T00:00:00+00:00
[2022-06-15 07:15:15,319] {processor.py:161} INFO - Processing /home/airflow/.local/lib/python3.7/site-packages/airflow/example_dags/example_branch_datetime_operator.py took 0.178 seconds
[2022-06-15 07:15:46,505] {processor.py:153} INFO - Started process (PID=188) to work on /home/airflow/.local/lib/python3.7/site-packages/airflow/example_dags/example_branch_datetime_operator.py
[2022-06-15 07:15:46,507] {processor.py:641} INFO - Processing file /home/airflow/.local/lib/python3.7/site-packages/airflow/example_dags/example_branch_datetime_operator.py for tasks to queue
[2022-06-15 07:15:46,508] {logging_mixin.py:115} INFO - [2022-06-15 07:15:46,508] {dagbag.py:507} INFO - Filling up the DagBag from /home/airflow/.local/lib/python3.7/site-packages/airflow/example_dags/example_branch_datetime_operator.py
[2022-06-15 07:15:46,519] {processor.py:651} INFO - DAG(s) dict_keys(['example_branch_datetime_operator_2']) retrieved from /home/airflow/.local/lib/python3.7/site-packages/airflow/example_dags/example_branch_datetime_operator.py
[2022-06-15 07:15:46,537] {logging_mixin.py:115} INFO - [2022-06-15 07:15:46,537] {dag.py:2379} INFO - Sync 1 DAGs
[2022-06-15 07:15:46,554] {logging_mixin.py:115} INFO - [2022-06-15 07:15:46,554] {dag.py:2931} INFO - Setting next_dagrun for example_branch_datetime_operator_2 to 2022-06-14T00:00:00+00:00, run_after=2022-06-15T00:00:00+00:00
[2022-06-15 07:15:46,562] {processor.py:161} INFO - Processing /home/airflow/.local/lib/python3.7/site-packages/airflow/example_dags/example_branch_datetime_operator.py took 0.059 seconds
[2022-06-15 07:16:17,135] {processor.py:153} INFO - Started process (PID=247) to work on /home/airflow/.local/lib/python3.7/site-packages/airflow/example_dags/example_branch_datetime_operator.py
[2022-06-15 07:16:17,137] {processor.py:641} INFO - Processing file /home/airflow/.local/lib/python3.7/site-packages/airflow/example_dags/example_branch_datetime_operator.py for tasks to queue
[2022-06-15 07:16:17,137] {logging_mixin.py:115} INFO - [2022-06-15 07:16:17,137] {dagbag.py:507} INFO - Filling up the DagBag from /home/airflow/.local/lib/python3.7/site-packages/airflow/example_dags/example_branch_datetime_operator.py
[2022-06-15 07:16:17,147] {processor.py:651} INFO - DAG(s) dict_keys(['example_branch_datetime_operator_2']) retrieved from /home/airflow/.local/lib/python3.7/site-packages/airflow/example_dags/example_branch_datetime_operator.py
[2022-06-15 07:16:17,174] {logging_mixin.py:115} INFO - [2022-06-15 07:16:17,173] {dag.py:2379} INFO - Sync 1 DAGs
[2022-06-15 07:16:17,193] {logging_mixin.py:115} INFO - [2022-06-15 07:16:17,193] {dag.py:2931} INFO - Setting next_dagrun for example_branch_datetime_operator_2 to 2022-06-14T00:00:00+00:00, run_after=2022-06-15T00:00:00+00:00
[2022-06-15 07:16:17,202] {processor.py:161} INFO - Processing /home/airflow/.local/lib/python3.7/site-packages/airflow/example_dags/example_branch_datetime_operator.py took 0.070 seconds
[2022-06-15 07:16:47,711] {processor.py:153} INFO - Started process (PID=315) to work on /home/airflow/.local/lib/python3.7/site-packages/airflow/example_dags/example_branch_datetime_operator.py
[2022-06-15 07:16:47,712] {processor.py:641} INFO - Processing file /home/airflow/.local/lib/python3.7/site-packages/airflow/example_dags/example_branch_datetime_operator.py for tasks to queue
[2022-06-15 07:16:47,713] {logging_mixin.py:115} INFO - [2022-06-15 07:16:47,713] {dagbag.py:507} INFO - Filling up the DagBag from /home/airflow/.local/lib/python3.7/site-packages/airflow/example_dags/example_branch_datetime_operator.py
[2022-06-15 07:16:47,721] {processor.py:651} INFO - DAG(s) dict_keys(['example_branch_datetime_operator_2']) retrieved from /home/airflow/.local/lib/python3.7/site-packages/airflow/example_dags/example_branch_datetime_operator.py
[2022-06-15 07:16:47,739] {logging_mixin.py:115} INFO - [2022-06-15 07:16:47,739] {dag.py:2379} INFO - Sync 1 DAGs
[2022-06-15 07:16:47,752] {logging_mixin.py:115} INFO - [2022-06-15 07:16:47,752] {dag.py:2931} INFO - Setting next_dagrun for example_branch_datetime_operator_2 to 2022-06-14T00:00:00+00:00, run_after=2022-06-15T00:00:00+00:00
[2022-06-15 07:16:47,760] {processor.py:161} INFO - Processing /home/airflow/.local/lib/python3.7/site-packages/airflow/example_dags/example_branch_datetime_operator.py took 0.051 seconds
[2022-06-15 07:23:21,495] {processor.py:153} INFO - Started process (PID=84) to work on /home/airflow/.local/lib/python3.7/site-packages/airflow/example_dags/example_branch_datetime_operator.py
[2022-06-15 07:23:21,505] {processor.py:641} INFO - Processing file /home/airflow/.local/lib/python3.7/site-packages/airflow/example_dags/example_branch_datetime_operator.py for tasks to queue
[2022-06-15 07:23:21,510] {logging_mixin.py:115} INFO - [2022-06-15 07:23:21,509] {dagbag.py:507} INFO - Filling up the DagBag from /home/airflow/.local/lib/python3.7/site-packages/airflow/example_dags/example_branch_datetime_operator.py
[2022-06-15 07:23:21,576] {processor.py:651} INFO - DAG(s) dict_keys(['example_branch_datetime_operator_2']) retrieved from /home/airflow/.local/lib/python3.7/site-packages/airflow/example_dags/example_branch_datetime_operator.py
[2022-06-15 07:23:21,708] {logging_mixin.py:115} INFO - [2022-06-15 07:23:21,708] {dag.py:2379} INFO - Sync 1 DAGs
[2022-06-15 07:23:22,677] {logging_mixin.py:115} INFO - [2022-06-15 07:23:22,677] {dag.py:2931} INFO - Setting next_dagrun for example_branch_datetime_operator_2 to 2022-06-14T00:00:00+00:00, run_after=2022-06-15T00:00:00+00:00
[2022-06-15 07:23:22,735] {processor.py:161} INFO - Processing /home/airflow/.local/lib/python3.7/site-packages/airflow/example_dags/example_branch_datetime_operator.py took 1.262 seconds
[2022-06-15 07:23:53,566] {processor.py:153} INFO - Started process (PID=150) to work on /home/airflow/.local/lib/python3.7/site-packages/airflow/example_dags/example_branch_datetime_operator.py
[2022-06-15 07:23:53,568] {processor.py:641} INFO - Processing file /home/airflow/.local/lib/python3.7/site-packages/airflow/example_dags/example_branch_datetime_operator.py for tasks to queue
[2022-06-15 07:23:53,569] {logging_mixin.py:115} INFO - [2022-06-15 07:23:53,569] {dagbag.py:507} INFO - Filling up the DagBag from /home/airflow/.local/lib/python3.7/site-packages/airflow/example_dags/example_branch_datetime_operator.py
[2022-06-15 07:23:53,585] {processor.py:651} INFO - DAG(s) dict_keys(['example_branch_datetime_operator_2']) retrieved from /home/airflow/.local/lib/python3.7/site-packages/airflow/example_dags/example_branch_datetime_operator.py
[2022-06-15 07:23:53,620] {logging_mixin.py:115} INFO - [2022-06-15 07:23:53,620] {dag.py:2379} INFO - Sync 1 DAGs
[2022-06-15 07:23:53,992] {logging_mixin.py:115} INFO - [2022-06-15 07:23:53,992] {dag.py:2931} INFO - Setting next_dagrun for example_branch_datetime_operator_2 to 2022-06-14T00:00:00+00:00, run_after=2022-06-15T00:00:00+00:00
[2022-06-15 07:23:54,027] {processor.py:161} INFO - Processing /home/airflow/.local/lib/python3.7/site-packages/airflow/example_dags/example_branch_datetime_operator.py took 0.467 seconds
[2022-06-15 07:24:25,095] {processor.py:153} INFO - Started process (PID=209) to work on /home/airflow/.local/lib/python3.7/site-packages/airflow/example_dags/example_branch_datetime_operator.py
[2022-06-15 07:24:25,098] {processor.py:641} INFO - Processing file /home/airflow/.local/lib/python3.7/site-packages/airflow/example_dags/example_branch_datetime_operator.py for tasks to queue
[2022-06-15 07:24:25,100] {logging_mixin.py:115} INFO - [2022-06-15 07:24:25,100] {dagbag.py:507} INFO - Filling up the DagBag from /home/airflow/.local/lib/python3.7/site-packages/airflow/example_dags/example_branch_datetime_operator.py
[2022-06-15 07:24:25,117] {processor.py:651} INFO - DAG(s) dict_keys(['example_branch_datetime_operator_2']) retrieved from /home/airflow/.local/lib/python3.7/site-packages/airflow/example_dags/example_branch_datetime_operator.py
[2022-06-15 07:24:25,157] {logging_mixin.py:115} INFO - [2022-06-15 07:24:25,157] {dag.py:2379} INFO - Sync 1 DAGs
[2022-06-15 07:24:25,347] {logging_mixin.py:115} INFO - [2022-06-15 07:24:25,347] {dag.py:2931} INFO - Setting next_dagrun for example_branch_datetime_operator_2 to 2022-06-14T00:00:00+00:00, run_after=2022-06-15T00:00:00+00:00
[2022-06-15 07:24:25,361] {processor.py:161} INFO - Processing /home/airflow/.local/lib/python3.7/site-packages/airflow/example_dags/example_branch_datetime_operator.py took 0.278 seconds
[2022-06-15 07:24:55,765] {processor.py:153} INFO - Started process (PID=276) to work on /home/airflow/.local/lib/python3.7/site-packages/airflow/example_dags/example_branch_datetime_operator.py
[2022-06-15 07:24:55,768] {processor.py:641} INFO - Processing file /home/airflow/.local/lib/python3.7/site-packages/airflow/example_dags/example_branch_datetime_operator.py for tasks to queue
[2022-06-15 07:24:55,774] {logging_mixin.py:115} INFO - [2022-06-15 07:24:55,774] {dagbag.py:507} INFO - Filling up the DagBag from /home/airflow/.local/lib/python3.7/site-packages/airflow/example_dags/example_branch_datetime_operator.py
[2022-06-15 07:24:55,789] {processor.py:651} INFO - DAG(s) dict_keys(['example_branch_datetime_operator_2']) retrieved from /home/airflow/.local/lib/python3.7/site-packages/airflow/example_dags/example_branch_datetime_operator.py
[2022-06-15 07:24:55,834] {logging_mixin.py:115} INFO - [2022-06-15 07:24:55,834] {dag.py:2379} INFO - Sync 1 DAGs
[2022-06-15 07:24:56,090] {logging_mixin.py:115} INFO - [2022-06-15 07:24:56,090] {dag.py:2931} INFO - Setting next_dagrun for example_branch_datetime_operator_2 to 2022-06-14T00:00:00+00:00, run_after=2022-06-15T00:00:00+00:00
[2022-06-15 07:24:56,099] {processor.py:161} INFO - Processing /home/airflow/.local/lib/python3.7/site-packages/airflow/example_dags/example_branch_datetime_operator.py took 0.342 seconds
[2022-06-15 07:25:27,070] {processor.py:153} INFO - Started process (PID=345) to work on /home/airflow/.local/lib/python3.7/site-packages/airflow/example_dags/example_branch_datetime_operator.py
[2022-06-15 07:25:27,072] {processor.py:641} INFO - Processing file /home/airflow/.local/lib/python3.7/site-packages/airflow/example_dags/example_branch_datetime_operator.py for tasks to queue
[2022-06-15 07:25:27,073] {logging_mixin.py:115} INFO - [2022-06-15 07:25:27,073] {dagbag.py:507} INFO - Filling up the DagBag from /home/airflow/.local/lib/python3.7/site-packages/airflow/example_dags/example_branch_datetime_operator.py
[2022-06-15 07:25:27,094] {processor.py:651} INFO - DAG(s) dict_keys(['example_branch_datetime_operator_2']) retrieved from /home/airflow/.local/lib/python3.7/site-packages/airflow/example_dags/example_branch_datetime_operator.py
[2022-06-15 07:25:27,137] {logging_mixin.py:115} INFO - [2022-06-15 07:25:27,137] {dag.py:2379} INFO - Sync 1 DAGs
[2022-06-15 07:25:27,382] {logging_mixin.py:115} INFO - [2022-06-15 07:25:27,382] {dag.py:2931} INFO - Setting next_dagrun for example_branch_datetime_operator_2 to 2022-06-14T00:00:00+00:00, run_after=2022-06-15T00:00:00+00:00
[2022-06-15 07:25:27,391] {processor.py:161} INFO - Processing /home/airflow/.local/lib/python3.7/site-packages/airflow/example_dags/example_branch_datetime_operator.py took 0.327 seconds
[2022-06-15 07:25:57,745] {processor.py:153} INFO - Started process (PID=414) to work on /home/airflow/.local/lib/python3.7/site-packages/airflow/example_dags/example_branch_datetime_operator.py
[2022-06-15 07:25:57,748] {processor.py:641} INFO - Processing file /home/airflow/.local/lib/python3.7/site-packages/airflow/example_dags/example_branch_datetime_operator.py for tasks to queue
[2022-06-15 07:25:57,754] {logging_mixin.py:115} INFO - [2022-06-15 07:25:57,754] {dagbag.py:507} INFO - Filling up the DagBag from /home/airflow/.local/lib/python3.7/site-packages/airflow/example_dags/example_branch_datetime_operator.py
[2022-06-15 07:25:57,769] {processor.py:651} INFO - DAG(s) dict_keys(['example_branch_datetime_operator_2']) retrieved from /home/airflow/.local/lib/python3.7/site-packages/airflow/example_dags/example_branch_datetime_operator.py
[2022-06-15 07:25:57,821] {logging_mixin.py:115} INFO - [2022-06-15 07:25:57,821] {dag.py:2379} INFO - Sync 1 DAGs
[2022-06-15 07:25:58,168] {logging_mixin.py:115} INFO - [2022-06-15 07:25:58,167] {dag.py:2931} INFO - Setting next_dagrun for example_branch_datetime_operator_2 to 2022-06-14T00:00:00+00:00, run_after=2022-06-15T00:00:00+00:00
[2022-06-15 07:25:58,186] {processor.py:161} INFO - Processing /home/airflow/.local/lib/python3.7/site-packages/airflow/example_dags/example_branch_datetime_operator.py took 0.448 seconds
[2022-06-15 07:26:28,431] {processor.py:153} INFO - Started process (PID=482) to work on /home/airflow/.local/lib/python3.7/site-packages/airflow/example_dags/example_branch_datetime_operator.py
[2022-06-15 07:26:28,434] {processor.py:641} INFO - Processing file /home/airflow/.local/lib/python3.7/site-packages/airflow/example_dags/example_branch_datetime_operator.py for tasks to queue
[2022-06-15 07:26:28,436] {logging_mixin.py:115} INFO - [2022-06-15 07:26:28,436] {dagbag.py:507} INFO - Filling up the DagBag from /home/airflow/.local/lib/python3.7/site-packages/airflow/example_dags/example_branch_datetime_operator.py
[2022-06-15 07:26:28,465] {processor.py:651} INFO - DAG(s) dict_keys(['example_branch_datetime_operator_2']) retrieved from /home/airflow/.local/lib/python3.7/site-packages/airflow/example_dags/example_branch_datetime_operator.py
[2022-06-15 07:26:28,501] {logging_mixin.py:115} INFO - [2022-06-15 07:26:28,501] {dag.py:2379} INFO - Sync 1 DAGs
[2022-06-15 07:26:28,803] {logging_mixin.py:115} INFO - [2022-06-15 07:26:28,803] {dag.py:2931} INFO - Setting next_dagrun for example_branch_datetime_operator_2 to 2022-06-14T00:00:00+00:00, run_after=2022-06-15T00:00:00+00:00
[2022-06-15 07:26:28,826] {processor.py:161} INFO - Processing /home/airflow/.local/lib/python3.7/site-packages/airflow/example_dags/example_branch_datetime_operator.py took 0.404 seconds
[2022-06-15 07:26:59,290] {processor.py:153} INFO - Started process (PID=541) to work on /home/airflow/.local/lib/python3.7/site-packages/airflow/example_dags/example_branch_datetime_operator.py
[2022-06-15 07:26:59,291] {processor.py:641} INFO - Processing file /home/airflow/.local/lib/python3.7/site-packages/airflow/example_dags/example_branch_datetime_operator.py for tasks to queue
[2022-06-15 07:26:59,292] {logging_mixin.py:115} INFO - [2022-06-15 07:26:59,292] {dagbag.py:507} INFO - Filling up the DagBag from /home/airflow/.local/lib/python3.7/site-packages/airflow/example_dags/example_branch_datetime_operator.py
[2022-06-15 07:26:59,304] {processor.py:651} INFO - DAG(s) dict_keys(['example_branch_datetime_operator_2']) retrieved from /home/airflow/.local/lib/python3.7/site-packages/airflow/example_dags/example_branch_datetime_operator.py
[2022-06-15 07:26:59,359] {logging_mixin.py:115} INFO - [2022-06-15 07:26:59,359] {dag.py:2379} INFO - Sync 1 DAGs
[2022-06-15 07:26:59,753] {logging_mixin.py:115} INFO - [2022-06-15 07:26:59,753] {dag.py:2931} INFO - Setting next_dagrun for example_branch_datetime_operator_2 to 2022-06-14T00:00:00+00:00, run_after=2022-06-15T00:00:00+00:00
[2022-06-15 07:26:59,771] {processor.py:161} INFO - Processing /home/airflow/.local/lib/python3.7/site-packages/airflow/example_dags/example_branch_datetime_operator.py took 0.484 seconds
[2022-06-15 07:27:30,155] {processor.py:153} INFO - Started process (PID=609) to work on /home/airflow/.local/lib/python3.7/site-packages/airflow/example_dags/example_branch_datetime_operator.py
[2022-06-15 07:27:30,156] {processor.py:641} INFO - Processing file /home/airflow/.local/lib/python3.7/site-packages/airflow/example_dags/example_branch_datetime_operator.py for tasks to queue
[2022-06-15 07:27:30,158] {logging_mixin.py:115} INFO - [2022-06-15 07:27:30,158] {dagbag.py:507} INFO - Filling up the DagBag from /home/airflow/.local/lib/python3.7/site-packages/airflow/example_dags/example_branch_datetime_operator.py
[2022-06-15 07:27:30,167] {processor.py:651} INFO - DAG(s) dict_keys(['example_branch_datetime_operator_2']) retrieved from /home/airflow/.local/lib/python3.7/site-packages/airflow/example_dags/example_branch_datetime_operator.py
[2022-06-15 07:27:30,194] {logging_mixin.py:115} INFO - [2022-06-15 07:27:30,194] {dag.py:2379} INFO - Sync 1 DAGs
[2022-06-15 07:27:30,474] {logging_mixin.py:115} INFO - [2022-06-15 07:27:30,473] {dag.py:2931} INFO - Setting next_dagrun for example_branch_datetime_operator_2 to 2022-06-14T00:00:00+00:00, run_after=2022-06-15T00:00:00+00:00
[2022-06-15 07:27:30,483] {processor.py:161} INFO - Processing /home/airflow/.local/lib/python3.7/site-packages/airflow/example_dags/example_branch_datetime_operator.py took 0.330 seconds
[2022-06-15 07:28:01,002] {processor.py:153} INFO - Started process (PID=676) to work on /home/airflow/.local/lib/python3.7/site-packages/airflow/example_dags/example_branch_datetime_operator.py
[2022-06-15 07:28:01,004] {processor.py:641} INFO - Processing file /home/airflow/.local/lib/python3.7/site-packages/airflow/example_dags/example_branch_datetime_operator.py for tasks to queue
[2022-06-15 07:28:01,005] {logging_mixin.py:115} INFO - [2022-06-15 07:28:01,005] {dagbag.py:507} INFO - Filling up the DagBag from /home/airflow/.local/lib/python3.7/site-packages/airflow/example_dags/example_branch_datetime_operator.py
[2022-06-15 07:28:01,013] {processor.py:651} INFO - DAG(s) dict_keys(['example_branch_datetime_operator_2']) retrieved from /home/airflow/.local/lib/python3.7/site-packages/airflow/example_dags/example_branch_datetime_operator.py
[2022-06-15 07:28:01,043] {logging_mixin.py:115} INFO - [2022-06-15 07:28:01,043] {dag.py:2379} INFO - Sync 1 DAGs
[2022-06-15 07:28:01,308] {logging_mixin.py:115} INFO - [2022-06-15 07:28:01,307] {dag.py:2931} INFO - Setting next_dagrun for example_branch_datetime_operator_2 to 2022-06-14T00:00:00+00:00, run_after=2022-06-15T00:00:00+00:00
[2022-06-15 07:28:01,321] {processor.py:161} INFO - Processing /home/airflow/.local/lib/python3.7/site-packages/airflow/example_dags/example_branch_datetime_operator.py took 0.323 seconds
[2022-06-15 07:28:31,908] {processor.py:153} INFO - Started process (PID=744) to work on /home/airflow/.local/lib/python3.7/site-packages/airflow/example_dags/example_branch_datetime_operator.py
[2022-06-15 07:28:31,909] {processor.py:641} INFO - Processing file /home/airflow/.local/lib/python3.7/site-packages/airflow/example_dags/example_branch_datetime_operator.py for tasks to queue
[2022-06-15 07:28:31,914] {logging_mixin.py:115} INFO - [2022-06-15 07:28:31,914] {dagbag.py:507} INFO - Filling up the DagBag from /home/airflow/.local/lib/python3.7/site-packages/airflow/example_dags/example_branch_datetime_operator.py
[2022-06-15 07:28:31,930] {processor.py:651} INFO - DAG(s) dict_keys(['example_branch_datetime_operator_2']) retrieved from /home/airflow/.local/lib/python3.7/site-packages/airflow/example_dags/example_branch_datetime_operator.py
[2022-06-15 07:28:31,972] {logging_mixin.py:115} INFO - [2022-06-15 07:28:31,972] {dag.py:2379} INFO - Sync 1 DAGs
[2022-06-15 07:28:32,301] {logging_mixin.py:115} INFO - [2022-06-15 07:28:32,301] {dag.py:2931} INFO - Setting next_dagrun for example_branch_datetime_operator_2 to 2022-06-14T00:00:00+00:00, run_after=2022-06-15T00:00:00+00:00
[2022-06-15 07:28:32,313] {processor.py:161} INFO - Processing /home/airflow/.local/lib/python3.7/site-packages/airflow/example_dags/example_branch_datetime_operator.py took 0.409 seconds
[2022-06-15 07:29:03,450] {processor.py:153} INFO - Started process (PID=813) to work on /home/airflow/.local/lib/python3.7/site-packages/airflow/example_dags/example_branch_datetime_operator.py
[2022-06-15 07:29:03,454] {processor.py:641} INFO - Processing file /home/airflow/.local/lib/python3.7/site-packages/airflow/example_dags/example_branch_datetime_operator.py for tasks to queue
[2022-06-15 07:29:03,459] {logging_mixin.py:115} INFO - [2022-06-15 07:29:03,459] {dagbag.py:507} INFO - Filling up the DagBag from /home/airflow/.local/lib/python3.7/site-packages/airflow/example_dags/example_branch_datetime_operator.py
[2022-06-15 07:29:03,478] {processor.py:651} INFO - DAG(s) dict_keys(['example_branch_datetime_operator_2']) retrieved from /home/airflow/.local/lib/python3.7/site-packages/airflow/example_dags/example_branch_datetime_operator.py
[2022-06-15 07:29:03,512] {logging_mixin.py:115} INFO - [2022-06-15 07:29:03,512] {dag.py:2379} INFO - Sync 1 DAGs
[2022-06-15 07:29:03,653] {logging_mixin.py:115} INFO - [2022-06-15 07:29:03,653] {dag.py:2931} INFO - Setting next_dagrun for example_branch_datetime_operator_2 to 2022-06-14T00:00:00+00:00, run_after=2022-06-15T00:00:00+00:00
[2022-06-15 07:29:03,661] {processor.py:161} INFO - Processing /home/airflow/.local/lib/python3.7/site-packages/airflow/example_dags/example_branch_datetime_operator.py took 0.218 seconds
[2022-06-15 07:29:34,288] {processor.py:153} INFO - Started process (PID=881) to work on /home/airflow/.local/lib/python3.7/site-packages/airflow/example_dags/example_branch_datetime_operator.py
[2022-06-15 07:29:34,290] {processor.py:641} INFO - Processing file /home/airflow/.local/lib/python3.7/site-packages/airflow/example_dags/example_branch_datetime_operator.py for tasks to queue
[2022-06-15 07:29:34,292] {logging_mixin.py:115} INFO - [2022-06-15 07:29:34,292] {dagbag.py:507} INFO - Filling up the DagBag from /home/airflow/.local/lib/python3.7/site-packages/airflow/example_dags/example_branch_datetime_operator.py
[2022-06-15 07:29:34,305] {processor.py:651} INFO - DAG(s) dict_keys(['example_branch_datetime_operator_2']) retrieved from /home/airflow/.local/lib/python3.7/site-packages/airflow/example_dags/example_branch_datetime_operator.py
[2022-06-15 07:29:34,331] {logging_mixin.py:115} INFO - [2022-06-15 07:29:34,331] {dag.py:2379} INFO - Sync 1 DAGs
[2022-06-15 07:29:34,466] {logging_mixin.py:115} INFO - [2022-06-15 07:29:34,466] {dag.py:2931} INFO - Setting next_dagrun for example_branch_datetime_operator_2 to 2022-06-14T00:00:00+00:00, run_after=2022-06-15T00:00:00+00:00
[2022-06-15 07:29:34,476] {processor.py:161} INFO - Processing /home/airflow/.local/lib/python3.7/site-packages/airflow/example_dags/example_branch_datetime_operator.py took 0.192 seconds
