[2022-06-15 07:09:15,089] {processor.py:153} INFO - Started process (PID=95) to work on /home/airflow/.local/lib/python3.7/site-packages/airflow/example_dags/example_external_task_marker_dag.py
[2022-06-15 07:09:15,091] {processor.py:641} INFO - Processing file /home/airflow/.local/lib/python3.7/site-packages/airflow/example_dags/example_external_task_marker_dag.py for tasks to queue
[2022-06-15 07:09:15,092] {logging_mixin.py:115} INFO - [2022-06-15 07:09:15,092] {dagbag.py:507} INFO - Filling up the DagBag from /home/airflow/.local/lib/python3.7/site-packages/airflow/example_dags/example_external_task_marker_dag.py
[2022-06-15 07:09:15,099] {processor.py:651} INFO - DAG(s) dict_keys(['example_external_task_marker_parent', 'example_external_task_marker_child']) retrieved from /home/airflow/.local/lib/python3.7/site-packages/airflow/example_dags/example_external_task_marker_dag.py
[2022-06-15 07:09:15,312] {logging_mixin.py:115} INFO - [2022-06-15 07:09:15,312] {manager.py:508} INFO - Created Permission View: can delete on DAG:example_external_task_marker_parent
[2022-06-15 07:09:15,319] {logging_mixin.py:115} INFO - [2022-06-15 07:09:15,319] {manager.py:508} INFO - Created Permission View: can read on DAG:example_external_task_marker_parent
[2022-06-15 07:09:15,324] {logging_mixin.py:115} INFO - [2022-06-15 07:09:15,324] {manager.py:508} INFO - Created Permission View: can edit on DAG:example_external_task_marker_parent
[2022-06-15 07:09:15,345] {logging_mixin.py:115} INFO - [2022-06-15 07:09:15,345] {manager.py:508} INFO - Created Permission View: can delete on DAG:example_external_task_marker_child
[2022-06-15 07:09:15,350] {logging_mixin.py:115} INFO - [2022-06-15 07:09:15,350] {manager.py:508} INFO - Created Permission View: can read on DAG:example_external_task_marker_child
[2022-06-15 07:09:15,356] {logging_mixin.py:115} INFO - [2022-06-15 07:09:15,356] {manager.py:508} INFO - Created Permission View: can edit on DAG:example_external_task_marker_child
[2022-06-15 07:09:15,357] {logging_mixin.py:115} INFO - [2022-06-15 07:09:15,357] {dag.py:2379} INFO - Sync 2 DAGs
[2022-06-15 07:09:15,362] {logging_mixin.py:115} INFO - [2022-06-15 07:09:15,362] {dag.py:2398} INFO - Creating ORM DAG for example_external_task_marker_child
[2022-06-15 07:09:15,364] {logging_mixin.py:115} INFO - [2022-06-15 07:09:15,364] {dag.py:2398} INFO - Creating ORM DAG for example_external_task_marker_parent
[2022-06-15 07:09:15,371] {logging_mixin.py:115} INFO - [2022-06-15 07:09:15,371] {dag.py:2931} INFO - Setting next_dagrun for example_external_task_marker_child to None, run_after=None
[2022-06-15 07:09:15,372] {logging_mixin.py:115} INFO - [2022-06-15 07:09:15,372] {dag.py:2931} INFO - Setting next_dagrun for example_external_task_marker_parent to None, run_after=None
[2022-06-15 07:09:15,381] {processor.py:161} INFO - Processing /home/airflow/.local/lib/python3.7/site-packages/airflow/example_dags/example_external_task_marker_dag.py took 0.297 seconds
[2022-06-15 07:09:46,113] {processor.py:153} INFO - Started process (PID=151) to work on /home/airflow/.local/lib/python3.7/site-packages/airflow/example_dags/example_external_task_marker_dag.py
[2022-06-15 07:09:46,114] {processor.py:641} INFO - Processing file /home/airflow/.local/lib/python3.7/site-packages/airflow/example_dags/example_external_task_marker_dag.py for tasks to queue
[2022-06-15 07:09:46,115] {logging_mixin.py:115} INFO - [2022-06-15 07:09:46,115] {dagbag.py:507} INFO - Filling up the DagBag from /home/airflow/.local/lib/python3.7/site-packages/airflow/example_dags/example_external_task_marker_dag.py
[2022-06-15 07:09:46,119] {processor.py:651} INFO - DAG(s) dict_keys(['example_external_task_marker_parent', 'example_external_task_marker_child']) retrieved from /home/airflow/.local/lib/python3.7/site-packages/airflow/example_dags/example_external_task_marker_dag.py
[2022-06-15 07:09:46,162] {logging_mixin.py:115} INFO - [2022-06-15 07:09:46,161] {dag.py:2379} INFO - Sync 2 DAGs
[2022-06-15 07:09:46,252] {logging_mixin.py:115} INFO - [2022-06-15 07:09:46,252] {dag.py:2931} INFO - Setting next_dagrun for example_external_task_marker_child to None, run_after=None
[2022-06-15 07:09:46,254] {logging_mixin.py:115} INFO - [2022-06-15 07:09:46,254] {dag.py:2931} INFO - Setting next_dagrun for example_external_task_marker_parent to None, run_after=None
[2022-06-15 07:09:46,261] {processor.py:161} INFO - Processing /home/airflow/.local/lib/python3.7/site-packages/airflow/example_dags/example_external_task_marker_dag.py took 0.151 seconds
[2022-06-15 07:10:16,986] {processor.py:153} INFO - Started process (PID=221) to work on /home/airflow/.local/lib/python3.7/site-packages/airflow/example_dags/example_external_task_marker_dag.py
[2022-06-15 07:10:16,993] {processor.py:641} INFO - Processing file /home/airflow/.local/lib/python3.7/site-packages/airflow/example_dags/example_external_task_marker_dag.py for tasks to queue
[2022-06-15 07:10:16,995] {logging_mixin.py:115} INFO - [2022-06-15 07:10:16,994] {dagbag.py:507} INFO - Filling up the DagBag from /home/airflow/.local/lib/python3.7/site-packages/airflow/example_dags/example_external_task_marker_dag.py
[2022-06-15 07:10:17,000] {processor.py:651} INFO - DAG(s) dict_keys(['example_external_task_marker_parent', 'example_external_task_marker_child']) retrieved from /home/airflow/.local/lib/python3.7/site-packages/airflow/example_dags/example_external_task_marker_dag.py
[2022-06-15 07:10:17,040] {logging_mixin.py:115} INFO - [2022-06-15 07:10:17,040] {dag.py:2379} INFO - Sync 2 DAGs
[2022-06-15 07:10:17,162] {logging_mixin.py:115} INFO - [2022-06-15 07:10:17,162] {dag.py:2931} INFO - Setting next_dagrun for example_external_task_marker_child to None, run_after=None
[2022-06-15 07:10:17,163] {logging_mixin.py:115} INFO - [2022-06-15 07:10:17,163] {dag.py:2931} INFO - Setting next_dagrun for example_external_task_marker_parent to None, run_after=None
[2022-06-15 07:10:17,173] {processor.py:161} INFO - Processing /home/airflow/.local/lib/python3.7/site-packages/airflow/example_dags/example_external_task_marker_dag.py took 0.191 seconds
[2022-06-15 07:10:47,216] {processor.py:153} INFO - Started process (PID=289) to work on /home/airflow/.local/lib/python3.7/site-packages/airflow/example_dags/example_external_task_marker_dag.py
[2022-06-15 07:10:47,217] {processor.py:641} INFO - Processing file /home/airflow/.local/lib/python3.7/site-packages/airflow/example_dags/example_external_task_marker_dag.py for tasks to queue
[2022-06-15 07:10:47,218] {logging_mixin.py:115} INFO - [2022-06-15 07:10:47,218] {dagbag.py:507} INFO - Filling up the DagBag from /home/airflow/.local/lib/python3.7/site-packages/airflow/example_dags/example_external_task_marker_dag.py
[2022-06-15 07:10:47,222] {processor.py:651} INFO - DAG(s) dict_keys(['example_external_task_marker_parent', 'example_external_task_marker_child']) retrieved from /home/airflow/.local/lib/python3.7/site-packages/airflow/example_dags/example_external_task_marker_dag.py
[2022-06-15 07:10:47,253] {logging_mixin.py:115} INFO - [2022-06-15 07:10:47,253] {dag.py:2379} INFO - Sync 2 DAGs
[2022-06-15 07:10:47,358] {logging_mixin.py:115} INFO - [2022-06-15 07:10:47,358] {dag.py:2931} INFO - Setting next_dagrun for example_external_task_marker_child to None, run_after=None
[2022-06-15 07:10:47,359] {logging_mixin.py:115} INFO - [2022-06-15 07:10:47,359] {dag.py:2931} INFO - Setting next_dagrun for example_external_task_marker_parent to None, run_after=None
[2022-06-15 07:10:47,366] {processor.py:161} INFO - Processing /home/airflow/.local/lib/python3.7/site-packages/airflow/example_dags/example_external_task_marker_dag.py took 0.153 seconds
[2022-06-15 07:14:49,229] {processor.py:153} INFO - Started process (PID=84) to work on /home/airflow/.local/lib/python3.7/site-packages/airflow/example_dags/example_external_task_marker_dag.py
[2022-06-15 07:14:49,245] {processor.py:641} INFO - Processing file /home/airflow/.local/lib/python3.7/site-packages/airflow/example_dags/example_external_task_marker_dag.py for tasks to queue
[2022-06-15 07:14:49,380] {logging_mixin.py:115} INFO - [2022-06-15 07:14:49,376] {dagbag.py:507} INFO - Filling up the DagBag from /home/airflow/.local/lib/python3.7/site-packages/airflow/example_dags/example_external_task_marker_dag.py
[2022-06-15 07:14:49,689] {processor.py:651} INFO - DAG(s) dict_keys(['example_external_task_marker_parent', 'example_external_task_marker_child']) retrieved from /home/airflow/.local/lib/python3.7/site-packages/airflow/example_dags/example_external_task_marker_dag.py
[2022-06-15 07:14:58,276] {logging_mixin.py:115} INFO - [2022-06-15 07:14:58,263] {dag.py:2379} INFO - Sync 2 DAGs
[2022-06-15 07:14:59,031] {logging_mixin.py:115} INFO - [2022-06-15 07:14:59,021] {dag.py:2931} INFO - Setting next_dagrun for example_external_task_marker_child to None, run_after=None
[2022-06-15 07:14:59,042] {logging_mixin.py:115} INFO - [2022-06-15 07:14:59,041] {dag.py:2931} INFO - Setting next_dagrun for example_external_task_marker_parent to None, run_after=None
[2022-06-15 07:14:59,237] {processor.py:161} INFO - Processing /home/airflow/.local/lib/python3.7/site-packages/airflow/example_dags/example_external_task_marker_dag.py took 10.136 seconds
[2022-06-15 07:15:30,018] {processor.py:153} INFO - Started process (PID=142) to work on /home/airflow/.local/lib/python3.7/site-packages/airflow/example_dags/example_external_task_marker_dag.py
[2022-06-15 07:15:30,021] {processor.py:641} INFO - Processing file /home/airflow/.local/lib/python3.7/site-packages/airflow/example_dags/example_external_task_marker_dag.py for tasks to queue
[2022-06-15 07:15:30,023] {logging_mixin.py:115} INFO - [2022-06-15 07:15:30,023] {dagbag.py:507} INFO - Filling up the DagBag from /home/airflow/.local/lib/python3.7/site-packages/airflow/example_dags/example_external_task_marker_dag.py
[2022-06-15 07:15:30,039] {processor.py:651} INFO - DAG(s) dict_keys(['example_external_task_marker_parent', 'example_external_task_marker_child']) retrieved from /home/airflow/.local/lib/python3.7/site-packages/airflow/example_dags/example_external_task_marker_dag.py
[2022-06-15 07:15:30,111] {logging_mixin.py:115} INFO - [2022-06-15 07:15:30,111] {dag.py:2379} INFO - Sync 2 DAGs
[2022-06-15 07:15:30,137] {logging_mixin.py:115} INFO - [2022-06-15 07:15:30,137] {dag.py:2931} INFO - Setting next_dagrun for example_external_task_marker_child to None, run_after=None
[2022-06-15 07:15:30,138] {logging_mixin.py:115} INFO - [2022-06-15 07:15:30,138] {dag.py:2931} INFO - Setting next_dagrun for example_external_task_marker_parent to None, run_after=None
[2022-06-15 07:15:30,154] {processor.py:161} INFO - Processing /home/airflow/.local/lib/python3.7/site-packages/airflow/example_dags/example_external_task_marker_dag.py took 0.146 seconds
[2022-06-15 07:16:01,069] {processor.py:153} INFO - Started process (PID=207) to work on /home/airflow/.local/lib/python3.7/site-packages/airflow/example_dags/example_external_task_marker_dag.py
[2022-06-15 07:16:01,072] {processor.py:641} INFO - Processing file /home/airflow/.local/lib/python3.7/site-packages/airflow/example_dags/example_external_task_marker_dag.py for tasks to queue
[2022-06-15 07:16:01,074] {logging_mixin.py:115} INFO - [2022-06-15 07:16:01,074] {dagbag.py:507} INFO - Filling up the DagBag from /home/airflow/.local/lib/python3.7/site-packages/airflow/example_dags/example_external_task_marker_dag.py
[2022-06-15 07:16:01,088] {processor.py:651} INFO - DAG(s) dict_keys(['example_external_task_marker_parent', 'example_external_task_marker_child']) retrieved from /home/airflow/.local/lib/python3.7/site-packages/airflow/example_dags/example_external_task_marker_dag.py
[2022-06-15 07:16:01,158] {logging_mixin.py:115} INFO - [2022-06-15 07:16:01,158] {dag.py:2379} INFO - Sync 2 DAGs
[2022-06-15 07:16:01,188] {logging_mixin.py:115} INFO - [2022-06-15 07:16:01,188] {dag.py:2931} INFO - Setting next_dagrun for example_external_task_marker_child to None, run_after=None
[2022-06-15 07:16:01,192] {logging_mixin.py:115} INFO - [2022-06-15 07:16:01,192] {dag.py:2931} INFO - Setting next_dagrun for example_external_task_marker_parent to None, run_after=None
[2022-06-15 07:16:01,203] {processor.py:161} INFO - Processing /home/airflow/.local/lib/python3.7/site-packages/airflow/example_dags/example_external_task_marker_dag.py took 0.141 seconds
[2022-06-15 07:16:31,761] {processor.py:153} INFO - Started process (PID=277) to work on /home/airflow/.local/lib/python3.7/site-packages/airflow/example_dags/example_external_task_marker_dag.py
[2022-06-15 07:16:31,764] {processor.py:641} INFO - Processing file /home/airflow/.local/lib/python3.7/site-packages/airflow/example_dags/example_external_task_marker_dag.py for tasks to queue
[2022-06-15 07:16:31,768] {logging_mixin.py:115} INFO - [2022-06-15 07:16:31,768] {dagbag.py:507} INFO - Filling up the DagBag from /home/airflow/.local/lib/python3.7/site-packages/airflow/example_dags/example_external_task_marker_dag.py
[2022-06-15 07:16:31,775] {processor.py:651} INFO - DAG(s) dict_keys(['example_external_task_marker_parent', 'example_external_task_marker_child']) retrieved from /home/airflow/.local/lib/python3.7/site-packages/airflow/example_dags/example_external_task_marker_dag.py
[2022-06-15 07:16:31,836] {logging_mixin.py:115} INFO - [2022-06-15 07:16:31,836] {dag.py:2379} INFO - Sync 2 DAGs
[2022-06-15 07:16:31,856] {logging_mixin.py:115} INFO - [2022-06-15 07:16:31,856] {dag.py:2931} INFO - Setting next_dagrun for example_external_task_marker_child to None, run_after=None
[2022-06-15 07:16:31,858] {logging_mixin.py:115} INFO - [2022-06-15 07:16:31,858] {dag.py:2931} INFO - Setting next_dagrun for example_external_task_marker_parent to None, run_after=None
[2022-06-15 07:16:31,868] {processor.py:161} INFO - Processing /home/airflow/.local/lib/python3.7/site-packages/airflow/example_dags/example_external_task_marker_dag.py took 0.112 seconds
[2022-06-15 07:23:24,381] {processor.py:153} INFO - Started process (PID=93) to work on /home/airflow/.local/lib/python3.7/site-packages/airflow/example_dags/example_external_task_marker_dag.py
[2022-06-15 07:23:24,383] {processor.py:641} INFO - Processing file /home/airflow/.local/lib/python3.7/site-packages/airflow/example_dags/example_external_task_marker_dag.py for tasks to queue
[2022-06-15 07:23:24,384] {logging_mixin.py:115} INFO - [2022-06-15 07:23:24,384] {dagbag.py:507} INFO - Filling up the DagBag from /home/airflow/.local/lib/python3.7/site-packages/airflow/example_dags/example_external_task_marker_dag.py
[2022-06-15 07:23:24,388] {processor.py:651} INFO - DAG(s) dict_keys(['example_external_task_marker_parent', 'example_external_task_marker_child']) retrieved from /home/airflow/.local/lib/python3.7/site-packages/airflow/example_dags/example_external_task_marker_dag.py
[2022-06-15 07:23:24,416] {logging_mixin.py:115} INFO - [2022-06-15 07:23:24,416] {dag.py:2379} INFO - Sync 2 DAGs
[2022-06-15 07:23:24,522] {logging_mixin.py:115} INFO - [2022-06-15 07:23:24,522] {dag.py:2931} INFO - Setting next_dagrun for example_external_task_marker_child to None, run_after=None
[2022-06-15 07:23:24,524] {logging_mixin.py:115} INFO - [2022-06-15 07:23:24,524] {dag.py:2931} INFO - Setting next_dagrun for example_external_task_marker_parent to None, run_after=None
[2022-06-15 07:23:24,531] {processor.py:161} INFO - Processing /home/airflow/.local/lib/python3.7/site-packages/airflow/example_dags/example_external_task_marker_dag.py took 0.152 seconds
[2022-06-15 07:23:55,105] {processor.py:153} INFO - Started process (PID=159) to work on /home/airflow/.local/lib/python3.7/site-packages/airflow/example_dags/example_external_task_marker_dag.py
[2022-06-15 07:23:55,108] {processor.py:641} INFO - Processing file /home/airflow/.local/lib/python3.7/site-packages/airflow/example_dags/example_external_task_marker_dag.py for tasks to queue
[2022-06-15 07:23:55,109] {logging_mixin.py:115} INFO - [2022-06-15 07:23:55,109] {dagbag.py:507} INFO - Filling up the DagBag from /home/airflow/.local/lib/python3.7/site-packages/airflow/example_dags/example_external_task_marker_dag.py
[2022-06-15 07:23:55,114] {processor.py:651} INFO - DAG(s) dict_keys(['example_external_task_marker_parent', 'example_external_task_marker_child']) retrieved from /home/airflow/.local/lib/python3.7/site-packages/airflow/example_dags/example_external_task_marker_dag.py
[2022-06-15 07:23:55,156] {logging_mixin.py:115} INFO - [2022-06-15 07:23:55,156] {dag.py:2379} INFO - Sync 2 DAGs
[2022-06-15 07:23:55,304] {logging_mixin.py:115} INFO - [2022-06-15 07:23:55,304] {dag.py:2931} INFO - Setting next_dagrun for example_external_task_marker_child to None, run_after=None
[2022-06-15 07:23:55,306] {logging_mixin.py:115} INFO - [2022-06-15 07:23:55,306] {dag.py:2931} INFO - Setting next_dagrun for example_external_task_marker_parent to None, run_after=None
[2022-06-15 07:23:55,320] {processor.py:161} INFO - Processing /home/airflow/.local/lib/python3.7/site-packages/airflow/example_dags/example_external_task_marker_dag.py took 0.218 seconds
[2022-06-15 07:24:26,728] {processor.py:153} INFO - Started process (PID=228) to work on /home/airflow/.local/lib/python3.7/site-packages/airflow/example_dags/example_external_task_marker_dag.py
[2022-06-15 07:24:26,730] {processor.py:641} INFO - Processing file /home/airflow/.local/lib/python3.7/site-packages/airflow/example_dags/example_external_task_marker_dag.py for tasks to queue
[2022-06-15 07:24:26,731] {logging_mixin.py:115} INFO - [2022-06-15 07:24:26,731] {dagbag.py:507} INFO - Filling up the DagBag from /home/airflow/.local/lib/python3.7/site-packages/airflow/example_dags/example_external_task_marker_dag.py
[2022-06-15 07:24:26,735] {processor.py:651} INFO - DAG(s) dict_keys(['example_external_task_marker_parent', 'example_external_task_marker_child']) retrieved from /home/airflow/.local/lib/python3.7/site-packages/airflow/example_dags/example_external_task_marker_dag.py
[2022-06-15 07:24:26,771] {logging_mixin.py:115} INFO - [2022-06-15 07:24:26,771] {dag.py:2379} INFO - Sync 2 DAGs
[2022-06-15 07:24:26,880] {logging_mixin.py:115} INFO - [2022-06-15 07:24:26,880] {dag.py:2931} INFO - Setting next_dagrun for example_external_task_marker_child to None, run_after=None
[2022-06-15 07:24:26,881] {logging_mixin.py:115} INFO - [2022-06-15 07:24:26,881] {dag.py:2931} INFO - Setting next_dagrun for example_external_task_marker_parent to None, run_after=None
[2022-06-15 07:24:26,889] {processor.py:161} INFO - Processing /home/airflow/.local/lib/python3.7/site-packages/airflow/example_dags/example_external_task_marker_dag.py took 0.163 seconds
[2022-06-15 07:24:57,976] {processor.py:153} INFO - Started process (PID=288) to work on /home/airflow/.local/lib/python3.7/site-packages/airflow/example_dags/example_external_task_marker_dag.py
[2022-06-15 07:24:57,977] {processor.py:641} INFO - Processing file /home/airflow/.local/lib/python3.7/site-packages/airflow/example_dags/example_external_task_marker_dag.py for tasks to queue
[2022-06-15 07:24:57,978] {logging_mixin.py:115} INFO - [2022-06-15 07:24:57,978] {dagbag.py:507} INFO - Filling up the DagBag from /home/airflow/.local/lib/python3.7/site-packages/airflow/example_dags/example_external_task_marker_dag.py
[2022-06-15 07:24:57,983] {processor.py:651} INFO - DAG(s) dict_keys(['example_external_task_marker_parent', 'example_external_task_marker_child']) retrieved from /home/airflow/.local/lib/python3.7/site-packages/airflow/example_dags/example_external_task_marker_dag.py
[2022-06-15 07:24:58,011] {logging_mixin.py:115} INFO - [2022-06-15 07:24:58,011] {dag.py:2379} INFO - Sync 2 DAGs
[2022-06-15 07:24:58,109] {logging_mixin.py:115} INFO - [2022-06-15 07:24:58,109] {dag.py:2931} INFO - Setting next_dagrun for example_external_task_marker_child to None, run_after=None
[2022-06-15 07:24:58,110] {logging_mixin.py:115} INFO - [2022-06-15 07:24:58,110] {dag.py:2931} INFO - Setting next_dagrun for example_external_task_marker_parent to None, run_after=None
[2022-06-15 07:24:58,118] {processor.py:161} INFO - Processing /home/airflow/.local/lib/python3.7/site-packages/airflow/example_dags/example_external_task_marker_dag.py took 0.144 seconds
[2022-06-15 07:25:28,163] {processor.py:153} INFO - Started process (PID=356) to work on /home/airflow/.local/lib/python3.7/site-packages/airflow/example_dags/example_external_task_marker_dag.py
[2022-06-15 07:25:28,165] {processor.py:641} INFO - Processing file /home/airflow/.local/lib/python3.7/site-packages/airflow/example_dags/example_external_task_marker_dag.py for tasks to queue
[2022-06-15 07:25:28,167] {logging_mixin.py:115} INFO - [2022-06-15 07:25:28,167] {dagbag.py:507} INFO - Filling up the DagBag from /home/airflow/.local/lib/python3.7/site-packages/airflow/example_dags/example_external_task_marker_dag.py
[2022-06-15 07:25:28,173] {processor.py:651} INFO - DAG(s) dict_keys(['example_external_task_marker_parent', 'example_external_task_marker_child']) retrieved from /home/airflow/.local/lib/python3.7/site-packages/airflow/example_dags/example_external_task_marker_dag.py
[2022-06-15 07:25:28,226] {logging_mixin.py:115} INFO - [2022-06-15 07:25:28,226] {dag.py:2379} INFO - Sync 2 DAGs
[2022-06-15 07:25:28,326] {logging_mixin.py:115} INFO - [2022-06-15 07:25:28,326] {dag.py:2931} INFO - Setting next_dagrun for example_external_task_marker_child to None, run_after=None
[2022-06-15 07:25:28,327] {logging_mixin.py:115} INFO - [2022-06-15 07:25:28,327] {dag.py:2931} INFO - Setting next_dagrun for example_external_task_marker_parent to None, run_after=None
[2022-06-15 07:25:28,335] {processor.py:161} INFO - Processing /home/airflow/.local/lib/python3.7/site-packages/airflow/example_dags/example_external_task_marker_dag.py took 0.174 seconds
[2022-06-15 07:25:59,145] {processor.py:153} INFO - Started process (PID=425) to work on /home/airflow/.local/lib/python3.7/site-packages/airflow/example_dags/example_external_task_marker_dag.py
[2022-06-15 07:25:59,152] {processor.py:641} INFO - Processing file /home/airflow/.local/lib/python3.7/site-packages/airflow/example_dags/example_external_task_marker_dag.py for tasks to queue
[2022-06-15 07:25:59,154] {logging_mixin.py:115} INFO - [2022-06-15 07:25:59,154] {dagbag.py:507} INFO - Filling up the DagBag from /home/airflow/.local/lib/python3.7/site-packages/airflow/example_dags/example_external_task_marker_dag.py
[2022-06-15 07:25:59,161] {processor.py:651} INFO - DAG(s) dict_keys(['example_external_task_marker_parent', 'example_external_task_marker_child']) retrieved from /home/airflow/.local/lib/python3.7/site-packages/airflow/example_dags/example_external_task_marker_dag.py
[2022-06-15 07:25:59,195] {logging_mixin.py:115} INFO - [2022-06-15 07:25:59,195] {dag.py:2379} INFO - Sync 2 DAGs
[2022-06-15 07:25:59,315] {logging_mixin.py:115} INFO - [2022-06-15 07:25:59,315] {dag.py:2931} INFO - Setting next_dagrun for example_external_task_marker_child to None, run_after=None
[2022-06-15 07:25:59,316] {logging_mixin.py:115} INFO - [2022-06-15 07:25:59,316] {dag.py:2931} INFO - Setting next_dagrun for example_external_task_marker_parent to None, run_after=None
[2022-06-15 07:25:59,324] {processor.py:161} INFO - Processing /home/airflow/.local/lib/python3.7/site-packages/airflow/example_dags/example_external_task_marker_dag.py took 0.181 seconds
[2022-06-15 07:26:29,572] {processor.py:153} INFO - Started process (PID=493) to work on /home/airflow/.local/lib/python3.7/site-packages/airflow/example_dags/example_external_task_marker_dag.py
[2022-06-15 07:26:29,573] {processor.py:641} INFO - Processing file /home/airflow/.local/lib/python3.7/site-packages/airflow/example_dags/example_external_task_marker_dag.py for tasks to queue
[2022-06-15 07:26:29,574] {logging_mixin.py:115} INFO - [2022-06-15 07:26:29,573] {dagbag.py:507} INFO - Filling up the DagBag from /home/airflow/.local/lib/python3.7/site-packages/airflow/example_dags/example_external_task_marker_dag.py
[2022-06-15 07:26:29,577] {processor.py:651} INFO - DAG(s) dict_keys(['example_external_task_marker_parent', 'example_external_task_marker_child']) retrieved from /home/airflow/.local/lib/python3.7/site-packages/airflow/example_dags/example_external_task_marker_dag.py
[2022-06-15 07:26:29,606] {logging_mixin.py:115} INFO - [2022-06-15 07:26:29,606] {dag.py:2379} INFO - Sync 2 DAGs
[2022-06-15 07:26:29,719] {logging_mixin.py:115} INFO - [2022-06-15 07:26:29,719] {dag.py:2931} INFO - Setting next_dagrun for example_external_task_marker_child to None, run_after=None
[2022-06-15 07:26:29,721] {logging_mixin.py:115} INFO - [2022-06-15 07:26:29,721] {dag.py:2931} INFO - Setting next_dagrun for example_external_task_marker_parent to None, run_after=None
[2022-06-15 07:26:29,728] {processor.py:161} INFO - Processing /home/airflow/.local/lib/python3.7/site-packages/airflow/example_dags/example_external_task_marker_dag.py took 0.158 seconds
[2022-06-15 07:27:00,536] {processor.py:153} INFO - Started process (PID=560) to work on /home/airflow/.local/lib/python3.7/site-packages/airflow/example_dags/example_external_task_marker_dag.py
[2022-06-15 07:27:00,539] {processor.py:641} INFO - Processing file /home/airflow/.local/lib/python3.7/site-packages/airflow/example_dags/example_external_task_marker_dag.py for tasks to queue
[2022-06-15 07:27:00,540] {logging_mixin.py:115} INFO - [2022-06-15 07:27:00,540] {dagbag.py:507} INFO - Filling up the DagBag from /home/airflow/.local/lib/python3.7/site-packages/airflow/example_dags/example_external_task_marker_dag.py
[2022-06-15 07:27:00,549] {processor.py:651} INFO - DAG(s) dict_keys(['example_external_task_marker_parent', 'example_external_task_marker_child']) retrieved from /home/airflow/.local/lib/python3.7/site-packages/airflow/example_dags/example_external_task_marker_dag.py
[2022-06-15 07:27:00,593] {logging_mixin.py:115} INFO - [2022-06-15 07:27:00,593] {dag.py:2379} INFO - Sync 2 DAGs
[2022-06-15 07:27:00,796] {logging_mixin.py:115} INFO - [2022-06-15 07:27:00,796] {dag.py:2931} INFO - Setting next_dagrun for example_external_task_marker_child to None, run_after=None
[2022-06-15 07:27:00,799] {logging_mixin.py:115} INFO - [2022-06-15 07:27:00,798] {dag.py:2931} INFO - Setting next_dagrun for example_external_task_marker_parent to None, run_after=None
[2022-06-15 07:27:00,813] {processor.py:161} INFO - Processing /home/airflow/.local/lib/python3.7/site-packages/airflow/example_dags/example_external_task_marker_dag.py took 0.280 seconds
[2022-06-15 07:27:31,229] {processor.py:153} INFO - Started process (PID=618) to work on /home/airflow/.local/lib/python3.7/site-packages/airflow/example_dags/example_external_task_marker_dag.py
[2022-06-15 07:27:31,231] {processor.py:641} INFO - Processing file /home/airflow/.local/lib/python3.7/site-packages/airflow/example_dags/example_external_task_marker_dag.py for tasks to queue
[2022-06-15 07:27:31,232] {logging_mixin.py:115} INFO - [2022-06-15 07:27:31,232] {dagbag.py:507} INFO - Filling up the DagBag from /home/airflow/.local/lib/python3.7/site-packages/airflow/example_dags/example_external_task_marker_dag.py
[2022-06-15 07:27:31,238] {processor.py:651} INFO - DAG(s) dict_keys(['example_external_task_marker_parent', 'example_external_task_marker_child']) retrieved from /home/airflow/.local/lib/python3.7/site-packages/airflow/example_dags/example_external_task_marker_dag.py
[2022-06-15 07:27:31,279] {logging_mixin.py:115} INFO - [2022-06-15 07:27:31,279] {dag.py:2379} INFO - Sync 2 DAGs
[2022-06-15 07:27:31,407] {logging_mixin.py:115} INFO - [2022-06-15 07:27:31,407] {dag.py:2931} INFO - Setting next_dagrun for example_external_task_marker_child to None, run_after=None
[2022-06-15 07:27:31,408] {logging_mixin.py:115} INFO - [2022-06-15 07:27:31,408] {dag.py:2931} INFO - Setting next_dagrun for example_external_task_marker_parent to None, run_after=None
[2022-06-15 07:27:31,416] {processor.py:161} INFO - Processing /home/airflow/.local/lib/python3.7/site-packages/airflow/example_dags/example_external_task_marker_dag.py took 0.191 seconds
[2022-06-15 07:28:02,588] {processor.py:153} INFO - Started process (PID=687) to work on /home/airflow/.local/lib/python3.7/site-packages/airflow/example_dags/example_external_task_marker_dag.py
[2022-06-15 07:28:02,590] {processor.py:641} INFO - Processing file /home/airflow/.local/lib/python3.7/site-packages/airflow/example_dags/example_external_task_marker_dag.py for tasks to queue
[2022-06-15 07:28:02,590] {logging_mixin.py:115} INFO - [2022-06-15 07:28:02,590] {dagbag.py:507} INFO - Filling up the DagBag from /home/airflow/.local/lib/python3.7/site-packages/airflow/example_dags/example_external_task_marker_dag.py
[2022-06-15 07:28:02,596] {processor.py:651} INFO - DAG(s) dict_keys(['example_external_task_marker_parent', 'example_external_task_marker_child']) retrieved from /home/airflow/.local/lib/python3.7/site-packages/airflow/example_dags/example_external_task_marker_dag.py
[2022-06-15 07:28:02,627] {logging_mixin.py:115} INFO - [2022-06-15 07:28:02,627] {dag.py:2379} INFO - Sync 2 DAGs
[2022-06-15 07:28:02,726] {logging_mixin.py:115} INFO - [2022-06-15 07:28:02,726] {dag.py:2931} INFO - Setting next_dagrun for example_external_task_marker_child to None, run_after=None
[2022-06-15 07:28:02,727] {logging_mixin.py:115} INFO - [2022-06-15 07:28:02,727] {dag.py:2931} INFO - Setting next_dagrun for example_external_task_marker_parent to None, run_after=None
[2022-06-15 07:28:02,734] {processor.py:161} INFO - Processing /home/airflow/.local/lib/python3.7/site-packages/airflow/example_dags/example_external_task_marker_dag.py took 0.149 seconds
[2022-06-15 07:28:33,860] {processor.py:153} INFO - Started process (PID=755) to work on /home/airflow/.local/lib/python3.7/site-packages/airflow/example_dags/example_external_task_marker_dag.py
[2022-06-15 07:28:33,862] {processor.py:641} INFO - Processing file /home/airflow/.local/lib/python3.7/site-packages/airflow/example_dags/example_external_task_marker_dag.py for tasks to queue
[2022-06-15 07:28:33,863] {logging_mixin.py:115} INFO - [2022-06-15 07:28:33,863] {dagbag.py:507} INFO - Filling up the DagBag from /home/airflow/.local/lib/python3.7/site-packages/airflow/example_dags/example_external_task_marker_dag.py
[2022-06-15 07:28:33,867] {processor.py:651} INFO - DAG(s) dict_keys(['example_external_task_marker_parent', 'example_external_task_marker_child']) retrieved from /home/airflow/.local/lib/python3.7/site-packages/airflow/example_dags/example_external_task_marker_dag.py
[2022-06-15 07:28:33,901] {logging_mixin.py:115} INFO - [2022-06-15 07:28:33,901] {dag.py:2379} INFO - Sync 2 DAGs
[2022-06-15 07:28:34,025] {logging_mixin.py:115} INFO - [2022-06-15 07:28:34,025] {dag.py:2931} INFO - Setting next_dagrun for example_external_task_marker_child to None, run_after=None
[2022-06-15 07:28:34,026] {logging_mixin.py:115} INFO - [2022-06-15 07:28:34,026] {dag.py:2931} INFO - Setting next_dagrun for example_external_task_marker_parent to None, run_after=None
[2022-06-15 07:28:34,034] {processor.py:161} INFO - Processing /home/airflow/.local/lib/python3.7/site-packages/airflow/example_dags/example_external_task_marker_dag.py took 0.177 seconds
[2022-06-15 07:29:04,421] {processor.py:153} INFO - Started process (PID=822) to work on /home/airflow/.local/lib/python3.7/site-packages/airflow/example_dags/example_external_task_marker_dag.py
[2022-06-15 07:29:04,422] {processor.py:641} INFO - Processing file /home/airflow/.local/lib/python3.7/site-packages/airflow/example_dags/example_external_task_marker_dag.py for tasks to queue
[2022-06-15 07:29:04,423] {logging_mixin.py:115} INFO - [2022-06-15 07:29:04,423] {dagbag.py:507} INFO - Filling up the DagBag from /home/airflow/.local/lib/python3.7/site-packages/airflow/example_dags/example_external_task_marker_dag.py
[2022-06-15 07:29:04,427] {processor.py:651} INFO - DAG(s) dict_keys(['example_external_task_marker_parent', 'example_external_task_marker_child']) retrieved from /home/airflow/.local/lib/python3.7/site-packages/airflow/example_dags/example_external_task_marker_dag.py
[2022-06-15 07:29:04,458] {logging_mixin.py:115} INFO - [2022-06-15 07:29:04,458] {dag.py:2379} INFO - Sync 2 DAGs
[2022-06-15 07:29:04,567] {logging_mixin.py:115} INFO - [2022-06-15 07:29:04,567] {dag.py:2931} INFO - Setting next_dagrun for example_external_task_marker_child to None, run_after=None
[2022-06-15 07:29:04,569] {logging_mixin.py:115} INFO - [2022-06-15 07:29:04,569] {dag.py:2931} INFO - Setting next_dagrun for example_external_task_marker_parent to None, run_after=None
[2022-06-15 07:29:04,576] {processor.py:161} INFO - Processing /home/airflow/.local/lib/python3.7/site-packages/airflow/example_dags/example_external_task_marker_dag.py took 0.157 seconds
[2022-06-15 07:29:35,153] {processor.py:153} INFO - Started process (PID=890) to work on /home/airflow/.local/lib/python3.7/site-packages/airflow/example_dags/example_external_task_marker_dag.py
[2022-06-15 07:29:35,155] {processor.py:641} INFO - Processing file /home/airflow/.local/lib/python3.7/site-packages/airflow/example_dags/example_external_task_marker_dag.py for tasks to queue
[2022-06-15 07:29:35,156] {logging_mixin.py:115} INFO - [2022-06-15 07:29:35,156] {dagbag.py:507} INFO - Filling up the DagBag from /home/airflow/.local/lib/python3.7/site-packages/airflow/example_dags/example_external_task_marker_dag.py
[2022-06-15 07:29:35,160] {processor.py:651} INFO - DAG(s) dict_keys(['example_external_task_marker_parent', 'example_external_task_marker_child']) retrieved from /home/airflow/.local/lib/python3.7/site-packages/airflow/example_dags/example_external_task_marker_dag.py
[2022-06-15 07:29:35,192] {logging_mixin.py:115} INFO - [2022-06-15 07:29:35,192] {dag.py:2379} INFO - Sync 2 DAGs
[2022-06-15 07:29:35,302] {logging_mixin.py:115} INFO - [2022-06-15 07:29:35,302] {dag.py:2931} INFO - Setting next_dagrun for example_external_task_marker_child to None, run_after=None
[2022-06-15 07:29:35,303] {logging_mixin.py:115} INFO - [2022-06-15 07:29:35,303] {dag.py:2931} INFO - Setting next_dagrun for example_external_task_marker_parent to None, run_after=None
[2022-06-15 07:29:35,310] {processor.py:161} INFO - Processing /home/airflow/.local/lib/python3.7/site-packages/airflow/example_dags/example_external_task_marker_dag.py took 0.159 seconds
