[2022-06-15 07:08:50,079] {processor.py:153} INFO - Started process (PID=51) to work on /home/airflow/.local/lib/python3.7/site-packages/airflow/example_dags/example_time_delta_sensor_async.py
[2022-06-15 07:08:50,081] {processor.py:641} INFO - Processing file /home/airflow/.local/lib/python3.7/site-packages/airflow/example_dags/example_time_delta_sensor_async.py for tasks to queue
[2022-06-15 07:08:50,083] {logging_mixin.py:115} INFO - [2022-06-15 07:08:50,083] {dagbag.py:507} INFO - Filling up the DagBag from /home/airflow/.local/lib/python3.7/site-packages/airflow/example_dags/example_time_delta_sensor_async.py
[2022-06-15 07:08:50,114] {processor.py:651} INFO - DAG(s) dict_keys(['example_time_delta_sensor_async']) retrieved from /home/airflow/.local/lib/python3.7/site-packages/airflow/example_dags/example_time_delta_sensor_async.py
[2022-06-15 07:08:57,014] {logging_mixin.py:115} INFO - [2022-06-15 07:08:57,013] {manager.py:508} INFO - Created Permission View: can delete on DAG:example_time_delta_sensor_async
[2022-06-15 07:08:57,061] {logging_mixin.py:115} INFO - [2022-06-15 07:08:57,061] {manager.py:508} INFO - Created Permission View: can read on DAG:example_time_delta_sensor_async
[2022-06-15 07:08:57,090] {logging_mixin.py:115} INFO - [2022-06-15 07:08:57,090] {manager.py:508} INFO - Created Permission View: can edit on DAG:example_time_delta_sensor_async
[2022-06-15 07:08:57,099] {logging_mixin.py:115} INFO - [2022-06-15 07:08:57,093] {dag.py:2379} INFO - Sync 1 DAGs
[2022-06-15 07:08:57,117] {logging_mixin.py:115} INFO - [2022-06-15 07:08:57,117] {dag.py:2398} INFO - Creating ORM DAG for example_time_delta_sensor_async
[2022-06-15 07:08:57,127] {logging_mixin.py:115} INFO - [2022-06-15 07:08:57,127] {dag.py:2931} INFO - Setting next_dagrun for example_time_delta_sensor_async to None, run_after=None
[2022-06-15 07:08:57,161] {processor.py:161} INFO - Processing /home/airflow/.local/lib/python3.7/site-packages/airflow/example_dags/example_time_delta_sensor_async.py took 7.090 seconds
[2022-06-15 07:09:27,560] {processor.py:153} INFO - Started process (PID=120) to work on /home/airflow/.local/lib/python3.7/site-packages/airflow/example_dags/example_time_delta_sensor_async.py
[2022-06-15 07:09:27,562] {processor.py:641} INFO - Processing file /home/airflow/.local/lib/python3.7/site-packages/airflow/example_dags/example_time_delta_sensor_async.py for tasks to queue
[2022-06-15 07:09:27,564] {logging_mixin.py:115} INFO - [2022-06-15 07:09:27,564] {dagbag.py:507} INFO - Filling up the DagBag from /home/airflow/.local/lib/python3.7/site-packages/airflow/example_dags/example_time_delta_sensor_async.py
[2022-06-15 07:09:27,581] {processor.py:651} INFO - DAG(s) dict_keys(['example_time_delta_sensor_async']) retrieved from /home/airflow/.local/lib/python3.7/site-packages/airflow/example_dags/example_time_delta_sensor_async.py
[2022-06-15 07:09:27,664] {logging_mixin.py:115} INFO - [2022-06-15 07:09:27,664] {dag.py:2379} INFO - Sync 1 DAGs
[2022-06-15 07:09:28,016] {logging_mixin.py:115} INFO - [2022-06-15 07:09:28,016] {dag.py:2931} INFO - Setting next_dagrun for example_time_delta_sensor_async to None, run_after=None
[2022-06-15 07:09:28,031] {processor.py:161} INFO - Processing /home/airflow/.local/lib/python3.7/site-packages/airflow/example_dags/example_time_delta_sensor_async.py took 0.479 seconds
[2022-06-15 07:09:58,919] {processor.py:153} INFO - Started process (PID=176) to work on /home/airflow/.local/lib/python3.7/site-packages/airflow/example_dags/example_time_delta_sensor_async.py
[2022-06-15 07:09:58,922] {processor.py:641} INFO - Processing file /home/airflow/.local/lib/python3.7/site-packages/airflow/example_dags/example_time_delta_sensor_async.py for tasks to queue
[2022-06-15 07:09:58,925] {logging_mixin.py:115} INFO - [2022-06-15 07:09:58,925] {dagbag.py:507} INFO - Filling up the DagBag from /home/airflow/.local/lib/python3.7/site-packages/airflow/example_dags/example_time_delta_sensor_async.py
[2022-06-15 07:09:58,945] {processor.py:651} INFO - DAG(s) dict_keys(['example_time_delta_sensor_async']) retrieved from /home/airflow/.local/lib/python3.7/site-packages/airflow/example_dags/example_time_delta_sensor_async.py
[2022-06-15 07:09:59,054] {logging_mixin.py:115} INFO - [2022-06-15 07:09:59,054] {dag.py:2379} INFO - Sync 1 DAGs
[2022-06-15 07:09:59,370] {logging_mixin.py:115} INFO - [2022-06-15 07:09:59,370] {dag.py:2931} INFO - Setting next_dagrun for example_time_delta_sensor_async to None, run_after=None
[2022-06-15 07:09:59,390] {processor.py:161} INFO - Processing /home/airflow/.local/lib/python3.7/site-packages/airflow/example_dags/example_time_delta_sensor_async.py took 0.480 seconds
[2022-06-15 07:10:30,403] {processor.py:153} INFO - Started process (PID=248) to work on /home/airflow/.local/lib/python3.7/site-packages/airflow/example_dags/example_time_delta_sensor_async.py
[2022-06-15 07:10:30,405] {processor.py:641} INFO - Processing file /home/airflow/.local/lib/python3.7/site-packages/airflow/example_dags/example_time_delta_sensor_async.py for tasks to queue
[2022-06-15 07:10:30,407] {logging_mixin.py:115} INFO - [2022-06-15 07:10:30,407] {dagbag.py:507} INFO - Filling up the DagBag from /home/airflow/.local/lib/python3.7/site-packages/airflow/example_dags/example_time_delta_sensor_async.py
[2022-06-15 07:10:30,420] {processor.py:651} INFO - DAG(s) dict_keys(['example_time_delta_sensor_async']) retrieved from /home/airflow/.local/lib/python3.7/site-packages/airflow/example_dags/example_time_delta_sensor_async.py
[2022-06-15 07:10:30,480] {logging_mixin.py:115} INFO - [2022-06-15 07:10:30,480] {dag.py:2379} INFO - Sync 1 DAGs
[2022-06-15 07:10:30,775] {logging_mixin.py:115} INFO - [2022-06-15 07:10:30,775] {dag.py:2931} INFO - Setting next_dagrun for example_time_delta_sensor_async to None, run_after=None
[2022-06-15 07:10:30,786] {processor.py:161} INFO - Processing /home/airflow/.local/lib/python3.7/site-packages/airflow/example_dags/example_time_delta_sensor_async.py took 0.390 seconds
[2022-06-15 07:11:01,787] {processor.py:153} INFO - Started process (PID=315) to work on /home/airflow/.local/lib/python3.7/site-packages/airflow/example_dags/example_time_delta_sensor_async.py
[2022-06-15 07:11:01,789] {processor.py:641} INFO - Processing file /home/airflow/.local/lib/python3.7/site-packages/airflow/example_dags/example_time_delta_sensor_async.py for tasks to queue
[2022-06-15 07:11:01,790] {logging_mixin.py:115} INFO - [2022-06-15 07:11:01,790] {dagbag.py:507} INFO - Filling up the DagBag from /home/airflow/.local/lib/python3.7/site-packages/airflow/example_dags/example_time_delta_sensor_async.py
[2022-06-15 07:11:01,801] {processor.py:651} INFO - DAG(s) dict_keys(['example_time_delta_sensor_async']) retrieved from /home/airflow/.local/lib/python3.7/site-packages/airflow/example_dags/example_time_delta_sensor_async.py
[2022-06-15 07:11:01,847] {logging_mixin.py:115} INFO - [2022-06-15 07:11:01,847] {dag.py:2379} INFO - Sync 1 DAGs
[2022-06-15 07:11:02,083] {logging_mixin.py:115} INFO - [2022-06-15 07:11:02,083] {dag.py:2931} INFO - Setting next_dagrun for example_time_delta_sensor_async to None, run_after=None
[2022-06-15 07:11:02,094] {processor.py:161} INFO - Processing /home/airflow/.local/lib/python3.7/site-packages/airflow/example_dags/example_time_delta_sensor_async.py took 0.313 seconds
[2022-06-15 07:14:13,008] {processor.py:153} INFO - Started process (PID=47) to work on /home/airflow/.local/lib/python3.7/site-packages/airflow/example_dags/example_time_delta_sensor_async.py
[2022-06-15 07:14:13,011] {processor.py:641} INFO - Processing file /home/airflow/.local/lib/python3.7/site-packages/airflow/example_dags/example_time_delta_sensor_async.py for tasks to queue
[2022-06-15 07:14:13,014] {logging_mixin.py:115} INFO - [2022-06-15 07:14:13,014] {dagbag.py:507} INFO - Filling up the DagBag from /home/airflow/.local/lib/python3.7/site-packages/airflow/example_dags/example_time_delta_sensor_async.py
[2022-06-15 07:14:13,085] {processor.py:651} INFO - DAG(s) dict_keys(['example_time_delta_sensor_async']) retrieved from /home/airflow/.local/lib/python3.7/site-packages/airflow/example_dags/example_time_delta_sensor_async.py
[2022-06-15 07:14:13,579] {logging_mixin.py:115} INFO - [2022-06-15 07:14:13,579] {dag.py:2379} INFO - Sync 1 DAGs
[2022-06-15 07:14:13,799] {logging_mixin.py:115} INFO - [2022-06-15 07:14:13,799] {dag.py:2931} INFO - Setting next_dagrun for example_time_delta_sensor_async to None, run_after=None
[2022-06-15 07:14:13,919] {processor.py:161} INFO - Processing /home/airflow/.local/lib/python3.7/site-packages/airflow/example_dags/example_time_delta_sensor_async.py took 0.942 seconds
[2022-06-15 07:15:08,464] {processor.py:153} INFO - Started process (PID=109) to work on /home/airflow/.local/lib/python3.7/site-packages/airflow/example_dags/example_time_delta_sensor_async.py
[2022-06-15 07:15:08,478] {processor.py:641} INFO - Processing file /home/airflow/.local/lib/python3.7/site-packages/airflow/example_dags/example_time_delta_sensor_async.py for tasks to queue
[2022-06-15 07:15:08,522] {logging_mixin.py:115} INFO - [2022-06-15 07:15:08,522] {dagbag.py:507} INFO - Filling up the DagBag from /home/airflow/.local/lib/python3.7/site-packages/airflow/example_dags/example_time_delta_sensor_async.py
[2022-06-15 07:15:08,732] {processor.py:651} INFO - DAG(s) dict_keys(['example_time_delta_sensor_async']) retrieved from /home/airflow/.local/lib/python3.7/site-packages/airflow/example_dags/example_time_delta_sensor_async.py
[2022-06-15 07:15:09,115] {logging_mixin.py:115} INFO - [2022-06-15 07:15:09,115] {dag.py:2379} INFO - Sync 1 DAGs
[2022-06-15 07:15:09,215] {logging_mixin.py:115} INFO - [2022-06-15 07:15:09,214] {dag.py:2931} INFO - Setting next_dagrun for example_time_delta_sensor_async to None, run_after=None
[2022-06-15 07:15:09,293] {processor.py:161} INFO - Processing /home/airflow/.local/lib/python3.7/site-packages/airflow/example_dags/example_time_delta_sensor_async.py took 0.870 seconds
[2022-06-15 07:15:39,438] {processor.py:153} INFO - Started process (PID=168) to work on /home/airflow/.local/lib/python3.7/site-packages/airflow/example_dags/example_time_delta_sensor_async.py
[2022-06-15 07:15:39,440] {processor.py:641} INFO - Processing file /home/airflow/.local/lib/python3.7/site-packages/airflow/example_dags/example_time_delta_sensor_async.py for tasks to queue
[2022-06-15 07:15:39,442] {logging_mixin.py:115} INFO - [2022-06-15 07:15:39,442] {dagbag.py:507} INFO - Filling up the DagBag from /home/airflow/.local/lib/python3.7/site-packages/airflow/example_dags/example_time_delta_sensor_async.py
[2022-06-15 07:15:39,450] {processor.py:651} INFO - DAG(s) dict_keys(['example_time_delta_sensor_async']) retrieved from /home/airflow/.local/lib/python3.7/site-packages/airflow/example_dags/example_time_delta_sensor_async.py
[2022-06-15 07:15:39,485] {logging_mixin.py:115} INFO - [2022-06-15 07:15:39,485] {dag.py:2379} INFO - Sync 1 DAGs
[2022-06-15 07:15:39,498] {logging_mixin.py:115} INFO - [2022-06-15 07:15:39,498] {dag.py:2931} INFO - Setting next_dagrun for example_time_delta_sensor_async to None, run_after=None
[2022-06-15 07:15:39,506] {processor.py:161} INFO - Processing /home/airflow/.local/lib/python3.7/site-packages/airflow/example_dags/example_time_delta_sensor_async.py took 0.070 seconds
[2022-06-15 07:16:10,213] {processor.py:153} INFO - Started process (PID=235) to work on /home/airflow/.local/lib/python3.7/site-packages/airflow/example_dags/example_time_delta_sensor_async.py
[2022-06-15 07:16:10,215] {processor.py:641} INFO - Processing file /home/airflow/.local/lib/python3.7/site-packages/airflow/example_dags/example_time_delta_sensor_async.py for tasks to queue
[2022-06-15 07:16:10,216] {logging_mixin.py:115} INFO - [2022-06-15 07:16:10,216] {dagbag.py:507} INFO - Filling up the DagBag from /home/airflow/.local/lib/python3.7/site-packages/airflow/example_dags/example_time_delta_sensor_async.py
[2022-06-15 07:16:10,226] {processor.py:651} INFO - DAG(s) dict_keys(['example_time_delta_sensor_async']) retrieved from /home/airflow/.local/lib/python3.7/site-packages/airflow/example_dags/example_time_delta_sensor_async.py
[2022-06-15 07:16:10,259] {logging_mixin.py:115} INFO - [2022-06-15 07:16:10,259] {dag.py:2379} INFO - Sync 1 DAGs
[2022-06-15 07:16:10,273] {logging_mixin.py:115} INFO - [2022-06-15 07:16:10,273] {dag.py:2931} INFO - Setting next_dagrun for example_time_delta_sensor_async to None, run_after=None
[2022-06-15 07:16:10,284] {processor.py:161} INFO - Processing /home/airflow/.local/lib/python3.7/site-packages/airflow/example_dags/example_time_delta_sensor_async.py took 0.074 seconds
[2022-06-15 07:16:40,750] {processor.py:153} INFO - Started process (PID=293) to work on /home/airflow/.local/lib/python3.7/site-packages/airflow/example_dags/example_time_delta_sensor_async.py
[2022-06-15 07:16:40,751] {processor.py:641} INFO - Processing file /home/airflow/.local/lib/python3.7/site-packages/airflow/example_dags/example_time_delta_sensor_async.py for tasks to queue
[2022-06-15 07:16:40,752] {logging_mixin.py:115} INFO - [2022-06-15 07:16:40,752] {dagbag.py:507} INFO - Filling up the DagBag from /home/airflow/.local/lib/python3.7/site-packages/airflow/example_dags/example_time_delta_sensor_async.py
[2022-06-15 07:16:40,759] {processor.py:651} INFO - DAG(s) dict_keys(['example_time_delta_sensor_async']) retrieved from /home/airflow/.local/lib/python3.7/site-packages/airflow/example_dags/example_time_delta_sensor_async.py
[2022-06-15 07:16:40,792] {logging_mixin.py:115} INFO - [2022-06-15 07:16:40,792] {dag.py:2379} INFO - Sync 1 DAGs
[2022-06-15 07:16:40,805] {logging_mixin.py:115} INFO - [2022-06-15 07:16:40,805] {dag.py:2931} INFO - Setting next_dagrun for example_time_delta_sensor_async to None, run_after=None
[2022-06-15 07:16:40,812] {processor.py:161} INFO - Processing /home/airflow/.local/lib/python3.7/site-packages/airflow/example_dags/example_time_delta_sensor_async.py took 0.065 seconds
[2022-06-15 07:22:53,059] {processor.py:153} INFO - Started process (PID=61) to work on /home/airflow/.local/lib/python3.7/site-packages/airflow/example_dags/example_time_delta_sensor_async.py
[2022-06-15 07:22:53,065] {processor.py:641} INFO - Processing file /home/airflow/.local/lib/python3.7/site-packages/airflow/example_dags/example_time_delta_sensor_async.py for tasks to queue
[2022-06-15 07:22:53,077] {logging_mixin.py:115} INFO - [2022-06-15 07:22:53,075] {dagbag.py:507} INFO - Filling up the DagBag from /home/airflow/.local/lib/python3.7/site-packages/airflow/example_dags/example_time_delta_sensor_async.py
[2022-06-15 07:22:53,279] {processor.py:651} INFO - DAG(s) dict_keys(['example_time_delta_sensor_async']) retrieved from /home/airflow/.local/lib/python3.7/site-packages/airflow/example_dags/example_time_delta_sensor_async.py
[2022-06-15 07:22:54,472] {logging_mixin.py:115} INFO - [2022-06-15 07:22:54,453] {dag.py:2379} INFO - Sync 1 DAGs
[2022-06-15 07:22:59,616] {logging_mixin.py:115} INFO - [2022-06-15 07:22:59,615] {dag.py:2931} INFO - Setting next_dagrun for example_time_delta_sensor_async to None, run_after=None
[2022-06-15 07:22:59,834] {processor.py:161} INFO - Processing /home/airflow/.local/lib/python3.7/site-packages/airflow/example_dags/example_time_delta_sensor_async.py took 6.796 seconds
[2022-06-15 07:23:30,770] {processor.py:153} INFO - Started process (PID=118) to work on /home/airflow/.local/lib/python3.7/site-packages/airflow/example_dags/example_time_delta_sensor_async.py
[2022-06-15 07:23:30,773] {processor.py:641} INFO - Processing file /home/airflow/.local/lib/python3.7/site-packages/airflow/example_dags/example_time_delta_sensor_async.py for tasks to queue
[2022-06-15 07:23:30,774] {logging_mixin.py:115} INFO - [2022-06-15 07:23:30,774] {dagbag.py:507} INFO - Filling up the DagBag from /home/airflow/.local/lib/python3.7/site-packages/airflow/example_dags/example_time_delta_sensor_async.py
[2022-06-15 07:23:30,788] {processor.py:651} INFO - DAG(s) dict_keys(['example_time_delta_sensor_async']) retrieved from /home/airflow/.local/lib/python3.7/site-packages/airflow/example_dags/example_time_delta_sensor_async.py
[2022-06-15 07:23:30,859] {logging_mixin.py:115} INFO - [2022-06-15 07:23:30,859] {dag.py:2379} INFO - Sync 1 DAGs
[2022-06-15 07:23:31,147] {logging_mixin.py:115} INFO - [2022-06-15 07:23:31,146] {dag.py:2931} INFO - Setting next_dagrun for example_time_delta_sensor_async to None, run_after=None
[2022-06-15 07:23:31,158] {processor.py:161} INFO - Processing /home/airflow/.local/lib/python3.7/site-packages/airflow/example_dags/example_time_delta_sensor_async.py took 0.396 seconds
[2022-06-15 07:24:02,023] {processor.py:153} INFO - Started process (PID=175) to work on /home/airflow/.local/lib/python3.7/site-packages/airflow/example_dags/example_time_delta_sensor_async.py
[2022-06-15 07:24:02,027] {processor.py:641} INFO - Processing file /home/airflow/.local/lib/python3.7/site-packages/airflow/example_dags/example_time_delta_sensor_async.py for tasks to queue
[2022-06-15 07:24:02,028] {logging_mixin.py:115} INFO - [2022-06-15 07:24:02,028] {dagbag.py:507} INFO - Filling up the DagBag from /home/airflow/.local/lib/python3.7/site-packages/airflow/example_dags/example_time_delta_sensor_async.py
[2022-06-15 07:24:02,047] {processor.py:651} INFO - DAG(s) dict_keys(['example_time_delta_sensor_async']) retrieved from /home/airflow/.local/lib/python3.7/site-packages/airflow/example_dags/example_time_delta_sensor_async.py
[2022-06-15 07:24:02,127] {logging_mixin.py:115} INFO - [2022-06-15 07:24:02,127] {dag.py:2379} INFO - Sync 1 DAGs
[2022-06-15 07:24:02,418] {logging_mixin.py:115} INFO - [2022-06-15 07:24:02,418] {dag.py:2931} INFO - Setting next_dagrun for example_time_delta_sensor_async to None, run_after=None
[2022-06-15 07:24:02,431] {processor.py:161} INFO - Processing /home/airflow/.local/lib/python3.7/site-packages/airflow/example_dags/example_time_delta_sensor_async.py took 0.416 seconds
[2022-06-15 07:24:32,959] {processor.py:153} INFO - Started process (PID=243) to work on /home/airflow/.local/lib/python3.7/site-packages/airflow/example_dags/example_time_delta_sensor_async.py
[2022-06-15 07:24:32,961] {processor.py:641} INFO - Processing file /home/airflow/.local/lib/python3.7/site-packages/airflow/example_dags/example_time_delta_sensor_async.py for tasks to queue
[2022-06-15 07:24:32,964] {logging_mixin.py:115} INFO - [2022-06-15 07:24:32,963] {dagbag.py:507} INFO - Filling up the DagBag from /home/airflow/.local/lib/python3.7/site-packages/airflow/example_dags/example_time_delta_sensor_async.py
[2022-06-15 07:24:32,977] {processor.py:651} INFO - DAG(s) dict_keys(['example_time_delta_sensor_async']) retrieved from /home/airflow/.local/lib/python3.7/site-packages/airflow/example_dags/example_time_delta_sensor_async.py
[2022-06-15 07:24:33,025] {logging_mixin.py:115} INFO - [2022-06-15 07:24:33,025] {dag.py:2379} INFO - Sync 1 DAGs
[2022-06-15 07:24:33,280] {logging_mixin.py:115} INFO - [2022-06-15 07:24:33,280] {dag.py:2931} INFO - Setting next_dagrun for example_time_delta_sensor_async to None, run_after=None
[2022-06-15 07:24:33,290] {processor.py:161} INFO - Processing /home/airflow/.local/lib/python3.7/site-packages/airflow/example_dags/example_time_delta_sensor_async.py took 0.339 seconds
[2022-06-15 07:25:03,386] {processor.py:153} INFO - Started process (PID=310) to work on /home/airflow/.local/lib/python3.7/site-packages/airflow/example_dags/example_time_delta_sensor_async.py
[2022-06-15 07:25:03,389] {processor.py:641} INFO - Processing file /home/airflow/.local/lib/python3.7/site-packages/airflow/example_dags/example_time_delta_sensor_async.py for tasks to queue
[2022-06-15 07:25:03,393] {logging_mixin.py:115} INFO - [2022-06-15 07:25:03,393] {dagbag.py:507} INFO - Filling up the DagBag from /home/airflow/.local/lib/python3.7/site-packages/airflow/example_dags/example_time_delta_sensor_async.py
[2022-06-15 07:25:03,408] {processor.py:651} INFO - DAG(s) dict_keys(['example_time_delta_sensor_async']) retrieved from /home/airflow/.local/lib/python3.7/site-packages/airflow/example_dags/example_time_delta_sensor_async.py
[2022-06-15 07:25:03,457] {logging_mixin.py:115} INFO - [2022-06-15 07:25:03,457] {dag.py:2379} INFO - Sync 1 DAGs
[2022-06-15 07:25:03,686] {logging_mixin.py:115} INFO - [2022-06-15 07:25:03,686] {dag.py:2931} INFO - Setting next_dagrun for example_time_delta_sensor_async to None, run_after=None
[2022-06-15 07:25:03,706] {processor.py:161} INFO - Processing /home/airflow/.local/lib/python3.7/site-packages/airflow/example_dags/example_time_delta_sensor_async.py took 0.329 seconds
[2022-06-15 07:25:34,599] {processor.py:153} INFO - Started process (PID=381) to work on /home/airflow/.local/lib/python3.7/site-packages/airflow/example_dags/example_time_delta_sensor_async.py
[2022-06-15 07:25:34,601] {processor.py:641} INFO - Processing file /home/airflow/.local/lib/python3.7/site-packages/airflow/example_dags/example_time_delta_sensor_async.py for tasks to queue
[2022-06-15 07:25:34,603] {logging_mixin.py:115} INFO - [2022-06-15 07:25:34,603] {dagbag.py:507} INFO - Filling up the DagBag from /home/airflow/.local/lib/python3.7/site-packages/airflow/example_dags/example_time_delta_sensor_async.py
[2022-06-15 07:25:34,614] {processor.py:651} INFO - DAG(s) dict_keys(['example_time_delta_sensor_async']) retrieved from /home/airflow/.local/lib/python3.7/site-packages/airflow/example_dags/example_time_delta_sensor_async.py
[2022-06-15 07:25:34,667] {logging_mixin.py:115} INFO - [2022-06-15 07:25:34,667] {dag.py:2379} INFO - Sync 1 DAGs
[2022-06-15 07:25:34,970] {logging_mixin.py:115} INFO - [2022-06-15 07:25:34,970] {dag.py:2931} INFO - Setting next_dagrun for example_time_delta_sensor_async to None, run_after=None
[2022-06-15 07:25:34,981] {processor.py:161} INFO - Processing /home/airflow/.local/lib/python3.7/site-packages/airflow/example_dags/example_time_delta_sensor_async.py took 0.390 seconds
[2022-06-15 07:26:05,454] {processor.py:153} INFO - Started process (PID=449) to work on /home/airflow/.local/lib/python3.7/site-packages/airflow/example_dags/example_time_delta_sensor_async.py
[2022-06-15 07:26:05,456] {processor.py:641} INFO - Processing file /home/airflow/.local/lib/python3.7/site-packages/airflow/example_dags/example_time_delta_sensor_async.py for tasks to queue
[2022-06-15 07:26:05,458] {logging_mixin.py:115} INFO - [2022-06-15 07:26:05,458] {dagbag.py:507} INFO - Filling up the DagBag from /home/airflow/.local/lib/python3.7/site-packages/airflow/example_dags/example_time_delta_sensor_async.py
[2022-06-15 07:26:05,472] {processor.py:651} INFO - DAG(s) dict_keys(['example_time_delta_sensor_async']) retrieved from /home/airflow/.local/lib/python3.7/site-packages/airflow/example_dags/example_time_delta_sensor_async.py
[2022-06-15 07:26:05,536] {logging_mixin.py:115} INFO - [2022-06-15 07:26:05,536] {dag.py:2379} INFO - Sync 1 DAGs
[2022-06-15 07:26:05,978] {logging_mixin.py:115} INFO - [2022-06-15 07:26:05,978] {dag.py:2931} INFO - Setting next_dagrun for example_time_delta_sensor_async to None, run_after=None
[2022-06-15 07:26:06,000] {processor.py:161} INFO - Processing /home/airflow/.local/lib/python3.7/site-packages/airflow/example_dags/example_time_delta_sensor_async.py took 0.555 seconds
[2022-06-15 07:26:36,901] {processor.py:153} INFO - Started process (PID=506) to work on /home/airflow/.local/lib/python3.7/site-packages/airflow/example_dags/example_time_delta_sensor_async.py
[2022-06-15 07:26:36,904] {processor.py:641} INFO - Processing file /home/airflow/.local/lib/python3.7/site-packages/airflow/example_dags/example_time_delta_sensor_async.py for tasks to queue
[2022-06-15 07:26:36,905] {logging_mixin.py:115} INFO - [2022-06-15 07:26:36,905] {dagbag.py:507} INFO - Filling up the DagBag from /home/airflow/.local/lib/python3.7/site-packages/airflow/example_dags/example_time_delta_sensor_async.py
[2022-06-15 07:26:36,920] {processor.py:651} INFO - DAG(s) dict_keys(['example_time_delta_sensor_async']) retrieved from /home/airflow/.local/lib/python3.7/site-packages/airflow/example_dags/example_time_delta_sensor_async.py
[2022-06-15 07:26:36,971] {logging_mixin.py:115} INFO - [2022-06-15 07:26:36,971] {dag.py:2379} INFO - Sync 1 DAGs
[2022-06-15 07:26:37,206] {logging_mixin.py:115} INFO - [2022-06-15 07:26:37,206] {dag.py:2931} INFO - Setting next_dagrun for example_time_delta_sensor_async to None, run_after=None
[2022-06-15 07:26:37,216] {processor.py:161} INFO - Processing /home/airflow/.local/lib/python3.7/site-packages/airflow/example_dags/example_time_delta_sensor_async.py took 0.321 seconds
[2022-06-15 07:27:07,899] {processor.py:153} INFO - Started process (PID=573) to work on /home/airflow/.local/lib/python3.7/site-packages/airflow/example_dags/example_time_delta_sensor_async.py
[2022-06-15 07:27:07,902] {processor.py:641} INFO - Processing file /home/airflow/.local/lib/python3.7/site-packages/airflow/example_dags/example_time_delta_sensor_async.py for tasks to queue
[2022-06-15 07:27:07,904] {logging_mixin.py:115} INFO - [2022-06-15 07:27:07,903] {dagbag.py:507} INFO - Filling up the DagBag from /home/airflow/.local/lib/python3.7/site-packages/airflow/example_dags/example_time_delta_sensor_async.py
[2022-06-15 07:27:07,915] {processor.py:651} INFO - DAG(s) dict_keys(['example_time_delta_sensor_async']) retrieved from /home/airflow/.local/lib/python3.7/site-packages/airflow/example_dags/example_time_delta_sensor_async.py
[2022-06-15 07:27:07,964] {logging_mixin.py:115} INFO - [2022-06-15 07:27:07,964] {dag.py:2379} INFO - Sync 1 DAGs
[2022-06-15 07:27:08,218] {logging_mixin.py:115} INFO - [2022-06-15 07:27:08,217] {dag.py:2931} INFO - Setting next_dagrun for example_time_delta_sensor_async to None, run_after=None
[2022-06-15 07:27:08,242] {processor.py:161} INFO - Processing /home/airflow/.local/lib/python3.7/site-packages/airflow/example_dags/example_time_delta_sensor_async.py took 0.355 seconds
[2022-06-15 07:27:38,684] {processor.py:153} INFO - Started process (PID=641) to work on /home/airflow/.local/lib/python3.7/site-packages/airflow/example_dags/example_time_delta_sensor_async.py
[2022-06-15 07:27:38,686] {processor.py:641} INFO - Processing file /home/airflow/.local/lib/python3.7/site-packages/airflow/example_dags/example_time_delta_sensor_async.py for tasks to queue
[2022-06-15 07:27:38,687] {logging_mixin.py:115} INFO - [2022-06-15 07:27:38,687] {dagbag.py:507} INFO - Filling up the DagBag from /home/airflow/.local/lib/python3.7/site-packages/airflow/example_dags/example_time_delta_sensor_async.py
[2022-06-15 07:27:38,695] {processor.py:651} INFO - DAG(s) dict_keys(['example_time_delta_sensor_async']) retrieved from /home/airflow/.local/lib/python3.7/site-packages/airflow/example_dags/example_time_delta_sensor_async.py
[2022-06-15 07:27:38,741] {logging_mixin.py:115} INFO - [2022-06-15 07:27:38,741] {dag.py:2379} INFO - Sync 1 DAGs
[2022-06-15 07:27:39,040] {logging_mixin.py:115} INFO - [2022-06-15 07:27:39,040] {dag.py:2931} INFO - Setting next_dagrun for example_time_delta_sensor_async to None, run_after=None
[2022-06-15 07:27:39,064] {processor.py:161} INFO - Processing /home/airflow/.local/lib/python3.7/site-packages/airflow/example_dags/example_time_delta_sensor_async.py took 0.384 seconds
[2022-06-15 07:28:09,502] {processor.py:153} INFO - Started process (PID=708) to work on /home/airflow/.local/lib/python3.7/site-packages/airflow/example_dags/example_time_delta_sensor_async.py
[2022-06-15 07:28:09,504] {processor.py:641} INFO - Processing file /home/airflow/.local/lib/python3.7/site-packages/airflow/example_dags/example_time_delta_sensor_async.py for tasks to queue
[2022-06-15 07:28:09,507] {logging_mixin.py:115} INFO - [2022-06-15 07:28:09,507] {dagbag.py:507} INFO - Filling up the DagBag from /home/airflow/.local/lib/python3.7/site-packages/airflow/example_dags/example_time_delta_sensor_async.py
[2022-06-15 07:28:09,517] {processor.py:651} INFO - DAG(s) dict_keys(['example_time_delta_sensor_async']) retrieved from /home/airflow/.local/lib/python3.7/site-packages/airflow/example_dags/example_time_delta_sensor_async.py
[2022-06-15 07:28:09,571] {logging_mixin.py:115} INFO - [2022-06-15 07:28:09,571] {dag.py:2379} INFO - Sync 1 DAGs
[2022-06-15 07:28:09,862] {logging_mixin.py:115} INFO - [2022-06-15 07:28:09,862] {dag.py:2931} INFO - Setting next_dagrun for example_time_delta_sensor_async to None, run_after=None
[2022-06-15 07:28:09,879] {processor.py:161} INFO - Processing /home/airflow/.local/lib/python3.7/site-packages/airflow/example_dags/example_time_delta_sensor_async.py took 0.385 seconds
[2022-06-15 07:28:40,051] {processor.py:153} INFO - Started process (PID=776) to work on /home/airflow/.local/lib/python3.7/site-packages/airflow/example_dags/example_time_delta_sensor_async.py
[2022-06-15 07:28:40,053] {processor.py:641} INFO - Processing file /home/airflow/.local/lib/python3.7/site-packages/airflow/example_dags/example_time_delta_sensor_async.py for tasks to queue
[2022-06-15 07:28:40,054] {logging_mixin.py:115} INFO - [2022-06-15 07:28:40,054] {dagbag.py:507} INFO - Filling up the DagBag from /home/airflow/.local/lib/python3.7/site-packages/airflow/example_dags/example_time_delta_sensor_async.py
[2022-06-15 07:28:40,065] {processor.py:651} INFO - DAG(s) dict_keys(['example_time_delta_sensor_async']) retrieved from /home/airflow/.local/lib/python3.7/site-packages/airflow/example_dags/example_time_delta_sensor_async.py
[2022-06-15 07:28:40,109] {logging_mixin.py:115} INFO - [2022-06-15 07:28:40,109] {dag.py:2379} INFO - Sync 1 DAGs
[2022-06-15 07:28:40,333] {logging_mixin.py:115} INFO - [2022-06-15 07:28:40,333] {dag.py:2931} INFO - Setting next_dagrun for example_time_delta_sensor_async to None, run_after=None
[2022-06-15 07:28:40,342] {processor.py:161} INFO - Processing /home/airflow/.local/lib/python3.7/site-packages/airflow/example_dags/example_time_delta_sensor_async.py took 0.299 seconds
[2022-06-15 07:29:11,356] {processor.py:153} INFO - Started process (PID=833) to work on /home/airflow/.local/lib/python3.7/site-packages/airflow/example_dags/example_time_delta_sensor_async.py
[2022-06-15 07:29:11,359] {processor.py:641} INFO - Processing file /home/airflow/.local/lib/python3.7/site-packages/airflow/example_dags/example_time_delta_sensor_async.py for tasks to queue
[2022-06-15 07:29:11,361] {logging_mixin.py:115} INFO - [2022-06-15 07:29:11,361] {dagbag.py:507} INFO - Filling up the DagBag from /home/airflow/.local/lib/python3.7/site-packages/airflow/example_dags/example_time_delta_sensor_async.py
[2022-06-15 07:29:11,373] {processor.py:651} INFO - DAG(s) dict_keys(['example_time_delta_sensor_async']) retrieved from /home/airflow/.local/lib/python3.7/site-packages/airflow/example_dags/example_time_delta_sensor_async.py
[2022-06-15 07:29:11,424] {logging_mixin.py:115} INFO - [2022-06-15 07:29:11,424] {dag.py:2379} INFO - Sync 1 DAGs
[2022-06-15 07:29:11,670] {logging_mixin.py:115} INFO - [2022-06-15 07:29:11,670] {dag.py:2931} INFO - Setting next_dagrun for example_time_delta_sensor_async to None, run_after=None
[2022-06-15 07:29:11,686] {processor.py:161} INFO - Processing /home/airflow/.local/lib/python3.7/site-packages/airflow/example_dags/example_time_delta_sensor_async.py took 0.338 seconds
[2022-06-15 07:29:42,121] {processor.py:153} INFO - Started process (PID=901) to work on /home/airflow/.local/lib/python3.7/site-packages/airflow/example_dags/example_time_delta_sensor_async.py
[2022-06-15 07:29:42,122] {processor.py:641} INFO - Processing file /home/airflow/.local/lib/python3.7/site-packages/airflow/example_dags/example_time_delta_sensor_async.py for tasks to queue
[2022-06-15 07:29:42,124] {logging_mixin.py:115} INFO - [2022-06-15 07:29:42,124] {dagbag.py:507} INFO - Filling up the DagBag from /home/airflow/.local/lib/python3.7/site-packages/airflow/example_dags/example_time_delta_sensor_async.py
[2022-06-15 07:29:42,132] {processor.py:651} INFO - DAG(s) dict_keys(['example_time_delta_sensor_async']) retrieved from /home/airflow/.local/lib/python3.7/site-packages/airflow/example_dags/example_time_delta_sensor_async.py
[2022-06-15 07:29:42,168] {logging_mixin.py:115} INFO - [2022-06-15 07:29:42,168] {dag.py:2379} INFO - Sync 1 DAGs
[2022-06-15 07:29:42,370] {logging_mixin.py:115} INFO - [2022-06-15 07:29:42,370] {dag.py:2931} INFO - Setting next_dagrun for example_time_delta_sensor_async to None, run_after=None
[2022-06-15 07:29:42,378] {processor.py:161} INFO - Processing /home/airflow/.local/lib/python3.7/site-packages/airflow/example_dags/example_time_delta_sensor_async.py took 0.262 seconds
