[2022-06-15 07:09:16,255] {processor.py:153} INFO - Started process (PID=99) to work on /home/airflow/.local/lib/python3.7/site-packages/airflow/example_dags/example_skip_dag.py
[2022-06-15 07:09:16,260] {processor.py:641} INFO - Processing file /home/airflow/.local/lib/python3.7/site-packages/airflow/example_dags/example_skip_dag.py for tasks to queue
[2022-06-15 07:09:16,262] {logging_mixin.py:115} INFO - [2022-06-15 07:09:16,262] {dagbag.py:507} INFO - Filling up the DagBag from /home/airflow/.local/lib/python3.7/site-packages/airflow/example_dags/example_skip_dag.py
[2022-06-15 07:09:16,269] {processor.py:651} INFO - DAG(s) dict_keys(['example_skip_dag']) retrieved from /home/airflow/.local/lib/python3.7/site-packages/airflow/example_dags/example_skip_dag.py
[2022-06-15 07:09:16,490] {logging_mixin.py:115} INFO - [2022-06-15 07:09:16,490] {manager.py:508} INFO - Created Permission View: can delete on DAG:example_skip_dag
[2022-06-15 07:09:16,497] {logging_mixin.py:115} INFO - [2022-06-15 07:09:16,497] {manager.py:508} INFO - Created Permission View: can read on DAG:example_skip_dag
[2022-06-15 07:09:16,503] {logging_mixin.py:115} INFO - [2022-06-15 07:09:16,503] {manager.py:508} INFO - Created Permission View: can edit on DAG:example_skip_dag
[2022-06-15 07:09:16,504] {logging_mixin.py:115} INFO - [2022-06-15 07:09:16,504] {dag.py:2379} INFO - Sync 1 DAGs
[2022-06-15 07:09:16,510] {logging_mixin.py:115} INFO - [2022-06-15 07:09:16,510] {dag.py:2398} INFO - Creating ORM DAG for example_skip_dag
[2022-06-15 07:09:16,519] {logging_mixin.py:115} INFO - [2022-06-15 07:09:16,519] {dag.py:2931} INFO - Setting next_dagrun for example_skip_dag to 2022-06-14T07:09:16.519521+00:00, run_after=2022-06-15T07:09:16.519521+00:00
[2022-06-15 07:09:16,533] {processor.py:161} INFO - Processing /home/airflow/.local/lib/python3.7/site-packages/airflow/example_dags/example_skip_dag.py took 0.281 seconds
[2022-06-15 07:09:47,539] {processor.py:153} INFO - Started process (PID=155) to work on /home/airflow/.local/lib/python3.7/site-packages/airflow/example_dags/example_skip_dag.py
[2022-06-15 07:09:47,541] {processor.py:641} INFO - Processing file /home/airflow/.local/lib/python3.7/site-packages/airflow/example_dags/example_skip_dag.py for tasks to queue
[2022-06-15 07:09:47,543] {logging_mixin.py:115} INFO - [2022-06-15 07:09:47,542] {dagbag.py:507} INFO - Filling up the DagBag from /home/airflow/.local/lib/python3.7/site-packages/airflow/example_dags/example_skip_dag.py
[2022-06-15 07:09:47,556] {processor.py:651} INFO - DAG(s) dict_keys(['example_skip_dag']) retrieved from /home/airflow/.local/lib/python3.7/site-packages/airflow/example_dags/example_skip_dag.py
[2022-06-15 07:09:47,596] {logging_mixin.py:115} INFO - [2022-06-15 07:09:47,596] {dag.py:2379} INFO - Sync 1 DAGs
[2022-06-15 07:09:47,747] {logging_mixin.py:115} INFO - [2022-06-15 07:09:47,747] {dag.py:2931} INFO - Setting next_dagrun for example_skip_dag to 2022-06-14T07:09:47.747633+00:00, run_after=2022-06-15T07:09:47.747633+00:00
[2022-06-15 07:09:47,755] {processor.py:161} INFO - Processing /home/airflow/.local/lib/python3.7/site-packages/airflow/example_dags/example_skip_dag.py took 0.220 seconds
[2022-06-15 07:10:18,248] {processor.py:153} INFO - Started process (PID=225) to work on /home/airflow/.local/lib/python3.7/site-packages/airflow/example_dags/example_skip_dag.py
[2022-06-15 07:10:18,250] {processor.py:641} INFO - Processing file /home/airflow/.local/lib/python3.7/site-packages/airflow/example_dags/example_skip_dag.py for tasks to queue
[2022-06-15 07:10:18,251] {logging_mixin.py:115} INFO - [2022-06-15 07:10:18,251] {dagbag.py:507} INFO - Filling up the DagBag from /home/airflow/.local/lib/python3.7/site-packages/airflow/example_dags/example_skip_dag.py
[2022-06-15 07:10:18,256] {processor.py:651} INFO - DAG(s) dict_keys(['example_skip_dag']) retrieved from /home/airflow/.local/lib/python3.7/site-packages/airflow/example_dags/example_skip_dag.py
[2022-06-15 07:10:18,279] {logging_mixin.py:115} INFO - [2022-06-15 07:10:18,279] {dag.py:2379} INFO - Sync 1 DAGs
[2022-06-15 07:10:18,378] {logging_mixin.py:115} INFO - [2022-06-15 07:10:18,378] {dag.py:2931} INFO - Setting next_dagrun for example_skip_dag to 2022-06-14T07:10:18.378140+00:00, run_after=2022-06-15T07:10:18.378140+00:00
[2022-06-15 07:10:18,386] {processor.py:161} INFO - Processing /home/airflow/.local/lib/python3.7/site-packages/airflow/example_dags/example_skip_dag.py took 0.142 seconds
[2022-06-15 07:10:48,615] {processor.py:153} INFO - Started process (PID=293) to work on /home/airflow/.local/lib/python3.7/site-packages/airflow/example_dags/example_skip_dag.py
[2022-06-15 07:10:48,617] {processor.py:641} INFO - Processing file /home/airflow/.local/lib/python3.7/site-packages/airflow/example_dags/example_skip_dag.py for tasks to queue
[2022-06-15 07:10:48,618] {logging_mixin.py:115} INFO - [2022-06-15 07:10:48,618] {dagbag.py:507} INFO - Filling up the DagBag from /home/airflow/.local/lib/python3.7/site-packages/airflow/example_dags/example_skip_dag.py
[2022-06-15 07:10:48,626] {processor.py:651} INFO - DAG(s) dict_keys(['example_skip_dag']) retrieved from /home/airflow/.local/lib/python3.7/site-packages/airflow/example_dags/example_skip_dag.py
[2022-06-15 07:10:48,650] {logging_mixin.py:115} INFO - [2022-06-15 07:10:48,650] {dag.py:2379} INFO - Sync 1 DAGs
[2022-06-15 07:10:48,760] {logging_mixin.py:115} INFO - [2022-06-15 07:10:48,760] {dag.py:2931} INFO - Setting next_dagrun for example_skip_dag to 2022-06-14T07:10:48.760739+00:00, run_after=2022-06-15T07:10:48.760739+00:00
[2022-06-15 07:10:48,767] {processor.py:161} INFO - Processing /home/airflow/.local/lib/python3.7/site-packages/airflow/example_dags/example_skip_dag.py took 0.159 seconds
[2022-06-15 07:15:01,959] {processor.py:153} INFO - Started process (PID=90) to work on /home/airflow/.local/lib/python3.7/site-packages/airflow/example_dags/example_skip_dag.py
[2022-06-15 07:15:01,978] {processor.py:641} INFO - Processing file /home/airflow/.local/lib/python3.7/site-packages/airflow/example_dags/example_skip_dag.py for tasks to queue
[2022-06-15 07:15:01,989] {logging_mixin.py:115} INFO - [2022-06-15 07:15:01,987] {dagbag.py:507} INFO - Filling up the DagBag from /home/airflow/.local/lib/python3.7/site-packages/airflow/example_dags/example_skip_dag.py
[2022-06-15 07:15:02,363] {processor.py:651} INFO - DAG(s) dict_keys(['example_skip_dag']) retrieved from /home/airflow/.local/lib/python3.7/site-packages/airflow/example_dags/example_skip_dag.py
[2022-06-15 07:15:02,906] {logging_mixin.py:115} INFO - [2022-06-15 07:15:02,905] {dag.py:2379} INFO - Sync 1 DAGs
[2022-06-15 07:15:03,202] {logging_mixin.py:115} INFO - [2022-06-15 07:15:03,202] {dag.py:2931} INFO - Setting next_dagrun for example_skip_dag to 2022-06-14T07:15:03.201714+00:00, run_after=2022-06-15T07:15:03.201714+00:00
[2022-06-15 07:15:03,280] {processor.py:161} INFO - Processing /home/airflow/.local/lib/python3.7/site-packages/airflow/example_dags/example_skip_dag.py took 1.431 seconds
[2022-06-15 07:15:34,236] {processor.py:153} INFO - Started process (PID=145) to work on /home/airflow/.local/lib/python3.7/site-packages/airflow/example_dags/example_skip_dag.py
[2022-06-15 07:15:34,238] {processor.py:641} INFO - Processing file /home/airflow/.local/lib/python3.7/site-packages/airflow/example_dags/example_skip_dag.py for tasks to queue
[2022-06-15 07:15:34,239] {logging_mixin.py:115} INFO - [2022-06-15 07:15:34,239] {dagbag.py:507} INFO - Filling up the DagBag from /home/airflow/.local/lib/python3.7/site-packages/airflow/example_dags/example_skip_dag.py
[2022-06-15 07:15:34,249] {processor.py:651} INFO - DAG(s) dict_keys(['example_skip_dag']) retrieved from /home/airflow/.local/lib/python3.7/site-packages/airflow/example_dags/example_skip_dag.py
[2022-06-15 07:15:34,292] {logging_mixin.py:115} INFO - [2022-06-15 07:15:34,292] {dag.py:2379} INFO - Sync 1 DAGs
[2022-06-15 07:15:34,313] {logging_mixin.py:115} INFO - [2022-06-15 07:15:34,313] {dag.py:2931} INFO - Setting next_dagrun for example_skip_dag to 2022-06-14T07:15:34.312690+00:00, run_after=2022-06-15T07:15:34.312690+00:00
[2022-06-15 07:15:34,321] {processor.py:161} INFO - Processing /home/airflow/.local/lib/python3.7/site-packages/airflow/example_dags/example_skip_dag.py took 0.089 seconds
[2022-06-15 07:16:05,129] {processor.py:153} INFO - Started process (PID=210) to work on /home/airflow/.local/lib/python3.7/site-packages/airflow/example_dags/example_skip_dag.py
[2022-06-15 07:16:05,131] {processor.py:641} INFO - Processing file /home/airflow/.local/lib/python3.7/site-packages/airflow/example_dags/example_skip_dag.py for tasks to queue
[2022-06-15 07:16:05,133] {logging_mixin.py:115} INFO - [2022-06-15 07:16:05,132] {dagbag.py:507} INFO - Filling up the DagBag from /home/airflow/.local/lib/python3.7/site-packages/airflow/example_dags/example_skip_dag.py
[2022-06-15 07:16:05,144] {processor.py:651} INFO - DAG(s) dict_keys(['example_skip_dag']) retrieved from /home/airflow/.local/lib/python3.7/site-packages/airflow/example_dags/example_skip_dag.py
[2022-06-15 07:16:05,171] {logging_mixin.py:115} INFO - [2022-06-15 07:16:05,171] {dag.py:2379} INFO - Sync 1 DAGs
[2022-06-15 07:16:05,184] {logging_mixin.py:115} INFO - [2022-06-15 07:16:05,184] {dag.py:2931} INFO - Setting next_dagrun for example_skip_dag to 2022-06-14T07:16:05.184310+00:00, run_after=2022-06-15T07:16:05.184310+00:00
[2022-06-15 07:16:05,191] {processor.py:161} INFO - Processing /home/airflow/.local/lib/python3.7/site-packages/airflow/example_dags/example_skip_dag.py took 0.067 seconds
[2022-06-15 07:16:35,960] {processor.py:153} INFO - Started process (PID=280) to work on /home/airflow/.local/lib/python3.7/site-packages/airflow/example_dags/example_skip_dag.py
[2022-06-15 07:16:35,962] {processor.py:641} INFO - Processing file /home/airflow/.local/lib/python3.7/site-packages/airflow/example_dags/example_skip_dag.py for tasks to queue
[2022-06-15 07:16:35,964] {logging_mixin.py:115} INFO - [2022-06-15 07:16:35,964] {dagbag.py:507} INFO - Filling up the DagBag from /home/airflow/.local/lib/python3.7/site-packages/airflow/example_dags/example_skip_dag.py
[2022-06-15 07:16:35,975] {processor.py:651} INFO - DAG(s) dict_keys(['example_skip_dag']) retrieved from /home/airflow/.local/lib/python3.7/site-packages/airflow/example_dags/example_skip_dag.py
[2022-06-15 07:16:36,009] {logging_mixin.py:115} INFO - [2022-06-15 07:16:36,009] {dag.py:2379} INFO - Sync 1 DAGs
[2022-06-15 07:16:36,026] {logging_mixin.py:115} INFO - [2022-06-15 07:16:36,025] {dag.py:2931} INFO - Setting next_dagrun for example_skip_dag to 2022-06-14T07:16:36.025805+00:00, run_after=2022-06-15T07:16:36.025805+00:00
[2022-06-15 07:16:36,035] {processor.py:161} INFO - Processing /home/airflow/.local/lib/python3.7/site-packages/airflow/example_dags/example_skip_dag.py took 0.079 seconds
[2022-06-15 07:23:24,729] {processor.py:153} INFO - Started process (PID=97) to work on /home/airflow/.local/lib/python3.7/site-packages/airflow/example_dags/example_skip_dag.py
[2022-06-15 07:23:24,731] {processor.py:641} INFO - Processing file /home/airflow/.local/lib/python3.7/site-packages/airflow/example_dags/example_skip_dag.py for tasks to queue
[2022-06-15 07:23:24,732] {logging_mixin.py:115} INFO - [2022-06-15 07:23:24,732] {dagbag.py:507} INFO - Filling up the DagBag from /home/airflow/.local/lib/python3.7/site-packages/airflow/example_dags/example_skip_dag.py
[2022-06-15 07:23:24,736] {processor.py:651} INFO - DAG(s) dict_keys(['example_skip_dag']) retrieved from /home/airflow/.local/lib/python3.7/site-packages/airflow/example_dags/example_skip_dag.py
[2022-06-15 07:23:24,755] {logging_mixin.py:115} INFO - [2022-06-15 07:23:24,754] {dag.py:2379} INFO - Sync 1 DAGs
[2022-06-15 07:23:24,861] {logging_mixin.py:115} INFO - [2022-06-15 07:23:24,861] {dag.py:2931} INFO - Setting next_dagrun for example_skip_dag to 2022-06-14T07:23:24.861087+00:00, run_after=2022-06-15T07:23:24.861087+00:00
[2022-06-15 07:23:24,869] {processor.py:161} INFO - Processing /home/airflow/.local/lib/python3.7/site-packages/airflow/example_dags/example_skip_dag.py took 0.142 seconds
[2022-06-15 07:23:55,641] {processor.py:153} INFO - Started process (PID=164) to work on /home/airflow/.local/lib/python3.7/site-packages/airflow/example_dags/example_skip_dag.py
[2022-06-15 07:23:55,644] {processor.py:641} INFO - Processing file /home/airflow/.local/lib/python3.7/site-packages/airflow/example_dags/example_skip_dag.py for tasks to queue
[2022-06-15 07:23:55,646] {logging_mixin.py:115} INFO - [2022-06-15 07:23:55,645] {dagbag.py:507} INFO - Filling up the DagBag from /home/airflow/.local/lib/python3.7/site-packages/airflow/example_dags/example_skip_dag.py
[2022-06-15 07:23:55,652] {processor.py:651} INFO - DAG(s) dict_keys(['example_skip_dag']) retrieved from /home/airflow/.local/lib/python3.7/site-packages/airflow/example_dags/example_skip_dag.py
[2022-06-15 07:23:55,683] {logging_mixin.py:115} INFO - [2022-06-15 07:23:55,683] {dag.py:2379} INFO - Sync 1 DAGs
[2022-06-15 07:23:55,855] {logging_mixin.py:115} INFO - [2022-06-15 07:23:55,855] {dag.py:2931} INFO - Setting next_dagrun for example_skip_dag to 2022-06-14T07:23:55.855158+00:00, run_after=2022-06-15T07:23:55.855158+00:00
[2022-06-15 07:23:55,869] {processor.py:161} INFO - Processing /home/airflow/.local/lib/python3.7/site-packages/airflow/example_dags/example_skip_dag.py took 0.231 seconds
[2022-06-15 07:24:27,110] {processor.py:153} INFO - Started process (PID=232) to work on /home/airflow/.local/lib/python3.7/site-packages/airflow/example_dags/example_skip_dag.py
[2022-06-15 07:24:27,112] {processor.py:641} INFO - Processing file /home/airflow/.local/lib/python3.7/site-packages/airflow/example_dags/example_skip_dag.py for tasks to queue
[2022-06-15 07:24:27,114] {logging_mixin.py:115} INFO - [2022-06-15 07:24:27,114] {dagbag.py:507} INFO - Filling up the DagBag from /home/airflow/.local/lib/python3.7/site-packages/airflow/example_dags/example_skip_dag.py
[2022-06-15 07:24:27,121] {processor.py:651} INFO - DAG(s) dict_keys(['example_skip_dag']) retrieved from /home/airflow/.local/lib/python3.7/site-packages/airflow/example_dags/example_skip_dag.py
[2022-06-15 07:24:27,142] {logging_mixin.py:115} INFO - [2022-06-15 07:24:27,142] {dag.py:2379} INFO - Sync 1 DAGs
[2022-06-15 07:24:27,268] {logging_mixin.py:115} INFO - [2022-06-15 07:24:27,268] {dag.py:2931} INFO - Setting next_dagrun for example_skip_dag to 2022-06-14T07:24:27.268658+00:00, run_after=2022-06-15T07:24:27.268658+00:00
[2022-06-15 07:24:27,277] {processor.py:161} INFO - Processing /home/airflow/.local/lib/python3.7/site-packages/airflow/example_dags/example_skip_dag.py took 0.170 seconds
[2022-06-15 07:24:58,314] {processor.py:153} INFO - Started process (PID=292) to work on /home/airflow/.local/lib/python3.7/site-packages/airflow/example_dags/example_skip_dag.py
[2022-06-15 07:24:58,315] {processor.py:641} INFO - Processing file /home/airflow/.local/lib/python3.7/site-packages/airflow/example_dags/example_skip_dag.py for tasks to queue
[2022-06-15 07:24:58,316] {logging_mixin.py:115} INFO - [2022-06-15 07:24:58,316] {dagbag.py:507} INFO - Filling up the DagBag from /home/airflow/.local/lib/python3.7/site-packages/airflow/example_dags/example_skip_dag.py
[2022-06-15 07:24:58,319] {processor.py:651} INFO - DAG(s) dict_keys(['example_skip_dag']) retrieved from /home/airflow/.local/lib/python3.7/site-packages/airflow/example_dags/example_skip_dag.py
[2022-06-15 07:24:58,337] {logging_mixin.py:115} INFO - [2022-06-15 07:24:58,337] {dag.py:2379} INFO - Sync 1 DAGs
[2022-06-15 07:24:58,439] {logging_mixin.py:115} INFO - [2022-06-15 07:24:58,439] {dag.py:2931} INFO - Setting next_dagrun for example_skip_dag to 2022-06-14T07:24:58.439434+00:00, run_after=2022-06-15T07:24:58.439434+00:00
[2022-06-15 07:24:58,446] {processor.py:161} INFO - Processing /home/airflow/.local/lib/python3.7/site-packages/airflow/example_dags/example_skip_dag.py took 0.135 seconds
[2022-06-15 07:25:28,690] {processor.py:153} INFO - Started process (PID=360) to work on /home/airflow/.local/lib/python3.7/site-packages/airflow/example_dags/example_skip_dag.py
[2022-06-15 07:25:28,692] {processor.py:641} INFO - Processing file /home/airflow/.local/lib/python3.7/site-packages/airflow/example_dags/example_skip_dag.py for tasks to queue
[2022-06-15 07:25:28,693] {logging_mixin.py:115} INFO - [2022-06-15 07:25:28,693] {dagbag.py:507} INFO - Filling up the DagBag from /home/airflow/.local/lib/python3.7/site-packages/airflow/example_dags/example_skip_dag.py
[2022-06-15 07:25:28,700] {processor.py:651} INFO - DAG(s) dict_keys(['example_skip_dag']) retrieved from /home/airflow/.local/lib/python3.7/site-packages/airflow/example_dags/example_skip_dag.py
[2022-06-15 07:25:28,719] {logging_mixin.py:115} INFO - [2022-06-15 07:25:28,719] {dag.py:2379} INFO - Sync 1 DAGs
[2022-06-15 07:25:28,812] {logging_mixin.py:115} INFO - [2022-06-15 07:25:28,812] {dag.py:2931} INFO - Setting next_dagrun for example_skip_dag to 2022-06-14T07:25:28.812596+00:00, run_after=2022-06-15T07:25:28.812596+00:00
[2022-06-15 07:25:28,819] {processor.py:161} INFO - Processing /home/airflow/.local/lib/python3.7/site-packages/airflow/example_dags/example_skip_dag.py took 0.130 seconds
[2022-06-15 07:25:59,552] {processor.py:153} INFO - Started process (PID=429) to work on /home/airflow/.local/lib/python3.7/site-packages/airflow/example_dags/example_skip_dag.py
[2022-06-15 07:25:59,554] {processor.py:641} INFO - Processing file /home/airflow/.local/lib/python3.7/site-packages/airflow/example_dags/example_skip_dag.py for tasks to queue
[2022-06-15 07:25:59,555] {logging_mixin.py:115} INFO - [2022-06-15 07:25:59,555] {dagbag.py:507} INFO - Filling up the DagBag from /home/airflow/.local/lib/python3.7/site-packages/airflow/example_dags/example_skip_dag.py
[2022-06-15 07:25:59,560] {processor.py:651} INFO - DAG(s) dict_keys(['example_skip_dag']) retrieved from /home/airflow/.local/lib/python3.7/site-packages/airflow/example_dags/example_skip_dag.py
[2022-06-15 07:25:59,580] {logging_mixin.py:115} INFO - [2022-06-15 07:25:59,580] {dag.py:2379} INFO - Sync 1 DAGs
[2022-06-15 07:25:59,708] {logging_mixin.py:115} INFO - [2022-06-15 07:25:59,708] {dag.py:2931} INFO - Setting next_dagrun for example_skip_dag to 2022-06-14T07:25:59.707955+00:00, run_after=2022-06-15T07:25:59.707955+00:00
[2022-06-15 07:25:59,719] {processor.py:161} INFO - Processing /home/airflow/.local/lib/python3.7/site-packages/airflow/example_dags/example_skip_dag.py took 0.169 seconds
[2022-06-15 07:26:29,924] {processor.py:153} INFO - Started process (PID=497) to work on /home/airflow/.local/lib/python3.7/site-packages/airflow/example_dags/example_skip_dag.py
[2022-06-15 07:26:29,926] {processor.py:641} INFO - Processing file /home/airflow/.local/lib/python3.7/site-packages/airflow/example_dags/example_skip_dag.py for tasks to queue
[2022-06-15 07:26:29,929] {logging_mixin.py:115} INFO - [2022-06-15 07:26:29,929] {dagbag.py:507} INFO - Filling up the DagBag from /home/airflow/.local/lib/python3.7/site-packages/airflow/example_dags/example_skip_dag.py
[2022-06-15 07:26:29,932] {processor.py:651} INFO - DAG(s) dict_keys(['example_skip_dag']) retrieved from /home/airflow/.local/lib/python3.7/site-packages/airflow/example_dags/example_skip_dag.py
[2022-06-15 07:26:29,951] {logging_mixin.py:115} INFO - [2022-06-15 07:26:29,950] {dag.py:2379} INFO - Sync 1 DAGs
[2022-06-15 07:26:30,048] {logging_mixin.py:115} INFO - [2022-06-15 07:26:30,048] {dag.py:2931} INFO - Setting next_dagrun for example_skip_dag to 2022-06-14T07:26:30.048485+00:00, run_after=2022-06-15T07:26:30.048485+00:00
[2022-06-15 07:26:30,055] {processor.py:161} INFO - Processing /home/airflow/.local/lib/python3.7/site-packages/airflow/example_dags/example_skip_dag.py took 0.133 seconds
[2022-06-15 07:27:01,240] {processor.py:153} INFO - Started process (PID=566) to work on /home/airflow/.local/lib/python3.7/site-packages/airflow/example_dags/example_skip_dag.py
[2022-06-15 07:27:01,242] {processor.py:641} INFO - Processing file /home/airflow/.local/lib/python3.7/site-packages/airflow/example_dags/example_skip_dag.py for tasks to queue
[2022-06-15 07:27:01,243] {logging_mixin.py:115} INFO - [2022-06-15 07:27:01,243] {dagbag.py:507} INFO - Filling up the DagBag from /home/airflow/.local/lib/python3.7/site-packages/airflow/example_dags/example_skip_dag.py
[2022-06-15 07:27:01,251] {processor.py:651} INFO - DAG(s) dict_keys(['example_skip_dag']) retrieved from /home/airflow/.local/lib/python3.7/site-packages/airflow/example_dags/example_skip_dag.py
[2022-06-15 07:27:01,276] {logging_mixin.py:115} INFO - [2022-06-15 07:27:01,276] {dag.py:2379} INFO - Sync 1 DAGs
[2022-06-15 07:27:01,406] {logging_mixin.py:115} INFO - [2022-06-15 07:27:01,406] {dag.py:2931} INFO - Setting next_dagrun for example_skip_dag to 2022-06-14T07:27:01.406636+00:00, run_after=2022-06-15T07:27:01.406636+00:00
[2022-06-15 07:27:01,414] {processor.py:161} INFO - Processing /home/airflow/.local/lib/python3.7/site-packages/airflow/example_dags/example_skip_dag.py took 0.180 seconds
[2022-06-15 07:27:31,998] {processor.py:153} INFO - Started process (PID=624) to work on /home/airflow/.local/lib/python3.7/site-packages/airflow/example_dags/example_skip_dag.py
[2022-06-15 07:27:32,003] {processor.py:641} INFO - Processing file /home/airflow/.local/lib/python3.7/site-packages/airflow/example_dags/example_skip_dag.py for tasks to queue
[2022-06-15 07:27:32,006] {logging_mixin.py:115} INFO - [2022-06-15 07:27:32,006] {dagbag.py:507} INFO - Filling up the DagBag from /home/airflow/.local/lib/python3.7/site-packages/airflow/example_dags/example_skip_dag.py
[2022-06-15 07:27:32,017] {processor.py:651} INFO - DAG(s) dict_keys(['example_skip_dag']) retrieved from /home/airflow/.local/lib/python3.7/site-packages/airflow/example_dags/example_skip_dag.py
[2022-06-15 07:27:32,063] {logging_mixin.py:115} INFO - [2022-06-15 07:27:32,062] {dag.py:2379} INFO - Sync 1 DAGs
[2022-06-15 07:27:32,174] {logging_mixin.py:115} INFO - [2022-06-15 07:27:32,174] {dag.py:2931} INFO - Setting next_dagrun for example_skip_dag to 2022-06-14T07:27:32.173974+00:00, run_after=2022-06-15T07:27:32.173974+00:00
[2022-06-15 07:27:32,182] {processor.py:161} INFO - Processing /home/airflow/.local/lib/python3.7/site-packages/airflow/example_dags/example_skip_dag.py took 0.199 seconds
[2022-06-15 07:28:02,925] {processor.py:153} INFO - Started process (PID=691) to work on /home/airflow/.local/lib/python3.7/site-packages/airflow/example_dags/example_skip_dag.py
[2022-06-15 07:28:02,927] {processor.py:641} INFO - Processing file /home/airflow/.local/lib/python3.7/site-packages/airflow/example_dags/example_skip_dag.py for tasks to queue
[2022-06-15 07:28:02,927] {logging_mixin.py:115} INFO - [2022-06-15 07:28:02,927] {dagbag.py:507} INFO - Filling up the DagBag from /home/airflow/.local/lib/python3.7/site-packages/airflow/example_dags/example_skip_dag.py
[2022-06-15 07:28:02,932] {processor.py:651} INFO - DAG(s) dict_keys(['example_skip_dag']) retrieved from /home/airflow/.local/lib/python3.7/site-packages/airflow/example_dags/example_skip_dag.py
[2022-06-15 07:28:02,952] {logging_mixin.py:115} INFO - [2022-06-15 07:28:02,952] {dag.py:2379} INFO - Sync 1 DAGs
[2022-06-15 07:28:03,068] {logging_mixin.py:115} INFO - [2022-06-15 07:28:03,068] {dag.py:2931} INFO - Setting next_dagrun for example_skip_dag to 2022-06-14T07:28:03.068433+00:00, run_after=2022-06-15T07:28:03.068433+00:00
[2022-06-15 07:28:03,078] {processor.py:161} INFO - Processing /home/airflow/.local/lib/python3.7/site-packages/airflow/example_dags/example_skip_dag.py took 0.155 seconds
[2022-06-15 07:28:34,262] {processor.py:153} INFO - Started process (PID=759) to work on /home/airflow/.local/lib/python3.7/site-packages/airflow/example_dags/example_skip_dag.py
[2022-06-15 07:28:34,264] {processor.py:641} INFO - Processing file /home/airflow/.local/lib/python3.7/site-packages/airflow/example_dags/example_skip_dag.py for tasks to queue
[2022-06-15 07:28:34,266] {logging_mixin.py:115} INFO - [2022-06-15 07:28:34,266] {dagbag.py:507} INFO - Filling up the DagBag from /home/airflow/.local/lib/python3.7/site-packages/airflow/example_dags/example_skip_dag.py
[2022-06-15 07:28:34,272] {processor.py:651} INFO - DAG(s) dict_keys(['example_skip_dag']) retrieved from /home/airflow/.local/lib/python3.7/site-packages/airflow/example_dags/example_skip_dag.py
[2022-06-15 07:28:34,299] {logging_mixin.py:115} INFO - [2022-06-15 07:28:34,298] {dag.py:2379} INFO - Sync 1 DAGs
[2022-06-15 07:28:34,471] {logging_mixin.py:115} INFO - [2022-06-15 07:28:34,471] {dag.py:2931} INFO - Setting next_dagrun for example_skip_dag to 2022-06-14T07:28:34.471649+00:00, run_after=2022-06-15T07:28:34.471649+00:00
[2022-06-15 07:28:34,482] {processor.py:161} INFO - Processing /home/airflow/.local/lib/python3.7/site-packages/airflow/example_dags/example_skip_dag.py took 0.224 seconds
[2022-06-15 07:29:04,764] {processor.py:153} INFO - Started process (PID=826) to work on /home/airflow/.local/lib/python3.7/site-packages/airflow/example_dags/example_skip_dag.py
[2022-06-15 07:29:04,765] {processor.py:641} INFO - Processing file /home/airflow/.local/lib/python3.7/site-packages/airflow/example_dags/example_skip_dag.py for tasks to queue
[2022-06-15 07:29:04,768] {logging_mixin.py:115} INFO - [2022-06-15 07:29:04,768] {dagbag.py:507} INFO - Filling up the DagBag from /home/airflow/.local/lib/python3.7/site-packages/airflow/example_dags/example_skip_dag.py
[2022-06-15 07:29:04,772] {processor.py:651} INFO - DAG(s) dict_keys(['example_skip_dag']) retrieved from /home/airflow/.local/lib/python3.7/site-packages/airflow/example_dags/example_skip_dag.py
[2022-06-15 07:29:04,790] {logging_mixin.py:115} INFO - [2022-06-15 07:29:04,790] {dag.py:2379} INFO - Sync 1 DAGs
[2022-06-15 07:29:04,896] {logging_mixin.py:115} INFO - [2022-06-15 07:29:04,896] {dag.py:2931} INFO - Setting next_dagrun for example_skip_dag to 2022-06-14T07:29:04.896601+00:00, run_after=2022-06-15T07:29:04.896601+00:00
[2022-06-15 07:29:04,907] {processor.py:161} INFO - Processing /home/airflow/.local/lib/python3.7/site-packages/airflow/example_dags/example_skip_dag.py took 0.145 seconds
[2022-06-15 07:29:35,519] {processor.py:153} INFO - Started process (PID=894) to work on /home/airflow/.local/lib/python3.7/site-packages/airflow/example_dags/example_skip_dag.py
[2022-06-15 07:29:35,521] {processor.py:641} INFO - Processing file /home/airflow/.local/lib/python3.7/site-packages/airflow/example_dags/example_skip_dag.py for tasks to queue
[2022-06-15 07:29:35,522] {logging_mixin.py:115} INFO - [2022-06-15 07:29:35,521] {dagbag.py:507} INFO - Filling up the DagBag from /home/airflow/.local/lib/python3.7/site-packages/airflow/example_dags/example_skip_dag.py
[2022-06-15 07:29:35,526] {processor.py:651} INFO - DAG(s) dict_keys(['example_skip_dag']) retrieved from /home/airflow/.local/lib/python3.7/site-packages/airflow/example_dags/example_skip_dag.py
[2022-06-15 07:29:35,545] {logging_mixin.py:115} INFO - [2022-06-15 07:29:35,545] {dag.py:2379} INFO - Sync 1 DAGs
[2022-06-15 07:29:35,675] {logging_mixin.py:115} INFO - [2022-06-15 07:29:35,674] {dag.py:2931} INFO - Setting next_dagrun for example_skip_dag to 2022-06-14T07:29:35.674803+00:00, run_after=2022-06-15T07:29:35.674803+00:00
[2022-06-15 07:29:35,684] {processor.py:161} INFO - Processing /home/airflow/.local/lib/python3.7/site-packages/airflow/example_dags/example_skip_dag.py took 0.167 seconds
