[2022-06-15 07:08:47,926] {processor.py:153} INFO - Started process (PID=50) to work on /home/airflow/.local/lib/python3.7/site-packages/airflow/example_dags/example_nested_branch_dag.py
[2022-06-15 07:08:47,932] {processor.py:641} INFO - Processing file /home/airflow/.local/lib/python3.7/site-packages/airflow/example_dags/example_nested_branch_dag.py for tasks to queue
[2022-06-15 07:08:47,936] {logging_mixin.py:115} INFO - [2022-06-15 07:08:47,936] {dagbag.py:507} INFO - Filling up the DagBag from /home/airflow/.local/lib/python3.7/site-packages/airflow/example_dags/example_nested_branch_dag.py
[2022-06-15 07:08:47,991] {processor.py:651} INFO - DAG(s) dict_keys(['example_nested_branch_dag']) retrieved from /home/airflow/.local/lib/python3.7/site-packages/airflow/example_dags/example_nested_branch_dag.py
[2022-06-15 07:08:49,722] {logging_mixin.py:115} INFO - [2022-06-15 07:08:49,715] {manager.py:508} INFO - Created Permission View: can delete on DAG:example_nested_branch_dag
[2022-06-15 07:08:49,765] {logging_mixin.py:115} INFO - [2022-06-15 07:08:49,765] {manager.py:508} INFO - Created Permission View: can read on DAG:example_nested_branch_dag
[2022-06-15 07:08:49,797] {logging_mixin.py:115} INFO - [2022-06-15 07:08:49,797] {manager.py:508} INFO - Created Permission View: can edit on DAG:example_nested_branch_dag
[2022-06-15 07:08:49,799] {logging_mixin.py:115} INFO - [2022-06-15 07:08:49,799] {dag.py:2379} INFO - Sync 1 DAGs
[2022-06-15 07:08:49,824] {logging_mixin.py:115} INFO - [2022-06-15 07:08:49,824] {dag.py:2398} INFO - Creating ORM DAG for example_nested_branch_dag
[2022-06-15 07:08:49,849] {logging_mixin.py:115} INFO - [2022-06-15 07:08:49,848] {dag.py:2931} INFO - Setting next_dagrun for example_nested_branch_dag to 2022-06-14T00:00:00+00:00, run_after=2022-06-15T00:00:00+00:00
[2022-06-15 07:08:49,874] {processor.py:161} INFO - Processing /home/airflow/.local/lib/python3.7/site-packages/airflow/example_dags/example_nested_branch_dag.py took 1.958 seconds
[2022-06-15 07:09:20,483] {processor.py:153} INFO - Started process (PID=110) to work on /home/airflow/.local/lib/python3.7/site-packages/airflow/example_dags/example_nested_branch_dag.py
[2022-06-15 07:09:20,485] {processor.py:641} INFO - Processing file /home/airflow/.local/lib/python3.7/site-packages/airflow/example_dags/example_nested_branch_dag.py for tasks to queue
[2022-06-15 07:09:20,486] {logging_mixin.py:115} INFO - [2022-06-15 07:09:20,486] {dagbag.py:507} INFO - Filling up the DagBag from /home/airflow/.local/lib/python3.7/site-packages/airflow/example_dags/example_nested_branch_dag.py
[2022-06-15 07:09:20,510] {processor.py:651} INFO - DAG(s) dict_keys(['example_nested_branch_dag']) retrieved from /home/airflow/.local/lib/python3.7/site-packages/airflow/example_dags/example_nested_branch_dag.py
[2022-06-15 07:09:20,567] {logging_mixin.py:115} INFO - [2022-06-15 07:09:20,567] {dag.py:2379} INFO - Sync 1 DAGs
[2022-06-15 07:09:20,854] {logging_mixin.py:115} INFO - [2022-06-15 07:09:20,854] {dag.py:2931} INFO - Setting next_dagrun for example_nested_branch_dag to 2022-06-14T00:00:00+00:00, run_after=2022-06-15T00:00:00+00:00
[2022-06-15 07:09:20,863] {processor.py:161} INFO - Processing /home/airflow/.local/lib/python3.7/site-packages/airflow/example_dags/example_nested_branch_dag.py took 0.386 seconds
[2022-06-15 07:09:51,422] {processor.py:153} INFO - Started process (PID=175) to work on /home/airflow/.local/lib/python3.7/site-packages/airflow/example_dags/example_nested_branch_dag.py
[2022-06-15 07:09:51,426] {processor.py:641} INFO - Processing file /home/airflow/.local/lib/python3.7/site-packages/airflow/example_dags/example_nested_branch_dag.py for tasks to queue
[2022-06-15 07:09:51,430] {logging_mixin.py:115} INFO - [2022-06-15 07:09:51,429] {dagbag.py:507} INFO - Filling up the DagBag from /home/airflow/.local/lib/python3.7/site-packages/airflow/example_dags/example_nested_branch_dag.py
[2022-06-15 07:09:51,446] {processor.py:651} INFO - DAG(s) dict_keys(['example_nested_branch_dag']) retrieved from /home/airflow/.local/lib/python3.7/site-packages/airflow/example_dags/example_nested_branch_dag.py
[2022-06-15 07:09:51,481] {logging_mixin.py:115} INFO - [2022-06-15 07:09:51,481] {dag.py:2379} INFO - Sync 1 DAGs
[2022-06-15 07:09:51,794] {logging_mixin.py:115} INFO - [2022-06-15 07:09:51,793] {dag.py:2931} INFO - Setting next_dagrun for example_nested_branch_dag to 2022-06-14T00:00:00+00:00, run_after=2022-06-15T00:00:00+00:00
[2022-06-15 07:09:51,809] {processor.py:161} INFO - Processing /home/airflow/.local/lib/python3.7/site-packages/airflow/example_dags/example_nested_branch_dag.py took 0.400 seconds
[2022-06-15 07:10:21,958] {processor.py:153} INFO - Started process (PID=247) to work on /home/airflow/.local/lib/python3.7/site-packages/airflow/example_dags/example_nested_branch_dag.py
[2022-06-15 07:10:21,959] {processor.py:641} INFO - Processing file /home/airflow/.local/lib/python3.7/site-packages/airflow/example_dags/example_nested_branch_dag.py for tasks to queue
[2022-06-15 07:10:21,960] {logging_mixin.py:115} INFO - [2022-06-15 07:10:21,960] {dagbag.py:507} INFO - Filling up the DagBag from /home/airflow/.local/lib/python3.7/site-packages/airflow/example_dags/example_nested_branch_dag.py
[2022-06-15 07:10:21,971] {processor.py:651} INFO - DAG(s) dict_keys(['example_nested_branch_dag']) retrieved from /home/airflow/.local/lib/python3.7/site-packages/airflow/example_dags/example_nested_branch_dag.py
[2022-06-15 07:10:22,020] {logging_mixin.py:115} INFO - [2022-06-15 07:10:22,020] {dag.py:2379} INFO - Sync 1 DAGs
[2022-06-15 07:10:22,301] {logging_mixin.py:115} INFO - [2022-06-15 07:10:22,301] {dag.py:2931} INFO - Setting next_dagrun for example_nested_branch_dag to 2022-06-14T00:00:00+00:00, run_after=2022-06-15T00:00:00+00:00
[2022-06-15 07:10:22,315] {processor.py:161} INFO - Processing /home/airflow/.local/lib/python3.7/site-packages/airflow/example_dags/example_nested_branch_dag.py took 0.361 seconds
[2022-06-15 07:10:52,392] {processor.py:153} INFO - Started process (PID=304) to work on /home/airflow/.local/lib/python3.7/site-packages/airflow/example_dags/example_nested_branch_dag.py
[2022-06-15 07:10:52,394] {processor.py:641} INFO - Processing file /home/airflow/.local/lib/python3.7/site-packages/airflow/example_dags/example_nested_branch_dag.py for tasks to queue
[2022-06-15 07:10:52,395] {logging_mixin.py:115} INFO - [2022-06-15 07:10:52,395] {dagbag.py:507} INFO - Filling up the DagBag from /home/airflow/.local/lib/python3.7/site-packages/airflow/example_dags/example_nested_branch_dag.py
[2022-06-15 07:10:52,410] {processor.py:651} INFO - DAG(s) dict_keys(['example_nested_branch_dag']) retrieved from /home/airflow/.local/lib/python3.7/site-packages/airflow/example_dags/example_nested_branch_dag.py
[2022-06-15 07:10:52,435] {logging_mixin.py:115} INFO - [2022-06-15 07:10:52,435] {dag.py:2379} INFO - Sync 1 DAGs
[2022-06-15 07:10:52,664] {logging_mixin.py:115} INFO - [2022-06-15 07:10:52,664] {dag.py:2931} INFO - Setting next_dagrun for example_nested_branch_dag to 2022-06-14T00:00:00+00:00, run_after=2022-06-15T00:00:00+00:00
[2022-06-15 07:10:52,673] {processor.py:161} INFO - Processing /home/airflow/.local/lib/python3.7/site-packages/airflow/example_dags/example_nested_branch_dag.py took 0.286 seconds
[2022-06-15 07:14:12,809] {processor.py:153} INFO - Started process (PID=46) to work on /home/airflow/.local/lib/python3.7/site-packages/airflow/example_dags/example_nested_branch_dag.py
[2022-06-15 07:14:12,813] {processor.py:641} INFO - Processing file /home/airflow/.local/lib/python3.7/site-packages/airflow/example_dags/example_nested_branch_dag.py for tasks to queue
[2022-06-15 07:14:12,815] {logging_mixin.py:115} INFO - [2022-06-15 07:14:12,815] {dagbag.py:507} INFO - Filling up the DagBag from /home/airflow/.local/lib/python3.7/site-packages/airflow/example_dags/example_nested_branch_dag.py
[2022-06-15 07:14:12,913] {processor.py:651} INFO - DAG(s) dict_keys(['example_nested_branch_dag']) retrieved from /home/airflow/.local/lib/python3.7/site-packages/airflow/example_dags/example_nested_branch_dag.py
[2022-06-15 07:14:13,061] {logging_mixin.py:115} INFO - [2022-06-15 07:14:13,061] {dag.py:2379} INFO - Sync 1 DAGs
[2022-06-15 07:14:13,223] {logging_mixin.py:115} INFO - [2022-06-15 07:14:13,223] {dag.py:2931} INFO - Setting next_dagrun for example_nested_branch_dag to 2022-06-14T00:00:00+00:00, run_after=2022-06-15T00:00:00+00:00
[2022-06-15 07:14:13,283] {processor.py:161} INFO - Processing /home/airflow/.local/lib/python3.7/site-packages/airflow/example_dags/example_nested_branch_dag.py took 0.538 seconds
[2022-06-15 07:15:07,624] {processor.py:153} INFO - Started process (PID=101) to work on /home/airflow/.local/lib/python3.7/site-packages/airflow/example_dags/example_nested_branch_dag.py
[2022-06-15 07:15:07,629] {processor.py:641} INFO - Processing file /home/airflow/.local/lib/python3.7/site-packages/airflow/example_dags/example_nested_branch_dag.py for tasks to queue
[2022-06-15 07:15:07,634] {logging_mixin.py:115} INFO - [2022-06-15 07:15:07,634] {dagbag.py:507} INFO - Filling up the DagBag from /home/airflow/.local/lib/python3.7/site-packages/airflow/example_dags/example_nested_branch_dag.py
[2022-06-15 07:15:07,768] {processor.py:651} INFO - DAG(s) dict_keys(['example_nested_branch_dag']) retrieved from /home/airflow/.local/lib/python3.7/site-packages/airflow/example_dags/example_nested_branch_dag.py
[2022-06-15 07:15:08,046] {logging_mixin.py:115} INFO - [2022-06-15 07:15:08,046] {dag.py:2379} INFO - Sync 1 DAGs
[2022-06-15 07:15:08,254] {logging_mixin.py:115} INFO - [2022-06-15 07:15:08,253] {dag.py:2931} INFO - Setting next_dagrun for example_nested_branch_dag to 2022-06-14T00:00:00+00:00, run_after=2022-06-15T00:00:00+00:00
[2022-06-15 07:15:08,294] {processor.py:161} INFO - Processing /home/airflow/.local/lib/python3.7/site-packages/airflow/example_dags/example_nested_branch_dag.py took 0.680 seconds
[2022-06-15 07:15:39,311] {processor.py:153} INFO - Started process (PID=167) to work on /home/airflow/.local/lib/python3.7/site-packages/airflow/example_dags/example_nested_branch_dag.py
[2022-06-15 07:15:39,313] {processor.py:641} INFO - Processing file /home/airflow/.local/lib/python3.7/site-packages/airflow/example_dags/example_nested_branch_dag.py for tasks to queue
[2022-06-15 07:15:39,315] {logging_mixin.py:115} INFO - [2022-06-15 07:15:39,315] {dagbag.py:507} INFO - Filling up the DagBag from /home/airflow/.local/lib/python3.7/site-packages/airflow/example_dags/example_nested_branch_dag.py
[2022-06-15 07:15:39,334] {processor.py:651} INFO - DAG(s) dict_keys(['example_nested_branch_dag']) retrieved from /home/airflow/.local/lib/python3.7/site-packages/airflow/example_dags/example_nested_branch_dag.py
[2022-06-15 07:15:39,374] {logging_mixin.py:115} INFO - [2022-06-15 07:15:39,374] {dag.py:2379} INFO - Sync 1 DAGs
[2022-06-15 07:15:39,402] {logging_mixin.py:115} INFO - [2022-06-15 07:15:39,401] {dag.py:2931} INFO - Setting next_dagrun for example_nested_branch_dag to 2022-06-14T00:00:00+00:00, run_after=2022-06-15T00:00:00+00:00
[2022-06-15 07:15:39,416] {processor.py:161} INFO - Processing /home/airflow/.local/lib/python3.7/site-packages/airflow/example_dags/example_nested_branch_dag.py took 0.113 seconds
[2022-06-15 07:16:10,081] {processor.py:153} INFO - Started process (PID=234) to work on /home/airflow/.local/lib/python3.7/site-packages/airflow/example_dags/example_nested_branch_dag.py
[2022-06-15 07:16:10,083] {processor.py:641} INFO - Processing file /home/airflow/.local/lib/python3.7/site-packages/airflow/example_dags/example_nested_branch_dag.py for tasks to queue
[2022-06-15 07:16:10,086] {logging_mixin.py:115} INFO - [2022-06-15 07:16:10,086] {dagbag.py:507} INFO - Filling up the DagBag from /home/airflow/.local/lib/python3.7/site-packages/airflow/example_dags/example_nested_branch_dag.py
[2022-06-15 07:16:10,106] {processor.py:651} INFO - DAG(s) dict_keys(['example_nested_branch_dag']) retrieved from /home/airflow/.local/lib/python3.7/site-packages/airflow/example_dags/example_nested_branch_dag.py
[2022-06-15 07:16:10,146] {logging_mixin.py:115} INFO - [2022-06-15 07:16:10,146] {dag.py:2379} INFO - Sync 1 DAGs
[2022-06-15 07:16:10,171] {logging_mixin.py:115} INFO - [2022-06-15 07:16:10,171] {dag.py:2931} INFO - Setting next_dagrun for example_nested_branch_dag to 2022-06-14T00:00:00+00:00, run_after=2022-06-15T00:00:00+00:00
[2022-06-15 07:16:10,186] {processor.py:161} INFO - Processing /home/airflow/.local/lib/python3.7/site-packages/airflow/example_dags/example_nested_branch_dag.py took 0.108 seconds
[2022-06-15 07:16:40,666] {processor.py:153} INFO - Started process (PID=292) to work on /home/airflow/.local/lib/python3.7/site-packages/airflow/example_dags/example_nested_branch_dag.py
[2022-06-15 07:16:40,668] {processor.py:641} INFO - Processing file /home/airflow/.local/lib/python3.7/site-packages/airflow/example_dags/example_nested_branch_dag.py for tasks to queue
[2022-06-15 07:16:40,670] {logging_mixin.py:115} INFO - [2022-06-15 07:16:40,670] {dagbag.py:507} INFO - Filling up the DagBag from /home/airflow/.local/lib/python3.7/site-packages/airflow/example_dags/example_nested_branch_dag.py
[2022-06-15 07:16:40,685] {processor.py:651} INFO - DAG(s) dict_keys(['example_nested_branch_dag']) retrieved from /home/airflow/.local/lib/python3.7/site-packages/airflow/example_dags/example_nested_branch_dag.py
[2022-06-15 07:16:40,708] {logging_mixin.py:115} INFO - [2022-06-15 07:16:40,708] {dag.py:2379} INFO - Sync 1 DAGs
[2022-06-15 07:16:40,723] {logging_mixin.py:115} INFO - [2022-06-15 07:16:40,723] {dag.py:2931} INFO - Setting next_dagrun for example_nested_branch_dag to 2022-06-14T00:00:00+00:00, run_after=2022-06-15T00:00:00+00:00
[2022-06-15 07:16:40,731] {processor.py:161} INFO - Processing /home/airflow/.local/lib/python3.7/site-packages/airflow/example_dags/example_nested_branch_dag.py took 0.070 seconds
[2022-06-15 07:22:48,939] {processor.py:153} INFO - Started process (PID=52) to work on /home/airflow/.local/lib/python3.7/site-packages/airflow/example_dags/example_nested_branch_dag.py
[2022-06-15 07:22:48,955] {processor.py:641} INFO - Processing file /home/airflow/.local/lib/python3.7/site-packages/airflow/example_dags/example_nested_branch_dag.py for tasks to queue
[2022-06-15 07:22:48,962] {logging_mixin.py:115} INFO - [2022-06-15 07:22:48,960] {dagbag.py:507} INFO - Filling up the DagBag from /home/airflow/.local/lib/python3.7/site-packages/airflow/example_dags/example_nested_branch_dag.py
[2022-06-15 07:22:49,167] {processor.py:651} INFO - DAG(s) dict_keys(['example_nested_branch_dag']) retrieved from /home/airflow/.local/lib/python3.7/site-packages/airflow/example_dags/example_nested_branch_dag.py
[2022-06-15 07:22:49,609] {logging_mixin.py:115} INFO - [2022-06-15 07:22:49,609] {dag.py:2379} INFO - Sync 1 DAGs
[2022-06-15 07:22:52,246] {logging_mixin.py:115} INFO - [2022-06-15 07:22:52,237] {dag.py:2931} INFO - Setting next_dagrun for example_nested_branch_dag to 2022-06-14T00:00:00+00:00, run_after=2022-06-15T00:00:00+00:00
[2022-06-15 07:22:52,461] {processor.py:161} INFO - Processing /home/airflow/.local/lib/python3.7/site-packages/airflow/example_dags/example_nested_branch_dag.py took 3.571 seconds
[2022-06-15 07:23:25,464] {processor.py:153} INFO - Started process (PID=108) to work on /home/airflow/.local/lib/python3.7/site-packages/airflow/example_dags/example_nested_branch_dag.py
[2022-06-15 07:23:25,466] {processor.py:641} INFO - Processing file /home/airflow/.local/lib/python3.7/site-packages/airflow/example_dags/example_nested_branch_dag.py for tasks to queue
[2022-06-15 07:23:25,467] {logging_mixin.py:115} INFO - [2022-06-15 07:23:25,467] {dagbag.py:507} INFO - Filling up the DagBag from /home/airflow/.local/lib/python3.7/site-packages/airflow/example_dags/example_nested_branch_dag.py
[2022-06-15 07:23:25,476] {processor.py:651} INFO - DAG(s) dict_keys(['example_nested_branch_dag']) retrieved from /home/airflow/.local/lib/python3.7/site-packages/airflow/example_dags/example_nested_branch_dag.py
[2022-06-15 07:23:25,500] {logging_mixin.py:115} INFO - [2022-06-15 07:23:25,500] {dag.py:2379} INFO - Sync 1 DAGs
[2022-06-15 07:23:25,656] {logging_mixin.py:115} INFO - [2022-06-15 07:23:25,656] {dag.py:2931} INFO - Setting next_dagrun for example_nested_branch_dag to 2022-06-14T00:00:00+00:00, run_after=2022-06-15T00:00:00+00:00
[2022-06-15 07:23:25,694] {processor.py:161} INFO - Processing /home/airflow/.local/lib/python3.7/site-packages/airflow/example_dags/example_nested_branch_dag.py took 0.232 seconds
[2022-06-15 07:23:56,735] {processor.py:153} INFO - Started process (PID=174) to work on /home/airflow/.local/lib/python3.7/site-packages/airflow/example_dags/example_nested_branch_dag.py
[2022-06-15 07:23:56,736] {processor.py:641} INFO - Processing file /home/airflow/.local/lib/python3.7/site-packages/airflow/example_dags/example_nested_branch_dag.py for tasks to queue
[2022-06-15 07:23:56,736] {logging_mixin.py:115} INFO - [2022-06-15 07:23:56,736] {dagbag.py:507} INFO - Filling up the DagBag from /home/airflow/.local/lib/python3.7/site-packages/airflow/example_dags/example_nested_branch_dag.py
[2022-06-15 07:23:56,743] {processor.py:651} INFO - DAG(s) dict_keys(['example_nested_branch_dag']) retrieved from /home/airflow/.local/lib/python3.7/site-packages/airflow/example_dags/example_nested_branch_dag.py
[2022-06-15 07:23:56,764] {logging_mixin.py:115} INFO - [2022-06-15 07:23:56,764] {dag.py:2379} INFO - Sync 1 DAGs
[2022-06-15 07:23:56,904] {logging_mixin.py:115} INFO - [2022-06-15 07:23:56,904] {dag.py:2931} INFO - Setting next_dagrun for example_nested_branch_dag to 2022-06-14T00:00:00+00:00, run_after=2022-06-15T00:00:00+00:00
[2022-06-15 07:23:56,913] {processor.py:161} INFO - Processing /home/airflow/.local/lib/python3.7/site-packages/airflow/example_dags/example_nested_branch_dag.py took 0.180 seconds
[2022-06-15 07:24:27,531] {processor.py:153} INFO - Started process (PID=238) to work on /home/airflow/.local/lib/python3.7/site-packages/airflow/example_dags/example_nested_branch_dag.py
[2022-06-15 07:24:27,533] {processor.py:641} INFO - Processing file /home/airflow/.local/lib/python3.7/site-packages/airflow/example_dags/example_nested_branch_dag.py for tasks to queue
[2022-06-15 07:24:27,534] {logging_mixin.py:115} INFO - [2022-06-15 07:24:27,534] {dagbag.py:507} INFO - Filling up the DagBag from /home/airflow/.local/lib/python3.7/site-packages/airflow/example_dags/example_nested_branch_dag.py
[2022-06-15 07:24:27,541] {processor.py:651} INFO - DAG(s) dict_keys(['example_nested_branch_dag']) retrieved from /home/airflow/.local/lib/python3.7/site-packages/airflow/example_dags/example_nested_branch_dag.py
[2022-06-15 07:24:27,559] {logging_mixin.py:115} INFO - [2022-06-15 07:24:27,559] {dag.py:2379} INFO - Sync 1 DAGs
[2022-06-15 07:24:27,664] {logging_mixin.py:115} INFO - [2022-06-15 07:24:27,664] {dag.py:2931} INFO - Setting next_dagrun for example_nested_branch_dag to 2022-06-14T00:00:00+00:00, run_after=2022-06-15T00:00:00+00:00
[2022-06-15 07:24:27,673] {processor.py:161} INFO - Processing /home/airflow/.local/lib/python3.7/site-packages/airflow/example_dags/example_nested_branch_dag.py took 0.144 seconds
[2022-06-15 07:24:58,780] {processor.py:153} INFO - Started process (PID=305) to work on /home/airflow/.local/lib/python3.7/site-packages/airflow/example_dags/example_nested_branch_dag.py
[2022-06-15 07:24:58,781] {processor.py:641} INFO - Processing file /home/airflow/.local/lib/python3.7/site-packages/airflow/example_dags/example_nested_branch_dag.py for tasks to queue
[2022-06-15 07:24:58,783] {logging_mixin.py:115} INFO - [2022-06-15 07:24:58,782] {dagbag.py:507} INFO - Filling up the DagBag from /home/airflow/.local/lib/python3.7/site-packages/airflow/example_dags/example_nested_branch_dag.py
[2022-06-15 07:24:58,791] {processor.py:651} INFO - DAG(s) dict_keys(['example_nested_branch_dag']) retrieved from /home/airflow/.local/lib/python3.7/site-packages/airflow/example_dags/example_nested_branch_dag.py
[2022-06-15 07:24:58,811] {logging_mixin.py:115} INFO - [2022-06-15 07:24:58,811] {dag.py:2379} INFO - Sync 1 DAGs
[2022-06-15 07:24:58,950] {logging_mixin.py:115} INFO - [2022-06-15 07:24:58,950] {dag.py:2931} INFO - Setting next_dagrun for example_nested_branch_dag to 2022-06-14T00:00:00+00:00, run_after=2022-06-15T00:00:00+00:00
[2022-06-15 07:24:58,975] {processor.py:161} INFO - Processing /home/airflow/.local/lib/python3.7/site-packages/airflow/example_dags/example_nested_branch_dag.py took 0.198 seconds
[2022-06-15 07:25:29,031] {processor.py:153} INFO - Started process (PID=363) to work on /home/airflow/.local/lib/python3.7/site-packages/airflow/example_dags/example_nested_branch_dag.py
[2022-06-15 07:25:29,032] {processor.py:641} INFO - Processing file /home/airflow/.local/lib/python3.7/site-packages/airflow/example_dags/example_nested_branch_dag.py for tasks to queue
[2022-06-15 07:25:29,033] {logging_mixin.py:115} INFO - [2022-06-15 07:25:29,033] {dagbag.py:507} INFO - Filling up the DagBag from /home/airflow/.local/lib/python3.7/site-packages/airflow/example_dags/example_nested_branch_dag.py
[2022-06-15 07:25:29,039] {processor.py:651} INFO - DAG(s) dict_keys(['example_nested_branch_dag']) retrieved from /home/airflow/.local/lib/python3.7/site-packages/airflow/example_dags/example_nested_branch_dag.py
[2022-06-15 07:25:29,056] {logging_mixin.py:115} INFO - [2022-06-15 07:25:29,056] {dag.py:2379} INFO - Sync 1 DAGs
[2022-06-15 07:25:29,146] {logging_mixin.py:115} INFO - [2022-06-15 07:25:29,146] {dag.py:2931} INFO - Setting next_dagrun for example_nested_branch_dag to 2022-06-14T00:00:00+00:00, run_after=2022-06-15T00:00:00+00:00
[2022-06-15 07:25:29,154] {processor.py:161} INFO - Processing /home/airflow/.local/lib/python3.7/site-packages/airflow/example_dags/example_nested_branch_dag.py took 0.125 seconds
[2022-06-15 07:25:59,940] {processor.py:153} INFO - Started process (PID=433) to work on /home/airflow/.local/lib/python3.7/site-packages/airflow/example_dags/example_nested_branch_dag.py
[2022-06-15 07:25:59,956] {processor.py:641} INFO - Processing file /home/airflow/.local/lib/python3.7/site-packages/airflow/example_dags/example_nested_branch_dag.py for tasks to queue
[2022-06-15 07:25:59,958] {logging_mixin.py:115} INFO - [2022-06-15 07:25:59,957] {dagbag.py:507} INFO - Filling up the DagBag from /home/airflow/.local/lib/python3.7/site-packages/airflow/example_dags/example_nested_branch_dag.py
[2022-06-15 07:25:59,971] {processor.py:651} INFO - DAG(s) dict_keys(['example_nested_branch_dag']) retrieved from /home/airflow/.local/lib/python3.7/site-packages/airflow/example_dags/example_nested_branch_dag.py
[2022-06-15 07:26:00,009] {logging_mixin.py:115} INFO - [2022-06-15 07:26:00,009] {dag.py:2379} INFO - Sync 1 DAGs
[2022-06-15 07:26:00,162] {logging_mixin.py:115} INFO - [2022-06-15 07:26:00,162] {dag.py:2931} INFO - Setting next_dagrun for example_nested_branch_dag to 2022-06-14T00:00:00+00:00, run_after=2022-06-15T00:00:00+00:00
[2022-06-15 07:26:00,170] {processor.py:161} INFO - Processing /home/airflow/.local/lib/python3.7/site-packages/airflow/example_dags/example_nested_branch_dag.py took 0.235 seconds
[2022-06-15 07:26:30,255] {processor.py:153} INFO - Started process (PID=500) to work on /home/airflow/.local/lib/python3.7/site-packages/airflow/example_dags/example_nested_branch_dag.py
[2022-06-15 07:26:30,256] {processor.py:641} INFO - Processing file /home/airflow/.local/lib/python3.7/site-packages/airflow/example_dags/example_nested_branch_dag.py for tasks to queue
[2022-06-15 07:26:30,257] {logging_mixin.py:115} INFO - [2022-06-15 07:26:30,257] {dagbag.py:507} INFO - Filling up the DagBag from /home/airflow/.local/lib/python3.7/site-packages/airflow/example_dags/example_nested_branch_dag.py
[2022-06-15 07:26:30,264] {processor.py:651} INFO - DAG(s) dict_keys(['example_nested_branch_dag']) retrieved from /home/airflow/.local/lib/python3.7/site-packages/airflow/example_dags/example_nested_branch_dag.py
[2022-06-15 07:26:30,282] {logging_mixin.py:115} INFO - [2022-06-15 07:26:30,282] {dag.py:2379} INFO - Sync 1 DAGs
[2022-06-15 07:26:30,379] {logging_mixin.py:115} INFO - [2022-06-15 07:26:30,379] {dag.py:2931} INFO - Setting next_dagrun for example_nested_branch_dag to 2022-06-14T00:00:00+00:00, run_after=2022-06-15T00:00:00+00:00
[2022-06-15 07:26:30,387] {processor.py:161} INFO - Processing /home/airflow/.local/lib/python3.7/site-packages/airflow/example_dags/example_nested_branch_dag.py took 0.134 seconds
[2022-06-15 07:27:00,856] {processor.py:153} INFO - Started process (PID=562) to work on /home/airflow/.local/lib/python3.7/site-packages/airflow/example_dags/example_nested_branch_dag.py
[2022-06-15 07:27:00,858] {processor.py:641} INFO - Processing file /home/airflow/.local/lib/python3.7/site-packages/airflow/example_dags/example_nested_branch_dag.py for tasks to queue
[2022-06-15 07:27:00,859] {logging_mixin.py:115} INFO - [2022-06-15 07:27:00,859] {dagbag.py:507} INFO - Filling up the DagBag from /home/airflow/.local/lib/python3.7/site-packages/airflow/example_dags/example_nested_branch_dag.py
[2022-06-15 07:27:00,868] {processor.py:651} INFO - DAG(s) dict_keys(['example_nested_branch_dag']) retrieved from /home/airflow/.local/lib/python3.7/site-packages/airflow/example_dags/example_nested_branch_dag.py
[2022-06-15 07:27:00,896] {logging_mixin.py:115} INFO - [2022-06-15 07:27:00,896] {dag.py:2379} INFO - Sync 1 DAGs
[2022-06-15 07:27:01,006] {logging_mixin.py:115} INFO - [2022-06-15 07:27:01,006] {dag.py:2931} INFO - Setting next_dagrun for example_nested_branch_dag to 2022-06-14T00:00:00+00:00, run_after=2022-06-15T00:00:00+00:00
[2022-06-15 07:27:01,015] {processor.py:161} INFO - Processing /home/airflow/.local/lib/python3.7/site-packages/airflow/example_dags/example_nested_branch_dag.py took 0.164 seconds
[2022-06-15 07:27:31,444] {processor.py:153} INFO - Started process (PID=620) to work on /home/airflow/.local/lib/python3.7/site-packages/airflow/example_dags/example_nested_branch_dag.py
[2022-06-15 07:27:31,446] {processor.py:641} INFO - Processing file /home/airflow/.local/lib/python3.7/site-packages/airflow/example_dags/example_nested_branch_dag.py for tasks to queue
[2022-06-15 07:27:31,447] {logging_mixin.py:115} INFO - [2022-06-15 07:27:31,447] {dagbag.py:507} INFO - Filling up the DagBag from /home/airflow/.local/lib/python3.7/site-packages/airflow/example_dags/example_nested_branch_dag.py
[2022-06-15 07:27:31,455] {processor.py:651} INFO - DAG(s) dict_keys(['example_nested_branch_dag']) retrieved from /home/airflow/.local/lib/python3.7/site-packages/airflow/example_dags/example_nested_branch_dag.py
[2022-06-15 07:27:31,475] {logging_mixin.py:115} INFO - [2022-06-15 07:27:31,475] {dag.py:2379} INFO - Sync 1 DAGs
[2022-06-15 07:27:31,585] {logging_mixin.py:115} INFO - [2022-06-15 07:27:31,585] {dag.py:2931} INFO - Setting next_dagrun for example_nested_branch_dag to 2022-06-14T00:00:00+00:00, run_after=2022-06-15T00:00:00+00:00
[2022-06-15 07:27:31,592] {processor.py:161} INFO - Processing /home/airflow/.local/lib/python3.7/site-packages/airflow/example_dags/example_nested_branch_dag.py took 0.150 seconds
[2022-06-15 07:28:01,769] {processor.py:153} INFO - Started process (PID=681) to work on /home/airflow/.local/lib/python3.7/site-packages/airflow/example_dags/example_nested_branch_dag.py
[2022-06-15 07:28:01,771] {processor.py:641} INFO - Processing file /home/airflow/.local/lib/python3.7/site-packages/airflow/example_dags/example_nested_branch_dag.py for tasks to queue
[2022-06-15 07:28:01,773] {logging_mixin.py:115} INFO - [2022-06-15 07:28:01,773] {dagbag.py:507} INFO - Filling up the DagBag from /home/airflow/.local/lib/python3.7/site-packages/airflow/example_dags/example_nested_branch_dag.py
[2022-06-15 07:28:01,787] {processor.py:651} INFO - DAG(s) dict_keys(['example_nested_branch_dag']) retrieved from /home/airflow/.local/lib/python3.7/site-packages/airflow/example_dags/example_nested_branch_dag.py
[2022-06-15 07:28:01,826] {logging_mixin.py:115} INFO - [2022-06-15 07:28:01,826] {dag.py:2379} INFO - Sync 1 DAGs
[2022-06-15 07:28:01,988] {logging_mixin.py:115} INFO - [2022-06-15 07:28:01,988] {dag.py:2931} INFO - Setting next_dagrun for example_nested_branch_dag to 2022-06-14T00:00:00+00:00, run_after=2022-06-15T00:00:00+00:00
[2022-06-15 07:28:01,997] {processor.py:161} INFO - Processing /home/airflow/.local/lib/python3.7/site-packages/airflow/example_dags/example_nested_branch_dag.py took 0.232 seconds
[2022-06-15 07:28:32,559] {processor.py:153} INFO - Started process (PID=748) to work on /home/airflow/.local/lib/python3.7/site-packages/airflow/example_dags/example_nested_branch_dag.py
[2022-06-15 07:28:32,560] {processor.py:641} INFO - Processing file /home/airflow/.local/lib/python3.7/site-packages/airflow/example_dags/example_nested_branch_dag.py for tasks to queue
[2022-06-15 07:28:32,561] {logging_mixin.py:115} INFO - [2022-06-15 07:28:32,561] {dagbag.py:507} INFO - Filling up the DagBag from /home/airflow/.local/lib/python3.7/site-packages/airflow/example_dags/example_nested_branch_dag.py
[2022-06-15 07:28:32,573] {processor.py:651} INFO - DAG(s) dict_keys(['example_nested_branch_dag']) retrieved from /home/airflow/.local/lib/python3.7/site-packages/airflow/example_dags/example_nested_branch_dag.py
[2022-06-15 07:28:32,599] {logging_mixin.py:115} INFO - [2022-06-15 07:28:32,599] {dag.py:2379} INFO - Sync 1 DAGs
[2022-06-15 07:28:32,727] {logging_mixin.py:115} INFO - [2022-06-15 07:28:32,727] {dag.py:2931} INFO - Setting next_dagrun for example_nested_branch_dag to 2022-06-14T00:00:00+00:00, run_after=2022-06-15T00:00:00+00:00
[2022-06-15 07:28:32,745] {processor.py:161} INFO - Processing /home/airflow/.local/lib/python3.7/site-packages/airflow/example_dags/example_nested_branch_dag.py took 0.190 seconds
[2022-06-15 07:29:03,156] {processor.py:153} INFO - Started process (PID=812) to work on /home/airflow/.local/lib/python3.7/site-packages/airflow/example_dags/example_nested_branch_dag.py
[2022-06-15 07:29:03,158] {processor.py:641} INFO - Processing file /home/airflow/.local/lib/python3.7/site-packages/airflow/example_dags/example_nested_branch_dag.py for tasks to queue
[2022-06-15 07:29:03,160] {logging_mixin.py:115} INFO - [2022-06-15 07:29:03,160] {dagbag.py:507} INFO - Filling up the DagBag from /home/airflow/.local/lib/python3.7/site-packages/airflow/example_dags/example_nested_branch_dag.py
[2022-06-15 07:29:03,171] {processor.py:651} INFO - DAG(s) dict_keys(['example_nested_branch_dag']) retrieved from /home/airflow/.local/lib/python3.7/site-packages/airflow/example_dags/example_nested_branch_dag.py
[2022-06-15 07:29:03,199] {logging_mixin.py:115} INFO - [2022-06-15 07:29:03,199] {dag.py:2379} INFO - Sync 1 DAGs
[2022-06-15 07:29:03,387] {logging_mixin.py:115} INFO - [2022-06-15 07:29:03,386] {dag.py:2931} INFO - Setting next_dagrun for example_nested_branch_dag to 2022-06-14T00:00:00+00:00, run_after=2022-06-15T00:00:00+00:00
[2022-06-15 07:29:03,401] {processor.py:161} INFO - Processing /home/airflow/.local/lib/python3.7/site-packages/airflow/example_dags/example_nested_branch_dag.py took 0.250 seconds
[2022-06-15 07:29:33,852] {processor.py:153} INFO - Started process (PID=880) to work on /home/airflow/.local/lib/python3.7/site-packages/airflow/example_dags/example_nested_branch_dag.py
[2022-06-15 07:29:33,857] {processor.py:641} INFO - Processing file /home/airflow/.local/lib/python3.7/site-packages/airflow/example_dags/example_nested_branch_dag.py for tasks to queue
[2022-06-15 07:29:33,859] {logging_mixin.py:115} INFO - [2022-06-15 07:29:33,859] {dagbag.py:507} INFO - Filling up the DagBag from /home/airflow/.local/lib/python3.7/site-packages/airflow/example_dags/example_nested_branch_dag.py
[2022-06-15 07:29:33,878] {processor.py:651} INFO - DAG(s) dict_keys(['example_nested_branch_dag']) retrieved from /home/airflow/.local/lib/python3.7/site-packages/airflow/example_dags/example_nested_branch_dag.py
[2022-06-15 07:29:33,922] {logging_mixin.py:115} INFO - [2022-06-15 07:29:33,922] {dag.py:2379} INFO - Sync 1 DAGs
[2022-06-15 07:29:34,245] {logging_mixin.py:115} INFO - [2022-06-15 07:29:34,245] {dag.py:2931} INFO - Setting next_dagrun for example_nested_branch_dag to 2022-06-14T00:00:00+00:00, run_after=2022-06-15T00:00:00+00:00
[2022-06-15 07:29:34,254] {processor.py:161} INFO - Processing /home/airflow/.local/lib/python3.7/site-packages/airflow/example_dags/example_nested_branch_dag.py took 0.406 seconds
