[2022-06-15 07:08:57,374] {processor.py:153} INFO - Started process (PID=63) to work on /home/airflow/.local/lib/python3.7/site-packages/airflow/example_dags/example_branch_python_dop_operator_3.py
[2022-06-15 07:08:57,377] {processor.py:641} INFO - Processing file /home/airflow/.local/lib/python3.7/site-packages/airflow/example_dags/example_branch_python_dop_operator_3.py for tasks to queue
[2022-06-15 07:08:57,383] {logging_mixin.py:115} INFO - [2022-06-15 07:08:57,382] {dagbag.py:507} INFO - Filling up the DagBag from /home/airflow/.local/lib/python3.7/site-packages/airflow/example_dags/example_branch_python_dop_operator_3.py
[2022-06-15 07:08:57,661] {processor.py:651} INFO - DAG(s) dict_keys(['example_branch_dop_operator_v3']) retrieved from /home/airflow/.local/lib/python3.7/site-packages/airflow/example_dags/example_branch_python_dop_operator_3.py
[2022-06-15 07:08:59,912] {logging_mixin.py:115} INFO - [2022-06-15 07:08:59,910] {manager.py:508} INFO - Created Permission View: can delete on DAG:example_branch_dop_operator_v3
[2022-06-15 07:09:01,282] {logging_mixin.py:115} INFO - [2022-06-15 07:09:01,277] {manager.py:508} INFO - Created Permission View: can read on DAG:example_branch_dop_operator_v3
[2022-06-15 07:09:02,399] {logging_mixin.py:115} INFO - [2022-06-15 07:09:02,392] {manager.py:508} INFO - Created Permission View: can edit on DAG:example_branch_dop_operator_v3
[2022-06-15 07:09:02,414] {logging_mixin.py:115} INFO - [2022-06-15 07:09:02,414] {dag.py:2379} INFO - Sync 1 DAGs
[2022-06-15 07:09:02,581] {logging_mixin.py:115} INFO - [2022-06-15 07:09:02,581] {dag.py:2398} INFO - Creating ORM DAG for example_branch_dop_operator_v3
[2022-06-15 07:09:02,821] {logging_mixin.py:115} INFO - [2022-06-15 07:09:02,819] {dag.py:2931} INFO - Setting next_dagrun for example_branch_dop_operator_v3 to 2022-06-15T07:08:00+00:00, run_after=2022-06-15T07:09:00+00:00
[2022-06-15 07:09:03,225] {processor.py:161} INFO - Processing /home/airflow/.local/lib/python3.7/site-packages/airflow/example_dags/example_branch_python_dop_operator_3.py took 5.819 seconds
[2022-06-15 07:09:33,950] {processor.py:153} INFO - Started process (PID=122) to work on /home/airflow/.local/lib/python3.7/site-packages/airflow/example_dags/example_branch_python_dop_operator_3.py
[2022-06-15 07:09:33,952] {processor.py:641} INFO - Processing file /home/airflow/.local/lib/python3.7/site-packages/airflow/example_dags/example_branch_python_dop_operator_3.py for tasks to queue
[2022-06-15 07:09:33,953] {logging_mixin.py:115} INFO - [2022-06-15 07:09:33,953] {dagbag.py:507} INFO - Filling up the DagBag from /home/airflow/.local/lib/python3.7/site-packages/airflow/example_dags/example_branch_python_dop_operator_3.py
[2022-06-15 07:09:33,972] {processor.py:651} INFO - DAG(s) dict_keys(['example_branch_dop_operator_v3']) retrieved from /home/airflow/.local/lib/python3.7/site-packages/airflow/example_dags/example_branch_python_dop_operator_3.py
[2022-06-15 07:09:34,018] {logging_mixin.py:115} INFO - [2022-06-15 07:09:34,018] {dag.py:2379} INFO - Sync 1 DAGs
[2022-06-15 07:09:34,329] {logging_mixin.py:115} INFO - [2022-06-15 07:09:34,329] {dag.py:2931} INFO - Setting next_dagrun for example_branch_dop_operator_v3 to 2022-06-15T07:08:00+00:00, run_after=2022-06-15T07:09:00+00:00
[2022-06-15 07:09:34,342] {processor.py:161} INFO - Processing /home/airflow/.local/lib/python3.7/site-packages/airflow/example_dags/example_branch_python_dop_operator_3.py took 0.396 seconds
[2022-06-15 07:10:04,557] {processor.py:153} INFO - Started process (PID=190) to work on /home/airflow/.local/lib/python3.7/site-packages/airflow/example_dags/example_branch_python_dop_operator_3.py
[2022-06-15 07:10:04,563] {processor.py:641} INFO - Processing file /home/airflow/.local/lib/python3.7/site-packages/airflow/example_dags/example_branch_python_dop_operator_3.py for tasks to queue
[2022-06-15 07:10:04,570] {logging_mixin.py:115} INFO - [2022-06-15 07:10:04,569] {dagbag.py:507} INFO - Filling up the DagBag from /home/airflow/.local/lib/python3.7/site-packages/airflow/example_dags/example_branch_python_dop_operator_3.py
[2022-06-15 07:10:04,600] {processor.py:651} INFO - DAG(s) dict_keys(['example_branch_dop_operator_v3']) retrieved from /home/airflow/.local/lib/python3.7/site-packages/airflow/example_dags/example_branch_python_dop_operator_3.py
[2022-06-15 07:10:04,660] {logging_mixin.py:115} INFO - [2022-06-15 07:10:04,660] {dag.py:2379} INFO - Sync 1 DAGs
[2022-06-15 07:10:05,036] {logging_mixin.py:115} INFO - [2022-06-15 07:10:05,036] {dag.py:2931} INFO - Setting next_dagrun for example_branch_dop_operator_v3 to 2022-06-15T07:09:00+00:00, run_after=2022-06-15T07:10:00+00:00
[2022-06-15 07:10:05,059] {processor.py:161} INFO - Processing /home/airflow/.local/lib/python3.7/site-packages/airflow/example_dags/example_branch_python_dop_operator_3.py took 0.514 seconds
[2022-06-15 07:10:35,872] {processor.py:153} INFO - Started process (PID=260) to work on /home/airflow/.local/lib/python3.7/site-packages/airflow/example_dags/example_branch_python_dop_operator_3.py
[2022-06-15 07:10:35,874] {processor.py:641} INFO - Processing file /home/airflow/.local/lib/python3.7/site-packages/airflow/example_dags/example_branch_python_dop_operator_3.py for tasks to queue
[2022-06-15 07:10:35,876] {logging_mixin.py:115} INFO - [2022-06-15 07:10:35,876] {dagbag.py:507} INFO - Filling up the DagBag from /home/airflow/.local/lib/python3.7/site-packages/airflow/example_dags/example_branch_python_dop_operator_3.py
[2022-06-15 07:10:35,894] {processor.py:651} INFO - DAG(s) dict_keys(['example_branch_dop_operator_v3']) retrieved from /home/airflow/.local/lib/python3.7/site-packages/airflow/example_dags/example_branch_python_dop_operator_3.py
[2022-06-15 07:10:35,925] {logging_mixin.py:115} INFO - [2022-06-15 07:10:35,925] {dag.py:2379} INFO - Sync 1 DAGs
[2022-06-15 07:10:36,201] {logging_mixin.py:115} INFO - [2022-06-15 07:10:36,201] {dag.py:2931} INFO - Setting next_dagrun for example_branch_dop_operator_v3 to 2022-06-15T07:09:00+00:00, run_after=2022-06-15T07:10:00+00:00
[2022-06-15 07:10:36,209] {processor.py:161} INFO - Processing /home/airflow/.local/lib/python3.7/site-packages/airflow/example_dags/example_branch_python_dop_operator_3.py took 0.343 seconds
[2022-06-15 07:11:06,848] {processor.py:153} INFO - Started process (PID=329) to work on /home/airflow/.local/lib/python3.7/site-packages/airflow/example_dags/example_branch_python_dop_operator_3.py
[2022-06-15 07:11:06,853] {processor.py:641} INFO - Processing file /home/airflow/.local/lib/python3.7/site-packages/airflow/example_dags/example_branch_python_dop_operator_3.py for tasks to queue
[2022-06-15 07:11:06,858] {logging_mixin.py:115} INFO - [2022-06-15 07:11:06,857] {dagbag.py:507} INFO - Filling up the DagBag from /home/airflow/.local/lib/python3.7/site-packages/airflow/example_dags/example_branch_python_dop_operator_3.py
[2022-06-15 07:11:06,885] {processor.py:651} INFO - DAG(s) dict_keys(['example_branch_dop_operator_v3']) retrieved from /home/airflow/.local/lib/python3.7/site-packages/airflow/example_dags/example_branch_python_dop_operator_3.py
[2022-06-15 07:11:06,943] {logging_mixin.py:115} INFO - [2022-06-15 07:11:06,943] {dag.py:2379} INFO - Sync 1 DAGs
[2022-06-15 07:11:07,209] {logging_mixin.py:115} INFO - [2022-06-15 07:11:07,208] {dag.py:2931} INFO - Setting next_dagrun for example_branch_dop_operator_v3 to 2022-06-15T07:10:00+00:00, run_after=2022-06-15T07:11:00+00:00
[2022-06-15 07:11:07,222] {processor.py:161} INFO - Processing /home/airflow/.local/lib/python3.7/site-packages/airflow/example_dags/example_branch_python_dop_operator_3.py took 0.383 seconds
[2022-06-15 07:14:14,139] {processor.py:153} INFO - Started process (PID=49) to work on /home/airflow/.local/lib/python3.7/site-packages/airflow/example_dags/example_branch_python_dop_operator_3.py
[2022-06-15 07:14:14,148] {processor.py:641} INFO - Processing file /home/airflow/.local/lib/python3.7/site-packages/airflow/example_dags/example_branch_python_dop_operator_3.py for tasks to queue
[2022-06-15 07:14:14,191] {logging_mixin.py:115} INFO - [2022-06-15 07:14:14,191] {dagbag.py:507} INFO - Filling up the DagBag from /home/airflow/.local/lib/python3.7/site-packages/airflow/example_dags/example_branch_python_dop_operator_3.py
[2022-06-15 07:14:14,665] {processor.py:651} INFO - DAG(s) dict_keys(['example_branch_dop_operator_v3']) retrieved from /home/airflow/.local/lib/python3.7/site-packages/airflow/example_dags/example_branch_python_dop_operator_3.py
[2022-06-15 07:14:14,936] {logging_mixin.py:115} INFO - [2022-06-15 07:14:14,935] {dag.py:2379} INFO - Sync 1 DAGs
[2022-06-15 07:14:15,463] {logging_mixin.py:115} INFO - [2022-06-15 07:14:15,463] {dag.py:2931} INFO - Setting next_dagrun for example_branch_dop_operator_v3 to 2022-06-15T07:13:00+00:00, run_after=2022-06-15T07:14:00+00:00
[2022-06-15 07:14:15,773] {processor.py:161} INFO - Processing /home/airflow/.local/lib/python3.7/site-packages/airflow/example_dags/example_branch_python_dop_operator_3.py took 1.679 seconds
[2022-06-15 07:15:09,482] {processor.py:153} INFO - Started process (PID=111) to work on /home/airflow/.local/lib/python3.7/site-packages/airflow/example_dags/example_branch_python_dop_operator_3.py
[2022-06-15 07:15:09,487] {processor.py:641} INFO - Processing file /home/airflow/.local/lib/python3.7/site-packages/airflow/example_dags/example_branch_python_dop_operator_3.py for tasks to queue
[2022-06-15 07:15:09,492] {logging_mixin.py:115} INFO - [2022-06-15 07:15:09,492] {dagbag.py:507} INFO - Filling up the DagBag from /home/airflow/.local/lib/python3.7/site-packages/airflow/example_dags/example_branch_python_dop_operator_3.py
[2022-06-15 07:15:09,613] {processor.py:651} INFO - DAG(s) dict_keys(['example_branch_dop_operator_v3']) retrieved from /home/airflow/.local/lib/python3.7/site-packages/airflow/example_dags/example_branch_python_dop_operator_3.py
[2022-06-15 07:15:09,880] {logging_mixin.py:115} INFO - [2022-06-15 07:15:09,880] {dag.py:2379} INFO - Sync 1 DAGs
[2022-06-15 07:15:10,079] {logging_mixin.py:115} INFO - [2022-06-15 07:15:10,078] {dag.py:2931} INFO - Setting next_dagrun for example_branch_dop_operator_v3 to 2022-06-15T07:14:00+00:00, run_after=2022-06-15T07:15:00+00:00
[2022-06-15 07:15:10,220] {processor.py:161} INFO - Processing /home/airflow/.local/lib/python3.7/site-packages/airflow/example_dags/example_branch_python_dop_operator_3.py took 0.778 seconds
[2022-06-15 07:15:40,524] {processor.py:153} INFO - Started process (PID=170) to work on /home/airflow/.local/lib/python3.7/site-packages/airflow/example_dags/example_branch_python_dop_operator_3.py
[2022-06-15 07:15:40,525] {processor.py:641} INFO - Processing file /home/airflow/.local/lib/python3.7/site-packages/airflow/example_dags/example_branch_python_dop_operator_3.py for tasks to queue
[2022-06-15 07:15:40,526] {logging_mixin.py:115} INFO - [2022-06-15 07:15:40,526] {dagbag.py:507} INFO - Filling up the DagBag from /home/airflow/.local/lib/python3.7/site-packages/airflow/example_dags/example_branch_python_dop_operator_3.py
[2022-06-15 07:15:40,537] {processor.py:651} INFO - DAG(s) dict_keys(['example_branch_dop_operator_v3']) retrieved from /home/airflow/.local/lib/python3.7/site-packages/airflow/example_dags/example_branch_python_dop_operator_3.py
[2022-06-15 07:15:40,555] {logging_mixin.py:115} INFO - [2022-06-15 07:15:40,554] {dag.py:2379} INFO - Sync 1 DAGs
[2022-06-15 07:15:40,574] {logging_mixin.py:115} INFO - [2022-06-15 07:15:40,574] {dag.py:2931} INFO - Setting next_dagrun for example_branch_dop_operator_v3 to 2022-06-15T07:14:00+00:00, run_after=2022-06-15T07:15:00+00:00
[2022-06-15 07:15:40,583] {processor.py:161} INFO - Processing /home/airflow/.local/lib/python3.7/site-packages/airflow/example_dags/example_branch_python_dop_operator_3.py took 0.061 seconds
[2022-06-15 07:16:11,244] {processor.py:153} INFO - Started process (PID=237) to work on /home/airflow/.local/lib/python3.7/site-packages/airflow/example_dags/example_branch_python_dop_operator_3.py
[2022-06-15 07:16:11,246] {processor.py:641} INFO - Processing file /home/airflow/.local/lib/python3.7/site-packages/airflow/example_dags/example_branch_python_dop_operator_3.py for tasks to queue
[2022-06-15 07:16:11,247] {logging_mixin.py:115} INFO - [2022-06-15 07:16:11,247] {dagbag.py:507} INFO - Filling up the DagBag from /home/airflow/.local/lib/python3.7/site-packages/airflow/example_dags/example_branch_python_dop_operator_3.py
[2022-06-15 07:16:11,261] {processor.py:651} INFO - DAG(s) dict_keys(['example_branch_dop_operator_v3']) retrieved from /home/airflow/.local/lib/python3.7/site-packages/airflow/example_dags/example_branch_python_dop_operator_3.py
[2022-06-15 07:16:11,279] {logging_mixin.py:115} INFO - [2022-06-15 07:16:11,279] {dag.py:2379} INFO - Sync 1 DAGs
[2022-06-15 07:16:11,295] {logging_mixin.py:115} INFO - [2022-06-15 07:16:11,295] {dag.py:2931} INFO - Setting next_dagrun for example_branch_dop_operator_v3 to 2022-06-15T07:15:00+00:00, run_after=2022-06-15T07:16:00+00:00
[2022-06-15 07:16:11,302] {processor.py:161} INFO - Processing /home/airflow/.local/lib/python3.7/site-packages/airflow/example_dags/example_branch_python_dop_operator_3.py took 0.064 seconds
[2022-06-15 07:16:41,797] {processor.py:153} INFO - Started process (PID=305) to work on /home/airflow/.local/lib/python3.7/site-packages/airflow/example_dags/example_branch_python_dop_operator_3.py
[2022-06-15 07:16:41,801] {processor.py:641} INFO - Processing file /home/airflow/.local/lib/python3.7/site-packages/airflow/example_dags/example_branch_python_dop_operator_3.py for tasks to queue
[2022-06-15 07:16:41,803] {logging_mixin.py:115} INFO - [2022-06-15 07:16:41,803] {dagbag.py:507} INFO - Filling up the DagBag from /home/airflow/.local/lib/python3.7/site-packages/airflow/example_dags/example_branch_python_dop_operator_3.py
[2022-06-15 07:16:41,842] {processor.py:651} INFO - DAG(s) dict_keys(['example_branch_dop_operator_v3']) retrieved from /home/airflow/.local/lib/python3.7/site-packages/airflow/example_dags/example_branch_python_dop_operator_3.py
[2022-06-15 07:16:41,909] {logging_mixin.py:115} INFO - [2022-06-15 07:16:41,908] {dag.py:2379} INFO - Sync 1 DAGs
[2022-06-15 07:16:41,967] {logging_mixin.py:115} INFO - [2022-06-15 07:16:41,967] {dag.py:2931} INFO - Setting next_dagrun for example_branch_dop_operator_v3 to 2022-06-15T07:15:00+00:00, run_after=2022-06-15T07:16:00+00:00
[2022-06-15 07:16:42,005] {processor.py:161} INFO - Processing /home/airflow/.local/lib/python3.7/site-packages/airflow/example_dags/example_branch_python_dop_operator_3.py took 0.217 seconds
[2022-06-15 07:23:00,287] {processor.py:153} INFO - Started process (PID=65) to work on /home/airflow/.local/lib/python3.7/site-packages/airflow/example_dags/example_branch_python_dop_operator_3.py
[2022-06-15 07:23:00,303] {processor.py:641} INFO - Processing file /home/airflow/.local/lib/python3.7/site-packages/airflow/example_dags/example_branch_python_dop_operator_3.py for tasks to queue
[2022-06-15 07:23:00,313] {logging_mixin.py:115} INFO - [2022-06-15 07:23:00,312] {dagbag.py:507} INFO - Filling up the DagBag from /home/airflow/.local/lib/python3.7/site-packages/airflow/example_dags/example_branch_python_dop_operator_3.py
[2022-06-15 07:23:00,610] {processor.py:651} INFO - DAG(s) dict_keys(['example_branch_dop_operator_v3']) retrieved from /home/airflow/.local/lib/python3.7/site-packages/airflow/example_dags/example_branch_python_dop_operator_3.py
[2022-06-15 07:23:01,212] {logging_mixin.py:115} INFO - [2022-06-15 07:23:01,210] {dag.py:2379} INFO - Sync 1 DAGs
[2022-06-15 07:23:06,179] {logging_mixin.py:115} INFO - [2022-06-15 07:23:06,169] {dag.py:2931} INFO - Setting next_dagrun for example_branch_dop_operator_v3 to 2022-06-15T07:22:00+00:00, run_after=2022-06-15T07:23:00+00:00
[2022-06-15 07:23:06,545] {processor.py:161} INFO - Processing /home/airflow/.local/lib/python3.7/site-packages/airflow/example_dags/example_branch_python_dop_operator_3.py took 6.402 seconds
[2022-06-15 07:23:37,233] {processor.py:153} INFO - Started process (PID=120) to work on /home/airflow/.local/lib/python3.7/site-packages/airflow/example_dags/example_branch_python_dop_operator_3.py
[2022-06-15 07:23:37,236] {processor.py:641} INFO - Processing file /home/airflow/.local/lib/python3.7/site-packages/airflow/example_dags/example_branch_python_dop_operator_3.py for tasks to queue
[2022-06-15 07:23:37,239] {logging_mixin.py:115} INFO - [2022-06-15 07:23:37,238] {dagbag.py:507} INFO - Filling up the DagBag from /home/airflow/.local/lib/python3.7/site-packages/airflow/example_dags/example_branch_python_dop_operator_3.py
[2022-06-15 07:23:37,262] {processor.py:651} INFO - DAG(s) dict_keys(['example_branch_dop_operator_v3']) retrieved from /home/airflow/.local/lib/python3.7/site-packages/airflow/example_dags/example_branch_python_dop_operator_3.py
[2022-06-15 07:23:37,312] {logging_mixin.py:115} INFO - [2022-06-15 07:23:37,312] {dag.py:2379} INFO - Sync 1 DAGs
[2022-06-15 07:23:37,567] {logging_mixin.py:115} INFO - [2022-06-15 07:23:37,567] {dag.py:2931} INFO - Setting next_dagrun for example_branch_dop_operator_v3 to 2022-06-15T07:22:00+00:00, run_after=2022-06-15T07:23:00+00:00
[2022-06-15 07:23:37,575] {processor.py:161} INFO - Processing /home/airflow/.local/lib/python3.7/site-packages/airflow/example_dags/example_branch_python_dop_operator_3.py took 0.346 seconds
[2022-06-15 07:24:08,085] {processor.py:153} INFO - Started process (PID=189) to work on /home/airflow/.local/lib/python3.7/site-packages/airflow/example_dags/example_branch_python_dop_operator_3.py
[2022-06-15 07:24:08,088] {processor.py:641} INFO - Processing file /home/airflow/.local/lib/python3.7/site-packages/airflow/example_dags/example_branch_python_dop_operator_3.py for tasks to queue
[2022-06-15 07:24:08,090] {logging_mixin.py:115} INFO - [2022-06-15 07:24:08,090] {dagbag.py:507} INFO - Filling up the DagBag from /home/airflow/.local/lib/python3.7/site-packages/airflow/example_dags/example_branch_python_dop_operator_3.py
[2022-06-15 07:24:08,112] {processor.py:651} INFO - DAG(s) dict_keys(['example_branch_dop_operator_v3']) retrieved from /home/airflow/.local/lib/python3.7/site-packages/airflow/example_dags/example_branch_python_dop_operator_3.py
[2022-06-15 07:24:08,147] {logging_mixin.py:115} INFO - [2022-06-15 07:24:08,147] {dag.py:2379} INFO - Sync 1 DAGs
[2022-06-15 07:24:08,423] {logging_mixin.py:115} INFO - [2022-06-15 07:24:08,422] {dag.py:2931} INFO - Setting next_dagrun for example_branch_dop_operator_v3 to 2022-06-15T07:23:00+00:00, run_after=2022-06-15T07:24:00+00:00
[2022-06-15 07:24:08,447] {processor.py:161} INFO - Processing /home/airflow/.local/lib/python3.7/site-packages/airflow/example_dags/example_branch_python_dop_operator_3.py took 0.376 seconds
[2022-06-15 07:24:39,004] {processor.py:153} INFO - Started process (PID=255) to work on /home/airflow/.local/lib/python3.7/site-packages/airflow/example_dags/example_branch_python_dop_operator_3.py
[2022-06-15 07:24:39,007] {processor.py:641} INFO - Processing file /home/airflow/.local/lib/python3.7/site-packages/airflow/example_dags/example_branch_python_dop_operator_3.py for tasks to queue
[2022-06-15 07:24:39,009] {logging_mixin.py:115} INFO - [2022-06-15 07:24:39,009] {dagbag.py:507} INFO - Filling up the DagBag from /home/airflow/.local/lib/python3.7/site-packages/airflow/example_dags/example_branch_python_dop_operator_3.py
[2022-06-15 07:24:39,028] {processor.py:651} INFO - DAG(s) dict_keys(['example_branch_dop_operator_v3']) retrieved from /home/airflow/.local/lib/python3.7/site-packages/airflow/example_dags/example_branch_python_dop_operator_3.py
[2022-06-15 07:24:39,070] {logging_mixin.py:115} INFO - [2022-06-15 07:24:39,070] {dag.py:2379} INFO - Sync 1 DAGs
[2022-06-15 07:24:39,318] {logging_mixin.py:115} INFO - [2022-06-15 07:24:39,318] {dag.py:2931} INFO - Setting next_dagrun for example_branch_dop_operator_v3 to 2022-06-15T07:23:00+00:00, run_after=2022-06-15T07:24:00+00:00
[2022-06-15 07:24:39,325] {processor.py:161} INFO - Processing /home/airflow/.local/lib/python3.7/site-packages/airflow/example_dags/example_branch_python_dop_operator_3.py took 0.332 seconds
[2022-06-15 07:25:09,452] {processor.py:153} INFO - Started process (PID=312) to work on /home/airflow/.local/lib/python3.7/site-packages/airflow/example_dags/example_branch_python_dop_operator_3.py
[2022-06-15 07:25:09,455] {processor.py:641} INFO - Processing file /home/airflow/.local/lib/python3.7/site-packages/airflow/example_dags/example_branch_python_dop_operator_3.py for tasks to queue
[2022-06-15 07:25:09,458] {logging_mixin.py:115} INFO - [2022-06-15 07:25:09,458] {dagbag.py:507} INFO - Filling up the DagBag from /home/airflow/.local/lib/python3.7/site-packages/airflow/example_dags/example_branch_python_dop_operator_3.py
[2022-06-15 07:25:09,477] {processor.py:651} INFO - DAG(s) dict_keys(['example_branch_dop_operator_v3']) retrieved from /home/airflow/.local/lib/python3.7/site-packages/airflow/example_dags/example_branch_python_dop_operator_3.py
[2022-06-15 07:25:09,511] {logging_mixin.py:115} INFO - [2022-06-15 07:25:09,511] {dag.py:2379} INFO - Sync 1 DAGs
[2022-06-15 07:25:09,761] {logging_mixin.py:115} INFO - [2022-06-15 07:25:09,761] {dag.py:2931} INFO - Setting next_dagrun for example_branch_dop_operator_v3 to 2022-06-15T07:24:00+00:00, run_after=2022-06-15T07:25:00+00:00
[2022-06-15 07:25:09,774] {processor.py:161} INFO - Processing /home/airflow/.local/lib/python3.7/site-packages/airflow/example_dags/example_branch_python_dop_operator_3.py took 0.330 seconds
[2022-06-15 07:25:40,056] {processor.py:153} INFO - Started process (PID=383) to work on /home/airflow/.local/lib/python3.7/site-packages/airflow/example_dags/example_branch_python_dop_operator_3.py
[2022-06-15 07:25:40,058] {processor.py:641} INFO - Processing file /home/airflow/.local/lib/python3.7/site-packages/airflow/example_dags/example_branch_python_dop_operator_3.py for tasks to queue
[2022-06-15 07:25:40,060] {logging_mixin.py:115} INFO - [2022-06-15 07:25:40,060] {dagbag.py:507} INFO - Filling up the DagBag from /home/airflow/.local/lib/python3.7/site-packages/airflow/example_dags/example_branch_python_dop_operator_3.py
[2022-06-15 07:25:40,076] {processor.py:651} INFO - DAG(s) dict_keys(['example_branch_dop_operator_v3']) retrieved from /home/airflow/.local/lib/python3.7/site-packages/airflow/example_dags/example_branch_python_dop_operator_3.py
[2022-06-15 07:25:40,108] {logging_mixin.py:115} INFO - [2022-06-15 07:25:40,108] {dag.py:2379} INFO - Sync 1 DAGs
[2022-06-15 07:25:40,355] {logging_mixin.py:115} INFO - [2022-06-15 07:25:40,355] {dag.py:2931} INFO - Setting next_dagrun for example_branch_dop_operator_v3 to 2022-06-15T07:24:00+00:00, run_after=2022-06-15T07:25:00+00:00
[2022-06-15 07:25:40,362] {processor.py:161} INFO - Processing /home/airflow/.local/lib/python3.7/site-packages/airflow/example_dags/example_branch_python_dop_operator_3.py took 0.312 seconds
[2022-06-15 07:26:10,491] {processor.py:153} INFO - Started process (PID=451) to work on /home/airflow/.local/lib/python3.7/site-packages/airflow/example_dags/example_branch_python_dop_operator_3.py
[2022-06-15 07:26:10,493] {processor.py:641} INFO - Processing file /home/airflow/.local/lib/python3.7/site-packages/airflow/example_dags/example_branch_python_dop_operator_3.py for tasks to queue
[2022-06-15 07:26:10,499] {logging_mixin.py:115} INFO - [2022-06-15 07:26:10,498] {dagbag.py:507} INFO - Filling up the DagBag from /home/airflow/.local/lib/python3.7/site-packages/airflow/example_dags/example_branch_python_dop_operator_3.py
[2022-06-15 07:26:10,513] {processor.py:651} INFO - DAG(s) dict_keys(['example_branch_dop_operator_v3']) retrieved from /home/airflow/.local/lib/python3.7/site-packages/airflow/example_dags/example_branch_python_dop_operator_3.py
[2022-06-15 07:26:10,550] {logging_mixin.py:115} INFO - [2022-06-15 07:26:10,550] {dag.py:2379} INFO - Sync 1 DAGs
[2022-06-15 07:26:10,898] {logging_mixin.py:115} INFO - [2022-06-15 07:26:10,898] {dag.py:2931} INFO - Setting next_dagrun for example_branch_dop_operator_v3 to 2022-06-15T07:25:00+00:00, run_after=2022-06-15T07:26:00+00:00
[2022-06-15 07:26:10,917] {processor.py:161} INFO - Processing /home/airflow/.local/lib/python3.7/site-packages/airflow/example_dags/example_branch_python_dop_operator_3.py took 0.430 seconds
[2022-06-15 07:26:41,323] {processor.py:153} INFO - Started process (PID=519) to work on /home/airflow/.local/lib/python3.7/site-packages/airflow/example_dags/example_branch_python_dop_operator_3.py
[2022-06-15 07:26:41,327] {processor.py:641} INFO - Processing file /home/airflow/.local/lib/python3.7/site-packages/airflow/example_dags/example_branch_python_dop_operator_3.py for tasks to queue
[2022-06-15 07:26:41,328] {logging_mixin.py:115} INFO - [2022-06-15 07:26:41,328] {dagbag.py:507} INFO - Filling up the DagBag from /home/airflow/.local/lib/python3.7/site-packages/airflow/example_dags/example_branch_python_dop_operator_3.py
[2022-06-15 07:26:41,350] {processor.py:651} INFO - DAG(s) dict_keys(['example_branch_dop_operator_v3']) retrieved from /home/airflow/.local/lib/python3.7/site-packages/airflow/example_dags/example_branch_python_dop_operator_3.py
[2022-06-15 07:26:41,387] {logging_mixin.py:115} INFO - [2022-06-15 07:26:41,387] {dag.py:2379} INFO - Sync 1 DAGs
[2022-06-15 07:26:41,585] {logging_mixin.py:115} INFO - [2022-06-15 07:26:41,585] {dag.py:2931} INFO - Setting next_dagrun for example_branch_dop_operator_v3 to 2022-06-15T07:25:00+00:00, run_after=2022-06-15T07:26:00+00:00
[2022-06-15 07:26:41,593] {processor.py:161} INFO - Processing /home/airflow/.local/lib/python3.7/site-packages/airflow/example_dags/example_branch_python_dop_operator_3.py took 0.278 seconds
[2022-06-15 07:27:12,369] {processor.py:153} INFO - Started process (PID=587) to work on /home/airflow/.local/lib/python3.7/site-packages/airflow/example_dags/example_branch_python_dop_operator_3.py
[2022-06-15 07:27:12,372] {processor.py:641} INFO - Processing file /home/airflow/.local/lib/python3.7/site-packages/airflow/example_dags/example_branch_python_dop_operator_3.py for tasks to queue
[2022-06-15 07:27:12,374] {logging_mixin.py:115} INFO - [2022-06-15 07:27:12,374] {dagbag.py:507} INFO - Filling up the DagBag from /home/airflow/.local/lib/python3.7/site-packages/airflow/example_dags/example_branch_python_dop_operator_3.py
[2022-06-15 07:27:12,393] {processor.py:651} INFO - DAG(s) dict_keys(['example_branch_dop_operator_v3']) retrieved from /home/airflow/.local/lib/python3.7/site-packages/airflow/example_dags/example_branch_python_dop_operator_3.py
[2022-06-15 07:27:12,426] {logging_mixin.py:115} INFO - [2022-06-15 07:27:12,426] {dag.py:2379} INFO - Sync 1 DAGs
[2022-06-15 07:27:12,651] {logging_mixin.py:115} INFO - [2022-06-15 07:27:12,651] {dag.py:2931} INFO - Setting next_dagrun for example_branch_dop_operator_v3 to 2022-06-15T07:26:00+00:00, run_after=2022-06-15T07:27:00+00:00
[2022-06-15 07:27:12,661] {processor.py:161} INFO - Processing /home/airflow/.local/lib/python3.7/site-packages/airflow/example_dags/example_branch_python_dop_operator_3.py took 0.305 seconds
[2022-06-15 07:27:43,171] {processor.py:153} INFO - Started process (PID=643) to work on /home/airflow/.local/lib/python3.7/site-packages/airflow/example_dags/example_branch_python_dop_operator_3.py
[2022-06-15 07:27:43,173] {processor.py:641} INFO - Processing file /home/airflow/.local/lib/python3.7/site-packages/airflow/example_dags/example_branch_python_dop_operator_3.py for tasks to queue
[2022-06-15 07:27:43,175] {logging_mixin.py:115} INFO - [2022-06-15 07:27:43,175] {dagbag.py:507} INFO - Filling up the DagBag from /home/airflow/.local/lib/python3.7/site-packages/airflow/example_dags/example_branch_python_dop_operator_3.py
[2022-06-15 07:27:43,197] {processor.py:651} INFO - DAG(s) dict_keys(['example_branch_dop_operator_v3']) retrieved from /home/airflow/.local/lib/python3.7/site-packages/airflow/example_dags/example_branch_python_dop_operator_3.py
[2022-06-15 07:27:43,236] {logging_mixin.py:115} INFO - [2022-06-15 07:27:43,236] {dag.py:2379} INFO - Sync 1 DAGs
[2022-06-15 07:27:43,415] {logging_mixin.py:115} INFO - [2022-06-15 07:27:43,415] {dag.py:2931} INFO - Setting next_dagrun for example_branch_dop_operator_v3 to 2022-06-15T07:26:00+00:00, run_after=2022-06-15T07:27:00+00:00
[2022-06-15 07:27:43,423] {processor.py:161} INFO - Processing /home/airflow/.local/lib/python3.7/site-packages/airflow/example_dags/example_branch_python_dop_operator_3.py took 0.258 seconds
[2022-06-15 07:28:13,577] {processor.py:153} INFO - Started process (PID=710) to work on /home/airflow/.local/lib/python3.7/site-packages/airflow/example_dags/example_branch_python_dop_operator_3.py
[2022-06-15 07:28:13,580] {processor.py:641} INFO - Processing file /home/airflow/.local/lib/python3.7/site-packages/airflow/example_dags/example_branch_python_dop_operator_3.py for tasks to queue
[2022-06-15 07:28:13,582] {logging_mixin.py:115} INFO - [2022-06-15 07:28:13,582] {dagbag.py:507} INFO - Filling up the DagBag from /home/airflow/.local/lib/python3.7/site-packages/airflow/example_dags/example_branch_python_dop_operator_3.py
[2022-06-15 07:28:13,599] {processor.py:651} INFO - DAG(s) dict_keys(['example_branch_dop_operator_v3']) retrieved from /home/airflow/.local/lib/python3.7/site-packages/airflow/example_dags/example_branch_python_dop_operator_3.py
[2022-06-15 07:28:13,633] {logging_mixin.py:115} INFO - [2022-06-15 07:28:13,632] {dag.py:2379} INFO - Sync 1 DAGs
[2022-06-15 07:28:13,886] {logging_mixin.py:115} INFO - [2022-06-15 07:28:13,886] {dag.py:2931} INFO - Setting next_dagrun for example_branch_dop_operator_v3 to 2022-06-15T07:27:00+00:00, run_after=2022-06-15T07:28:00+00:00
[2022-06-15 07:28:13,901] {processor.py:161} INFO - Processing /home/airflow/.local/lib/python3.7/site-packages/airflow/example_dags/example_branch_python_dop_operator_3.py took 0.333 seconds
[2022-06-15 07:28:44,116] {processor.py:153} INFO - Started process (PID=778) to work on /home/airflow/.local/lib/python3.7/site-packages/airflow/example_dags/example_branch_python_dop_operator_3.py
[2022-06-15 07:28:44,120] {processor.py:641} INFO - Processing file /home/airflow/.local/lib/python3.7/site-packages/airflow/example_dags/example_branch_python_dop_operator_3.py for tasks to queue
[2022-06-15 07:28:44,127] {logging_mixin.py:115} INFO - [2022-06-15 07:28:44,126] {dagbag.py:507} INFO - Filling up the DagBag from /home/airflow/.local/lib/python3.7/site-packages/airflow/example_dags/example_branch_python_dop_operator_3.py
[2022-06-15 07:28:44,156] {processor.py:651} INFO - DAG(s) dict_keys(['example_branch_dop_operator_v3']) retrieved from /home/airflow/.local/lib/python3.7/site-packages/airflow/example_dags/example_branch_python_dop_operator_3.py
[2022-06-15 07:28:44,211] {logging_mixin.py:115} INFO - [2022-06-15 07:28:44,211] {dag.py:2379} INFO - Sync 1 DAGs
[2022-06-15 07:28:44,510] {logging_mixin.py:115} INFO - [2022-06-15 07:28:44,509] {dag.py:2931} INFO - Setting next_dagrun for example_branch_dop_operator_v3 to 2022-06-15T07:27:00+00:00, run_after=2022-06-15T07:28:00+00:00
[2022-06-15 07:28:44,521] {processor.py:161} INFO - Processing /home/airflow/.local/lib/python3.7/site-packages/airflow/example_dags/example_branch_python_dop_operator_3.py took 0.417 seconds
[2022-06-15 07:29:14,782] {processor.py:153} INFO - Started process (PID=845) to work on /home/airflow/.local/lib/python3.7/site-packages/airflow/example_dags/example_branch_python_dop_operator_3.py
[2022-06-15 07:29:14,785] {processor.py:641} INFO - Processing file /home/airflow/.local/lib/python3.7/site-packages/airflow/example_dags/example_branch_python_dop_operator_3.py for tasks to queue
[2022-06-15 07:29:14,787] {logging_mixin.py:115} INFO - [2022-06-15 07:29:14,787] {dagbag.py:507} INFO - Filling up the DagBag from /home/airflow/.local/lib/python3.7/site-packages/airflow/example_dags/example_branch_python_dop_operator_3.py
[2022-06-15 07:29:14,806] {processor.py:651} INFO - DAG(s) dict_keys(['example_branch_dop_operator_v3']) retrieved from /home/airflow/.local/lib/python3.7/site-packages/airflow/example_dags/example_branch_python_dop_operator_3.py
[2022-06-15 07:29:14,852] {logging_mixin.py:115} INFO - [2022-06-15 07:29:14,852] {dag.py:2379} INFO - Sync 1 DAGs
[2022-06-15 07:29:15,070] {logging_mixin.py:115} INFO - [2022-06-15 07:29:15,070] {dag.py:2931} INFO - Setting next_dagrun for example_branch_dop_operator_v3 to 2022-06-15T07:28:00+00:00, run_after=2022-06-15T07:29:00+00:00
[2022-06-15 07:29:15,079] {processor.py:161} INFO - Processing /home/airflow/.local/lib/python3.7/site-packages/airflow/example_dags/example_branch_python_dop_operator_3.py took 0.316 seconds
[2022-06-15 07:29:45,158] {processor.py:153} INFO - Started process (PID=914) to work on /home/airflow/.local/lib/python3.7/site-packages/airflow/example_dags/example_branch_python_dop_operator_3.py
[2022-06-15 07:29:45,160] {processor.py:641} INFO - Processing file /home/airflow/.local/lib/python3.7/site-packages/airflow/example_dags/example_branch_python_dop_operator_3.py for tasks to queue
[2022-06-15 07:29:45,162] {logging_mixin.py:115} INFO - [2022-06-15 07:29:45,162] {dagbag.py:507} INFO - Filling up the DagBag from /home/airflow/.local/lib/python3.7/site-packages/airflow/example_dags/example_branch_python_dop_operator_3.py
[2022-06-15 07:29:45,178] {processor.py:651} INFO - DAG(s) dict_keys(['example_branch_dop_operator_v3']) retrieved from /home/airflow/.local/lib/python3.7/site-packages/airflow/example_dags/example_branch_python_dop_operator_3.py
[2022-06-15 07:29:45,213] {logging_mixin.py:115} INFO - [2022-06-15 07:29:45,213] {dag.py:2379} INFO - Sync 1 DAGs
[2022-06-15 07:29:45,513] {logging_mixin.py:115} INFO - [2022-06-15 07:29:45,513] {dag.py:2931} INFO - Setting next_dagrun for example_branch_dop_operator_v3 to 2022-06-15T07:28:00+00:00, run_after=2022-06-15T07:29:00+00:00
[2022-06-15 07:29:45,521] {processor.py:161} INFO - Processing /home/airflow/.local/lib/python3.7/site-packages/airflow/example_dags/example_branch_python_dop_operator_3.py took 0.373 seconds
