[2022-06-15 07:09:12,112] {processor.py:153} INFO - Started process (PID=69) to work on /home/airflow/.local/lib/python3.7/site-packages/airflow/example_dags/example_xcomargs.py
[2022-06-15 07:09:12,114] {processor.py:641} INFO - Processing file /home/airflow/.local/lib/python3.7/site-packages/airflow/example_dags/example_xcomargs.py for tasks to queue
[2022-06-15 07:09:12,116] {logging_mixin.py:115} INFO - [2022-06-15 07:09:12,116] {dagbag.py:507} INFO - Filling up the DagBag from /home/airflow/.local/lib/python3.7/site-packages/airflow/example_dags/example_xcomargs.py
[2022-06-15 07:09:12,143] {processor.py:651} INFO - DAG(s) dict_keys(['example_xcom_args', 'example_xcom_args_with_operators']) retrieved from /home/airflow/.local/lib/python3.7/site-packages/airflow/example_dags/example_xcomargs.py
[2022-06-15 07:09:12,366] {logging_mixin.py:115} INFO - [2022-06-15 07:09:12,366] {manager.py:508} INFO - Created Permission View: can delete on DAG:example_xcom_args
[2022-06-15 07:09:12,374] {logging_mixin.py:115} INFO - [2022-06-15 07:09:12,374] {manager.py:508} INFO - Created Permission View: can read on DAG:example_xcom_args
[2022-06-15 07:09:12,378] {logging_mixin.py:115} INFO - [2022-06-15 07:09:12,378] {manager.py:508} INFO - Created Permission View: can edit on DAG:example_xcom_args
[2022-06-15 07:09:12,390] {logging_mixin.py:115} INFO - [2022-06-15 07:09:12,390] {manager.py:508} INFO - Created Permission View: can delete on DAG:example_xcom_args_with_operators
[2022-06-15 07:09:12,394] {logging_mixin.py:115} INFO - [2022-06-15 07:09:12,394] {manager.py:508} INFO - Created Permission View: can read on DAG:example_xcom_args_with_operators
[2022-06-15 07:09:12,398] {logging_mixin.py:115} INFO - [2022-06-15 07:09:12,397] {manager.py:508} INFO - Created Permission View: can edit on DAG:example_xcom_args_with_operators
[2022-06-15 07:09:12,398] {logging_mixin.py:115} INFO - [2022-06-15 07:09:12,398] {dag.py:2379} INFO - Sync 2 DAGs
[2022-06-15 07:09:12,403] {logging_mixin.py:115} INFO - [2022-06-15 07:09:12,403] {dag.py:2398} INFO - Creating ORM DAG for example_xcom_args_with_operators
[2022-06-15 07:09:12,404] {logging_mixin.py:115} INFO - [2022-06-15 07:09:12,404] {dag.py:2398} INFO - Creating ORM DAG for example_xcom_args
[2022-06-15 07:09:12,411] {logging_mixin.py:115} INFO - [2022-06-15 07:09:12,411] {dag.py:2931} INFO - Setting next_dagrun for example_xcom_args to None, run_after=None
[2022-06-15 07:09:12,411] {logging_mixin.py:115} INFO - [2022-06-15 07:09:12,411] {dag.py:2931} INFO - Setting next_dagrun for example_xcom_args_with_operators to None, run_after=None
[2022-06-15 07:09:12,420] {processor.py:161} INFO - Processing /home/airflow/.local/lib/python3.7/site-packages/airflow/example_dags/example_xcomargs.py took 0.313 seconds
[2022-06-15 07:09:43,153] {processor.py:153} INFO - Started process (PID=138) to work on /home/airflow/.local/lib/python3.7/site-packages/airflow/example_dags/example_xcomargs.py
[2022-06-15 07:09:43,154] {processor.py:641} INFO - Processing file /home/airflow/.local/lib/python3.7/site-packages/airflow/example_dags/example_xcomargs.py for tasks to queue
[2022-06-15 07:09:43,155] {logging_mixin.py:115} INFO - [2022-06-15 07:09:43,155] {dagbag.py:507} INFO - Filling up the DagBag from /home/airflow/.local/lib/python3.7/site-packages/airflow/example_dags/example_xcomargs.py
[2022-06-15 07:09:43,170] {processor.py:651} INFO - DAG(s) dict_keys(['example_xcom_args', 'example_xcom_args_with_operators']) retrieved from /home/airflow/.local/lib/python3.7/site-packages/airflow/example_dags/example_xcomargs.py
[2022-06-15 07:09:43,296] {logging_mixin.py:115} INFO - [2022-06-15 07:09:43,296] {dag.py:2379} INFO - Sync 2 DAGs
[2022-06-15 07:09:43,308] {logging_mixin.py:115} INFO - [2022-06-15 07:09:43,308] {dag.py:2931} INFO - Setting next_dagrun for example_xcom_args to None, run_after=None
[2022-06-15 07:09:43,310] {logging_mixin.py:115} INFO - [2022-06-15 07:09:43,310] {dag.py:2931} INFO - Setting next_dagrun for example_xcom_args_with_operators to None, run_after=None
[2022-06-15 07:09:43,317] {processor.py:161} INFO - Processing /home/airflow/.local/lib/python3.7/site-packages/airflow/example_dags/example_xcomargs.py took 0.167 seconds
[2022-06-15 07:10:13,763] {processor.py:153} INFO - Started process (PID=208) to work on /home/airflow/.local/lib/python3.7/site-packages/airflow/example_dags/example_xcomargs.py
[2022-06-15 07:10:13,764] {processor.py:641} INFO - Processing file /home/airflow/.local/lib/python3.7/site-packages/airflow/example_dags/example_xcomargs.py for tasks to queue
[2022-06-15 07:10:13,765] {logging_mixin.py:115} INFO - [2022-06-15 07:10:13,765] {dagbag.py:507} INFO - Filling up the DagBag from /home/airflow/.local/lib/python3.7/site-packages/airflow/example_dags/example_xcomargs.py
[2022-06-15 07:10:13,776] {processor.py:651} INFO - DAG(s) dict_keys(['example_xcom_args', 'example_xcom_args_with_operators']) retrieved from /home/airflow/.local/lib/python3.7/site-packages/airflow/example_dags/example_xcomargs.py
[2022-06-15 07:10:13,888] {logging_mixin.py:115} INFO - [2022-06-15 07:10:13,888] {dag.py:2379} INFO - Sync 2 DAGs
[2022-06-15 07:10:13,897] {logging_mixin.py:115} INFO - [2022-06-15 07:10:13,897] {dag.py:2931} INFO - Setting next_dagrun for example_xcom_args to None, run_after=None
[2022-06-15 07:10:13,898] {logging_mixin.py:115} INFO - [2022-06-15 07:10:13,898] {dag.py:2931} INFO - Setting next_dagrun for example_xcom_args_with_operators to None, run_after=None
[2022-06-15 07:10:13,906] {processor.py:161} INFO - Processing /home/airflow/.local/lib/python3.7/site-packages/airflow/example_dags/example_xcomargs.py took 0.145 seconds
[2022-06-15 07:10:44,415] {processor.py:153} INFO - Started process (PID=276) to work on /home/airflow/.local/lib/python3.7/site-packages/airflow/example_dags/example_xcomargs.py
[2022-06-15 07:10:44,417] {processor.py:641} INFO - Processing file /home/airflow/.local/lib/python3.7/site-packages/airflow/example_dags/example_xcomargs.py for tasks to queue
[2022-06-15 07:10:44,420] {logging_mixin.py:115} INFO - [2022-06-15 07:10:44,419] {dagbag.py:507} INFO - Filling up the DagBag from /home/airflow/.local/lib/python3.7/site-packages/airflow/example_dags/example_xcomargs.py
[2022-06-15 07:10:44,457] {processor.py:651} INFO - DAG(s) dict_keys(['example_xcom_args', 'example_xcom_args_with_operators']) retrieved from /home/airflow/.local/lib/python3.7/site-packages/airflow/example_dags/example_xcomargs.py
[2022-06-15 07:10:44,682] {logging_mixin.py:115} INFO - [2022-06-15 07:10:44,682] {dag.py:2379} INFO - Sync 2 DAGs
[2022-06-15 07:10:44,707] {logging_mixin.py:115} INFO - [2022-06-15 07:10:44,707] {dag.py:2931} INFO - Setting next_dagrun for example_xcom_args to None, run_after=None
[2022-06-15 07:10:44,709] {logging_mixin.py:115} INFO - [2022-06-15 07:10:44,709] {dag.py:2931} INFO - Setting next_dagrun for example_xcom_args_with_operators to None, run_after=None
[2022-06-15 07:10:44,720] {processor.py:161} INFO - Processing /home/airflow/.local/lib/python3.7/site-packages/airflow/example_dags/example_xcomargs.py took 0.315 seconds
[2022-06-15 07:11:14,959] {processor.py:153} INFO - Started process (PID=335) to work on /home/airflow/.local/lib/python3.7/site-packages/airflow/example_dags/example_xcomargs.py
[2022-06-15 07:11:14,961] {processor.py:641} INFO - Processing file /home/airflow/.local/lib/python3.7/site-packages/airflow/example_dags/example_xcomargs.py for tasks to queue
[2022-06-15 07:11:14,964] {logging_mixin.py:115} INFO - [2022-06-15 07:11:14,964] {dagbag.py:507} INFO - Filling up the DagBag from /home/airflow/.local/lib/python3.7/site-packages/airflow/example_dags/example_xcomargs.py
[2022-06-15 07:11:14,988] {processor.py:651} INFO - DAG(s) dict_keys(['example_xcom_args', 'example_xcom_args_with_operators']) retrieved from /home/airflow/.local/lib/python3.7/site-packages/airflow/example_dags/example_xcomargs.py
[2022-06-15 07:11:15,780] {logging_mixin.py:115} INFO - [2022-06-15 07:11:15,774] {dag.py:2379} INFO - Sync 2 DAGs
[2022-06-15 07:11:15,862] {logging_mixin.py:115} INFO - [2022-06-15 07:11:15,862] {dag.py:2931} INFO - Setting next_dagrun for example_xcom_args to None, run_after=None
[2022-06-15 07:11:15,868] {logging_mixin.py:115} INFO - [2022-06-15 07:11:15,868] {dag.py:2931} INFO - Setting next_dagrun for example_xcom_args_with_operators to None, run_after=None
[2022-06-15 07:11:15,970] {processor.py:161} INFO - Processing /home/airflow/.local/lib/python3.7/site-packages/airflow/example_dags/example_xcomargs.py took 1.015 seconds
[2022-06-15 07:14:20,589] {processor.py:153} INFO - Started process (PID=55) to work on /home/airflow/.local/lib/python3.7/site-packages/airflow/example_dags/example_xcomargs.py
[2022-06-15 07:14:20,595] {processor.py:641} INFO - Processing file /home/airflow/.local/lib/python3.7/site-packages/airflow/example_dags/example_xcomargs.py for tasks to queue
[2022-06-15 07:14:20,599] {logging_mixin.py:115} INFO - [2022-06-15 07:14:20,599] {dagbag.py:507} INFO - Filling up the DagBag from /home/airflow/.local/lib/python3.7/site-packages/airflow/example_dags/example_xcomargs.py
[2022-06-15 07:14:20,918] {processor.py:651} INFO - DAG(s) dict_keys(['example_xcom_args', 'example_xcom_args_with_operators']) retrieved from /home/airflow/.local/lib/python3.7/site-packages/airflow/example_dags/example_xcomargs.py
[2022-06-15 07:14:22,318] {logging_mixin.py:115} INFO - [2022-06-15 07:14:22,317] {dag.py:2379} INFO - Sync 2 DAGs
[2022-06-15 07:14:22,929] {logging_mixin.py:115} INFO - [2022-06-15 07:14:22,897] {dag.py:2931} INFO - Setting next_dagrun for example_xcom_args to None, run_after=None
[2022-06-15 07:14:22,947] {logging_mixin.py:115} INFO - [2022-06-15 07:14:22,947] {dag.py:2931} INFO - Setting next_dagrun for example_xcom_args_with_operators to None, run_after=None
[2022-06-15 07:14:27,371] {processor.py:161} INFO - Processing /home/airflow/.local/lib/python3.7/site-packages/airflow/example_dags/example_xcomargs.py took 6.804 seconds
[2022-06-15 07:15:12,506] {processor.py:153} INFO - Started process (PID=119) to work on /home/airflow/.local/lib/python3.7/site-packages/airflow/example_dags/example_xcomargs.py
[2022-06-15 07:15:12,520] {processor.py:641} INFO - Processing file /home/airflow/.local/lib/python3.7/site-packages/airflow/example_dags/example_xcomargs.py for tasks to queue
[2022-06-15 07:15:12,563] {logging_mixin.py:115} INFO - [2022-06-15 07:15:12,563] {dagbag.py:507} INFO - Filling up the DagBag from /home/airflow/.local/lib/python3.7/site-packages/airflow/example_dags/example_xcomargs.py
[2022-06-15 07:15:12,957] {processor.py:651} INFO - DAG(s) dict_keys(['example_xcom_args', 'example_xcom_args_with_operators']) retrieved from /home/airflow/.local/lib/python3.7/site-packages/airflow/example_dags/example_xcomargs.py
[2022-06-15 07:15:13,636] {logging_mixin.py:115} INFO - [2022-06-15 07:15:13,636] {dag.py:2379} INFO - Sync 2 DAGs
[2022-06-15 07:15:13,744] {logging_mixin.py:115} INFO - [2022-06-15 07:15:13,744] {dag.py:2931} INFO - Setting next_dagrun for example_xcom_args to None, run_after=None
[2022-06-15 07:15:13,747] {logging_mixin.py:115} INFO - [2022-06-15 07:15:13,747] {dag.py:2931} INFO - Setting next_dagrun for example_xcom_args_with_operators to None, run_after=None
[2022-06-15 07:15:14,865] {processor.py:161} INFO - Processing /home/airflow/.local/lib/python3.7/site-packages/airflow/example_dags/example_xcomargs.py took 2.419 seconds
[2022-06-15 07:15:45,091] {processor.py:153} INFO - Started process (PID=176) to work on /home/airflow/.local/lib/python3.7/site-packages/airflow/example_dags/example_xcomargs.py
[2022-06-15 07:15:45,094] {processor.py:641} INFO - Processing file /home/airflow/.local/lib/python3.7/site-packages/airflow/example_dags/example_xcomargs.py for tasks to queue
[2022-06-15 07:15:45,096] {logging_mixin.py:115} INFO - [2022-06-15 07:15:45,096] {dagbag.py:507} INFO - Filling up the DagBag from /home/airflow/.local/lib/python3.7/site-packages/airflow/example_dags/example_xcomargs.py
[2022-06-15 07:15:45,137] {processor.py:651} INFO - DAG(s) dict_keys(['example_xcom_args', 'example_xcom_args_with_operators']) retrieved from /home/airflow/.local/lib/python3.7/site-packages/airflow/example_dags/example_xcomargs.py
[2022-06-15 07:15:45,248] {logging_mixin.py:115} INFO - [2022-06-15 07:15:45,248] {dag.py:2379} INFO - Sync 2 DAGs
[2022-06-15 07:15:45,281] {logging_mixin.py:115} INFO - [2022-06-15 07:15:45,281] {dag.py:2931} INFO - Setting next_dagrun for example_xcom_args to None, run_after=None
[2022-06-15 07:15:45,283] {logging_mixin.py:115} INFO - [2022-06-15 07:15:45,283] {dag.py:2931} INFO - Setting next_dagrun for example_xcom_args_with_operators to None, run_after=None
[2022-06-15 07:15:46,159] {processor.py:161} INFO - Processing /home/airflow/.local/lib/python3.7/site-packages/airflow/example_dags/example_xcomargs.py took 1.076 seconds
[2022-06-15 07:16:16,553] {processor.py:153} INFO - Started process (PID=243) to work on /home/airflow/.local/lib/python3.7/site-packages/airflow/example_dags/example_xcomargs.py
[2022-06-15 07:16:16,556] {processor.py:641} INFO - Processing file /home/airflow/.local/lib/python3.7/site-packages/airflow/example_dags/example_xcomargs.py for tasks to queue
[2022-06-15 07:16:16,559] {logging_mixin.py:115} INFO - [2022-06-15 07:16:16,559] {dagbag.py:507} INFO - Filling up the DagBag from /home/airflow/.local/lib/python3.7/site-packages/airflow/example_dags/example_xcomargs.py
[2022-06-15 07:16:16,591] {processor.py:651} INFO - DAG(s) dict_keys(['example_xcom_args', 'example_xcom_args_with_operators']) retrieved from /home/airflow/.local/lib/python3.7/site-packages/airflow/example_dags/example_xcomargs.py
[2022-06-15 07:16:16,653] {logging_mixin.py:115} INFO - [2022-06-15 07:16:16,653] {dag.py:2379} INFO - Sync 2 DAGs
[2022-06-15 07:16:16,675] {logging_mixin.py:115} INFO - [2022-06-15 07:16:16,675] {dag.py:2931} INFO - Setting next_dagrun for example_xcom_args to None, run_after=None
[2022-06-15 07:16:16,676] {logging_mixin.py:115} INFO - [2022-06-15 07:16:16,676] {dag.py:2931} INFO - Setting next_dagrun for example_xcom_args_with_operators to None, run_after=None
[2022-06-15 07:16:16,872] {processor.py:161} INFO - Processing /home/airflow/.local/lib/python3.7/site-packages/airflow/example_dags/example_xcomargs.py took 0.329 seconds
[2022-06-15 07:16:47,348] {processor.py:153} INFO - Started process (PID=311) to work on /home/airflow/.local/lib/python3.7/site-packages/airflow/example_dags/example_xcomargs.py
[2022-06-15 07:16:47,351] {processor.py:641} INFO - Processing file /home/airflow/.local/lib/python3.7/site-packages/airflow/example_dags/example_xcomargs.py for tasks to queue
[2022-06-15 07:16:47,352] {logging_mixin.py:115} INFO - [2022-06-15 07:16:47,352] {dagbag.py:507} INFO - Filling up the DagBag from /home/airflow/.local/lib/python3.7/site-packages/airflow/example_dags/example_xcomargs.py
[2022-06-15 07:16:47,374] {processor.py:651} INFO - DAG(s) dict_keys(['example_xcom_args', 'example_xcom_args_with_operators']) retrieved from /home/airflow/.local/lib/python3.7/site-packages/airflow/example_dags/example_xcomargs.py
[2022-06-15 07:16:47,421] {logging_mixin.py:115} INFO - [2022-06-15 07:16:47,421] {dag.py:2379} INFO - Sync 2 DAGs
[2022-06-15 07:16:47,434] {logging_mixin.py:115} INFO - [2022-06-15 07:16:47,434] {dag.py:2931} INFO - Setting next_dagrun for example_xcom_args to None, run_after=None
[2022-06-15 07:16:47,435] {logging_mixin.py:115} INFO - [2022-06-15 07:16:47,435] {dag.py:2931} INFO - Setting next_dagrun for example_xcom_args_with_operators to None, run_after=None
[2022-06-15 07:16:47,616] {processor.py:161} INFO - Processing /home/airflow/.local/lib/python3.7/site-packages/airflow/example_dags/example_xcomargs.py took 0.272 seconds
[2022-06-15 07:23:17,456] {processor.py:153} INFO - Started process (PID=80) to work on /home/airflow/.local/lib/python3.7/site-packages/airflow/example_dags/example_xcomargs.py
[2022-06-15 07:23:17,467] {processor.py:641} INFO - Processing file /home/airflow/.local/lib/python3.7/site-packages/airflow/example_dags/example_xcomargs.py for tasks to queue
[2022-06-15 07:23:17,480] {logging_mixin.py:115} INFO - [2022-06-15 07:23:17,473] {dagbag.py:507} INFO - Filling up the DagBag from /home/airflow/.local/lib/python3.7/site-packages/airflow/example_dags/example_xcomargs.py
[2022-06-15 07:23:17,761] {processor.py:651} INFO - DAG(s) dict_keys(['example_xcom_args', 'example_xcom_args_with_operators']) retrieved from /home/airflow/.local/lib/python3.7/site-packages/airflow/example_dags/example_xcomargs.py
[2022-06-15 07:23:19,148] {logging_mixin.py:115} INFO - [2022-06-15 07:23:19,147] {dag.py:2379} INFO - Sync 2 DAGs
[2022-06-15 07:23:19,191] {logging_mixin.py:115} INFO - [2022-06-15 07:23:19,191] {dag.py:2931} INFO - Setting next_dagrun for example_xcom_args to None, run_after=None
[2022-06-15 07:23:19,195] {logging_mixin.py:115} INFO - [2022-06-15 07:23:19,195] {dag.py:2931} INFO - Setting next_dagrun for example_xcom_args_with_operators to None, run_after=None
[2022-06-15 07:23:19,254] {processor.py:161} INFO - Processing /home/airflow/.local/lib/python3.7/site-packages/airflow/example_dags/example_xcomargs.py took 1.870 seconds
[2022-06-15 07:23:49,981] {processor.py:153} INFO - Started process (PID=136) to work on /home/airflow/.local/lib/python3.7/site-packages/airflow/example_dags/example_xcomargs.py
[2022-06-15 07:23:49,984] {processor.py:641} INFO - Processing file /home/airflow/.local/lib/python3.7/site-packages/airflow/example_dags/example_xcomargs.py for tasks to queue
[2022-06-15 07:23:49,986] {logging_mixin.py:115} INFO - [2022-06-15 07:23:49,986] {dagbag.py:507} INFO - Filling up the DagBag from /home/airflow/.local/lib/python3.7/site-packages/airflow/example_dags/example_xcomargs.py
[2022-06-15 07:23:50,008] {processor.py:651} INFO - DAG(s) dict_keys(['example_xcom_args', 'example_xcom_args_with_operators']) retrieved from /home/airflow/.local/lib/python3.7/site-packages/airflow/example_dags/example_xcomargs.py
[2022-06-15 07:23:50,153] {logging_mixin.py:115} INFO - [2022-06-15 07:23:50,153] {dag.py:2379} INFO - Sync 2 DAGs
[2022-06-15 07:23:50,165] {logging_mixin.py:115} INFO - [2022-06-15 07:23:50,165] {dag.py:2931} INFO - Setting next_dagrun for example_xcom_args to None, run_after=None
[2022-06-15 07:23:50,166] {logging_mixin.py:115} INFO - [2022-06-15 07:23:50,166] {dag.py:2931} INFO - Setting next_dagrun for example_xcom_args_with_operators to None, run_after=None
[2022-06-15 07:23:50,173] {processor.py:161} INFO - Processing /home/airflow/.local/lib/python3.7/site-packages/airflow/example_dags/example_xcomargs.py took 0.200 seconds
[2022-06-15 07:24:20,328] {processor.py:153} INFO - Started process (PID=205) to work on /home/airflow/.local/lib/python3.7/site-packages/airflow/example_dags/example_xcomargs.py
[2022-06-15 07:24:20,330] {processor.py:641} INFO - Processing file /home/airflow/.local/lib/python3.7/site-packages/airflow/example_dags/example_xcomargs.py for tasks to queue
[2022-06-15 07:24:20,332] {logging_mixin.py:115} INFO - [2022-06-15 07:24:20,332] {dagbag.py:507} INFO - Filling up the DagBag from /home/airflow/.local/lib/python3.7/site-packages/airflow/example_dags/example_xcomargs.py
[2022-06-15 07:24:20,351] {processor.py:651} INFO - DAG(s) dict_keys(['example_xcom_args', 'example_xcom_args_with_operators']) retrieved from /home/airflow/.local/lib/python3.7/site-packages/airflow/example_dags/example_xcomargs.py
[2022-06-15 07:24:20,541] {logging_mixin.py:115} INFO - [2022-06-15 07:24:20,541] {dag.py:2379} INFO - Sync 2 DAGs
[2022-06-15 07:24:20,590] {logging_mixin.py:115} INFO - [2022-06-15 07:24:20,589] {dag.py:2931} INFO - Setting next_dagrun for example_xcom_args to None, run_after=None
[2022-06-15 07:24:20,595] {logging_mixin.py:115} INFO - [2022-06-15 07:24:20,595] {dag.py:2931} INFO - Setting next_dagrun for example_xcom_args_with_operators to None, run_after=None
[2022-06-15 07:24:20,628] {processor.py:161} INFO - Processing /home/airflow/.local/lib/python3.7/site-packages/airflow/example_dags/example_xcomargs.py took 0.310 seconds
[2022-06-15 07:24:51,007] {processor.py:153} INFO - Started process (PID=272) to work on /home/airflow/.local/lib/python3.7/site-packages/airflow/example_dags/example_xcomargs.py
[2022-06-15 07:24:51,010] {processor.py:641} INFO - Processing file /home/airflow/.local/lib/python3.7/site-packages/airflow/example_dags/example_xcomargs.py for tasks to queue
[2022-06-15 07:24:51,014] {logging_mixin.py:115} INFO - [2022-06-15 07:24:51,014] {dagbag.py:507} INFO - Filling up the DagBag from /home/airflow/.local/lib/python3.7/site-packages/airflow/example_dags/example_xcomargs.py
[2022-06-15 07:24:51,031] {processor.py:651} INFO - DAG(s) dict_keys(['example_xcom_args', 'example_xcom_args_with_operators']) retrieved from /home/airflow/.local/lib/python3.7/site-packages/airflow/example_dags/example_xcomargs.py
[2022-06-15 07:24:51,223] {logging_mixin.py:115} INFO - [2022-06-15 07:24:51,223] {dag.py:2379} INFO - Sync 2 DAGs
[2022-06-15 07:24:51,235] {logging_mixin.py:115} INFO - [2022-06-15 07:24:51,235] {dag.py:2931} INFO - Setting next_dagrun for example_xcom_args to None, run_after=None
[2022-06-15 07:24:51,236] {logging_mixin.py:115} INFO - [2022-06-15 07:24:51,236] {dag.py:2931} INFO - Setting next_dagrun for example_xcom_args_with_operators to None, run_after=None
[2022-06-15 07:24:51,248] {processor.py:161} INFO - Processing /home/airflow/.local/lib/python3.7/site-packages/airflow/example_dags/example_xcomargs.py took 0.244 seconds
[2022-06-15 07:25:21,567] {processor.py:153} INFO - Started process (PID=340) to work on /home/airflow/.local/lib/python3.7/site-packages/airflow/example_dags/example_xcomargs.py
[2022-06-15 07:25:21,568] {processor.py:641} INFO - Processing file /home/airflow/.local/lib/python3.7/site-packages/airflow/example_dags/example_xcomargs.py for tasks to queue
[2022-06-15 07:25:21,569] {logging_mixin.py:115} INFO - [2022-06-15 07:25:21,569] {dagbag.py:507} INFO - Filling up the DagBag from /home/airflow/.local/lib/python3.7/site-packages/airflow/example_dags/example_xcomargs.py
[2022-06-15 07:25:21,587] {processor.py:651} INFO - DAG(s) dict_keys(['example_xcom_args', 'example_xcom_args_with_operators']) retrieved from /home/airflow/.local/lib/python3.7/site-packages/airflow/example_dags/example_xcomargs.py
[2022-06-15 07:25:21,706] {logging_mixin.py:115} INFO - [2022-06-15 07:25:21,706] {dag.py:2379} INFO - Sync 2 DAGs
[2022-06-15 07:25:21,720] {logging_mixin.py:115} INFO - [2022-06-15 07:25:21,720] {dag.py:2931} INFO - Setting next_dagrun for example_xcom_args to None, run_after=None
[2022-06-15 07:25:21,721] {logging_mixin.py:115} INFO - [2022-06-15 07:25:21,721] {dag.py:2931} INFO - Setting next_dagrun for example_xcom_args_with_operators to None, run_after=None
[2022-06-15 07:25:21,729] {processor.py:161} INFO - Processing /home/airflow/.local/lib/python3.7/site-packages/airflow/example_dags/example_xcomargs.py took 0.164 seconds
[2022-06-15 07:25:52,175] {processor.py:153} INFO - Started process (PID=399) to work on /home/airflow/.local/lib/python3.7/site-packages/airflow/example_dags/example_xcomargs.py
[2022-06-15 07:25:52,176] {processor.py:641} INFO - Processing file /home/airflow/.local/lib/python3.7/site-packages/airflow/example_dags/example_xcomargs.py for tasks to queue
[2022-06-15 07:25:52,177] {logging_mixin.py:115} INFO - [2022-06-15 07:25:52,177] {dagbag.py:507} INFO - Filling up the DagBag from /home/airflow/.local/lib/python3.7/site-packages/airflow/example_dags/example_xcomargs.py
[2022-06-15 07:25:52,192] {processor.py:651} INFO - DAG(s) dict_keys(['example_xcom_args', 'example_xcom_args_with_operators']) retrieved from /home/airflow/.local/lib/python3.7/site-packages/airflow/example_dags/example_xcomargs.py
[2022-06-15 07:25:52,315] {logging_mixin.py:115} INFO - [2022-06-15 07:25:52,315] {dag.py:2379} INFO - Sync 2 DAGs
[2022-06-15 07:25:52,325] {logging_mixin.py:115} INFO - [2022-06-15 07:25:52,325] {dag.py:2931} INFO - Setting next_dagrun for example_xcom_args to None, run_after=None
[2022-06-15 07:25:52,327] {logging_mixin.py:115} INFO - [2022-06-15 07:25:52,327] {dag.py:2931} INFO - Setting next_dagrun for example_xcom_args_with_operators to None, run_after=None
[2022-06-15 07:25:52,334] {processor.py:161} INFO - Processing /home/airflow/.local/lib/python3.7/site-packages/airflow/example_dags/example_xcomargs.py took 0.162 seconds
[2022-06-15 07:26:22,863] {processor.py:153} INFO - Started process (PID=467) to work on /home/airflow/.local/lib/python3.7/site-packages/airflow/example_dags/example_xcomargs.py
[2022-06-15 07:26:22,865] {processor.py:641} INFO - Processing file /home/airflow/.local/lib/python3.7/site-packages/airflow/example_dags/example_xcomargs.py for tasks to queue
[2022-06-15 07:26:22,866] {logging_mixin.py:115} INFO - [2022-06-15 07:26:22,865] {dagbag.py:507} INFO - Filling up the DagBag from /home/airflow/.local/lib/python3.7/site-packages/airflow/example_dags/example_xcomargs.py
[2022-06-15 07:26:22,882] {processor.py:651} INFO - DAG(s) dict_keys(['example_xcom_args', 'example_xcom_args_with_operators']) retrieved from /home/airflow/.local/lib/python3.7/site-packages/airflow/example_dags/example_xcomargs.py
[2022-06-15 07:26:23,000] {logging_mixin.py:115} INFO - [2022-06-15 07:26:23,000] {dag.py:2379} INFO - Sync 2 DAGs
[2022-06-15 07:26:23,012] {logging_mixin.py:115} INFO - [2022-06-15 07:26:23,012] {dag.py:2931} INFO - Setting next_dagrun for example_xcom_args to None, run_after=None
[2022-06-15 07:26:23,013] {logging_mixin.py:115} INFO - [2022-06-15 07:26:23,013] {dag.py:2931} INFO - Setting next_dagrun for example_xcom_args_with_operators to None, run_after=None
[2022-06-15 07:26:23,053] {processor.py:161} INFO - Processing /home/airflow/.local/lib/python3.7/site-packages/airflow/example_dags/example_xcomargs.py took 0.193 seconds
[2022-06-15 07:26:53,430] {processor.py:153} INFO - Started process (PID=534) to work on /home/airflow/.local/lib/python3.7/site-packages/airflow/example_dags/example_xcomargs.py
[2022-06-15 07:26:53,432] {processor.py:641} INFO - Processing file /home/airflow/.local/lib/python3.7/site-packages/airflow/example_dags/example_xcomargs.py for tasks to queue
[2022-06-15 07:26:53,433] {logging_mixin.py:115} INFO - [2022-06-15 07:26:53,433] {dagbag.py:507} INFO - Filling up the DagBag from /home/airflow/.local/lib/python3.7/site-packages/airflow/example_dags/example_xcomargs.py
[2022-06-15 07:26:53,448] {processor.py:651} INFO - DAG(s) dict_keys(['example_xcom_args', 'example_xcom_args_with_operators']) retrieved from /home/airflow/.local/lib/python3.7/site-packages/airflow/example_dags/example_xcomargs.py
[2022-06-15 07:26:53,605] {logging_mixin.py:115} INFO - [2022-06-15 07:26:53,605] {dag.py:2379} INFO - Sync 2 DAGs
[2022-06-15 07:26:53,617] {logging_mixin.py:115} INFO - [2022-06-15 07:26:53,617] {dag.py:2931} INFO - Setting next_dagrun for example_xcom_args to None, run_after=None
[2022-06-15 07:26:53,618] {logging_mixin.py:115} INFO - [2022-06-15 07:26:53,618] {dag.py:2931} INFO - Setting next_dagrun for example_xcom_args_with_operators to None, run_after=None
[2022-06-15 07:26:53,627] {processor.py:161} INFO - Processing /home/airflow/.local/lib/python3.7/site-packages/airflow/example_dags/example_xcomargs.py took 0.199 seconds
[2022-06-15 07:27:24,679] {processor.py:153} INFO - Started process (PID=602) to work on /home/airflow/.local/lib/python3.7/site-packages/airflow/example_dags/example_xcomargs.py
[2022-06-15 07:27:24,681] {processor.py:641} INFO - Processing file /home/airflow/.local/lib/python3.7/site-packages/airflow/example_dags/example_xcomargs.py for tasks to queue
[2022-06-15 07:27:24,682] {logging_mixin.py:115} INFO - [2022-06-15 07:27:24,682] {dagbag.py:507} INFO - Filling up the DagBag from /home/airflow/.local/lib/python3.7/site-packages/airflow/example_dags/example_xcomargs.py
[2022-06-15 07:27:24,705] {processor.py:651} INFO - DAG(s) dict_keys(['example_xcom_args', 'example_xcom_args_with_operators']) retrieved from /home/airflow/.local/lib/python3.7/site-packages/airflow/example_dags/example_xcomargs.py
[2022-06-15 07:27:24,871] {logging_mixin.py:115} INFO - [2022-06-15 07:27:24,870] {dag.py:2379} INFO - Sync 2 DAGs
[2022-06-15 07:27:24,883] {logging_mixin.py:115} INFO - [2022-06-15 07:27:24,883] {dag.py:2931} INFO - Setting next_dagrun for example_xcom_args to None, run_after=None
[2022-06-15 07:27:24,884] {logging_mixin.py:115} INFO - [2022-06-15 07:27:24,884] {dag.py:2931} INFO - Setting next_dagrun for example_xcom_args_with_operators to None, run_after=None
[2022-06-15 07:27:24,895] {processor.py:161} INFO - Processing /home/airflow/.local/lib/python3.7/site-packages/airflow/example_dags/example_xcomargs.py took 0.218 seconds
[2022-06-15 07:27:55,342] {processor.py:153} INFO - Started process (PID=669) to work on /home/airflow/.local/lib/python3.7/site-packages/airflow/example_dags/example_xcomargs.py
[2022-06-15 07:27:55,343] {processor.py:641} INFO - Processing file /home/airflow/.local/lib/python3.7/site-packages/airflow/example_dags/example_xcomargs.py for tasks to queue
[2022-06-15 07:27:55,344] {logging_mixin.py:115} INFO - [2022-06-15 07:27:55,344] {dagbag.py:507} INFO - Filling up the DagBag from /home/airflow/.local/lib/python3.7/site-packages/airflow/example_dags/example_xcomargs.py
[2022-06-15 07:27:55,361] {processor.py:651} INFO - DAG(s) dict_keys(['example_xcom_args', 'example_xcom_args_with_operators']) retrieved from /home/airflow/.local/lib/python3.7/site-packages/airflow/example_dags/example_xcomargs.py
[2022-06-15 07:27:55,506] {logging_mixin.py:115} INFO - [2022-06-15 07:27:55,506] {dag.py:2379} INFO - Sync 2 DAGs
[2022-06-15 07:27:55,517] {logging_mixin.py:115} INFO - [2022-06-15 07:27:55,517] {dag.py:2931} INFO - Setting next_dagrun for example_xcom_args to None, run_after=None
[2022-06-15 07:27:55,519] {logging_mixin.py:115} INFO - [2022-06-15 07:27:55,519] {dag.py:2931} INFO - Setting next_dagrun for example_xcom_args_with_operators to None, run_after=None
[2022-06-15 07:27:55,527] {processor.py:161} INFO - Processing /home/airflow/.local/lib/python3.7/site-packages/airflow/example_dags/example_xcomargs.py took 0.188 seconds
[2022-06-15 07:28:25,796] {processor.py:153} INFO - Started process (PID=726) to work on /home/airflow/.local/lib/python3.7/site-packages/airflow/example_dags/example_xcomargs.py
[2022-06-15 07:28:25,798] {processor.py:641} INFO - Processing file /home/airflow/.local/lib/python3.7/site-packages/airflow/example_dags/example_xcomargs.py for tasks to queue
[2022-06-15 07:28:25,800] {logging_mixin.py:115} INFO - [2022-06-15 07:28:25,800] {dagbag.py:507} INFO - Filling up the DagBag from /home/airflow/.local/lib/python3.7/site-packages/airflow/example_dags/example_xcomargs.py
[2022-06-15 07:28:25,828] {processor.py:651} INFO - DAG(s) dict_keys(['example_xcom_args', 'example_xcom_args_with_operators']) retrieved from /home/airflow/.local/lib/python3.7/site-packages/airflow/example_dags/example_xcomargs.py
[2022-06-15 07:28:25,979] {logging_mixin.py:115} INFO - [2022-06-15 07:28:25,979] {dag.py:2379} INFO - Sync 2 DAGs
[2022-06-15 07:28:25,994] {logging_mixin.py:115} INFO - [2022-06-15 07:28:25,994] {dag.py:2931} INFO - Setting next_dagrun for example_xcom_args to None, run_after=None
[2022-06-15 07:28:25,997] {logging_mixin.py:115} INFO - [2022-06-15 07:28:25,996] {dag.py:2931} INFO - Setting next_dagrun for example_xcom_args_with_operators to None, run_after=None
[2022-06-15 07:28:26,008] {processor.py:161} INFO - Processing /home/airflow/.local/lib/python3.7/site-packages/airflow/example_dags/example_xcomargs.py took 0.215 seconds
[2022-06-15 07:28:56,352] {processor.py:153} INFO - Started process (PID=794) to work on /home/airflow/.local/lib/python3.7/site-packages/airflow/example_dags/example_xcomargs.py
[2022-06-15 07:28:56,354] {processor.py:641} INFO - Processing file /home/airflow/.local/lib/python3.7/site-packages/airflow/example_dags/example_xcomargs.py for tasks to queue
[2022-06-15 07:28:56,354] {logging_mixin.py:115} INFO - [2022-06-15 07:28:56,354] {dagbag.py:507} INFO - Filling up the DagBag from /home/airflow/.local/lib/python3.7/site-packages/airflow/example_dags/example_xcomargs.py
[2022-06-15 07:28:56,367] {processor.py:651} INFO - DAG(s) dict_keys(['example_xcom_args', 'example_xcom_args_with_operators']) retrieved from /home/airflow/.local/lib/python3.7/site-packages/airflow/example_dags/example_xcomargs.py
[2022-06-15 07:28:56,527] {logging_mixin.py:115} INFO - [2022-06-15 07:28:56,527] {dag.py:2379} INFO - Sync 2 DAGs
[2022-06-15 07:28:56,538] {logging_mixin.py:115} INFO - [2022-06-15 07:28:56,538] {dag.py:2931} INFO - Setting next_dagrun for example_xcom_args to None, run_after=None
[2022-06-15 07:28:56,540] {logging_mixin.py:115} INFO - [2022-06-15 07:28:56,540] {dag.py:2931} INFO - Setting next_dagrun for example_xcom_args_with_operators to None, run_after=None
[2022-06-15 07:28:56,549] {processor.py:161} INFO - Processing /home/airflow/.local/lib/python3.7/site-packages/airflow/example_dags/example_xcomargs.py took 0.199 seconds
[2022-06-15 07:29:27,030] {processor.py:153} INFO - Started process (PID=862) to work on /home/airflow/.local/lib/python3.7/site-packages/airflow/example_dags/example_xcomargs.py
[2022-06-15 07:29:27,032] {processor.py:641} INFO - Processing file /home/airflow/.local/lib/python3.7/site-packages/airflow/example_dags/example_xcomargs.py for tasks to queue
[2022-06-15 07:29:27,033] {logging_mixin.py:115} INFO - [2022-06-15 07:29:27,033] {dagbag.py:507} INFO - Filling up the DagBag from /home/airflow/.local/lib/python3.7/site-packages/airflow/example_dags/example_xcomargs.py
[2022-06-15 07:29:27,050] {processor.py:651} INFO - DAG(s) dict_keys(['example_xcom_args', 'example_xcom_args_with_operators']) retrieved from /home/airflow/.local/lib/python3.7/site-packages/airflow/example_dags/example_xcomargs.py
[2022-06-15 07:29:27,263] {logging_mixin.py:115} INFO - [2022-06-15 07:29:27,263] {dag.py:2379} INFO - Sync 2 DAGs
[2022-06-15 07:29:27,276] {logging_mixin.py:115} INFO - [2022-06-15 07:29:27,276] {dag.py:2931} INFO - Setting next_dagrun for example_xcom_args to None, run_after=None
[2022-06-15 07:29:27,277] {logging_mixin.py:115} INFO - [2022-06-15 07:29:27,277] {dag.py:2931} INFO - Setting next_dagrun for example_xcom_args_with_operators to None, run_after=None
[2022-06-15 07:29:27,286] {processor.py:161} INFO - Processing /home/airflow/.local/lib/python3.7/site-packages/airflow/example_dags/example_xcomargs.py took 0.262 seconds
