[2022-06-15 07:09:16,593] {processor.py:153} INFO - Started process (PID=100) to work on /home/airflow/.local/lib/python3.7/site-packages/airflow/example_dags/example_dag_decorator.py
[2022-06-15 07:09:16,597] {processor.py:641} INFO - Processing file /home/airflow/.local/lib/python3.7/site-packages/airflow/example_dags/example_dag_decorator.py for tasks to queue
[2022-06-15 07:09:16,598] {logging_mixin.py:115} INFO - [2022-06-15 07:09:16,598] {dagbag.py:507} INFO - Filling up the DagBag from /home/airflow/.local/lib/python3.7/site-packages/airflow/example_dags/example_dag_decorator.py
[2022-06-15 07:09:16,641] {processor.py:651} INFO - DAG(s) dict_keys(['example_dag_decorator']) retrieved from /home/airflow/.local/lib/python3.7/site-packages/airflow/example_dags/example_dag_decorator.py
[2022-06-15 07:09:16,808] {logging_mixin.py:115} INFO - [2022-06-15 07:09:16,808] {manager.py:508} INFO - Created Permission View: can delete on DAG:example_dag_decorator
[2022-06-15 07:09:16,815] {logging_mixin.py:115} INFO - [2022-06-15 07:09:16,815] {manager.py:508} INFO - Created Permission View: can read on DAG:example_dag_decorator
[2022-06-15 07:09:16,819] {logging_mixin.py:115} INFO - [2022-06-15 07:09:16,818] {manager.py:508} INFO - Created Permission View: can edit on DAG:example_dag_decorator
[2022-06-15 07:09:16,819] {logging_mixin.py:115} INFO - [2022-06-15 07:09:16,819] {dag.py:2379} INFO - Sync 1 DAGs
[2022-06-15 07:09:16,824] {logging_mixin.py:115} INFO - [2022-06-15 07:09:16,824] {dag.py:2398} INFO - Creating ORM DAG for example_dag_decorator
[2022-06-15 07:09:16,837] {logging_mixin.py:115} INFO - [2022-06-15 07:09:16,837] {dag.py:2931} INFO - Setting next_dagrun for example_dag_decorator to None, run_after=None
[2022-06-15 07:09:16,846] {processor.py:161} INFO - Processing /home/airflow/.local/lib/python3.7/site-packages/airflow/example_dags/example_dag_decorator.py took 0.259 seconds
[2022-06-15 07:09:47,780] {processor.py:153} INFO - Started process (PID=156) to work on /home/airflow/.local/lib/python3.7/site-packages/airflow/example_dags/example_dag_decorator.py
[2022-06-15 07:09:47,782] {processor.py:641} INFO - Processing file /home/airflow/.local/lib/python3.7/site-packages/airflow/example_dags/example_dag_decorator.py for tasks to queue
[2022-06-15 07:09:47,783] {logging_mixin.py:115} INFO - [2022-06-15 07:09:47,783] {dagbag.py:507} INFO - Filling up the DagBag from /home/airflow/.local/lib/python3.7/site-packages/airflow/example_dags/example_dag_decorator.py
[2022-06-15 07:09:47,801] {processor.py:651} INFO - DAG(s) dict_keys(['example_dag_decorator']) retrieved from /home/airflow/.local/lib/python3.7/site-packages/airflow/example_dags/example_dag_decorator.py
[2022-06-15 07:09:47,930] {logging_mixin.py:115} INFO - [2022-06-15 07:09:47,929] {dag.py:2379} INFO - Sync 1 DAGs
[2022-06-15 07:09:47,941] {logging_mixin.py:115} INFO - [2022-06-15 07:09:47,941] {dag.py:2931} INFO - Setting next_dagrun for example_dag_decorator to None, run_after=None
[2022-06-15 07:09:47,949] {processor.py:161} INFO - Processing /home/airflow/.local/lib/python3.7/site-packages/airflow/example_dags/example_dag_decorator.py took 0.171 seconds
[2022-06-15 07:10:18,411] {processor.py:153} INFO - Started process (PID=226) to work on /home/airflow/.local/lib/python3.7/site-packages/airflow/example_dags/example_dag_decorator.py
[2022-06-15 07:10:18,413] {processor.py:641} INFO - Processing file /home/airflow/.local/lib/python3.7/site-packages/airflow/example_dags/example_dag_decorator.py for tasks to queue
[2022-06-15 07:10:18,413] {logging_mixin.py:115} INFO - [2022-06-15 07:10:18,413] {dagbag.py:507} INFO - Filling up the DagBag from /home/airflow/.local/lib/python3.7/site-packages/airflow/example_dags/example_dag_decorator.py
[2022-06-15 07:10:18,431] {processor.py:651} INFO - DAG(s) dict_keys(['example_dag_decorator']) retrieved from /home/airflow/.local/lib/python3.7/site-packages/airflow/example_dags/example_dag_decorator.py
[2022-06-15 07:10:18,559] {logging_mixin.py:115} INFO - [2022-06-15 07:10:18,559] {dag.py:2379} INFO - Sync 1 DAGs
[2022-06-15 07:10:18,571] {logging_mixin.py:115} INFO - [2022-06-15 07:10:18,571] {dag.py:2931} INFO - Setting next_dagrun for example_dag_decorator to None, run_after=None
[2022-06-15 07:10:18,578] {processor.py:161} INFO - Processing /home/airflow/.local/lib/python3.7/site-packages/airflow/example_dags/example_dag_decorator.py took 0.169 seconds
[2022-06-15 07:10:48,795] {processor.py:153} INFO - Started process (PID=294) to work on /home/airflow/.local/lib/python3.7/site-packages/airflow/example_dags/example_dag_decorator.py
[2022-06-15 07:10:48,796] {processor.py:641} INFO - Processing file /home/airflow/.local/lib/python3.7/site-packages/airflow/example_dags/example_dag_decorator.py for tasks to queue
[2022-06-15 07:10:48,797] {logging_mixin.py:115} INFO - [2022-06-15 07:10:48,797] {dagbag.py:507} INFO - Filling up the DagBag from /home/airflow/.local/lib/python3.7/site-packages/airflow/example_dags/example_dag_decorator.py
[2022-06-15 07:10:48,820] {processor.py:651} INFO - DAG(s) dict_keys(['example_dag_decorator']) retrieved from /home/airflow/.local/lib/python3.7/site-packages/airflow/example_dags/example_dag_decorator.py
[2022-06-15 07:10:48,948] {logging_mixin.py:115} INFO - [2022-06-15 07:10:48,948] {dag.py:2379} INFO - Sync 1 DAGs
[2022-06-15 07:10:48,961] {logging_mixin.py:115} INFO - [2022-06-15 07:10:48,961] {dag.py:2931} INFO - Setting next_dagrun for example_dag_decorator to None, run_after=None
[2022-06-15 07:10:48,970] {processor.py:161} INFO - Processing /home/airflow/.local/lib/python3.7/site-packages/airflow/example_dags/example_dag_decorator.py took 0.177 seconds
[2022-06-15 07:15:03,655] {processor.py:153} INFO - Started process (PID=91) to work on /home/airflow/.local/lib/python3.7/site-packages/airflow/example_dags/example_dag_decorator.py
[2022-06-15 07:15:03,667] {processor.py:641} INFO - Processing file /home/airflow/.local/lib/python3.7/site-packages/airflow/example_dags/example_dag_decorator.py for tasks to queue
[2022-06-15 07:15:03,674] {logging_mixin.py:115} INFO - [2022-06-15 07:15:03,673] {dagbag.py:507} INFO - Filling up the DagBag from /home/airflow/.local/lib/python3.7/site-packages/airflow/example_dags/example_dag_decorator.py
[2022-06-15 07:15:04,154] {processor.py:651} INFO - DAG(s) dict_keys(['example_dag_decorator']) retrieved from /home/airflow/.local/lib/python3.7/site-packages/airflow/example_dags/example_dag_decorator.py
[2022-06-15 07:15:04,416] {logging_mixin.py:115} INFO - [2022-06-15 07:15:04,416] {dag.py:2379} INFO - Sync 1 DAGs
[2022-06-15 07:15:05,851] {logging_mixin.py:115} INFO - [2022-06-15 07:15:05,850] {dag.py:2931} INFO - Setting next_dagrun for example_dag_decorator to None, run_after=None
[2022-06-15 07:15:05,917] {processor.py:161} INFO - Processing /home/airflow/.local/lib/python3.7/site-packages/airflow/example_dags/example_dag_decorator.py took 2.270 seconds
[2022-06-15 07:15:36,352] {processor.py:153} INFO - Started process (PID=157) to work on /home/airflow/.local/lib/python3.7/site-packages/airflow/example_dags/example_dag_decorator.py
[2022-06-15 07:15:36,354] {processor.py:641} INFO - Processing file /home/airflow/.local/lib/python3.7/site-packages/airflow/example_dags/example_dag_decorator.py for tasks to queue
[2022-06-15 07:15:36,355] {logging_mixin.py:115} INFO - [2022-06-15 07:15:36,355] {dagbag.py:507} INFO - Filling up the DagBag from /home/airflow/.local/lib/python3.7/site-packages/airflow/example_dags/example_dag_decorator.py
[2022-06-15 07:15:36,401] {processor.py:651} INFO - DAG(s) dict_keys(['example_dag_decorator']) retrieved from /home/airflow/.local/lib/python3.7/site-packages/airflow/example_dags/example_dag_decorator.py
[2022-06-15 07:15:36,490] {logging_mixin.py:115} INFO - [2022-06-15 07:15:36,490] {dag.py:2379} INFO - Sync 1 DAGs
[2022-06-15 07:15:36,784] {logging_mixin.py:115} INFO - [2022-06-15 07:15:36,784] {dag.py:2931} INFO - Setting next_dagrun for example_dag_decorator to None, run_after=None
[2022-06-15 07:15:36,803] {processor.py:161} INFO - Processing /home/airflow/.local/lib/python3.7/site-packages/airflow/example_dags/example_dag_decorator.py took 0.459 seconds
[2022-06-15 07:16:07,243] {processor.py:153} INFO - Started process (PID=212) to work on /home/airflow/.local/lib/python3.7/site-packages/airflow/example_dags/example_dag_decorator.py
[2022-06-15 07:16:07,245] {processor.py:641} INFO - Processing file /home/airflow/.local/lib/python3.7/site-packages/airflow/example_dags/example_dag_decorator.py for tasks to queue
[2022-06-15 07:16:07,246] {logging_mixin.py:115} INFO - [2022-06-15 07:16:07,246] {dagbag.py:507} INFO - Filling up the DagBag from /home/airflow/.local/lib/python3.7/site-packages/airflow/example_dags/example_dag_decorator.py
[2022-06-15 07:16:07,273] {processor.py:651} INFO - DAG(s) dict_keys(['example_dag_decorator']) retrieved from /home/airflow/.local/lib/python3.7/site-packages/airflow/example_dags/example_dag_decorator.py
[2022-06-15 07:16:07,316] {logging_mixin.py:115} INFO - [2022-06-15 07:16:07,316] {dag.py:2379} INFO - Sync 1 DAGs
[2022-06-15 07:16:07,644] {logging_mixin.py:115} INFO - [2022-06-15 07:16:07,644] {dag.py:2931} INFO - Setting next_dagrun for example_dag_decorator to None, run_after=None
[2022-06-15 07:16:07,654] {processor.py:161} INFO - Processing /home/airflow/.local/lib/python3.7/site-packages/airflow/example_dags/example_dag_decorator.py took 0.416 seconds
[2022-06-15 07:16:38,065] {processor.py:153} INFO - Started process (PID=282) to work on /home/airflow/.local/lib/python3.7/site-packages/airflow/example_dags/example_dag_decorator.py
[2022-06-15 07:16:38,066] {processor.py:641} INFO - Processing file /home/airflow/.local/lib/python3.7/site-packages/airflow/example_dags/example_dag_decorator.py for tasks to queue
[2022-06-15 07:16:38,068] {logging_mixin.py:115} INFO - [2022-06-15 07:16:38,068] {dagbag.py:507} INFO - Filling up the DagBag from /home/airflow/.local/lib/python3.7/site-packages/airflow/example_dags/example_dag_decorator.py
[2022-06-15 07:16:38,091] {processor.py:651} INFO - DAG(s) dict_keys(['example_dag_decorator']) retrieved from /home/airflow/.local/lib/python3.7/site-packages/airflow/example_dags/example_dag_decorator.py
[2022-06-15 07:16:38,151] {logging_mixin.py:115} INFO - [2022-06-15 07:16:38,151] {dag.py:2379} INFO - Sync 1 DAGs
[2022-06-15 07:16:38,432] {logging_mixin.py:115} INFO - [2022-06-15 07:16:38,432] {dag.py:2931} INFO - Setting next_dagrun for example_dag_decorator to None, run_after=None
[2022-06-15 07:16:38,441] {processor.py:161} INFO - Processing /home/airflow/.local/lib/python3.7/site-packages/airflow/example_dags/example_dag_decorator.py took 0.381 seconds
[2022-06-15 07:23:24,895] {processor.py:153} INFO - Started process (PID=98) to work on /home/airflow/.local/lib/python3.7/site-packages/airflow/example_dags/example_dag_decorator.py
[2022-06-15 07:23:24,897] {processor.py:641} INFO - Processing file /home/airflow/.local/lib/python3.7/site-packages/airflow/example_dags/example_dag_decorator.py for tasks to queue
[2022-06-15 07:23:24,898] {logging_mixin.py:115} INFO - [2022-06-15 07:23:24,898] {dagbag.py:507} INFO - Filling up the DagBag from /home/airflow/.local/lib/python3.7/site-packages/airflow/example_dags/example_dag_decorator.py
[2022-06-15 07:23:24,929] {processor.py:651} INFO - DAG(s) dict_keys(['example_dag_decorator']) retrieved from /home/airflow/.local/lib/python3.7/site-packages/airflow/example_dags/example_dag_decorator.py
[2022-06-15 07:23:25,056] {logging_mixin.py:115} INFO - [2022-06-15 07:23:25,056] {dag.py:2379} INFO - Sync 1 DAGs
[2022-06-15 07:23:25,068] {logging_mixin.py:115} INFO - [2022-06-15 07:23:25,068] {dag.py:2931} INFO - Setting next_dagrun for example_dag_decorator to None, run_after=None
[2022-06-15 07:23:25,080] {processor.py:161} INFO - Processing /home/airflow/.local/lib/python3.7/site-packages/airflow/example_dags/example_dag_decorator.py took 0.186 seconds
[2022-06-15 07:23:55,855] {processor.py:153} INFO - Started process (PID=165) to work on /home/airflow/.local/lib/python3.7/site-packages/airflow/example_dags/example_dag_decorator.py
[2022-06-15 07:23:55,858] {processor.py:641} INFO - Processing file /home/airflow/.local/lib/python3.7/site-packages/airflow/example_dags/example_dag_decorator.py for tasks to queue
[2022-06-15 07:23:55,863] {logging_mixin.py:115} INFO - [2022-06-15 07:23:55,863] {dagbag.py:507} INFO - Filling up the DagBag from /home/airflow/.local/lib/python3.7/site-packages/airflow/example_dags/example_dag_decorator.py
[2022-06-15 07:23:55,899] {processor.py:651} INFO - DAG(s) dict_keys(['example_dag_decorator']) retrieved from /home/airflow/.local/lib/python3.7/site-packages/airflow/example_dags/example_dag_decorator.py
[2022-06-15 07:23:56,204] {logging_mixin.py:115} INFO - [2022-06-15 07:23:56,204] {dag.py:2379} INFO - Sync 1 DAGs
[2022-06-15 07:23:56,220] {logging_mixin.py:115} INFO - [2022-06-15 07:23:56,220] {dag.py:2931} INFO - Setting next_dagrun for example_dag_decorator to None, run_after=None
[2022-06-15 07:23:56,240] {processor.py:161} INFO - Processing /home/airflow/.local/lib/python3.7/site-packages/airflow/example_dags/example_dag_decorator.py took 0.388 seconds
[2022-06-15 07:24:27,241] {processor.py:153} INFO - Started process (PID=233) to work on /home/airflow/.local/lib/python3.7/site-packages/airflow/example_dags/example_dag_decorator.py
[2022-06-15 07:24:27,243] {processor.py:641} INFO - Processing file /home/airflow/.local/lib/python3.7/site-packages/airflow/example_dags/example_dag_decorator.py for tasks to queue
[2022-06-15 07:24:27,244] {logging_mixin.py:115} INFO - [2022-06-15 07:24:27,244] {dagbag.py:507} INFO - Filling up the DagBag from /home/airflow/.local/lib/python3.7/site-packages/airflow/example_dags/example_dag_decorator.py
[2022-06-15 07:24:27,271] {processor.py:651} INFO - DAG(s) dict_keys(['example_dag_decorator']) retrieved from /home/airflow/.local/lib/python3.7/site-packages/airflow/example_dags/example_dag_decorator.py
[2022-06-15 07:24:27,396] {logging_mixin.py:115} INFO - [2022-06-15 07:24:27,396] {dag.py:2379} INFO - Sync 1 DAGs
[2022-06-15 07:24:27,408] {logging_mixin.py:115} INFO - [2022-06-15 07:24:27,408] {dag.py:2931} INFO - Setting next_dagrun for example_dag_decorator to None, run_after=None
[2022-06-15 07:24:27,418] {processor.py:161} INFO - Processing /home/airflow/.local/lib/python3.7/site-packages/airflow/example_dags/example_dag_decorator.py took 0.180 seconds
[2022-06-15 07:24:58,488] {processor.py:153} INFO - Started process (PID=293) to work on /home/airflow/.local/lib/python3.7/site-packages/airflow/example_dags/example_dag_decorator.py
[2022-06-15 07:24:58,491] {processor.py:641} INFO - Processing file /home/airflow/.local/lib/python3.7/site-packages/airflow/example_dags/example_dag_decorator.py for tasks to queue
[2022-06-15 07:24:58,492] {logging_mixin.py:115} INFO - [2022-06-15 07:24:58,492] {dagbag.py:507} INFO - Filling up the DagBag from /home/airflow/.local/lib/python3.7/site-packages/airflow/example_dags/example_dag_decorator.py
[2022-06-15 07:24:58,537] {processor.py:651} INFO - DAG(s) dict_keys(['example_dag_decorator']) retrieved from /home/airflow/.local/lib/python3.7/site-packages/airflow/example_dags/example_dag_decorator.py
[2022-06-15 07:24:58,718] {logging_mixin.py:115} INFO - [2022-06-15 07:24:58,718] {dag.py:2379} INFO - Sync 1 DAGs
[2022-06-15 07:24:58,735] {logging_mixin.py:115} INFO - [2022-06-15 07:24:58,735] {dag.py:2931} INFO - Setting next_dagrun for example_dag_decorator to None, run_after=None
[2022-06-15 07:24:58,747] {processor.py:161} INFO - Processing /home/airflow/.local/lib/python3.7/site-packages/airflow/example_dags/example_dag_decorator.py took 0.265 seconds
[2022-06-15 07:25:28,845] {processor.py:153} INFO - Started process (PID=361) to work on /home/airflow/.local/lib/python3.7/site-packages/airflow/example_dags/example_dag_decorator.py
[2022-06-15 07:25:28,846] {processor.py:641} INFO - Processing file /home/airflow/.local/lib/python3.7/site-packages/airflow/example_dags/example_dag_decorator.py for tasks to queue
[2022-06-15 07:25:28,847] {logging_mixin.py:115} INFO - [2022-06-15 07:25:28,847] {dagbag.py:507} INFO - Filling up the DagBag from /home/airflow/.local/lib/python3.7/site-packages/airflow/example_dags/example_dag_decorator.py
[2022-06-15 07:25:28,871] {processor.py:651} INFO - DAG(s) dict_keys(['example_dag_decorator']) retrieved from /home/airflow/.local/lib/python3.7/site-packages/airflow/example_dags/example_dag_decorator.py
[2022-06-15 07:25:28,989] {logging_mixin.py:115} INFO - [2022-06-15 07:25:28,989] {dag.py:2379} INFO - Sync 1 DAGs
[2022-06-15 07:25:29,000] {logging_mixin.py:115} INFO - [2022-06-15 07:25:29,000] {dag.py:2931} INFO - Setting next_dagrun for example_dag_decorator to None, run_after=None
[2022-06-15 07:25:29,006] {processor.py:161} INFO - Processing /home/airflow/.local/lib/python3.7/site-packages/airflow/example_dags/example_dag_decorator.py took 0.164 seconds
[2022-06-15 07:25:59,598] {processor.py:153} INFO - Started process (PID=430) to work on /home/airflow/.local/lib/python3.7/site-packages/airflow/example_dags/example_dag_decorator.py
[2022-06-15 07:25:59,600] {processor.py:641} INFO - Processing file /home/airflow/.local/lib/python3.7/site-packages/airflow/example_dags/example_dag_decorator.py for tasks to queue
[2022-06-15 07:25:59,602] {logging_mixin.py:115} INFO - [2022-06-15 07:25:59,602] {dagbag.py:507} INFO - Filling up the DagBag from /home/airflow/.local/lib/python3.7/site-packages/airflow/example_dags/example_dag_decorator.py
[2022-06-15 07:25:59,624] {processor.py:651} INFO - DAG(s) dict_keys(['example_dag_decorator']) retrieved from /home/airflow/.local/lib/python3.7/site-packages/airflow/example_dags/example_dag_decorator.py
[2022-06-15 07:25:59,769] {logging_mixin.py:115} INFO - [2022-06-15 07:25:59,769] {dag.py:2379} INFO - Sync 1 DAGs
[2022-06-15 07:25:59,782] {logging_mixin.py:115} INFO - [2022-06-15 07:25:59,782] {dag.py:2931} INFO - Setting next_dagrun for example_dag_decorator to None, run_after=None
[2022-06-15 07:25:59,791] {processor.py:161} INFO - Processing /home/airflow/.local/lib/python3.7/site-packages/airflow/example_dags/example_dag_decorator.py took 0.196 seconds
[2022-06-15 07:26:30,080] {processor.py:153} INFO - Started process (PID=498) to work on /home/airflow/.local/lib/python3.7/site-packages/airflow/example_dags/example_dag_decorator.py
[2022-06-15 07:26:30,083] {processor.py:641} INFO - Processing file /home/airflow/.local/lib/python3.7/site-packages/airflow/example_dags/example_dag_decorator.py for tasks to queue
[2022-06-15 07:26:30,083] {logging_mixin.py:115} INFO - [2022-06-15 07:26:30,083] {dagbag.py:507} INFO - Filling up the DagBag from /home/airflow/.local/lib/python3.7/site-packages/airflow/example_dags/example_dag_decorator.py
[2022-06-15 07:26:30,099] {processor.py:651} INFO - DAG(s) dict_keys(['example_dag_decorator']) retrieved from /home/airflow/.local/lib/python3.7/site-packages/airflow/example_dags/example_dag_decorator.py
[2022-06-15 07:26:30,207] {logging_mixin.py:115} INFO - [2022-06-15 07:26:30,207] {dag.py:2379} INFO - Sync 1 DAGs
[2022-06-15 07:26:30,217] {logging_mixin.py:115} INFO - [2022-06-15 07:26:30,217] {dag.py:2931} INFO - Setting next_dagrun for example_dag_decorator to None, run_after=None
[2022-06-15 07:26:30,224] {processor.py:161} INFO - Processing /home/airflow/.local/lib/python3.7/site-packages/airflow/example_dags/example_dag_decorator.py took 0.146 seconds
[2022-06-15 07:27:01,369] {processor.py:153} INFO - Started process (PID=567) to work on /home/airflow/.local/lib/python3.7/site-packages/airflow/example_dags/example_dag_decorator.py
[2022-06-15 07:27:01,371] {processor.py:641} INFO - Processing file /home/airflow/.local/lib/python3.7/site-packages/airflow/example_dags/example_dag_decorator.py for tasks to queue
[2022-06-15 07:27:01,371] {logging_mixin.py:115} INFO - [2022-06-15 07:27:01,371] {dagbag.py:507} INFO - Filling up the DagBag from /home/airflow/.local/lib/python3.7/site-packages/airflow/example_dags/example_dag_decorator.py
[2022-06-15 07:27:01,393] {processor.py:651} INFO - DAG(s) dict_keys(['example_dag_decorator']) retrieved from /home/airflow/.local/lib/python3.7/site-packages/airflow/example_dags/example_dag_decorator.py
[2022-06-15 07:27:01,528] {logging_mixin.py:115} INFO - [2022-06-15 07:27:01,528] {dag.py:2379} INFO - Sync 1 DAGs
[2022-06-15 07:27:01,543] {logging_mixin.py:115} INFO - [2022-06-15 07:27:01,543] {dag.py:2931} INFO - Setting next_dagrun for example_dag_decorator to None, run_after=None
[2022-06-15 07:27:01,553] {processor.py:161} INFO - Processing /home/airflow/.local/lib/python3.7/site-packages/airflow/example_dags/example_dag_decorator.py took 0.186 seconds
[2022-06-15 07:27:32,213] {processor.py:153} INFO - Started process (PID=625) to work on /home/airflow/.local/lib/python3.7/site-packages/airflow/example_dags/example_dag_decorator.py
[2022-06-15 07:27:32,214] {processor.py:641} INFO - Processing file /home/airflow/.local/lib/python3.7/site-packages/airflow/example_dags/example_dag_decorator.py for tasks to queue
[2022-06-15 07:27:32,215] {logging_mixin.py:115} INFO - [2022-06-15 07:27:32,215] {dagbag.py:507} INFO - Filling up the DagBag from /home/airflow/.local/lib/python3.7/site-packages/airflow/example_dags/example_dag_decorator.py
[2022-06-15 07:27:32,237] {processor.py:651} INFO - DAG(s) dict_keys(['example_dag_decorator']) retrieved from /home/airflow/.local/lib/python3.7/site-packages/airflow/example_dags/example_dag_decorator.py
[2022-06-15 07:27:32,366] {logging_mixin.py:115} INFO - [2022-06-15 07:27:32,366] {dag.py:2379} INFO - Sync 1 DAGs
[2022-06-15 07:27:32,377] {logging_mixin.py:115} INFO - [2022-06-15 07:27:32,377] {dag.py:2931} INFO - Setting next_dagrun for example_dag_decorator to None, run_after=None
[2022-06-15 07:27:32,386] {processor.py:161} INFO - Processing /home/airflow/.local/lib/python3.7/site-packages/airflow/example_dags/example_dag_decorator.py took 0.176 seconds
[2022-06-15 07:28:02,974] {processor.py:153} INFO - Started process (PID=692) to work on /home/airflow/.local/lib/python3.7/site-packages/airflow/example_dags/example_dag_decorator.py
[2022-06-15 07:28:02,975] {processor.py:641} INFO - Processing file /home/airflow/.local/lib/python3.7/site-packages/airflow/example_dags/example_dag_decorator.py for tasks to queue
[2022-06-15 07:28:02,976] {logging_mixin.py:115} INFO - [2022-06-15 07:28:02,976] {dagbag.py:507} INFO - Filling up the DagBag from /home/airflow/.local/lib/python3.7/site-packages/airflow/example_dags/example_dag_decorator.py
[2022-06-15 07:28:03,000] {processor.py:651} INFO - DAG(s) dict_keys(['example_dag_decorator']) retrieved from /home/airflow/.local/lib/python3.7/site-packages/airflow/example_dags/example_dag_decorator.py
[2022-06-15 07:28:03,123] {logging_mixin.py:115} INFO - [2022-06-15 07:28:03,123] {dag.py:2379} INFO - Sync 1 DAGs
[2022-06-15 07:28:03,134] {logging_mixin.py:115} INFO - [2022-06-15 07:28:03,134] {dag.py:2931} INFO - Setting next_dagrun for example_dag_decorator to None, run_after=None
[2022-06-15 07:28:03,141] {processor.py:161} INFO - Processing /home/airflow/.local/lib/python3.7/site-packages/airflow/example_dags/example_dag_decorator.py took 0.170 seconds
[2022-06-15 07:28:34,456] {processor.py:153} INFO - Started process (PID=760) to work on /home/airflow/.local/lib/python3.7/site-packages/airflow/example_dags/example_dag_decorator.py
[2022-06-15 07:28:34,461] {processor.py:641} INFO - Processing file /home/airflow/.local/lib/python3.7/site-packages/airflow/example_dags/example_dag_decorator.py for tasks to queue
[2022-06-15 07:28:34,463] {logging_mixin.py:115} INFO - [2022-06-15 07:28:34,463] {dagbag.py:507} INFO - Filling up the DagBag from /home/airflow/.local/lib/python3.7/site-packages/airflow/example_dags/example_dag_decorator.py
[2022-06-15 07:28:34,494] {processor.py:651} INFO - DAG(s) dict_keys(['example_dag_decorator']) retrieved from /home/airflow/.local/lib/python3.7/site-packages/airflow/example_dags/example_dag_decorator.py
[2022-06-15 07:28:34,665] {logging_mixin.py:115} INFO - [2022-06-15 07:28:34,665] {dag.py:2379} INFO - Sync 1 DAGs
[2022-06-15 07:28:34,679] {logging_mixin.py:115} INFO - [2022-06-15 07:28:34,679] {dag.py:2931} INFO - Setting next_dagrun for example_dag_decorator to None, run_after=None
[2022-06-15 07:28:34,689] {processor.py:161} INFO - Processing /home/airflow/.local/lib/python3.7/site-packages/airflow/example_dags/example_dag_decorator.py took 0.239 seconds
[2022-06-15 07:29:04,911] {processor.py:153} INFO - Started process (PID=827) to work on /home/airflow/.local/lib/python3.7/site-packages/airflow/example_dags/example_dag_decorator.py
[2022-06-15 07:29:04,913] {processor.py:641} INFO - Processing file /home/airflow/.local/lib/python3.7/site-packages/airflow/example_dags/example_dag_decorator.py for tasks to queue
[2022-06-15 07:29:04,914] {logging_mixin.py:115} INFO - [2022-06-15 07:29:04,914] {dagbag.py:507} INFO - Filling up the DagBag from /home/airflow/.local/lib/python3.7/site-packages/airflow/example_dags/example_dag_decorator.py
[2022-06-15 07:29:04,937] {processor.py:651} INFO - DAG(s) dict_keys(['example_dag_decorator']) retrieved from /home/airflow/.local/lib/python3.7/site-packages/airflow/example_dags/example_dag_decorator.py
[2022-06-15 07:29:05,066] {logging_mixin.py:115} INFO - [2022-06-15 07:29:05,065] {dag.py:2379} INFO - Sync 1 DAGs
[2022-06-15 07:29:05,076] {logging_mixin.py:115} INFO - [2022-06-15 07:29:05,076] {dag.py:2931} INFO - Setting next_dagrun for example_dag_decorator to None, run_after=None
[2022-06-15 07:29:05,086] {processor.py:161} INFO - Processing /home/airflow/.local/lib/python3.7/site-packages/airflow/example_dags/example_dag_decorator.py took 0.178 seconds
[2022-06-15 07:29:35,692] {processor.py:153} INFO - Started process (PID=895) to work on /home/airflow/.local/lib/python3.7/site-packages/airflow/example_dags/example_dag_decorator.py
[2022-06-15 07:29:35,694] {processor.py:641} INFO - Processing file /home/airflow/.local/lib/python3.7/site-packages/airflow/example_dags/example_dag_decorator.py for tasks to queue
[2022-06-15 07:29:35,698] {logging_mixin.py:115} INFO - [2022-06-15 07:29:35,698] {dagbag.py:507} INFO - Filling up the DagBag from /home/airflow/.local/lib/python3.7/site-packages/airflow/example_dags/example_dag_decorator.py
[2022-06-15 07:29:35,719] {processor.py:651} INFO - DAG(s) dict_keys(['example_dag_decorator']) retrieved from /home/airflow/.local/lib/python3.7/site-packages/airflow/example_dags/example_dag_decorator.py
[2022-06-15 07:29:35,850] {logging_mixin.py:115} INFO - [2022-06-15 07:29:35,850] {dag.py:2379} INFO - Sync 1 DAGs
[2022-06-15 07:29:35,861] {logging_mixin.py:115} INFO - [2022-06-15 07:29:35,861] {dag.py:2931} INFO - Setting next_dagrun for example_dag_decorator to None, run_after=None
[2022-06-15 07:29:35,871] {processor.py:161} INFO - Processing /home/airflow/.local/lib/python3.7/site-packages/airflow/example_dags/example_dag_decorator.py took 0.182 seconds
