[2022-06-15 07:09:10,672] {processor.py:153} INFO - Started process (PID=68) to work on /home/airflow/.local/lib/python3.7/site-packages/airflow/example_dags/example_branch_labels.py
[2022-06-15 07:09:10,675] {processor.py:641} INFO - Processing file /home/airflow/.local/lib/python3.7/site-packages/airflow/example_dags/example_branch_labels.py for tasks to queue
[2022-06-15 07:09:10,677] {logging_mixin.py:115} INFO - [2022-06-15 07:09:10,677] {dagbag.py:507} INFO - Filling up the DagBag from /home/airflow/.local/lib/python3.7/site-packages/airflow/example_dags/example_branch_labels.py
[2022-06-15 07:09:10,764] {processor.py:651} INFO - DAG(s) dict_keys(['example_branch_labels']) retrieved from /home/airflow/.local/lib/python3.7/site-packages/airflow/example_dags/example_branch_labels.py
[2022-06-15 07:09:11,962] {logging_mixin.py:115} INFO - [2022-06-15 07:09:11,962] {manager.py:508} INFO - Created Permission View: can delete on DAG:example_branch_labels
[2022-06-15 07:09:11,979] {logging_mixin.py:115} INFO - [2022-06-15 07:09:11,978] {manager.py:508} INFO - Created Permission View: can read on DAG:example_branch_labels
[2022-06-15 07:09:11,987] {logging_mixin.py:115} INFO - [2022-06-15 07:09:11,987] {manager.py:508} INFO - Created Permission View: can edit on DAG:example_branch_labels
[2022-06-15 07:09:11,988] {logging_mixin.py:115} INFO - [2022-06-15 07:09:11,988] {dag.py:2379} INFO - Sync 1 DAGs
[2022-06-15 07:09:12,001] {logging_mixin.py:115} INFO - [2022-06-15 07:09:12,001] {dag.py:2398} INFO - Creating ORM DAG for example_branch_labels
[2022-06-15 07:09:12,013] {logging_mixin.py:115} INFO - [2022-06-15 07:09:12,013] {dag.py:2931} INFO - Setting next_dagrun for example_branch_labels to 2022-06-14T00:00:00+00:00, run_after=2022-06-15T00:00:00+00:00
[2022-06-15 07:09:12,029] {processor.py:161} INFO - Processing /home/airflow/.local/lib/python3.7/site-packages/airflow/example_dags/example_branch_labels.py took 1.369 seconds
[2022-06-15 07:09:42,942] {processor.py:153} INFO - Started process (PID=137) to work on /home/airflow/.local/lib/python3.7/site-packages/airflow/example_dags/example_branch_labels.py
[2022-06-15 07:09:42,944] {processor.py:641} INFO - Processing file /home/airflow/.local/lib/python3.7/site-packages/airflow/example_dags/example_branch_labels.py for tasks to queue
[2022-06-15 07:09:42,945] {logging_mixin.py:115} INFO - [2022-06-15 07:09:42,945] {dagbag.py:507} INFO - Filling up the DagBag from /home/airflow/.local/lib/python3.7/site-packages/airflow/example_dags/example_branch_labels.py
[2022-06-15 07:09:42,953] {processor.py:651} INFO - DAG(s) dict_keys(['example_branch_labels']) retrieved from /home/airflow/.local/lib/python3.7/site-packages/airflow/example_dags/example_branch_labels.py
[2022-06-15 07:09:42,982] {logging_mixin.py:115} INFO - [2022-06-15 07:09:42,982] {dag.py:2379} INFO - Sync 1 DAGs
[2022-06-15 07:09:43,117] {logging_mixin.py:115} INFO - [2022-06-15 07:09:43,117] {dag.py:2931} INFO - Setting next_dagrun for example_branch_labels to 2022-06-14T00:00:00+00:00, run_after=2022-06-15T00:00:00+00:00
[2022-06-15 07:09:43,125] {processor.py:161} INFO - Processing /home/airflow/.local/lib/python3.7/site-packages/airflow/example_dags/example_branch_labels.py took 0.188 seconds
[2022-06-15 07:10:13,561] {processor.py:153} INFO - Started process (PID=207) to work on /home/airflow/.local/lib/python3.7/site-packages/airflow/example_dags/example_branch_labels.py
[2022-06-15 07:10:13,563] {processor.py:641} INFO - Processing file /home/airflow/.local/lib/python3.7/site-packages/airflow/example_dags/example_branch_labels.py for tasks to queue
[2022-06-15 07:10:13,565] {logging_mixin.py:115} INFO - [2022-06-15 07:10:13,564] {dagbag.py:507} INFO - Filling up the DagBag from /home/airflow/.local/lib/python3.7/site-packages/airflow/example_dags/example_branch_labels.py
[2022-06-15 07:10:13,572] {processor.py:651} INFO - DAG(s) dict_keys(['example_branch_labels']) retrieved from /home/airflow/.local/lib/python3.7/site-packages/airflow/example_dags/example_branch_labels.py
[2022-06-15 07:10:13,609] {logging_mixin.py:115} INFO - [2022-06-15 07:10:13,609] {dag.py:2379} INFO - Sync 1 DAGs
[2022-06-15 07:10:13,727] {logging_mixin.py:115} INFO - [2022-06-15 07:10:13,727] {dag.py:2931} INFO - Setting next_dagrun for example_branch_labels to 2022-06-14T00:00:00+00:00, run_after=2022-06-15T00:00:00+00:00
[2022-06-15 07:10:13,735] {processor.py:161} INFO - Processing /home/airflow/.local/lib/python3.7/site-packages/airflow/example_dags/example_branch_labels.py took 0.177 seconds
[2022-06-15 07:10:43,905] {processor.py:153} INFO - Started process (PID=275) to work on /home/airflow/.local/lib/python3.7/site-packages/airflow/example_dags/example_branch_labels.py
[2022-06-15 07:10:43,908] {processor.py:641} INFO - Processing file /home/airflow/.local/lib/python3.7/site-packages/airflow/example_dags/example_branch_labels.py for tasks to queue
[2022-06-15 07:10:43,911] {logging_mixin.py:115} INFO - [2022-06-15 07:10:43,911] {dagbag.py:507} INFO - Filling up the DagBag from /home/airflow/.local/lib/python3.7/site-packages/airflow/example_dags/example_branch_labels.py
[2022-06-15 07:10:43,928] {processor.py:651} INFO - DAG(s) dict_keys(['example_branch_labels']) retrieved from /home/airflow/.local/lib/python3.7/site-packages/airflow/example_dags/example_branch_labels.py
[2022-06-15 07:10:43,995] {logging_mixin.py:115} INFO - [2022-06-15 07:10:43,994] {dag.py:2379} INFO - Sync 1 DAGs
[2022-06-15 07:10:44,373] {logging_mixin.py:115} INFO - [2022-06-15 07:10:44,373] {dag.py:2931} INFO - Setting next_dagrun for example_branch_labels to 2022-06-14T00:00:00+00:00, run_after=2022-06-15T00:00:00+00:00
[2022-06-15 07:10:44,393] {processor.py:161} INFO - Processing /home/airflow/.local/lib/python3.7/site-packages/airflow/example_dags/example_branch_labels.py took 0.495 seconds
[2022-06-15 07:11:14,763] {processor.py:153} INFO - Started process (PID=334) to work on /home/airflow/.local/lib/python3.7/site-packages/airflow/example_dags/example_branch_labels.py
[2022-06-15 07:11:14,764] {processor.py:641} INFO - Processing file /home/airflow/.local/lib/python3.7/site-packages/airflow/example_dags/example_branch_labels.py for tasks to queue
[2022-06-15 07:11:14,765] {logging_mixin.py:115} INFO - [2022-06-15 07:11:14,765] {dagbag.py:507} INFO - Filling up the DagBag from /home/airflow/.local/lib/python3.7/site-packages/airflow/example_dags/example_branch_labels.py
[2022-06-15 07:11:14,770] {processor.py:651} INFO - DAG(s) dict_keys(['example_branch_labels']) retrieved from /home/airflow/.local/lib/python3.7/site-packages/airflow/example_dags/example_branch_labels.py
[2022-06-15 07:11:14,788] {logging_mixin.py:115} INFO - [2022-06-15 07:11:14,788] {dag.py:2379} INFO - Sync 1 DAGs
[2022-06-15 07:11:14,909] {logging_mixin.py:115} INFO - [2022-06-15 07:11:14,909] {dag.py:2931} INFO - Setting next_dagrun for example_branch_labels to 2022-06-14T00:00:00+00:00, run_after=2022-06-15T00:00:00+00:00
[2022-06-15 07:11:14,924] {processor.py:161} INFO - Processing /home/airflow/.local/lib/python3.7/site-packages/airflow/example_dags/example_branch_labels.py took 0.165 seconds
[2022-06-15 07:14:19,246] {processor.py:153} INFO - Started process (PID=54) to work on /home/airflow/.local/lib/python3.7/site-packages/airflow/example_dags/example_branch_labels.py
[2022-06-15 07:14:19,251] {processor.py:641} INFO - Processing file /home/airflow/.local/lib/python3.7/site-packages/airflow/example_dags/example_branch_labels.py for tasks to queue
[2022-06-15 07:14:19,257] {logging_mixin.py:115} INFO - [2022-06-15 07:14:19,257] {dagbag.py:507} INFO - Filling up the DagBag from /home/airflow/.local/lib/python3.7/site-packages/airflow/example_dags/example_branch_labels.py
[2022-06-15 07:14:19,358] {processor.py:651} INFO - DAG(s) dict_keys(['example_branch_labels']) retrieved from /home/airflow/.local/lib/python3.7/site-packages/airflow/example_dags/example_branch_labels.py
[2022-06-15 07:14:19,739] {logging_mixin.py:115} INFO - [2022-06-15 07:14:19,738] {dag.py:2379} INFO - Sync 1 DAGs
[2022-06-15 07:14:20,168] {logging_mixin.py:115} INFO - [2022-06-15 07:14:20,167] {dag.py:2931} INFO - Setting next_dagrun for example_branch_labels to 2022-06-14T00:00:00+00:00, run_after=2022-06-15T00:00:00+00:00
[2022-06-15 07:14:20,340] {processor.py:161} INFO - Processing /home/airflow/.local/lib/python3.7/site-packages/airflow/example_dags/example_branch_labels.py took 1.118 seconds
[2022-06-15 07:15:12,505] {processor.py:153} INFO - Started process (PID=118) to work on /home/airflow/.local/lib/python3.7/site-packages/airflow/example_dags/example_branch_labels.py
[2022-06-15 07:15:12,517] {processor.py:641} INFO - Processing file /home/airflow/.local/lib/python3.7/site-packages/airflow/example_dags/example_branch_labels.py for tasks to queue
[2022-06-15 07:15:12,562] {logging_mixin.py:115} INFO - [2022-06-15 07:15:12,562] {dagbag.py:507} INFO - Filling up the DagBag from /home/airflow/.local/lib/python3.7/site-packages/airflow/example_dags/example_branch_labels.py
[2022-06-15 07:15:12,783] {processor.py:651} INFO - DAG(s) dict_keys(['example_branch_labels']) retrieved from /home/airflow/.local/lib/python3.7/site-packages/airflow/example_dags/example_branch_labels.py
[2022-06-15 07:15:13,373] {logging_mixin.py:115} INFO - [2022-06-15 07:15:13,368] {dag.py:2379} INFO - Sync 1 DAGs
[2022-06-15 07:15:13,596] {logging_mixin.py:115} INFO - [2022-06-15 07:15:13,596] {dag.py:2931} INFO - Setting next_dagrun for example_branch_labels to 2022-06-14T00:00:00+00:00, run_after=2022-06-15T00:00:00+00:00
[2022-06-15 07:15:13,665] {processor.py:161} INFO - Processing /home/airflow/.local/lib/python3.7/site-packages/airflow/example_dags/example_branch_labels.py took 1.214 seconds
[2022-06-15 07:15:44,064] {processor.py:153} INFO - Started process (PID=175) to work on /home/airflow/.local/lib/python3.7/site-packages/airflow/example_dags/example_branch_labels.py
[2022-06-15 07:15:44,067] {processor.py:641} INFO - Processing file /home/airflow/.local/lib/python3.7/site-packages/airflow/example_dags/example_branch_labels.py for tasks to queue
[2022-06-15 07:15:44,069] {logging_mixin.py:115} INFO - [2022-06-15 07:15:44,069] {dagbag.py:507} INFO - Filling up the DagBag from /home/airflow/.local/lib/python3.7/site-packages/airflow/example_dags/example_branch_labels.py
[2022-06-15 07:15:44,088] {processor.py:651} INFO - DAG(s) dict_keys(['example_branch_labels']) retrieved from /home/airflow/.local/lib/python3.7/site-packages/airflow/example_dags/example_branch_labels.py
[2022-06-15 07:15:44,112] {logging_mixin.py:115} INFO - [2022-06-15 07:15:44,112] {dag.py:2379} INFO - Sync 1 DAGs
[2022-06-15 07:15:44,126] {logging_mixin.py:115} INFO - [2022-06-15 07:15:44,126] {dag.py:2931} INFO - Setting next_dagrun for example_branch_labels to 2022-06-14T00:00:00+00:00, run_after=2022-06-15T00:00:00+00:00
[2022-06-15 07:15:44,134] {processor.py:161} INFO - Processing /home/airflow/.local/lib/python3.7/site-packages/airflow/example_dags/example_branch_labels.py took 0.079 seconds
[2022-06-15 07:16:14,489] {processor.py:153} INFO - Started process (PID=242) to work on /home/airflow/.local/lib/python3.7/site-packages/airflow/example_dags/example_branch_labels.py
[2022-06-15 07:16:14,491] {processor.py:641} INFO - Processing file /home/airflow/.local/lib/python3.7/site-packages/airflow/example_dags/example_branch_labels.py for tasks to queue
[2022-06-15 07:16:14,492] {logging_mixin.py:115} INFO - [2022-06-15 07:16:14,492] {dagbag.py:507} INFO - Filling up the DagBag from /home/airflow/.local/lib/python3.7/site-packages/airflow/example_dags/example_branch_labels.py
[2022-06-15 07:16:14,513] {processor.py:651} INFO - DAG(s) dict_keys(['example_branch_labels']) retrieved from /home/airflow/.local/lib/python3.7/site-packages/airflow/example_dags/example_branch_labels.py
[2022-06-15 07:16:14,544] {logging_mixin.py:115} INFO - [2022-06-15 07:16:14,544] {dag.py:2379} INFO - Sync 1 DAGs
[2022-06-15 07:16:14,562] {logging_mixin.py:115} INFO - [2022-06-15 07:16:14,562] {dag.py:2931} INFO - Setting next_dagrun for example_branch_labels to 2022-06-14T00:00:00+00:00, run_after=2022-06-15T00:00:00+00:00
[2022-06-15 07:16:14,571] {processor.py:161} INFO - Processing /home/airflow/.local/lib/python3.7/site-packages/airflow/example_dags/example_branch_labels.py took 0.086 seconds
[2022-06-15 07:16:45,322] {processor.py:153} INFO - Started process (PID=310) to work on /home/airflow/.local/lib/python3.7/site-packages/airflow/example_dags/example_branch_labels.py
[2022-06-15 07:16:45,325] {processor.py:641} INFO - Processing file /home/airflow/.local/lib/python3.7/site-packages/airflow/example_dags/example_branch_labels.py for tasks to queue
[2022-06-15 07:16:45,326] {logging_mixin.py:115} INFO - [2022-06-15 07:16:45,326] {dagbag.py:507} INFO - Filling up the DagBag from /home/airflow/.local/lib/python3.7/site-packages/airflow/example_dags/example_branch_labels.py
[2022-06-15 07:16:45,342] {processor.py:651} INFO - DAG(s) dict_keys(['example_branch_labels']) retrieved from /home/airflow/.local/lib/python3.7/site-packages/airflow/example_dags/example_branch_labels.py
[2022-06-15 07:16:45,379] {logging_mixin.py:115} INFO - [2022-06-15 07:16:45,379] {dag.py:2379} INFO - Sync 1 DAGs
[2022-06-15 07:16:45,398] {logging_mixin.py:115} INFO - [2022-06-15 07:16:45,398] {dag.py:2931} INFO - Setting next_dagrun for example_branch_labels to 2022-06-14T00:00:00+00:00, run_after=2022-06-15T00:00:00+00:00
[2022-06-15 07:16:45,415] {processor.py:161} INFO - Processing /home/airflow/.local/lib/python3.7/site-packages/airflow/example_dags/example_branch_labels.py took 0.098 seconds
[2022-06-15 07:23:15,572] {processor.py:153} INFO - Started process (PID=79) to work on /home/airflow/.local/lib/python3.7/site-packages/airflow/example_dags/example_branch_labels.py
[2022-06-15 07:23:15,578] {processor.py:641} INFO - Processing file /home/airflow/.local/lib/python3.7/site-packages/airflow/example_dags/example_branch_labels.py for tasks to queue
[2022-06-15 07:23:15,580] {logging_mixin.py:115} INFO - [2022-06-15 07:23:15,580] {dagbag.py:507} INFO - Filling up the DagBag from /home/airflow/.local/lib/python3.7/site-packages/airflow/example_dags/example_branch_labels.py
[2022-06-15 07:23:15,625] {processor.py:651} INFO - DAG(s) dict_keys(['example_branch_labels']) retrieved from /home/airflow/.local/lib/python3.7/site-packages/airflow/example_dags/example_branch_labels.py
[2022-06-15 07:23:15,774] {logging_mixin.py:115} INFO - [2022-06-15 07:23:15,774] {dag.py:2379} INFO - Sync 1 DAGs
[2022-06-15 07:23:17,188] {logging_mixin.py:115} INFO - [2022-06-15 07:23:17,188] {dag.py:2931} INFO - Setting next_dagrun for example_branch_labels to 2022-06-14T00:00:00+00:00, run_after=2022-06-15T00:00:00+00:00
[2022-06-15 07:23:17,231] {processor.py:161} INFO - Processing /home/airflow/.local/lib/python3.7/site-packages/airflow/example_dags/example_branch_labels.py took 1.675 seconds
[2022-06-15 07:23:48,240] {processor.py:153} INFO - Started process (PID=135) to work on /home/airflow/.local/lib/python3.7/site-packages/airflow/example_dags/example_branch_labels.py
[2022-06-15 07:23:48,242] {processor.py:641} INFO - Processing file /home/airflow/.local/lib/python3.7/site-packages/airflow/example_dags/example_branch_labels.py for tasks to queue
[2022-06-15 07:23:48,243] {logging_mixin.py:115} INFO - [2022-06-15 07:23:48,243] {dagbag.py:507} INFO - Filling up the DagBag from /home/airflow/.local/lib/python3.7/site-packages/airflow/example_dags/example_branch_labels.py
[2022-06-15 07:23:48,266] {processor.py:651} INFO - DAG(s) dict_keys(['example_branch_labels']) retrieved from /home/airflow/.local/lib/python3.7/site-packages/airflow/example_dags/example_branch_labels.py
[2022-06-15 07:23:48,315] {logging_mixin.py:115} INFO - [2022-06-15 07:23:48,315] {dag.py:2379} INFO - Sync 1 DAGs
[2022-06-15 07:23:48,875] {logging_mixin.py:115} INFO - [2022-06-15 07:23:48,875] {dag.py:2931} INFO - Setting next_dagrun for example_branch_labels to 2022-06-14T00:00:00+00:00, run_after=2022-06-15T00:00:00+00:00
[2022-06-15 07:23:48,883] {processor.py:161} INFO - Processing /home/airflow/.local/lib/python3.7/site-packages/airflow/example_dags/example_branch_labels.py took 0.648 seconds
[2022-06-15 07:24:19,279] {processor.py:153} INFO - Started process (PID=204) to work on /home/airflow/.local/lib/python3.7/site-packages/airflow/example_dags/example_branch_labels.py
[2022-06-15 07:24:19,283] {processor.py:641} INFO - Processing file /home/airflow/.local/lib/python3.7/site-packages/airflow/example_dags/example_branch_labels.py for tasks to queue
[2022-06-15 07:24:19,284] {logging_mixin.py:115} INFO - [2022-06-15 07:24:19,284] {dagbag.py:507} INFO - Filling up the DagBag from /home/airflow/.local/lib/python3.7/site-packages/airflow/example_dags/example_branch_labels.py
[2022-06-15 07:24:19,293] {processor.py:651} INFO - DAG(s) dict_keys(['example_branch_labels']) retrieved from /home/airflow/.local/lib/python3.7/site-packages/airflow/example_dags/example_branch_labels.py
[2022-06-15 07:24:19,332] {logging_mixin.py:115} INFO - [2022-06-15 07:24:19,332] {dag.py:2379} INFO - Sync 1 DAGs
[2022-06-15 07:24:19,554] {logging_mixin.py:115} INFO - [2022-06-15 07:24:19,554] {dag.py:2931} INFO - Setting next_dagrun for example_branch_labels to 2022-06-14T00:00:00+00:00, run_after=2022-06-15T00:00:00+00:00
[2022-06-15 07:24:19,562] {processor.py:161} INFO - Processing /home/airflow/.local/lib/python3.7/site-packages/airflow/example_dags/example_branch_labels.py took 0.286 seconds
[2022-06-15 07:24:49,978] {processor.py:153} INFO - Started process (PID=271) to work on /home/airflow/.local/lib/python3.7/site-packages/airflow/example_dags/example_branch_labels.py
[2022-06-15 07:24:49,981] {processor.py:641} INFO - Processing file /home/airflow/.local/lib/python3.7/site-packages/airflow/example_dags/example_branch_labels.py for tasks to queue
[2022-06-15 07:24:49,984] {logging_mixin.py:115} INFO - [2022-06-15 07:24:49,984] {dagbag.py:507} INFO - Filling up the DagBag from /home/airflow/.local/lib/python3.7/site-packages/airflow/example_dags/example_branch_labels.py
[2022-06-15 07:24:49,999] {processor.py:651} INFO - DAG(s) dict_keys(['example_branch_labels']) retrieved from /home/airflow/.local/lib/python3.7/site-packages/airflow/example_dags/example_branch_labels.py
[2022-06-15 07:24:50,039] {logging_mixin.py:115} INFO - [2022-06-15 07:24:50,039] {dag.py:2379} INFO - Sync 1 DAGs
[2022-06-15 07:24:50,310] {logging_mixin.py:115} INFO - [2022-06-15 07:24:50,310] {dag.py:2931} INFO - Setting next_dagrun for example_branch_labels to 2022-06-14T00:00:00+00:00, run_after=2022-06-15T00:00:00+00:00
[2022-06-15 07:24:50,321] {processor.py:161} INFO - Processing /home/airflow/.local/lib/python3.7/site-packages/airflow/example_dags/example_branch_labels.py took 0.352 seconds
[2022-06-15 07:25:21,329] {processor.py:153} INFO - Started process (PID=339) to work on /home/airflow/.local/lib/python3.7/site-packages/airflow/example_dags/example_branch_labels.py
[2022-06-15 07:25:21,331] {processor.py:641} INFO - Processing file /home/airflow/.local/lib/python3.7/site-packages/airflow/example_dags/example_branch_labels.py for tasks to queue
[2022-06-15 07:25:21,333] {logging_mixin.py:115} INFO - [2022-06-15 07:25:21,333] {dagbag.py:507} INFO - Filling up the DagBag from /home/airflow/.local/lib/python3.7/site-packages/airflow/example_dags/example_branch_labels.py
[2022-06-15 07:25:21,344] {processor.py:651} INFO - DAG(s) dict_keys(['example_branch_labels']) retrieved from /home/airflow/.local/lib/python3.7/site-packages/airflow/example_dags/example_branch_labels.py
[2022-06-15 07:25:21,380] {logging_mixin.py:115} INFO - [2022-06-15 07:25:21,380] {dag.py:2379} INFO - Sync 1 DAGs
[2022-06-15 07:25:21,534] {logging_mixin.py:115} INFO - [2022-06-15 07:25:21,534] {dag.py:2931} INFO - Setting next_dagrun for example_branch_labels to 2022-06-14T00:00:00+00:00, run_after=2022-06-15T00:00:00+00:00
[2022-06-15 07:25:21,540] {processor.py:161} INFO - Processing /home/airflow/.local/lib/python3.7/site-packages/airflow/example_dags/example_branch_labels.py took 0.216 seconds
[2022-06-15 07:25:51,950] {processor.py:153} INFO - Started process (PID=398) to work on /home/airflow/.local/lib/python3.7/site-packages/airflow/example_dags/example_branch_labels.py
[2022-06-15 07:25:51,955] {processor.py:641} INFO - Processing file /home/airflow/.local/lib/python3.7/site-packages/airflow/example_dags/example_branch_labels.py for tasks to queue
[2022-06-15 07:25:51,958] {logging_mixin.py:115} INFO - [2022-06-15 07:25:51,958] {dagbag.py:507} INFO - Filling up the DagBag from /home/airflow/.local/lib/python3.7/site-packages/airflow/example_dags/example_branch_labels.py
[2022-06-15 07:25:51,972] {processor.py:651} INFO - DAG(s) dict_keys(['example_branch_labels']) retrieved from /home/airflow/.local/lib/python3.7/site-packages/airflow/example_dags/example_branch_labels.py
[2022-06-15 07:25:52,004] {logging_mixin.py:115} INFO - [2022-06-15 07:25:52,004] {dag.py:2379} INFO - Sync 1 DAGs
[2022-06-15 07:25:52,133] {logging_mixin.py:115} INFO - [2022-06-15 07:25:52,133] {dag.py:2931} INFO - Setting next_dagrun for example_branch_labels to 2022-06-14T00:00:00+00:00, run_after=2022-06-15T00:00:00+00:00
[2022-06-15 07:25:52,144] {processor.py:161} INFO - Processing /home/airflow/.local/lib/python3.7/site-packages/airflow/example_dags/example_branch_labels.py took 0.201 seconds
[2022-06-15 07:26:22,526] {processor.py:153} INFO - Started process (PID=466) to work on /home/airflow/.local/lib/python3.7/site-packages/airflow/example_dags/example_branch_labels.py
[2022-06-15 07:26:22,529] {processor.py:641} INFO - Processing file /home/airflow/.local/lib/python3.7/site-packages/airflow/example_dags/example_branch_labels.py for tasks to queue
[2022-06-15 07:26:22,530] {logging_mixin.py:115} INFO - [2022-06-15 07:26:22,530] {dagbag.py:507} INFO - Filling up the DagBag from /home/airflow/.local/lib/python3.7/site-packages/airflow/example_dags/example_branch_labels.py
[2022-06-15 07:26:22,545] {processor.py:651} INFO - DAG(s) dict_keys(['example_branch_labels']) retrieved from /home/airflow/.local/lib/python3.7/site-packages/airflow/example_dags/example_branch_labels.py
[2022-06-15 07:26:22,578] {logging_mixin.py:115} INFO - [2022-06-15 07:26:22,578] {dag.py:2379} INFO - Sync 1 DAGs
[2022-06-15 07:26:22,820] {logging_mixin.py:115} INFO - [2022-06-15 07:26:22,820] {dag.py:2931} INFO - Setting next_dagrun for example_branch_labels to 2022-06-14T00:00:00+00:00, run_after=2022-06-15T00:00:00+00:00
[2022-06-15 07:26:22,828] {processor.py:161} INFO - Processing /home/airflow/.local/lib/python3.7/site-packages/airflow/example_dags/example_branch_labels.py took 0.307 seconds
[2022-06-15 07:26:53,189] {processor.py:153} INFO - Started process (PID=533) to work on /home/airflow/.local/lib/python3.7/site-packages/airflow/example_dags/example_branch_labels.py
[2022-06-15 07:26:53,192] {processor.py:641} INFO - Processing file /home/airflow/.local/lib/python3.7/site-packages/airflow/example_dags/example_branch_labels.py for tasks to queue
[2022-06-15 07:26:53,193] {logging_mixin.py:115} INFO - [2022-06-15 07:26:53,193] {dagbag.py:507} INFO - Filling up the DagBag from /home/airflow/.local/lib/python3.7/site-packages/airflow/example_dags/example_branch_labels.py
[2022-06-15 07:26:53,204] {processor.py:651} INFO - DAG(s) dict_keys(['example_branch_labels']) retrieved from /home/airflow/.local/lib/python3.7/site-packages/airflow/example_dags/example_branch_labels.py
[2022-06-15 07:26:53,247] {logging_mixin.py:115} INFO - [2022-06-15 07:26:53,247] {dag.py:2379} INFO - Sync 1 DAGs
[2022-06-15 07:26:53,388] {logging_mixin.py:115} INFO - [2022-06-15 07:26:53,388] {dag.py:2931} INFO - Setting next_dagrun for example_branch_labels to 2022-06-14T00:00:00+00:00, run_after=2022-06-15T00:00:00+00:00
[2022-06-15 07:26:53,400] {processor.py:161} INFO - Processing /home/airflow/.local/lib/python3.7/site-packages/airflow/example_dags/example_branch_labels.py took 0.218 seconds
[2022-06-15 07:27:24,335] {processor.py:153} INFO - Started process (PID=601) to work on /home/airflow/.local/lib/python3.7/site-packages/airflow/example_dags/example_branch_labels.py
[2022-06-15 07:27:24,340] {processor.py:641} INFO - Processing file /home/airflow/.local/lib/python3.7/site-packages/airflow/example_dags/example_branch_labels.py for tasks to queue
[2022-06-15 07:27:24,343] {logging_mixin.py:115} INFO - [2022-06-15 07:27:24,343] {dagbag.py:507} INFO - Filling up the DagBag from /home/airflow/.local/lib/python3.7/site-packages/airflow/example_dags/example_branch_labels.py
[2022-06-15 07:27:24,361] {processor.py:651} INFO - DAG(s) dict_keys(['example_branch_labels']) retrieved from /home/airflow/.local/lib/python3.7/site-packages/airflow/example_dags/example_branch_labels.py
[2022-06-15 07:27:24,408] {logging_mixin.py:115} INFO - [2022-06-15 07:27:24,408] {dag.py:2379} INFO - Sync 1 DAGs
[2022-06-15 07:27:24,637] {logging_mixin.py:115} INFO - [2022-06-15 07:27:24,637] {dag.py:2931} INFO - Setting next_dagrun for example_branch_labels to 2022-06-14T00:00:00+00:00, run_after=2022-06-15T00:00:00+00:00
[2022-06-15 07:27:24,646] {processor.py:161} INFO - Processing /home/airflow/.local/lib/python3.7/site-packages/airflow/example_dags/example_branch_labels.py took 0.319 seconds
[2022-06-15 07:27:55,045] {processor.py:153} INFO - Started process (PID=668) to work on /home/airflow/.local/lib/python3.7/site-packages/airflow/example_dags/example_branch_labels.py
[2022-06-15 07:27:55,047] {processor.py:641} INFO - Processing file /home/airflow/.local/lib/python3.7/site-packages/airflow/example_dags/example_branch_labels.py for tasks to queue
[2022-06-15 07:27:55,048] {logging_mixin.py:115} INFO - [2022-06-15 07:27:55,048] {dagbag.py:507} INFO - Filling up the DagBag from /home/airflow/.local/lib/python3.7/site-packages/airflow/example_dags/example_branch_labels.py
[2022-06-15 07:27:55,055] {processor.py:651} INFO - DAG(s) dict_keys(['example_branch_labels']) retrieved from /home/airflow/.local/lib/python3.7/site-packages/airflow/example_dags/example_branch_labels.py
[2022-06-15 07:27:55,079] {logging_mixin.py:115} INFO - [2022-06-15 07:27:55,079] {dag.py:2379} INFO - Sync 1 DAGs
[2022-06-15 07:27:55,295] {logging_mixin.py:115} INFO - [2022-06-15 07:27:55,295] {dag.py:2931} INFO - Setting next_dagrun for example_branch_labels to 2022-06-14T00:00:00+00:00, run_after=2022-06-15T00:00:00+00:00
[2022-06-15 07:27:55,313] {processor.py:161} INFO - Processing /home/airflow/.local/lib/python3.7/site-packages/airflow/example_dags/example_branch_labels.py took 0.271 seconds
[2022-06-15 07:28:25,418] {processor.py:153} INFO - Started process (PID=725) to work on /home/airflow/.local/lib/python3.7/site-packages/airflow/example_dags/example_branch_labels.py
[2022-06-15 07:28:25,420] {processor.py:641} INFO - Processing file /home/airflow/.local/lib/python3.7/site-packages/airflow/example_dags/example_branch_labels.py for tasks to queue
[2022-06-15 07:28:25,421] {logging_mixin.py:115} INFO - [2022-06-15 07:28:25,421] {dagbag.py:507} INFO - Filling up the DagBag from /home/airflow/.local/lib/python3.7/site-packages/airflow/example_dags/example_branch_labels.py
[2022-06-15 07:28:25,436] {processor.py:651} INFO - DAG(s) dict_keys(['example_branch_labels']) retrieved from /home/airflow/.local/lib/python3.7/site-packages/airflow/example_dags/example_branch_labels.py
[2022-06-15 07:28:25,491] {logging_mixin.py:115} INFO - [2022-06-15 07:28:25,491] {dag.py:2379} INFO - Sync 1 DAGs
[2022-06-15 07:28:25,737] {logging_mixin.py:115} INFO - [2022-06-15 07:28:25,737] {dag.py:2931} INFO - Setting next_dagrun for example_branch_labels to 2022-06-14T00:00:00+00:00, run_after=2022-06-15T00:00:00+00:00
[2022-06-15 07:28:25,753] {processor.py:161} INFO - Processing /home/airflow/.local/lib/python3.7/site-packages/airflow/example_dags/example_branch_labels.py took 0.339 seconds
[2022-06-15 07:28:56,102] {processor.py:153} INFO - Started process (PID=793) to work on /home/airflow/.local/lib/python3.7/site-packages/airflow/example_dags/example_branch_labels.py
[2022-06-15 07:28:56,104] {processor.py:641} INFO - Processing file /home/airflow/.local/lib/python3.7/site-packages/airflow/example_dags/example_branch_labels.py for tasks to queue
[2022-06-15 07:28:56,105] {logging_mixin.py:115} INFO - [2022-06-15 07:28:56,105] {dagbag.py:507} INFO - Filling up the DagBag from /home/airflow/.local/lib/python3.7/site-packages/airflow/example_dags/example_branch_labels.py
[2022-06-15 07:28:56,113] {processor.py:651} INFO - DAG(s) dict_keys(['example_branch_labels']) retrieved from /home/airflow/.local/lib/python3.7/site-packages/airflow/example_dags/example_branch_labels.py
[2022-06-15 07:28:56,140] {logging_mixin.py:115} INFO - [2022-06-15 07:28:56,140] {dag.py:2379} INFO - Sync 1 DAGs
[2022-06-15 07:28:56,301] {logging_mixin.py:115} INFO - [2022-06-15 07:28:56,301] {dag.py:2931} INFO - Setting next_dagrun for example_branch_labels to 2022-06-14T00:00:00+00:00, run_after=2022-06-15T00:00:00+00:00
[2022-06-15 07:28:56,316] {processor.py:161} INFO - Processing /home/airflow/.local/lib/python3.7/site-packages/airflow/example_dags/example_branch_labels.py took 0.218 seconds
[2022-06-15 07:29:26,610] {processor.py:153} INFO - Started process (PID=861) to work on /home/airflow/.local/lib/python3.7/site-packages/airflow/example_dags/example_branch_labels.py
[2022-06-15 07:29:26,612] {processor.py:641} INFO - Processing file /home/airflow/.local/lib/python3.7/site-packages/airflow/example_dags/example_branch_labels.py for tasks to queue
[2022-06-15 07:29:26,614] {logging_mixin.py:115} INFO - [2022-06-15 07:29:26,613] {dagbag.py:507} INFO - Filling up the DagBag from /home/airflow/.local/lib/python3.7/site-packages/airflow/example_dags/example_branch_labels.py
[2022-06-15 07:29:26,622] {processor.py:651} INFO - DAG(s) dict_keys(['example_branch_labels']) retrieved from /home/airflow/.local/lib/python3.7/site-packages/airflow/example_dags/example_branch_labels.py
[2022-06-15 07:29:26,655] {logging_mixin.py:115} INFO - [2022-06-15 07:29:26,655] {dag.py:2379} INFO - Sync 1 DAGs
[2022-06-15 07:29:26,885] {logging_mixin.py:115} INFO - [2022-06-15 07:29:26,885] {dag.py:2931} INFO - Setting next_dagrun for example_branch_labels to 2022-06-14T00:00:00+00:00, run_after=2022-06-15T00:00:00+00:00
[2022-06-15 07:29:26,917] {processor.py:161} INFO - Processing /home/airflow/.local/lib/python3.7/site-packages/airflow/example_dags/example_branch_labels.py took 0.312 seconds
