[2022-06-15 07:09:03,828] {processor.py:153} INFO - Started process (PID=66) to work on /home/airflow/.local/lib/python3.7/site-packages/airflow/example_dags/example_local_kubernetes_executor.py
[2022-06-15 07:09:03,832] {processor.py:641} INFO - Processing file /home/airflow/.local/lib/python3.7/site-packages/airflow/example_dags/example_local_kubernetes_executor.py for tasks to queue
[2022-06-15 07:09:03,847] {logging_mixin.py:115} INFO - [2022-06-15 07:09:03,846] {dagbag.py:507} INFO - Filling up the DagBag from /home/airflow/.local/lib/python3.7/site-packages/airflow/example_dags/example_local_kubernetes_executor.py
[2022-06-15 07:09:04,210] {processor.py:651} INFO - DAG(s) dict_keys(['example_local_kubernetes_executor']) retrieved from /home/airflow/.local/lib/python3.7/site-packages/airflow/example_dags/example_local_kubernetes_executor.py
[2022-06-15 07:09:10,312] {logging_mixin.py:115} INFO - [2022-06-15 07:09:10,312] {manager.py:508} INFO - Created Permission View: can delete on DAG:example_local_kubernetes_executor
[2022-06-15 07:09:10,324] {logging_mixin.py:115} INFO - [2022-06-15 07:09:10,324] {manager.py:508} INFO - Created Permission View: can read on DAG:example_local_kubernetes_executor
[2022-06-15 07:09:10,338] {logging_mixin.py:115} INFO - [2022-06-15 07:09:10,338] {manager.py:508} INFO - Created Permission View: can edit on DAG:example_local_kubernetes_executor
[2022-06-15 07:09:10,344] {logging_mixin.py:115} INFO - [2022-06-15 07:09:10,344] {dag.py:2379} INFO - Sync 1 DAGs
[2022-06-15 07:09:10,353] {logging_mixin.py:115} INFO - [2022-06-15 07:09:10,353] {dag.py:2398} INFO - Creating ORM DAG for example_local_kubernetes_executor
[2022-06-15 07:09:10,374] {logging_mixin.py:115} INFO - [2022-06-15 07:09:10,373] {dag.py:2931} INFO - Setting next_dagrun for example_local_kubernetes_executor to None, run_after=None
[2022-06-15 07:09:10,405] {processor.py:161} INFO - Processing /home/airflow/.local/lib/python3.7/site-packages/airflow/example_dags/example_local_kubernetes_executor.py took 6.610 seconds
[2022-06-15 07:09:41,477] {processor.py:153} INFO - Started process (PID=135) to work on /home/airflow/.local/lib/python3.7/site-packages/airflow/example_dags/example_local_kubernetes_executor.py
[2022-06-15 07:09:41,479] {processor.py:641} INFO - Processing file /home/airflow/.local/lib/python3.7/site-packages/airflow/example_dags/example_local_kubernetes_executor.py for tasks to queue
[2022-06-15 07:09:41,481] {logging_mixin.py:115} INFO - [2022-06-15 07:09:41,481] {dagbag.py:507} INFO - Filling up the DagBag from /home/airflow/.local/lib/python3.7/site-packages/airflow/example_dags/example_local_kubernetes_executor.py
[2022-06-15 07:09:41,527] {processor.py:651} INFO - DAG(s) dict_keys(['example_local_kubernetes_executor']) retrieved from /home/airflow/.local/lib/python3.7/site-packages/airflow/example_dags/example_local_kubernetes_executor.py
[2022-06-15 07:09:41,582] {logging_mixin.py:115} INFO - [2022-06-15 07:09:41,581] {dag.py:2379} INFO - Sync 1 DAGs
[2022-06-15 07:09:41,852] {logging_mixin.py:115} INFO - [2022-06-15 07:09:41,852] {dag.py:2931} INFO - Setting next_dagrun for example_local_kubernetes_executor to None, run_after=None
[2022-06-15 07:09:41,861] {processor.py:161} INFO - Processing /home/airflow/.local/lib/python3.7/site-packages/airflow/example_dags/example_local_kubernetes_executor.py took 0.394 seconds
[2022-06-15 07:10:12,146] {processor.py:153} INFO - Started process (PID=205) to work on /home/airflow/.local/lib/python3.7/site-packages/airflow/example_dags/example_local_kubernetes_executor.py
[2022-06-15 07:10:12,148] {processor.py:641} INFO - Processing file /home/airflow/.local/lib/python3.7/site-packages/airflow/example_dags/example_local_kubernetes_executor.py for tasks to queue
[2022-06-15 07:10:12,149] {logging_mixin.py:115} INFO - [2022-06-15 07:10:12,149] {dagbag.py:507} INFO - Filling up the DagBag from /home/airflow/.local/lib/python3.7/site-packages/airflow/example_dags/example_local_kubernetes_executor.py
[2022-06-15 07:10:12,173] {processor.py:651} INFO - DAG(s) dict_keys(['example_local_kubernetes_executor']) retrieved from /home/airflow/.local/lib/python3.7/site-packages/airflow/example_dags/example_local_kubernetes_executor.py
[2022-06-15 07:10:12,216] {logging_mixin.py:115} INFO - [2022-06-15 07:10:12,216] {dag.py:2379} INFO - Sync 1 DAGs
[2022-06-15 07:10:12,470] {logging_mixin.py:115} INFO - [2022-06-15 07:10:12,470] {dag.py:2931} INFO - Setting next_dagrun for example_local_kubernetes_executor to None, run_after=None
[2022-06-15 07:10:12,480] {processor.py:161} INFO - Processing /home/airflow/.local/lib/python3.7/site-packages/airflow/example_dags/example_local_kubernetes_executor.py took 0.337 seconds
[2022-06-15 07:10:43,289] {processor.py:153} INFO - Started process (PID=271) to work on /home/airflow/.local/lib/python3.7/site-packages/airflow/example_dags/example_local_kubernetes_executor.py
[2022-06-15 07:10:43,290] {processor.py:641} INFO - Processing file /home/airflow/.local/lib/python3.7/site-packages/airflow/example_dags/example_local_kubernetes_executor.py for tasks to queue
[2022-06-15 07:10:43,292] {logging_mixin.py:115} INFO - [2022-06-15 07:10:43,292] {dagbag.py:507} INFO - Filling up the DagBag from /home/airflow/.local/lib/python3.7/site-packages/airflow/example_dags/example_local_kubernetes_executor.py
[2022-06-15 07:10:43,328] {processor.py:651} INFO - DAG(s) dict_keys(['example_local_kubernetes_executor']) retrieved from /home/airflow/.local/lib/python3.7/site-packages/airflow/example_dags/example_local_kubernetes_executor.py
[2022-06-15 07:10:43,378] {logging_mixin.py:115} INFO - [2022-06-15 07:10:43,378] {dag.py:2379} INFO - Sync 1 DAGs
[2022-06-15 07:10:43,780] {logging_mixin.py:115} INFO - [2022-06-15 07:10:43,780] {dag.py:2931} INFO - Setting next_dagrun for example_local_kubernetes_executor to None, run_after=None
[2022-06-15 07:10:43,836] {processor.py:161} INFO - Processing /home/airflow/.local/lib/python3.7/site-packages/airflow/example_dags/example_local_kubernetes_executor.py took 0.553 seconds
[2022-06-15 07:11:14,349] {processor.py:153} INFO - Started process (PID=332) to work on /home/airflow/.local/lib/python3.7/site-packages/airflow/example_dags/example_local_kubernetes_executor.py
[2022-06-15 07:11:14,352] {processor.py:641} INFO - Processing file /home/airflow/.local/lib/python3.7/site-packages/airflow/example_dags/example_local_kubernetes_executor.py for tasks to queue
[2022-06-15 07:11:14,354] {logging_mixin.py:115} INFO - [2022-06-15 07:11:14,354] {dagbag.py:507} INFO - Filling up the DagBag from /home/airflow/.local/lib/python3.7/site-packages/airflow/example_dags/example_local_kubernetes_executor.py
[2022-06-15 07:11:14,382] {processor.py:651} INFO - DAG(s) dict_keys(['example_local_kubernetes_executor']) retrieved from /home/airflow/.local/lib/python3.7/site-packages/airflow/example_dags/example_local_kubernetes_executor.py
[2022-06-15 07:11:14,419] {logging_mixin.py:115} INFO - [2022-06-15 07:11:14,419] {dag.py:2379} INFO - Sync 1 DAGs
[2022-06-15 07:11:14,700] {logging_mixin.py:115} INFO - [2022-06-15 07:11:14,699] {dag.py:2931} INFO - Setting next_dagrun for example_local_kubernetes_executor to None, run_after=None
[2022-06-15 07:11:14,709] {processor.py:161} INFO - Processing /home/airflow/.local/lib/python3.7/site-packages/airflow/example_dags/example_local_kubernetes_executor.py took 0.370 seconds
[2022-06-15 07:14:16,338] {processor.py:153} INFO - Started process (PID=52) to work on /home/airflow/.local/lib/python3.7/site-packages/airflow/example_dags/example_local_kubernetes_executor.py
[2022-06-15 07:14:16,343] {processor.py:641} INFO - Processing file /home/airflow/.local/lib/python3.7/site-packages/airflow/example_dags/example_local_kubernetes_executor.py for tasks to queue
[2022-06-15 07:14:16,358] {logging_mixin.py:115} INFO - [2022-06-15 07:14:16,358] {dagbag.py:507} INFO - Filling up the DagBag from /home/airflow/.local/lib/python3.7/site-packages/airflow/example_dags/example_local_kubernetes_executor.py
[2022-06-15 07:14:16,548] {processor.py:651} INFO - DAG(s) dict_keys(['example_local_kubernetes_executor']) retrieved from /home/airflow/.local/lib/python3.7/site-packages/airflow/example_dags/example_local_kubernetes_executor.py
[2022-06-15 07:14:16,827] {logging_mixin.py:115} INFO - [2022-06-15 07:14:16,816] {dag.py:2379} INFO - Sync 1 DAGs
[2022-06-15 07:14:17,383] {logging_mixin.py:115} INFO - [2022-06-15 07:14:17,367] {dag.py:2931} INFO - Setting next_dagrun for example_local_kubernetes_executor to None, run_after=None
[2022-06-15 07:14:17,639] {processor.py:161} INFO - Processing /home/airflow/.local/lib/python3.7/site-packages/airflow/example_dags/example_local_kubernetes_executor.py took 1.329 seconds
[2022-06-15 07:15:10,819] {processor.py:153} INFO - Started process (PID=116) to work on /home/airflow/.local/lib/python3.7/site-packages/airflow/example_dags/example_local_kubernetes_executor.py
[2022-06-15 07:15:10,827] {processor.py:641} INFO - Processing file /home/airflow/.local/lib/python3.7/site-packages/airflow/example_dags/example_local_kubernetes_executor.py for tasks to queue
[2022-06-15 07:15:10,833] {logging_mixin.py:115} INFO - [2022-06-15 07:15:10,833] {dagbag.py:507} INFO - Filling up the DagBag from /home/airflow/.local/lib/python3.7/site-packages/airflow/example_dags/example_local_kubernetes_executor.py
[2022-06-15 07:15:10,956] {processor.py:651} INFO - DAG(s) dict_keys(['example_local_kubernetes_executor']) retrieved from /home/airflow/.local/lib/python3.7/site-packages/airflow/example_dags/example_local_kubernetes_executor.py
[2022-06-15 07:15:11,025] {logging_mixin.py:115} INFO - [2022-06-15 07:15:11,025] {dag.py:2379} INFO - Sync 1 DAGs
[2022-06-15 07:15:11,054] {logging_mixin.py:115} INFO - [2022-06-15 07:15:11,054] {dag.py:2931} INFO - Setting next_dagrun for example_local_kubernetes_executor to None, run_after=None
[2022-06-15 07:15:11,084] {processor.py:161} INFO - Processing /home/airflow/.local/lib/python3.7/site-packages/airflow/example_dags/example_local_kubernetes_executor.py took 0.279 seconds
[2022-06-15 07:15:41,557] {processor.py:153} INFO - Started process (PID=172) to work on /home/airflow/.local/lib/python3.7/site-packages/airflow/example_dags/example_local_kubernetes_executor.py
[2022-06-15 07:15:41,559] {processor.py:641} INFO - Processing file /home/airflow/.local/lib/python3.7/site-packages/airflow/example_dags/example_local_kubernetes_executor.py for tasks to queue
[2022-06-15 07:15:41,561] {logging_mixin.py:115} INFO - [2022-06-15 07:15:41,560] {dagbag.py:507} INFO - Filling up the DagBag from /home/airflow/.local/lib/python3.7/site-packages/airflow/example_dags/example_local_kubernetes_executor.py
[2022-06-15 07:15:41,581] {processor.py:651} INFO - DAG(s) dict_keys(['example_local_kubernetes_executor']) retrieved from /home/airflow/.local/lib/python3.7/site-packages/airflow/example_dags/example_local_kubernetes_executor.py
[2022-06-15 07:15:41,603] {logging_mixin.py:115} INFO - [2022-06-15 07:15:41,603] {dag.py:2379} INFO - Sync 1 DAGs
[2022-06-15 07:15:41,618] {logging_mixin.py:115} INFO - [2022-06-15 07:15:41,618] {dag.py:2931} INFO - Setting next_dagrun for example_local_kubernetes_executor to None, run_after=None
[2022-06-15 07:15:41,626] {processor.py:161} INFO - Processing /home/airflow/.local/lib/python3.7/site-packages/airflow/example_dags/example_local_kubernetes_executor.py took 0.073 seconds
[2022-06-15 07:16:12,356] {processor.py:153} INFO - Started process (PID=239) to work on /home/airflow/.local/lib/python3.7/site-packages/airflow/example_dags/example_local_kubernetes_executor.py
[2022-06-15 07:16:12,358] {processor.py:641} INFO - Processing file /home/airflow/.local/lib/python3.7/site-packages/airflow/example_dags/example_local_kubernetes_executor.py for tasks to queue
[2022-06-15 07:16:12,360] {logging_mixin.py:115} INFO - [2022-06-15 07:16:12,359] {dagbag.py:507} INFO - Filling up the DagBag from /home/airflow/.local/lib/python3.7/site-packages/airflow/example_dags/example_local_kubernetes_executor.py
[2022-06-15 07:16:12,380] {processor.py:651} INFO - DAG(s) dict_keys(['example_local_kubernetes_executor']) retrieved from /home/airflow/.local/lib/python3.7/site-packages/airflow/example_dags/example_local_kubernetes_executor.py
[2022-06-15 07:16:12,396] {logging_mixin.py:115} INFO - [2022-06-15 07:16:12,396] {dag.py:2379} INFO - Sync 1 DAGs
[2022-06-15 07:16:12,409] {logging_mixin.py:115} INFO - [2022-06-15 07:16:12,409] {dag.py:2931} INFO - Setting next_dagrun for example_local_kubernetes_executor to None, run_after=None
[2022-06-15 07:16:12,417] {processor.py:161} INFO - Processing /home/airflow/.local/lib/python3.7/site-packages/airflow/example_dags/example_local_kubernetes_executor.py took 0.066 seconds
[2022-06-15 07:16:42,877] {processor.py:153} INFO - Started process (PID=307) to work on /home/airflow/.local/lib/python3.7/site-packages/airflow/example_dags/example_local_kubernetes_executor.py
[2022-06-15 07:16:42,881] {processor.py:641} INFO - Processing file /home/airflow/.local/lib/python3.7/site-packages/airflow/example_dags/example_local_kubernetes_executor.py for tasks to queue
[2022-06-15 07:16:42,883] {logging_mixin.py:115} INFO - [2022-06-15 07:16:42,883] {dagbag.py:507} INFO - Filling up the DagBag from /home/airflow/.local/lib/python3.7/site-packages/airflow/example_dags/example_local_kubernetes_executor.py
[2022-06-15 07:16:42,916] {processor.py:651} INFO - DAG(s) dict_keys(['example_local_kubernetes_executor']) retrieved from /home/airflow/.local/lib/python3.7/site-packages/airflow/example_dags/example_local_kubernetes_executor.py
[2022-06-15 07:16:42,971] {logging_mixin.py:115} INFO - [2022-06-15 07:16:42,971] {dag.py:2379} INFO - Sync 1 DAGs
[2022-06-15 07:16:42,998] {logging_mixin.py:115} INFO - [2022-06-15 07:16:42,998] {dag.py:2931} INFO - Setting next_dagrun for example_local_kubernetes_executor to None, run_after=None
[2022-06-15 07:16:43,020] {processor.py:161} INFO - Processing /home/airflow/.local/lib/python3.7/site-packages/airflow/example_dags/example_local_kubernetes_executor.py took 0.153 seconds
[2022-06-15 07:23:07,305] {processor.py:153} INFO - Started process (PID=68) to work on /home/airflow/.local/lib/python3.7/site-packages/airflow/example_dags/example_local_kubernetes_executor.py
[2022-06-15 07:23:07,313] {processor.py:641} INFO - Processing file /home/airflow/.local/lib/python3.7/site-packages/airflow/example_dags/example_local_kubernetes_executor.py for tasks to queue
[2022-06-15 07:23:07,318] {logging_mixin.py:115} INFO - [2022-06-15 07:23:07,318] {dagbag.py:507} INFO - Filling up the DagBag from /home/airflow/.local/lib/python3.7/site-packages/airflow/example_dags/example_local_kubernetes_executor.py
[2022-06-15 07:23:07,489] {processor.py:651} INFO - DAG(s) dict_keys(['example_local_kubernetes_executor']) retrieved from /home/airflow/.local/lib/python3.7/site-packages/airflow/example_dags/example_local_kubernetes_executor.py
[2022-06-15 07:23:07,931] {logging_mixin.py:115} INFO - [2022-06-15 07:23:07,930] {dag.py:2379} INFO - Sync 1 DAGs
[2022-06-15 07:23:15,026] {logging_mixin.py:115} INFO - [2022-06-15 07:23:15,024] {dag.py:2931} INFO - Setting next_dagrun for example_local_kubernetes_executor to None, run_after=None
[2022-06-15 07:23:15,136] {processor.py:161} INFO - Processing /home/airflow/.local/lib/python3.7/site-packages/airflow/example_dags/example_local_kubernetes_executor.py took 7.851 seconds
[2022-06-15 07:23:45,692] {processor.py:153} INFO - Started process (PID=133) to work on /home/airflow/.local/lib/python3.7/site-packages/airflow/example_dags/example_local_kubernetes_executor.py
[2022-06-15 07:23:45,695] {processor.py:641} INFO - Processing file /home/airflow/.local/lib/python3.7/site-packages/airflow/example_dags/example_local_kubernetes_executor.py for tasks to queue
[2022-06-15 07:23:45,698] {logging_mixin.py:115} INFO - [2022-06-15 07:23:45,698] {dagbag.py:507} INFO - Filling up the DagBag from /home/airflow/.local/lib/python3.7/site-packages/airflow/example_dags/example_local_kubernetes_executor.py
[2022-06-15 07:23:45,735] {processor.py:651} INFO - DAG(s) dict_keys(['example_local_kubernetes_executor']) retrieved from /home/airflow/.local/lib/python3.7/site-packages/airflow/example_dags/example_local_kubernetes_executor.py
[2022-06-15 07:23:45,802] {logging_mixin.py:115} INFO - [2022-06-15 07:23:45,801] {dag.py:2379} INFO - Sync 1 DAGs
[2022-06-15 07:23:46,129] {logging_mixin.py:115} INFO - [2022-06-15 07:23:46,129] {dag.py:2931} INFO - Setting next_dagrun for example_local_kubernetes_executor to None, run_after=None
[2022-06-15 07:23:46,159] {processor.py:161} INFO - Processing /home/airflow/.local/lib/python3.7/site-packages/airflow/example_dags/example_local_kubernetes_executor.py took 0.471 seconds
[2022-06-15 07:24:16,600] {processor.py:153} INFO - Started process (PID=202) to work on /home/airflow/.local/lib/python3.7/site-packages/airflow/example_dags/example_local_kubernetes_executor.py
[2022-06-15 07:24:16,603] {processor.py:641} INFO - Processing file /home/airflow/.local/lib/python3.7/site-packages/airflow/example_dags/example_local_kubernetes_executor.py for tasks to queue
[2022-06-15 07:24:16,606] {logging_mixin.py:115} INFO - [2022-06-15 07:24:16,606] {dagbag.py:507} INFO - Filling up the DagBag from /home/airflow/.local/lib/python3.7/site-packages/airflow/example_dags/example_local_kubernetes_executor.py
[2022-06-15 07:24:16,636] {processor.py:651} INFO - DAG(s) dict_keys(['example_local_kubernetes_executor']) retrieved from /home/airflow/.local/lib/python3.7/site-packages/airflow/example_dags/example_local_kubernetes_executor.py
[2022-06-15 07:24:16,673] {logging_mixin.py:115} INFO - [2022-06-15 07:24:16,673] {dag.py:2379} INFO - Sync 1 DAGs
[2022-06-15 07:24:17,090] {logging_mixin.py:115} INFO - [2022-06-15 07:24:17,090] {dag.py:2931} INFO - Setting next_dagrun for example_local_kubernetes_executor to None, run_after=None
[2022-06-15 07:24:17,142] {processor.py:161} INFO - Processing /home/airflow/.local/lib/python3.7/site-packages/airflow/example_dags/example_local_kubernetes_executor.py took 0.551 seconds
[2022-06-15 07:24:47,419] {processor.py:153} INFO - Started process (PID=267) to work on /home/airflow/.local/lib/python3.7/site-packages/airflow/example_dags/example_local_kubernetes_executor.py
[2022-06-15 07:24:47,422] {processor.py:641} INFO - Processing file /home/airflow/.local/lib/python3.7/site-packages/airflow/example_dags/example_local_kubernetes_executor.py for tasks to queue
[2022-06-15 07:24:47,424] {logging_mixin.py:115} INFO - [2022-06-15 07:24:47,423] {dagbag.py:507} INFO - Filling up the DagBag from /home/airflow/.local/lib/python3.7/site-packages/airflow/example_dags/example_local_kubernetes_executor.py
[2022-06-15 07:24:47,451] {processor.py:651} INFO - DAG(s) dict_keys(['example_local_kubernetes_executor']) retrieved from /home/airflow/.local/lib/python3.7/site-packages/airflow/example_dags/example_local_kubernetes_executor.py
[2022-06-15 07:24:47,487] {logging_mixin.py:115} INFO - [2022-06-15 07:24:47,487] {dag.py:2379} INFO - Sync 1 DAGs
[2022-06-15 07:24:47,829] {logging_mixin.py:115} INFO - [2022-06-15 07:24:47,828] {dag.py:2931} INFO - Setting next_dagrun for example_local_kubernetes_executor to None, run_after=None
[2022-06-15 07:24:47,863] {processor.py:161} INFO - Processing /home/airflow/.local/lib/python3.7/site-packages/airflow/example_dags/example_local_kubernetes_executor.py took 0.447 seconds
[2022-06-15 07:25:18,918] {processor.py:153} INFO - Started process (PID=327) to work on /home/airflow/.local/lib/python3.7/site-packages/airflow/example_dags/example_local_kubernetes_executor.py
[2022-06-15 07:25:18,920] {processor.py:641} INFO - Processing file /home/airflow/.local/lib/python3.7/site-packages/airflow/example_dags/example_local_kubernetes_executor.py for tasks to queue
[2022-06-15 07:25:18,922] {logging_mixin.py:115} INFO - [2022-06-15 07:25:18,922] {dagbag.py:507} INFO - Filling up the DagBag from /home/airflow/.local/lib/python3.7/site-packages/airflow/example_dags/example_local_kubernetes_executor.py
[2022-06-15 07:25:18,946] {processor.py:651} INFO - DAG(s) dict_keys(['example_local_kubernetes_executor']) retrieved from /home/airflow/.local/lib/python3.7/site-packages/airflow/example_dags/example_local_kubernetes_executor.py
[2022-06-15 07:25:18,977] {logging_mixin.py:115} INFO - [2022-06-15 07:25:18,977] {dag.py:2379} INFO - Sync 1 DAGs
[2022-06-15 07:25:19,225] {logging_mixin.py:115} INFO - [2022-06-15 07:25:19,225] {dag.py:2931} INFO - Setting next_dagrun for example_local_kubernetes_executor to None, run_after=None
[2022-06-15 07:25:19,234] {processor.py:161} INFO - Processing /home/airflow/.local/lib/python3.7/site-packages/airflow/example_dags/example_local_kubernetes_executor.py took 0.323 seconds
[2022-06-15 07:25:49,519] {processor.py:153} INFO - Started process (PID=396) to work on /home/airflow/.local/lib/python3.7/site-packages/airflow/example_dags/example_local_kubernetes_executor.py
[2022-06-15 07:25:49,520] {processor.py:641} INFO - Processing file /home/airflow/.local/lib/python3.7/site-packages/airflow/example_dags/example_local_kubernetes_executor.py for tasks to queue
[2022-06-15 07:25:49,521] {logging_mixin.py:115} INFO - [2022-06-15 07:25:49,521] {dagbag.py:507} INFO - Filling up the DagBag from /home/airflow/.local/lib/python3.7/site-packages/airflow/example_dags/example_local_kubernetes_executor.py
[2022-06-15 07:25:49,541] {processor.py:651} INFO - DAG(s) dict_keys(['example_local_kubernetes_executor']) retrieved from /home/airflow/.local/lib/python3.7/site-packages/airflow/example_dags/example_local_kubernetes_executor.py
[2022-06-15 07:25:49,571] {logging_mixin.py:115} INFO - [2022-06-15 07:25:49,571] {dag.py:2379} INFO - Sync 1 DAGs
[2022-06-15 07:25:49,819] {logging_mixin.py:115} INFO - [2022-06-15 07:25:49,819] {dag.py:2931} INFO - Setting next_dagrun for example_local_kubernetes_executor to None, run_after=None
[2022-06-15 07:25:49,827] {processor.py:161} INFO - Processing /home/airflow/.local/lib/python3.7/site-packages/airflow/example_dags/example_local_kubernetes_executor.py took 0.313 seconds
[2022-06-15 07:26:20,021] {processor.py:153} INFO - Started process (PID=464) to work on /home/airflow/.local/lib/python3.7/site-packages/airflow/example_dags/example_local_kubernetes_executor.py
[2022-06-15 07:26:20,022] {processor.py:641} INFO - Processing file /home/airflow/.local/lib/python3.7/site-packages/airflow/example_dags/example_local_kubernetes_executor.py for tasks to queue
[2022-06-15 07:26:20,024] {logging_mixin.py:115} INFO - [2022-06-15 07:26:20,024] {dagbag.py:507} INFO - Filling up the DagBag from /home/airflow/.local/lib/python3.7/site-packages/airflow/example_dags/example_local_kubernetes_executor.py
[2022-06-15 07:26:20,070] {processor.py:651} INFO - DAG(s) dict_keys(['example_local_kubernetes_executor']) retrieved from /home/airflow/.local/lib/python3.7/site-packages/airflow/example_dags/example_local_kubernetes_executor.py
[2022-06-15 07:26:20,123] {logging_mixin.py:115} INFO - [2022-06-15 07:26:20,123] {dag.py:2379} INFO - Sync 1 DAGs
[2022-06-15 07:26:20,394] {logging_mixin.py:115} INFO - [2022-06-15 07:26:20,394] {dag.py:2931} INFO - Setting next_dagrun for example_local_kubernetes_executor to None, run_after=None
[2022-06-15 07:26:20,421] {processor.py:161} INFO - Processing /home/airflow/.local/lib/python3.7/site-packages/airflow/example_dags/example_local_kubernetes_executor.py took 0.405 seconds
[2022-06-15 07:26:50,752] {processor.py:153} INFO - Started process (PID=531) to work on /home/airflow/.local/lib/python3.7/site-packages/airflow/example_dags/example_local_kubernetes_executor.py
[2022-06-15 07:26:50,755] {processor.py:641} INFO - Processing file /home/airflow/.local/lib/python3.7/site-packages/airflow/example_dags/example_local_kubernetes_executor.py for tasks to queue
[2022-06-15 07:26:50,757] {logging_mixin.py:115} INFO - [2022-06-15 07:26:50,757] {dagbag.py:507} INFO - Filling up the DagBag from /home/airflow/.local/lib/python3.7/site-packages/airflow/example_dags/example_local_kubernetes_executor.py
[2022-06-15 07:26:50,785] {processor.py:651} INFO - DAG(s) dict_keys(['example_local_kubernetes_executor']) retrieved from /home/airflow/.local/lib/python3.7/site-packages/airflow/example_dags/example_local_kubernetes_executor.py
[2022-06-15 07:26:50,819] {logging_mixin.py:115} INFO - [2022-06-15 07:26:50,819] {dag.py:2379} INFO - Sync 1 DAGs
[2022-06-15 07:26:51,054] {logging_mixin.py:115} INFO - [2022-06-15 07:26:51,054] {dag.py:2931} INFO - Setting next_dagrun for example_local_kubernetes_executor to None, run_after=None
[2022-06-15 07:26:51,079] {processor.py:161} INFO - Processing /home/airflow/.local/lib/python3.7/site-packages/airflow/example_dags/example_local_kubernetes_executor.py took 0.333 seconds
[2022-06-15 07:27:21,778] {processor.py:153} INFO - Started process (PID=597) to work on /home/airflow/.local/lib/python3.7/site-packages/airflow/example_dags/example_local_kubernetes_executor.py
[2022-06-15 07:27:21,783] {processor.py:641} INFO - Processing file /home/airflow/.local/lib/python3.7/site-packages/airflow/example_dags/example_local_kubernetes_executor.py for tasks to queue
[2022-06-15 07:27:21,785] {logging_mixin.py:115} INFO - [2022-06-15 07:27:21,785] {dagbag.py:507} INFO - Filling up the DagBag from /home/airflow/.local/lib/python3.7/site-packages/airflow/example_dags/example_local_kubernetes_executor.py
[2022-06-15 07:27:21,811] {processor.py:651} INFO - DAG(s) dict_keys(['example_local_kubernetes_executor']) retrieved from /home/airflow/.local/lib/python3.7/site-packages/airflow/example_dags/example_local_kubernetes_executor.py
[2022-06-15 07:27:21,849] {logging_mixin.py:115} INFO - [2022-06-15 07:27:21,849] {dag.py:2379} INFO - Sync 1 DAGs
[2022-06-15 07:27:22,183] {logging_mixin.py:115} INFO - [2022-06-15 07:27:22,182] {dag.py:2931} INFO - Setting next_dagrun for example_local_kubernetes_executor to None, run_after=None
[2022-06-15 07:27:22,204] {processor.py:161} INFO - Processing /home/airflow/.local/lib/python3.7/site-packages/airflow/example_dags/example_local_kubernetes_executor.py took 0.431 seconds
[2022-06-15 07:27:52,643] {processor.py:153} INFO - Started process (PID=656) to work on /home/airflow/.local/lib/python3.7/site-packages/airflow/example_dags/example_local_kubernetes_executor.py
[2022-06-15 07:27:52,645] {processor.py:641} INFO - Processing file /home/airflow/.local/lib/python3.7/site-packages/airflow/example_dags/example_local_kubernetes_executor.py for tasks to queue
[2022-06-15 07:27:52,646] {logging_mixin.py:115} INFO - [2022-06-15 07:27:52,646] {dagbag.py:507} INFO - Filling up the DagBag from /home/airflow/.local/lib/python3.7/site-packages/airflow/example_dags/example_local_kubernetes_executor.py
[2022-06-15 07:27:52,669] {processor.py:651} INFO - DAG(s) dict_keys(['example_local_kubernetes_executor']) retrieved from /home/airflow/.local/lib/python3.7/site-packages/airflow/example_dags/example_local_kubernetes_executor.py
[2022-06-15 07:27:52,961] {logging_mixin.py:115} INFO - [2022-06-15 07:27:52,961] {dag.py:2379} INFO - Sync 1 DAGs
[2022-06-15 07:27:52,981] {logging_mixin.py:115} INFO - [2022-06-15 07:27:52,980] {dag.py:2931} INFO - Setting next_dagrun for example_local_kubernetes_executor to None, run_after=None
[2022-06-15 07:27:52,988] {processor.py:161} INFO - Processing /home/airflow/.local/lib/python3.7/site-packages/airflow/example_dags/example_local_kubernetes_executor.py took 0.353 seconds
[2022-06-15 07:28:23,038] {processor.py:153} INFO - Started process (PID=722) to work on /home/airflow/.local/lib/python3.7/site-packages/airflow/example_dags/example_local_kubernetes_executor.py
[2022-06-15 07:28:23,040] {processor.py:641} INFO - Processing file /home/airflow/.local/lib/python3.7/site-packages/airflow/example_dags/example_local_kubernetes_executor.py for tasks to queue
[2022-06-15 07:28:23,043] {logging_mixin.py:115} INFO - [2022-06-15 07:28:23,043] {dagbag.py:507} INFO - Filling up the DagBag from /home/airflow/.local/lib/python3.7/site-packages/airflow/example_dags/example_local_kubernetes_executor.py
[2022-06-15 07:28:23,072] {processor.py:651} INFO - DAG(s) dict_keys(['example_local_kubernetes_executor']) retrieved from /home/airflow/.local/lib/python3.7/site-packages/airflow/example_dags/example_local_kubernetes_executor.py
[2022-06-15 07:28:23,108] {logging_mixin.py:115} INFO - [2022-06-15 07:28:23,108] {dag.py:2379} INFO - Sync 1 DAGs
[2022-06-15 07:28:23,335] {logging_mixin.py:115} INFO - [2022-06-15 07:28:23,335] {dag.py:2931} INFO - Setting next_dagrun for example_local_kubernetes_executor to None, run_after=None
[2022-06-15 07:28:23,347] {processor.py:161} INFO - Processing /home/airflow/.local/lib/python3.7/site-packages/airflow/example_dags/example_local_kubernetes_executor.py took 0.319 seconds
[2022-06-15 07:28:53,670] {processor.py:153} INFO - Started process (PID=791) to work on /home/airflow/.local/lib/python3.7/site-packages/airflow/example_dags/example_local_kubernetes_executor.py
[2022-06-15 07:28:53,673] {processor.py:641} INFO - Processing file /home/airflow/.local/lib/python3.7/site-packages/airflow/example_dags/example_local_kubernetes_executor.py for tasks to queue
[2022-06-15 07:28:53,675] {logging_mixin.py:115} INFO - [2022-06-15 07:28:53,675] {dagbag.py:507} INFO - Filling up the DagBag from /home/airflow/.local/lib/python3.7/site-packages/airflow/example_dags/example_local_kubernetes_executor.py
[2022-06-15 07:28:53,703] {processor.py:651} INFO - DAG(s) dict_keys(['example_local_kubernetes_executor']) retrieved from /home/airflow/.local/lib/python3.7/site-packages/airflow/example_dags/example_local_kubernetes_executor.py
[2022-06-15 07:28:54,024] {logging_mixin.py:115} INFO - [2022-06-15 07:28:54,024] {dag.py:2379} INFO - Sync 1 DAGs
[2022-06-15 07:28:54,041] {logging_mixin.py:115} INFO - [2022-06-15 07:28:54,041] {dag.py:2931} INFO - Setting next_dagrun for example_local_kubernetes_executor to None, run_after=None
[2022-06-15 07:28:54,049] {processor.py:161} INFO - Processing /home/airflow/.local/lib/python3.7/site-packages/airflow/example_dags/example_local_kubernetes_executor.py took 0.385 seconds
[2022-06-15 07:29:24,209] {processor.py:153} INFO - Started process (PID=859) to work on /home/airflow/.local/lib/python3.7/site-packages/airflow/example_dags/example_local_kubernetes_executor.py
[2022-06-15 07:29:24,211] {processor.py:641} INFO - Processing file /home/airflow/.local/lib/python3.7/site-packages/airflow/example_dags/example_local_kubernetes_executor.py for tasks to queue
[2022-06-15 07:29:24,213] {logging_mixin.py:115} INFO - [2022-06-15 07:29:24,213] {dagbag.py:507} INFO - Filling up the DagBag from /home/airflow/.local/lib/python3.7/site-packages/airflow/example_dags/example_local_kubernetes_executor.py
[2022-06-15 07:29:24,239] {processor.py:651} INFO - DAG(s) dict_keys(['example_local_kubernetes_executor']) retrieved from /home/airflow/.local/lib/python3.7/site-packages/airflow/example_dags/example_local_kubernetes_executor.py
[2022-06-15 07:29:24,485] {logging_mixin.py:115} INFO - [2022-06-15 07:29:24,485] {dag.py:2379} INFO - Sync 1 DAGs
[2022-06-15 07:29:24,498] {logging_mixin.py:115} INFO - [2022-06-15 07:29:24,498] {dag.py:2931} INFO - Setting next_dagrun for example_local_kubernetes_executor to None, run_after=None
[2022-06-15 07:29:24,507] {processor.py:161} INFO - Processing /home/airflow/.local/lib/python3.7/site-packages/airflow/example_dags/example_local_kubernetes_executor.py took 0.301 seconds
