[2022-06-15 07:09:17,112] {processor.py:153} INFO - Started process (PID=103) to work on /home/airflow/.local/lib/python3.7/site-packages/airflow/example_dags/example_latest_only_with_trigger.py
[2022-06-15 07:09:17,114] {processor.py:641} INFO - Processing file /home/airflow/.local/lib/python3.7/site-packages/airflow/example_dags/example_latest_only_with_trigger.py for tasks to queue
[2022-06-15 07:09:17,116] {logging_mixin.py:115} INFO - [2022-06-15 07:09:17,115] {dagbag.py:507} INFO - Filling up the DagBag from /home/airflow/.local/lib/python3.7/site-packages/airflow/example_dags/example_latest_only_with_trigger.py
[2022-06-15 07:09:17,124] {processor.py:651} INFO - DAG(s) dict_keys(['latest_only_with_trigger']) retrieved from /home/airflow/.local/lib/python3.7/site-packages/airflow/example_dags/example_latest_only_with_trigger.py
[2022-06-15 07:09:17,306] {logging_mixin.py:115} INFO - [2022-06-15 07:09:17,306] {manager.py:508} INFO - Created Permission View: can delete on DAG:latest_only_with_trigger
[2022-06-15 07:09:17,313] {logging_mixin.py:115} INFO - [2022-06-15 07:09:17,313] {manager.py:508} INFO - Created Permission View: can read on DAG:latest_only_with_trigger
[2022-06-15 07:09:17,317] {logging_mixin.py:115} INFO - [2022-06-15 07:09:17,317] {manager.py:508} INFO - Created Permission View: can edit on DAG:latest_only_with_trigger
[2022-06-15 07:09:17,318] {logging_mixin.py:115} INFO - [2022-06-15 07:09:17,318] {dag.py:2379} INFO - Sync 1 DAGs
[2022-06-15 07:09:17,323] {logging_mixin.py:115} INFO - [2022-06-15 07:09:17,323] {dag.py:2398} INFO - Creating ORM DAG for latest_only_with_trigger
[2022-06-15 07:09:17,329] {logging_mixin.py:115} INFO - [2022-06-15 07:09:17,329] {dag.py:2931} INFO - Setting next_dagrun for latest_only_with_trigger to 2022-06-15T03:09:17.329426+00:00, run_after=2022-06-15T07:09:17.329426+00:00
[2022-06-15 07:09:17,336] {processor.py:161} INFO - Processing /home/airflow/.local/lib/python3.7/site-packages/airflow/example_dags/example_latest_only_with_trigger.py took 0.228 seconds
[2022-06-15 07:09:48,169] {processor.py:153} INFO - Started process (PID=166) to work on /home/airflow/.local/lib/python3.7/site-packages/airflow/example_dags/example_latest_only_with_trigger.py
[2022-06-15 07:09:48,170] {processor.py:641} INFO - Processing file /home/airflow/.local/lib/python3.7/site-packages/airflow/example_dags/example_latest_only_with_trigger.py for tasks to queue
[2022-06-15 07:09:48,171] {logging_mixin.py:115} INFO - [2022-06-15 07:09:48,171] {dagbag.py:507} INFO - Filling up the DagBag from /home/airflow/.local/lib/python3.7/site-packages/airflow/example_dags/example_latest_only_with_trigger.py
[2022-06-15 07:09:48,177] {processor.py:651} INFO - DAG(s) dict_keys(['latest_only_with_trigger']) retrieved from /home/airflow/.local/lib/python3.7/site-packages/airflow/example_dags/example_latest_only_with_trigger.py
[2022-06-15 07:09:48,198] {logging_mixin.py:115} INFO - [2022-06-15 07:09:48,198] {dag.py:2379} INFO - Sync 1 DAGs
[2022-06-15 07:09:48,332] {logging_mixin.py:115} INFO - [2022-06-15 07:09:48,332] {dag.py:2931} INFO - Setting next_dagrun for latest_only_with_trigger to 2022-06-15T03:09:48.332230+00:00, run_after=2022-06-15T07:09:48.332230+00:00
[2022-06-15 07:09:48,341] {processor.py:161} INFO - Processing /home/airflow/.local/lib/python3.7/site-packages/airflow/example_dags/example_latest_only_with_trigger.py took 0.175 seconds
[2022-06-15 07:10:18,783] {processor.py:153} INFO - Started process (PID=230) to work on /home/airflow/.local/lib/python3.7/site-packages/airflow/example_dags/example_latest_only_with_trigger.py
[2022-06-15 07:10:18,784] {processor.py:641} INFO - Processing file /home/airflow/.local/lib/python3.7/site-packages/airflow/example_dags/example_latest_only_with_trigger.py for tasks to queue
[2022-06-15 07:10:18,784] {logging_mixin.py:115} INFO - [2022-06-15 07:10:18,784] {dagbag.py:507} INFO - Filling up the DagBag from /home/airflow/.local/lib/python3.7/site-packages/airflow/example_dags/example_latest_only_with_trigger.py
[2022-06-15 07:10:18,789] {processor.py:651} INFO - DAG(s) dict_keys(['latest_only_with_trigger']) retrieved from /home/airflow/.local/lib/python3.7/site-packages/airflow/example_dags/example_latest_only_with_trigger.py
[2022-06-15 07:10:18,807] {logging_mixin.py:115} INFO - [2022-06-15 07:10:18,807] {dag.py:2379} INFO - Sync 1 DAGs
[2022-06-15 07:10:18,893] {logging_mixin.py:115} INFO - [2022-06-15 07:10:18,893] {dag.py:2931} INFO - Setting next_dagrun for latest_only_with_trigger to 2022-06-15T03:10:18.893230+00:00, run_after=2022-06-15T07:10:18.893230+00:00
[2022-06-15 07:10:18,899] {processor.py:161} INFO - Processing /home/airflow/.local/lib/python3.7/site-packages/airflow/example_dags/example_latest_only_with_trigger.py took 0.119 seconds
[2022-06-15 07:10:49,035] {processor.py:153} INFO - Started process (PID=298) to work on /home/airflow/.local/lib/python3.7/site-packages/airflow/example_dags/example_latest_only_with_trigger.py
[2022-06-15 07:10:49,036] {processor.py:641} INFO - Processing file /home/airflow/.local/lib/python3.7/site-packages/airflow/example_dags/example_latest_only_with_trigger.py for tasks to queue
[2022-06-15 07:10:49,037] {logging_mixin.py:115} INFO - [2022-06-15 07:10:49,037] {dagbag.py:507} INFO - Filling up the DagBag from /home/airflow/.local/lib/python3.7/site-packages/airflow/example_dags/example_latest_only_with_trigger.py
[2022-06-15 07:10:49,042] {processor.py:651} INFO - DAG(s) dict_keys(['latest_only_with_trigger']) retrieved from /home/airflow/.local/lib/python3.7/site-packages/airflow/example_dags/example_latest_only_with_trigger.py
[2022-06-15 07:10:49,062] {logging_mixin.py:115} INFO - [2022-06-15 07:10:49,062] {dag.py:2379} INFO - Sync 1 DAGs
[2022-06-15 07:10:49,169] {logging_mixin.py:115} INFO - [2022-06-15 07:10:49,169] {dag.py:2931} INFO - Setting next_dagrun for latest_only_with_trigger to 2022-06-15T03:10:49.169321+00:00, run_after=2022-06-15T07:10:49.169321+00:00
[2022-06-15 07:10:49,176] {processor.py:161} INFO - Processing /home/airflow/.local/lib/python3.7/site-packages/airflow/example_dags/example_latest_only_with_trigger.py took 0.144 seconds
[2022-06-15 07:15:06,691] {processor.py:153} INFO - Started process (PID=94) to work on /home/airflow/.local/lib/python3.7/site-packages/airflow/example_dags/example_latest_only_with_trigger.py
[2022-06-15 07:15:06,696] {processor.py:641} INFO - Processing file /home/airflow/.local/lib/python3.7/site-packages/airflow/example_dags/example_latest_only_with_trigger.py for tasks to queue
[2022-06-15 07:15:06,699] {logging_mixin.py:115} INFO - [2022-06-15 07:15:06,699] {dagbag.py:507} INFO - Filling up the DagBag from /home/airflow/.local/lib/python3.7/site-packages/airflow/example_dags/example_latest_only_with_trigger.py
[2022-06-15 07:15:06,740] {processor.py:651} INFO - DAG(s) dict_keys(['latest_only_with_trigger']) retrieved from /home/airflow/.local/lib/python3.7/site-packages/airflow/example_dags/example_latest_only_with_trigger.py
[2022-06-15 07:15:06,813] {logging_mixin.py:115} INFO - [2022-06-15 07:15:06,813] {dag.py:2379} INFO - Sync 1 DAGs
[2022-06-15 07:15:06,891] {logging_mixin.py:115} INFO - [2022-06-15 07:15:06,891] {dag.py:2931} INFO - Setting next_dagrun for latest_only_with_trigger to 2022-06-15T03:15:06.890876+00:00, run_after=2022-06-15T07:15:06.890876+00:00
[2022-06-15 07:15:06,929] {processor.py:161} INFO - Processing /home/airflow/.local/lib/python3.7/site-packages/airflow/example_dags/example_latest_only_with_trigger.py took 0.245 seconds
[2022-06-15 07:15:37,055] {processor.py:153} INFO - Started process (PID=160) to work on /home/airflow/.local/lib/python3.7/site-packages/airflow/example_dags/example_latest_only_with_trigger.py
[2022-06-15 07:15:37,057] {processor.py:641} INFO - Processing file /home/airflow/.local/lib/python3.7/site-packages/airflow/example_dags/example_latest_only_with_trigger.py for tasks to queue
[2022-06-15 07:15:37,057] {logging_mixin.py:115} INFO - [2022-06-15 07:15:37,057] {dagbag.py:507} INFO - Filling up the DagBag from /home/airflow/.local/lib/python3.7/site-packages/airflow/example_dags/example_latest_only_with_trigger.py
[2022-06-15 07:15:37,067] {processor.py:651} INFO - DAG(s) dict_keys(['latest_only_with_trigger']) retrieved from /home/airflow/.local/lib/python3.7/site-packages/airflow/example_dags/example_latest_only_with_trigger.py
[2022-06-15 07:15:37,084] {logging_mixin.py:115} INFO - [2022-06-15 07:15:37,084] {dag.py:2379} INFO - Sync 1 DAGs
[2022-06-15 07:15:37,100] {logging_mixin.py:115} INFO - [2022-06-15 07:15:37,100] {dag.py:2931} INFO - Setting next_dagrun for latest_only_with_trigger to 2022-06-15T03:15:37.100646+00:00, run_after=2022-06-15T07:15:37.100646+00:00
[2022-06-15 07:15:37,109] {processor.py:161} INFO - Processing /home/airflow/.local/lib/python3.7/site-packages/airflow/example_dags/example_latest_only_with_trigger.py took 0.056 seconds
[2022-06-15 07:16:07,807] {processor.py:153} INFO - Started process (PID=215) to work on /home/airflow/.local/lib/python3.7/site-packages/airflow/example_dags/example_latest_only_with_trigger.py
[2022-06-15 07:16:07,809] {processor.py:641} INFO - Processing file /home/airflow/.local/lib/python3.7/site-packages/airflow/example_dags/example_latest_only_with_trigger.py for tasks to queue
[2022-06-15 07:16:07,810] {logging_mixin.py:115} INFO - [2022-06-15 07:16:07,810] {dagbag.py:507} INFO - Filling up the DagBag from /home/airflow/.local/lib/python3.7/site-packages/airflow/example_dags/example_latest_only_with_trigger.py
[2022-06-15 07:16:07,818] {processor.py:651} INFO - DAG(s) dict_keys(['latest_only_with_trigger']) retrieved from /home/airflow/.local/lib/python3.7/site-packages/airflow/example_dags/example_latest_only_with_trigger.py
[2022-06-15 07:16:07,848] {logging_mixin.py:115} INFO - [2022-06-15 07:16:07,848] {dag.py:2379} INFO - Sync 1 DAGs
[2022-06-15 07:16:07,864] {logging_mixin.py:115} INFO - [2022-06-15 07:16:07,864] {dag.py:2931} INFO - Setting next_dagrun for latest_only_with_trigger to 2022-06-15T03:16:07.864220+00:00, run_after=2022-06-15T07:16:07.864220+00:00
[2022-06-15 07:16:07,873] {processor.py:161} INFO - Processing /home/airflow/.local/lib/python3.7/site-packages/airflow/example_dags/example_latest_only_with_trigger.py took 0.068 seconds
[2022-06-15 07:16:38,474] {processor.py:153} INFO - Started process (PID=285) to work on /home/airflow/.local/lib/python3.7/site-packages/airflow/example_dags/example_latest_only_with_trigger.py
[2022-06-15 07:16:38,475] {processor.py:641} INFO - Processing file /home/airflow/.local/lib/python3.7/site-packages/airflow/example_dags/example_latest_only_with_trigger.py for tasks to queue
[2022-06-15 07:16:38,477] {logging_mixin.py:115} INFO - [2022-06-15 07:16:38,476] {dagbag.py:507} INFO - Filling up the DagBag from /home/airflow/.local/lib/python3.7/site-packages/airflow/example_dags/example_latest_only_with_trigger.py
[2022-06-15 07:16:38,487] {processor.py:651} INFO - DAG(s) dict_keys(['latest_only_with_trigger']) retrieved from /home/airflow/.local/lib/python3.7/site-packages/airflow/example_dags/example_latest_only_with_trigger.py
[2022-06-15 07:16:38,506] {logging_mixin.py:115} INFO - [2022-06-15 07:16:38,505] {dag.py:2379} INFO - Sync 1 DAGs
[2022-06-15 07:16:38,520] {logging_mixin.py:115} INFO - [2022-06-15 07:16:38,520] {dag.py:2931} INFO - Setting next_dagrun for latest_only_with_trigger to 2022-06-15T03:16:38.520731+00:00, run_after=2022-06-15T07:16:38.520731+00:00
[2022-06-15 07:16:38,527] {processor.py:161} INFO - Processing /home/airflow/.local/lib/python3.7/site-packages/airflow/example_dags/example_latest_only_with_trigger.py took 0.056 seconds
[2022-06-15 07:23:25,117] {processor.py:153} INFO - Started process (PID=101) to work on /home/airflow/.local/lib/python3.7/site-packages/airflow/example_dags/example_latest_only_with_trigger.py
[2022-06-15 07:23:25,120] {processor.py:641} INFO - Processing file /home/airflow/.local/lib/python3.7/site-packages/airflow/example_dags/example_latest_only_with_trigger.py for tasks to queue
[2022-06-15 07:23:25,122] {logging_mixin.py:115} INFO - [2022-06-15 07:23:25,122] {dagbag.py:507} INFO - Filling up the DagBag from /home/airflow/.local/lib/python3.7/site-packages/airflow/example_dags/example_latest_only_with_trigger.py
[2022-06-15 07:23:25,128] {processor.py:651} INFO - DAG(s) dict_keys(['latest_only_with_trigger']) retrieved from /home/airflow/.local/lib/python3.7/site-packages/airflow/example_dags/example_latest_only_with_trigger.py
[2022-06-15 07:23:25,150] {logging_mixin.py:115} INFO - [2022-06-15 07:23:25,150] {dag.py:2379} INFO - Sync 1 DAGs
[2022-06-15 07:23:25,262] {logging_mixin.py:115} INFO - [2022-06-15 07:23:25,262] {dag.py:2931} INFO - Setting next_dagrun for latest_only_with_trigger to 2022-06-15T03:23:25.261943+00:00, run_after=2022-06-15T07:23:25.261943+00:00
[2022-06-15 07:23:25,271] {processor.py:161} INFO - Processing /home/airflow/.local/lib/python3.7/site-packages/airflow/example_dags/example_latest_only_with_trigger.py took 0.157 seconds
[2022-06-15 07:23:56,299] {processor.py:153} INFO - Started process (PID=168) to work on /home/airflow/.local/lib/python3.7/site-packages/airflow/example_dags/example_latest_only_with_trigger.py
[2022-06-15 07:23:56,302] {processor.py:641} INFO - Processing file /home/airflow/.local/lib/python3.7/site-packages/airflow/example_dags/example_latest_only_with_trigger.py for tasks to queue
[2022-06-15 07:23:56,309] {logging_mixin.py:115} INFO - [2022-06-15 07:23:56,309] {dagbag.py:507} INFO - Filling up the DagBag from /home/airflow/.local/lib/python3.7/site-packages/airflow/example_dags/example_latest_only_with_trigger.py
[2022-06-15 07:23:56,340] {processor.py:651} INFO - DAG(s) dict_keys(['latest_only_with_trigger']) retrieved from /home/airflow/.local/lib/python3.7/site-packages/airflow/example_dags/example_latest_only_with_trigger.py
[2022-06-15 07:23:56,394] {logging_mixin.py:115} INFO - [2022-06-15 07:23:56,394] {dag.py:2379} INFO - Sync 1 DAGs
[2022-06-15 07:23:56,575] {logging_mixin.py:115} INFO - [2022-06-15 07:23:56,575] {dag.py:2931} INFO - Setting next_dagrun for latest_only_with_trigger to 2022-06-15T03:23:56.575629+00:00, run_after=2022-06-15T07:23:56.575629+00:00
[2022-06-15 07:23:56,583] {processor.py:161} INFO - Processing /home/airflow/.local/lib/python3.7/site-packages/airflow/example_dags/example_latest_only_with_trigger.py took 0.289 seconds
[2022-06-15 07:24:27,700] {processor.py:153} INFO - Started process (PID=240) to work on /home/airflow/.local/lib/python3.7/site-packages/airflow/example_dags/example_latest_only_with_trigger.py
[2022-06-15 07:24:27,702] {processor.py:641} INFO - Processing file /home/airflow/.local/lib/python3.7/site-packages/airflow/example_dags/example_latest_only_with_trigger.py for tasks to queue
[2022-06-15 07:24:27,703] {logging_mixin.py:115} INFO - [2022-06-15 07:24:27,703] {dagbag.py:507} INFO - Filling up the DagBag from /home/airflow/.local/lib/python3.7/site-packages/airflow/example_dags/example_latest_only_with_trigger.py
[2022-06-15 07:24:27,708] {processor.py:651} INFO - DAG(s) dict_keys(['latest_only_with_trigger']) retrieved from /home/airflow/.local/lib/python3.7/site-packages/airflow/example_dags/example_latest_only_with_trigger.py
[2022-06-15 07:24:27,726] {logging_mixin.py:115} INFO - [2022-06-15 07:24:27,726] {dag.py:2379} INFO - Sync 1 DAGs
[2022-06-15 07:24:27,835] {logging_mixin.py:115} INFO - [2022-06-15 07:24:27,835] {dag.py:2931} INFO - Setting next_dagrun for latest_only_with_trigger to 2022-06-15T03:24:27.835100+00:00, run_after=2022-06-15T07:24:27.835100+00:00
[2022-06-15 07:24:27,843] {processor.py:161} INFO - Processing /home/airflow/.local/lib/python3.7/site-packages/airflow/example_dags/example_latest_only_with_trigger.py took 0.146 seconds
[2022-06-15 07:24:59,048] {processor.py:153} INFO - Started process (PID=307) to work on /home/airflow/.local/lib/python3.7/site-packages/airflow/example_dags/example_latest_only_with_trigger.py
[2022-06-15 07:24:59,050] {processor.py:641} INFO - Processing file /home/airflow/.local/lib/python3.7/site-packages/airflow/example_dags/example_latest_only_with_trigger.py for tasks to queue
[2022-06-15 07:24:59,051] {logging_mixin.py:115} INFO - [2022-06-15 07:24:59,051] {dagbag.py:507} INFO - Filling up the DagBag from /home/airflow/.local/lib/python3.7/site-packages/airflow/example_dags/example_latest_only_with_trigger.py
[2022-06-15 07:24:59,059] {processor.py:651} INFO - DAG(s) dict_keys(['latest_only_with_trigger']) retrieved from /home/airflow/.local/lib/python3.7/site-packages/airflow/example_dags/example_latest_only_with_trigger.py
[2022-06-15 07:24:59,078] {logging_mixin.py:115} INFO - [2022-06-15 07:24:59,078] {dag.py:2379} INFO - Sync 1 DAGs
[2022-06-15 07:24:59,230] {logging_mixin.py:115} INFO - [2022-06-15 07:24:59,230] {dag.py:2931} INFO - Setting next_dagrun for latest_only_with_trigger to 2022-06-15T03:24:59.230106+00:00, run_after=2022-06-15T07:24:59.230106+00:00
[2022-06-15 07:24:59,239] {processor.py:161} INFO - Processing /home/airflow/.local/lib/python3.7/site-packages/airflow/example_dags/example_latest_only_with_trigger.py took 0.193 seconds
[2022-06-15 07:25:29,345] {processor.py:153} INFO - Started process (PID=366) to work on /home/airflow/.local/lib/python3.7/site-packages/airflow/example_dags/example_latest_only_with_trigger.py
[2022-06-15 07:25:29,346] {processor.py:641} INFO - Processing file /home/airflow/.local/lib/python3.7/site-packages/airflow/example_dags/example_latest_only_with_trigger.py for tasks to queue
[2022-06-15 07:25:29,347] {logging_mixin.py:115} INFO - [2022-06-15 07:25:29,346] {dagbag.py:507} INFO - Filling up the DagBag from /home/airflow/.local/lib/python3.7/site-packages/airflow/example_dags/example_latest_only_with_trigger.py
[2022-06-15 07:25:29,350] {processor.py:651} INFO - DAG(s) dict_keys(['latest_only_with_trigger']) retrieved from /home/airflow/.local/lib/python3.7/site-packages/airflow/example_dags/example_latest_only_with_trigger.py
[2022-06-15 07:25:29,369] {logging_mixin.py:115} INFO - [2022-06-15 07:25:29,369] {dag.py:2379} INFO - Sync 1 DAGs
[2022-06-15 07:25:29,465] {logging_mixin.py:115} INFO - [2022-06-15 07:25:29,465] {dag.py:2931} INFO - Setting next_dagrun for latest_only_with_trigger to 2022-06-15T03:25:29.465652+00:00, run_after=2022-06-15T07:25:29.465652+00:00
[2022-06-15 07:25:29,473] {processor.py:161} INFO - Processing /home/airflow/.local/lib/python3.7/site-packages/airflow/example_dags/example_latest_only_with_trigger.py took 0.131 seconds
[2022-06-15 07:26:00,204] {processor.py:153} INFO - Started process (PID=435) to work on /home/airflow/.local/lib/python3.7/site-packages/airflow/example_dags/example_latest_only_with_trigger.py
[2022-06-15 07:26:00,206] {processor.py:641} INFO - Processing file /home/airflow/.local/lib/python3.7/site-packages/airflow/example_dags/example_latest_only_with_trigger.py for tasks to queue
[2022-06-15 07:26:00,207] {logging_mixin.py:115} INFO - [2022-06-15 07:26:00,207] {dagbag.py:507} INFO - Filling up the DagBag from /home/airflow/.local/lib/python3.7/site-packages/airflow/example_dags/example_latest_only_with_trigger.py
[2022-06-15 07:26:00,215] {processor.py:651} INFO - DAG(s) dict_keys(['latest_only_with_trigger']) retrieved from /home/airflow/.local/lib/python3.7/site-packages/airflow/example_dags/example_latest_only_with_trigger.py
[2022-06-15 07:26:00,239] {logging_mixin.py:115} INFO - [2022-06-15 07:26:00,239] {dag.py:2379} INFO - Sync 1 DAGs
[2022-06-15 07:26:00,385] {logging_mixin.py:115} INFO - [2022-06-15 07:26:00,385] {dag.py:2931} INFO - Setting next_dagrun for latest_only_with_trigger to 2022-06-15T03:26:00.385637+00:00, run_after=2022-06-15T07:26:00.385637+00:00
[2022-06-15 07:26:00,395] {processor.py:161} INFO - Processing /home/airflow/.local/lib/python3.7/site-packages/airflow/example_dags/example_latest_only_with_trigger.py took 0.194 seconds
[2022-06-15 07:26:30,564] {processor.py:153} INFO - Started process (PID=503) to work on /home/airflow/.local/lib/python3.7/site-packages/airflow/example_dags/example_latest_only_with_trigger.py
[2022-06-15 07:26:30,565] {processor.py:641} INFO - Processing file /home/airflow/.local/lib/python3.7/site-packages/airflow/example_dags/example_latest_only_with_trigger.py for tasks to queue
[2022-06-15 07:26:30,566] {logging_mixin.py:115} INFO - [2022-06-15 07:26:30,566] {dagbag.py:507} INFO - Filling up the DagBag from /home/airflow/.local/lib/python3.7/site-packages/airflow/example_dags/example_latest_only_with_trigger.py
[2022-06-15 07:26:30,572] {processor.py:651} INFO - DAG(s) dict_keys(['latest_only_with_trigger']) retrieved from /home/airflow/.local/lib/python3.7/site-packages/airflow/example_dags/example_latest_only_with_trigger.py
[2022-06-15 07:26:30,592] {logging_mixin.py:115} INFO - [2022-06-15 07:26:30,592] {dag.py:2379} INFO - Sync 1 DAGs
[2022-06-15 07:26:30,694] {logging_mixin.py:115} INFO - [2022-06-15 07:26:30,694] {dag.py:2931} INFO - Setting next_dagrun for latest_only_with_trigger to 2022-06-15T03:26:30.694340+00:00, run_after=2022-06-15T07:26:30.694340+00:00
[2022-06-15 07:26:30,706] {processor.py:161} INFO - Processing /home/airflow/.local/lib/python3.7/site-packages/airflow/example_dags/example_latest_only_with_trigger.py took 0.145 seconds
[2022-06-15 07:27:01,619] {processor.py:153} INFO - Started process (PID=570) to work on /home/airflow/.local/lib/python3.7/site-packages/airflow/example_dags/example_latest_only_with_trigger.py
[2022-06-15 07:27:01,621] {processor.py:641} INFO - Processing file /home/airflow/.local/lib/python3.7/site-packages/airflow/example_dags/example_latest_only_with_trigger.py for tasks to queue
[2022-06-15 07:27:01,621] {logging_mixin.py:115} INFO - [2022-06-15 07:27:01,621] {dagbag.py:507} INFO - Filling up the DagBag from /home/airflow/.local/lib/python3.7/site-packages/airflow/example_dags/example_latest_only_with_trigger.py
[2022-06-15 07:27:01,626] {processor.py:651} INFO - DAG(s) dict_keys(['latest_only_with_trigger']) retrieved from /home/airflow/.local/lib/python3.7/site-packages/airflow/example_dags/example_latest_only_with_trigger.py
[2022-06-15 07:27:01,644] {logging_mixin.py:115} INFO - [2022-06-15 07:27:01,644] {dag.py:2379} INFO - Sync 1 DAGs
[2022-06-15 07:27:01,754] {logging_mixin.py:115} INFO - [2022-06-15 07:27:01,754] {dag.py:2931} INFO - Setting next_dagrun for latest_only_with_trigger to 2022-06-15T03:27:01.754306+00:00, run_after=2022-06-15T07:27:01.754306+00:00
[2022-06-15 07:27:01,763] {processor.py:161} INFO - Processing /home/airflow/.local/lib/python3.7/site-packages/airflow/example_dags/example_latest_only_with_trigger.py took 0.146 seconds
[2022-06-15 07:27:32,415] {processor.py:153} INFO - Started process (PID=628) to work on /home/airflow/.local/lib/python3.7/site-packages/airflow/example_dags/example_latest_only_with_trigger.py
[2022-06-15 07:27:32,417] {processor.py:641} INFO - Processing file /home/airflow/.local/lib/python3.7/site-packages/airflow/example_dags/example_latest_only_with_trigger.py for tasks to queue
[2022-06-15 07:27:32,418] {logging_mixin.py:115} INFO - [2022-06-15 07:27:32,418] {dagbag.py:507} INFO - Filling up the DagBag from /home/airflow/.local/lib/python3.7/site-packages/airflow/example_dags/example_latest_only_with_trigger.py
[2022-06-15 07:27:32,423] {processor.py:651} INFO - DAG(s) dict_keys(['latest_only_with_trigger']) retrieved from /home/airflow/.local/lib/python3.7/site-packages/airflow/example_dags/example_latest_only_with_trigger.py
[2022-06-15 07:27:32,441] {logging_mixin.py:115} INFO - [2022-06-15 07:27:32,441] {dag.py:2379} INFO - Sync 1 DAGs
[2022-06-15 07:27:32,555] {logging_mixin.py:115} INFO - [2022-06-15 07:27:32,555] {dag.py:2931} INFO - Setting next_dagrun for latest_only_with_trigger to 2022-06-15T03:27:32.555569+00:00, run_after=2022-06-15T07:27:32.555569+00:00
[2022-06-15 07:27:32,565] {processor.py:161} INFO - Processing /home/airflow/.local/lib/python3.7/site-packages/airflow/example_dags/example_latest_only_with_trigger.py took 0.152 seconds
[2022-06-15 07:28:03,274] {processor.py:153} INFO - Started process (PID=695) to work on /home/airflow/.local/lib/python3.7/site-packages/airflow/example_dags/example_latest_only_with_trigger.py
[2022-06-15 07:28:03,276] {processor.py:641} INFO - Processing file /home/airflow/.local/lib/python3.7/site-packages/airflow/example_dags/example_latest_only_with_trigger.py for tasks to queue
[2022-06-15 07:28:03,277] {logging_mixin.py:115} INFO - [2022-06-15 07:28:03,277] {dagbag.py:507} INFO - Filling up the DagBag from /home/airflow/.local/lib/python3.7/site-packages/airflow/example_dags/example_latest_only_with_trigger.py
[2022-06-15 07:28:03,283] {processor.py:651} INFO - DAG(s) dict_keys(['latest_only_with_trigger']) retrieved from /home/airflow/.local/lib/python3.7/site-packages/airflow/example_dags/example_latest_only_with_trigger.py
[2022-06-15 07:28:03,307] {logging_mixin.py:115} INFO - [2022-06-15 07:28:03,307] {dag.py:2379} INFO - Sync 1 DAGs
[2022-06-15 07:28:03,413] {logging_mixin.py:115} INFO - [2022-06-15 07:28:03,413] {dag.py:2931} INFO - Setting next_dagrun for latest_only_with_trigger to 2022-06-15T03:28:03.413766+00:00, run_after=2022-06-15T07:28:03.413766+00:00
[2022-06-15 07:28:03,421] {processor.py:161} INFO - Processing /home/airflow/.local/lib/python3.7/site-packages/airflow/example_dags/example_latest_only_with_trigger.py took 0.149 seconds
[2022-06-15 07:28:34,740] {processor.py:153} INFO - Started process (PID=763) to work on /home/airflow/.local/lib/python3.7/site-packages/airflow/example_dags/example_latest_only_with_trigger.py
[2022-06-15 07:28:34,742] {processor.py:641} INFO - Processing file /home/airflow/.local/lib/python3.7/site-packages/airflow/example_dags/example_latest_only_with_trigger.py for tasks to queue
[2022-06-15 07:28:34,743] {logging_mixin.py:115} INFO - [2022-06-15 07:28:34,743] {dagbag.py:507} INFO - Filling up the DagBag from /home/airflow/.local/lib/python3.7/site-packages/airflow/example_dags/example_latest_only_with_trigger.py
[2022-06-15 07:28:34,748] {processor.py:651} INFO - DAG(s) dict_keys(['latest_only_with_trigger']) retrieved from /home/airflow/.local/lib/python3.7/site-packages/airflow/example_dags/example_latest_only_with_trigger.py
[2022-06-15 07:28:34,767] {logging_mixin.py:115} INFO - [2022-06-15 07:28:34,767] {dag.py:2379} INFO - Sync 1 DAGs
[2022-06-15 07:28:34,890] {logging_mixin.py:115} INFO - [2022-06-15 07:28:34,890] {dag.py:2931} INFO - Setting next_dagrun for latest_only_with_trigger to 2022-06-15T03:28:34.889794+00:00, run_after=2022-06-15T07:28:34.889794+00:00
[2022-06-15 07:28:34,898] {processor.py:161} INFO - Processing /home/airflow/.local/lib/python3.7/site-packages/airflow/example_dags/example_latest_only_with_trigger.py took 0.160 seconds
[2022-06-15 07:29:05,114] {processor.py:153} INFO - Started process (PID=830) to work on /home/airflow/.local/lib/python3.7/site-packages/airflow/example_dags/example_latest_only_with_trigger.py
[2022-06-15 07:29:05,115] {processor.py:641} INFO - Processing file /home/airflow/.local/lib/python3.7/site-packages/airflow/example_dags/example_latest_only_with_trigger.py for tasks to queue
[2022-06-15 07:29:05,116] {logging_mixin.py:115} INFO - [2022-06-15 07:29:05,116] {dagbag.py:507} INFO - Filling up the DagBag from /home/airflow/.local/lib/python3.7/site-packages/airflow/example_dags/example_latest_only_with_trigger.py
[2022-06-15 07:29:05,120] {processor.py:651} INFO - DAG(s) dict_keys(['latest_only_with_trigger']) retrieved from /home/airflow/.local/lib/python3.7/site-packages/airflow/example_dags/example_latest_only_with_trigger.py
[2022-06-15 07:29:05,138] {logging_mixin.py:115} INFO - [2022-06-15 07:29:05,138] {dag.py:2379} INFO - Sync 1 DAGs
[2022-06-15 07:29:05,235] {logging_mixin.py:115} INFO - [2022-06-15 07:29:05,234] {dag.py:2931} INFO - Setting next_dagrun for latest_only_with_trigger to 2022-06-15T03:29:05.234876+00:00, run_after=2022-06-15T07:29:05.234876+00:00
[2022-06-15 07:29:05,243] {processor.py:161} INFO - Processing /home/airflow/.local/lib/python3.7/site-packages/airflow/example_dags/example_latest_only_with_trigger.py took 0.131 seconds
[2022-06-15 07:29:35,901] {processor.py:153} INFO - Started process (PID=898) to work on /home/airflow/.local/lib/python3.7/site-packages/airflow/example_dags/example_latest_only_with_trigger.py
[2022-06-15 07:29:35,902] {processor.py:641} INFO - Processing file /home/airflow/.local/lib/python3.7/site-packages/airflow/example_dags/example_latest_only_with_trigger.py for tasks to queue
[2022-06-15 07:29:35,904] {logging_mixin.py:115} INFO - [2022-06-15 07:29:35,904] {dagbag.py:507} INFO - Filling up the DagBag from /home/airflow/.local/lib/python3.7/site-packages/airflow/example_dags/example_latest_only_with_trigger.py
[2022-06-15 07:29:35,908] {processor.py:651} INFO - DAG(s) dict_keys(['latest_only_with_trigger']) retrieved from /home/airflow/.local/lib/python3.7/site-packages/airflow/example_dags/example_latest_only_with_trigger.py
[2022-06-15 07:29:35,926] {logging_mixin.py:115} INFO - [2022-06-15 07:29:35,926] {dag.py:2379} INFO - Sync 1 DAGs
[2022-06-15 07:29:36,029] {logging_mixin.py:115} INFO - [2022-06-15 07:29:36,029] {dag.py:2931} INFO - Setting next_dagrun for latest_only_with_trigger to 2022-06-15T03:29:36.029574+00:00, run_after=2022-06-15T07:29:36.029574+00:00
[2022-06-15 07:29:36,037] {processor.py:161} INFO - Processing /home/airflow/.local/lib/python3.7/site-packages/airflow/example_dags/example_latest_only_with_trigger.py took 0.138 seconds
