[2022-06-15 07:09:03,825] {processor.py:153} INFO - Started process (PID=65) to work on /home/airflow/.local/lib/python3.7/site-packages/airflow/example_dags/tutorial_taskflow_api_etl_virtualenv.py
[2022-06-15 07:09:03,836] {processor.py:641} INFO - Processing file /home/airflow/.local/lib/python3.7/site-packages/airflow/example_dags/tutorial_taskflow_api_etl_virtualenv.py for tasks to queue
[2022-06-15 07:09:03,845] {logging_mixin.py:115} INFO - [2022-06-15 07:09:03,845] {dagbag.py:507} INFO - Filling up the DagBag from /home/airflow/.local/lib/python3.7/site-packages/airflow/example_dags/tutorial_taskflow_api_etl_virtualenv.py
[2022-06-15 07:09:04,207] {processor.py:651} INFO - DAG(s) dict_keys(['tutorial_taskflow_api_etl_virtualenv']) retrieved from /home/airflow/.local/lib/python3.7/site-packages/airflow/example_dags/tutorial_taskflow_api_etl_virtualenv.py
[2022-06-15 07:09:10,312] {logging_mixin.py:115} INFO - [2022-06-15 07:09:10,312] {manager.py:508} INFO - Created Permission View: can delete on DAG:tutorial_taskflow_api_etl_virtualenv
[2022-06-15 07:09:10,328] {logging_mixin.py:115} INFO - [2022-06-15 07:09:10,328] {manager.py:508} INFO - Created Permission View: can read on DAG:tutorial_taskflow_api_etl_virtualenv
[2022-06-15 07:09:10,333] {logging_mixin.py:115} INFO - [2022-06-15 07:09:10,333] {manager.py:508} INFO - Created Permission View: can edit on DAG:tutorial_taskflow_api_etl_virtualenv
[2022-06-15 07:09:10,335] {logging_mixin.py:115} INFO - [2022-06-15 07:09:10,335] {dag.py:2379} INFO - Sync 1 DAGs
[2022-06-15 07:09:10,356] {logging_mixin.py:115} INFO - [2022-06-15 07:09:10,356] {dag.py:2398} INFO - Creating ORM DAG for tutorial_taskflow_api_etl_virtualenv
[2022-06-15 07:09:10,378] {logging_mixin.py:115} INFO - [2022-06-15 07:09:10,378] {dag.py:2931} INFO - Setting next_dagrun for tutorial_taskflow_api_etl_virtualenv to None, run_after=None
[2022-06-15 07:09:10,424] {processor.py:161} INFO - Processing /home/airflow/.local/lib/python3.7/site-packages/airflow/example_dags/tutorial_taskflow_api_etl_virtualenv.py took 6.629 seconds
[2022-06-15 07:09:41,477] {processor.py:153} INFO - Started process (PID=134) to work on /home/airflow/.local/lib/python3.7/site-packages/airflow/example_dags/tutorial_taskflow_api_etl_virtualenv.py
[2022-06-15 07:09:41,479] {processor.py:641} INFO - Processing file /home/airflow/.local/lib/python3.7/site-packages/airflow/example_dags/tutorial_taskflow_api_etl_virtualenv.py for tasks to queue
[2022-06-15 07:09:41,481] {logging_mixin.py:115} INFO - [2022-06-15 07:09:41,481] {dagbag.py:507} INFO - Filling up the DagBag from /home/airflow/.local/lib/python3.7/site-packages/airflow/example_dags/tutorial_taskflow_api_etl_virtualenv.py
[2022-06-15 07:09:41,519] {processor.py:651} INFO - DAG(s) dict_keys(['tutorial_taskflow_api_etl_virtualenv']) retrieved from /home/airflow/.local/lib/python3.7/site-packages/airflow/example_dags/tutorial_taskflow_api_etl_virtualenv.py
[2022-06-15 07:09:41,871] {logging_mixin.py:115} INFO - [2022-06-15 07:09:41,871] {dag.py:2379} INFO - Sync 1 DAGs
[2022-06-15 07:09:41,885] {logging_mixin.py:115} INFO - [2022-06-15 07:09:41,885] {dag.py:2931} INFO - Setting next_dagrun for tutorial_taskflow_api_etl_virtualenv to None, run_after=None
[2022-06-15 07:09:41,892] {processor.py:161} INFO - Processing /home/airflow/.local/lib/python3.7/site-packages/airflow/example_dags/tutorial_taskflow_api_etl_virtualenv.py took 0.425 seconds
[2022-06-15 07:10:12,146] {processor.py:153} INFO - Started process (PID=204) to work on /home/airflow/.local/lib/python3.7/site-packages/airflow/example_dags/tutorial_taskflow_api_etl_virtualenv.py
[2022-06-15 07:10:12,148] {processor.py:641} INFO - Processing file /home/airflow/.local/lib/python3.7/site-packages/airflow/example_dags/tutorial_taskflow_api_etl_virtualenv.py for tasks to queue
[2022-06-15 07:10:12,149] {logging_mixin.py:115} INFO - [2022-06-15 07:10:12,149] {dagbag.py:507} INFO - Filling up the DagBag from /home/airflow/.local/lib/python3.7/site-packages/airflow/example_dags/tutorial_taskflow_api_etl_virtualenv.py
[2022-06-15 07:10:12,172] {processor.py:651} INFO - DAG(s) dict_keys(['tutorial_taskflow_api_etl_virtualenv']) retrieved from /home/airflow/.local/lib/python3.7/site-packages/airflow/example_dags/tutorial_taskflow_api_etl_virtualenv.py
[2022-06-15 07:10:12,481] {logging_mixin.py:115} INFO - [2022-06-15 07:10:12,481] {dag.py:2379} INFO - Sync 1 DAGs
[2022-06-15 07:10:12,499] {logging_mixin.py:115} INFO - [2022-06-15 07:10:12,499] {dag.py:2931} INFO - Setting next_dagrun for tutorial_taskflow_api_etl_virtualenv to None, run_after=None
[2022-06-15 07:10:12,512] {processor.py:161} INFO - Processing /home/airflow/.local/lib/python3.7/site-packages/airflow/example_dags/tutorial_taskflow_api_etl_virtualenv.py took 0.371 seconds
[2022-06-15 07:10:43,292] {processor.py:153} INFO - Started process (PID=270) to work on /home/airflow/.local/lib/python3.7/site-packages/airflow/example_dags/tutorial_taskflow_api_etl_virtualenv.py
[2022-06-15 07:10:43,293] {processor.py:641} INFO - Processing file /home/airflow/.local/lib/python3.7/site-packages/airflow/example_dags/tutorial_taskflow_api_etl_virtualenv.py for tasks to queue
[2022-06-15 07:10:43,294] {logging_mixin.py:115} INFO - [2022-06-15 07:10:43,294] {dagbag.py:507} INFO - Filling up the DagBag from /home/airflow/.local/lib/python3.7/site-packages/airflow/example_dags/tutorial_taskflow_api_etl_virtualenv.py
[2022-06-15 07:10:43,326] {processor.py:651} INFO - DAG(s) dict_keys(['tutorial_taskflow_api_etl_virtualenv']) retrieved from /home/airflow/.local/lib/python3.7/site-packages/airflow/example_dags/tutorial_taskflow_api_etl_virtualenv.py
[2022-06-15 07:10:43,791] {logging_mixin.py:115} INFO - [2022-06-15 07:10:43,791] {dag.py:2379} INFO - Sync 1 DAGs
[2022-06-15 07:10:43,816] {logging_mixin.py:115} INFO - [2022-06-15 07:10:43,816] {dag.py:2931} INFO - Setting next_dagrun for tutorial_taskflow_api_etl_virtualenv to None, run_after=None
[2022-06-15 07:10:43,848] {processor.py:161} INFO - Processing /home/airflow/.local/lib/python3.7/site-packages/airflow/example_dags/tutorial_taskflow_api_etl_virtualenv.py took 0.558 seconds
[2022-06-15 07:11:14,349] {processor.py:153} INFO - Started process (PID=331) to work on /home/airflow/.local/lib/python3.7/site-packages/airflow/example_dags/tutorial_taskflow_api_etl_virtualenv.py
[2022-06-15 07:11:14,352] {processor.py:641} INFO - Processing file /home/airflow/.local/lib/python3.7/site-packages/airflow/example_dags/tutorial_taskflow_api_etl_virtualenv.py for tasks to queue
[2022-06-15 07:11:14,354] {logging_mixin.py:115} INFO - [2022-06-15 07:11:14,354] {dagbag.py:507} INFO - Filling up the DagBag from /home/airflow/.local/lib/python3.7/site-packages/airflow/example_dags/tutorial_taskflow_api_etl_virtualenv.py
[2022-06-15 07:11:14,379] {processor.py:651} INFO - DAG(s) dict_keys(['tutorial_taskflow_api_etl_virtualenv']) retrieved from /home/airflow/.local/lib/python3.7/site-packages/airflow/example_dags/tutorial_taskflow_api_etl_virtualenv.py
[2022-06-15 07:11:14,710] {logging_mixin.py:115} INFO - [2022-06-15 07:11:14,710] {dag.py:2379} INFO - Sync 1 DAGs
[2022-06-15 07:11:14,724] {logging_mixin.py:115} INFO - [2022-06-15 07:11:14,724] {dag.py:2931} INFO - Setting next_dagrun for tutorial_taskflow_api_etl_virtualenv to None, run_after=None
[2022-06-15 07:11:14,733] {processor.py:161} INFO - Processing /home/airflow/.local/lib/python3.7/site-packages/airflow/example_dags/tutorial_taskflow_api_etl_virtualenv.py took 0.394 seconds
[2022-06-15 07:14:16,292] {processor.py:153} INFO - Started process (PID=51) to work on /home/airflow/.local/lib/python3.7/site-packages/airflow/example_dags/tutorial_taskflow_api_etl_virtualenv.py
[2022-06-15 07:14:16,299] {processor.py:641} INFO - Processing file /home/airflow/.local/lib/python3.7/site-packages/airflow/example_dags/tutorial_taskflow_api_etl_virtualenv.py for tasks to queue
[2022-06-15 07:14:16,311] {logging_mixin.py:115} INFO - [2022-06-15 07:14:16,311] {dagbag.py:507} INFO - Filling up the DagBag from /home/airflow/.local/lib/python3.7/site-packages/airflow/example_dags/tutorial_taskflow_api_etl_virtualenv.py
[2022-06-15 07:14:16,529] {processor.py:651} INFO - DAG(s) dict_keys(['tutorial_taskflow_api_etl_virtualenv']) retrieved from /home/airflow/.local/lib/python3.7/site-packages/airflow/example_dags/tutorial_taskflow_api_etl_virtualenv.py
[2022-06-15 07:14:17,433] {logging_mixin.py:115} INFO - [2022-06-15 07:14:17,429] {dag.py:2379} INFO - Sync 1 DAGs
[2022-06-15 07:14:17,664] {logging_mixin.py:115} INFO - [2022-06-15 07:14:17,664] {dag.py:2931} INFO - Setting next_dagrun for tutorial_taskflow_api_etl_virtualenv to None, run_after=None
[2022-06-15 07:14:21,924] {processor.py:161} INFO - Processing /home/airflow/.local/lib/python3.7/site-packages/airflow/example_dags/tutorial_taskflow_api_etl_virtualenv.py took 5.658 seconds
[2022-06-15 07:15:10,519] {processor.py:153} INFO - Started process (PID=115) to work on /home/airflow/.local/lib/python3.7/site-packages/airflow/example_dags/tutorial_taskflow_api_etl_virtualenv.py
[2022-06-15 07:15:10,529] {processor.py:641} INFO - Processing file /home/airflow/.local/lib/python3.7/site-packages/airflow/example_dags/tutorial_taskflow_api_etl_virtualenv.py for tasks to queue
[2022-06-15 07:15:10,542] {logging_mixin.py:115} INFO - [2022-06-15 07:15:10,541] {dagbag.py:507} INFO - Filling up the DagBag from /home/airflow/.local/lib/python3.7/site-packages/airflow/example_dags/tutorial_taskflow_api_etl_virtualenv.py
[2022-06-15 07:15:10,682] {processor.py:651} INFO - DAG(s) dict_keys(['tutorial_taskflow_api_etl_virtualenv']) retrieved from /home/airflow/.local/lib/python3.7/site-packages/airflow/example_dags/tutorial_taskflow_api_etl_virtualenv.py
[2022-06-15 07:15:11,055] {logging_mixin.py:115} INFO - [2022-06-15 07:15:11,055] {dag.py:2379} INFO - Sync 1 DAGs
[2022-06-15 07:15:11,081] {logging_mixin.py:115} INFO - [2022-06-15 07:15:11,081] {dag.py:2931} INFO - Setting next_dagrun for tutorial_taskflow_api_etl_virtualenv to None, run_after=None
[2022-06-15 07:15:12,094] {processor.py:161} INFO - Processing /home/airflow/.local/lib/python3.7/site-packages/airflow/example_dags/tutorial_taskflow_api_etl_virtualenv.py took 1.593 seconds
[2022-06-15 07:15:42,775] {processor.py:153} INFO - Started process (PID=173) to work on /home/airflow/.local/lib/python3.7/site-packages/airflow/example_dags/tutorial_taskflow_api_etl_virtualenv.py
[2022-06-15 07:15:42,781] {processor.py:641} INFO - Processing file /home/airflow/.local/lib/python3.7/site-packages/airflow/example_dags/tutorial_taskflow_api_etl_virtualenv.py for tasks to queue
[2022-06-15 07:15:42,788] {logging_mixin.py:115} INFO - [2022-06-15 07:15:42,788] {dagbag.py:507} INFO - Filling up the DagBag from /home/airflow/.local/lib/python3.7/site-packages/airflow/example_dags/tutorial_taskflow_api_etl_virtualenv.py
[2022-06-15 07:15:42,877] {processor.py:651} INFO - DAG(s) dict_keys(['tutorial_taskflow_api_etl_virtualenv']) retrieved from /home/airflow/.local/lib/python3.7/site-packages/airflow/example_dags/tutorial_taskflow_api_etl_virtualenv.py
[2022-06-15 07:15:42,978] {logging_mixin.py:115} INFO - [2022-06-15 07:15:42,978] {dag.py:2379} INFO - Sync 1 DAGs
[2022-06-15 07:15:43,011] {logging_mixin.py:115} INFO - [2022-06-15 07:15:43,011] {dag.py:2931} INFO - Setting next_dagrun for tutorial_taskflow_api_etl_virtualenv to None, run_after=None
[2022-06-15 07:15:43,302] {processor.py:161} INFO - Processing /home/airflow/.local/lib/python3.7/site-packages/airflow/example_dags/tutorial_taskflow_api_etl_virtualenv.py took 0.548 seconds
[2022-06-15 07:16:13,440] {processor.py:153} INFO - Started process (PID=241) to work on /home/airflow/.local/lib/python3.7/site-packages/airflow/example_dags/tutorial_taskflow_api_etl_virtualenv.py
[2022-06-15 07:16:13,441] {processor.py:641} INFO - Processing file /home/airflow/.local/lib/python3.7/site-packages/airflow/example_dags/tutorial_taskflow_api_etl_virtualenv.py for tasks to queue
[2022-06-15 07:16:13,442] {logging_mixin.py:115} INFO - [2022-06-15 07:16:13,442] {dagbag.py:507} INFO - Filling up the DagBag from /home/airflow/.local/lib/python3.7/site-packages/airflow/example_dags/tutorial_taskflow_api_etl_virtualenv.py
[2022-06-15 07:16:13,458] {processor.py:651} INFO - DAG(s) dict_keys(['tutorial_taskflow_api_etl_virtualenv']) retrieved from /home/airflow/.local/lib/python3.7/site-packages/airflow/example_dags/tutorial_taskflow_api_etl_virtualenv.py
[2022-06-15 07:16:13,496] {logging_mixin.py:115} INFO - [2022-06-15 07:16:13,496] {dag.py:2379} INFO - Sync 1 DAGs
[2022-06-15 07:16:13,509] {logging_mixin.py:115} INFO - [2022-06-15 07:16:13,509] {dag.py:2931} INFO - Setting next_dagrun for tutorial_taskflow_api_etl_virtualenv to None, run_after=None
[2022-06-15 07:16:13,705] {processor.py:161} INFO - Processing /home/airflow/.local/lib/python3.7/site-packages/airflow/example_dags/tutorial_taskflow_api_etl_virtualenv.py took 0.267 seconds
[2022-06-15 07:16:44,120] {processor.py:153} INFO - Started process (PID=308) to work on /home/airflow/.local/lib/python3.7/site-packages/airflow/example_dags/tutorial_taskflow_api_etl_virtualenv.py
[2022-06-15 07:16:44,122] {processor.py:641} INFO - Processing file /home/airflow/.local/lib/python3.7/site-packages/airflow/example_dags/tutorial_taskflow_api_etl_virtualenv.py for tasks to queue
[2022-06-15 07:16:44,123] {logging_mixin.py:115} INFO - [2022-06-15 07:16:44,123] {dagbag.py:507} INFO - Filling up the DagBag from /home/airflow/.local/lib/python3.7/site-packages/airflow/example_dags/tutorial_taskflow_api_etl_virtualenv.py
[2022-06-15 07:16:44,151] {processor.py:651} INFO - DAG(s) dict_keys(['tutorial_taskflow_api_etl_virtualenv']) retrieved from /home/airflow/.local/lib/python3.7/site-packages/airflow/example_dags/tutorial_taskflow_api_etl_virtualenv.py
[2022-06-15 07:16:44,250] {logging_mixin.py:115} INFO - [2022-06-15 07:16:44,250] {dag.py:2379} INFO - Sync 1 DAGs
[2022-06-15 07:16:44,272] {logging_mixin.py:115} INFO - [2022-06-15 07:16:44,272] {dag.py:2931} INFO - Setting next_dagrun for tutorial_taskflow_api_etl_virtualenv to None, run_after=None
[2022-06-15 07:16:44,446] {processor.py:161} INFO - Processing /home/airflow/.local/lib/python3.7/site-packages/airflow/example_dags/tutorial_taskflow_api_etl_virtualenv.py took 0.330 seconds
[2022-06-15 07:23:07,251] {processor.py:153} INFO - Started process (PID=67) to work on /home/airflow/.local/lib/python3.7/site-packages/airflow/example_dags/tutorial_taskflow_api_etl_virtualenv.py
[2022-06-15 07:23:07,258] {processor.py:641} INFO - Processing file /home/airflow/.local/lib/python3.7/site-packages/airflow/example_dags/tutorial_taskflow_api_etl_virtualenv.py for tasks to queue
[2022-06-15 07:23:07,267] {logging_mixin.py:115} INFO - [2022-06-15 07:23:07,266] {dagbag.py:507} INFO - Filling up the DagBag from /home/airflow/.local/lib/python3.7/site-packages/airflow/example_dags/tutorial_taskflow_api_etl_virtualenv.py
[2022-06-15 07:23:07,480] {processor.py:651} INFO - DAG(s) dict_keys(['tutorial_taskflow_api_etl_virtualenv']) retrieved from /home/airflow/.local/lib/python3.7/site-packages/airflow/example_dags/tutorial_taskflow_api_etl_virtualenv.py
[2022-06-15 07:23:15,229] {logging_mixin.py:115} INFO - [2022-06-15 07:23:15,229] {dag.py:2379} INFO - Sync 1 DAGs
[2022-06-15 07:23:15,289] {logging_mixin.py:115} INFO - [2022-06-15 07:23:15,289] {dag.py:2931} INFO - Setting next_dagrun for tutorial_taskflow_api_etl_virtualenv to None, run_after=None
[2022-06-15 07:23:15,328] {processor.py:161} INFO - Processing /home/airflow/.local/lib/python3.7/site-packages/airflow/example_dags/tutorial_taskflow_api_etl_virtualenv.py took 8.112 seconds
[2022-06-15 07:23:45,692] {processor.py:153} INFO - Started process (PID=132) to work on /home/airflow/.local/lib/python3.7/site-packages/airflow/example_dags/tutorial_taskflow_api_etl_virtualenv.py
[2022-06-15 07:23:45,696] {processor.py:641} INFO - Processing file /home/airflow/.local/lib/python3.7/site-packages/airflow/example_dags/tutorial_taskflow_api_etl_virtualenv.py for tasks to queue
[2022-06-15 07:23:45,697] {logging_mixin.py:115} INFO - [2022-06-15 07:23:45,697] {dagbag.py:507} INFO - Filling up the DagBag from /home/airflow/.local/lib/python3.7/site-packages/airflow/example_dags/tutorial_taskflow_api_etl_virtualenv.py
[2022-06-15 07:23:45,732] {processor.py:651} INFO - DAG(s) dict_keys(['tutorial_taskflow_api_etl_virtualenv']) retrieved from /home/airflow/.local/lib/python3.7/site-packages/airflow/example_dags/tutorial_taskflow_api_etl_virtualenv.py
[2022-06-15 07:23:46,145] {logging_mixin.py:115} INFO - [2022-06-15 07:23:46,145] {dag.py:2379} INFO - Sync 1 DAGs
[2022-06-15 07:23:46,165] {logging_mixin.py:115} INFO - [2022-06-15 07:23:46,165] {dag.py:2931} INFO - Setting next_dagrun for tutorial_taskflow_api_etl_virtualenv to None, run_after=None
[2022-06-15 07:23:46,181] {processor.py:161} INFO - Processing /home/airflow/.local/lib/python3.7/site-packages/airflow/example_dags/tutorial_taskflow_api_etl_virtualenv.py took 0.494 seconds
[2022-06-15 07:24:16,600] {processor.py:153} INFO - Started process (PID=201) to work on /home/airflow/.local/lib/python3.7/site-packages/airflow/example_dags/tutorial_taskflow_api_etl_virtualenv.py
[2022-06-15 07:24:16,603] {processor.py:641} INFO - Processing file /home/airflow/.local/lib/python3.7/site-packages/airflow/example_dags/tutorial_taskflow_api_etl_virtualenv.py for tasks to queue
[2022-06-15 07:24:16,606] {logging_mixin.py:115} INFO - [2022-06-15 07:24:16,606] {dagbag.py:507} INFO - Filling up the DagBag from /home/airflow/.local/lib/python3.7/site-packages/airflow/example_dags/tutorial_taskflow_api_etl_virtualenv.py
[2022-06-15 07:24:16,636] {processor.py:651} INFO - DAG(s) dict_keys(['tutorial_taskflow_api_etl_virtualenv']) retrieved from /home/airflow/.local/lib/python3.7/site-packages/airflow/example_dags/tutorial_taskflow_api_etl_virtualenv.py
[2022-06-15 07:24:17,126] {logging_mixin.py:115} INFO - [2022-06-15 07:24:17,125] {dag.py:2379} INFO - Sync 1 DAGs
[2022-06-15 07:24:17,171] {logging_mixin.py:115} INFO - [2022-06-15 07:24:17,170] {dag.py:2931} INFO - Setting next_dagrun for tutorial_taskflow_api_etl_virtualenv to None, run_after=None
[2022-06-15 07:24:17,207] {processor.py:161} INFO - Processing /home/airflow/.local/lib/python3.7/site-packages/airflow/example_dags/tutorial_taskflow_api_etl_virtualenv.py took 0.617 seconds
[2022-06-15 07:24:47,419] {processor.py:153} INFO - Started process (PID=266) to work on /home/airflow/.local/lib/python3.7/site-packages/airflow/example_dags/tutorial_taskflow_api_etl_virtualenv.py
[2022-06-15 07:24:47,422] {processor.py:641} INFO - Processing file /home/airflow/.local/lib/python3.7/site-packages/airflow/example_dags/tutorial_taskflow_api_etl_virtualenv.py for tasks to queue
[2022-06-15 07:24:47,424] {logging_mixin.py:115} INFO - [2022-06-15 07:24:47,423] {dagbag.py:507} INFO - Filling up the DagBag from /home/airflow/.local/lib/python3.7/site-packages/airflow/example_dags/tutorial_taskflow_api_etl_virtualenv.py
[2022-06-15 07:24:47,450] {processor.py:651} INFO - DAG(s) dict_keys(['tutorial_taskflow_api_etl_virtualenv']) retrieved from /home/airflow/.local/lib/python3.7/site-packages/airflow/example_dags/tutorial_taskflow_api_etl_virtualenv.py
[2022-06-15 07:24:47,850] {logging_mixin.py:115} INFO - [2022-06-15 07:24:47,849] {dag.py:2379} INFO - Sync 1 DAGs
[2022-06-15 07:24:47,882] {logging_mixin.py:115} INFO - [2022-06-15 07:24:47,882] {dag.py:2931} INFO - Setting next_dagrun for tutorial_taskflow_api_etl_virtualenv to None, run_after=None
[2022-06-15 07:24:47,897] {processor.py:161} INFO - Processing /home/airflow/.local/lib/python3.7/site-packages/airflow/example_dags/tutorial_taskflow_api_etl_virtualenv.py took 0.482 seconds
[2022-06-15 07:25:18,918] {processor.py:153} INFO - Started process (PID=326) to work on /home/airflow/.local/lib/python3.7/site-packages/airflow/example_dags/tutorial_taskflow_api_etl_virtualenv.py
[2022-06-15 07:25:18,920] {processor.py:641} INFO - Processing file /home/airflow/.local/lib/python3.7/site-packages/airflow/example_dags/tutorial_taskflow_api_etl_virtualenv.py for tasks to queue
[2022-06-15 07:25:18,922] {logging_mixin.py:115} INFO - [2022-06-15 07:25:18,922] {dagbag.py:507} INFO - Filling up the DagBag from /home/airflow/.local/lib/python3.7/site-packages/airflow/example_dags/tutorial_taskflow_api_etl_virtualenv.py
[2022-06-15 07:25:18,944] {processor.py:651} INFO - DAG(s) dict_keys(['tutorial_taskflow_api_etl_virtualenv']) retrieved from /home/airflow/.local/lib/python3.7/site-packages/airflow/example_dags/tutorial_taskflow_api_etl_virtualenv.py
[2022-06-15 07:25:19,235] {logging_mixin.py:115} INFO - [2022-06-15 07:25:19,235] {dag.py:2379} INFO - Sync 1 DAGs
[2022-06-15 07:25:19,249] {logging_mixin.py:115} INFO - [2022-06-15 07:25:19,249] {dag.py:2931} INFO - Setting next_dagrun for tutorial_taskflow_api_etl_virtualenv to None, run_after=None
[2022-06-15 07:25:19,264] {processor.py:161} INFO - Processing /home/airflow/.local/lib/python3.7/site-packages/airflow/example_dags/tutorial_taskflow_api_etl_virtualenv.py took 0.353 seconds
[2022-06-15 07:25:49,514] {processor.py:153} INFO - Started process (PID=395) to work on /home/airflow/.local/lib/python3.7/site-packages/airflow/example_dags/tutorial_taskflow_api_etl_virtualenv.py
[2022-06-15 07:25:49,516] {processor.py:641} INFO - Processing file /home/airflow/.local/lib/python3.7/site-packages/airflow/example_dags/tutorial_taskflow_api_etl_virtualenv.py for tasks to queue
[2022-06-15 07:25:49,518] {logging_mixin.py:115} INFO - [2022-06-15 07:25:49,517] {dagbag.py:507} INFO - Filling up the DagBag from /home/airflow/.local/lib/python3.7/site-packages/airflow/example_dags/tutorial_taskflow_api_etl_virtualenv.py
[2022-06-15 07:25:49,540] {processor.py:651} INFO - DAG(s) dict_keys(['tutorial_taskflow_api_etl_virtualenv']) retrieved from /home/airflow/.local/lib/python3.7/site-packages/airflow/example_dags/tutorial_taskflow_api_etl_virtualenv.py
[2022-06-15 07:25:49,829] {logging_mixin.py:115} INFO - [2022-06-15 07:25:49,829] {dag.py:2379} INFO - Sync 1 DAGs
[2022-06-15 07:25:49,848] {logging_mixin.py:115} INFO - [2022-06-15 07:25:49,848] {dag.py:2931} INFO - Setting next_dagrun for tutorial_taskflow_api_etl_virtualenv to None, run_after=None
[2022-06-15 07:25:49,856] {processor.py:161} INFO - Processing /home/airflow/.local/lib/python3.7/site-packages/airflow/example_dags/tutorial_taskflow_api_etl_virtualenv.py took 0.349 seconds
[2022-06-15 07:26:20,021] {processor.py:153} INFO - Started process (PID=463) to work on /home/airflow/.local/lib/python3.7/site-packages/airflow/example_dags/tutorial_taskflow_api_etl_virtualenv.py
[2022-06-15 07:26:20,022] {processor.py:641} INFO - Processing file /home/airflow/.local/lib/python3.7/site-packages/airflow/example_dags/tutorial_taskflow_api_etl_virtualenv.py for tasks to queue
[2022-06-15 07:26:20,024] {logging_mixin.py:115} INFO - [2022-06-15 07:26:20,024] {dagbag.py:507} INFO - Filling up the DagBag from /home/airflow/.local/lib/python3.7/site-packages/airflow/example_dags/tutorial_taskflow_api_etl_virtualenv.py
[2022-06-15 07:26:20,068] {processor.py:651} INFO - DAG(s) dict_keys(['tutorial_taskflow_api_etl_virtualenv']) retrieved from /home/airflow/.local/lib/python3.7/site-packages/airflow/example_dags/tutorial_taskflow_api_etl_virtualenv.py
[2022-06-15 07:26:20,420] {logging_mixin.py:115} INFO - [2022-06-15 07:26:20,420] {dag.py:2379} INFO - Sync 1 DAGs
[2022-06-15 07:26:20,469] {logging_mixin.py:115} INFO - [2022-06-15 07:26:20,469] {dag.py:2931} INFO - Setting next_dagrun for tutorial_taskflow_api_etl_virtualenv to None, run_after=None
[2022-06-15 07:26:20,489] {processor.py:161} INFO - Processing /home/airflow/.local/lib/python3.7/site-packages/airflow/example_dags/tutorial_taskflow_api_etl_virtualenv.py took 0.472 seconds
[2022-06-15 07:26:50,752] {processor.py:153} INFO - Started process (PID=530) to work on /home/airflow/.local/lib/python3.7/site-packages/airflow/example_dags/tutorial_taskflow_api_etl_virtualenv.py
[2022-06-15 07:26:50,755] {processor.py:641} INFO - Processing file /home/airflow/.local/lib/python3.7/site-packages/airflow/example_dags/tutorial_taskflow_api_etl_virtualenv.py for tasks to queue
[2022-06-15 07:26:50,757] {logging_mixin.py:115} INFO - [2022-06-15 07:26:50,757] {dagbag.py:507} INFO - Filling up the DagBag from /home/airflow/.local/lib/python3.7/site-packages/airflow/example_dags/tutorial_taskflow_api_etl_virtualenv.py
[2022-06-15 07:26:50,783] {processor.py:651} INFO - DAG(s) dict_keys(['tutorial_taskflow_api_etl_virtualenv']) retrieved from /home/airflow/.local/lib/python3.7/site-packages/airflow/example_dags/tutorial_taskflow_api_etl_virtualenv.py
[2022-06-15 07:26:51,082] {logging_mixin.py:115} INFO - [2022-06-15 07:26:51,082] {dag.py:2379} INFO - Sync 1 DAGs
[2022-06-15 07:26:51,104] {logging_mixin.py:115} INFO - [2022-06-15 07:26:51,104] {dag.py:2931} INFO - Setting next_dagrun for tutorial_taskflow_api_etl_virtualenv to None, run_after=None
[2022-06-15 07:26:51,116] {processor.py:161} INFO - Processing /home/airflow/.local/lib/python3.7/site-packages/airflow/example_dags/tutorial_taskflow_api_etl_virtualenv.py took 0.371 seconds
[2022-06-15 07:27:21,778] {processor.py:153} INFO - Started process (PID=596) to work on /home/airflow/.local/lib/python3.7/site-packages/airflow/example_dags/tutorial_taskflow_api_etl_virtualenv.py
[2022-06-15 07:27:21,783] {processor.py:641} INFO - Processing file /home/airflow/.local/lib/python3.7/site-packages/airflow/example_dags/tutorial_taskflow_api_etl_virtualenv.py for tasks to queue
[2022-06-15 07:27:21,785] {logging_mixin.py:115} INFO - [2022-06-15 07:27:21,785] {dagbag.py:507} INFO - Filling up the DagBag from /home/airflow/.local/lib/python3.7/site-packages/airflow/example_dags/tutorial_taskflow_api_etl_virtualenv.py
[2022-06-15 07:27:21,810] {processor.py:651} INFO - DAG(s) dict_keys(['tutorial_taskflow_api_etl_virtualenv']) retrieved from /home/airflow/.local/lib/python3.7/site-packages/airflow/example_dags/tutorial_taskflow_api_etl_virtualenv.py
[2022-06-15 07:27:22,214] {logging_mixin.py:115} INFO - [2022-06-15 07:27:22,213] {dag.py:2379} INFO - Sync 1 DAGs
[2022-06-15 07:27:22,240] {logging_mixin.py:115} INFO - [2022-06-15 07:27:22,240] {dag.py:2931} INFO - Setting next_dagrun for tutorial_taskflow_api_etl_virtualenv to None, run_after=None
[2022-06-15 07:27:22,252] {processor.py:161} INFO - Processing /home/airflow/.local/lib/python3.7/site-packages/airflow/example_dags/tutorial_taskflow_api_etl_virtualenv.py took 0.480 seconds
[2022-06-15 07:27:52,631] {processor.py:153} INFO - Started process (PID=655) to work on /home/airflow/.local/lib/python3.7/site-packages/airflow/example_dags/tutorial_taskflow_api_etl_virtualenv.py
[2022-06-15 07:27:52,633] {processor.py:641} INFO - Processing file /home/airflow/.local/lib/python3.7/site-packages/airflow/example_dags/tutorial_taskflow_api_etl_virtualenv.py for tasks to queue
[2022-06-15 07:27:52,636] {logging_mixin.py:115} INFO - [2022-06-15 07:27:52,635] {dagbag.py:507} INFO - Filling up the DagBag from /home/airflow/.local/lib/python3.7/site-packages/airflow/example_dags/tutorial_taskflow_api_etl_virtualenv.py
[2022-06-15 07:27:52,668] {processor.py:651} INFO - DAG(s) dict_keys(['tutorial_taskflow_api_etl_virtualenv']) retrieved from /home/airflow/.local/lib/python3.7/site-packages/airflow/example_dags/tutorial_taskflow_api_etl_virtualenv.py
[2022-06-15 07:27:52,992] {logging_mixin.py:115} INFO - [2022-06-15 07:27:52,992] {dag.py:2379} INFO - Sync 1 DAGs
[2022-06-15 07:27:53,005] {logging_mixin.py:115} INFO - [2022-06-15 07:27:53,005] {dag.py:2931} INFO - Setting next_dagrun for tutorial_taskflow_api_etl_virtualenv to None, run_after=None
[2022-06-15 07:27:53,014] {processor.py:161} INFO - Processing /home/airflow/.local/lib/python3.7/site-packages/airflow/example_dags/tutorial_taskflow_api_etl_virtualenv.py took 0.388 seconds
[2022-06-15 07:28:23,381] {processor.py:153} INFO - Started process (PID=723) to work on /home/airflow/.local/lib/python3.7/site-packages/airflow/example_dags/tutorial_taskflow_api_etl_virtualenv.py
[2022-06-15 07:28:23,383] {processor.py:641} INFO - Processing file /home/airflow/.local/lib/python3.7/site-packages/airflow/example_dags/tutorial_taskflow_api_etl_virtualenv.py for tasks to queue
[2022-06-15 07:28:23,384] {logging_mixin.py:115} INFO - [2022-06-15 07:28:23,384] {dagbag.py:507} INFO - Filling up the DagBag from /home/airflow/.local/lib/python3.7/site-packages/airflow/example_dags/tutorial_taskflow_api_etl_virtualenv.py
[2022-06-15 07:28:23,397] {processor.py:651} INFO - DAG(s) dict_keys(['tutorial_taskflow_api_etl_virtualenv']) retrieved from /home/airflow/.local/lib/python3.7/site-packages/airflow/example_dags/tutorial_taskflow_api_etl_virtualenv.py
[2022-06-15 07:28:23,542] {logging_mixin.py:115} INFO - [2022-06-15 07:28:23,542] {dag.py:2379} INFO - Sync 1 DAGs
[2022-06-15 07:28:23,556] {logging_mixin.py:115} INFO - [2022-06-15 07:28:23,556] {dag.py:2931} INFO - Setting next_dagrun for tutorial_taskflow_api_etl_virtualenv to None, run_after=None
[2022-06-15 07:28:23,565] {processor.py:161} INFO - Processing /home/airflow/.local/lib/python3.7/site-packages/airflow/example_dags/tutorial_taskflow_api_etl_virtualenv.py took 0.186 seconds
[2022-06-15 07:28:53,670] {processor.py:153} INFO - Started process (PID=790) to work on /home/airflow/.local/lib/python3.7/site-packages/airflow/example_dags/tutorial_taskflow_api_etl_virtualenv.py
[2022-06-15 07:28:53,672] {processor.py:641} INFO - Processing file /home/airflow/.local/lib/python3.7/site-packages/airflow/example_dags/tutorial_taskflow_api_etl_virtualenv.py for tasks to queue
[2022-06-15 07:28:53,675] {logging_mixin.py:115} INFO - [2022-06-15 07:28:53,675] {dagbag.py:507} INFO - Filling up the DagBag from /home/airflow/.local/lib/python3.7/site-packages/airflow/example_dags/tutorial_taskflow_api_etl_virtualenv.py
[2022-06-15 07:28:53,702] {processor.py:651} INFO - DAG(s) dict_keys(['tutorial_taskflow_api_etl_virtualenv']) retrieved from /home/airflow/.local/lib/python3.7/site-packages/airflow/example_dags/tutorial_taskflow_api_etl_virtualenv.py
[2022-06-15 07:28:54,024] {logging_mixin.py:115} INFO - [2022-06-15 07:28:54,024] {dag.py:2379} INFO - Sync 1 DAGs
[2022-06-15 07:28:54,041] {logging_mixin.py:115} INFO - [2022-06-15 07:28:54,041] {dag.py:2931} INFO - Setting next_dagrun for tutorial_taskflow_api_etl_virtualenv to None, run_after=None
[2022-06-15 07:28:54,049] {processor.py:161} INFO - Processing /home/airflow/.local/lib/python3.7/site-packages/airflow/example_dags/tutorial_taskflow_api_etl_virtualenv.py took 0.389 seconds
[2022-06-15 07:29:24,209] {processor.py:153} INFO - Started process (PID=858) to work on /home/airflow/.local/lib/python3.7/site-packages/airflow/example_dags/tutorial_taskflow_api_etl_virtualenv.py
[2022-06-15 07:29:24,211] {processor.py:641} INFO - Processing file /home/airflow/.local/lib/python3.7/site-packages/airflow/example_dags/tutorial_taskflow_api_etl_virtualenv.py for tasks to queue
[2022-06-15 07:29:24,213] {logging_mixin.py:115} INFO - [2022-06-15 07:29:24,213] {dagbag.py:507} INFO - Filling up the DagBag from /home/airflow/.local/lib/python3.7/site-packages/airflow/example_dags/tutorial_taskflow_api_etl_virtualenv.py
[2022-06-15 07:29:24,238] {processor.py:651} INFO - DAG(s) dict_keys(['tutorial_taskflow_api_etl_virtualenv']) retrieved from /home/airflow/.local/lib/python3.7/site-packages/airflow/example_dags/tutorial_taskflow_api_etl_virtualenv.py
[2022-06-15 07:29:24,508] {logging_mixin.py:115} INFO - [2022-06-15 07:29:24,508] {dag.py:2379} INFO - Sync 1 DAGs
[2022-06-15 07:29:24,521] {logging_mixin.py:115} INFO - [2022-06-15 07:29:24,521] {dag.py:2931} INFO - Setting next_dagrun for tutorial_taskflow_api_etl_virtualenv to None, run_after=None
[2022-06-15 07:29:24,530] {processor.py:161} INFO - Processing /home/airflow/.local/lib/python3.7/site-packages/airflow/example_dags/tutorial_taskflow_api_etl_virtualenv.py took 0.331 seconds
