[2022-06-15 07:09:12,484] {processor.py:153} INFO - Started process (PID=71) to work on /home/airflow/.local/lib/python3.7/site-packages/airflow/example_dags/tutorial_etl_dag.py
[2022-06-15 07:09:12,485] {processor.py:641} INFO - Processing file /home/airflow/.local/lib/python3.7/site-packages/airflow/example_dags/tutorial_etl_dag.py for tasks to queue
[2022-06-15 07:09:12,486] {logging_mixin.py:115} INFO - [2022-06-15 07:09:12,486] {dagbag.py:507} INFO - Filling up the DagBag from /home/airflow/.local/lib/python3.7/site-packages/airflow/example_dags/tutorial_etl_dag.py
[2022-06-15 07:09:12,493] {processor.py:651} INFO - DAG(s) dict_keys(['tutorial_etl_dag']) retrieved from /home/airflow/.local/lib/python3.7/site-packages/airflow/example_dags/tutorial_etl_dag.py
[2022-06-15 07:09:12,675] {logging_mixin.py:115} INFO - [2022-06-15 07:09:12,675] {manager.py:508} INFO - Created Permission View: can delete on DAG:tutorial_etl_dag
[2022-06-15 07:09:12,682] {logging_mixin.py:115} INFO - [2022-06-15 07:09:12,682] {manager.py:508} INFO - Created Permission View: can read on DAG:tutorial_etl_dag
[2022-06-15 07:09:12,686] {logging_mixin.py:115} INFO - [2022-06-15 07:09:12,686] {manager.py:508} INFO - Created Permission View: can edit on DAG:tutorial_etl_dag
[2022-06-15 07:09:12,687] {logging_mixin.py:115} INFO - [2022-06-15 07:09:12,687] {dag.py:2379} INFO - Sync 1 DAGs
[2022-06-15 07:09:12,693] {logging_mixin.py:115} INFO - [2022-06-15 07:09:12,693] {dag.py:2398} INFO - Creating ORM DAG for tutorial_etl_dag
[2022-06-15 07:09:12,699] {logging_mixin.py:115} INFO - [2022-06-15 07:09:12,699] {dag.py:2931} INFO - Setting next_dagrun for tutorial_etl_dag to None, run_after=None
[2022-06-15 07:09:12,711] {processor.py:161} INFO - Processing /home/airflow/.local/lib/python3.7/site-packages/airflow/example_dags/tutorial_etl_dag.py took 0.231 seconds
[2022-06-15 07:09:43,352] {processor.py:153} INFO - Started process (PID=140) to work on /home/airflow/.local/lib/python3.7/site-packages/airflow/example_dags/tutorial_etl_dag.py
[2022-06-15 07:09:43,354] {processor.py:641} INFO - Processing file /home/airflow/.local/lib/python3.7/site-packages/airflow/example_dags/tutorial_etl_dag.py for tasks to queue
[2022-06-15 07:09:43,356] {logging_mixin.py:115} INFO - [2022-06-15 07:09:43,356] {dagbag.py:507} INFO - Filling up the DagBag from /home/airflow/.local/lib/python3.7/site-packages/airflow/example_dags/tutorial_etl_dag.py
[2022-06-15 07:09:43,362] {processor.py:651} INFO - DAG(s) dict_keys(['tutorial_etl_dag']) retrieved from /home/airflow/.local/lib/python3.7/site-packages/airflow/example_dags/tutorial_etl_dag.py
[2022-06-15 07:09:43,380] {logging_mixin.py:115} INFO - [2022-06-15 07:09:43,380] {dag.py:2379} INFO - Sync 1 DAGs
[2022-06-15 07:09:43,482] {logging_mixin.py:115} INFO - [2022-06-15 07:09:43,482] {dag.py:2931} INFO - Setting next_dagrun for tutorial_etl_dag to None, run_after=None
[2022-06-15 07:09:43,489] {processor.py:161} INFO - Processing /home/airflow/.local/lib/python3.7/site-packages/airflow/example_dags/tutorial_etl_dag.py took 0.140 seconds
[2022-06-15 07:10:13,934] {processor.py:153} INFO - Started process (PID=210) to work on /home/airflow/.local/lib/python3.7/site-packages/airflow/example_dags/tutorial_etl_dag.py
[2022-06-15 07:10:13,935] {processor.py:641} INFO - Processing file /home/airflow/.local/lib/python3.7/site-packages/airflow/example_dags/tutorial_etl_dag.py for tasks to queue
[2022-06-15 07:10:13,936] {logging_mixin.py:115} INFO - [2022-06-15 07:10:13,936] {dagbag.py:507} INFO - Filling up the DagBag from /home/airflow/.local/lib/python3.7/site-packages/airflow/example_dags/tutorial_etl_dag.py
[2022-06-15 07:10:13,941] {processor.py:651} INFO - DAG(s) dict_keys(['tutorial_etl_dag']) retrieved from /home/airflow/.local/lib/python3.7/site-packages/airflow/example_dags/tutorial_etl_dag.py
[2022-06-15 07:10:13,961] {logging_mixin.py:115} INFO - [2022-06-15 07:10:13,961] {dag.py:2379} INFO - Sync 1 DAGs
[2022-06-15 07:10:14,071] {logging_mixin.py:115} INFO - [2022-06-15 07:10:14,071] {dag.py:2931} INFO - Setting next_dagrun for tutorial_etl_dag to None, run_after=None
[2022-06-15 07:10:14,084] {processor.py:161} INFO - Processing /home/airflow/.local/lib/python3.7/site-packages/airflow/example_dags/tutorial_etl_dag.py took 0.152 seconds
[2022-06-15 07:10:44,751] {processor.py:153} INFO - Started process (PID=278) to work on /home/airflow/.local/lib/python3.7/site-packages/airflow/example_dags/tutorial_etl_dag.py
[2022-06-15 07:10:44,753] {processor.py:641} INFO - Processing file /home/airflow/.local/lib/python3.7/site-packages/airflow/example_dags/tutorial_etl_dag.py for tasks to queue
[2022-06-15 07:10:44,754] {logging_mixin.py:115} INFO - [2022-06-15 07:10:44,754] {dagbag.py:507} INFO - Filling up the DagBag from /home/airflow/.local/lib/python3.7/site-packages/airflow/example_dags/tutorial_etl_dag.py
[2022-06-15 07:10:44,764] {processor.py:651} INFO - DAG(s) dict_keys(['tutorial_etl_dag']) retrieved from /home/airflow/.local/lib/python3.7/site-packages/airflow/example_dags/tutorial_etl_dag.py
[2022-06-15 07:10:44,787] {logging_mixin.py:115} INFO - [2022-06-15 07:10:44,787] {dag.py:2379} INFO - Sync 1 DAGs
[2022-06-15 07:10:44,943] {logging_mixin.py:115} INFO - [2022-06-15 07:10:44,943] {dag.py:2931} INFO - Setting next_dagrun for tutorial_etl_dag to None, run_after=None
[2022-06-15 07:10:44,952] {processor.py:161} INFO - Processing /home/airflow/.local/lib/python3.7/site-packages/airflow/example_dags/tutorial_etl_dag.py took 0.206 seconds
[2022-06-15 07:11:16,109] {processor.py:153} INFO - Started process (PID=337) to work on /home/airflow/.local/lib/python3.7/site-packages/airflow/example_dags/tutorial_etl_dag.py
[2022-06-15 07:11:16,116] {processor.py:641} INFO - Processing file /home/airflow/.local/lib/python3.7/site-packages/airflow/example_dags/tutorial_etl_dag.py for tasks to queue
[2022-06-15 07:11:16,121] {logging_mixin.py:115} INFO - [2022-06-15 07:11:16,121] {dagbag.py:507} INFO - Filling up the DagBag from /home/airflow/.local/lib/python3.7/site-packages/airflow/example_dags/tutorial_etl_dag.py
[2022-06-15 07:11:16,188] {processor.py:651} INFO - DAG(s) dict_keys(['tutorial_etl_dag']) retrieved from /home/airflow/.local/lib/python3.7/site-packages/airflow/example_dags/tutorial_etl_dag.py
[2022-06-15 07:11:17,703] {logging_mixin.py:115} INFO - [2022-06-15 07:11:17,701] {process_utils.py:240} INFO - Waiting up to 5 seconds for processes to exit...
[2022-06-15 07:14:28,015] {processor.py:153} INFO - Started process (PID=64) to work on /home/airflow/.local/lib/python3.7/site-packages/airflow/example_dags/tutorial_etl_dag.py
[2022-06-15 07:14:28,031] {processor.py:641} INFO - Processing file /home/airflow/.local/lib/python3.7/site-packages/airflow/example_dags/tutorial_etl_dag.py for tasks to queue
[2022-06-15 07:14:28,045] {logging_mixin.py:115} INFO - [2022-06-15 07:14:28,044] {dagbag.py:507} INFO - Filling up the DagBag from /home/airflow/.local/lib/python3.7/site-packages/airflow/example_dags/tutorial_etl_dag.py
[2022-06-15 07:14:28,578] {processor.py:651} INFO - DAG(s) dict_keys(['tutorial_etl_dag']) retrieved from /home/airflow/.local/lib/python3.7/site-packages/airflow/example_dags/tutorial_etl_dag.py
[2022-06-15 07:14:29,058] {logging_mixin.py:115} INFO - [2022-06-15 07:14:29,058] {dag.py:2379} INFO - Sync 1 DAGs
[2022-06-15 07:14:29,290] {logging_mixin.py:115} INFO - [2022-06-15 07:14:29,290] {dag.py:2931} INFO - Setting next_dagrun for tutorial_etl_dag to None, run_after=None
[2022-06-15 07:14:29,566] {processor.py:161} INFO - Processing /home/airflow/.local/lib/python3.7/site-packages/airflow/example_dags/tutorial_etl_dag.py took 1.756 seconds
[2022-06-15 07:15:14,883] {processor.py:153} INFO - Started process (PID=121) to work on /home/airflow/.local/lib/python3.7/site-packages/airflow/example_dags/tutorial_etl_dag.py
[2022-06-15 07:15:14,892] {processor.py:641} INFO - Processing file /home/airflow/.local/lib/python3.7/site-packages/airflow/example_dags/tutorial_etl_dag.py for tasks to queue
[2022-06-15 07:15:14,899] {logging_mixin.py:115} INFO - [2022-06-15 07:15:14,898] {dagbag.py:507} INFO - Filling up the DagBag from /home/airflow/.local/lib/python3.7/site-packages/airflow/example_dags/tutorial_etl_dag.py
[2022-06-15 07:15:14,973] {processor.py:651} INFO - DAG(s) dict_keys(['tutorial_etl_dag']) retrieved from /home/airflow/.local/lib/python3.7/site-packages/airflow/example_dags/tutorial_etl_dag.py
[2022-06-15 07:15:15,030] {logging_mixin.py:115} INFO - [2022-06-15 07:15:15,030] {dag.py:2379} INFO - Sync 1 DAGs
[2022-06-15 07:15:15,072] {logging_mixin.py:115} INFO - [2022-06-15 07:15:15,072] {dag.py:2931} INFO - Setting next_dagrun for tutorial_etl_dag to None, run_after=None
[2022-06-15 07:15:15,094] {processor.py:161} INFO - Processing /home/airflow/.local/lib/python3.7/site-packages/airflow/example_dags/tutorial_etl_dag.py took 0.232 seconds
[2022-06-15 07:15:46,247] {processor.py:153} INFO - Started process (PID=184) to work on /home/airflow/.local/lib/python3.7/site-packages/airflow/example_dags/tutorial_etl_dag.py
[2022-06-15 07:15:46,249] {processor.py:641} INFO - Processing file /home/airflow/.local/lib/python3.7/site-packages/airflow/example_dags/tutorial_etl_dag.py for tasks to queue
[2022-06-15 07:15:46,250] {logging_mixin.py:115} INFO - [2022-06-15 07:15:46,250] {dagbag.py:507} INFO - Filling up the DagBag from /home/airflow/.local/lib/python3.7/site-packages/airflow/example_dags/tutorial_etl_dag.py
[2022-06-15 07:15:46,286] {processor.py:651} INFO - DAG(s) dict_keys(['tutorial_etl_dag']) retrieved from /home/airflow/.local/lib/python3.7/site-packages/airflow/example_dags/tutorial_etl_dag.py
[2022-06-15 07:15:46,336] {logging_mixin.py:115} INFO - [2022-06-15 07:15:46,335] {dag.py:2379} INFO - Sync 1 DAGs
[2022-06-15 07:15:46,360] {logging_mixin.py:115} INFO - [2022-06-15 07:15:46,360] {dag.py:2931} INFO - Setting next_dagrun for tutorial_etl_dag to None, run_after=None
[2022-06-15 07:15:46,376] {processor.py:161} INFO - Processing /home/airflow/.local/lib/python3.7/site-packages/airflow/example_dags/tutorial_etl_dag.py took 0.135 seconds
[2022-06-15 07:16:16,911] {processor.py:153} INFO - Started process (PID=245) to work on /home/airflow/.local/lib/python3.7/site-packages/airflow/example_dags/tutorial_etl_dag.py
[2022-06-15 07:16:16,912] {processor.py:641} INFO - Processing file /home/airflow/.local/lib/python3.7/site-packages/airflow/example_dags/tutorial_etl_dag.py for tasks to queue
[2022-06-15 07:16:16,913] {logging_mixin.py:115} INFO - [2022-06-15 07:16:16,913] {dagbag.py:507} INFO - Filling up the DagBag from /home/airflow/.local/lib/python3.7/site-packages/airflow/example_dags/tutorial_etl_dag.py
[2022-06-15 07:16:16,924] {processor.py:651} INFO - DAG(s) dict_keys(['tutorial_etl_dag']) retrieved from /home/airflow/.local/lib/python3.7/site-packages/airflow/example_dags/tutorial_etl_dag.py
[2022-06-15 07:16:16,955] {logging_mixin.py:115} INFO - [2022-06-15 07:16:16,955] {dag.py:2379} INFO - Sync 1 DAGs
[2022-06-15 07:16:16,988] {logging_mixin.py:115} INFO - [2022-06-15 07:16:16,988] {dag.py:2931} INFO - Setting next_dagrun for tutorial_etl_dag to None, run_after=None
[2022-06-15 07:16:17,000] {processor.py:161} INFO - Processing /home/airflow/.local/lib/python3.7/site-packages/airflow/example_dags/tutorial_etl_dag.py took 0.092 seconds
[2022-06-15 07:16:47,643] {processor.py:153} INFO - Started process (PID=313) to work on /home/airflow/.local/lib/python3.7/site-packages/airflow/example_dags/tutorial_etl_dag.py
[2022-06-15 07:16:47,644] {processor.py:641} INFO - Processing file /home/airflow/.local/lib/python3.7/site-packages/airflow/example_dags/tutorial_etl_dag.py for tasks to queue
[2022-06-15 07:16:47,645] {logging_mixin.py:115} INFO - [2022-06-15 07:16:47,645] {dagbag.py:507} INFO - Filling up the DagBag from /home/airflow/.local/lib/python3.7/site-packages/airflow/example_dags/tutorial_etl_dag.py
[2022-06-15 07:16:47,653] {processor.py:651} INFO - DAG(s) dict_keys(['tutorial_etl_dag']) retrieved from /home/airflow/.local/lib/python3.7/site-packages/airflow/example_dags/tutorial_etl_dag.py
[2022-06-15 07:16:47,671] {logging_mixin.py:115} INFO - [2022-06-15 07:16:47,671] {dag.py:2379} INFO - Sync 1 DAGs
[2022-06-15 07:16:47,683] {logging_mixin.py:115} INFO - [2022-06-15 07:16:47,683] {dag.py:2931} INFO - Setting next_dagrun for tutorial_etl_dag to None, run_after=None
[2022-06-15 07:16:47,690] {processor.py:161} INFO - Processing /home/airflow/.local/lib/python3.7/site-packages/airflow/example_dags/tutorial_etl_dag.py took 0.049 seconds
[2022-06-15 07:23:19,734] {processor.py:153} INFO - Started process (PID=82) to work on /home/airflow/.local/lib/python3.7/site-packages/airflow/example_dags/tutorial_etl_dag.py
[2022-06-15 07:23:19,749] {processor.py:641} INFO - Processing file /home/airflow/.local/lib/python3.7/site-packages/airflow/example_dags/tutorial_etl_dag.py for tasks to queue
[2022-06-15 07:23:19,759] {logging_mixin.py:115} INFO - [2022-06-15 07:23:19,758] {dagbag.py:507} INFO - Filling up the DagBag from /home/airflow/.local/lib/python3.7/site-packages/airflow/example_dags/tutorial_etl_dag.py
[2022-06-15 07:23:19,870] {processor.py:651} INFO - DAG(s) dict_keys(['tutorial_etl_dag']) retrieved from /home/airflow/.local/lib/python3.7/site-packages/airflow/example_dags/tutorial_etl_dag.py
[2022-06-15 07:23:20,012] {logging_mixin.py:115} INFO - [2022-06-15 07:23:20,011] {dag.py:2379} INFO - Sync 1 DAGs
[2022-06-15 07:23:21,146] {logging_mixin.py:115} INFO - [2022-06-15 07:23:21,146] {dag.py:2931} INFO - Setting next_dagrun for tutorial_etl_dag to None, run_after=None
[2022-06-15 07:23:21,207] {processor.py:161} INFO - Processing /home/airflow/.local/lib/python3.7/site-packages/airflow/example_dags/tutorial_etl_dag.py took 1.497 seconds
[2022-06-15 07:23:52,016] {processor.py:153} INFO - Started process (PID=146) to work on /home/airflow/.local/lib/python3.7/site-packages/airflow/example_dags/tutorial_etl_dag.py
[2022-06-15 07:23:52,020] {processor.py:641} INFO - Processing file /home/airflow/.local/lib/python3.7/site-packages/airflow/example_dags/tutorial_etl_dag.py for tasks to queue
[2022-06-15 07:23:52,023] {logging_mixin.py:115} INFO - [2022-06-15 07:23:52,023] {dagbag.py:507} INFO - Filling up the DagBag from /home/airflow/.local/lib/python3.7/site-packages/airflow/example_dags/tutorial_etl_dag.py
[2022-06-15 07:23:52,044] {processor.py:651} INFO - DAG(s) dict_keys(['tutorial_etl_dag']) retrieved from /home/airflow/.local/lib/python3.7/site-packages/airflow/example_dags/tutorial_etl_dag.py
[2022-06-15 07:23:52,128] {logging_mixin.py:115} INFO - [2022-06-15 07:23:52,128] {dag.py:2379} INFO - Sync 1 DAGs
[2022-06-15 07:23:52,448] {logging_mixin.py:115} INFO - [2022-06-15 07:23:52,448] {dag.py:2931} INFO - Setting next_dagrun for tutorial_etl_dag to None, run_after=None
[2022-06-15 07:23:52,477] {processor.py:161} INFO - Processing /home/airflow/.local/lib/python3.7/site-packages/airflow/example_dags/tutorial_etl_dag.py took 0.470 seconds
[2022-06-15 07:24:22,714] {processor.py:153} INFO - Started process (PID=207) to work on /home/airflow/.local/lib/python3.7/site-packages/airflow/example_dags/tutorial_etl_dag.py
[2022-06-15 07:24:22,718] {processor.py:641} INFO - Processing file /home/airflow/.local/lib/python3.7/site-packages/airflow/example_dags/tutorial_etl_dag.py for tasks to queue
[2022-06-15 07:24:22,720] {logging_mixin.py:115} INFO - [2022-06-15 07:24:22,720] {dagbag.py:507} INFO - Filling up the DagBag from /home/airflow/.local/lib/python3.7/site-packages/airflow/example_dags/tutorial_etl_dag.py
[2022-06-15 07:24:22,737] {processor.py:651} INFO - DAG(s) dict_keys(['tutorial_etl_dag']) retrieved from /home/airflow/.local/lib/python3.7/site-packages/airflow/example_dags/tutorial_etl_dag.py
[2022-06-15 07:24:22,773] {logging_mixin.py:115} INFO - [2022-06-15 07:24:22,773] {dag.py:2379} INFO - Sync 1 DAGs
[2022-06-15 07:24:22,987] {logging_mixin.py:115} INFO - [2022-06-15 07:24:22,987] {dag.py:2931} INFO - Setting next_dagrun for tutorial_etl_dag to None, run_after=None
[2022-06-15 07:24:22,996] {processor.py:161} INFO - Processing /home/airflow/.local/lib/python3.7/site-packages/airflow/example_dags/tutorial_etl_dag.py took 0.289 seconds
[2022-06-15 07:24:53,297] {processor.py:153} INFO - Started process (PID=274) to work on /home/airflow/.local/lib/python3.7/site-packages/airflow/example_dags/tutorial_etl_dag.py
[2022-06-15 07:24:53,302] {processor.py:641} INFO - Processing file /home/airflow/.local/lib/python3.7/site-packages/airflow/example_dags/tutorial_etl_dag.py for tasks to queue
[2022-06-15 07:24:53,303] {logging_mixin.py:115} INFO - [2022-06-15 07:24:53,303] {dagbag.py:507} INFO - Filling up the DagBag from /home/airflow/.local/lib/python3.7/site-packages/airflow/example_dags/tutorial_etl_dag.py
[2022-06-15 07:24:53,318] {processor.py:651} INFO - DAG(s) dict_keys(['tutorial_etl_dag']) retrieved from /home/airflow/.local/lib/python3.7/site-packages/airflow/example_dags/tutorial_etl_dag.py
[2022-06-15 07:24:53,365] {logging_mixin.py:115} INFO - [2022-06-15 07:24:53,365] {dag.py:2379} INFO - Sync 1 DAGs
[2022-06-15 07:24:53,628] {logging_mixin.py:115} INFO - [2022-06-15 07:24:53,628] {dag.py:2931} INFO - Setting next_dagrun for tutorial_etl_dag to None, run_after=None
[2022-06-15 07:24:53,639] {processor.py:161} INFO - Processing /home/airflow/.local/lib/python3.7/site-packages/airflow/example_dags/tutorial_etl_dag.py took 0.348 seconds
[2022-06-15 07:25:23,825] {processor.py:153} INFO - Started process (PID=342) to work on /home/airflow/.local/lib/python3.7/site-packages/airflow/example_dags/tutorial_etl_dag.py
[2022-06-15 07:25:23,828] {processor.py:641} INFO - Processing file /home/airflow/.local/lib/python3.7/site-packages/airflow/example_dags/tutorial_etl_dag.py for tasks to queue
[2022-06-15 07:25:23,830] {logging_mixin.py:115} INFO - [2022-06-15 07:25:23,830] {dagbag.py:507} INFO - Filling up the DagBag from /home/airflow/.local/lib/python3.7/site-packages/airflow/example_dags/tutorial_etl_dag.py
[2022-06-15 07:25:23,847] {processor.py:651} INFO - DAG(s) dict_keys(['tutorial_etl_dag']) retrieved from /home/airflow/.local/lib/python3.7/site-packages/airflow/example_dags/tutorial_etl_dag.py
[2022-06-15 07:25:23,884] {logging_mixin.py:115} INFO - [2022-06-15 07:25:23,884] {dag.py:2379} INFO - Sync 1 DAGs
[2022-06-15 07:25:24,004] {logging_mixin.py:115} INFO - [2022-06-15 07:25:24,004] {dag.py:2931} INFO - Setting next_dagrun for tutorial_etl_dag to None, run_after=None
[2022-06-15 07:25:24,012] {processor.py:161} INFO - Processing /home/airflow/.local/lib/python3.7/site-packages/airflow/example_dags/tutorial_etl_dag.py took 0.194 seconds
[2022-06-15 07:25:54,377] {processor.py:153} INFO - Started process (PID=411) to work on /home/airflow/.local/lib/python3.7/site-packages/airflow/example_dags/tutorial_etl_dag.py
[2022-06-15 07:25:54,378] {processor.py:641} INFO - Processing file /home/airflow/.local/lib/python3.7/site-packages/airflow/example_dags/tutorial_etl_dag.py for tasks to queue
[2022-06-15 07:25:54,379] {logging_mixin.py:115} INFO - [2022-06-15 07:25:54,379] {dagbag.py:507} INFO - Filling up the DagBag from /home/airflow/.local/lib/python3.7/site-packages/airflow/example_dags/tutorial_etl_dag.py
[2022-06-15 07:25:54,386] {processor.py:651} INFO - DAG(s) dict_keys(['tutorial_etl_dag']) retrieved from /home/airflow/.local/lib/python3.7/site-packages/airflow/example_dags/tutorial_etl_dag.py
[2022-06-15 07:25:54,414] {logging_mixin.py:115} INFO - [2022-06-15 07:25:54,414] {dag.py:2379} INFO - Sync 1 DAGs
[2022-06-15 07:25:54,668] {logging_mixin.py:115} INFO - [2022-06-15 07:25:54,668] {dag.py:2931} INFO - Setting next_dagrun for tutorial_etl_dag to None, run_after=None
[2022-06-15 07:25:54,678] {processor.py:161} INFO - Processing /home/airflow/.local/lib/python3.7/site-packages/airflow/example_dags/tutorial_etl_dag.py took 0.304 seconds
[2022-06-15 07:26:25,114] {processor.py:153} INFO - Started process (PID=469) to work on /home/airflow/.local/lib/python3.7/site-packages/airflow/example_dags/tutorial_etl_dag.py
[2022-06-15 07:26:25,116] {processor.py:641} INFO - Processing file /home/airflow/.local/lib/python3.7/site-packages/airflow/example_dags/tutorial_etl_dag.py for tasks to queue
[2022-06-15 07:26:25,118] {logging_mixin.py:115} INFO - [2022-06-15 07:26:25,118] {dagbag.py:507} INFO - Filling up the DagBag from /home/airflow/.local/lib/python3.7/site-packages/airflow/example_dags/tutorial_etl_dag.py
[2022-06-15 07:26:25,128] {processor.py:651} INFO - DAG(s) dict_keys(['tutorial_etl_dag']) retrieved from /home/airflow/.local/lib/python3.7/site-packages/airflow/example_dags/tutorial_etl_dag.py
[2022-06-15 07:26:25,172] {logging_mixin.py:115} INFO - [2022-06-15 07:26:25,172] {dag.py:2379} INFO - Sync 1 DAGs
[2022-06-15 07:26:25,312] {logging_mixin.py:115} INFO - [2022-06-15 07:26:25,312] {dag.py:2931} INFO - Setting next_dagrun for tutorial_etl_dag to None, run_after=None
[2022-06-15 07:26:25,324] {processor.py:161} INFO - Processing /home/airflow/.local/lib/python3.7/site-packages/airflow/example_dags/tutorial_etl_dag.py took 0.215 seconds
[2022-06-15 07:26:55,700] {processor.py:153} INFO - Started process (PID=536) to work on /home/airflow/.local/lib/python3.7/site-packages/airflow/example_dags/tutorial_etl_dag.py
[2022-06-15 07:26:55,704] {processor.py:641} INFO - Processing file /home/airflow/.local/lib/python3.7/site-packages/airflow/example_dags/tutorial_etl_dag.py for tasks to queue
[2022-06-15 07:26:55,706] {logging_mixin.py:115} INFO - [2022-06-15 07:26:55,706] {dagbag.py:507} INFO - Filling up the DagBag from /home/airflow/.local/lib/python3.7/site-packages/airflow/example_dags/tutorial_etl_dag.py
[2022-06-15 07:26:55,718] {processor.py:651} INFO - DAG(s) dict_keys(['tutorial_etl_dag']) retrieved from /home/airflow/.local/lib/python3.7/site-packages/airflow/example_dags/tutorial_etl_dag.py
[2022-06-15 07:26:55,747] {logging_mixin.py:115} INFO - [2022-06-15 07:26:55,746] {dag.py:2379} INFO - Sync 1 DAGs
[2022-06-15 07:26:55,987] {logging_mixin.py:115} INFO - [2022-06-15 07:26:55,987] {dag.py:2931} INFO - Setting next_dagrun for tutorial_etl_dag to None, run_after=None
[2022-06-15 07:26:56,005] {processor.py:161} INFO - Processing /home/airflow/.local/lib/python3.7/site-packages/airflow/example_dags/tutorial_etl_dag.py took 0.312 seconds
[2022-06-15 07:27:26,703] {processor.py:153} INFO - Started process (PID=604) to work on /home/airflow/.local/lib/python3.7/site-packages/airflow/example_dags/tutorial_etl_dag.py
[2022-06-15 07:27:26,705] {processor.py:641} INFO - Processing file /home/airflow/.local/lib/python3.7/site-packages/airflow/example_dags/tutorial_etl_dag.py for tasks to queue
[2022-06-15 07:27:26,706] {logging_mixin.py:115} INFO - [2022-06-15 07:27:26,706] {dagbag.py:507} INFO - Filling up the DagBag from /home/airflow/.local/lib/python3.7/site-packages/airflow/example_dags/tutorial_etl_dag.py
[2022-06-15 07:27:26,716] {processor.py:651} INFO - DAG(s) dict_keys(['tutorial_etl_dag']) retrieved from /home/airflow/.local/lib/python3.7/site-packages/airflow/example_dags/tutorial_etl_dag.py
[2022-06-15 07:27:26,750] {logging_mixin.py:115} INFO - [2022-06-15 07:27:26,750] {dag.py:2379} INFO - Sync 1 DAGs
[2022-06-15 07:27:26,895] {logging_mixin.py:115} INFO - [2022-06-15 07:27:26,895] {dag.py:2931} INFO - Setting next_dagrun for tutorial_etl_dag to None, run_after=None
[2022-06-15 07:27:26,908] {processor.py:161} INFO - Processing /home/airflow/.local/lib/python3.7/site-packages/airflow/example_dags/tutorial_etl_dag.py took 0.209 seconds
[2022-06-15 07:27:57,592] {processor.py:153} INFO - Started process (PID=671) to work on /home/airflow/.local/lib/python3.7/site-packages/airflow/example_dags/tutorial_etl_dag.py
[2022-06-15 07:27:57,595] {processor.py:641} INFO - Processing file /home/airflow/.local/lib/python3.7/site-packages/airflow/example_dags/tutorial_etl_dag.py for tasks to queue
[2022-06-15 07:27:57,597] {logging_mixin.py:115} INFO - [2022-06-15 07:27:57,596] {dagbag.py:507} INFO - Filling up the DagBag from /home/airflow/.local/lib/python3.7/site-packages/airflow/example_dags/tutorial_etl_dag.py
[2022-06-15 07:27:57,608] {processor.py:651} INFO - DAG(s) dict_keys(['tutorial_etl_dag']) retrieved from /home/airflow/.local/lib/python3.7/site-packages/airflow/example_dags/tutorial_etl_dag.py
[2022-06-15 07:27:57,635] {logging_mixin.py:115} INFO - [2022-06-15 07:27:57,635] {dag.py:2379} INFO - Sync 1 DAGs
[2022-06-15 07:27:57,826] {logging_mixin.py:115} INFO - [2022-06-15 07:27:57,826] {dag.py:2931} INFO - Setting next_dagrun for tutorial_etl_dag to None, run_after=None
[2022-06-15 07:27:57,833] {processor.py:161} INFO - Processing /home/airflow/.local/lib/python3.7/site-packages/airflow/example_dags/tutorial_etl_dag.py took 0.246 seconds
[2022-06-15 07:28:28,152] {processor.py:153} INFO - Started process (PID=739) to work on /home/airflow/.local/lib/python3.7/site-packages/airflow/example_dags/tutorial_etl_dag.py
[2022-06-15 07:28:28,159] {processor.py:641} INFO - Processing file /home/airflow/.local/lib/python3.7/site-packages/airflow/example_dags/tutorial_etl_dag.py for tasks to queue
[2022-06-15 07:28:28,169] {logging_mixin.py:115} INFO - [2022-06-15 07:28:28,168] {dagbag.py:507} INFO - Filling up the DagBag from /home/airflow/.local/lib/python3.7/site-packages/airflow/example_dags/tutorial_etl_dag.py
[2022-06-15 07:28:28,202] {processor.py:651} INFO - DAG(s) dict_keys(['tutorial_etl_dag']) retrieved from /home/airflow/.local/lib/python3.7/site-packages/airflow/example_dags/tutorial_etl_dag.py
[2022-06-15 07:28:28,284] {logging_mixin.py:115} INFO - [2022-06-15 07:28:28,283] {dag.py:2379} INFO - Sync 1 DAGs
[2022-06-15 07:28:28,609] {logging_mixin.py:115} INFO - [2022-06-15 07:28:28,609] {dag.py:2931} INFO - Setting next_dagrun for tutorial_etl_dag to None, run_after=None
[2022-06-15 07:28:28,622] {processor.py:161} INFO - Processing /home/airflow/.local/lib/python3.7/site-packages/airflow/example_dags/tutorial_etl_dag.py took 0.499 seconds
[2022-06-15 07:28:58,770] {processor.py:153} INFO - Started process (PID=796) to work on /home/airflow/.local/lib/python3.7/site-packages/airflow/example_dags/tutorial_etl_dag.py
[2022-06-15 07:28:58,772] {processor.py:641} INFO - Processing file /home/airflow/.local/lib/python3.7/site-packages/airflow/example_dags/tutorial_etl_dag.py for tasks to queue
[2022-06-15 07:28:58,774] {logging_mixin.py:115} INFO - [2022-06-15 07:28:58,774] {dagbag.py:507} INFO - Filling up the DagBag from /home/airflow/.local/lib/python3.7/site-packages/airflow/example_dags/tutorial_etl_dag.py
[2022-06-15 07:28:58,786] {processor.py:651} INFO - DAG(s) dict_keys(['tutorial_etl_dag']) retrieved from /home/airflow/.local/lib/python3.7/site-packages/airflow/example_dags/tutorial_etl_dag.py
[2022-06-15 07:28:58,818] {logging_mixin.py:115} INFO - [2022-06-15 07:28:58,817] {dag.py:2379} INFO - Sync 1 DAGs
[2022-06-15 07:28:58,949] {logging_mixin.py:115} INFO - [2022-06-15 07:28:58,949] {dag.py:2931} INFO - Setting next_dagrun for tutorial_etl_dag to None, run_after=None
[2022-06-15 07:28:58,956] {processor.py:161} INFO - Processing /home/airflow/.local/lib/python3.7/site-packages/airflow/example_dags/tutorial_etl_dag.py took 0.193 seconds
[2022-06-15 07:29:29,398] {processor.py:153} INFO - Started process (PID=864) to work on /home/airflow/.local/lib/python3.7/site-packages/airflow/example_dags/tutorial_etl_dag.py
[2022-06-15 07:29:29,402] {processor.py:641} INFO - Processing file /home/airflow/.local/lib/python3.7/site-packages/airflow/example_dags/tutorial_etl_dag.py for tasks to queue
[2022-06-15 07:29:29,404] {logging_mixin.py:115} INFO - [2022-06-15 07:29:29,404] {dagbag.py:507} INFO - Filling up the DagBag from /home/airflow/.local/lib/python3.7/site-packages/airflow/example_dags/tutorial_etl_dag.py
[2022-06-15 07:29:29,422] {processor.py:651} INFO - DAG(s) dict_keys(['tutorial_etl_dag']) retrieved from /home/airflow/.local/lib/python3.7/site-packages/airflow/example_dags/tutorial_etl_dag.py
[2022-06-15 07:29:29,454] {logging_mixin.py:115} INFO - [2022-06-15 07:29:29,454] {dag.py:2379} INFO - Sync 1 DAGs
[2022-06-15 07:29:29,663] {logging_mixin.py:115} INFO - [2022-06-15 07:29:29,663] {dag.py:2931} INFO - Setting next_dagrun for tutorial_etl_dag to None, run_after=None
[2022-06-15 07:29:29,673] {processor.py:161} INFO - Processing /home/airflow/.local/lib/python3.7/site-packages/airflow/example_dags/tutorial_etl_dag.py took 0.284 seconds
