[2022-06-15 07:09:13,558] {processor.py:153} INFO - Started process (PID=77) to work on /home/airflow/.local/lib/python3.7/site-packages/airflow/example_dags/tutorial_taskflow_api_etl.py
[2022-06-15 07:09:13,559] {processor.py:641} INFO - Processing file /home/airflow/.local/lib/python3.7/site-packages/airflow/example_dags/tutorial_taskflow_api_etl.py for tasks to queue
[2022-06-15 07:09:13,563] {logging_mixin.py:115} INFO - [2022-06-15 07:09:13,563] {dagbag.py:507} INFO - Filling up the DagBag from /home/airflow/.local/lib/python3.7/site-packages/airflow/example_dags/tutorial_taskflow_api_etl.py
[2022-06-15 07:09:13,589] {processor.py:651} INFO - DAG(s) dict_keys(['tutorial_taskflow_api_etl']) retrieved from /home/airflow/.local/lib/python3.7/site-packages/airflow/example_dags/tutorial_taskflow_api_etl.py
[2022-06-15 07:09:13,941] {logging_mixin.py:115} INFO - [2022-06-15 07:09:13,940] {manager.py:508} INFO - Created Permission View: can delete on DAG:tutorial_taskflow_api_etl
[2022-06-15 07:09:13,969] {logging_mixin.py:115} INFO - [2022-06-15 07:09:13,969] {manager.py:508} INFO - Created Permission View: can read on DAG:tutorial_taskflow_api_etl
[2022-06-15 07:09:13,981] {logging_mixin.py:115} INFO - [2022-06-15 07:09:13,981] {manager.py:508} INFO - Created Permission View: can edit on DAG:tutorial_taskflow_api_etl
[2022-06-15 07:09:13,983] {logging_mixin.py:115} INFO - [2022-06-15 07:09:13,983] {dag.py:2379} INFO - Sync 1 DAGs
[2022-06-15 07:09:13,995] {logging_mixin.py:115} INFO - [2022-06-15 07:09:13,995] {dag.py:2398} INFO - Creating ORM DAG for tutorial_taskflow_api_etl
[2022-06-15 07:09:14,006] {logging_mixin.py:115} INFO - [2022-06-15 07:09:14,006] {dag.py:2931} INFO - Setting next_dagrun for tutorial_taskflow_api_etl to None, run_after=None
[2022-06-15 07:09:14,024] {processor.py:161} INFO - Processing /home/airflow/.local/lib/python3.7/site-packages/airflow/example_dags/tutorial_taskflow_api_etl.py took 0.471 seconds
[2022-06-15 07:09:44,138] {processor.py:153} INFO - Started process (PID=146) to work on /home/airflow/.local/lib/python3.7/site-packages/airflow/example_dags/tutorial_taskflow_api_etl.py
[2022-06-15 07:09:44,140] {processor.py:641} INFO - Processing file /home/airflow/.local/lib/python3.7/site-packages/airflow/example_dags/tutorial_taskflow_api_etl.py for tasks to queue
[2022-06-15 07:09:44,141] {logging_mixin.py:115} INFO - [2022-06-15 07:09:44,141] {dagbag.py:507} INFO - Filling up the DagBag from /home/airflow/.local/lib/python3.7/site-packages/airflow/example_dags/tutorial_taskflow_api_etl.py
[2022-06-15 07:09:44,160] {processor.py:651} INFO - DAG(s) dict_keys(['tutorial_taskflow_api_etl']) retrieved from /home/airflow/.local/lib/python3.7/site-packages/airflow/example_dags/tutorial_taskflow_api_etl.py
[2022-06-15 07:09:44,617] {logging_mixin.py:115} INFO - [2022-06-15 07:09:44,616] {dag.py:2379} INFO - Sync 1 DAGs
[2022-06-15 07:09:44,656] {logging_mixin.py:115} INFO - [2022-06-15 07:09:44,656] {dag.py:2931} INFO - Setting next_dagrun for tutorial_taskflow_api_etl to None, run_after=None
[2022-06-15 07:09:44,682] {processor.py:161} INFO - Processing /home/airflow/.local/lib/python3.7/site-packages/airflow/example_dags/tutorial_taskflow_api_etl.py took 0.547 seconds
[2022-06-15 07:10:15,484] {processor.py:153} INFO - Started process (PID=216) to work on /home/airflow/.local/lib/python3.7/site-packages/airflow/example_dags/tutorial_taskflow_api_etl.py
[2022-06-15 07:10:15,486] {processor.py:641} INFO - Processing file /home/airflow/.local/lib/python3.7/site-packages/airflow/example_dags/tutorial_taskflow_api_etl.py for tasks to queue
[2022-06-15 07:10:15,488] {logging_mixin.py:115} INFO - [2022-06-15 07:10:15,488] {dagbag.py:507} INFO - Filling up the DagBag from /home/airflow/.local/lib/python3.7/site-packages/airflow/example_dags/tutorial_taskflow_api_etl.py
[2022-06-15 07:10:15,502] {processor.py:651} INFO - DAG(s) dict_keys(['tutorial_taskflow_api_etl']) retrieved from /home/airflow/.local/lib/python3.7/site-packages/airflow/example_dags/tutorial_taskflow_api_etl.py
[2022-06-15 07:10:15,660] {logging_mixin.py:115} INFO - [2022-06-15 07:10:15,660] {dag.py:2379} INFO - Sync 1 DAGs
[2022-06-15 07:10:15,673] {logging_mixin.py:115} INFO - [2022-06-15 07:10:15,673] {dag.py:2931} INFO - Setting next_dagrun for tutorial_taskflow_api_etl to None, run_after=None
[2022-06-15 07:10:15,683] {processor.py:161} INFO - Processing /home/airflow/.local/lib/python3.7/site-packages/airflow/example_dags/tutorial_taskflow_api_etl.py took 0.202 seconds
[2022-06-15 07:10:46,447] {processor.py:153} INFO - Started process (PID=284) to work on /home/airflow/.local/lib/python3.7/site-packages/airflow/example_dags/tutorial_taskflow_api_etl.py
[2022-06-15 07:10:46,449] {processor.py:641} INFO - Processing file /home/airflow/.local/lib/python3.7/site-packages/airflow/example_dags/tutorial_taskflow_api_etl.py for tasks to queue
[2022-06-15 07:10:46,451] {logging_mixin.py:115} INFO - [2022-06-15 07:10:46,451] {dagbag.py:507} INFO - Filling up the DagBag from /home/airflow/.local/lib/python3.7/site-packages/airflow/example_dags/tutorial_taskflow_api_etl.py
[2022-06-15 07:10:46,465] {processor.py:651} INFO - DAG(s) dict_keys(['tutorial_taskflow_api_etl']) retrieved from /home/airflow/.local/lib/python3.7/site-packages/airflow/example_dags/tutorial_taskflow_api_etl.py
[2022-06-15 07:10:46,795] {logging_mixin.py:115} INFO - [2022-06-15 07:10:46,795] {dag.py:2379} INFO - Sync 1 DAGs
[2022-06-15 07:10:46,811] {logging_mixin.py:115} INFO - [2022-06-15 07:10:46,811] {dag.py:2931} INFO - Setting next_dagrun for tutorial_taskflow_api_etl to None, run_after=None
[2022-06-15 07:10:46,821] {processor.py:161} INFO - Processing /home/airflow/.local/lib/python3.7/site-packages/airflow/example_dags/tutorial_taskflow_api_etl.py took 0.384 seconds
[2022-06-15 07:14:32,183] {processor.py:153} INFO - Started process (PID=72) to work on /home/airflow/.local/lib/python3.7/site-packages/airflow/example_dags/tutorial_taskflow_api_etl.py
[2022-06-15 07:14:32,200] {processor.py:641} INFO - Processing file /home/airflow/.local/lib/python3.7/site-packages/airflow/example_dags/tutorial_taskflow_api_etl.py for tasks to queue
[2022-06-15 07:14:32,208] {logging_mixin.py:115} INFO - [2022-06-15 07:14:32,208] {dagbag.py:507} INFO - Filling up the DagBag from /home/airflow/.local/lib/python3.7/site-packages/airflow/example_dags/tutorial_taskflow_api_etl.py
[2022-06-15 07:14:32,746] {processor.py:651} INFO - DAG(s) dict_keys(['tutorial_taskflow_api_etl']) retrieved from /home/airflow/.local/lib/python3.7/site-packages/airflow/example_dags/tutorial_taskflow_api_etl.py
[2022-06-15 07:14:34,434] {logging_mixin.py:115} INFO - [2022-06-15 07:14:34,433] {dag.py:2379} INFO - Sync 1 DAGs
[2022-06-15 07:14:34,707] {logging_mixin.py:115} INFO - [2022-06-15 07:14:34,706] {dag.py:2931} INFO - Setting next_dagrun for tutorial_taskflow_api_etl to None, run_after=None
[2022-06-15 07:14:35,077] {processor.py:161} INFO - Processing /home/airflow/.local/lib/python3.7/site-packages/airflow/example_dags/tutorial_taskflow_api_etl.py took 2.927 seconds
[2022-06-15 07:15:15,497] {processor.py:153} INFO - Started process (PID=127) to work on /home/airflow/.local/lib/python3.7/site-packages/airflow/example_dags/tutorial_taskflow_api_etl.py
[2022-06-15 07:15:15,498] {processor.py:641} INFO - Processing file /home/airflow/.local/lib/python3.7/site-packages/airflow/example_dags/tutorial_taskflow_api_etl.py for tasks to queue
[2022-06-15 07:15:15,503] {logging_mixin.py:115} INFO - [2022-06-15 07:15:15,503] {dagbag.py:507} INFO - Filling up the DagBag from /home/airflow/.local/lib/python3.7/site-packages/airflow/example_dags/tutorial_taskflow_api_etl.py
[2022-06-15 07:15:15,553] {processor.py:651} INFO - DAG(s) dict_keys(['tutorial_taskflow_api_etl']) retrieved from /home/airflow/.local/lib/python3.7/site-packages/airflow/example_dags/tutorial_taskflow_api_etl.py
[2022-06-15 07:15:15,620] {logging_mixin.py:115} INFO - [2022-06-15 07:15:15,620] {dag.py:2379} INFO - Sync 1 DAGs
[2022-06-15 07:15:15,642] {logging_mixin.py:115} INFO - [2022-06-15 07:15:15,642] {dag.py:2931} INFO - Setting next_dagrun for tutorial_taskflow_api_etl to None, run_after=None
[2022-06-15 07:15:15,654] {processor.py:161} INFO - Processing /home/airflow/.local/lib/python3.7/site-packages/airflow/example_dags/tutorial_taskflow_api_etl.py took 0.161 seconds
[2022-06-15 07:15:46,686] {processor.py:153} INFO - Started process (PID=192) to work on /home/airflow/.local/lib/python3.7/site-packages/airflow/example_dags/tutorial_taskflow_api_etl.py
[2022-06-15 07:15:46,687] {processor.py:641} INFO - Processing file /home/airflow/.local/lib/python3.7/site-packages/airflow/example_dags/tutorial_taskflow_api_etl.py for tasks to queue
[2022-06-15 07:15:46,688] {logging_mixin.py:115} INFO - [2022-06-15 07:15:46,688] {dagbag.py:507} INFO - Filling up the DagBag from /home/airflow/.local/lib/python3.7/site-packages/airflow/example_dags/tutorial_taskflow_api_etl.py
[2022-06-15 07:15:46,706] {processor.py:651} INFO - DAG(s) dict_keys(['tutorial_taskflow_api_etl']) retrieved from /home/airflow/.local/lib/python3.7/site-packages/airflow/example_dags/tutorial_taskflow_api_etl.py
[2022-06-15 07:15:46,752] {logging_mixin.py:115} INFO - [2022-06-15 07:15:46,752] {dag.py:2379} INFO - Sync 1 DAGs
[2022-06-15 07:15:46,767] {logging_mixin.py:115} INFO - [2022-06-15 07:15:46,767] {dag.py:2931} INFO - Setting next_dagrun for tutorial_taskflow_api_etl to None, run_after=None
[2022-06-15 07:15:46,780] {processor.py:161} INFO - Processing /home/airflow/.local/lib/python3.7/site-packages/airflow/example_dags/tutorial_taskflow_api_etl.py took 0.097 seconds
[2022-06-15 07:16:17,329] {processor.py:153} INFO - Started process (PID=251) to work on /home/airflow/.local/lib/python3.7/site-packages/airflow/example_dags/tutorial_taskflow_api_etl.py
[2022-06-15 07:16:17,331] {processor.py:641} INFO - Processing file /home/airflow/.local/lib/python3.7/site-packages/airflow/example_dags/tutorial_taskflow_api_etl.py for tasks to queue
[2022-06-15 07:16:17,335] {logging_mixin.py:115} INFO - [2022-06-15 07:16:17,335] {dagbag.py:507} INFO - Filling up the DagBag from /home/airflow/.local/lib/python3.7/site-packages/airflow/example_dags/tutorial_taskflow_api_etl.py
[2022-06-15 07:16:17,366] {processor.py:651} INFO - DAG(s) dict_keys(['tutorial_taskflow_api_etl']) retrieved from /home/airflow/.local/lib/python3.7/site-packages/airflow/example_dags/tutorial_taskflow_api_etl.py
[2022-06-15 07:16:17,466] {logging_mixin.py:115} INFO - [2022-06-15 07:16:17,466] {dag.py:2379} INFO - Sync 1 DAGs
[2022-06-15 07:16:17,480] {logging_mixin.py:115} INFO - [2022-06-15 07:16:17,480] {dag.py:2931} INFO - Setting next_dagrun for tutorial_taskflow_api_etl to None, run_after=None
[2022-06-15 07:16:17,496] {processor.py:161} INFO - Processing /home/airflow/.local/lib/python3.7/site-packages/airflow/example_dags/tutorial_taskflow_api_etl.py took 0.171 seconds
[2022-06-15 07:16:47,905] {processor.py:153} INFO - Started process (PID=319) to work on /home/airflow/.local/lib/python3.7/site-packages/airflow/example_dags/tutorial_taskflow_api_etl.py
[2022-06-15 07:16:47,906] {processor.py:641} INFO - Processing file /home/airflow/.local/lib/python3.7/site-packages/airflow/example_dags/tutorial_taskflow_api_etl.py for tasks to queue
[2022-06-15 07:16:47,908] {logging_mixin.py:115} INFO - [2022-06-15 07:16:47,908] {dagbag.py:507} INFO - Filling up the DagBag from /home/airflow/.local/lib/python3.7/site-packages/airflow/example_dags/tutorial_taskflow_api_etl.py
[2022-06-15 07:16:47,920] {processor.py:651} INFO - DAG(s) dict_keys(['tutorial_taskflow_api_etl']) retrieved from /home/airflow/.local/lib/python3.7/site-packages/airflow/example_dags/tutorial_taskflow_api_etl.py
[2022-06-15 07:16:47,957] {logging_mixin.py:115} INFO - [2022-06-15 07:16:47,957] {dag.py:2379} INFO - Sync 1 DAGs
[2022-06-15 07:16:47,968] {logging_mixin.py:115} INFO - [2022-06-15 07:16:47,968] {dag.py:2931} INFO - Setting next_dagrun for tutorial_taskflow_api_etl to None, run_after=None
[2022-06-15 07:16:47,978] {processor.py:161} INFO - Processing /home/airflow/.local/lib/python3.7/site-packages/airflow/example_dags/tutorial_taskflow_api_etl.py took 0.075 seconds
[2022-06-15 07:23:23,478] {processor.py:153} INFO - Started process (PID=88) to work on /home/airflow/.local/lib/python3.7/site-packages/airflow/example_dags/tutorial_taskflow_api_etl.py
[2022-06-15 07:23:23,480] {processor.py:641} INFO - Processing file /home/airflow/.local/lib/python3.7/site-packages/airflow/example_dags/tutorial_taskflow_api_etl.py for tasks to queue
[2022-06-15 07:23:23,482] {logging_mixin.py:115} INFO - [2022-06-15 07:23:23,482] {dagbag.py:507} INFO - Filling up the DagBag from /home/airflow/.local/lib/python3.7/site-packages/airflow/example_dags/tutorial_taskflow_api_etl.py
[2022-06-15 07:23:23,499] {processor.py:651} INFO - DAG(s) dict_keys(['tutorial_taskflow_api_etl']) retrieved from /home/airflow/.local/lib/python3.7/site-packages/airflow/example_dags/tutorial_taskflow_api_etl.py
[2022-06-15 07:23:23,732] {logging_mixin.py:115} INFO - [2022-06-15 07:23:23,732] {dag.py:2379} INFO - Sync 1 DAGs
[2022-06-15 07:23:23,744] {logging_mixin.py:115} INFO - [2022-06-15 07:23:23,744] {dag.py:2931} INFO - Setting next_dagrun for tutorial_taskflow_api_etl to None, run_after=None
[2022-06-15 07:23:23,751] {processor.py:161} INFO - Processing /home/airflow/.local/lib/python3.7/site-packages/airflow/example_dags/tutorial_taskflow_api_etl.py took 0.279 seconds
[2022-06-15 07:23:54,319] {processor.py:153} INFO - Started process (PID=154) to work on /home/airflow/.local/lib/python3.7/site-packages/airflow/example_dags/tutorial_taskflow_api_etl.py
[2022-06-15 07:23:54,320] {processor.py:641} INFO - Processing file /home/airflow/.local/lib/python3.7/site-packages/airflow/example_dags/tutorial_taskflow_api_etl.py for tasks to queue
[2022-06-15 07:23:54,322] {logging_mixin.py:115} INFO - [2022-06-15 07:23:54,322] {dagbag.py:507} INFO - Filling up the DagBag from /home/airflow/.local/lib/python3.7/site-packages/airflow/example_dags/tutorial_taskflow_api_etl.py
[2022-06-15 07:23:54,335] {processor.py:651} INFO - DAG(s) dict_keys(['tutorial_taskflow_api_etl']) retrieved from /home/airflow/.local/lib/python3.7/site-packages/airflow/example_dags/tutorial_taskflow_api_etl.py
[2022-06-15 07:23:54,486] {logging_mixin.py:115} INFO - [2022-06-15 07:23:54,486] {dag.py:2379} INFO - Sync 1 DAGs
[2022-06-15 07:23:54,499] {logging_mixin.py:115} INFO - [2022-06-15 07:23:54,499] {dag.py:2931} INFO - Setting next_dagrun for tutorial_taskflow_api_etl to None, run_after=None
[2022-06-15 07:23:54,507] {processor.py:161} INFO - Processing /home/airflow/.local/lib/python3.7/site-packages/airflow/example_dags/tutorial_taskflow_api_etl.py took 0.191 seconds
[2022-06-15 07:24:25,787] {processor.py:153} INFO - Started process (PID=222) to work on /home/airflow/.local/lib/python3.7/site-packages/airflow/example_dags/tutorial_taskflow_api_etl.py
[2022-06-15 07:24:25,788] {processor.py:641} INFO - Processing file /home/airflow/.local/lib/python3.7/site-packages/airflow/example_dags/tutorial_taskflow_api_etl.py for tasks to queue
[2022-06-15 07:24:25,789] {logging_mixin.py:115} INFO - [2022-06-15 07:24:25,789] {dagbag.py:507} INFO - Filling up the DagBag from /home/airflow/.local/lib/python3.7/site-packages/airflow/example_dags/tutorial_taskflow_api_etl.py
[2022-06-15 07:24:25,801] {processor.py:651} INFO - DAG(s) dict_keys(['tutorial_taskflow_api_etl']) retrieved from /home/airflow/.local/lib/python3.7/site-packages/airflow/example_dags/tutorial_taskflow_api_etl.py
[2022-06-15 07:24:25,996] {logging_mixin.py:115} INFO - [2022-06-15 07:24:25,995] {dag.py:2379} INFO - Sync 1 DAGs
[2022-06-15 07:24:26,013] {logging_mixin.py:115} INFO - [2022-06-15 07:24:26,013] {dag.py:2931} INFO - Setting next_dagrun for tutorial_taskflow_api_etl to None, run_after=None
[2022-06-15 07:24:26,026] {processor.py:161} INFO - Processing /home/airflow/.local/lib/python3.7/site-packages/airflow/example_dags/tutorial_taskflow_api_etl.py took 0.243 seconds
[2022-06-15 07:24:56,294] {processor.py:153} INFO - Started process (PID=280) to work on /home/airflow/.local/lib/python3.7/site-packages/airflow/example_dags/tutorial_taskflow_api_etl.py
[2022-06-15 07:24:56,295] {processor.py:641} INFO - Processing file /home/airflow/.local/lib/python3.7/site-packages/airflow/example_dags/tutorial_taskflow_api_etl.py for tasks to queue
[2022-06-15 07:24:56,296] {logging_mixin.py:115} INFO - [2022-06-15 07:24:56,296] {dagbag.py:507} INFO - Filling up the DagBag from /home/airflow/.local/lib/python3.7/site-packages/airflow/example_dags/tutorial_taskflow_api_etl.py
[2022-06-15 07:24:56,309] {processor.py:651} INFO - DAG(s) dict_keys(['tutorial_taskflow_api_etl']) retrieved from /home/airflow/.local/lib/python3.7/site-packages/airflow/example_dags/tutorial_taskflow_api_etl.py
[2022-06-15 07:24:56,438] {logging_mixin.py:115} INFO - [2022-06-15 07:24:56,437] {dag.py:2379} INFO - Sync 1 DAGs
[2022-06-15 07:24:56,462] {logging_mixin.py:115} INFO - [2022-06-15 07:24:56,462] {dag.py:2931} INFO - Setting next_dagrun for tutorial_taskflow_api_etl to None, run_after=None
[2022-06-15 07:24:56,476] {processor.py:161} INFO - Processing /home/airflow/.local/lib/python3.7/site-packages/airflow/example_dags/tutorial_taskflow_api_etl.py took 0.185 seconds
[2022-06-15 07:25:27,567] {processor.py:153} INFO - Started process (PID=349) to work on /home/airflow/.local/lib/python3.7/site-packages/airflow/example_dags/tutorial_taskflow_api_etl.py
[2022-06-15 07:25:27,568] {processor.py:641} INFO - Processing file /home/airflow/.local/lib/python3.7/site-packages/airflow/example_dags/tutorial_taskflow_api_etl.py for tasks to queue
[2022-06-15 07:25:27,569] {logging_mixin.py:115} INFO - [2022-06-15 07:25:27,569] {dagbag.py:507} INFO - Filling up the DagBag from /home/airflow/.local/lib/python3.7/site-packages/airflow/example_dags/tutorial_taskflow_api_etl.py
[2022-06-15 07:25:27,579] {processor.py:651} INFO - DAG(s) dict_keys(['tutorial_taskflow_api_etl']) retrieved from /home/airflow/.local/lib/python3.7/site-packages/airflow/example_dags/tutorial_taskflow_api_etl.py
[2022-06-15 07:25:27,709] {logging_mixin.py:115} INFO - [2022-06-15 07:25:27,709] {dag.py:2379} INFO - Sync 1 DAGs
[2022-06-15 07:25:27,721] {logging_mixin.py:115} INFO - [2022-06-15 07:25:27,721] {dag.py:2931} INFO - Setting next_dagrun for tutorial_taskflow_api_etl to None, run_after=None
[2022-06-15 07:25:27,734] {processor.py:161} INFO - Processing /home/airflow/.local/lib/python3.7/site-packages/airflow/example_dags/tutorial_taskflow_api_etl.py took 0.169 seconds
[2022-06-15 07:25:58,518] {processor.py:153} INFO - Started process (PID=420) to work on /home/airflow/.local/lib/python3.7/site-packages/airflow/example_dags/tutorial_taskflow_api_etl.py
[2022-06-15 07:25:58,519] {processor.py:641} INFO - Processing file /home/airflow/.local/lib/python3.7/site-packages/airflow/example_dags/tutorial_taskflow_api_etl.py for tasks to queue
[2022-06-15 07:25:58,520] {logging_mixin.py:115} INFO - [2022-06-15 07:25:58,520] {dagbag.py:507} INFO - Filling up the DagBag from /home/airflow/.local/lib/python3.7/site-packages/airflow/example_dags/tutorial_taskflow_api_etl.py
[2022-06-15 07:25:58,532] {processor.py:651} INFO - DAG(s) dict_keys(['tutorial_taskflow_api_etl']) retrieved from /home/airflow/.local/lib/python3.7/site-packages/airflow/example_dags/tutorial_taskflow_api_etl.py
[2022-06-15 07:25:58,674] {logging_mixin.py:115} INFO - [2022-06-15 07:25:58,674] {dag.py:2379} INFO - Sync 1 DAGs
[2022-06-15 07:25:58,686] {logging_mixin.py:115} INFO - [2022-06-15 07:25:58,686] {dag.py:2931} INFO - Setting next_dagrun for tutorial_taskflow_api_etl to None, run_after=None
[2022-06-15 07:25:58,696] {processor.py:161} INFO - Processing /home/airflow/.local/lib/python3.7/site-packages/airflow/example_dags/tutorial_taskflow_api_etl.py took 0.181 seconds
[2022-06-15 07:26:29,161] {processor.py:153} INFO - Started process (PID=488) to work on /home/airflow/.local/lib/python3.7/site-packages/airflow/example_dags/tutorial_taskflow_api_etl.py
[2022-06-15 07:26:29,163] {processor.py:641} INFO - Processing file /home/airflow/.local/lib/python3.7/site-packages/airflow/example_dags/tutorial_taskflow_api_etl.py for tasks to queue
[2022-06-15 07:26:29,164] {logging_mixin.py:115} INFO - [2022-06-15 07:26:29,164] {dagbag.py:507} INFO - Filling up the DagBag from /home/airflow/.local/lib/python3.7/site-packages/airflow/example_dags/tutorial_taskflow_api_etl.py
[2022-06-15 07:26:29,175] {processor.py:651} INFO - DAG(s) dict_keys(['tutorial_taskflow_api_etl']) retrieved from /home/airflow/.local/lib/python3.7/site-packages/airflow/example_dags/tutorial_taskflow_api_etl.py
[2022-06-15 07:26:29,320] {logging_mixin.py:115} INFO - [2022-06-15 07:26:29,320] {dag.py:2379} INFO - Sync 1 DAGs
[2022-06-15 07:26:29,332] {logging_mixin.py:115} INFO - [2022-06-15 07:26:29,332] {dag.py:2931} INFO - Setting next_dagrun for tutorial_taskflow_api_etl to None, run_after=None
[2022-06-15 07:26:29,341] {processor.py:161} INFO - Processing /home/airflow/.local/lib/python3.7/site-packages/airflow/example_dags/tutorial_taskflow_api_etl.py took 0.182 seconds
[2022-06-15 07:27:00,045] {processor.py:153} INFO - Started process (PID=555) to work on /home/airflow/.local/lib/python3.7/site-packages/airflow/example_dags/tutorial_taskflow_api_etl.py
[2022-06-15 07:27:00,046] {processor.py:641} INFO - Processing file /home/airflow/.local/lib/python3.7/site-packages/airflow/example_dags/tutorial_taskflow_api_etl.py for tasks to queue
[2022-06-15 07:27:00,047] {logging_mixin.py:115} INFO - [2022-06-15 07:27:00,047] {dagbag.py:507} INFO - Filling up the DagBag from /home/airflow/.local/lib/python3.7/site-packages/airflow/example_dags/tutorial_taskflow_api_etl.py
[2022-06-15 07:27:00,060] {processor.py:651} INFO - DAG(s) dict_keys(['tutorial_taskflow_api_etl']) retrieved from /home/airflow/.local/lib/python3.7/site-packages/airflow/example_dags/tutorial_taskflow_api_etl.py
[2022-06-15 07:27:00,081] {logging_mixin.py:115} INFO - [2022-06-15 07:27:00,081] {dag.py:2379} INFO - Sync 1 DAGs
[2022-06-15 07:27:00,196] {logging_mixin.py:115} INFO - [2022-06-15 07:27:00,196] {dag.py:2931} INFO - Setting next_dagrun for tutorial_taskflow_api_etl to None, run_after=None
[2022-06-15 07:27:00,208] {processor.py:161} INFO - Processing /home/airflow/.local/lib/python3.7/site-packages/airflow/example_dags/tutorial_taskflow_api_etl.py took 0.166 seconds
[2022-06-15 07:27:30,719] {processor.py:153} INFO - Started process (PID=613) to work on /home/airflow/.local/lib/python3.7/site-packages/airflow/example_dags/tutorial_taskflow_api_etl.py
[2022-06-15 07:27:30,720] {processor.py:641} INFO - Processing file /home/airflow/.local/lib/python3.7/site-packages/airflow/example_dags/tutorial_taskflow_api_etl.py for tasks to queue
[2022-06-15 07:27:30,721] {logging_mixin.py:115} INFO - [2022-06-15 07:27:30,721] {dagbag.py:507} INFO - Filling up the DagBag from /home/airflow/.local/lib/python3.7/site-packages/airflow/example_dags/tutorial_taskflow_api_etl.py
[2022-06-15 07:27:30,733] {processor.py:651} INFO - DAG(s) dict_keys(['tutorial_taskflow_api_etl']) retrieved from /home/airflow/.local/lib/python3.7/site-packages/airflow/example_dags/tutorial_taskflow_api_etl.py
[2022-06-15 07:27:30,897] {logging_mixin.py:115} INFO - [2022-06-15 07:27:30,897] {dag.py:2379} INFO - Sync 1 DAGs
[2022-06-15 07:27:30,911] {logging_mixin.py:115} INFO - [2022-06-15 07:27:30,911] {dag.py:2931} INFO - Setting next_dagrun for tutorial_taskflow_api_etl to None, run_after=None
[2022-06-15 07:27:30,922] {processor.py:161} INFO - Processing /home/airflow/.local/lib/python3.7/site-packages/airflow/example_dags/tutorial_taskflow_api_etl.py took 0.206 seconds
[2022-06-15 07:28:02,030] {processor.py:153} INFO - Started process (PID=682) to work on /home/airflow/.local/lib/python3.7/site-packages/airflow/example_dags/tutorial_taskflow_api_etl.py
[2022-06-15 07:28:02,031] {processor.py:641} INFO - Processing file /home/airflow/.local/lib/python3.7/site-packages/airflow/example_dags/tutorial_taskflow_api_etl.py for tasks to queue
[2022-06-15 07:28:02,032] {logging_mixin.py:115} INFO - [2022-06-15 07:28:02,032] {dagbag.py:507} INFO - Filling up the DagBag from /home/airflow/.local/lib/python3.7/site-packages/airflow/example_dags/tutorial_taskflow_api_etl.py
[2022-06-15 07:28:02,043] {processor.py:651} INFO - DAG(s) dict_keys(['tutorial_taskflow_api_etl']) retrieved from /home/airflow/.local/lib/python3.7/site-packages/airflow/example_dags/tutorial_taskflow_api_etl.py
[2022-06-15 07:28:02,162] {logging_mixin.py:115} INFO - [2022-06-15 07:28:02,162] {dag.py:2379} INFO - Sync 1 DAGs
[2022-06-15 07:28:02,173] {logging_mixin.py:115} INFO - [2022-06-15 07:28:02,173] {dag.py:2931} INFO - Setting next_dagrun for tutorial_taskflow_api_etl to None, run_after=None
[2022-06-15 07:28:02,182] {processor.py:161} INFO - Processing /home/airflow/.local/lib/python3.7/site-packages/airflow/example_dags/tutorial_taskflow_api_etl.py took 0.155 seconds
[2022-06-15 07:28:33,002] {processor.py:153} INFO - Started process (PID=750) to work on /home/airflow/.local/lib/python3.7/site-packages/airflow/example_dags/tutorial_taskflow_api_etl.py
[2022-06-15 07:28:33,003] {processor.py:641} INFO - Processing file /home/airflow/.local/lib/python3.7/site-packages/airflow/example_dags/tutorial_taskflow_api_etl.py for tasks to queue
[2022-06-15 07:28:33,004] {logging_mixin.py:115} INFO - [2022-06-15 07:28:33,004] {dagbag.py:507} INFO - Filling up the DagBag from /home/airflow/.local/lib/python3.7/site-packages/airflow/example_dags/tutorial_taskflow_api_etl.py
[2022-06-15 07:28:33,020] {processor.py:651} INFO - DAG(s) dict_keys(['tutorial_taskflow_api_etl']) retrieved from /home/airflow/.local/lib/python3.7/site-packages/airflow/example_dags/tutorial_taskflow_api_etl.py
[2022-06-15 07:28:33,209] {logging_mixin.py:115} INFO - [2022-06-15 07:28:33,209] {dag.py:2379} INFO - Sync 1 DAGs
[2022-06-15 07:28:33,229] {logging_mixin.py:115} INFO - [2022-06-15 07:28:33,229] {dag.py:2931} INFO - Setting next_dagrun for tutorial_taskflow_api_etl to None, run_after=None
[2022-06-15 07:28:33,243] {processor.py:161} INFO - Processing /home/airflow/.local/lib/python3.7/site-packages/airflow/example_dags/tutorial_taskflow_api_etl.py took 0.244 seconds
[2022-06-15 07:29:04,015] {processor.py:153} INFO - Started process (PID=817) to work on /home/airflow/.local/lib/python3.7/site-packages/airflow/example_dags/tutorial_taskflow_api_etl.py
[2022-06-15 07:29:04,016] {processor.py:641} INFO - Processing file /home/airflow/.local/lib/python3.7/site-packages/airflow/example_dags/tutorial_taskflow_api_etl.py for tasks to queue
[2022-06-15 07:29:04,017] {logging_mixin.py:115} INFO - [2022-06-15 07:29:04,017] {dagbag.py:507} INFO - Filling up the DagBag from /home/airflow/.local/lib/python3.7/site-packages/airflow/example_dags/tutorial_taskflow_api_etl.py
[2022-06-15 07:29:04,028] {processor.py:651} INFO - DAG(s) dict_keys(['tutorial_taskflow_api_etl']) retrieved from /home/airflow/.local/lib/python3.7/site-packages/airflow/example_dags/tutorial_taskflow_api_etl.py
[2022-06-15 07:29:04,165] {logging_mixin.py:115} INFO - [2022-06-15 07:29:04,165] {dag.py:2379} INFO - Sync 1 DAGs
[2022-06-15 07:29:04,179] {logging_mixin.py:115} INFO - [2022-06-15 07:29:04,179] {dag.py:2931} INFO - Setting next_dagrun for tutorial_taskflow_api_etl to None, run_after=None
[2022-06-15 07:29:04,187] {processor.py:161} INFO - Processing /home/airflow/.local/lib/python3.7/site-packages/airflow/example_dags/tutorial_taskflow_api_etl.py took 0.175 seconds
[2022-06-15 07:29:34,715] {processor.py:153} INFO - Started process (PID=885) to work on /home/airflow/.local/lib/python3.7/site-packages/airflow/example_dags/tutorial_taskflow_api_etl.py
[2022-06-15 07:29:34,716] {processor.py:641} INFO - Processing file /home/airflow/.local/lib/python3.7/site-packages/airflow/example_dags/tutorial_taskflow_api_etl.py for tasks to queue
[2022-06-15 07:29:34,717] {logging_mixin.py:115} INFO - [2022-06-15 07:29:34,717] {dagbag.py:507} INFO - Filling up the DagBag from /home/airflow/.local/lib/python3.7/site-packages/airflow/example_dags/tutorial_taskflow_api_etl.py
[2022-06-15 07:29:34,733] {processor.py:651} INFO - DAG(s) dict_keys(['tutorial_taskflow_api_etl']) retrieved from /home/airflow/.local/lib/python3.7/site-packages/airflow/example_dags/tutorial_taskflow_api_etl.py
[2022-06-15 07:29:34,862] {logging_mixin.py:115} INFO - [2022-06-15 07:29:34,862] {dag.py:2379} INFO - Sync 1 DAGs
[2022-06-15 07:29:34,876] {logging_mixin.py:115} INFO - [2022-06-15 07:29:34,876] {dag.py:2931} INFO - Setting next_dagrun for tutorial_taskflow_api_etl to None, run_after=None
[2022-06-15 07:29:34,885] {processor.py:161} INFO - Processing /home/airflow/.local/lib/python3.7/site-packages/airflow/example_dags/tutorial_taskflow_api_etl.py took 0.175 seconds
