[2022-06-24 06:58:34,293] {processor.py:153} INFO - Started process (PID=5487) to work on /home/airflow/.local/lib/python3.7/site-packages/airflow/example_dags/example_branch_datetime_operator.py
[2022-06-24 06:58:34,294] {processor.py:641} INFO - Processing file /home/airflow/.local/lib/python3.7/site-packages/airflow/example_dags/example_branch_datetime_operator.py for tasks to queue
[2022-06-24 06:58:34,295] {logging_mixin.py:115} INFO - [2022-06-24 06:58:34,295] {dagbag.py:507} INFO - Filling up the DagBag from /home/airflow/.local/lib/python3.7/site-packages/airflow/example_dags/example_branch_datetime_operator.py
[2022-06-24 06:58:34,303] {processor.py:651} INFO - DAG(s) dict_keys(['example_branch_datetime_operator_2']) retrieved from /home/airflow/.local/lib/python3.7/site-packages/airflow/example_dags/example_branch_datetime_operator.py
[2022-06-24 06:58:34,329] {logging_mixin.py:115} INFO - [2022-06-24 06:58:34,329] {dag.py:2379} INFO - Sync 1 DAGs
[2022-06-24 06:58:34,351] {logging_mixin.py:115} INFO - [2022-06-24 06:58:34,350] {dag.py:2931} INFO - Setting next_dagrun for example_branch_datetime_operator_2 to 2022-06-23T00:00:00+00:00, run_after=2022-06-24T00:00:00+00:00
[2022-06-24 06:58:34,373] {processor.py:161} INFO - Processing /home/airflow/.local/lib/python3.7/site-packages/airflow/example_dags/example_branch_datetime_operator.py took 0.083 seconds
[2022-06-24 06:59:06,577] {processor.py:153} INFO - Started process (PID=5542) to work on /home/airflow/.local/lib/python3.7/site-packages/airflow/example_dags/example_branch_datetime_operator.py
[2022-06-24 06:59:06,578] {processor.py:641} INFO - Processing file /home/airflow/.local/lib/python3.7/site-packages/airflow/example_dags/example_branch_datetime_operator.py for tasks to queue
[2022-06-24 06:59:06,579] {logging_mixin.py:115} INFO - [2022-06-24 06:59:06,579] {dagbag.py:507} INFO - Filling up the DagBag from /home/airflow/.local/lib/python3.7/site-packages/airflow/example_dags/example_branch_datetime_operator.py
[2022-06-24 06:59:06,597] {processor.py:651} INFO - DAG(s) dict_keys(['example_branch_datetime_operator_2']) retrieved from /home/airflow/.local/lib/python3.7/site-packages/airflow/example_dags/example_branch_datetime_operator.py
[2022-06-24 06:59:06,636] {logging_mixin.py:115} INFO - [2022-06-24 06:59:06,636] {dag.py:2379} INFO - Sync 1 DAGs
[2022-06-24 06:59:06,665] {logging_mixin.py:115} INFO - [2022-06-24 06:59:06,665] {dag.py:2931} INFO - Setting next_dagrun for example_branch_datetime_operator_2 to 2022-06-23T00:00:00+00:00, run_after=2022-06-24T00:00:00+00:00
[2022-06-24 06:59:06,687] {processor.py:161} INFO - Processing /home/airflow/.local/lib/python3.7/site-packages/airflow/example_dags/example_branch_datetime_operator.py took 0.114 seconds
[2022-06-24 06:59:37,626] {processor.py:153} INFO - Started process (PID=5607) to work on /home/airflow/.local/lib/python3.7/site-packages/airflow/example_dags/example_branch_datetime_operator.py
[2022-06-24 06:59:37,628] {processor.py:641} INFO - Processing file /home/airflow/.local/lib/python3.7/site-packages/airflow/example_dags/example_branch_datetime_operator.py for tasks to queue
[2022-06-24 06:59:37,629] {logging_mixin.py:115} INFO - [2022-06-24 06:59:37,629] {dagbag.py:507} INFO - Filling up the DagBag from /home/airflow/.local/lib/python3.7/site-packages/airflow/example_dags/example_branch_datetime_operator.py
[2022-06-24 06:59:37,641] {processor.py:651} INFO - DAG(s) dict_keys(['example_branch_datetime_operator_2']) retrieved from /home/airflow/.local/lib/python3.7/site-packages/airflow/example_dags/example_branch_datetime_operator.py
[2022-06-24 06:59:37,736] {logging_mixin.py:115} INFO - [2022-06-24 06:59:37,736] {dag.py:2379} INFO - Sync 1 DAGs
[2022-06-24 06:59:37,780] {logging_mixin.py:115} INFO - [2022-06-24 06:59:37,780] {dag.py:2931} INFO - Setting next_dagrun for example_branch_datetime_operator_2 to 2022-06-23T00:00:00+00:00, run_after=2022-06-24T00:00:00+00:00
[2022-06-24 06:59:37,803] {processor.py:161} INFO - Processing /home/airflow/.local/lib/python3.7/site-packages/airflow/example_dags/example_branch_datetime_operator.py took 0.181 seconds
[2022-06-24 07:00:07,889] {processor.py:153} INFO - Started process (PID=5662) to work on /home/airflow/.local/lib/python3.7/site-packages/airflow/example_dags/example_branch_datetime_operator.py
[2022-06-24 07:00:07,890] {processor.py:641} INFO - Processing file /home/airflow/.local/lib/python3.7/site-packages/airflow/example_dags/example_branch_datetime_operator.py for tasks to queue
[2022-06-24 07:00:07,891] {logging_mixin.py:115} INFO - [2022-06-24 07:00:07,891] {dagbag.py:507} INFO - Filling up the DagBag from /home/airflow/.local/lib/python3.7/site-packages/airflow/example_dags/example_branch_datetime_operator.py
[2022-06-24 07:00:07,898] {processor.py:651} INFO - DAG(s) dict_keys(['example_branch_datetime_operator_2']) retrieved from /home/airflow/.local/lib/python3.7/site-packages/airflow/example_dags/example_branch_datetime_operator.py
[2022-06-24 07:00:07,956] {logging_mixin.py:115} INFO - [2022-06-24 07:00:07,956] {dag.py:2379} INFO - Sync 1 DAGs
[2022-06-24 07:00:07,980] {logging_mixin.py:115} INFO - [2022-06-24 07:00:07,980] {dag.py:2931} INFO - Setting next_dagrun for example_branch_datetime_operator_2 to 2022-06-23T00:00:00+00:00, run_after=2022-06-24T00:00:00+00:00
[2022-06-24 07:00:07,993] {processor.py:161} INFO - Processing /home/airflow/.local/lib/python3.7/site-packages/airflow/example_dags/example_branch_datetime_operator.py took 0.106 seconds
[2022-06-24 07:00:38,434] {processor.py:153} INFO - Started process (PID=5726) to work on /home/airflow/.local/lib/python3.7/site-packages/airflow/example_dags/example_branch_datetime_operator.py
[2022-06-24 07:00:38,435] {processor.py:641} INFO - Processing file /home/airflow/.local/lib/python3.7/site-packages/airflow/example_dags/example_branch_datetime_operator.py for tasks to queue
[2022-06-24 07:00:38,436] {logging_mixin.py:115} INFO - [2022-06-24 07:00:38,436] {dagbag.py:507} INFO - Filling up the DagBag from /home/airflow/.local/lib/python3.7/site-packages/airflow/example_dags/example_branch_datetime_operator.py
[2022-06-24 07:00:38,443] {processor.py:651} INFO - DAG(s) dict_keys(['example_branch_datetime_operator_2']) retrieved from /home/airflow/.local/lib/python3.7/site-packages/airflow/example_dags/example_branch_datetime_operator.py
[2022-06-24 07:00:38,468] {logging_mixin.py:115} INFO - [2022-06-24 07:00:38,468] {dag.py:2379} INFO - Sync 1 DAGs
[2022-06-24 07:00:38,488] {logging_mixin.py:115} INFO - [2022-06-24 07:00:38,487] {dag.py:2931} INFO - Setting next_dagrun for example_branch_datetime_operator_2 to 2022-06-23T00:00:00+00:00, run_after=2022-06-24T00:00:00+00:00
[2022-06-24 07:00:38,502] {processor.py:161} INFO - Processing /home/airflow/.local/lib/python3.7/site-packages/airflow/example_dags/example_branch_datetime_operator.py took 0.071 seconds
[2022-06-24 07:01:08,548] {processor.py:153} INFO - Started process (PID=5791) to work on /home/airflow/.local/lib/python3.7/site-packages/airflow/example_dags/example_branch_datetime_operator.py
[2022-06-24 07:01:08,549] {processor.py:641} INFO - Processing file /home/airflow/.local/lib/python3.7/site-packages/airflow/example_dags/example_branch_datetime_operator.py for tasks to queue
[2022-06-24 07:01:08,550] {logging_mixin.py:115} INFO - [2022-06-24 07:01:08,550] {dagbag.py:507} INFO - Filling up the DagBag from /home/airflow/.local/lib/python3.7/site-packages/airflow/example_dags/example_branch_datetime_operator.py
[2022-06-24 07:01:08,557] {processor.py:651} INFO - DAG(s) dict_keys(['example_branch_datetime_operator_2']) retrieved from /home/airflow/.local/lib/python3.7/site-packages/airflow/example_dags/example_branch_datetime_operator.py
[2022-06-24 07:01:08,579] {logging_mixin.py:115} INFO - [2022-06-24 07:01:08,579] {dag.py:2379} INFO - Sync 1 DAGs
[2022-06-24 07:01:08,595] {logging_mixin.py:115} INFO - [2022-06-24 07:01:08,595] {dag.py:2931} INFO - Setting next_dagrun for example_branch_datetime_operator_2 to 2022-06-23T00:00:00+00:00, run_after=2022-06-24T00:00:00+00:00
[2022-06-24 07:01:08,608] {processor.py:161} INFO - Processing /home/airflow/.local/lib/python3.7/site-packages/airflow/example_dags/example_branch_datetime_operator.py took 0.063 seconds
[2022-06-24 07:01:39,104] {processor.py:153} INFO - Started process (PID=5847) to work on /home/airflow/.local/lib/python3.7/site-packages/airflow/example_dags/example_branch_datetime_operator.py
[2022-06-24 07:01:39,104] {processor.py:641} INFO - Processing file /home/airflow/.local/lib/python3.7/site-packages/airflow/example_dags/example_branch_datetime_operator.py for tasks to queue
[2022-06-24 07:01:39,105] {logging_mixin.py:115} INFO - [2022-06-24 07:01:39,105] {dagbag.py:507} INFO - Filling up the DagBag from /home/airflow/.local/lib/python3.7/site-packages/airflow/example_dags/example_branch_datetime_operator.py
[2022-06-24 07:01:39,112] {processor.py:651} INFO - DAG(s) dict_keys(['example_branch_datetime_operator_2']) retrieved from /home/airflow/.local/lib/python3.7/site-packages/airflow/example_dags/example_branch_datetime_operator.py
[2022-06-24 07:01:39,134] {logging_mixin.py:115} INFO - [2022-06-24 07:01:39,134] {dag.py:2379} INFO - Sync 1 DAGs
[2022-06-24 07:01:39,149] {logging_mixin.py:115} INFO - [2022-06-24 07:01:39,149] {dag.py:2931} INFO - Setting next_dagrun for example_branch_datetime_operator_2 to 2022-06-23T00:00:00+00:00, run_after=2022-06-24T00:00:00+00:00
[2022-06-24 07:01:39,166] {processor.py:161} INFO - Processing /home/airflow/.local/lib/python3.7/site-packages/airflow/example_dags/example_branch_datetime_operator.py took 0.065 seconds
[2022-06-24 07:02:09,598] {processor.py:153} INFO - Started process (PID=5911) to work on /home/airflow/.local/lib/python3.7/site-packages/airflow/example_dags/example_branch_datetime_operator.py
[2022-06-24 07:02:09,599] {processor.py:641} INFO - Processing file /home/airflow/.local/lib/python3.7/site-packages/airflow/example_dags/example_branch_datetime_operator.py for tasks to queue
[2022-06-24 07:02:09,600] {logging_mixin.py:115} INFO - [2022-06-24 07:02:09,600] {dagbag.py:507} INFO - Filling up the DagBag from /home/airflow/.local/lib/python3.7/site-packages/airflow/example_dags/example_branch_datetime_operator.py
[2022-06-24 07:02:09,608] {processor.py:651} INFO - DAG(s) dict_keys(['example_branch_datetime_operator_2']) retrieved from /home/airflow/.local/lib/python3.7/site-packages/airflow/example_dags/example_branch_datetime_operator.py
[2022-06-24 07:02:09,633] {logging_mixin.py:115} INFO - [2022-06-24 07:02:09,633] {dag.py:2379} INFO - Sync 1 DAGs
[2022-06-24 07:02:09,651] {logging_mixin.py:115} INFO - [2022-06-24 07:02:09,651] {dag.py:2931} INFO - Setting next_dagrun for example_branch_datetime_operator_2 to 2022-06-23T00:00:00+00:00, run_after=2022-06-24T00:00:00+00:00
[2022-06-24 07:02:09,670] {processor.py:161} INFO - Processing /home/airflow/.local/lib/python3.7/site-packages/airflow/example_dags/example_branch_datetime_operator.py took 0.076 seconds
[2022-06-24 07:02:39,889] {processor.py:153} INFO - Started process (PID=5975) to work on /home/airflow/.local/lib/python3.7/site-packages/airflow/example_dags/example_branch_datetime_operator.py
[2022-06-24 07:02:39,890] {processor.py:641} INFO - Processing file /home/airflow/.local/lib/python3.7/site-packages/airflow/example_dags/example_branch_datetime_operator.py for tasks to queue
[2022-06-24 07:02:39,891] {logging_mixin.py:115} INFO - [2022-06-24 07:02:39,891] {dagbag.py:507} INFO - Filling up the DagBag from /home/airflow/.local/lib/python3.7/site-packages/airflow/example_dags/example_branch_datetime_operator.py
[2022-06-24 07:02:39,899] {processor.py:651} INFO - DAG(s) dict_keys(['example_branch_datetime_operator_2']) retrieved from /home/airflow/.local/lib/python3.7/site-packages/airflow/example_dags/example_branch_datetime_operator.py
[2022-06-24 07:02:39,926] {logging_mixin.py:115} INFO - [2022-06-24 07:02:39,926] {dag.py:2379} INFO - Sync 1 DAGs
[2022-06-24 07:02:39,945] {logging_mixin.py:115} INFO - [2022-06-24 07:02:39,945] {dag.py:2931} INFO - Setting next_dagrun for example_branch_datetime_operator_2 to 2022-06-23T00:00:00+00:00, run_after=2022-06-24T00:00:00+00:00
[2022-06-24 07:02:39,959] {processor.py:161} INFO - Processing /home/airflow/.local/lib/python3.7/site-packages/airflow/example_dags/example_branch_datetime_operator.py took 0.073 seconds
[2022-06-24 07:03:10,172] {processor.py:153} INFO - Started process (PID=6030) to work on /home/airflow/.local/lib/python3.7/site-packages/airflow/example_dags/example_branch_datetime_operator.py
[2022-06-24 07:03:10,173] {processor.py:641} INFO - Processing file /home/airflow/.local/lib/python3.7/site-packages/airflow/example_dags/example_branch_datetime_operator.py for tasks to queue
[2022-06-24 07:03:10,174] {logging_mixin.py:115} INFO - [2022-06-24 07:03:10,174] {dagbag.py:507} INFO - Filling up the DagBag from /home/airflow/.local/lib/python3.7/site-packages/airflow/example_dags/example_branch_datetime_operator.py
[2022-06-24 07:03:10,181] {processor.py:651} INFO - DAG(s) dict_keys(['example_branch_datetime_operator_2']) retrieved from /home/airflow/.local/lib/python3.7/site-packages/airflow/example_dags/example_branch_datetime_operator.py
[2022-06-24 07:03:10,206] {logging_mixin.py:115} INFO - [2022-06-24 07:03:10,206] {dag.py:2379} INFO - Sync 1 DAGs
[2022-06-24 07:03:10,222] {logging_mixin.py:115} INFO - [2022-06-24 07:03:10,222] {dag.py:2931} INFO - Setting next_dagrun for example_branch_datetime_operator_2 to 2022-06-23T00:00:00+00:00, run_after=2022-06-24T00:00:00+00:00
[2022-06-24 07:03:10,234] {processor.py:161} INFO - Processing /home/airflow/.local/lib/python3.7/site-packages/airflow/example_dags/example_branch_datetime_operator.py took 0.065 seconds
[2022-06-24 07:03:40,546] {processor.py:153} INFO - Started process (PID=6094) to work on /home/airflow/.local/lib/python3.7/site-packages/airflow/example_dags/example_branch_datetime_operator.py
[2022-06-24 07:03:40,547] {processor.py:641} INFO - Processing file /home/airflow/.local/lib/python3.7/site-packages/airflow/example_dags/example_branch_datetime_operator.py for tasks to queue
[2022-06-24 07:03:40,548] {logging_mixin.py:115} INFO - [2022-06-24 07:03:40,548] {dagbag.py:507} INFO - Filling up the DagBag from /home/airflow/.local/lib/python3.7/site-packages/airflow/example_dags/example_branch_datetime_operator.py
[2022-06-24 07:03:40,556] {processor.py:651} INFO - DAG(s) dict_keys(['example_branch_datetime_operator_2']) retrieved from /home/airflow/.local/lib/python3.7/site-packages/airflow/example_dags/example_branch_datetime_operator.py
[2022-06-24 07:03:40,579] {logging_mixin.py:115} INFO - [2022-06-24 07:03:40,578] {dag.py:2379} INFO - Sync 1 DAGs
[2022-06-24 07:03:40,596] {logging_mixin.py:115} INFO - [2022-06-24 07:03:40,596] {dag.py:2931} INFO - Setting next_dagrun for example_branch_datetime_operator_2 to 2022-06-23T00:00:00+00:00, run_after=2022-06-24T00:00:00+00:00
[2022-06-24 07:03:40,608] {processor.py:161} INFO - Processing /home/airflow/.local/lib/python3.7/site-packages/airflow/example_dags/example_branch_datetime_operator.py took 0.065 seconds
[2022-06-24 07:04:10,883] {processor.py:153} INFO - Started process (PID=6158) to work on /home/airflow/.local/lib/python3.7/site-packages/airflow/example_dags/example_branch_datetime_operator.py
[2022-06-24 07:04:10,884] {processor.py:641} INFO - Processing file /home/airflow/.local/lib/python3.7/site-packages/airflow/example_dags/example_branch_datetime_operator.py for tasks to queue
[2022-06-24 07:04:10,884] {logging_mixin.py:115} INFO - [2022-06-24 07:04:10,884] {dagbag.py:507} INFO - Filling up the DagBag from /home/airflow/.local/lib/python3.7/site-packages/airflow/example_dags/example_branch_datetime_operator.py
[2022-06-24 07:04:10,892] {processor.py:651} INFO - DAG(s) dict_keys(['example_branch_datetime_operator_2']) retrieved from /home/airflow/.local/lib/python3.7/site-packages/airflow/example_dags/example_branch_datetime_operator.py
[2022-06-24 07:04:10,916] {logging_mixin.py:115} INFO - [2022-06-24 07:04:10,916] {dag.py:2379} INFO - Sync 1 DAGs
[2022-06-24 07:04:10,933] {logging_mixin.py:115} INFO - [2022-06-24 07:04:10,933] {dag.py:2931} INFO - Setting next_dagrun for example_branch_datetime_operator_2 to 2022-06-23T00:00:00+00:00, run_after=2022-06-24T00:00:00+00:00
[2022-06-24 07:04:10,945] {processor.py:161} INFO - Processing /home/airflow/.local/lib/python3.7/site-packages/airflow/example_dags/example_branch_datetime_operator.py took 0.066 seconds
[2022-06-24 07:04:41,404] {processor.py:153} INFO - Started process (PID=6223) to work on /home/airflow/.local/lib/python3.7/site-packages/airflow/example_dags/example_branch_datetime_operator.py
[2022-06-24 07:04:41,404] {processor.py:641} INFO - Processing file /home/airflow/.local/lib/python3.7/site-packages/airflow/example_dags/example_branch_datetime_operator.py for tasks to queue
[2022-06-24 07:04:41,405] {logging_mixin.py:115} INFO - [2022-06-24 07:04:41,405] {dagbag.py:507} INFO - Filling up the DagBag from /home/airflow/.local/lib/python3.7/site-packages/airflow/example_dags/example_branch_datetime_operator.py
[2022-06-24 07:04:41,412] {processor.py:651} INFO - DAG(s) dict_keys(['example_branch_datetime_operator_2']) retrieved from /home/airflow/.local/lib/python3.7/site-packages/airflow/example_dags/example_branch_datetime_operator.py
[2022-06-24 07:04:41,436] {logging_mixin.py:115} INFO - [2022-06-24 07:04:41,436] {dag.py:2379} INFO - Sync 1 DAGs
[2022-06-24 07:04:41,453] {logging_mixin.py:115} INFO - [2022-06-24 07:04:41,453] {dag.py:2931} INFO - Setting next_dagrun for example_branch_datetime_operator_2 to 2022-06-23T00:00:00+00:00, run_after=2022-06-24T00:00:00+00:00
[2022-06-24 07:04:41,467] {processor.py:161} INFO - Processing /home/airflow/.local/lib/python3.7/site-packages/airflow/example_dags/example_branch_datetime_operator.py took 0.067 seconds
[2022-06-24 07:05:11,909] {processor.py:153} INFO - Started process (PID=6278) to work on /home/airflow/.local/lib/python3.7/site-packages/airflow/example_dags/example_branch_datetime_operator.py
[2022-06-24 07:05:11,910] {processor.py:641} INFO - Processing file /home/airflow/.local/lib/python3.7/site-packages/airflow/example_dags/example_branch_datetime_operator.py for tasks to queue
[2022-06-24 07:05:11,911] {logging_mixin.py:115} INFO - [2022-06-24 07:05:11,911] {dagbag.py:507} INFO - Filling up the DagBag from /home/airflow/.local/lib/python3.7/site-packages/airflow/example_dags/example_branch_datetime_operator.py
[2022-06-24 07:05:11,919] {processor.py:651} INFO - DAG(s) dict_keys(['example_branch_datetime_operator_2']) retrieved from /home/airflow/.local/lib/python3.7/site-packages/airflow/example_dags/example_branch_datetime_operator.py
[2022-06-24 07:05:11,942] {logging_mixin.py:115} INFO - [2022-06-24 07:05:11,942] {dag.py:2379} INFO - Sync 1 DAGs
[2022-06-24 07:05:11,957] {logging_mixin.py:115} INFO - [2022-06-24 07:05:11,957] {dag.py:2931} INFO - Setting next_dagrun for example_branch_datetime_operator_2 to 2022-06-23T00:00:00+00:00, run_after=2022-06-24T00:00:00+00:00
[2022-06-24 07:05:11,971] {processor.py:161} INFO - Processing /home/airflow/.local/lib/python3.7/site-packages/airflow/example_dags/example_branch_datetime_operator.py took 0.066 seconds
[2022-06-24 07:05:42,223] {processor.py:153} INFO - Started process (PID=6342) to work on /home/airflow/.local/lib/python3.7/site-packages/airflow/example_dags/example_branch_datetime_operator.py
[2022-06-24 07:05:42,224] {processor.py:641} INFO - Processing file /home/airflow/.local/lib/python3.7/site-packages/airflow/example_dags/example_branch_datetime_operator.py for tasks to queue
[2022-06-24 07:05:42,225] {logging_mixin.py:115} INFO - [2022-06-24 07:05:42,225] {dagbag.py:507} INFO - Filling up the DagBag from /home/airflow/.local/lib/python3.7/site-packages/airflow/example_dags/example_branch_datetime_operator.py
[2022-06-24 07:05:42,233] {processor.py:651} INFO - DAG(s) dict_keys(['example_branch_datetime_operator_2']) retrieved from /home/airflow/.local/lib/python3.7/site-packages/airflow/example_dags/example_branch_datetime_operator.py
[2022-06-24 07:05:42,258] {logging_mixin.py:115} INFO - [2022-06-24 07:05:42,258] {dag.py:2379} INFO - Sync 1 DAGs
[2022-06-24 07:05:42,279] {logging_mixin.py:115} INFO - [2022-06-24 07:05:42,279] {dag.py:2931} INFO - Setting next_dagrun for example_branch_datetime_operator_2 to 2022-06-23T00:00:00+00:00, run_after=2022-06-24T00:00:00+00:00
[2022-06-24 07:05:42,294] {processor.py:161} INFO - Processing /home/airflow/.local/lib/python3.7/site-packages/airflow/example_dags/example_branch_datetime_operator.py took 0.074 seconds
[2022-06-24 07:06:12,469] {processor.py:153} INFO - Started process (PID=6406) to work on /home/airflow/.local/lib/python3.7/site-packages/airflow/example_dags/example_branch_datetime_operator.py
[2022-06-24 07:06:12,470] {processor.py:641} INFO - Processing file /home/airflow/.local/lib/python3.7/site-packages/airflow/example_dags/example_branch_datetime_operator.py for tasks to queue
[2022-06-24 07:06:12,471] {logging_mixin.py:115} INFO - [2022-06-24 07:06:12,471] {dagbag.py:507} INFO - Filling up the DagBag from /home/airflow/.local/lib/python3.7/site-packages/airflow/example_dags/example_branch_datetime_operator.py
[2022-06-24 07:06:12,478] {processor.py:651} INFO - DAG(s) dict_keys(['example_branch_datetime_operator_2']) retrieved from /home/airflow/.local/lib/python3.7/site-packages/airflow/example_dags/example_branch_datetime_operator.py
[2022-06-24 07:06:12,501] {logging_mixin.py:115} INFO - [2022-06-24 07:06:12,501] {dag.py:2379} INFO - Sync 1 DAGs
[2022-06-24 07:06:12,520] {logging_mixin.py:115} INFO - [2022-06-24 07:06:12,520] {dag.py:2931} INFO - Setting next_dagrun for example_branch_datetime_operator_2 to 2022-06-23T00:00:00+00:00, run_after=2022-06-24T00:00:00+00:00
[2022-06-24 07:06:12,532] {processor.py:161} INFO - Processing /home/airflow/.local/lib/python3.7/site-packages/airflow/example_dags/example_branch_datetime_operator.py took 0.065 seconds
[2022-06-24 07:06:42,713] {processor.py:153} INFO - Started process (PID=6461) to work on /home/airflow/.local/lib/python3.7/site-packages/airflow/example_dags/example_branch_datetime_operator.py
[2022-06-24 07:06:42,714] {processor.py:641} INFO - Processing file /home/airflow/.local/lib/python3.7/site-packages/airflow/example_dags/example_branch_datetime_operator.py for tasks to queue
[2022-06-24 07:06:42,715] {logging_mixin.py:115} INFO - [2022-06-24 07:06:42,715] {dagbag.py:507} INFO - Filling up the DagBag from /home/airflow/.local/lib/python3.7/site-packages/airflow/example_dags/example_branch_datetime_operator.py
[2022-06-24 07:06:42,723] {processor.py:651} INFO - DAG(s) dict_keys(['example_branch_datetime_operator_2']) retrieved from /home/airflow/.local/lib/python3.7/site-packages/airflow/example_dags/example_branch_datetime_operator.py
[2022-06-24 07:06:42,748] {logging_mixin.py:115} INFO - [2022-06-24 07:06:42,748] {dag.py:2379} INFO - Sync 1 DAGs
[2022-06-24 07:06:42,765] {logging_mixin.py:115} INFO - [2022-06-24 07:06:42,765] {dag.py:2931} INFO - Setting next_dagrun for example_branch_datetime_operator_2 to 2022-06-23T00:00:00+00:00, run_after=2022-06-24T00:00:00+00:00
[2022-06-24 07:06:42,779] {processor.py:161} INFO - Processing /home/airflow/.local/lib/python3.7/site-packages/airflow/example_dags/example_branch_datetime_operator.py took 0.069 seconds
[2022-06-24 07:07:13,126] {processor.py:153} INFO - Started process (PID=6525) to work on /home/airflow/.local/lib/python3.7/site-packages/airflow/example_dags/example_branch_datetime_operator.py
[2022-06-24 07:07:13,127] {processor.py:641} INFO - Processing file /home/airflow/.local/lib/python3.7/site-packages/airflow/example_dags/example_branch_datetime_operator.py for tasks to queue
[2022-06-24 07:07:13,128] {logging_mixin.py:115} INFO - [2022-06-24 07:07:13,128] {dagbag.py:507} INFO - Filling up the DagBag from /home/airflow/.local/lib/python3.7/site-packages/airflow/example_dags/example_branch_datetime_operator.py
[2022-06-24 07:07:13,137] {processor.py:651} INFO - DAG(s) dict_keys(['example_branch_datetime_operator_2']) retrieved from /home/airflow/.local/lib/python3.7/site-packages/airflow/example_dags/example_branch_datetime_operator.py
[2022-06-24 07:07:13,165] {logging_mixin.py:115} INFO - [2022-06-24 07:07:13,165] {dag.py:2379} INFO - Sync 1 DAGs
[2022-06-24 07:07:13,186] {logging_mixin.py:115} INFO - [2022-06-24 07:07:13,186] {dag.py:2931} INFO - Setting next_dagrun for example_branch_datetime_operator_2 to 2022-06-23T00:00:00+00:00, run_after=2022-06-24T00:00:00+00:00
[2022-06-24 07:07:13,200] {processor.py:161} INFO - Processing /home/airflow/.local/lib/python3.7/site-packages/airflow/example_dags/example_branch_datetime_operator.py took 0.078 seconds
[2022-06-24 07:07:43,511] {processor.py:153} INFO - Started process (PID=6589) to work on /home/airflow/.local/lib/python3.7/site-packages/airflow/example_dags/example_branch_datetime_operator.py
[2022-06-24 07:07:43,513] {processor.py:641} INFO - Processing file /home/airflow/.local/lib/python3.7/site-packages/airflow/example_dags/example_branch_datetime_operator.py for tasks to queue
[2022-06-24 07:07:43,514] {logging_mixin.py:115} INFO - [2022-06-24 07:07:43,514] {dagbag.py:507} INFO - Filling up the DagBag from /home/airflow/.local/lib/python3.7/site-packages/airflow/example_dags/example_branch_datetime_operator.py
[2022-06-24 07:07:43,522] {processor.py:651} INFO - DAG(s) dict_keys(['example_branch_datetime_operator_2']) retrieved from /home/airflow/.local/lib/python3.7/site-packages/airflow/example_dags/example_branch_datetime_operator.py
[2022-06-24 07:07:43,547] {logging_mixin.py:115} INFO - [2022-06-24 07:07:43,547] {dag.py:2379} INFO - Sync 1 DAGs
[2022-06-24 07:07:43,563] {logging_mixin.py:115} INFO - [2022-06-24 07:07:43,562] {dag.py:2931} INFO - Setting next_dagrun for example_branch_datetime_operator_2 to 2022-06-23T00:00:00+00:00, run_after=2022-06-24T00:00:00+00:00
[2022-06-24 07:07:43,576] {processor.py:161} INFO - Processing /home/airflow/.local/lib/python3.7/site-packages/airflow/example_dags/example_branch_datetime_operator.py took 0.068 seconds
[2022-06-24 07:08:14,091] {processor.py:153} INFO - Started process (PID=6653) to work on /home/airflow/.local/lib/python3.7/site-packages/airflow/example_dags/example_branch_datetime_operator.py
[2022-06-24 07:08:14,092] {processor.py:641} INFO - Processing file /home/airflow/.local/lib/python3.7/site-packages/airflow/example_dags/example_branch_datetime_operator.py for tasks to queue
[2022-06-24 07:08:14,093] {logging_mixin.py:115} INFO - [2022-06-24 07:08:14,093] {dagbag.py:507} INFO - Filling up the DagBag from /home/airflow/.local/lib/python3.7/site-packages/airflow/example_dags/example_branch_datetime_operator.py
[2022-06-24 07:08:14,102] {processor.py:651} INFO - DAG(s) dict_keys(['example_branch_datetime_operator_2']) retrieved from /home/airflow/.local/lib/python3.7/site-packages/airflow/example_dags/example_branch_datetime_operator.py
[2022-06-24 07:08:14,125] {logging_mixin.py:115} INFO - [2022-06-24 07:08:14,125] {dag.py:2379} INFO - Sync 1 DAGs
[2022-06-24 07:08:14,147] {logging_mixin.py:115} INFO - [2022-06-24 07:08:14,147] {dag.py:2931} INFO - Setting next_dagrun for example_branch_datetime_operator_2 to 2022-06-23T00:00:00+00:00, run_after=2022-06-24T00:00:00+00:00
[2022-06-24 07:08:14,161] {processor.py:161} INFO - Processing /home/airflow/.local/lib/python3.7/site-packages/airflow/example_dags/example_branch_datetime_operator.py took 0.073 seconds
[2022-06-24 07:08:44,577] {processor.py:153} INFO - Started process (PID=6708) to work on /home/airflow/.local/lib/python3.7/site-packages/airflow/example_dags/example_branch_datetime_operator.py
[2022-06-24 07:08:44,578] {processor.py:641} INFO - Processing file /home/airflow/.local/lib/python3.7/site-packages/airflow/example_dags/example_branch_datetime_operator.py for tasks to queue
[2022-06-24 07:08:44,579] {logging_mixin.py:115} INFO - [2022-06-24 07:08:44,579] {dagbag.py:507} INFO - Filling up the DagBag from /home/airflow/.local/lib/python3.7/site-packages/airflow/example_dags/example_branch_datetime_operator.py
[2022-06-24 07:08:44,586] {processor.py:651} INFO - DAG(s) dict_keys(['example_branch_datetime_operator_2']) retrieved from /home/airflow/.local/lib/python3.7/site-packages/airflow/example_dags/example_branch_datetime_operator.py
[2022-06-24 07:08:44,613] {logging_mixin.py:115} INFO - [2022-06-24 07:08:44,613] {dag.py:2379} INFO - Sync 1 DAGs
[2022-06-24 07:08:44,632] {logging_mixin.py:115} INFO - [2022-06-24 07:08:44,632] {dag.py:2931} INFO - Setting next_dagrun for example_branch_datetime_operator_2 to 2022-06-23T00:00:00+00:00, run_after=2022-06-24T00:00:00+00:00
[2022-06-24 07:08:44,646] {processor.py:161} INFO - Processing /home/airflow/.local/lib/python3.7/site-packages/airflow/example_dags/example_branch_datetime_operator.py took 0.071 seconds
[2022-06-24 07:09:15,062] {processor.py:153} INFO - Started process (PID=6772) to work on /home/airflow/.local/lib/python3.7/site-packages/airflow/example_dags/example_branch_datetime_operator.py
[2022-06-24 07:09:15,063] {processor.py:641} INFO - Processing file /home/airflow/.local/lib/python3.7/site-packages/airflow/example_dags/example_branch_datetime_operator.py for tasks to queue
[2022-06-24 07:09:15,063] {logging_mixin.py:115} INFO - [2022-06-24 07:09:15,063] {dagbag.py:507} INFO - Filling up the DagBag from /home/airflow/.local/lib/python3.7/site-packages/airflow/example_dags/example_branch_datetime_operator.py
[2022-06-24 07:09:15,071] {processor.py:651} INFO - DAG(s) dict_keys(['example_branch_datetime_operator_2']) retrieved from /home/airflow/.local/lib/python3.7/site-packages/airflow/example_dags/example_branch_datetime_operator.py
[2022-06-24 07:09:15,097] {logging_mixin.py:115} INFO - [2022-06-24 07:09:15,097] {dag.py:2379} INFO - Sync 1 DAGs
[2022-06-24 07:09:15,115] {logging_mixin.py:115} INFO - [2022-06-24 07:09:15,115] {dag.py:2931} INFO - Setting next_dagrun for example_branch_datetime_operator_2 to 2022-06-23T00:00:00+00:00, run_after=2022-06-24T00:00:00+00:00
[2022-06-24 07:09:15,128] {processor.py:161} INFO - Processing /home/airflow/.local/lib/python3.7/site-packages/airflow/example_dags/example_branch_datetime_operator.py took 0.070 seconds
[2022-06-24 07:09:45,639] {processor.py:153} INFO - Started process (PID=6836) to work on /home/airflow/.local/lib/python3.7/site-packages/airflow/example_dags/example_branch_datetime_operator.py
[2022-06-24 07:09:45,640] {processor.py:641} INFO - Processing file /home/airflow/.local/lib/python3.7/site-packages/airflow/example_dags/example_branch_datetime_operator.py for tasks to queue
[2022-06-24 07:09:45,641] {logging_mixin.py:115} INFO - [2022-06-24 07:09:45,641] {dagbag.py:507} INFO - Filling up the DagBag from /home/airflow/.local/lib/python3.7/site-packages/airflow/example_dags/example_branch_datetime_operator.py
[2022-06-24 07:09:45,650] {processor.py:651} INFO - DAG(s) dict_keys(['example_branch_datetime_operator_2']) retrieved from /home/airflow/.local/lib/python3.7/site-packages/airflow/example_dags/example_branch_datetime_operator.py
[2022-06-24 07:09:45,676] {logging_mixin.py:115} INFO - [2022-06-24 07:09:45,676] {dag.py:2379} INFO - Sync 1 DAGs
[2022-06-24 07:09:45,693] {logging_mixin.py:115} INFO - [2022-06-24 07:09:45,693] {dag.py:2931} INFO - Setting next_dagrun for example_branch_datetime_operator_2 to 2022-06-23T00:00:00+00:00, run_after=2022-06-24T00:00:00+00:00
[2022-06-24 07:09:45,707] {processor.py:161} INFO - Processing /home/airflow/.local/lib/python3.7/site-packages/airflow/example_dags/example_branch_datetime_operator.py took 0.071 seconds
[2022-06-24 07:10:16,070] {processor.py:153} INFO - Started process (PID=6891) to work on /home/airflow/.local/lib/python3.7/site-packages/airflow/example_dags/example_branch_datetime_operator.py
[2022-06-24 07:10:16,071] {processor.py:641} INFO - Processing file /home/airflow/.local/lib/python3.7/site-packages/airflow/example_dags/example_branch_datetime_operator.py for tasks to queue
[2022-06-24 07:10:16,071] {logging_mixin.py:115} INFO - [2022-06-24 07:10:16,071] {dagbag.py:507} INFO - Filling up the DagBag from /home/airflow/.local/lib/python3.7/site-packages/airflow/example_dags/example_branch_datetime_operator.py
[2022-06-24 07:10:16,078] {processor.py:651} INFO - DAG(s) dict_keys(['example_branch_datetime_operator_2']) retrieved from /home/airflow/.local/lib/python3.7/site-packages/airflow/example_dags/example_branch_datetime_operator.py
[2022-06-24 07:10:16,103] {logging_mixin.py:115} INFO - [2022-06-24 07:10:16,103] {dag.py:2379} INFO - Sync 1 DAGs
[2022-06-24 07:10:16,119] {logging_mixin.py:115} INFO - [2022-06-24 07:10:16,119] {dag.py:2931} INFO - Setting next_dagrun for example_branch_datetime_operator_2 to 2022-06-23T00:00:00+00:00, run_after=2022-06-24T00:00:00+00:00
[2022-06-24 07:10:16,134] {processor.py:161} INFO - Processing /home/airflow/.local/lib/python3.7/site-packages/airflow/example_dags/example_branch_datetime_operator.py took 0.068 seconds
[2022-06-24 07:10:46,561] {processor.py:153} INFO - Started process (PID=6955) to work on /home/airflow/.local/lib/python3.7/site-packages/airflow/example_dags/example_branch_datetime_operator.py
[2022-06-24 07:10:46,562] {processor.py:641} INFO - Processing file /home/airflow/.local/lib/python3.7/site-packages/airflow/example_dags/example_branch_datetime_operator.py for tasks to queue
[2022-06-24 07:10:46,563] {logging_mixin.py:115} INFO - [2022-06-24 07:10:46,563] {dagbag.py:507} INFO - Filling up the DagBag from /home/airflow/.local/lib/python3.7/site-packages/airflow/example_dags/example_branch_datetime_operator.py
[2022-06-24 07:10:46,571] {processor.py:651} INFO - DAG(s) dict_keys(['example_branch_datetime_operator_2']) retrieved from /home/airflow/.local/lib/python3.7/site-packages/airflow/example_dags/example_branch_datetime_operator.py
[2022-06-24 07:10:46,596] {logging_mixin.py:115} INFO - [2022-06-24 07:10:46,596] {dag.py:2379} INFO - Sync 1 DAGs
[2022-06-24 07:10:46,615] {logging_mixin.py:115} INFO - [2022-06-24 07:10:46,615] {dag.py:2931} INFO - Setting next_dagrun for example_branch_datetime_operator_2 to 2022-06-23T00:00:00+00:00, run_after=2022-06-24T00:00:00+00:00
[2022-06-24 07:10:46,628] {processor.py:161} INFO - Processing /home/airflow/.local/lib/python3.7/site-packages/airflow/example_dags/example_branch_datetime_operator.py took 0.071 seconds
[2022-06-24 07:11:16,780] {processor.py:153} INFO - Started process (PID=7019) to work on /home/airflow/.local/lib/python3.7/site-packages/airflow/example_dags/example_branch_datetime_operator.py
[2022-06-24 07:11:16,780] {processor.py:641} INFO - Processing file /home/airflow/.local/lib/python3.7/site-packages/airflow/example_dags/example_branch_datetime_operator.py for tasks to queue
[2022-06-24 07:11:16,781] {logging_mixin.py:115} INFO - [2022-06-24 07:11:16,781] {dagbag.py:507} INFO - Filling up the DagBag from /home/airflow/.local/lib/python3.7/site-packages/airflow/example_dags/example_branch_datetime_operator.py
[2022-06-24 07:11:16,788] {processor.py:651} INFO - DAG(s) dict_keys(['example_branch_datetime_operator_2']) retrieved from /home/airflow/.local/lib/python3.7/site-packages/airflow/example_dags/example_branch_datetime_operator.py
[2022-06-24 07:11:16,815] {logging_mixin.py:115} INFO - [2022-06-24 07:11:16,815] {dag.py:2379} INFO - Sync 1 DAGs
[2022-06-24 07:11:16,832] {logging_mixin.py:115} INFO - [2022-06-24 07:11:16,832] {dag.py:2931} INFO - Setting next_dagrun for example_branch_datetime_operator_2 to 2022-06-23T00:00:00+00:00, run_after=2022-06-24T00:00:00+00:00
[2022-06-24 07:11:16,847] {processor.py:161} INFO - Processing /home/airflow/.local/lib/python3.7/site-packages/airflow/example_dags/example_branch_datetime_operator.py took 0.070 seconds
[2022-06-24 07:11:47,228] {processor.py:153} INFO - Started process (PID=7084) to work on /home/airflow/.local/lib/python3.7/site-packages/airflow/example_dags/example_branch_datetime_operator.py
[2022-06-24 07:11:47,230] {processor.py:641} INFO - Processing file /home/airflow/.local/lib/python3.7/site-packages/airflow/example_dags/example_branch_datetime_operator.py for tasks to queue
[2022-06-24 07:11:47,231] {logging_mixin.py:115} INFO - [2022-06-24 07:11:47,231] {dagbag.py:507} INFO - Filling up the DagBag from /home/airflow/.local/lib/python3.7/site-packages/airflow/example_dags/example_branch_datetime_operator.py
[2022-06-24 07:11:47,238] {processor.py:651} INFO - DAG(s) dict_keys(['example_branch_datetime_operator_2']) retrieved from /home/airflow/.local/lib/python3.7/site-packages/airflow/example_dags/example_branch_datetime_operator.py
[2022-06-24 07:11:47,261] {logging_mixin.py:115} INFO - [2022-06-24 07:11:47,261] {dag.py:2379} INFO - Sync 1 DAGs
[2022-06-24 07:11:47,277] {logging_mixin.py:115} INFO - [2022-06-24 07:11:47,277] {dag.py:2931} INFO - Setting next_dagrun for example_branch_datetime_operator_2 to 2022-06-23T00:00:00+00:00, run_after=2022-06-24T00:00:00+00:00
[2022-06-24 07:11:47,292] {processor.py:161} INFO - Processing /home/airflow/.local/lib/python3.7/site-packages/airflow/example_dags/example_branch_datetime_operator.py took 0.066 seconds
[2022-06-24 07:12:17,434] {processor.py:153} INFO - Started process (PID=7139) to work on /home/airflow/.local/lib/python3.7/site-packages/airflow/example_dags/example_branch_datetime_operator.py
[2022-06-24 07:12:17,435] {processor.py:641} INFO - Processing file /home/airflow/.local/lib/python3.7/site-packages/airflow/example_dags/example_branch_datetime_operator.py for tasks to queue
[2022-06-24 07:12:17,435] {logging_mixin.py:115} INFO - [2022-06-24 07:12:17,435] {dagbag.py:507} INFO - Filling up the DagBag from /home/airflow/.local/lib/python3.7/site-packages/airflow/example_dags/example_branch_datetime_operator.py
[2022-06-24 07:12:17,446] {processor.py:651} INFO - DAG(s) dict_keys(['example_branch_datetime_operator_2']) retrieved from /home/airflow/.local/lib/python3.7/site-packages/airflow/example_dags/example_branch_datetime_operator.py
[2022-06-24 07:12:17,485] {logging_mixin.py:115} INFO - [2022-06-24 07:12:17,484] {dag.py:2379} INFO - Sync 1 DAGs
[2022-06-24 07:12:17,501] {logging_mixin.py:115} INFO - [2022-06-24 07:12:17,501] {dag.py:2931} INFO - Setting next_dagrun for example_branch_datetime_operator_2 to 2022-06-23T00:00:00+00:00, run_after=2022-06-24T00:00:00+00:00
[2022-06-24 07:12:17,519] {processor.py:161} INFO - Processing /home/airflow/.local/lib/python3.7/site-packages/airflow/example_dags/example_branch_datetime_operator.py took 0.088 seconds
[2022-06-24 07:12:47,611] {processor.py:153} INFO - Started process (PID=7203) to work on /home/airflow/.local/lib/python3.7/site-packages/airflow/example_dags/example_branch_datetime_operator.py
[2022-06-24 07:12:47,612] {processor.py:641} INFO - Processing file /home/airflow/.local/lib/python3.7/site-packages/airflow/example_dags/example_branch_datetime_operator.py for tasks to queue
[2022-06-24 07:12:47,612] {logging_mixin.py:115} INFO - [2022-06-24 07:12:47,612] {dagbag.py:507} INFO - Filling up the DagBag from /home/airflow/.local/lib/python3.7/site-packages/airflow/example_dags/example_branch_datetime_operator.py
[2022-06-24 07:12:47,620] {processor.py:651} INFO - DAG(s) dict_keys(['example_branch_datetime_operator_2']) retrieved from /home/airflow/.local/lib/python3.7/site-packages/airflow/example_dags/example_branch_datetime_operator.py
[2022-06-24 07:12:47,647] {logging_mixin.py:115} INFO - [2022-06-24 07:12:47,647] {dag.py:2379} INFO - Sync 1 DAGs
[2022-06-24 07:12:47,667] {logging_mixin.py:115} INFO - [2022-06-24 07:12:47,667] {dag.py:2931} INFO - Setting next_dagrun for example_branch_datetime_operator_2 to 2022-06-23T00:00:00+00:00, run_after=2022-06-24T00:00:00+00:00
[2022-06-24 07:12:47,683] {processor.py:161} INFO - Processing /home/airflow/.local/lib/python3.7/site-packages/airflow/example_dags/example_branch_datetime_operator.py took 0.076 seconds
[2022-06-24 07:13:17,915] {processor.py:153} INFO - Started process (PID=7267) to work on /home/airflow/.local/lib/python3.7/site-packages/airflow/example_dags/example_branch_datetime_operator.py
[2022-06-24 07:13:17,917] {processor.py:641} INFO - Processing file /home/airflow/.local/lib/python3.7/site-packages/airflow/example_dags/example_branch_datetime_operator.py for tasks to queue
[2022-06-24 07:13:17,917] {logging_mixin.py:115} INFO - [2022-06-24 07:13:17,917] {dagbag.py:507} INFO - Filling up the DagBag from /home/airflow/.local/lib/python3.7/site-packages/airflow/example_dags/example_branch_datetime_operator.py
[2022-06-24 07:13:17,924] {processor.py:651} INFO - DAG(s) dict_keys(['example_branch_datetime_operator_2']) retrieved from /home/airflow/.local/lib/python3.7/site-packages/airflow/example_dags/example_branch_datetime_operator.py
[2022-06-24 07:13:17,949] {logging_mixin.py:115} INFO - [2022-06-24 07:13:17,949] {dag.py:2379} INFO - Sync 1 DAGs
[2022-06-24 07:13:17,966] {logging_mixin.py:115} INFO - [2022-06-24 07:13:17,966] {dag.py:2931} INFO - Setting next_dagrun for example_branch_datetime_operator_2 to 2022-06-23T00:00:00+00:00, run_after=2022-06-24T00:00:00+00:00
[2022-06-24 07:13:17,980] {processor.py:161} INFO - Processing /home/airflow/.local/lib/python3.7/site-packages/airflow/example_dags/example_branch_datetime_operator.py took 0.069 seconds
[2022-06-24 07:13:48,593] {processor.py:153} INFO - Started process (PID=7331) to work on /home/airflow/.local/lib/python3.7/site-packages/airflow/example_dags/example_branch_datetime_operator.py
[2022-06-24 07:13:48,594] {processor.py:641} INFO - Processing file /home/airflow/.local/lib/python3.7/site-packages/airflow/example_dags/example_branch_datetime_operator.py for tasks to queue
[2022-06-24 07:13:48,595] {logging_mixin.py:115} INFO - [2022-06-24 07:13:48,595] {dagbag.py:507} INFO - Filling up the DagBag from /home/airflow/.local/lib/python3.7/site-packages/airflow/example_dags/example_branch_datetime_operator.py
[2022-06-24 07:13:48,607] {processor.py:651} INFO - DAG(s) dict_keys(['example_branch_datetime_operator_2']) retrieved from /home/airflow/.local/lib/python3.7/site-packages/airflow/example_dags/example_branch_datetime_operator.py
[2022-06-24 07:13:48,636] {logging_mixin.py:115} INFO - [2022-06-24 07:13:48,636] {dag.py:2379} INFO - Sync 1 DAGs
[2022-06-24 07:13:48,655] {logging_mixin.py:115} INFO - [2022-06-24 07:13:48,655] {dag.py:2931} INFO - Setting next_dagrun for example_branch_datetime_operator_2 to 2022-06-23T00:00:00+00:00, run_after=2022-06-24T00:00:00+00:00
[2022-06-24 07:13:48,669] {processor.py:161} INFO - Processing /home/airflow/.local/lib/python3.7/site-packages/airflow/example_dags/example_branch_datetime_operator.py took 0.079 seconds
[2022-06-24 07:14:19,196] {processor.py:153} INFO - Started process (PID=7386) to work on /home/airflow/.local/lib/python3.7/site-packages/airflow/example_dags/example_branch_datetime_operator.py
[2022-06-24 07:14:19,198] {processor.py:641} INFO - Processing file /home/airflow/.local/lib/python3.7/site-packages/airflow/example_dags/example_branch_datetime_operator.py for tasks to queue
[2022-06-24 07:14:19,198] {logging_mixin.py:115} INFO - [2022-06-24 07:14:19,198] {dagbag.py:507} INFO - Filling up the DagBag from /home/airflow/.local/lib/python3.7/site-packages/airflow/example_dags/example_branch_datetime_operator.py
[2022-06-24 07:14:19,208] {processor.py:651} INFO - DAG(s) dict_keys(['example_branch_datetime_operator_2']) retrieved from /home/airflow/.local/lib/python3.7/site-packages/airflow/example_dags/example_branch_datetime_operator.py
[2022-06-24 07:14:19,230] {logging_mixin.py:115} INFO - [2022-06-24 07:14:19,230] {dag.py:2379} INFO - Sync 1 DAGs
[2022-06-24 07:14:19,246] {logging_mixin.py:115} INFO - [2022-06-24 07:14:19,246] {dag.py:2931} INFO - Setting next_dagrun for example_branch_datetime_operator_2 to 2022-06-23T00:00:00+00:00, run_after=2022-06-24T00:00:00+00:00
[2022-06-24 07:14:19,263] {processor.py:161} INFO - Processing /home/airflow/.local/lib/python3.7/site-packages/airflow/example_dags/example_branch_datetime_operator.py took 0.070 seconds
[2022-06-24 07:14:49,746] {processor.py:153} INFO - Started process (PID=7450) to work on /home/airflow/.local/lib/python3.7/site-packages/airflow/example_dags/example_branch_datetime_operator.py
[2022-06-24 07:14:49,747] {processor.py:641} INFO - Processing file /home/airflow/.local/lib/python3.7/site-packages/airflow/example_dags/example_branch_datetime_operator.py for tasks to queue
[2022-06-24 07:14:49,748] {logging_mixin.py:115} INFO - [2022-06-24 07:14:49,748] {dagbag.py:507} INFO - Filling up the DagBag from /home/airflow/.local/lib/python3.7/site-packages/airflow/example_dags/example_branch_datetime_operator.py
[2022-06-24 07:14:49,757] {processor.py:651} INFO - DAG(s) dict_keys(['example_branch_datetime_operator_2']) retrieved from /home/airflow/.local/lib/python3.7/site-packages/airflow/example_dags/example_branch_datetime_operator.py
[2022-06-24 07:14:49,779] {logging_mixin.py:115} INFO - [2022-06-24 07:14:49,779] {dag.py:2379} INFO - Sync 1 DAGs
[2022-06-24 07:14:49,796] {logging_mixin.py:115} INFO - [2022-06-24 07:14:49,796] {dag.py:2931} INFO - Setting next_dagrun for example_branch_datetime_operator_2 to 2022-06-23T00:00:00+00:00, run_after=2022-06-24T00:00:00+00:00
[2022-06-24 07:14:49,811] {processor.py:161} INFO - Processing /home/airflow/.local/lib/python3.7/site-packages/airflow/example_dags/example_branch_datetime_operator.py took 0.069 seconds
[2022-06-24 07:15:20,082] {processor.py:153} INFO - Started process (PID=7515) to work on /home/airflow/.local/lib/python3.7/site-packages/airflow/example_dags/example_branch_datetime_operator.py
[2022-06-24 07:15:20,083] {processor.py:641} INFO - Processing file /home/airflow/.local/lib/python3.7/site-packages/airflow/example_dags/example_branch_datetime_operator.py for tasks to queue
[2022-06-24 07:15:20,084] {logging_mixin.py:115} INFO - [2022-06-24 07:15:20,084] {dagbag.py:507} INFO - Filling up the DagBag from /home/airflow/.local/lib/python3.7/site-packages/airflow/example_dags/example_branch_datetime_operator.py
[2022-06-24 07:15:20,094] {processor.py:651} INFO - DAG(s) dict_keys(['example_branch_datetime_operator_2']) retrieved from /home/airflow/.local/lib/python3.7/site-packages/airflow/example_dags/example_branch_datetime_operator.py
[2022-06-24 07:15:20,116] {logging_mixin.py:115} INFO - [2022-06-24 07:15:20,116] {dag.py:2379} INFO - Sync 1 DAGs
[2022-06-24 07:15:20,134] {logging_mixin.py:115} INFO - [2022-06-24 07:15:20,134] {dag.py:2931} INFO - Setting next_dagrun for example_branch_datetime_operator_2 to 2022-06-23T00:00:00+00:00, run_after=2022-06-24T00:00:00+00:00
[2022-06-24 07:15:20,150] {processor.py:161} INFO - Processing /home/airflow/.local/lib/python3.7/site-packages/airflow/example_dags/example_branch_datetime_operator.py took 0.071 seconds
[2022-06-24 07:15:50,735] {processor.py:153} INFO - Started process (PID=7570) to work on /home/airflow/.local/lib/python3.7/site-packages/airflow/example_dags/example_branch_datetime_operator.py
[2022-06-24 07:15:50,736] {processor.py:641} INFO - Processing file /home/airflow/.local/lib/python3.7/site-packages/airflow/example_dags/example_branch_datetime_operator.py for tasks to queue
[2022-06-24 07:15:50,737] {logging_mixin.py:115} INFO - [2022-06-24 07:15:50,737] {dagbag.py:507} INFO - Filling up the DagBag from /home/airflow/.local/lib/python3.7/site-packages/airflow/example_dags/example_branch_datetime_operator.py
[2022-06-24 07:15:50,750] {processor.py:651} INFO - DAG(s) dict_keys(['example_branch_datetime_operator_2']) retrieved from /home/airflow/.local/lib/python3.7/site-packages/airflow/example_dags/example_branch_datetime_operator.py
[2022-06-24 07:15:50,782] {logging_mixin.py:115} INFO - [2022-06-24 07:15:50,782] {dag.py:2379} INFO - Sync 1 DAGs
[2022-06-24 07:15:50,801] {logging_mixin.py:115} INFO - [2022-06-24 07:15:50,801] {dag.py:2931} INFO - Setting next_dagrun for example_branch_datetime_operator_2 to 2022-06-23T00:00:00+00:00, run_after=2022-06-24T00:00:00+00:00
[2022-06-24 07:15:50,818] {processor.py:161} INFO - Processing /home/airflow/.local/lib/python3.7/site-packages/airflow/example_dags/example_branch_datetime_operator.py took 0.087 seconds
[2022-06-24 07:16:21,078] {processor.py:153} INFO - Started process (PID=7634) to work on /home/airflow/.local/lib/python3.7/site-packages/airflow/example_dags/example_branch_datetime_operator.py
[2022-06-24 07:16:21,079] {processor.py:641} INFO - Processing file /home/airflow/.local/lib/python3.7/site-packages/airflow/example_dags/example_branch_datetime_operator.py for tasks to queue
[2022-06-24 07:16:21,079] {logging_mixin.py:115} INFO - [2022-06-24 07:16:21,079] {dagbag.py:507} INFO - Filling up the DagBag from /home/airflow/.local/lib/python3.7/site-packages/airflow/example_dags/example_branch_datetime_operator.py
[2022-06-24 07:16:21,094] {processor.py:651} INFO - DAG(s) dict_keys(['example_branch_datetime_operator_2']) retrieved from /home/airflow/.local/lib/python3.7/site-packages/airflow/example_dags/example_branch_datetime_operator.py
[2022-06-24 07:16:21,118] {logging_mixin.py:115} INFO - [2022-06-24 07:16:21,118] {dag.py:2379} INFO - Sync 1 DAGs
[2022-06-24 07:16:21,137] {logging_mixin.py:115} INFO - [2022-06-24 07:16:21,137] {dag.py:2931} INFO - Setting next_dagrun for example_branch_datetime_operator_2 to 2022-06-23T00:00:00+00:00, run_after=2022-06-24T00:00:00+00:00
[2022-06-24 07:16:21,152] {processor.py:161} INFO - Processing /home/airflow/.local/lib/python3.7/site-packages/airflow/example_dags/example_branch_datetime_operator.py took 0.078 seconds
[2022-06-24 07:16:51,602] {processor.py:153} INFO - Started process (PID=7698) to work on /home/airflow/.local/lib/python3.7/site-packages/airflow/example_dags/example_branch_datetime_operator.py
[2022-06-24 07:16:51,603] {processor.py:641} INFO - Processing file /home/airflow/.local/lib/python3.7/site-packages/airflow/example_dags/example_branch_datetime_operator.py for tasks to queue
[2022-06-24 07:16:51,604] {logging_mixin.py:115} INFO - [2022-06-24 07:16:51,604] {dagbag.py:507} INFO - Filling up the DagBag from /home/airflow/.local/lib/python3.7/site-packages/airflow/example_dags/example_branch_datetime_operator.py
[2022-06-24 07:16:51,614] {processor.py:651} INFO - DAG(s) dict_keys(['example_branch_datetime_operator_2']) retrieved from /home/airflow/.local/lib/python3.7/site-packages/airflow/example_dags/example_branch_datetime_operator.py
[2022-06-24 07:16:51,640] {logging_mixin.py:115} INFO - [2022-06-24 07:16:51,640] {dag.py:2379} INFO - Sync 1 DAGs
[2022-06-24 07:16:51,663] {logging_mixin.py:115} INFO - [2022-06-24 07:16:51,663] {dag.py:2931} INFO - Setting next_dagrun for example_branch_datetime_operator_2 to 2022-06-23T00:00:00+00:00, run_after=2022-06-24T00:00:00+00:00
[2022-06-24 07:16:51,677] {processor.py:161} INFO - Processing /home/airflow/.local/lib/python3.7/site-packages/airflow/example_dags/example_branch_datetime_operator.py took 0.078 seconds
[2022-06-24 07:17:22,300] {processor.py:153} INFO - Started process (PID=7762) to work on /home/airflow/.local/lib/python3.7/site-packages/airflow/example_dags/example_branch_datetime_operator.py
[2022-06-24 07:17:22,301] {processor.py:641} INFO - Processing file /home/airflow/.local/lib/python3.7/site-packages/airflow/example_dags/example_branch_datetime_operator.py for tasks to queue
[2022-06-24 07:17:22,302] {logging_mixin.py:115} INFO - [2022-06-24 07:17:22,301] {dagbag.py:507} INFO - Filling up the DagBag from /home/airflow/.local/lib/python3.7/site-packages/airflow/example_dags/example_branch_datetime_operator.py
[2022-06-24 07:17:22,312] {processor.py:651} INFO - DAG(s) dict_keys(['example_branch_datetime_operator_2']) retrieved from /home/airflow/.local/lib/python3.7/site-packages/airflow/example_dags/example_branch_datetime_operator.py
[2022-06-24 07:17:22,344] {logging_mixin.py:115} INFO - [2022-06-24 07:17:22,344] {dag.py:2379} INFO - Sync 1 DAGs
[2022-06-24 07:17:22,363] {logging_mixin.py:115} INFO - [2022-06-24 07:17:22,362] {dag.py:2931} INFO - Setting next_dagrun for example_branch_datetime_operator_2 to 2022-06-23T00:00:00+00:00, run_after=2022-06-24T00:00:00+00:00
[2022-06-24 07:17:22,377] {processor.py:161} INFO - Processing /home/airflow/.local/lib/python3.7/site-packages/airflow/example_dags/example_branch_datetime_operator.py took 0.081 seconds
[2022-06-24 07:17:52,916] {processor.py:153} INFO - Started process (PID=7817) to work on /home/airflow/.local/lib/python3.7/site-packages/airflow/example_dags/example_branch_datetime_operator.py
[2022-06-24 07:17:52,917] {processor.py:641} INFO - Processing file /home/airflow/.local/lib/python3.7/site-packages/airflow/example_dags/example_branch_datetime_operator.py for tasks to queue
[2022-06-24 07:17:52,918] {logging_mixin.py:115} INFO - [2022-06-24 07:17:52,918] {dagbag.py:507} INFO - Filling up the DagBag from /home/airflow/.local/lib/python3.7/site-packages/airflow/example_dags/example_branch_datetime_operator.py
[2022-06-24 07:17:52,928] {processor.py:651} INFO - DAG(s) dict_keys(['example_branch_datetime_operator_2']) retrieved from /home/airflow/.local/lib/python3.7/site-packages/airflow/example_dags/example_branch_datetime_operator.py
[2022-06-24 07:17:52,953] {logging_mixin.py:115} INFO - [2022-06-24 07:17:52,953] {dag.py:2379} INFO - Sync 1 DAGs
[2022-06-24 07:17:52,975] {logging_mixin.py:115} INFO - [2022-06-24 07:17:52,975] {dag.py:2931} INFO - Setting next_dagrun for example_branch_datetime_operator_2 to 2022-06-23T00:00:00+00:00, run_after=2022-06-24T00:00:00+00:00
[2022-06-24 07:17:52,991] {processor.py:161} INFO - Processing /home/airflow/.local/lib/python3.7/site-packages/airflow/example_dags/example_branch_datetime_operator.py took 0.079 seconds
[2022-06-24 07:18:23,713] {processor.py:153} INFO - Started process (PID=7881) to work on /home/airflow/.local/lib/python3.7/site-packages/airflow/example_dags/example_branch_datetime_operator.py
[2022-06-24 07:18:23,714] {processor.py:641} INFO - Processing file /home/airflow/.local/lib/python3.7/site-packages/airflow/example_dags/example_branch_datetime_operator.py for tasks to queue
[2022-06-24 07:18:23,715] {logging_mixin.py:115} INFO - [2022-06-24 07:18:23,715] {dagbag.py:507} INFO - Filling up the DagBag from /home/airflow/.local/lib/python3.7/site-packages/airflow/example_dags/example_branch_datetime_operator.py
[2022-06-24 07:18:23,724] {processor.py:651} INFO - DAG(s) dict_keys(['example_branch_datetime_operator_2']) retrieved from /home/airflow/.local/lib/python3.7/site-packages/airflow/example_dags/example_branch_datetime_operator.py
[2022-06-24 07:18:23,753] {logging_mixin.py:115} INFO - [2022-06-24 07:18:23,753] {dag.py:2379} INFO - Sync 1 DAGs
[2022-06-24 07:18:23,773] {logging_mixin.py:115} INFO - [2022-06-24 07:18:23,773] {dag.py:2931} INFO - Setting next_dagrun for example_branch_datetime_operator_2 to 2022-06-23T00:00:00+00:00, run_after=2022-06-24T00:00:00+00:00
[2022-06-24 07:18:23,794] {processor.py:161} INFO - Processing /home/airflow/.local/lib/python3.7/site-packages/airflow/example_dags/example_branch_datetime_operator.py took 0.084 seconds
[2022-06-24 07:18:54,427] {processor.py:153} INFO - Started process (PID=7946) to work on /home/airflow/.local/lib/python3.7/site-packages/airflow/example_dags/example_branch_datetime_operator.py
[2022-06-24 07:18:54,428] {processor.py:641} INFO - Processing file /home/airflow/.local/lib/python3.7/site-packages/airflow/example_dags/example_branch_datetime_operator.py for tasks to queue
[2022-06-24 07:18:54,429] {logging_mixin.py:115} INFO - [2022-06-24 07:18:54,429] {dagbag.py:507} INFO - Filling up the DagBag from /home/airflow/.local/lib/python3.7/site-packages/airflow/example_dags/example_branch_datetime_operator.py
[2022-06-24 07:18:54,446] {processor.py:651} INFO - DAG(s) dict_keys(['example_branch_datetime_operator_2']) retrieved from /home/airflow/.local/lib/python3.7/site-packages/airflow/example_dags/example_branch_datetime_operator.py
[2022-06-24 07:18:54,493] {logging_mixin.py:115} INFO - [2022-06-24 07:18:54,493] {dag.py:2379} INFO - Sync 1 DAGs
[2022-06-24 07:18:54,522] {logging_mixin.py:115} INFO - [2022-06-24 07:18:54,522] {dag.py:2931} INFO - Setting next_dagrun for example_branch_datetime_operator_2 to 2022-06-23T00:00:00+00:00, run_after=2022-06-24T00:00:00+00:00
[2022-06-24 07:18:54,539] {processor.py:161} INFO - Processing /home/airflow/.local/lib/python3.7/site-packages/airflow/example_dags/example_branch_datetime_operator.py took 0.115 seconds
[2022-06-24 07:19:24,774] {processor.py:153} INFO - Started process (PID=8001) to work on /home/airflow/.local/lib/python3.7/site-packages/airflow/example_dags/example_branch_datetime_operator.py
[2022-06-24 07:19:24,775] {processor.py:641} INFO - Processing file /home/airflow/.local/lib/python3.7/site-packages/airflow/example_dags/example_branch_datetime_operator.py for tasks to queue
[2022-06-24 07:19:24,776] {logging_mixin.py:115} INFO - [2022-06-24 07:19:24,776] {dagbag.py:507} INFO - Filling up the DagBag from /home/airflow/.local/lib/python3.7/site-packages/airflow/example_dags/example_branch_datetime_operator.py
[2022-06-24 07:19:24,785] {processor.py:651} INFO - DAG(s) dict_keys(['example_branch_datetime_operator_2']) retrieved from /home/airflow/.local/lib/python3.7/site-packages/airflow/example_dags/example_branch_datetime_operator.py
[2022-06-24 07:19:24,810] {logging_mixin.py:115} INFO - [2022-06-24 07:19:24,810] {dag.py:2379} INFO - Sync 1 DAGs
[2022-06-24 07:19:24,828] {logging_mixin.py:115} INFO - [2022-06-24 07:19:24,828] {dag.py:2931} INFO - Setting next_dagrun for example_branch_datetime_operator_2 to 2022-06-23T00:00:00+00:00, run_after=2022-06-24T00:00:00+00:00
[2022-06-24 07:19:24,843] {processor.py:161} INFO - Processing /home/airflow/.local/lib/python3.7/site-packages/airflow/example_dags/example_branch_datetime_operator.py took 0.073 seconds
[2022-06-24 07:19:55,265] {processor.py:153} INFO - Started process (PID=8065) to work on /home/airflow/.local/lib/python3.7/site-packages/airflow/example_dags/example_branch_datetime_operator.py
[2022-06-24 07:19:55,266] {processor.py:641} INFO - Processing file /home/airflow/.local/lib/python3.7/site-packages/airflow/example_dags/example_branch_datetime_operator.py for tasks to queue
[2022-06-24 07:19:55,266] {logging_mixin.py:115} INFO - [2022-06-24 07:19:55,266] {dagbag.py:507} INFO - Filling up the DagBag from /home/airflow/.local/lib/python3.7/site-packages/airflow/example_dags/example_branch_datetime_operator.py
[2022-06-24 07:19:55,279] {processor.py:651} INFO - DAG(s) dict_keys(['example_branch_datetime_operator_2']) retrieved from /home/airflow/.local/lib/python3.7/site-packages/airflow/example_dags/example_branch_datetime_operator.py
[2022-06-24 07:19:55,306] {logging_mixin.py:115} INFO - [2022-06-24 07:19:55,306] {dag.py:2379} INFO - Sync 1 DAGs
[2022-06-24 07:19:55,326] {logging_mixin.py:115} INFO - [2022-06-24 07:19:55,325] {dag.py:2931} INFO - Setting next_dagrun for example_branch_datetime_operator_2 to 2022-06-23T00:00:00+00:00, run_after=2022-06-24T00:00:00+00:00
[2022-06-24 07:19:55,342] {processor.py:161} INFO - Processing /home/airflow/.local/lib/python3.7/site-packages/airflow/example_dags/example_branch_datetime_operator.py took 0.084 seconds
[2022-06-24 07:20:25,576] {processor.py:153} INFO - Started process (PID=8129) to work on /home/airflow/.local/lib/python3.7/site-packages/airflow/example_dags/example_branch_datetime_operator.py
[2022-06-24 07:20:25,577] {processor.py:641} INFO - Processing file /home/airflow/.local/lib/python3.7/site-packages/airflow/example_dags/example_branch_datetime_operator.py for tasks to queue
[2022-06-24 07:20:25,578] {logging_mixin.py:115} INFO - [2022-06-24 07:20:25,578] {dagbag.py:507} INFO - Filling up the DagBag from /home/airflow/.local/lib/python3.7/site-packages/airflow/example_dags/example_branch_datetime_operator.py
[2022-06-24 07:20:25,585] {processor.py:651} INFO - DAG(s) dict_keys(['example_branch_datetime_operator_2']) retrieved from /home/airflow/.local/lib/python3.7/site-packages/airflow/example_dags/example_branch_datetime_operator.py
[2022-06-24 07:20:25,613] {logging_mixin.py:115} INFO - [2022-06-24 07:20:25,613] {dag.py:2379} INFO - Sync 1 DAGs
[2022-06-24 07:20:25,633] {logging_mixin.py:115} INFO - [2022-06-24 07:20:25,633] {dag.py:2931} INFO - Setting next_dagrun for example_branch_datetime_operator_2 to 2022-06-23T00:00:00+00:00, run_after=2022-06-24T00:00:00+00:00
[2022-06-24 07:20:25,648] {processor.py:161} INFO - Processing /home/airflow/.local/lib/python3.7/site-packages/airflow/example_dags/example_branch_datetime_operator.py took 0.075 seconds
[2022-06-24 07:20:56,118] {processor.py:153} INFO - Started process (PID=8193) to work on /home/airflow/.local/lib/python3.7/site-packages/airflow/example_dags/example_branch_datetime_operator.py
[2022-06-24 07:20:56,120] {processor.py:641} INFO - Processing file /home/airflow/.local/lib/python3.7/site-packages/airflow/example_dags/example_branch_datetime_operator.py for tasks to queue
[2022-06-24 07:20:56,121] {logging_mixin.py:115} INFO - [2022-06-24 07:20:56,121] {dagbag.py:507} INFO - Filling up the DagBag from /home/airflow/.local/lib/python3.7/site-packages/airflow/example_dags/example_branch_datetime_operator.py
[2022-06-24 07:20:56,132] {processor.py:651} INFO - DAG(s) dict_keys(['example_branch_datetime_operator_2']) retrieved from /home/airflow/.local/lib/python3.7/site-packages/airflow/example_dags/example_branch_datetime_operator.py
[2022-06-24 07:20:56,160] {logging_mixin.py:115} INFO - [2022-06-24 07:20:56,160] {dag.py:2379} INFO - Sync 1 DAGs
[2022-06-24 07:20:56,177] {logging_mixin.py:115} INFO - [2022-06-24 07:20:56,177] {dag.py:2931} INFO - Setting next_dagrun for example_branch_datetime_operator_2 to 2022-06-23T00:00:00+00:00, run_after=2022-06-24T00:00:00+00:00
[2022-06-24 07:20:56,190] {processor.py:161} INFO - Processing /home/airflow/.local/lib/python3.7/site-packages/airflow/example_dags/example_branch_datetime_operator.py took 0.076 seconds
[2022-06-24 07:21:26,878] {processor.py:153} INFO - Started process (PID=8248) to work on /home/airflow/.local/lib/python3.7/site-packages/airflow/example_dags/example_branch_datetime_operator.py
[2022-06-24 07:21:26,878] {processor.py:641} INFO - Processing file /home/airflow/.local/lib/python3.7/site-packages/airflow/example_dags/example_branch_datetime_operator.py for tasks to queue
[2022-06-24 07:21:26,880] {logging_mixin.py:115} INFO - [2022-06-24 07:21:26,879] {dagbag.py:507} INFO - Filling up the DagBag from /home/airflow/.local/lib/python3.7/site-packages/airflow/example_dags/example_branch_datetime_operator.py
[2022-06-24 07:21:26,888] {processor.py:651} INFO - DAG(s) dict_keys(['example_branch_datetime_operator_2']) retrieved from /home/airflow/.local/lib/python3.7/site-packages/airflow/example_dags/example_branch_datetime_operator.py
[2022-06-24 07:21:26,920] {logging_mixin.py:115} INFO - [2022-06-24 07:21:26,920] {dag.py:2379} INFO - Sync 1 DAGs
[2022-06-24 07:21:26,939] {logging_mixin.py:115} INFO - [2022-06-24 07:21:26,939] {dag.py:2931} INFO - Setting next_dagrun for example_branch_datetime_operator_2 to 2022-06-23T00:00:00+00:00, run_after=2022-06-24T00:00:00+00:00
[2022-06-24 07:21:26,953] {processor.py:161} INFO - Processing /home/airflow/.local/lib/python3.7/site-packages/airflow/example_dags/example_branch_datetime_operator.py took 0.080 seconds
[2022-06-24 07:21:57,370] {processor.py:153} INFO - Started process (PID=8312) to work on /home/airflow/.local/lib/python3.7/site-packages/airflow/example_dags/example_branch_datetime_operator.py
[2022-06-24 07:21:57,371] {processor.py:641} INFO - Processing file /home/airflow/.local/lib/python3.7/site-packages/airflow/example_dags/example_branch_datetime_operator.py for tasks to queue
[2022-06-24 07:21:57,372] {logging_mixin.py:115} INFO - [2022-06-24 07:21:57,371] {dagbag.py:507} INFO - Filling up the DagBag from /home/airflow/.local/lib/python3.7/site-packages/airflow/example_dags/example_branch_datetime_operator.py
[2022-06-24 07:21:57,378] {processor.py:651} INFO - DAG(s) dict_keys(['example_branch_datetime_operator_2']) retrieved from /home/airflow/.local/lib/python3.7/site-packages/airflow/example_dags/example_branch_datetime_operator.py
[2022-06-24 07:21:57,409] {logging_mixin.py:115} INFO - [2022-06-24 07:21:57,409] {dag.py:2379} INFO - Sync 1 DAGs
[2022-06-24 07:21:57,431] {logging_mixin.py:115} INFO - [2022-06-24 07:21:57,431] {dag.py:2931} INFO - Setting next_dagrun for example_branch_datetime_operator_2 to 2022-06-23T00:00:00+00:00, run_after=2022-06-24T00:00:00+00:00
[2022-06-24 07:21:57,445] {processor.py:161} INFO - Processing /home/airflow/.local/lib/python3.7/site-packages/airflow/example_dags/example_branch_datetime_operator.py took 0.078 seconds
[2022-06-24 07:22:27,983] {processor.py:153} INFO - Started process (PID=8376) to work on /home/airflow/.local/lib/python3.7/site-packages/airflow/example_dags/example_branch_datetime_operator.py
[2022-06-24 07:22:27,984] {processor.py:641} INFO - Processing file /home/airflow/.local/lib/python3.7/site-packages/airflow/example_dags/example_branch_datetime_operator.py for tasks to queue
[2022-06-24 07:22:27,986] {logging_mixin.py:115} INFO - [2022-06-24 07:22:27,986] {dagbag.py:507} INFO - Filling up the DagBag from /home/airflow/.local/lib/python3.7/site-packages/airflow/example_dags/example_branch_datetime_operator.py
[2022-06-24 07:22:27,993] {processor.py:651} INFO - DAG(s) dict_keys(['example_branch_datetime_operator_2']) retrieved from /home/airflow/.local/lib/python3.7/site-packages/airflow/example_dags/example_branch_datetime_operator.py
[2022-06-24 07:22:28,016] {logging_mixin.py:115} INFO - [2022-06-24 07:22:28,016] {dag.py:2379} INFO - Sync 1 DAGs
[2022-06-24 07:22:28,037] {logging_mixin.py:115} INFO - [2022-06-24 07:22:28,037] {dag.py:2931} INFO - Setting next_dagrun for example_branch_datetime_operator_2 to 2022-06-23T00:00:00+00:00, run_after=2022-06-24T00:00:00+00:00
[2022-06-24 07:22:28,052] {processor.py:161} INFO - Processing /home/airflow/.local/lib/python3.7/site-packages/airflow/example_dags/example_branch_datetime_operator.py took 0.072 seconds
[2022-06-24 07:22:58,976] {processor.py:153} INFO - Started process (PID=8431) to work on /home/airflow/.local/lib/python3.7/site-packages/airflow/example_dags/example_branch_datetime_operator.py
[2022-06-24 07:22:58,977] {processor.py:641} INFO - Processing file /home/airflow/.local/lib/python3.7/site-packages/airflow/example_dags/example_branch_datetime_operator.py for tasks to queue
[2022-06-24 07:22:58,978] {logging_mixin.py:115} INFO - [2022-06-24 07:22:58,978] {dagbag.py:507} INFO - Filling up the DagBag from /home/airflow/.local/lib/python3.7/site-packages/airflow/example_dags/example_branch_datetime_operator.py
[2022-06-24 07:22:58,994] {processor.py:651} INFO - DAG(s) dict_keys(['example_branch_datetime_operator_2']) retrieved from /home/airflow/.local/lib/python3.7/site-packages/airflow/example_dags/example_branch_datetime_operator.py
[2022-06-24 07:22:59,031] {logging_mixin.py:115} INFO - [2022-06-24 07:22:59,031] {dag.py:2379} INFO - Sync 1 DAGs
[2022-06-24 07:22:59,052] {logging_mixin.py:115} INFO - [2022-06-24 07:22:59,052] {dag.py:2931} INFO - Setting next_dagrun for example_branch_datetime_operator_2 to 2022-06-23T00:00:00+00:00, run_after=2022-06-24T00:00:00+00:00
[2022-06-24 07:22:59,065] {processor.py:161} INFO - Processing /home/airflow/.local/lib/python3.7/site-packages/airflow/example_dags/example_branch_datetime_operator.py took 0.096 seconds
[2022-06-24 07:23:29,224] {processor.py:153} INFO - Started process (PID=8495) to work on /home/airflow/.local/lib/python3.7/site-packages/airflow/example_dags/example_branch_datetime_operator.py
[2022-06-24 07:23:29,225] {processor.py:641} INFO - Processing file /home/airflow/.local/lib/python3.7/site-packages/airflow/example_dags/example_branch_datetime_operator.py for tasks to queue
[2022-06-24 07:23:29,227] {logging_mixin.py:115} INFO - [2022-06-24 07:23:29,226] {dagbag.py:507} INFO - Filling up the DagBag from /home/airflow/.local/lib/python3.7/site-packages/airflow/example_dags/example_branch_datetime_operator.py
[2022-06-24 07:23:29,238] {processor.py:651} INFO - DAG(s) dict_keys(['example_branch_datetime_operator_2']) retrieved from /home/airflow/.local/lib/python3.7/site-packages/airflow/example_dags/example_branch_datetime_operator.py
[2022-06-24 07:23:29,284] {logging_mixin.py:115} INFO - [2022-06-24 07:23:29,283] {dag.py:2379} INFO - Sync 1 DAGs
[2022-06-24 07:23:29,320] {logging_mixin.py:115} INFO - [2022-06-24 07:23:29,320] {dag.py:2931} INFO - Setting next_dagrun for example_branch_datetime_operator_2 to 2022-06-23T00:00:00+00:00, run_after=2022-06-24T00:00:00+00:00
[2022-06-24 07:23:29,339] {processor.py:161} INFO - Processing /home/airflow/.local/lib/python3.7/site-packages/airflow/example_dags/example_branch_datetime_operator.py took 0.119 seconds
[2022-06-24 07:24:00,219] {processor.py:153} INFO - Started process (PID=8559) to work on /home/airflow/.local/lib/python3.7/site-packages/airflow/example_dags/example_branch_datetime_operator.py
[2022-06-24 07:24:00,220] {processor.py:641} INFO - Processing file /home/airflow/.local/lib/python3.7/site-packages/airflow/example_dags/example_branch_datetime_operator.py for tasks to queue
[2022-06-24 07:24:00,221] {logging_mixin.py:115} INFO - [2022-06-24 07:24:00,221] {dagbag.py:507} INFO - Filling up the DagBag from /home/airflow/.local/lib/python3.7/site-packages/airflow/example_dags/example_branch_datetime_operator.py
[2022-06-24 07:24:00,230] {processor.py:651} INFO - DAG(s) dict_keys(['example_branch_datetime_operator_2']) retrieved from /home/airflow/.local/lib/python3.7/site-packages/airflow/example_dags/example_branch_datetime_operator.py
[2022-06-24 07:24:00,252] {logging_mixin.py:115} INFO - [2022-06-24 07:24:00,252] {dag.py:2379} INFO - Sync 1 DAGs
[2022-06-24 07:24:00,269] {logging_mixin.py:115} INFO - [2022-06-24 07:24:00,269] {dag.py:2931} INFO - Setting next_dagrun for example_branch_datetime_operator_2 to 2022-06-23T00:00:00+00:00, run_after=2022-06-24T00:00:00+00:00
[2022-06-24 07:24:00,286] {processor.py:161} INFO - Processing /home/airflow/.local/lib/python3.7/site-packages/airflow/example_dags/example_branch_datetime_operator.py took 0.070 seconds
[2022-06-24 07:24:30,803] {processor.py:153} INFO - Started process (PID=8624) to work on /home/airflow/.local/lib/python3.7/site-packages/airflow/example_dags/example_branch_datetime_operator.py
[2022-06-24 07:24:30,804] {processor.py:641} INFO - Processing file /home/airflow/.local/lib/python3.7/site-packages/airflow/example_dags/example_branch_datetime_operator.py for tasks to queue
[2022-06-24 07:24:30,805] {logging_mixin.py:115} INFO - [2022-06-24 07:24:30,804] {dagbag.py:507} INFO - Filling up the DagBag from /home/airflow/.local/lib/python3.7/site-packages/airflow/example_dags/example_branch_datetime_operator.py
[2022-06-24 07:24:30,814] {processor.py:651} INFO - DAG(s) dict_keys(['example_branch_datetime_operator_2']) retrieved from /home/airflow/.local/lib/python3.7/site-packages/airflow/example_dags/example_branch_datetime_operator.py
[2022-06-24 07:24:30,838] {logging_mixin.py:115} INFO - [2022-06-24 07:24:30,838] {dag.py:2379} INFO - Sync 1 DAGs
[2022-06-24 07:24:30,855] {logging_mixin.py:115} INFO - [2022-06-24 07:24:30,855] {dag.py:2931} INFO - Setting next_dagrun for example_branch_datetime_operator_2 to 2022-06-23T00:00:00+00:00, run_after=2022-06-24T00:00:00+00:00
[2022-06-24 07:24:30,870] {processor.py:161} INFO - Processing /home/airflow/.local/lib/python3.7/site-packages/airflow/example_dags/example_branch_datetime_operator.py took 0.070 seconds
[2022-06-24 07:25:01,192] {processor.py:153} INFO - Started process (PID=8679) to work on /home/airflow/.local/lib/python3.7/site-packages/airflow/example_dags/example_branch_datetime_operator.py
[2022-06-24 07:25:01,193] {processor.py:641} INFO - Processing file /home/airflow/.local/lib/python3.7/site-packages/airflow/example_dags/example_branch_datetime_operator.py for tasks to queue
[2022-06-24 07:25:01,193] {logging_mixin.py:115} INFO - [2022-06-24 07:25:01,193] {dagbag.py:507} INFO - Filling up the DagBag from /home/airflow/.local/lib/python3.7/site-packages/airflow/example_dags/example_branch_datetime_operator.py
[2022-06-24 07:25:01,201] {processor.py:651} INFO - DAG(s) dict_keys(['example_branch_datetime_operator_2']) retrieved from /home/airflow/.local/lib/python3.7/site-packages/airflow/example_dags/example_branch_datetime_operator.py
[2022-06-24 07:25:01,228] {logging_mixin.py:115} INFO - [2022-06-24 07:25:01,228] {dag.py:2379} INFO - Sync 1 DAGs
[2022-06-24 07:25:01,256] {logging_mixin.py:115} INFO - [2022-06-24 07:25:01,256] {dag.py:2931} INFO - Setting next_dagrun for example_branch_datetime_operator_2 to 2022-06-23T00:00:00+00:00, run_after=2022-06-24T00:00:00+00:00
[2022-06-24 07:25:01,276] {processor.py:161} INFO - Processing /home/airflow/.local/lib/python3.7/site-packages/airflow/example_dags/example_branch_datetime_operator.py took 0.087 seconds
[2022-06-24 07:25:31,486] {processor.py:153} INFO - Started process (PID=8743) to work on /home/airflow/.local/lib/python3.7/site-packages/airflow/example_dags/example_branch_datetime_operator.py
[2022-06-24 07:25:31,487] {processor.py:641} INFO - Processing file /home/airflow/.local/lib/python3.7/site-packages/airflow/example_dags/example_branch_datetime_operator.py for tasks to queue
[2022-06-24 07:25:31,488] {logging_mixin.py:115} INFO - [2022-06-24 07:25:31,488] {dagbag.py:507} INFO - Filling up the DagBag from /home/airflow/.local/lib/python3.7/site-packages/airflow/example_dags/example_branch_datetime_operator.py
[2022-06-24 07:25:31,498] {processor.py:651} INFO - DAG(s) dict_keys(['example_branch_datetime_operator_2']) retrieved from /home/airflow/.local/lib/python3.7/site-packages/airflow/example_dags/example_branch_datetime_operator.py
[2022-06-24 07:25:31,547] {logging_mixin.py:115} INFO - [2022-06-24 07:25:31,547] {dag.py:2379} INFO - Sync 1 DAGs
[2022-06-24 07:25:31,571] {logging_mixin.py:115} INFO - [2022-06-24 07:25:31,571] {dag.py:2931} INFO - Setting next_dagrun for example_branch_datetime_operator_2 to 2022-06-23T00:00:00+00:00, run_after=2022-06-24T00:00:00+00:00
[2022-06-24 07:25:31,587] {processor.py:161} INFO - Processing /home/airflow/.local/lib/python3.7/site-packages/airflow/example_dags/example_branch_datetime_operator.py took 0.105 seconds
[2022-06-24 07:26:01,683] {processor.py:153} INFO - Started process (PID=8807) to work on /home/airflow/.local/lib/python3.7/site-packages/airflow/example_dags/example_branch_datetime_operator.py
[2022-06-24 07:26:01,685] {processor.py:641} INFO - Processing file /home/airflow/.local/lib/python3.7/site-packages/airflow/example_dags/example_branch_datetime_operator.py for tasks to queue
[2022-06-24 07:26:01,686] {logging_mixin.py:115} INFO - [2022-06-24 07:26:01,686] {dagbag.py:507} INFO - Filling up the DagBag from /home/airflow/.local/lib/python3.7/site-packages/airflow/example_dags/example_branch_datetime_operator.py
[2022-06-24 07:26:01,695] {processor.py:651} INFO - DAG(s) dict_keys(['example_branch_datetime_operator_2']) retrieved from /home/airflow/.local/lib/python3.7/site-packages/airflow/example_dags/example_branch_datetime_operator.py
[2022-06-24 07:26:01,741] {logging_mixin.py:115} INFO - [2022-06-24 07:26:01,741] {dag.py:2379} INFO - Sync 1 DAGs
[2022-06-24 07:26:01,761] {logging_mixin.py:115} INFO - [2022-06-24 07:26:01,761] {dag.py:2931} INFO - Setting next_dagrun for example_branch_datetime_operator_2 to 2022-06-23T00:00:00+00:00, run_after=2022-06-24T00:00:00+00:00
[2022-06-24 07:26:01,776] {processor.py:161} INFO - Processing /home/airflow/.local/lib/python3.7/site-packages/airflow/example_dags/example_branch_datetime_operator.py took 0.096 seconds
