[2022-06-24 06:58:32,571] {processor.py:153} INFO - Started process (PID=5468) to work on /home/airflow/.local/lib/python3.7/site-packages/airflow/example_dags/example_kubernetes_executor.py
[2022-06-24 06:58:32,572] {processor.py:641} INFO - Processing file /home/airflow/.local/lib/python3.7/site-packages/airflow/example_dags/example_kubernetes_executor.py for tasks to queue
[2022-06-24 06:58:32,572] {logging_mixin.py:115} INFO - [2022-06-24 06:58:32,572] {dagbag.py:507} INFO - Filling up the DagBag from /home/airflow/.local/lib/python3.7/site-packages/airflow/example_dags/example_kubernetes_executor.py
[2022-06-24 06:58:32,601] {processor.py:651} INFO - DAG(s) dict_keys(['example_kubernetes_executor']) retrieved from /home/airflow/.local/lib/python3.7/site-packages/airflow/example_dags/example_kubernetes_executor.py
[2022-06-24 06:58:32,627] {logging_mixin.py:115} INFO - [2022-06-24 06:58:32,627] {dag.py:2379} INFO - Sync 1 DAGs
[2022-06-24 06:58:32,643] {logging_mixin.py:115} INFO - [2022-06-24 06:58:32,643] {dag.py:2931} INFO - Setting next_dagrun for example_kubernetes_executor to None, run_after=None
[2022-06-24 06:58:32,658] {processor.py:161} INFO - Processing /home/airflow/.local/lib/python3.7/site-packages/airflow/example_dags/example_kubernetes_executor.py took 0.090 seconds
[2022-06-24 06:59:04,245] {processor.py:153} INFO - Started process (PID=5523) to work on /home/airflow/.local/lib/python3.7/site-packages/airflow/example_dags/example_kubernetes_executor.py
[2022-06-24 06:59:04,248] {processor.py:641} INFO - Processing file /home/airflow/.local/lib/python3.7/site-packages/airflow/example_dags/example_kubernetes_executor.py for tasks to queue
[2022-06-24 06:59:04,254] {logging_mixin.py:115} INFO - [2022-06-24 06:59:04,254] {dagbag.py:507} INFO - Filling up the DagBag from /home/airflow/.local/lib/python3.7/site-packages/airflow/example_dags/example_kubernetes_executor.py
[2022-06-24 06:59:04,313] {processor.py:651} INFO - DAG(s) dict_keys(['example_kubernetes_executor']) retrieved from /home/airflow/.local/lib/python3.7/site-packages/airflow/example_dags/example_kubernetes_executor.py
[2022-06-24 06:59:04,368] {logging_mixin.py:115} INFO - [2022-06-24 06:59:04,368] {dag.py:2379} INFO - Sync 1 DAGs
[2022-06-24 06:59:04,401] {logging_mixin.py:115} INFO - [2022-06-24 06:59:04,401] {dag.py:2931} INFO - Setting next_dagrun for example_kubernetes_executor to None, run_after=None
[2022-06-24 06:59:04,428] {processor.py:161} INFO - Processing /home/airflow/.local/lib/python3.7/site-packages/airflow/example_dags/example_kubernetes_executor.py took 0.188 seconds
[2022-06-24 06:59:34,933] {processor.py:153} INFO - Started process (PID=5579) to work on /home/airflow/.local/lib/python3.7/site-packages/airflow/example_dags/example_kubernetes_executor.py
[2022-06-24 06:59:34,934] {processor.py:641} INFO - Processing file /home/airflow/.local/lib/python3.7/site-packages/airflow/example_dags/example_kubernetes_executor.py for tasks to queue
[2022-06-24 06:59:34,935] {logging_mixin.py:115} INFO - [2022-06-24 06:59:34,935] {dagbag.py:507} INFO - Filling up the DagBag from /home/airflow/.local/lib/python3.7/site-packages/airflow/example_dags/example_kubernetes_executor.py
[2022-06-24 06:59:34,963] {processor.py:651} INFO - DAG(s) dict_keys(['example_kubernetes_executor']) retrieved from /home/airflow/.local/lib/python3.7/site-packages/airflow/example_dags/example_kubernetes_executor.py
[2022-06-24 06:59:34,992] {logging_mixin.py:115} INFO - [2022-06-24 06:59:34,992] {dag.py:2379} INFO - Sync 1 DAGs
[2022-06-24 06:59:35,013] {logging_mixin.py:115} INFO - [2022-06-24 06:59:35,013] {dag.py:2931} INFO - Setting next_dagrun for example_kubernetes_executor to None, run_after=None
[2022-06-24 06:59:35,084] {processor.py:161} INFO - Processing /home/airflow/.local/lib/python3.7/site-packages/airflow/example_dags/example_kubernetes_executor.py took 0.154 seconds
[2022-06-24 07:00:05,282] {processor.py:153} INFO - Started process (PID=5643) to work on /home/airflow/.local/lib/python3.7/site-packages/airflow/example_dags/example_kubernetes_executor.py
[2022-06-24 07:00:05,283] {processor.py:641} INFO - Processing file /home/airflow/.local/lib/python3.7/site-packages/airflow/example_dags/example_kubernetes_executor.py for tasks to queue
[2022-06-24 07:00:05,283] {logging_mixin.py:115} INFO - [2022-06-24 07:00:05,283] {dagbag.py:507} INFO - Filling up the DagBag from /home/airflow/.local/lib/python3.7/site-packages/airflow/example_dags/example_kubernetes_executor.py
[2022-06-24 07:00:05,307] {processor.py:651} INFO - DAG(s) dict_keys(['example_kubernetes_executor']) retrieved from /home/airflow/.local/lib/python3.7/site-packages/airflow/example_dags/example_kubernetes_executor.py
[2022-06-24 07:00:05,335] {logging_mixin.py:115} INFO - [2022-06-24 07:00:05,335] {dag.py:2379} INFO - Sync 1 DAGs
[2022-06-24 07:00:05,351] {logging_mixin.py:115} INFO - [2022-06-24 07:00:05,351] {dag.py:2931} INFO - Setting next_dagrun for example_kubernetes_executor to None, run_after=None
[2022-06-24 07:00:05,365] {processor.py:161} INFO - Processing /home/airflow/.local/lib/python3.7/site-packages/airflow/example_dags/example_kubernetes_executor.py took 0.086 seconds
[2022-06-24 07:00:36,139] {processor.py:153} INFO - Started process (PID=5707) to work on /home/airflow/.local/lib/python3.7/site-packages/airflow/example_dags/example_kubernetes_executor.py
[2022-06-24 07:00:36,140] {processor.py:641} INFO - Processing file /home/airflow/.local/lib/python3.7/site-packages/airflow/example_dags/example_kubernetes_executor.py for tasks to queue
[2022-06-24 07:00:36,141] {logging_mixin.py:115} INFO - [2022-06-24 07:00:36,141] {dagbag.py:507} INFO - Filling up the DagBag from /home/airflow/.local/lib/python3.7/site-packages/airflow/example_dags/example_kubernetes_executor.py
[2022-06-24 07:00:36,164] {processor.py:651} INFO - DAG(s) dict_keys(['example_kubernetes_executor']) retrieved from /home/airflow/.local/lib/python3.7/site-packages/airflow/example_dags/example_kubernetes_executor.py
[2022-06-24 07:00:36,190] {logging_mixin.py:115} INFO - [2022-06-24 07:00:36,189] {dag.py:2379} INFO - Sync 1 DAGs
[2022-06-24 07:00:36,206] {logging_mixin.py:115} INFO - [2022-06-24 07:00:36,206] {dag.py:2931} INFO - Setting next_dagrun for example_kubernetes_executor to None, run_after=None
[2022-06-24 07:00:36,224] {processor.py:161} INFO - Processing /home/airflow/.local/lib/python3.7/site-packages/airflow/example_dags/example_kubernetes_executor.py took 0.089 seconds
[2022-06-24 07:01:06,552] {processor.py:153} INFO - Started process (PID=5762) to work on /home/airflow/.local/lib/python3.7/site-packages/airflow/example_dags/example_kubernetes_executor.py
[2022-06-24 07:01:06,554] {processor.py:641} INFO - Processing file /home/airflow/.local/lib/python3.7/site-packages/airflow/example_dags/example_kubernetes_executor.py for tasks to queue
[2022-06-24 07:01:06,554] {logging_mixin.py:115} INFO - [2022-06-24 07:01:06,554] {dagbag.py:507} INFO - Filling up the DagBag from /home/airflow/.local/lib/python3.7/site-packages/airflow/example_dags/example_kubernetes_executor.py
[2022-06-24 07:01:06,576] {processor.py:651} INFO - DAG(s) dict_keys(['example_kubernetes_executor']) retrieved from /home/airflow/.local/lib/python3.7/site-packages/airflow/example_dags/example_kubernetes_executor.py
[2022-06-24 07:01:06,600] {logging_mixin.py:115} INFO - [2022-06-24 07:01:06,599] {dag.py:2379} INFO - Sync 1 DAGs
[2022-06-24 07:01:06,614] {logging_mixin.py:115} INFO - [2022-06-24 07:01:06,614] {dag.py:2931} INFO - Setting next_dagrun for example_kubernetes_executor to None, run_after=None
[2022-06-24 07:01:06,627] {processor.py:161} INFO - Processing /home/airflow/.local/lib/python3.7/site-packages/airflow/example_dags/example_kubernetes_executor.py took 0.078 seconds
[2022-06-24 07:01:36,759] {processor.py:153} INFO - Started process (PID=5828) to work on /home/airflow/.local/lib/python3.7/site-packages/airflow/example_dags/example_kubernetes_executor.py
[2022-06-24 07:01:36,778] {processor.py:641} INFO - Processing file /home/airflow/.local/lib/python3.7/site-packages/airflow/example_dags/example_kubernetes_executor.py for tasks to queue
[2022-06-24 07:01:36,798] {logging_mixin.py:115} INFO - [2022-06-24 07:01:36,797] {dagbag.py:507} INFO - Filling up the DagBag from /home/airflow/.local/lib/python3.7/site-packages/airflow/example_dags/example_kubernetes_executor.py
[2022-06-24 07:01:36,852] {processor.py:651} INFO - DAG(s) dict_keys(['example_kubernetes_executor']) retrieved from /home/airflow/.local/lib/python3.7/site-packages/airflow/example_dags/example_kubernetes_executor.py
[2022-06-24 07:01:36,885] {logging_mixin.py:115} INFO - [2022-06-24 07:01:36,885] {dag.py:2379} INFO - Sync 1 DAGs
[2022-06-24 07:01:36,903] {logging_mixin.py:115} INFO - [2022-06-24 07:01:36,903] {dag.py:2931} INFO - Setting next_dagrun for example_kubernetes_executor to None, run_after=None
[2022-06-24 07:01:36,918] {processor.py:161} INFO - Processing /home/airflow/.local/lib/python3.7/site-packages/airflow/example_dags/example_kubernetes_executor.py took 0.166 seconds
[2022-06-24 07:02:07,409] {processor.py:153} INFO - Started process (PID=5892) to work on /home/airflow/.local/lib/python3.7/site-packages/airflow/example_dags/example_kubernetes_executor.py
[2022-06-24 07:02:07,411] {processor.py:641} INFO - Processing file /home/airflow/.local/lib/python3.7/site-packages/airflow/example_dags/example_kubernetes_executor.py for tasks to queue
[2022-06-24 07:02:07,412] {logging_mixin.py:115} INFO - [2022-06-24 07:02:07,411] {dagbag.py:507} INFO - Filling up the DagBag from /home/airflow/.local/lib/python3.7/site-packages/airflow/example_dags/example_kubernetes_executor.py
[2022-06-24 07:02:07,433] {processor.py:651} INFO - DAG(s) dict_keys(['example_kubernetes_executor']) retrieved from /home/airflow/.local/lib/python3.7/site-packages/airflow/example_dags/example_kubernetes_executor.py
[2022-06-24 07:02:07,458] {logging_mixin.py:115} INFO - [2022-06-24 07:02:07,458] {dag.py:2379} INFO - Sync 1 DAGs
[2022-06-24 07:02:07,472] {logging_mixin.py:115} INFO - [2022-06-24 07:02:07,472] {dag.py:2931} INFO - Setting next_dagrun for example_kubernetes_executor to None, run_after=None
[2022-06-24 07:02:07,484] {processor.py:161} INFO - Processing /home/airflow/.local/lib/python3.7/site-packages/airflow/example_dags/example_kubernetes_executor.py took 0.079 seconds
[2022-06-24 07:02:37,696] {processor.py:153} INFO - Started process (PID=5956) to work on /home/airflow/.local/lib/python3.7/site-packages/airflow/example_dags/example_kubernetes_executor.py
[2022-06-24 07:02:37,697] {processor.py:641} INFO - Processing file /home/airflow/.local/lib/python3.7/site-packages/airflow/example_dags/example_kubernetes_executor.py for tasks to queue
[2022-06-24 07:02:37,698] {logging_mixin.py:115} INFO - [2022-06-24 07:02:37,698] {dagbag.py:507} INFO - Filling up the DagBag from /home/airflow/.local/lib/python3.7/site-packages/airflow/example_dags/example_kubernetes_executor.py
[2022-06-24 07:02:37,723] {processor.py:651} INFO - DAG(s) dict_keys(['example_kubernetes_executor']) retrieved from /home/airflow/.local/lib/python3.7/site-packages/airflow/example_dags/example_kubernetes_executor.py
[2022-06-24 07:02:37,746] {logging_mixin.py:115} INFO - [2022-06-24 07:02:37,745] {dag.py:2379} INFO - Sync 1 DAGs
[2022-06-24 07:02:37,763] {logging_mixin.py:115} INFO - [2022-06-24 07:02:37,763] {dag.py:2931} INFO - Setting next_dagrun for example_kubernetes_executor to None, run_after=None
[2022-06-24 07:02:37,782] {processor.py:161} INFO - Processing /home/airflow/.local/lib/python3.7/site-packages/airflow/example_dags/example_kubernetes_executor.py took 0.090 seconds
[2022-06-24 07:03:08,093] {processor.py:153} INFO - Started process (PID=6011) to work on /home/airflow/.local/lib/python3.7/site-packages/airflow/example_dags/example_kubernetes_executor.py
[2022-06-24 07:03:08,094] {processor.py:641} INFO - Processing file /home/airflow/.local/lib/python3.7/site-packages/airflow/example_dags/example_kubernetes_executor.py for tasks to queue
[2022-06-24 07:03:08,095] {logging_mixin.py:115} INFO - [2022-06-24 07:03:08,095] {dagbag.py:507} INFO - Filling up the DagBag from /home/airflow/.local/lib/python3.7/site-packages/airflow/example_dags/example_kubernetes_executor.py
[2022-06-24 07:03:08,119] {processor.py:651} INFO - DAG(s) dict_keys(['example_kubernetes_executor']) retrieved from /home/airflow/.local/lib/python3.7/site-packages/airflow/example_dags/example_kubernetes_executor.py
[2022-06-24 07:03:08,142] {logging_mixin.py:115} INFO - [2022-06-24 07:03:08,142] {dag.py:2379} INFO - Sync 1 DAGs
[2022-06-24 07:03:08,158] {logging_mixin.py:115} INFO - [2022-06-24 07:03:08,158] {dag.py:2931} INFO - Setting next_dagrun for example_kubernetes_executor to None, run_after=None
[2022-06-24 07:03:08,171] {processor.py:161} INFO - Processing /home/airflow/.local/lib/python3.7/site-packages/airflow/example_dags/example_kubernetes_executor.py took 0.083 seconds
[2022-06-24 07:03:38,488] {processor.py:153} INFO - Started process (PID=6075) to work on /home/airflow/.local/lib/python3.7/site-packages/airflow/example_dags/example_kubernetes_executor.py
[2022-06-24 07:03:38,489] {processor.py:641} INFO - Processing file /home/airflow/.local/lib/python3.7/site-packages/airflow/example_dags/example_kubernetes_executor.py for tasks to queue
[2022-06-24 07:03:38,491] {logging_mixin.py:115} INFO - [2022-06-24 07:03:38,491] {dagbag.py:507} INFO - Filling up the DagBag from /home/airflow/.local/lib/python3.7/site-packages/airflow/example_dags/example_kubernetes_executor.py
[2022-06-24 07:03:38,517] {processor.py:651} INFO - DAG(s) dict_keys(['example_kubernetes_executor']) retrieved from /home/airflow/.local/lib/python3.7/site-packages/airflow/example_dags/example_kubernetes_executor.py
[2022-06-24 07:03:38,574] {logging_mixin.py:115} INFO - [2022-06-24 07:03:38,574] {dag.py:2379} INFO - Sync 1 DAGs
[2022-06-24 07:03:38,597] {logging_mixin.py:115} INFO - [2022-06-24 07:03:38,597] {dag.py:2931} INFO - Setting next_dagrun for example_kubernetes_executor to None, run_after=None
[2022-06-24 07:03:38,616] {processor.py:161} INFO - Processing /home/airflow/.local/lib/python3.7/site-packages/airflow/example_dags/example_kubernetes_executor.py took 0.130 seconds
[2022-06-24 07:04:08,664] {processor.py:153} INFO - Started process (PID=6139) to work on /home/airflow/.local/lib/python3.7/site-packages/airflow/example_dags/example_kubernetes_executor.py
[2022-06-24 07:04:08,665] {processor.py:641} INFO - Processing file /home/airflow/.local/lib/python3.7/site-packages/airflow/example_dags/example_kubernetes_executor.py for tasks to queue
[2022-06-24 07:04:08,667] {logging_mixin.py:115} INFO - [2022-06-24 07:04:08,666] {dagbag.py:507} INFO - Filling up the DagBag from /home/airflow/.local/lib/python3.7/site-packages/airflow/example_dags/example_kubernetes_executor.py
[2022-06-24 07:04:08,693] {processor.py:651} INFO - DAG(s) dict_keys(['example_kubernetes_executor']) retrieved from /home/airflow/.local/lib/python3.7/site-packages/airflow/example_dags/example_kubernetes_executor.py
[2022-06-24 07:04:08,717] {logging_mixin.py:115} INFO - [2022-06-24 07:04:08,717] {dag.py:2379} INFO - Sync 1 DAGs
[2022-06-24 07:04:08,732] {logging_mixin.py:115} INFO - [2022-06-24 07:04:08,732] {dag.py:2931} INFO - Setting next_dagrun for example_kubernetes_executor to None, run_after=None
[2022-06-24 07:04:08,744] {processor.py:161} INFO - Processing /home/airflow/.local/lib/python3.7/site-packages/airflow/example_dags/example_kubernetes_executor.py took 0.084 seconds
[2022-06-24 07:04:39,178] {processor.py:153} INFO - Started process (PID=6195) to work on /home/airflow/.local/lib/python3.7/site-packages/airflow/example_dags/example_kubernetes_executor.py
[2022-06-24 07:04:39,179] {processor.py:641} INFO - Processing file /home/airflow/.local/lib/python3.7/site-packages/airflow/example_dags/example_kubernetes_executor.py for tasks to queue
[2022-06-24 07:04:39,180] {logging_mixin.py:115} INFO - [2022-06-24 07:04:39,180] {dagbag.py:507} INFO - Filling up the DagBag from /home/airflow/.local/lib/python3.7/site-packages/airflow/example_dags/example_kubernetes_executor.py
[2022-06-24 07:04:39,203] {processor.py:651} INFO - DAG(s) dict_keys(['example_kubernetes_executor']) retrieved from /home/airflow/.local/lib/python3.7/site-packages/airflow/example_dags/example_kubernetes_executor.py
[2022-06-24 07:04:39,225] {logging_mixin.py:115} INFO - [2022-06-24 07:04:39,225] {dag.py:2379} INFO - Sync 1 DAGs
[2022-06-24 07:04:39,239] {logging_mixin.py:115} INFO - [2022-06-24 07:04:39,239] {dag.py:2931} INFO - Setting next_dagrun for example_kubernetes_executor to None, run_after=None
[2022-06-24 07:04:39,252] {processor.py:161} INFO - Processing /home/airflow/.local/lib/python3.7/site-packages/airflow/example_dags/example_kubernetes_executor.py took 0.077 seconds
[2022-06-24 07:05:09,649] {processor.py:153} INFO - Started process (PID=6259) to work on /home/airflow/.local/lib/python3.7/site-packages/airflow/example_dags/example_kubernetes_executor.py
[2022-06-24 07:05:09,650] {processor.py:641} INFO - Processing file /home/airflow/.local/lib/python3.7/site-packages/airflow/example_dags/example_kubernetes_executor.py for tasks to queue
[2022-06-24 07:05:09,651] {logging_mixin.py:115} INFO - [2022-06-24 07:05:09,651] {dagbag.py:507} INFO - Filling up the DagBag from /home/airflow/.local/lib/python3.7/site-packages/airflow/example_dags/example_kubernetes_executor.py
[2022-06-24 07:05:09,681] {processor.py:651} INFO - DAG(s) dict_keys(['example_kubernetes_executor']) retrieved from /home/airflow/.local/lib/python3.7/site-packages/airflow/example_dags/example_kubernetes_executor.py
[2022-06-24 07:05:09,712] {logging_mixin.py:115} INFO - [2022-06-24 07:05:09,712] {dag.py:2379} INFO - Sync 1 DAGs
[2022-06-24 07:05:09,731] {logging_mixin.py:115} INFO - [2022-06-24 07:05:09,731] {dag.py:2931} INFO - Setting next_dagrun for example_kubernetes_executor to None, run_after=None
[2022-06-24 07:05:09,746] {processor.py:161} INFO - Processing /home/airflow/.local/lib/python3.7/site-packages/airflow/example_dags/example_kubernetes_executor.py took 0.100 seconds
[2022-06-24 07:05:40,143] {processor.py:153} INFO - Started process (PID=6323) to work on /home/airflow/.local/lib/python3.7/site-packages/airflow/example_dags/example_kubernetes_executor.py
[2022-06-24 07:05:40,144] {processor.py:641} INFO - Processing file /home/airflow/.local/lib/python3.7/site-packages/airflow/example_dags/example_kubernetes_executor.py for tasks to queue
[2022-06-24 07:05:40,145] {logging_mixin.py:115} INFO - [2022-06-24 07:05:40,144] {dagbag.py:507} INFO - Filling up the DagBag from /home/airflow/.local/lib/python3.7/site-packages/airflow/example_dags/example_kubernetes_executor.py
[2022-06-24 07:05:40,169] {processor.py:651} INFO - DAG(s) dict_keys(['example_kubernetes_executor']) retrieved from /home/airflow/.local/lib/python3.7/site-packages/airflow/example_dags/example_kubernetes_executor.py
[2022-06-24 07:05:40,191] {logging_mixin.py:115} INFO - [2022-06-24 07:05:40,191] {dag.py:2379} INFO - Sync 1 DAGs
[2022-06-24 07:05:40,205] {logging_mixin.py:115} INFO - [2022-06-24 07:05:40,205] {dag.py:2931} INFO - Setting next_dagrun for example_kubernetes_executor to None, run_after=None
[2022-06-24 07:05:40,218] {processor.py:161} INFO - Processing /home/airflow/.local/lib/python3.7/site-packages/airflow/example_dags/example_kubernetes_executor.py took 0.079 seconds
[2022-06-24 07:06:10,318] {processor.py:153} INFO - Started process (PID=6387) to work on /home/airflow/.local/lib/python3.7/site-packages/airflow/example_dags/example_kubernetes_executor.py
[2022-06-24 07:06:10,319] {processor.py:641} INFO - Processing file /home/airflow/.local/lib/python3.7/site-packages/airflow/example_dags/example_kubernetes_executor.py for tasks to queue
[2022-06-24 07:06:10,320] {logging_mixin.py:115} INFO - [2022-06-24 07:06:10,320] {dagbag.py:507} INFO - Filling up the DagBag from /home/airflow/.local/lib/python3.7/site-packages/airflow/example_dags/example_kubernetes_executor.py
[2022-06-24 07:06:10,341] {processor.py:651} INFO - DAG(s) dict_keys(['example_kubernetes_executor']) retrieved from /home/airflow/.local/lib/python3.7/site-packages/airflow/example_dags/example_kubernetes_executor.py
[2022-06-24 07:06:10,365] {logging_mixin.py:115} INFO - [2022-06-24 07:06:10,365] {dag.py:2379} INFO - Sync 1 DAGs
[2022-06-24 07:06:10,380] {logging_mixin.py:115} INFO - [2022-06-24 07:06:10,380] {dag.py:2931} INFO - Setting next_dagrun for example_kubernetes_executor to None, run_after=None
[2022-06-24 07:06:10,396] {processor.py:161} INFO - Processing /home/airflow/.local/lib/python3.7/site-packages/airflow/example_dags/example_kubernetes_executor.py took 0.081 seconds
[2022-06-24 07:06:40,619] {processor.py:153} INFO - Started process (PID=6442) to work on /home/airflow/.local/lib/python3.7/site-packages/airflow/example_dags/example_kubernetes_executor.py
[2022-06-24 07:06:40,621] {processor.py:641} INFO - Processing file /home/airflow/.local/lib/python3.7/site-packages/airflow/example_dags/example_kubernetes_executor.py for tasks to queue
[2022-06-24 07:06:40,621] {logging_mixin.py:115} INFO - [2022-06-24 07:06:40,621] {dagbag.py:507} INFO - Filling up the DagBag from /home/airflow/.local/lib/python3.7/site-packages/airflow/example_dags/example_kubernetes_executor.py
[2022-06-24 07:06:40,642] {processor.py:651} INFO - DAG(s) dict_keys(['example_kubernetes_executor']) retrieved from /home/airflow/.local/lib/python3.7/site-packages/airflow/example_dags/example_kubernetes_executor.py
[2022-06-24 07:06:40,665] {logging_mixin.py:115} INFO - [2022-06-24 07:06:40,665] {dag.py:2379} INFO - Sync 1 DAGs
[2022-06-24 07:06:40,679] {logging_mixin.py:115} INFO - [2022-06-24 07:06:40,679] {dag.py:2931} INFO - Setting next_dagrun for example_kubernetes_executor to None, run_after=None
[2022-06-24 07:06:40,692] {processor.py:161} INFO - Processing /home/airflow/.local/lib/python3.7/site-packages/airflow/example_dags/example_kubernetes_executor.py took 0.076 seconds
[2022-06-24 07:07:10,986] {processor.py:153} INFO - Started process (PID=6506) to work on /home/airflow/.local/lib/python3.7/site-packages/airflow/example_dags/example_kubernetes_executor.py
[2022-06-24 07:07:10,988] {processor.py:641} INFO - Processing file /home/airflow/.local/lib/python3.7/site-packages/airflow/example_dags/example_kubernetes_executor.py for tasks to queue
[2022-06-24 07:07:10,988] {logging_mixin.py:115} INFO - [2022-06-24 07:07:10,988] {dagbag.py:507} INFO - Filling up the DagBag from /home/airflow/.local/lib/python3.7/site-packages/airflow/example_dags/example_kubernetes_executor.py
[2022-06-24 07:07:11,008] {processor.py:651} INFO - DAG(s) dict_keys(['example_kubernetes_executor']) retrieved from /home/airflow/.local/lib/python3.7/site-packages/airflow/example_dags/example_kubernetes_executor.py
[2022-06-24 07:07:11,031] {logging_mixin.py:115} INFO - [2022-06-24 07:07:11,031] {dag.py:2379} INFO - Sync 1 DAGs
[2022-06-24 07:07:11,046] {logging_mixin.py:115} INFO - [2022-06-24 07:07:11,045] {dag.py:2931} INFO - Setting next_dagrun for example_kubernetes_executor to None, run_after=None
[2022-06-24 07:07:11,058] {processor.py:161} INFO - Processing /home/airflow/.local/lib/python3.7/site-packages/airflow/example_dags/example_kubernetes_executor.py took 0.075 seconds
[2022-06-24 07:07:41,264] {processor.py:153} INFO - Started process (PID=6570) to work on /home/airflow/.local/lib/python3.7/site-packages/airflow/example_dags/example_kubernetes_executor.py
[2022-06-24 07:07:41,266] {processor.py:641} INFO - Processing file /home/airflow/.local/lib/python3.7/site-packages/airflow/example_dags/example_kubernetes_executor.py for tasks to queue
[2022-06-24 07:07:41,266] {logging_mixin.py:115} INFO - [2022-06-24 07:07:41,266] {dagbag.py:507} INFO - Filling up the DagBag from /home/airflow/.local/lib/python3.7/site-packages/airflow/example_dags/example_kubernetes_executor.py
[2022-06-24 07:07:41,290] {processor.py:651} INFO - DAG(s) dict_keys(['example_kubernetes_executor']) retrieved from /home/airflow/.local/lib/python3.7/site-packages/airflow/example_dags/example_kubernetes_executor.py
[2022-06-24 07:07:41,315] {logging_mixin.py:115} INFO - [2022-06-24 07:07:41,315] {dag.py:2379} INFO - Sync 1 DAGs
[2022-06-24 07:07:41,334] {logging_mixin.py:115} INFO - [2022-06-24 07:07:41,334] {dag.py:2931} INFO - Setting next_dagrun for example_kubernetes_executor to None, run_after=None
[2022-06-24 07:07:41,347] {processor.py:161} INFO - Processing /home/airflow/.local/lib/python3.7/site-packages/airflow/example_dags/example_kubernetes_executor.py took 0.086 seconds
[2022-06-24 07:08:11,678] {processor.py:153} INFO - Started process (PID=6625) to work on /home/airflow/.local/lib/python3.7/site-packages/airflow/example_dags/example_kubernetes_executor.py
[2022-06-24 07:08:11,679] {processor.py:641} INFO - Processing file /home/airflow/.local/lib/python3.7/site-packages/airflow/example_dags/example_kubernetes_executor.py for tasks to queue
[2022-06-24 07:08:11,680] {logging_mixin.py:115} INFO - [2022-06-24 07:08:11,680] {dagbag.py:507} INFO - Filling up the DagBag from /home/airflow/.local/lib/python3.7/site-packages/airflow/example_dags/example_kubernetes_executor.py
[2022-06-24 07:08:11,701] {processor.py:651} INFO - DAG(s) dict_keys(['example_kubernetes_executor']) retrieved from /home/airflow/.local/lib/python3.7/site-packages/airflow/example_dags/example_kubernetes_executor.py
[2022-06-24 07:08:11,724] {logging_mixin.py:115} INFO - [2022-06-24 07:08:11,724] {dag.py:2379} INFO - Sync 1 DAGs
[2022-06-24 07:08:11,740] {logging_mixin.py:115} INFO - [2022-06-24 07:08:11,740] {dag.py:2931} INFO - Setting next_dagrun for example_kubernetes_executor to None, run_after=None
[2022-06-24 07:08:11,753] {processor.py:161} INFO - Processing /home/airflow/.local/lib/python3.7/site-packages/airflow/example_dags/example_kubernetes_executor.py took 0.079 seconds
[2022-06-24 07:08:42,396] {processor.py:153} INFO - Started process (PID=6689) to work on /home/airflow/.local/lib/python3.7/site-packages/airflow/example_dags/example_kubernetes_executor.py
[2022-06-24 07:08:42,397] {processor.py:641} INFO - Processing file /home/airflow/.local/lib/python3.7/site-packages/airflow/example_dags/example_kubernetes_executor.py for tasks to queue
[2022-06-24 07:08:42,398] {logging_mixin.py:115} INFO - [2022-06-24 07:08:42,398] {dagbag.py:507} INFO - Filling up the DagBag from /home/airflow/.local/lib/python3.7/site-packages/airflow/example_dags/example_kubernetes_executor.py
[2022-06-24 07:08:42,429] {processor.py:651} INFO - DAG(s) dict_keys(['example_kubernetes_executor']) retrieved from /home/airflow/.local/lib/python3.7/site-packages/airflow/example_dags/example_kubernetes_executor.py
[2022-06-24 07:08:42,457] {logging_mixin.py:115} INFO - [2022-06-24 07:08:42,456] {dag.py:2379} INFO - Sync 1 DAGs
[2022-06-24 07:08:42,478] {logging_mixin.py:115} INFO - [2022-06-24 07:08:42,478] {dag.py:2931} INFO - Setting next_dagrun for example_kubernetes_executor to None, run_after=None
[2022-06-24 07:08:42,492] {processor.py:161} INFO - Processing /home/airflow/.local/lib/python3.7/site-packages/airflow/example_dags/example_kubernetes_executor.py took 0.099 seconds
[2022-06-24 07:09:12,959] {processor.py:153} INFO - Started process (PID=6753) to work on /home/airflow/.local/lib/python3.7/site-packages/airflow/example_dags/example_kubernetes_executor.py
[2022-06-24 07:09:12,960] {processor.py:641} INFO - Processing file /home/airflow/.local/lib/python3.7/site-packages/airflow/example_dags/example_kubernetes_executor.py for tasks to queue
[2022-06-24 07:09:12,961] {logging_mixin.py:115} INFO - [2022-06-24 07:09:12,961] {dagbag.py:507} INFO - Filling up the DagBag from /home/airflow/.local/lib/python3.7/site-packages/airflow/example_dags/example_kubernetes_executor.py
[2022-06-24 07:09:12,989] {processor.py:651} INFO - DAG(s) dict_keys(['example_kubernetes_executor']) retrieved from /home/airflow/.local/lib/python3.7/site-packages/airflow/example_dags/example_kubernetes_executor.py
[2022-06-24 07:09:13,012] {logging_mixin.py:115} INFO - [2022-06-24 07:09:13,012] {dag.py:2379} INFO - Sync 1 DAGs
[2022-06-24 07:09:13,030] {logging_mixin.py:115} INFO - [2022-06-24 07:09:13,030] {dag.py:2931} INFO - Setting next_dagrun for example_kubernetes_executor to None, run_after=None
[2022-06-24 07:09:13,045] {processor.py:161} INFO - Processing /home/airflow/.local/lib/python3.7/site-packages/airflow/example_dags/example_kubernetes_executor.py took 0.089 seconds
[2022-06-24 07:09:43,332] {processor.py:153} INFO - Started process (PID=6817) to work on /home/airflow/.local/lib/python3.7/site-packages/airflow/example_dags/example_kubernetes_executor.py
[2022-06-24 07:09:43,334] {processor.py:641} INFO - Processing file /home/airflow/.local/lib/python3.7/site-packages/airflow/example_dags/example_kubernetes_executor.py for tasks to queue
[2022-06-24 07:09:43,335] {logging_mixin.py:115} INFO - [2022-06-24 07:09:43,334] {dagbag.py:507} INFO - Filling up the DagBag from /home/airflow/.local/lib/python3.7/site-packages/airflow/example_dags/example_kubernetes_executor.py
[2022-06-24 07:09:43,361] {processor.py:651} INFO - DAG(s) dict_keys(['example_kubernetes_executor']) retrieved from /home/airflow/.local/lib/python3.7/site-packages/airflow/example_dags/example_kubernetes_executor.py
[2022-06-24 07:09:43,385] {logging_mixin.py:115} INFO - [2022-06-24 07:09:43,384] {dag.py:2379} INFO - Sync 1 DAGs
[2022-06-24 07:09:43,400] {logging_mixin.py:115} INFO - [2022-06-24 07:09:43,400] {dag.py:2931} INFO - Setting next_dagrun for example_kubernetes_executor to None, run_after=None
[2022-06-24 07:09:43,421] {processor.py:161} INFO - Processing /home/airflow/.local/lib/python3.7/site-packages/airflow/example_dags/example_kubernetes_executor.py took 0.092 seconds
[2022-06-24 07:10:13,780] {processor.py:153} INFO - Started process (PID=6872) to work on /home/airflow/.local/lib/python3.7/site-packages/airflow/example_dags/example_kubernetes_executor.py
[2022-06-24 07:10:13,781] {processor.py:641} INFO - Processing file /home/airflow/.local/lib/python3.7/site-packages/airflow/example_dags/example_kubernetes_executor.py for tasks to queue
[2022-06-24 07:10:13,782] {logging_mixin.py:115} INFO - [2022-06-24 07:10:13,782] {dagbag.py:507} INFO - Filling up the DagBag from /home/airflow/.local/lib/python3.7/site-packages/airflow/example_dags/example_kubernetes_executor.py
[2022-06-24 07:10:13,806] {processor.py:651} INFO - DAG(s) dict_keys(['example_kubernetes_executor']) retrieved from /home/airflow/.local/lib/python3.7/site-packages/airflow/example_dags/example_kubernetes_executor.py
[2022-06-24 07:10:13,830] {logging_mixin.py:115} INFO - [2022-06-24 07:10:13,830] {dag.py:2379} INFO - Sync 1 DAGs
[2022-06-24 07:10:13,844] {logging_mixin.py:115} INFO - [2022-06-24 07:10:13,844] {dag.py:2931} INFO - Setting next_dagrun for example_kubernetes_executor to None, run_after=None
[2022-06-24 07:10:13,858] {processor.py:161} INFO - Processing /home/airflow/.local/lib/python3.7/site-packages/airflow/example_dags/example_kubernetes_executor.py took 0.082 seconds
[2022-06-24 07:10:44,337] {processor.py:153} INFO - Started process (PID=6936) to work on /home/airflow/.local/lib/python3.7/site-packages/airflow/example_dags/example_kubernetes_executor.py
[2022-06-24 07:10:44,338] {processor.py:641} INFO - Processing file /home/airflow/.local/lib/python3.7/site-packages/airflow/example_dags/example_kubernetes_executor.py for tasks to queue
[2022-06-24 07:10:44,338] {logging_mixin.py:115} INFO - [2022-06-24 07:10:44,338] {dagbag.py:507} INFO - Filling up the DagBag from /home/airflow/.local/lib/python3.7/site-packages/airflow/example_dags/example_kubernetes_executor.py
[2022-06-24 07:10:44,364] {processor.py:651} INFO - DAG(s) dict_keys(['example_kubernetes_executor']) retrieved from /home/airflow/.local/lib/python3.7/site-packages/airflow/example_dags/example_kubernetes_executor.py
[2022-06-24 07:10:44,388] {logging_mixin.py:115} INFO - [2022-06-24 07:10:44,388] {dag.py:2379} INFO - Sync 1 DAGs
[2022-06-24 07:10:44,405] {logging_mixin.py:115} INFO - [2022-06-24 07:10:44,405] {dag.py:2931} INFO - Setting next_dagrun for example_kubernetes_executor to None, run_after=None
[2022-06-24 07:10:44,417] {processor.py:161} INFO - Processing /home/airflow/.local/lib/python3.7/site-packages/airflow/example_dags/example_kubernetes_executor.py took 0.084 seconds
[2022-06-24 07:11:14,682] {processor.py:153} INFO - Started process (PID=6999) to work on /home/airflow/.local/lib/python3.7/site-packages/airflow/example_dags/example_kubernetes_executor.py
[2022-06-24 07:11:14,683] {processor.py:641} INFO - Processing file /home/airflow/.local/lib/python3.7/site-packages/airflow/example_dags/example_kubernetes_executor.py for tasks to queue
[2022-06-24 07:11:14,684] {logging_mixin.py:115} INFO - [2022-06-24 07:11:14,684] {dagbag.py:507} INFO - Filling up the DagBag from /home/airflow/.local/lib/python3.7/site-packages/airflow/example_dags/example_kubernetes_executor.py
[2022-06-24 07:11:14,708] {processor.py:651} INFO - DAG(s) dict_keys(['example_kubernetes_executor']) retrieved from /home/airflow/.local/lib/python3.7/site-packages/airflow/example_dags/example_kubernetes_executor.py
[2022-06-24 07:11:14,731] {logging_mixin.py:115} INFO - [2022-06-24 07:11:14,731] {dag.py:2379} INFO - Sync 1 DAGs
[2022-06-24 07:11:14,746] {logging_mixin.py:115} INFO - [2022-06-24 07:11:14,746] {dag.py:2931} INFO - Setting next_dagrun for example_kubernetes_executor to None, run_after=None
[2022-06-24 07:11:14,760] {processor.py:161} INFO - Processing /home/airflow/.local/lib/python3.7/site-packages/airflow/example_dags/example_kubernetes_executor.py took 0.081 seconds
[2022-06-24 07:11:44,871] {processor.py:153} INFO - Started process (PID=7054) to work on /home/airflow/.local/lib/python3.7/site-packages/airflow/example_dags/example_kubernetes_executor.py
[2022-06-24 07:11:44,873] {processor.py:641} INFO - Processing file /home/airflow/.local/lib/python3.7/site-packages/airflow/example_dags/example_kubernetes_executor.py for tasks to queue
[2022-06-24 07:11:44,874] {logging_mixin.py:115} INFO - [2022-06-24 07:11:44,874] {dagbag.py:507} INFO - Filling up the DagBag from /home/airflow/.local/lib/python3.7/site-packages/airflow/example_dags/example_kubernetes_executor.py
[2022-06-24 07:11:44,896] {processor.py:651} INFO - DAG(s) dict_keys(['example_kubernetes_executor']) retrieved from /home/airflow/.local/lib/python3.7/site-packages/airflow/example_dags/example_kubernetes_executor.py
[2022-06-24 07:11:44,918] {logging_mixin.py:115} INFO - [2022-06-24 07:11:44,917] {dag.py:2379} INFO - Sync 1 DAGs
[2022-06-24 07:11:44,931] {logging_mixin.py:115} INFO - [2022-06-24 07:11:44,931] {dag.py:2931} INFO - Setting next_dagrun for example_kubernetes_executor to None, run_after=None
[2022-06-24 07:11:44,945] {processor.py:161} INFO - Processing /home/airflow/.local/lib/python3.7/site-packages/airflow/example_dags/example_kubernetes_executor.py took 0.077 seconds
[2022-06-24 07:12:15,352] {processor.py:153} INFO - Started process (PID=7120) to work on /home/airflow/.local/lib/python3.7/site-packages/airflow/example_dags/example_kubernetes_executor.py
[2022-06-24 07:12:15,353] {processor.py:641} INFO - Processing file /home/airflow/.local/lib/python3.7/site-packages/airflow/example_dags/example_kubernetes_executor.py for tasks to queue
[2022-06-24 07:12:15,354] {logging_mixin.py:115} INFO - [2022-06-24 07:12:15,354] {dagbag.py:507} INFO - Filling up the DagBag from /home/airflow/.local/lib/python3.7/site-packages/airflow/example_dags/example_kubernetes_executor.py
[2022-06-24 07:12:15,376] {processor.py:651} INFO - DAG(s) dict_keys(['example_kubernetes_executor']) retrieved from /home/airflow/.local/lib/python3.7/site-packages/airflow/example_dags/example_kubernetes_executor.py
[2022-06-24 07:12:15,399] {logging_mixin.py:115} INFO - [2022-06-24 07:12:15,399] {dag.py:2379} INFO - Sync 1 DAGs
[2022-06-24 07:12:15,413] {logging_mixin.py:115} INFO - [2022-06-24 07:12:15,413] {dag.py:2931} INFO - Setting next_dagrun for example_kubernetes_executor to None, run_after=None
[2022-06-24 07:12:15,425] {processor.py:161} INFO - Processing /home/airflow/.local/lib/python3.7/site-packages/airflow/example_dags/example_kubernetes_executor.py took 0.077 seconds
[2022-06-24 07:12:45,491] {processor.py:153} INFO - Started process (PID=7184) to work on /home/airflow/.local/lib/python3.7/site-packages/airflow/example_dags/example_kubernetes_executor.py
[2022-06-24 07:12:45,492] {processor.py:641} INFO - Processing file /home/airflow/.local/lib/python3.7/site-packages/airflow/example_dags/example_kubernetes_executor.py for tasks to queue
[2022-06-24 07:12:45,493] {logging_mixin.py:115} INFO - [2022-06-24 07:12:45,493] {dagbag.py:507} INFO - Filling up the DagBag from /home/airflow/.local/lib/python3.7/site-packages/airflow/example_dags/example_kubernetes_executor.py
[2022-06-24 07:12:45,519] {processor.py:651} INFO - DAG(s) dict_keys(['example_kubernetes_executor']) retrieved from /home/airflow/.local/lib/python3.7/site-packages/airflow/example_dags/example_kubernetes_executor.py
[2022-06-24 07:12:45,565] {logging_mixin.py:115} INFO - [2022-06-24 07:12:45,565] {dag.py:2379} INFO - Sync 1 DAGs
[2022-06-24 07:12:45,583] {logging_mixin.py:115} INFO - [2022-06-24 07:12:45,583] {dag.py:2931} INFO - Setting next_dagrun for example_kubernetes_executor to None, run_after=None
[2022-06-24 07:12:45,595] {processor.py:161} INFO - Processing /home/airflow/.local/lib/python3.7/site-packages/airflow/example_dags/example_kubernetes_executor.py took 0.107 seconds
[2022-06-24 07:13:15,735] {processor.py:153} INFO - Started process (PID=7248) to work on /home/airflow/.local/lib/python3.7/site-packages/airflow/example_dags/example_kubernetes_executor.py
[2022-06-24 07:13:15,736] {processor.py:641} INFO - Processing file /home/airflow/.local/lib/python3.7/site-packages/airflow/example_dags/example_kubernetes_executor.py for tasks to queue
[2022-06-24 07:13:15,737] {logging_mixin.py:115} INFO - [2022-06-24 07:13:15,737] {dagbag.py:507} INFO - Filling up the DagBag from /home/airflow/.local/lib/python3.7/site-packages/airflow/example_dags/example_kubernetes_executor.py
[2022-06-24 07:13:15,763] {processor.py:651} INFO - DAG(s) dict_keys(['example_kubernetes_executor']) retrieved from /home/airflow/.local/lib/python3.7/site-packages/airflow/example_dags/example_kubernetes_executor.py
[2022-06-24 07:13:15,784] {logging_mixin.py:115} INFO - [2022-06-24 07:13:15,784] {dag.py:2379} INFO - Sync 1 DAGs
[2022-06-24 07:13:15,798] {logging_mixin.py:115} INFO - [2022-06-24 07:13:15,798] {dag.py:2931} INFO - Setting next_dagrun for example_kubernetes_executor to None, run_after=None
[2022-06-24 07:13:15,812] {processor.py:161} INFO - Processing /home/airflow/.local/lib/python3.7/site-packages/airflow/example_dags/example_kubernetes_executor.py took 0.081 seconds
[2022-06-24 07:13:46,269] {processor.py:153} INFO - Started process (PID=7303) to work on /home/airflow/.local/lib/python3.7/site-packages/airflow/example_dags/example_kubernetes_executor.py
[2022-06-24 07:13:46,270] {processor.py:641} INFO - Processing file /home/airflow/.local/lib/python3.7/site-packages/airflow/example_dags/example_kubernetes_executor.py for tasks to queue
[2022-06-24 07:13:46,271] {logging_mixin.py:115} INFO - [2022-06-24 07:13:46,271] {dagbag.py:507} INFO - Filling up the DagBag from /home/airflow/.local/lib/python3.7/site-packages/airflow/example_dags/example_kubernetes_executor.py
[2022-06-24 07:13:46,293] {processor.py:651} INFO - DAG(s) dict_keys(['example_kubernetes_executor']) retrieved from /home/airflow/.local/lib/python3.7/site-packages/airflow/example_dags/example_kubernetes_executor.py
[2022-06-24 07:13:46,318] {logging_mixin.py:115} INFO - [2022-06-24 07:13:46,318] {dag.py:2379} INFO - Sync 1 DAGs
[2022-06-24 07:13:46,333] {logging_mixin.py:115} INFO - [2022-06-24 07:13:46,333] {dag.py:2931} INFO - Setting next_dagrun for example_kubernetes_executor to None, run_after=None
[2022-06-24 07:13:46,347] {processor.py:161} INFO - Processing /home/airflow/.local/lib/python3.7/site-packages/airflow/example_dags/example_kubernetes_executor.py took 0.081 seconds
[2022-06-24 07:14:16,834] {processor.py:153} INFO - Started process (PID=7367) to work on /home/airflow/.local/lib/python3.7/site-packages/airflow/example_dags/example_kubernetes_executor.py
[2022-06-24 07:14:16,835] {processor.py:641} INFO - Processing file /home/airflow/.local/lib/python3.7/site-packages/airflow/example_dags/example_kubernetes_executor.py for tasks to queue
[2022-06-24 07:14:16,836] {logging_mixin.py:115} INFO - [2022-06-24 07:14:16,836] {dagbag.py:507} INFO - Filling up the DagBag from /home/airflow/.local/lib/python3.7/site-packages/airflow/example_dags/example_kubernetes_executor.py
[2022-06-24 07:14:16,864] {processor.py:651} INFO - DAG(s) dict_keys(['example_kubernetes_executor']) retrieved from /home/airflow/.local/lib/python3.7/site-packages/airflow/example_dags/example_kubernetes_executor.py
[2022-06-24 07:14:16,931] {logging_mixin.py:115} INFO - [2022-06-24 07:14:16,931] {dag.py:2379} INFO - Sync 1 DAGs
[2022-06-24 07:14:16,950] {logging_mixin.py:115} INFO - [2022-06-24 07:14:16,950] {dag.py:2931} INFO - Setting next_dagrun for example_kubernetes_executor to None, run_after=None
[2022-06-24 07:14:16,965] {processor.py:161} INFO - Processing /home/airflow/.local/lib/python3.7/site-packages/airflow/example_dags/example_kubernetes_executor.py took 0.135 seconds
[2022-06-24 07:14:47,451] {processor.py:153} INFO - Started process (PID=7431) to work on /home/airflow/.local/lib/python3.7/site-packages/airflow/example_dags/example_kubernetes_executor.py
[2022-06-24 07:14:47,452] {processor.py:641} INFO - Processing file /home/airflow/.local/lib/python3.7/site-packages/airflow/example_dags/example_kubernetes_executor.py for tasks to queue
[2022-06-24 07:14:47,453] {logging_mixin.py:115} INFO - [2022-06-24 07:14:47,453] {dagbag.py:507} INFO - Filling up the DagBag from /home/airflow/.local/lib/python3.7/site-packages/airflow/example_dags/example_kubernetes_executor.py
[2022-06-24 07:14:47,478] {processor.py:651} INFO - DAG(s) dict_keys(['example_kubernetes_executor']) retrieved from /home/airflow/.local/lib/python3.7/site-packages/airflow/example_dags/example_kubernetes_executor.py
[2022-06-24 07:14:47,507] {logging_mixin.py:115} INFO - [2022-06-24 07:14:47,507] {dag.py:2379} INFO - Sync 1 DAGs
[2022-06-24 07:14:47,524] {logging_mixin.py:115} INFO - [2022-06-24 07:14:47,524] {dag.py:2931} INFO - Setting next_dagrun for example_kubernetes_executor to None, run_after=None
[2022-06-24 07:14:47,537] {processor.py:161} INFO - Processing /home/airflow/.local/lib/python3.7/site-packages/airflow/example_dags/example_kubernetes_executor.py took 0.089 seconds
[2022-06-24 07:15:17,896] {processor.py:153} INFO - Started process (PID=7496) to work on /home/airflow/.local/lib/python3.7/site-packages/airflow/example_dags/example_kubernetes_executor.py
[2022-06-24 07:15:17,896] {processor.py:641} INFO - Processing file /home/airflow/.local/lib/python3.7/site-packages/airflow/example_dags/example_kubernetes_executor.py for tasks to queue
[2022-06-24 07:15:17,897] {logging_mixin.py:115} INFO - [2022-06-24 07:15:17,897] {dagbag.py:507} INFO - Filling up the DagBag from /home/airflow/.local/lib/python3.7/site-packages/airflow/example_dags/example_kubernetes_executor.py
[2022-06-24 07:15:17,921] {processor.py:651} INFO - DAG(s) dict_keys(['example_kubernetes_executor']) retrieved from /home/airflow/.local/lib/python3.7/site-packages/airflow/example_dags/example_kubernetes_executor.py
[2022-06-24 07:15:17,946] {logging_mixin.py:115} INFO - [2022-06-24 07:15:17,946] {dag.py:2379} INFO - Sync 1 DAGs
[2022-06-24 07:15:17,964] {logging_mixin.py:115} INFO - [2022-06-24 07:15:17,963] {dag.py:2931} INFO - Setting next_dagrun for example_kubernetes_executor to None, run_after=None
[2022-06-24 07:15:17,976] {processor.py:161} INFO - Processing /home/airflow/.local/lib/python3.7/site-packages/airflow/example_dags/example_kubernetes_executor.py took 0.084 seconds
[2022-06-24 07:15:48,210] {processor.py:153} INFO - Started process (PID=7551) to work on /home/airflow/.local/lib/python3.7/site-packages/airflow/example_dags/example_kubernetes_executor.py
[2022-06-24 07:15:48,211] {processor.py:641} INFO - Processing file /home/airflow/.local/lib/python3.7/site-packages/airflow/example_dags/example_kubernetes_executor.py for tasks to queue
[2022-06-24 07:15:48,212] {logging_mixin.py:115} INFO - [2022-06-24 07:15:48,212] {dagbag.py:507} INFO - Filling up the DagBag from /home/airflow/.local/lib/python3.7/site-packages/airflow/example_dags/example_kubernetes_executor.py
[2022-06-24 07:15:48,241] {processor.py:651} INFO - DAG(s) dict_keys(['example_kubernetes_executor']) retrieved from /home/airflow/.local/lib/python3.7/site-packages/airflow/example_dags/example_kubernetes_executor.py
[2022-06-24 07:15:48,271] {logging_mixin.py:115} INFO - [2022-06-24 07:15:48,271] {dag.py:2379} INFO - Sync 1 DAGs
[2022-06-24 07:15:48,288] {logging_mixin.py:115} INFO - [2022-06-24 07:15:48,288] {dag.py:2931} INFO - Setting next_dagrun for example_kubernetes_executor to None, run_after=None
[2022-06-24 07:15:48,302] {processor.py:161} INFO - Processing /home/airflow/.local/lib/python3.7/site-packages/airflow/example_dags/example_kubernetes_executor.py took 0.095 seconds
[2022-06-24 07:16:18,806] {processor.py:153} INFO - Started process (PID=7615) to work on /home/airflow/.local/lib/python3.7/site-packages/airflow/example_dags/example_kubernetes_executor.py
[2022-06-24 07:16:18,807] {processor.py:641} INFO - Processing file /home/airflow/.local/lib/python3.7/site-packages/airflow/example_dags/example_kubernetes_executor.py for tasks to queue
[2022-06-24 07:16:18,808] {logging_mixin.py:115} INFO - [2022-06-24 07:16:18,808] {dagbag.py:507} INFO - Filling up the DagBag from /home/airflow/.local/lib/python3.7/site-packages/airflow/example_dags/example_kubernetes_executor.py
[2022-06-24 07:16:18,834] {processor.py:651} INFO - DAG(s) dict_keys(['example_kubernetes_executor']) retrieved from /home/airflow/.local/lib/python3.7/site-packages/airflow/example_dags/example_kubernetes_executor.py
[2022-06-24 07:16:18,860] {logging_mixin.py:115} INFO - [2022-06-24 07:16:18,860] {dag.py:2379} INFO - Sync 1 DAGs
[2022-06-24 07:16:18,883] {logging_mixin.py:115} INFO - [2022-06-24 07:16:18,883] {dag.py:2931} INFO - Setting next_dagrun for example_kubernetes_executor to None, run_after=None
[2022-06-24 07:16:18,898] {processor.py:161} INFO - Processing /home/airflow/.local/lib/python3.7/site-packages/airflow/example_dags/example_kubernetes_executor.py took 0.096 seconds
[2022-06-24 07:16:49,314] {processor.py:153} INFO - Started process (PID=7679) to work on /home/airflow/.local/lib/python3.7/site-packages/airflow/example_dags/example_kubernetes_executor.py
[2022-06-24 07:16:49,315] {processor.py:641} INFO - Processing file /home/airflow/.local/lib/python3.7/site-packages/airflow/example_dags/example_kubernetes_executor.py for tasks to queue
[2022-06-24 07:16:49,316] {logging_mixin.py:115} INFO - [2022-06-24 07:16:49,316] {dagbag.py:507} INFO - Filling up the DagBag from /home/airflow/.local/lib/python3.7/site-packages/airflow/example_dags/example_kubernetes_executor.py
[2022-06-24 07:16:49,345] {processor.py:651} INFO - DAG(s) dict_keys(['example_kubernetes_executor']) retrieved from /home/airflow/.local/lib/python3.7/site-packages/airflow/example_dags/example_kubernetes_executor.py
[2022-06-24 07:16:49,383] {logging_mixin.py:115} INFO - [2022-06-24 07:16:49,383] {dag.py:2379} INFO - Sync 1 DAGs
[2022-06-24 07:16:49,410] {logging_mixin.py:115} INFO - [2022-06-24 07:16:49,410] {dag.py:2931} INFO - Setting next_dagrun for example_kubernetes_executor to None, run_after=None
[2022-06-24 07:16:49,422] {processor.py:161} INFO - Processing /home/airflow/.local/lib/python3.7/site-packages/airflow/example_dags/example_kubernetes_executor.py took 0.112 seconds
[2022-06-24 07:17:19,856] {processor.py:153} INFO - Started process (PID=7734) to work on /home/airflow/.local/lib/python3.7/site-packages/airflow/example_dags/example_kubernetes_executor.py
[2022-06-24 07:17:19,857] {processor.py:641} INFO - Processing file /home/airflow/.local/lib/python3.7/site-packages/airflow/example_dags/example_kubernetes_executor.py for tasks to queue
[2022-06-24 07:17:19,858] {logging_mixin.py:115} INFO - [2022-06-24 07:17:19,858] {dagbag.py:507} INFO - Filling up the DagBag from /home/airflow/.local/lib/python3.7/site-packages/airflow/example_dags/example_kubernetes_executor.py
[2022-06-24 07:17:19,888] {processor.py:651} INFO - DAG(s) dict_keys(['example_kubernetes_executor']) retrieved from /home/airflow/.local/lib/python3.7/site-packages/airflow/example_dags/example_kubernetes_executor.py
[2022-06-24 07:17:19,913] {logging_mixin.py:115} INFO - [2022-06-24 07:17:19,913] {dag.py:2379} INFO - Sync 1 DAGs
[2022-06-24 07:17:19,928] {logging_mixin.py:115} INFO - [2022-06-24 07:17:19,927] {dag.py:2931} INFO - Setting next_dagrun for example_kubernetes_executor to None, run_after=None
[2022-06-24 07:17:19,941] {processor.py:161} INFO - Processing /home/airflow/.local/lib/python3.7/site-packages/airflow/example_dags/example_kubernetes_executor.py took 0.088 seconds
[2022-06-24 07:17:50,506] {processor.py:153} INFO - Started process (PID=7798) to work on /home/airflow/.local/lib/python3.7/site-packages/airflow/example_dags/example_kubernetes_executor.py
[2022-06-24 07:17:50,507] {processor.py:641} INFO - Processing file /home/airflow/.local/lib/python3.7/site-packages/airflow/example_dags/example_kubernetes_executor.py for tasks to queue
[2022-06-24 07:17:50,508] {logging_mixin.py:115} INFO - [2022-06-24 07:17:50,508] {dagbag.py:507} INFO - Filling up the DagBag from /home/airflow/.local/lib/python3.7/site-packages/airflow/example_dags/example_kubernetes_executor.py
[2022-06-24 07:17:50,546] {processor.py:651} INFO - DAG(s) dict_keys(['example_kubernetes_executor']) retrieved from /home/airflow/.local/lib/python3.7/site-packages/airflow/example_dags/example_kubernetes_executor.py
[2022-06-24 07:17:50,574] {logging_mixin.py:115} INFO - [2022-06-24 07:17:50,574] {dag.py:2379} INFO - Sync 1 DAGs
[2022-06-24 07:17:50,592] {logging_mixin.py:115} INFO - [2022-06-24 07:17:50,592] {dag.py:2931} INFO - Setting next_dagrun for example_kubernetes_executor to None, run_after=None
[2022-06-24 07:17:50,609] {processor.py:161} INFO - Processing /home/airflow/.local/lib/python3.7/site-packages/airflow/example_dags/example_kubernetes_executor.py took 0.106 seconds
[2022-06-24 07:18:21,231] {processor.py:153} INFO - Started process (PID=7862) to work on /home/airflow/.local/lib/python3.7/site-packages/airflow/example_dags/example_kubernetes_executor.py
[2022-06-24 07:18:21,232] {processor.py:641} INFO - Processing file /home/airflow/.local/lib/python3.7/site-packages/airflow/example_dags/example_kubernetes_executor.py for tasks to queue
[2022-06-24 07:18:21,232] {logging_mixin.py:115} INFO - [2022-06-24 07:18:21,232] {dagbag.py:507} INFO - Filling up the DagBag from /home/airflow/.local/lib/python3.7/site-packages/airflow/example_dags/example_kubernetes_executor.py
[2022-06-24 07:18:21,255] {processor.py:651} INFO - DAG(s) dict_keys(['example_kubernetes_executor']) retrieved from /home/airflow/.local/lib/python3.7/site-packages/airflow/example_dags/example_kubernetes_executor.py
[2022-06-24 07:18:21,282] {logging_mixin.py:115} INFO - [2022-06-24 07:18:21,282] {dag.py:2379} INFO - Sync 1 DAGs
[2022-06-24 07:18:21,300] {logging_mixin.py:115} INFO - [2022-06-24 07:18:21,299] {dag.py:2931} INFO - Setting next_dagrun for example_kubernetes_executor to None, run_after=None
[2022-06-24 07:18:21,313] {processor.py:161} INFO - Processing /home/airflow/.local/lib/python3.7/site-packages/airflow/example_dags/example_kubernetes_executor.py took 0.087 seconds
[2022-06-24 07:18:51,981] {processor.py:153} INFO - Started process (PID=7925) to work on /home/airflow/.local/lib/python3.7/site-packages/airflow/example_dags/example_kubernetes_executor.py
[2022-06-24 07:18:51,982] {processor.py:641} INFO - Processing file /home/airflow/.local/lib/python3.7/site-packages/airflow/example_dags/example_kubernetes_executor.py for tasks to queue
[2022-06-24 07:18:51,982] {logging_mixin.py:115} INFO - [2022-06-24 07:18:51,982] {dagbag.py:507} INFO - Filling up the DagBag from /home/airflow/.local/lib/python3.7/site-packages/airflow/example_dags/example_kubernetes_executor.py
[2022-06-24 07:18:52,006] {processor.py:651} INFO - DAG(s) dict_keys(['example_kubernetes_executor']) retrieved from /home/airflow/.local/lib/python3.7/site-packages/airflow/example_dags/example_kubernetes_executor.py
[2022-06-24 07:18:52,031] {logging_mixin.py:115} INFO - [2022-06-24 07:18:52,030] {dag.py:2379} INFO - Sync 1 DAGs
[2022-06-24 07:18:52,049] {logging_mixin.py:115} INFO - [2022-06-24 07:18:52,049] {dag.py:2931} INFO - Setting next_dagrun for example_kubernetes_executor to None, run_after=None
[2022-06-24 07:18:52,061] {processor.py:161} INFO - Processing /home/airflow/.local/lib/python3.7/site-packages/airflow/example_dags/example_kubernetes_executor.py took 0.085 seconds
[2022-06-24 07:19:22,678] {processor.py:153} INFO - Started process (PID=7982) to work on /home/airflow/.local/lib/python3.7/site-packages/airflow/example_dags/example_kubernetes_executor.py
[2022-06-24 07:19:22,679] {processor.py:641} INFO - Processing file /home/airflow/.local/lib/python3.7/site-packages/airflow/example_dags/example_kubernetes_executor.py for tasks to queue
[2022-06-24 07:19:22,680] {logging_mixin.py:115} INFO - [2022-06-24 07:19:22,680] {dagbag.py:507} INFO - Filling up the DagBag from /home/airflow/.local/lib/python3.7/site-packages/airflow/example_dags/example_kubernetes_executor.py
[2022-06-24 07:19:22,706] {processor.py:651} INFO - DAG(s) dict_keys(['example_kubernetes_executor']) retrieved from /home/airflow/.local/lib/python3.7/site-packages/airflow/example_dags/example_kubernetes_executor.py
[2022-06-24 07:19:22,733] {logging_mixin.py:115} INFO - [2022-06-24 07:19:22,733] {dag.py:2379} INFO - Sync 1 DAGs
[2022-06-24 07:19:22,748] {logging_mixin.py:115} INFO - [2022-06-24 07:19:22,747] {dag.py:2931} INFO - Setting next_dagrun for example_kubernetes_executor to None, run_after=None
[2022-06-24 07:19:22,761] {processor.py:161} INFO - Processing /home/airflow/.local/lib/python3.7/site-packages/airflow/example_dags/example_kubernetes_executor.py took 0.087 seconds
[2022-06-24 07:19:53,010] {processor.py:153} INFO - Started process (PID=8046) to work on /home/airflow/.local/lib/python3.7/site-packages/airflow/example_dags/example_kubernetes_executor.py
[2022-06-24 07:19:53,011] {processor.py:641} INFO - Processing file /home/airflow/.local/lib/python3.7/site-packages/airflow/example_dags/example_kubernetes_executor.py for tasks to queue
[2022-06-24 07:19:53,012] {logging_mixin.py:115} INFO - [2022-06-24 07:19:53,012] {dagbag.py:507} INFO - Filling up the DagBag from /home/airflow/.local/lib/python3.7/site-packages/airflow/example_dags/example_kubernetes_executor.py
[2022-06-24 07:19:53,033] {processor.py:651} INFO - DAG(s) dict_keys(['example_kubernetes_executor']) retrieved from /home/airflow/.local/lib/python3.7/site-packages/airflow/example_dags/example_kubernetes_executor.py
[2022-06-24 07:19:53,056] {logging_mixin.py:115} INFO - [2022-06-24 07:19:53,055] {dag.py:2379} INFO - Sync 1 DAGs
[2022-06-24 07:19:53,070] {logging_mixin.py:115} INFO - [2022-06-24 07:19:53,070] {dag.py:2931} INFO - Setting next_dagrun for example_kubernetes_executor to None, run_after=None
[2022-06-24 07:19:53,084] {processor.py:161} INFO - Processing /home/airflow/.local/lib/python3.7/site-packages/airflow/example_dags/example_kubernetes_executor.py took 0.077 seconds
[2022-06-24 07:20:23,511] {processor.py:153} INFO - Started process (PID=8110) to work on /home/airflow/.local/lib/python3.7/site-packages/airflow/example_dags/example_kubernetes_executor.py
[2022-06-24 07:20:23,512] {processor.py:641} INFO - Processing file /home/airflow/.local/lib/python3.7/site-packages/airflow/example_dags/example_kubernetes_executor.py for tasks to queue
[2022-06-24 07:20:23,513] {logging_mixin.py:115} INFO - [2022-06-24 07:20:23,513] {dagbag.py:507} INFO - Filling up the DagBag from /home/airflow/.local/lib/python3.7/site-packages/airflow/example_dags/example_kubernetes_executor.py
[2022-06-24 07:20:23,539] {processor.py:651} INFO - DAG(s) dict_keys(['example_kubernetes_executor']) retrieved from /home/airflow/.local/lib/python3.7/site-packages/airflow/example_dags/example_kubernetes_executor.py
[2022-06-24 07:20:23,563] {logging_mixin.py:115} INFO - [2022-06-24 07:20:23,563] {dag.py:2379} INFO - Sync 1 DAGs
[2022-06-24 07:20:23,579] {logging_mixin.py:115} INFO - [2022-06-24 07:20:23,579] {dag.py:2931} INFO - Setting next_dagrun for example_kubernetes_executor to None, run_after=None
[2022-06-24 07:20:23,593] {processor.py:161} INFO - Processing /home/airflow/.local/lib/python3.7/site-packages/airflow/example_dags/example_kubernetes_executor.py took 0.085 seconds
[2022-06-24 07:20:53,755] {processor.py:153} INFO - Started process (PID=8165) to work on /home/airflow/.local/lib/python3.7/site-packages/airflow/example_dags/example_kubernetes_executor.py
[2022-06-24 07:20:53,757] {processor.py:641} INFO - Processing file /home/airflow/.local/lib/python3.7/site-packages/airflow/example_dags/example_kubernetes_executor.py for tasks to queue
[2022-06-24 07:20:53,758] {logging_mixin.py:115} INFO - [2022-06-24 07:20:53,757] {dagbag.py:507} INFO - Filling up the DagBag from /home/airflow/.local/lib/python3.7/site-packages/airflow/example_dags/example_kubernetes_executor.py
[2022-06-24 07:20:53,805] {processor.py:651} INFO - DAG(s) dict_keys(['example_kubernetes_executor']) retrieved from /home/airflow/.local/lib/python3.7/site-packages/airflow/example_dags/example_kubernetes_executor.py
[2022-06-24 07:20:53,873] {logging_mixin.py:115} INFO - [2022-06-24 07:20:53,873] {dag.py:2379} INFO - Sync 1 DAGs
[2022-06-24 07:20:53,890] {logging_mixin.py:115} INFO - [2022-06-24 07:20:53,890] {dag.py:2931} INFO - Setting next_dagrun for example_kubernetes_executor to None, run_after=None
[2022-06-24 07:20:53,907] {processor.py:161} INFO - Processing /home/airflow/.local/lib/python3.7/site-packages/airflow/example_dags/example_kubernetes_executor.py took 0.156 seconds
[2022-06-24 07:21:24,475] {processor.py:153} INFO - Started process (PID=8229) to work on /home/airflow/.local/lib/python3.7/site-packages/airflow/example_dags/example_kubernetes_executor.py
[2022-06-24 07:21:24,477] {processor.py:641} INFO - Processing file /home/airflow/.local/lib/python3.7/site-packages/airflow/example_dags/example_kubernetes_executor.py for tasks to queue
[2022-06-24 07:21:24,478] {logging_mixin.py:115} INFO - [2022-06-24 07:21:24,478] {dagbag.py:507} INFO - Filling up the DagBag from /home/airflow/.local/lib/python3.7/site-packages/airflow/example_dags/example_kubernetes_executor.py
[2022-06-24 07:21:24,504] {processor.py:651} INFO - DAG(s) dict_keys(['example_kubernetes_executor']) retrieved from /home/airflow/.local/lib/python3.7/site-packages/airflow/example_dags/example_kubernetes_executor.py
[2022-06-24 07:21:24,534] {logging_mixin.py:115} INFO - [2022-06-24 07:21:24,534] {dag.py:2379} INFO - Sync 1 DAGs
[2022-06-24 07:21:24,550] {logging_mixin.py:115} INFO - [2022-06-24 07:21:24,550] {dag.py:2931} INFO - Setting next_dagrun for example_kubernetes_executor to None, run_after=None
[2022-06-24 07:21:24,565] {processor.py:161} INFO - Processing /home/airflow/.local/lib/python3.7/site-packages/airflow/example_dags/example_kubernetes_executor.py took 0.093 seconds
[2022-06-24 07:21:55,119] {processor.py:153} INFO - Started process (PID=8293) to work on /home/airflow/.local/lib/python3.7/site-packages/airflow/example_dags/example_kubernetes_executor.py
[2022-06-24 07:21:55,119] {processor.py:641} INFO - Processing file /home/airflow/.local/lib/python3.7/site-packages/airflow/example_dags/example_kubernetes_executor.py for tasks to queue
[2022-06-24 07:21:55,120] {logging_mixin.py:115} INFO - [2022-06-24 07:21:55,120] {dagbag.py:507} INFO - Filling up the DagBag from /home/airflow/.local/lib/python3.7/site-packages/airflow/example_dags/example_kubernetes_executor.py
[2022-06-24 07:21:55,145] {processor.py:651} INFO - DAG(s) dict_keys(['example_kubernetes_executor']) retrieved from /home/airflow/.local/lib/python3.7/site-packages/airflow/example_dags/example_kubernetes_executor.py
[2022-06-24 07:21:55,169] {logging_mixin.py:115} INFO - [2022-06-24 07:21:55,168] {dag.py:2379} INFO - Sync 1 DAGs
[2022-06-24 07:21:55,185] {logging_mixin.py:115} INFO - [2022-06-24 07:21:55,184] {dag.py:2931} INFO - Setting next_dagrun for example_kubernetes_executor to None, run_after=None
[2022-06-24 07:21:55,200] {processor.py:161} INFO - Processing /home/airflow/.local/lib/python3.7/site-packages/airflow/example_dags/example_kubernetes_executor.py took 0.085 seconds
[2022-06-24 07:22:25,626] {processor.py:153} INFO - Started process (PID=8357) to work on /home/airflow/.local/lib/python3.7/site-packages/airflow/example_dags/example_kubernetes_executor.py
[2022-06-24 07:22:25,628] {processor.py:641} INFO - Processing file /home/airflow/.local/lib/python3.7/site-packages/airflow/example_dags/example_kubernetes_executor.py for tasks to queue
[2022-06-24 07:22:25,628] {logging_mixin.py:115} INFO - [2022-06-24 07:22:25,628] {dagbag.py:507} INFO - Filling up the DagBag from /home/airflow/.local/lib/python3.7/site-packages/airflow/example_dags/example_kubernetes_executor.py
[2022-06-24 07:22:25,658] {processor.py:651} INFO - DAG(s) dict_keys(['example_kubernetes_executor']) retrieved from /home/airflow/.local/lib/python3.7/site-packages/airflow/example_dags/example_kubernetes_executor.py
[2022-06-24 07:22:25,687] {logging_mixin.py:115} INFO - [2022-06-24 07:22:25,687] {dag.py:2379} INFO - Sync 1 DAGs
[2022-06-24 07:22:25,706] {logging_mixin.py:115} INFO - [2022-06-24 07:22:25,706] {dag.py:2931} INFO - Setting next_dagrun for example_kubernetes_executor to None, run_after=None
[2022-06-24 07:22:25,721] {processor.py:161} INFO - Processing /home/airflow/.local/lib/python3.7/site-packages/airflow/example_dags/example_kubernetes_executor.py took 0.098 seconds
[2022-06-24 07:22:56,132] {processor.py:153} INFO - Started process (PID=8412) to work on /home/airflow/.local/lib/python3.7/site-packages/airflow/example_dags/example_kubernetes_executor.py
[2022-06-24 07:22:56,133] {processor.py:641} INFO - Processing file /home/airflow/.local/lib/python3.7/site-packages/airflow/example_dags/example_kubernetes_executor.py for tasks to queue
[2022-06-24 07:22:56,133] {logging_mixin.py:115} INFO - [2022-06-24 07:22:56,133] {dagbag.py:507} INFO - Filling up the DagBag from /home/airflow/.local/lib/python3.7/site-packages/airflow/example_dags/example_kubernetes_executor.py
[2022-06-24 07:22:56,158] {processor.py:651} INFO - DAG(s) dict_keys(['example_kubernetes_executor']) retrieved from /home/airflow/.local/lib/python3.7/site-packages/airflow/example_dags/example_kubernetes_executor.py
[2022-06-24 07:22:56,190] {logging_mixin.py:115} INFO - [2022-06-24 07:22:56,190] {dag.py:2379} INFO - Sync 1 DAGs
[2022-06-24 07:22:56,207] {logging_mixin.py:115} INFO - [2022-06-24 07:22:56,206] {dag.py:2931} INFO - Setting next_dagrun for example_kubernetes_executor to None, run_after=None
[2022-06-24 07:22:56,230] {processor.py:161} INFO - Processing /home/airflow/.local/lib/python3.7/site-packages/airflow/example_dags/example_kubernetes_executor.py took 0.102 seconds
[2022-06-24 07:23:26,590] {processor.py:153} INFO - Started process (PID=8476) to work on /home/airflow/.local/lib/python3.7/site-packages/airflow/example_dags/example_kubernetes_executor.py
[2022-06-24 07:23:26,591] {processor.py:641} INFO - Processing file /home/airflow/.local/lib/python3.7/site-packages/airflow/example_dags/example_kubernetes_executor.py for tasks to queue
[2022-06-24 07:23:26,592] {logging_mixin.py:115} INFO - [2022-06-24 07:23:26,592] {dagbag.py:507} INFO - Filling up the DagBag from /home/airflow/.local/lib/python3.7/site-packages/airflow/example_dags/example_kubernetes_executor.py
[2022-06-24 07:23:26,617] {processor.py:651} INFO - DAG(s) dict_keys(['example_kubernetes_executor']) retrieved from /home/airflow/.local/lib/python3.7/site-packages/airflow/example_dags/example_kubernetes_executor.py
[2022-06-24 07:23:26,647] {logging_mixin.py:115} INFO - [2022-06-24 07:23:26,647] {dag.py:2379} INFO - Sync 1 DAGs
[2022-06-24 07:23:26,664] {logging_mixin.py:115} INFO - [2022-06-24 07:23:26,664] {dag.py:2931} INFO - Setting next_dagrun for example_kubernetes_executor to None, run_after=None
[2022-06-24 07:23:26,686] {processor.py:161} INFO - Processing /home/airflow/.local/lib/python3.7/site-packages/airflow/example_dags/example_kubernetes_executor.py took 0.100 seconds
[2022-06-24 07:23:56,783] {processor.py:153} INFO - Started process (PID=8540) to work on /home/airflow/.local/lib/python3.7/site-packages/airflow/example_dags/example_kubernetes_executor.py
[2022-06-24 07:23:56,784] {processor.py:641} INFO - Processing file /home/airflow/.local/lib/python3.7/site-packages/airflow/example_dags/example_kubernetes_executor.py for tasks to queue
[2022-06-24 07:23:56,785] {logging_mixin.py:115} INFO - [2022-06-24 07:23:56,785] {dagbag.py:507} INFO - Filling up the DagBag from /home/airflow/.local/lib/python3.7/site-packages/airflow/example_dags/example_kubernetes_executor.py
[2022-06-24 07:23:56,811] {processor.py:651} INFO - DAG(s) dict_keys(['example_kubernetes_executor']) retrieved from /home/airflow/.local/lib/python3.7/site-packages/airflow/example_dags/example_kubernetes_executor.py
[2022-06-24 07:23:56,838] {logging_mixin.py:115} INFO - [2022-06-24 07:23:56,838] {dag.py:2379} INFO - Sync 1 DAGs
[2022-06-24 07:23:56,855] {logging_mixin.py:115} INFO - [2022-06-24 07:23:56,855] {dag.py:2931} INFO - Setting next_dagrun for example_kubernetes_executor to None, run_after=None
[2022-06-24 07:23:56,870] {processor.py:161} INFO - Processing /home/airflow/.local/lib/python3.7/site-packages/airflow/example_dags/example_kubernetes_executor.py took 0.092 seconds
[2022-06-24 07:24:27,249] {processor.py:153} INFO - Started process (PID=8596) to work on /home/airflow/.local/lib/python3.7/site-packages/airflow/example_dags/example_kubernetes_executor.py
[2022-06-24 07:24:27,250] {processor.py:641} INFO - Processing file /home/airflow/.local/lib/python3.7/site-packages/airflow/example_dags/example_kubernetes_executor.py for tasks to queue
[2022-06-24 07:24:27,251] {logging_mixin.py:115} INFO - [2022-06-24 07:24:27,251] {dagbag.py:507} INFO - Filling up the DagBag from /home/airflow/.local/lib/python3.7/site-packages/airflow/example_dags/example_kubernetes_executor.py
[2022-06-24 07:24:27,276] {processor.py:651} INFO - DAG(s) dict_keys(['example_kubernetes_executor']) retrieved from /home/airflow/.local/lib/python3.7/site-packages/airflow/example_dags/example_kubernetes_executor.py
[2022-06-24 07:24:27,304] {logging_mixin.py:115} INFO - [2022-06-24 07:24:27,303] {dag.py:2379} INFO - Sync 1 DAGs
[2022-06-24 07:24:27,322] {logging_mixin.py:115} INFO - [2022-06-24 07:24:27,322] {dag.py:2931} INFO - Setting next_dagrun for example_kubernetes_executor to None, run_after=None
[2022-06-24 07:24:27,336] {processor.py:161} INFO - Processing /home/airflow/.local/lib/python3.7/site-packages/airflow/example_dags/example_kubernetes_executor.py took 0.091 seconds
[2022-06-24 07:24:57,853] {processor.py:153} INFO - Started process (PID=8660) to work on /home/airflow/.local/lib/python3.7/site-packages/airflow/example_dags/example_kubernetes_executor.py
[2022-06-24 07:24:57,855] {processor.py:641} INFO - Processing file /home/airflow/.local/lib/python3.7/site-packages/airflow/example_dags/example_kubernetes_executor.py for tasks to queue
[2022-06-24 07:24:57,856] {logging_mixin.py:115} INFO - [2022-06-24 07:24:57,856] {dagbag.py:507} INFO - Filling up the DagBag from /home/airflow/.local/lib/python3.7/site-packages/airflow/example_dags/example_kubernetes_executor.py
[2022-06-24 07:24:57,876] {processor.py:651} INFO - DAG(s) dict_keys(['example_kubernetes_executor']) retrieved from /home/airflow/.local/lib/python3.7/site-packages/airflow/example_dags/example_kubernetes_executor.py
[2022-06-24 07:24:57,902] {logging_mixin.py:115} INFO - [2022-06-24 07:24:57,902] {dag.py:2379} INFO - Sync 1 DAGs
[2022-06-24 07:24:57,919] {logging_mixin.py:115} INFO - [2022-06-24 07:24:57,919] {dag.py:2931} INFO - Setting next_dagrun for example_kubernetes_executor to None, run_after=None
[2022-06-24 07:24:57,932] {processor.py:161} INFO - Processing /home/airflow/.local/lib/python3.7/site-packages/airflow/example_dags/example_kubernetes_executor.py took 0.082 seconds
[2022-06-24 07:25:28,238] {processor.py:153} INFO - Started process (PID=8724) to work on /home/airflow/.local/lib/python3.7/site-packages/airflow/example_dags/example_kubernetes_executor.py
[2022-06-24 07:25:28,240] {processor.py:641} INFO - Processing file /home/airflow/.local/lib/python3.7/site-packages/airflow/example_dags/example_kubernetes_executor.py for tasks to queue
[2022-06-24 07:25:28,241] {logging_mixin.py:115} INFO - [2022-06-24 07:25:28,241] {dagbag.py:507} INFO - Filling up the DagBag from /home/airflow/.local/lib/python3.7/site-packages/airflow/example_dags/example_kubernetes_executor.py
[2022-06-24 07:25:28,262] {processor.py:651} INFO - DAG(s) dict_keys(['example_kubernetes_executor']) retrieved from /home/airflow/.local/lib/python3.7/site-packages/airflow/example_dags/example_kubernetes_executor.py
[2022-06-24 07:25:28,290] {logging_mixin.py:115} INFO - [2022-06-24 07:25:28,289] {dag.py:2379} INFO - Sync 1 DAGs
[2022-06-24 07:25:28,307] {logging_mixin.py:115} INFO - [2022-06-24 07:25:28,307] {dag.py:2931} INFO - Setting next_dagrun for example_kubernetes_executor to None, run_after=None
[2022-06-24 07:25:28,321] {processor.py:161} INFO - Processing /home/airflow/.local/lib/python3.7/site-packages/airflow/example_dags/example_kubernetes_executor.py took 0.086 seconds
[2022-06-24 07:25:58,546] {processor.py:153} INFO - Started process (PID=8779) to work on /home/airflow/.local/lib/python3.7/site-packages/airflow/example_dags/example_kubernetes_executor.py
[2022-06-24 07:25:58,547] {processor.py:641} INFO - Processing file /home/airflow/.local/lib/python3.7/site-packages/airflow/example_dags/example_kubernetes_executor.py for tasks to queue
[2022-06-24 07:25:58,548] {logging_mixin.py:115} INFO - [2022-06-24 07:25:58,548] {dagbag.py:507} INFO - Filling up the DagBag from /home/airflow/.local/lib/python3.7/site-packages/airflow/example_dags/example_kubernetes_executor.py
[2022-06-24 07:25:58,572] {processor.py:651} INFO - DAG(s) dict_keys(['example_kubernetes_executor']) retrieved from /home/airflow/.local/lib/python3.7/site-packages/airflow/example_dags/example_kubernetes_executor.py
[2022-06-24 07:25:58,600] {logging_mixin.py:115} INFO - [2022-06-24 07:25:58,600] {dag.py:2379} INFO - Sync 1 DAGs
[2022-06-24 07:25:58,622] {logging_mixin.py:115} INFO - [2022-06-24 07:25:58,621] {dag.py:2931} INFO - Setting next_dagrun for example_kubernetes_executor to None, run_after=None
[2022-06-24 07:25:58,635] {processor.py:161} INFO - Processing /home/airflow/.local/lib/python3.7/site-packages/airflow/example_dags/example_kubernetes_executor.py took 0.092 seconds
