[2022-06-24 06:58:32,435] {processor.py:153} INFO - Started process (PID=5466) to work on /home/airflow/.local/lib/python3.7/site-packages/airflow/example_dags/example_short_circuit_operator.py
[2022-06-24 06:58:32,436] {processor.py:641} INFO - Processing file /home/airflow/.local/lib/python3.7/site-packages/airflow/example_dags/example_short_circuit_operator.py for tasks to queue
[2022-06-24 06:58:32,437] {logging_mixin.py:115} INFO - [2022-06-24 06:58:32,437] {dagbag.py:507} INFO - Filling up the DagBag from /home/airflow/.local/lib/python3.7/site-packages/airflow/example_dags/example_short_circuit_operator.py
[2022-06-24 06:58:32,448] {processor.py:651} INFO - DAG(s) dict_keys(['example_short_circuit_operator']) retrieved from /home/airflow/.local/lib/python3.7/site-packages/airflow/example_dags/example_short_circuit_operator.py
[2022-06-24 06:58:32,486] {logging_mixin.py:115} INFO - [2022-06-24 06:58:32,486] {dag.py:2379} INFO - Sync 1 DAGs
[2022-06-24 06:58:32,507] {logging_mixin.py:115} INFO - [2022-06-24 06:58:32,506] {dag.py:2931} INFO - Setting next_dagrun for example_short_circuit_operator to 2022-06-23T06:58:32.505804+00:00, run_after=2022-06-24T06:58:32.505804+00:00
[2022-06-24 06:58:32,529] {processor.py:161} INFO - Processing /home/airflow/.local/lib/python3.7/site-packages/airflow/example_dags/example_short_circuit_operator.py took 0.097 seconds
[2022-06-24 06:59:03,903] {processor.py:153} INFO - Started process (PID=5521) to work on /home/airflow/.local/lib/python3.7/site-packages/airflow/example_dags/example_short_circuit_operator.py
[2022-06-24 06:59:03,905] {processor.py:641} INFO - Processing file /home/airflow/.local/lib/python3.7/site-packages/airflow/example_dags/example_short_circuit_operator.py for tasks to queue
[2022-06-24 06:59:03,914] {logging_mixin.py:115} INFO - [2022-06-24 06:59:03,914] {dagbag.py:507} INFO - Filling up the DagBag from /home/airflow/.local/lib/python3.7/site-packages/airflow/example_dags/example_short_circuit_operator.py
[2022-06-24 06:59:03,938] {processor.py:651} INFO - DAG(s) dict_keys(['example_short_circuit_operator']) retrieved from /home/airflow/.local/lib/python3.7/site-packages/airflow/example_dags/example_short_circuit_operator.py
[2022-06-24 06:59:04,028] {logging_mixin.py:115} INFO - [2022-06-24 06:59:04,028] {dag.py:2379} INFO - Sync 1 DAGs
[2022-06-24 06:59:04,099] {logging_mixin.py:115} INFO - [2022-06-24 06:59:04,099] {dag.py:2931} INFO - Setting next_dagrun for example_short_circuit_operator to 2022-06-23T06:59:04.098826+00:00, run_after=2022-06-24T06:59:04.098826+00:00
[2022-06-24 06:59:04,142] {processor.py:161} INFO - Processing /home/airflow/.local/lib/python3.7/site-packages/airflow/example_dags/example_short_circuit_operator.py took 0.243 seconds
[2022-06-24 06:59:34,833] {processor.py:153} INFO - Started process (PID=5577) to work on /home/airflow/.local/lib/python3.7/site-packages/airflow/example_dags/example_short_circuit_operator.py
[2022-06-24 06:59:34,834] {processor.py:641} INFO - Processing file /home/airflow/.local/lib/python3.7/site-packages/airflow/example_dags/example_short_circuit_operator.py for tasks to queue
[2022-06-24 06:59:34,835] {logging_mixin.py:115} INFO - [2022-06-24 06:59:34,835] {dagbag.py:507} INFO - Filling up the DagBag from /home/airflow/.local/lib/python3.7/site-packages/airflow/example_dags/example_short_circuit_operator.py
[2022-06-24 06:59:34,844] {processor.py:651} INFO - DAG(s) dict_keys(['example_short_circuit_operator']) retrieved from /home/airflow/.local/lib/python3.7/site-packages/airflow/example_dags/example_short_circuit_operator.py
[2022-06-24 06:59:34,874] {logging_mixin.py:115} INFO - [2022-06-24 06:59:34,874] {dag.py:2379} INFO - Sync 1 DAGs
[2022-06-24 06:59:34,895] {logging_mixin.py:115} INFO - [2022-06-24 06:59:34,894] {dag.py:2931} INFO - Setting next_dagrun for example_short_circuit_operator to 2022-06-23T06:59:34.894707+00:00, run_after=2022-06-24T06:59:34.894707+00:00
[2022-06-24 06:59:34,910] {processor.py:161} INFO - Processing /home/airflow/.local/lib/python3.7/site-packages/airflow/example_dags/example_short_circuit_operator.py took 0.080 seconds
[2022-06-24 07:00:05,175] {processor.py:153} INFO - Started process (PID=5641) to work on /home/airflow/.local/lib/python3.7/site-packages/airflow/example_dags/example_short_circuit_operator.py
[2022-06-24 07:00:05,176] {processor.py:641} INFO - Processing file /home/airflow/.local/lib/python3.7/site-packages/airflow/example_dags/example_short_circuit_operator.py for tasks to queue
[2022-06-24 07:00:05,177] {logging_mixin.py:115} INFO - [2022-06-24 07:00:05,177] {dagbag.py:507} INFO - Filling up the DagBag from /home/airflow/.local/lib/python3.7/site-packages/airflow/example_dags/example_short_circuit_operator.py
[2022-06-24 07:00:05,187] {processor.py:651} INFO - DAG(s) dict_keys(['example_short_circuit_operator']) retrieved from /home/airflow/.local/lib/python3.7/site-packages/airflow/example_dags/example_short_circuit_operator.py
[2022-06-24 07:00:05,216] {logging_mixin.py:115} INFO - [2022-06-24 07:00:05,216] {dag.py:2379} INFO - Sync 1 DAGs
[2022-06-24 07:00:05,235] {logging_mixin.py:115} INFO - [2022-06-24 07:00:05,235] {dag.py:2931} INFO - Setting next_dagrun for example_short_circuit_operator to 2022-06-23T07:00:05.234830+00:00, run_after=2022-06-24T07:00:05.234830+00:00
[2022-06-24 07:00:05,249] {processor.py:161} INFO - Processing /home/airflow/.local/lib/python3.7/site-packages/airflow/example_dags/example_short_circuit_operator.py took 0.077 seconds
[2022-06-24 07:00:36,038] {processor.py:153} INFO - Started process (PID=5705) to work on /home/airflow/.local/lib/python3.7/site-packages/airflow/example_dags/example_short_circuit_operator.py
[2022-06-24 07:00:36,039] {processor.py:641} INFO - Processing file /home/airflow/.local/lib/python3.7/site-packages/airflow/example_dags/example_short_circuit_operator.py for tasks to queue
[2022-06-24 07:00:36,040] {logging_mixin.py:115} INFO - [2022-06-24 07:00:36,040] {dagbag.py:507} INFO - Filling up the DagBag from /home/airflow/.local/lib/python3.7/site-packages/airflow/example_dags/example_short_circuit_operator.py
[2022-06-24 07:00:36,050] {processor.py:651} INFO - DAG(s) dict_keys(['example_short_circuit_operator']) retrieved from /home/airflow/.local/lib/python3.7/site-packages/airflow/example_dags/example_short_circuit_operator.py
[2022-06-24 07:00:36,076] {logging_mixin.py:115} INFO - [2022-06-24 07:00:36,076] {dag.py:2379} INFO - Sync 1 DAGs
[2022-06-24 07:00:36,094] {logging_mixin.py:115} INFO - [2022-06-24 07:00:36,094] {dag.py:2931} INFO - Setting next_dagrun for example_short_circuit_operator to 2022-06-23T07:00:36.094146+00:00, run_after=2022-06-24T07:00:36.094146+00:00
[2022-06-24 07:00:36,109] {processor.py:161} INFO - Processing /home/airflow/.local/lib/python3.7/site-packages/airflow/example_dags/example_short_circuit_operator.py took 0.073 seconds
[2022-06-24 07:01:06,447] {processor.py:153} INFO - Started process (PID=5760) to work on /home/airflow/.local/lib/python3.7/site-packages/airflow/example_dags/example_short_circuit_operator.py
[2022-06-24 07:01:06,448] {processor.py:641} INFO - Processing file /home/airflow/.local/lib/python3.7/site-packages/airflow/example_dags/example_short_circuit_operator.py for tasks to queue
[2022-06-24 07:01:06,449] {logging_mixin.py:115} INFO - [2022-06-24 07:01:06,449] {dagbag.py:507} INFO - Filling up the DagBag from /home/airflow/.local/lib/python3.7/site-packages/airflow/example_dags/example_short_circuit_operator.py
[2022-06-24 07:01:06,457] {processor.py:651} INFO - DAG(s) dict_keys(['example_short_circuit_operator']) retrieved from /home/airflow/.local/lib/python3.7/site-packages/airflow/example_dags/example_short_circuit_operator.py
[2022-06-24 07:01:06,483] {logging_mixin.py:115} INFO - [2022-06-24 07:01:06,483] {dag.py:2379} INFO - Sync 1 DAGs
[2022-06-24 07:01:06,505] {logging_mixin.py:115} INFO - [2022-06-24 07:01:06,505] {dag.py:2931} INFO - Setting next_dagrun for example_short_circuit_operator to 2022-06-23T07:01:06.505125+00:00, run_after=2022-06-24T07:01:06.505125+00:00
[2022-06-24 07:01:06,522] {processor.py:161} INFO - Processing /home/airflow/.local/lib/python3.7/site-packages/airflow/example_dags/example_short_circuit_operator.py took 0.078 seconds
[2022-06-24 07:01:36,603] {processor.py:153} INFO - Started process (PID=5826) to work on /home/airflow/.local/lib/python3.7/site-packages/airflow/example_dags/example_short_circuit_operator.py
[2022-06-24 07:01:36,604] {processor.py:641} INFO - Processing file /home/airflow/.local/lib/python3.7/site-packages/airflow/example_dags/example_short_circuit_operator.py for tasks to queue
[2022-06-24 07:01:36,605] {logging_mixin.py:115} INFO - [2022-06-24 07:01:36,605] {dagbag.py:507} INFO - Filling up the DagBag from /home/airflow/.local/lib/python3.7/site-packages/airflow/example_dags/example_short_circuit_operator.py
[2022-06-24 07:01:36,614] {processor.py:651} INFO - DAG(s) dict_keys(['example_short_circuit_operator']) retrieved from /home/airflow/.local/lib/python3.7/site-packages/airflow/example_dags/example_short_circuit_operator.py
[2022-06-24 07:01:36,664] {logging_mixin.py:115} INFO - [2022-06-24 07:01:36,664] {dag.py:2379} INFO - Sync 1 DAGs
[2022-06-24 07:01:36,689] {logging_mixin.py:115} INFO - [2022-06-24 07:01:36,688] {dag.py:2931} INFO - Setting next_dagrun for example_short_circuit_operator to 2022-06-23T07:01:36.688204+00:00, run_after=2022-06-24T07:01:36.688204+00:00
[2022-06-24 07:01:36,709] {processor.py:161} INFO - Processing /home/airflow/.local/lib/python3.7/site-packages/airflow/example_dags/example_short_circuit_operator.py took 0.109 seconds
[2022-06-24 07:02:07,309] {processor.py:153} INFO - Started process (PID=5890) to work on /home/airflow/.local/lib/python3.7/site-packages/airflow/example_dags/example_short_circuit_operator.py
[2022-06-24 07:02:07,310] {processor.py:641} INFO - Processing file /home/airflow/.local/lib/python3.7/site-packages/airflow/example_dags/example_short_circuit_operator.py for tasks to queue
[2022-06-24 07:02:07,311] {logging_mixin.py:115} INFO - [2022-06-24 07:02:07,311] {dagbag.py:507} INFO - Filling up the DagBag from /home/airflow/.local/lib/python3.7/site-packages/airflow/example_dags/example_short_circuit_operator.py
[2022-06-24 07:02:07,321] {processor.py:651} INFO - DAG(s) dict_keys(['example_short_circuit_operator']) retrieved from /home/airflow/.local/lib/python3.7/site-packages/airflow/example_dags/example_short_circuit_operator.py
[2022-06-24 07:02:07,348] {logging_mixin.py:115} INFO - [2022-06-24 07:02:07,348] {dag.py:2379} INFO - Sync 1 DAGs
[2022-06-24 07:02:07,364] {logging_mixin.py:115} INFO - [2022-06-24 07:02:07,364] {dag.py:2931} INFO - Setting next_dagrun for example_short_circuit_operator to 2022-06-23T07:02:07.364122+00:00, run_after=2022-06-24T07:02:07.364122+00:00
[2022-06-24 07:02:07,377] {processor.py:161} INFO - Processing /home/airflow/.local/lib/python3.7/site-packages/airflow/example_dags/example_short_circuit_operator.py took 0.071 seconds
[2022-06-24 07:02:37,598] {processor.py:153} INFO - Started process (PID=5954) to work on /home/airflow/.local/lib/python3.7/site-packages/airflow/example_dags/example_short_circuit_operator.py
[2022-06-24 07:02:37,599] {processor.py:641} INFO - Processing file /home/airflow/.local/lib/python3.7/site-packages/airflow/example_dags/example_short_circuit_operator.py for tasks to queue
[2022-06-24 07:02:37,600] {logging_mixin.py:115} INFO - [2022-06-24 07:02:37,600] {dagbag.py:507} INFO - Filling up the DagBag from /home/airflow/.local/lib/python3.7/site-packages/airflow/example_dags/example_short_circuit_operator.py
[2022-06-24 07:02:37,608] {processor.py:651} INFO - DAG(s) dict_keys(['example_short_circuit_operator']) retrieved from /home/airflow/.local/lib/python3.7/site-packages/airflow/example_dags/example_short_circuit_operator.py
[2022-06-24 07:02:37,635] {logging_mixin.py:115} INFO - [2022-06-24 07:02:37,635] {dag.py:2379} INFO - Sync 1 DAGs
[2022-06-24 07:02:37,650] {logging_mixin.py:115} INFO - [2022-06-24 07:02:37,650] {dag.py:2931} INFO - Setting next_dagrun for example_short_circuit_operator to 2022-06-23T07:02:37.650261+00:00, run_after=2022-06-24T07:02:37.650261+00:00
[2022-06-24 07:02:37,665] {processor.py:161} INFO - Processing /home/airflow/.local/lib/python3.7/site-packages/airflow/example_dags/example_short_circuit_operator.py took 0.070 seconds
[2022-06-24 07:03:07,993] {processor.py:153} INFO - Started process (PID=6009) to work on /home/airflow/.local/lib/python3.7/site-packages/airflow/example_dags/example_short_circuit_operator.py
[2022-06-24 07:03:07,994] {processor.py:641} INFO - Processing file /home/airflow/.local/lib/python3.7/site-packages/airflow/example_dags/example_short_circuit_operator.py for tasks to queue
[2022-06-24 07:03:07,995] {logging_mixin.py:115} INFO - [2022-06-24 07:03:07,995] {dagbag.py:507} INFO - Filling up the DagBag from /home/airflow/.local/lib/python3.7/site-packages/airflow/example_dags/example_short_circuit_operator.py
[2022-06-24 07:03:08,003] {processor.py:651} INFO - DAG(s) dict_keys(['example_short_circuit_operator']) retrieved from /home/airflow/.local/lib/python3.7/site-packages/airflow/example_dags/example_short_circuit_operator.py
[2022-06-24 07:03:08,030] {logging_mixin.py:115} INFO - [2022-06-24 07:03:08,030] {dag.py:2379} INFO - Sync 1 DAGs
[2022-06-24 07:03:08,045] {logging_mixin.py:115} INFO - [2022-06-24 07:03:08,045] {dag.py:2931} INFO - Setting next_dagrun for example_short_circuit_operator to 2022-06-23T07:03:08.045066+00:00, run_after=2022-06-24T07:03:08.045066+00:00
[2022-06-24 07:03:08,059] {processor.py:161} INFO - Processing /home/airflow/.local/lib/python3.7/site-packages/airflow/example_dags/example_short_circuit_operator.py took 0.069 seconds
[2022-06-24 07:03:38,393] {processor.py:153} INFO - Started process (PID=6073) to work on /home/airflow/.local/lib/python3.7/site-packages/airflow/example_dags/example_short_circuit_operator.py
[2022-06-24 07:03:38,394] {processor.py:641} INFO - Processing file /home/airflow/.local/lib/python3.7/site-packages/airflow/example_dags/example_short_circuit_operator.py for tasks to queue
[2022-06-24 07:03:38,395] {logging_mixin.py:115} INFO - [2022-06-24 07:03:38,395] {dagbag.py:507} INFO - Filling up the DagBag from /home/airflow/.local/lib/python3.7/site-packages/airflow/example_dags/example_short_circuit_operator.py
[2022-06-24 07:03:38,404] {processor.py:651} INFO - DAG(s) dict_keys(['example_short_circuit_operator']) retrieved from /home/airflow/.local/lib/python3.7/site-packages/airflow/example_dags/example_short_circuit_operator.py
[2022-06-24 07:03:38,429] {logging_mixin.py:115} INFO - [2022-06-24 07:03:38,428] {dag.py:2379} INFO - Sync 1 DAGs
[2022-06-24 07:03:38,448] {logging_mixin.py:115} INFO - [2022-06-24 07:03:38,448] {dag.py:2931} INFO - Setting next_dagrun for example_short_circuit_operator to 2022-06-23T07:03:38.447936+00:00, run_after=2022-06-24T07:03:38.447936+00:00
[2022-06-24 07:03:38,464] {processor.py:161} INFO - Processing /home/airflow/.local/lib/python3.7/site-packages/airflow/example_dags/example_short_circuit_operator.py took 0.074 seconds
[2022-06-24 07:04:08,560] {processor.py:153} INFO - Started process (PID=6137) to work on /home/airflow/.local/lib/python3.7/site-packages/airflow/example_dags/example_short_circuit_operator.py
[2022-06-24 07:04:08,561] {processor.py:641} INFO - Processing file /home/airflow/.local/lib/python3.7/site-packages/airflow/example_dags/example_short_circuit_operator.py for tasks to queue
[2022-06-24 07:04:08,562] {logging_mixin.py:115} INFO - [2022-06-24 07:04:08,562] {dagbag.py:507} INFO - Filling up the DagBag from /home/airflow/.local/lib/python3.7/site-packages/airflow/example_dags/example_short_circuit_operator.py
[2022-06-24 07:04:08,572] {processor.py:651} INFO - DAG(s) dict_keys(['example_short_circuit_operator']) retrieved from /home/airflow/.local/lib/python3.7/site-packages/airflow/example_dags/example_short_circuit_operator.py
[2022-06-24 07:04:08,596] {logging_mixin.py:115} INFO - [2022-06-24 07:04:08,596] {dag.py:2379} INFO - Sync 1 DAGs
[2022-06-24 07:04:08,612] {logging_mixin.py:115} INFO - [2022-06-24 07:04:08,612] {dag.py:2931} INFO - Setting next_dagrun for example_short_circuit_operator to 2022-06-23T07:04:08.612402+00:00, run_after=2022-06-24T07:04:08.612402+00:00
[2022-06-24 07:04:08,626] {processor.py:161} INFO - Processing /home/airflow/.local/lib/python3.7/site-packages/airflow/example_dags/example_short_circuit_operator.py took 0.069 seconds
[2022-06-24 07:04:39,087] {processor.py:153} INFO - Started process (PID=6193) to work on /home/airflow/.local/lib/python3.7/site-packages/airflow/example_dags/example_short_circuit_operator.py
[2022-06-24 07:04:39,088] {processor.py:641} INFO - Processing file /home/airflow/.local/lib/python3.7/site-packages/airflow/example_dags/example_short_circuit_operator.py for tasks to queue
[2022-06-24 07:04:39,088] {logging_mixin.py:115} INFO - [2022-06-24 07:04:39,088] {dagbag.py:507} INFO - Filling up the DagBag from /home/airflow/.local/lib/python3.7/site-packages/airflow/example_dags/example_short_circuit_operator.py
[2022-06-24 07:04:39,097] {processor.py:651} INFO - DAG(s) dict_keys(['example_short_circuit_operator']) retrieved from /home/airflow/.local/lib/python3.7/site-packages/airflow/example_dags/example_short_circuit_operator.py
[2022-06-24 07:04:39,120] {logging_mixin.py:115} INFO - [2022-06-24 07:04:39,120] {dag.py:2379} INFO - Sync 1 DAGs
[2022-06-24 07:04:39,136] {logging_mixin.py:115} INFO - [2022-06-24 07:04:39,136] {dag.py:2931} INFO - Setting next_dagrun for example_short_circuit_operator to 2022-06-23T07:04:39.136216+00:00, run_after=2022-06-24T07:04:39.136216+00:00
[2022-06-24 07:04:39,149] {processor.py:161} INFO - Processing /home/airflow/.local/lib/python3.7/site-packages/airflow/example_dags/example_short_circuit_operator.py took 0.065 seconds
[2022-06-24 07:05:09,531] {processor.py:153} INFO - Started process (PID=6257) to work on /home/airflow/.local/lib/python3.7/site-packages/airflow/example_dags/example_short_circuit_operator.py
[2022-06-24 07:05:09,534] {processor.py:641} INFO - Processing file /home/airflow/.local/lib/python3.7/site-packages/airflow/example_dags/example_short_circuit_operator.py for tasks to queue
[2022-06-24 07:05:09,535] {logging_mixin.py:115} INFO - [2022-06-24 07:05:09,535] {dagbag.py:507} INFO - Filling up the DagBag from /home/airflow/.local/lib/python3.7/site-packages/airflow/example_dags/example_short_circuit_operator.py
[2022-06-24 07:05:09,552] {processor.py:651} INFO - DAG(s) dict_keys(['example_short_circuit_operator']) retrieved from /home/airflow/.local/lib/python3.7/site-packages/airflow/example_dags/example_short_circuit_operator.py
[2022-06-24 07:05:09,589] {logging_mixin.py:115} INFO - [2022-06-24 07:05:09,589] {dag.py:2379} INFO - Sync 1 DAGs
[2022-06-24 07:05:09,607] {logging_mixin.py:115} INFO - [2022-06-24 07:05:09,607] {dag.py:2931} INFO - Setting next_dagrun for example_short_circuit_operator to 2022-06-23T07:05:09.606983+00:00, run_after=2022-06-24T07:05:09.606983+00:00
[2022-06-24 07:05:09,622] {processor.py:161} INFO - Processing /home/airflow/.local/lib/python3.7/site-packages/airflow/example_dags/example_short_circuit_operator.py took 0.095 seconds
[2022-06-24 07:05:40,041] {processor.py:153} INFO - Started process (PID=6321) to work on /home/airflow/.local/lib/python3.7/site-packages/airflow/example_dags/example_short_circuit_operator.py
[2022-06-24 07:05:40,042] {processor.py:641} INFO - Processing file /home/airflow/.local/lib/python3.7/site-packages/airflow/example_dags/example_short_circuit_operator.py for tasks to queue
[2022-06-24 07:05:40,043] {logging_mixin.py:115} INFO - [2022-06-24 07:05:40,043] {dagbag.py:507} INFO - Filling up the DagBag from /home/airflow/.local/lib/python3.7/site-packages/airflow/example_dags/example_short_circuit_operator.py
[2022-06-24 07:05:40,052] {processor.py:651} INFO - DAG(s) dict_keys(['example_short_circuit_operator']) retrieved from /home/airflow/.local/lib/python3.7/site-packages/airflow/example_dags/example_short_circuit_operator.py
[2022-06-24 07:05:40,077] {logging_mixin.py:115} INFO - [2022-06-24 07:05:40,077] {dag.py:2379} INFO - Sync 1 DAGs
[2022-06-24 07:05:40,095] {logging_mixin.py:115} INFO - [2022-06-24 07:05:40,095] {dag.py:2931} INFO - Setting next_dagrun for example_short_circuit_operator to 2022-06-23T07:05:40.094803+00:00, run_after=2022-06-24T07:05:40.094803+00:00
[2022-06-24 07:05:40,109] {processor.py:161} INFO - Processing /home/airflow/.local/lib/python3.7/site-packages/airflow/example_dags/example_short_circuit_operator.py took 0.071 seconds
[2022-06-24 07:06:10,209] {processor.py:153} INFO - Started process (PID=6385) to work on /home/airflow/.local/lib/python3.7/site-packages/airflow/example_dags/example_short_circuit_operator.py
[2022-06-24 07:06:10,210] {processor.py:641} INFO - Processing file /home/airflow/.local/lib/python3.7/site-packages/airflow/example_dags/example_short_circuit_operator.py for tasks to queue
[2022-06-24 07:06:10,211] {logging_mixin.py:115} INFO - [2022-06-24 07:06:10,211] {dagbag.py:507} INFO - Filling up the DagBag from /home/airflow/.local/lib/python3.7/site-packages/airflow/example_dags/example_short_circuit_operator.py
[2022-06-24 07:06:10,220] {processor.py:651} INFO - DAG(s) dict_keys(['example_short_circuit_operator']) retrieved from /home/airflow/.local/lib/python3.7/site-packages/airflow/example_dags/example_short_circuit_operator.py
[2022-06-24 07:06:10,249] {logging_mixin.py:115} INFO - [2022-06-24 07:06:10,249] {dag.py:2379} INFO - Sync 1 DAGs
[2022-06-24 07:06:10,266] {logging_mixin.py:115} INFO - [2022-06-24 07:06:10,265] {dag.py:2931} INFO - Setting next_dagrun for example_short_circuit_operator to 2022-06-23T07:06:10.265563+00:00, run_after=2022-06-24T07:06:10.265563+00:00
[2022-06-24 07:06:10,279] {processor.py:161} INFO - Processing /home/airflow/.local/lib/python3.7/site-packages/airflow/example_dags/example_short_circuit_operator.py took 0.074 seconds
[2022-06-24 07:06:40,515] {processor.py:153} INFO - Started process (PID=6440) to work on /home/airflow/.local/lib/python3.7/site-packages/airflow/example_dags/example_short_circuit_operator.py
[2022-06-24 07:06:40,516] {processor.py:641} INFO - Processing file /home/airflow/.local/lib/python3.7/site-packages/airflow/example_dags/example_short_circuit_operator.py for tasks to queue
[2022-06-24 07:06:40,517] {logging_mixin.py:115} INFO - [2022-06-24 07:06:40,517] {dagbag.py:507} INFO - Filling up the DagBag from /home/airflow/.local/lib/python3.7/site-packages/airflow/example_dags/example_short_circuit_operator.py
[2022-06-24 07:06:40,525] {processor.py:651} INFO - DAG(s) dict_keys(['example_short_circuit_operator']) retrieved from /home/airflow/.local/lib/python3.7/site-packages/airflow/example_dags/example_short_circuit_operator.py
[2022-06-24 07:06:40,551] {logging_mixin.py:115} INFO - [2022-06-24 07:06:40,550] {dag.py:2379} INFO - Sync 1 DAGs
[2022-06-24 07:06:40,565] {logging_mixin.py:115} INFO - [2022-06-24 07:06:40,565] {dag.py:2931} INFO - Setting next_dagrun for example_short_circuit_operator to 2022-06-23T07:06:40.565486+00:00, run_after=2022-06-24T07:06:40.565486+00:00
[2022-06-24 07:06:40,580] {processor.py:161} INFO - Processing /home/airflow/.local/lib/python3.7/site-packages/airflow/example_dags/example_short_circuit_operator.py took 0.068 seconds
[2022-06-24 07:07:10,888] {processor.py:153} INFO - Started process (PID=6504) to work on /home/airflow/.local/lib/python3.7/site-packages/airflow/example_dags/example_short_circuit_operator.py
[2022-06-24 07:07:10,889] {processor.py:641} INFO - Processing file /home/airflow/.local/lib/python3.7/site-packages/airflow/example_dags/example_short_circuit_operator.py for tasks to queue
[2022-06-24 07:07:10,890] {logging_mixin.py:115} INFO - [2022-06-24 07:07:10,890] {dagbag.py:507} INFO - Filling up the DagBag from /home/airflow/.local/lib/python3.7/site-packages/airflow/example_dags/example_short_circuit_operator.py
[2022-06-24 07:07:10,898] {processor.py:651} INFO - DAG(s) dict_keys(['example_short_circuit_operator']) retrieved from /home/airflow/.local/lib/python3.7/site-packages/airflow/example_dags/example_short_circuit_operator.py
[2022-06-24 07:07:10,924] {logging_mixin.py:115} INFO - [2022-06-24 07:07:10,923] {dag.py:2379} INFO - Sync 1 DAGs
[2022-06-24 07:07:10,938] {logging_mixin.py:115} INFO - [2022-06-24 07:07:10,938] {dag.py:2931} INFO - Setting next_dagrun for example_short_circuit_operator to 2022-06-23T07:07:10.937894+00:00, run_after=2022-06-24T07:07:10.937894+00:00
[2022-06-24 07:07:10,953] {processor.py:161} INFO - Processing /home/airflow/.local/lib/python3.7/site-packages/airflow/example_dags/example_short_circuit_operator.py took 0.068 seconds
[2022-06-24 07:07:41,164] {processor.py:153} INFO - Started process (PID=6568) to work on /home/airflow/.local/lib/python3.7/site-packages/airflow/example_dags/example_short_circuit_operator.py
[2022-06-24 07:07:41,165] {processor.py:641} INFO - Processing file /home/airflow/.local/lib/python3.7/site-packages/airflow/example_dags/example_short_circuit_operator.py for tasks to queue
[2022-06-24 07:07:41,166] {logging_mixin.py:115} INFO - [2022-06-24 07:07:41,166] {dagbag.py:507} INFO - Filling up the DagBag from /home/airflow/.local/lib/python3.7/site-packages/airflow/example_dags/example_short_circuit_operator.py
[2022-06-24 07:07:41,174] {processor.py:651} INFO - DAG(s) dict_keys(['example_short_circuit_operator']) retrieved from /home/airflow/.local/lib/python3.7/site-packages/airflow/example_dags/example_short_circuit_operator.py
[2022-06-24 07:07:41,201] {logging_mixin.py:115} INFO - [2022-06-24 07:07:41,201] {dag.py:2379} INFO - Sync 1 DAGs
[2022-06-24 07:07:41,215] {logging_mixin.py:115} INFO - [2022-06-24 07:07:41,214] {dag.py:2931} INFO - Setting next_dagrun for example_short_circuit_operator to 2022-06-23T07:07:41.214739+00:00, run_after=2022-06-24T07:07:41.214739+00:00
[2022-06-24 07:07:41,229] {processor.py:161} INFO - Processing /home/airflow/.local/lib/python3.7/site-packages/airflow/example_dags/example_short_circuit_operator.py took 0.068 seconds
[2022-06-24 07:08:11,565] {processor.py:153} INFO - Started process (PID=6623) to work on /home/airflow/.local/lib/python3.7/site-packages/airflow/example_dags/example_short_circuit_operator.py
[2022-06-24 07:08:11,566] {processor.py:641} INFO - Processing file /home/airflow/.local/lib/python3.7/site-packages/airflow/example_dags/example_short_circuit_operator.py for tasks to queue
[2022-06-24 07:08:11,567] {logging_mixin.py:115} INFO - [2022-06-24 07:08:11,567] {dagbag.py:507} INFO - Filling up the DagBag from /home/airflow/.local/lib/python3.7/site-packages/airflow/example_dags/example_short_circuit_operator.py
[2022-06-24 07:08:11,576] {processor.py:651} INFO - DAG(s) dict_keys(['example_short_circuit_operator']) retrieved from /home/airflow/.local/lib/python3.7/site-packages/airflow/example_dags/example_short_circuit_operator.py
[2022-06-24 07:08:11,606] {logging_mixin.py:115} INFO - [2022-06-24 07:08:11,605] {dag.py:2379} INFO - Sync 1 DAGs
[2022-06-24 07:08:11,624] {logging_mixin.py:115} INFO - [2022-06-24 07:08:11,624] {dag.py:2931} INFO - Setting next_dagrun for example_short_circuit_operator to 2022-06-23T07:08:11.624333+00:00, run_after=2022-06-24T07:08:11.624333+00:00
[2022-06-24 07:08:11,639] {processor.py:161} INFO - Processing /home/airflow/.local/lib/python3.7/site-packages/airflow/example_dags/example_short_circuit_operator.py took 0.078 seconds
[2022-06-24 07:08:42,301] {processor.py:153} INFO - Started process (PID=6687) to work on /home/airflow/.local/lib/python3.7/site-packages/airflow/example_dags/example_short_circuit_operator.py
[2022-06-24 07:08:42,302] {processor.py:641} INFO - Processing file /home/airflow/.local/lib/python3.7/site-packages/airflow/example_dags/example_short_circuit_operator.py for tasks to queue
[2022-06-24 07:08:42,303] {logging_mixin.py:115} INFO - [2022-06-24 07:08:42,303] {dagbag.py:507} INFO - Filling up the DagBag from /home/airflow/.local/lib/python3.7/site-packages/airflow/example_dags/example_short_circuit_operator.py
[2022-06-24 07:08:42,311] {processor.py:651} INFO - DAG(s) dict_keys(['example_short_circuit_operator']) retrieved from /home/airflow/.local/lib/python3.7/site-packages/airflow/example_dags/example_short_circuit_operator.py
[2022-06-24 07:08:42,341] {logging_mixin.py:115} INFO - [2022-06-24 07:08:42,341] {dag.py:2379} INFO - Sync 1 DAGs
[2022-06-24 07:08:42,360] {logging_mixin.py:115} INFO - [2022-06-24 07:08:42,359] {dag.py:2931} INFO - Setting next_dagrun for example_short_circuit_operator to 2022-06-23T07:08:42.359741+00:00, run_after=2022-06-24T07:08:42.359741+00:00
[2022-06-24 07:08:42,373] {processor.py:161} INFO - Processing /home/airflow/.local/lib/python3.7/site-packages/airflow/example_dags/example_short_circuit_operator.py took 0.076 seconds
[2022-06-24 07:09:12,688] {processor.py:153} INFO - Started process (PID=6751) to work on /home/airflow/.local/lib/python3.7/site-packages/airflow/example_dags/example_short_circuit_operator.py
[2022-06-24 07:09:12,690] {processor.py:641} INFO - Processing file /home/airflow/.local/lib/python3.7/site-packages/airflow/example_dags/example_short_circuit_operator.py for tasks to queue
[2022-06-24 07:09:12,691] {logging_mixin.py:115} INFO - [2022-06-24 07:09:12,691] {dagbag.py:507} INFO - Filling up the DagBag from /home/airflow/.local/lib/python3.7/site-packages/airflow/example_dags/example_short_circuit_operator.py
[2022-06-24 07:09:12,699] {processor.py:651} INFO - DAG(s) dict_keys(['example_short_circuit_operator']) retrieved from /home/airflow/.local/lib/python3.7/site-packages/airflow/example_dags/example_short_circuit_operator.py
[2022-06-24 07:09:12,734] {logging_mixin.py:115} INFO - [2022-06-24 07:09:12,734] {dag.py:2379} INFO - Sync 1 DAGs
[2022-06-24 07:09:12,751] {logging_mixin.py:115} INFO - [2022-06-24 07:09:12,750] {dag.py:2931} INFO - Setting next_dagrun for example_short_circuit_operator to 2022-06-23T07:09:12.750758+00:00, run_after=2022-06-24T07:09:12.750758+00:00
[2022-06-24 07:09:12,767] {processor.py:161} INFO - Processing /home/airflow/.local/lib/python3.7/site-packages/airflow/example_dags/example_short_circuit_operator.py took 0.084 seconds
[2022-06-24 07:09:43,228] {processor.py:153} INFO - Started process (PID=6815) to work on /home/airflow/.local/lib/python3.7/site-packages/airflow/example_dags/example_short_circuit_operator.py
[2022-06-24 07:09:43,229] {processor.py:641} INFO - Processing file /home/airflow/.local/lib/python3.7/site-packages/airflow/example_dags/example_short_circuit_operator.py for tasks to queue
[2022-06-24 07:09:43,229] {logging_mixin.py:115} INFO - [2022-06-24 07:09:43,229] {dagbag.py:507} INFO - Filling up the DagBag from /home/airflow/.local/lib/python3.7/site-packages/airflow/example_dags/example_short_circuit_operator.py
[2022-06-24 07:09:43,237] {processor.py:651} INFO - DAG(s) dict_keys(['example_short_circuit_operator']) retrieved from /home/airflow/.local/lib/python3.7/site-packages/airflow/example_dags/example_short_circuit_operator.py
[2022-06-24 07:09:43,265] {logging_mixin.py:115} INFO - [2022-06-24 07:09:43,265] {dag.py:2379} INFO - Sync 1 DAGs
[2022-06-24 07:09:43,281] {logging_mixin.py:115} INFO - [2022-06-24 07:09:43,281] {dag.py:2931} INFO - Setting next_dagrun for example_short_circuit_operator to 2022-06-23T07:09:43.281488+00:00, run_after=2022-06-24T07:09:43.281488+00:00
[2022-06-24 07:09:43,297] {processor.py:161} INFO - Processing /home/airflow/.local/lib/python3.7/site-packages/airflow/example_dags/example_short_circuit_operator.py took 0.073 seconds
[2022-06-24 07:10:13,682] {processor.py:153} INFO - Started process (PID=6870) to work on /home/airflow/.local/lib/python3.7/site-packages/airflow/example_dags/example_short_circuit_operator.py
[2022-06-24 07:10:13,684] {processor.py:641} INFO - Processing file /home/airflow/.local/lib/python3.7/site-packages/airflow/example_dags/example_short_circuit_operator.py for tasks to queue
[2022-06-24 07:10:13,684] {logging_mixin.py:115} INFO - [2022-06-24 07:10:13,684] {dagbag.py:507} INFO - Filling up the DagBag from /home/airflow/.local/lib/python3.7/site-packages/airflow/example_dags/example_short_circuit_operator.py
[2022-06-24 07:10:13,693] {processor.py:651} INFO - DAG(s) dict_keys(['example_short_circuit_operator']) retrieved from /home/airflow/.local/lib/python3.7/site-packages/airflow/example_dags/example_short_circuit_operator.py
[2022-06-24 07:10:13,717] {logging_mixin.py:115} INFO - [2022-06-24 07:10:13,717] {dag.py:2379} INFO - Sync 1 DAGs
[2022-06-24 07:10:13,734] {logging_mixin.py:115} INFO - [2022-06-24 07:10:13,734] {dag.py:2931} INFO - Setting next_dagrun for example_short_circuit_operator to 2022-06-23T07:10:13.734399+00:00, run_after=2022-06-24T07:10:13.734399+00:00
[2022-06-24 07:10:13,747] {processor.py:161} INFO - Processing /home/airflow/.local/lib/python3.7/site-packages/airflow/example_dags/example_short_circuit_operator.py took 0.068 seconds
[2022-06-24 07:10:44,234] {processor.py:153} INFO - Started process (PID=6934) to work on /home/airflow/.local/lib/python3.7/site-packages/airflow/example_dags/example_short_circuit_operator.py
[2022-06-24 07:10:44,235] {processor.py:641} INFO - Processing file /home/airflow/.local/lib/python3.7/site-packages/airflow/example_dags/example_short_circuit_operator.py for tasks to queue
[2022-06-24 07:10:44,236] {logging_mixin.py:115} INFO - [2022-06-24 07:10:44,236] {dagbag.py:507} INFO - Filling up the DagBag from /home/airflow/.local/lib/python3.7/site-packages/airflow/example_dags/example_short_circuit_operator.py
[2022-06-24 07:10:44,245] {processor.py:651} INFO - DAG(s) dict_keys(['example_short_circuit_operator']) retrieved from /home/airflow/.local/lib/python3.7/site-packages/airflow/example_dags/example_short_circuit_operator.py
[2022-06-24 07:10:44,274] {logging_mixin.py:115} INFO - [2022-06-24 07:10:44,274] {dag.py:2379} INFO - Sync 1 DAGs
[2022-06-24 07:10:44,292] {logging_mixin.py:115} INFO - [2022-06-24 07:10:44,292] {dag.py:2931} INFO - Setting next_dagrun for example_short_circuit_operator to 2022-06-23T07:10:44.292593+00:00, run_after=2022-06-24T07:10:44.292593+00:00
[2022-06-24 07:10:44,305] {processor.py:161} INFO - Processing /home/airflow/.local/lib/python3.7/site-packages/airflow/example_dags/example_short_circuit_operator.py took 0.074 seconds
[2022-06-24 07:11:14,583] {processor.py:153} INFO - Started process (PID=6998) to work on /home/airflow/.local/lib/python3.7/site-packages/airflow/example_dags/example_short_circuit_operator.py
[2022-06-24 07:11:14,584] {processor.py:641} INFO - Processing file /home/airflow/.local/lib/python3.7/site-packages/airflow/example_dags/example_short_circuit_operator.py for tasks to queue
[2022-06-24 07:11:14,585] {logging_mixin.py:115} INFO - [2022-06-24 07:11:14,585] {dagbag.py:507} INFO - Filling up the DagBag from /home/airflow/.local/lib/python3.7/site-packages/airflow/example_dags/example_short_circuit_operator.py
[2022-06-24 07:11:14,593] {processor.py:651} INFO - DAG(s) dict_keys(['example_short_circuit_operator']) retrieved from /home/airflow/.local/lib/python3.7/site-packages/airflow/example_dags/example_short_circuit_operator.py
[2022-06-24 07:11:14,619] {logging_mixin.py:115} INFO - [2022-06-24 07:11:14,619] {dag.py:2379} INFO - Sync 1 DAGs
[2022-06-24 07:11:14,636] {logging_mixin.py:115} INFO - [2022-06-24 07:11:14,636] {dag.py:2931} INFO - Setting next_dagrun for example_short_circuit_operator to 2022-06-23T07:11:14.635875+00:00, run_after=2022-06-24T07:11:14.635875+00:00
[2022-06-24 07:11:14,648] {processor.py:161} INFO - Processing /home/airflow/.local/lib/python3.7/site-packages/airflow/example_dags/example_short_circuit_operator.py took 0.068 seconds
[2022-06-24 07:11:44,758] {processor.py:153} INFO - Started process (PID=7053) to work on /home/airflow/.local/lib/python3.7/site-packages/airflow/example_dags/example_short_circuit_operator.py
[2022-06-24 07:11:44,759] {processor.py:641} INFO - Processing file /home/airflow/.local/lib/python3.7/site-packages/airflow/example_dags/example_short_circuit_operator.py for tasks to queue
[2022-06-24 07:11:44,760] {logging_mixin.py:115} INFO - [2022-06-24 07:11:44,760] {dagbag.py:507} INFO - Filling up the DagBag from /home/airflow/.local/lib/python3.7/site-packages/airflow/example_dags/example_short_circuit_operator.py
[2022-06-24 07:11:44,768] {processor.py:651} INFO - DAG(s) dict_keys(['example_short_circuit_operator']) retrieved from /home/airflow/.local/lib/python3.7/site-packages/airflow/example_dags/example_short_circuit_operator.py
[2022-06-24 07:11:44,793] {logging_mixin.py:115} INFO - [2022-06-24 07:11:44,793] {dag.py:2379} INFO - Sync 1 DAGs
[2022-06-24 07:11:44,807] {logging_mixin.py:115} INFO - [2022-06-24 07:11:44,807] {dag.py:2931} INFO - Setting next_dagrun for example_short_circuit_operator to 2022-06-23T07:11:44.807428+00:00, run_after=2022-06-24T07:11:44.807428+00:00
[2022-06-24 07:11:44,822] {processor.py:161} INFO - Processing /home/airflow/.local/lib/python3.7/site-packages/airflow/example_dags/example_short_circuit_operator.py took 0.068 seconds
[2022-06-24 07:12:15,266] {processor.py:153} INFO - Started process (PID=7118) to work on /home/airflow/.local/lib/python3.7/site-packages/airflow/example_dags/example_short_circuit_operator.py
[2022-06-24 07:12:15,267] {processor.py:641} INFO - Processing file /home/airflow/.local/lib/python3.7/site-packages/airflow/example_dags/example_short_circuit_operator.py for tasks to queue
[2022-06-24 07:12:15,268] {logging_mixin.py:115} INFO - [2022-06-24 07:12:15,267] {dagbag.py:507} INFO - Filling up the DagBag from /home/airflow/.local/lib/python3.7/site-packages/airflow/example_dags/example_short_circuit_operator.py
[2022-06-24 07:12:15,276] {processor.py:651} INFO - DAG(s) dict_keys(['example_short_circuit_operator']) retrieved from /home/airflow/.local/lib/python3.7/site-packages/airflow/example_dags/example_short_circuit_operator.py
[2022-06-24 07:12:15,300] {logging_mixin.py:115} INFO - [2022-06-24 07:12:15,300] {dag.py:2379} INFO - Sync 1 DAGs
[2022-06-24 07:12:15,315] {logging_mixin.py:115} INFO - [2022-06-24 07:12:15,314] {dag.py:2931} INFO - Setting next_dagrun for example_short_circuit_operator to 2022-06-23T07:12:15.314766+00:00, run_after=2022-06-24T07:12:15.314766+00:00
[2022-06-24 07:12:15,328] {processor.py:161} INFO - Processing /home/airflow/.local/lib/python3.7/site-packages/airflow/example_dags/example_short_circuit_operator.py took 0.066 seconds
[2022-06-24 07:12:45,393] {processor.py:153} INFO - Started process (PID=7182) to work on /home/airflow/.local/lib/python3.7/site-packages/airflow/example_dags/example_short_circuit_operator.py
[2022-06-24 07:12:45,394] {processor.py:641} INFO - Processing file /home/airflow/.local/lib/python3.7/site-packages/airflow/example_dags/example_short_circuit_operator.py for tasks to queue
[2022-06-24 07:12:45,395] {logging_mixin.py:115} INFO - [2022-06-24 07:12:45,395] {dagbag.py:507} INFO - Filling up the DagBag from /home/airflow/.local/lib/python3.7/site-packages/airflow/example_dags/example_short_circuit_operator.py
[2022-06-24 07:12:45,403] {processor.py:651} INFO - DAG(s) dict_keys(['example_short_circuit_operator']) retrieved from /home/airflow/.local/lib/python3.7/site-packages/airflow/example_dags/example_short_circuit_operator.py
[2022-06-24 07:12:45,430] {logging_mixin.py:115} INFO - [2022-06-24 07:12:45,430] {dag.py:2379} INFO - Sync 1 DAGs
[2022-06-24 07:12:45,448] {logging_mixin.py:115} INFO - [2022-06-24 07:12:45,448] {dag.py:2931} INFO - Setting next_dagrun for example_short_circuit_operator to 2022-06-23T07:12:45.448656+00:00, run_after=2022-06-24T07:12:45.448656+00:00
[2022-06-24 07:12:45,464] {processor.py:161} INFO - Processing /home/airflow/.local/lib/python3.7/site-packages/airflow/example_dags/example_short_circuit_operator.py took 0.074 seconds
[2022-06-24 07:13:15,625] {processor.py:153} INFO - Started process (PID=7246) to work on /home/airflow/.local/lib/python3.7/site-packages/airflow/example_dags/example_short_circuit_operator.py
[2022-06-24 07:13:15,626] {processor.py:641} INFO - Processing file /home/airflow/.local/lib/python3.7/site-packages/airflow/example_dags/example_short_circuit_operator.py for tasks to queue
[2022-06-24 07:13:15,627] {logging_mixin.py:115} INFO - [2022-06-24 07:13:15,627] {dagbag.py:507} INFO - Filling up the DagBag from /home/airflow/.local/lib/python3.7/site-packages/airflow/example_dags/example_short_circuit_operator.py
[2022-06-24 07:13:15,635] {processor.py:651} INFO - DAG(s) dict_keys(['example_short_circuit_operator']) retrieved from /home/airflow/.local/lib/python3.7/site-packages/airflow/example_dags/example_short_circuit_operator.py
[2022-06-24 07:13:15,663] {logging_mixin.py:115} INFO - [2022-06-24 07:13:15,663] {dag.py:2379} INFO - Sync 1 DAGs
[2022-06-24 07:13:15,681] {logging_mixin.py:115} INFO - [2022-06-24 07:13:15,681] {dag.py:2931} INFO - Setting next_dagrun for example_short_circuit_operator to 2022-06-23T07:13:15.680963+00:00, run_after=2022-06-24T07:13:15.680963+00:00
[2022-06-24 07:13:15,698] {processor.py:161} INFO - Processing /home/airflow/.local/lib/python3.7/site-packages/airflow/example_dags/example_short_circuit_operator.py took 0.076 seconds
[2022-06-24 07:13:46,157] {processor.py:153} INFO - Started process (PID=7301) to work on /home/airflow/.local/lib/python3.7/site-packages/airflow/example_dags/example_short_circuit_operator.py
[2022-06-24 07:13:46,158] {processor.py:641} INFO - Processing file /home/airflow/.local/lib/python3.7/site-packages/airflow/example_dags/example_short_circuit_operator.py for tasks to queue
[2022-06-24 07:13:46,159] {logging_mixin.py:115} INFO - [2022-06-24 07:13:46,158] {dagbag.py:507} INFO - Filling up the DagBag from /home/airflow/.local/lib/python3.7/site-packages/airflow/example_dags/example_short_circuit_operator.py
[2022-06-24 07:13:46,170] {processor.py:651} INFO - DAG(s) dict_keys(['example_short_circuit_operator']) retrieved from /home/airflow/.local/lib/python3.7/site-packages/airflow/example_dags/example_short_circuit_operator.py
[2022-06-24 07:13:46,198] {logging_mixin.py:115} INFO - [2022-06-24 07:13:46,198] {dag.py:2379} INFO - Sync 1 DAGs
[2022-06-24 07:13:46,222] {logging_mixin.py:115} INFO - [2022-06-24 07:13:46,221] {dag.py:2931} INFO - Setting next_dagrun for example_short_circuit_operator to 2022-06-23T07:13:46.221670+00:00, run_after=2022-06-24T07:13:46.221670+00:00
[2022-06-24 07:13:46,237] {processor.py:161} INFO - Processing /home/airflow/.local/lib/python3.7/site-packages/airflow/example_dags/example_short_circuit_operator.py took 0.083 seconds
[2022-06-24 07:14:16,662] {processor.py:153} INFO - Started process (PID=7365) to work on /home/airflow/.local/lib/python3.7/site-packages/airflow/example_dags/example_short_circuit_operator.py
[2022-06-24 07:14:16,663] {processor.py:641} INFO - Processing file /home/airflow/.local/lib/python3.7/site-packages/airflow/example_dags/example_short_circuit_operator.py for tasks to queue
[2022-06-24 07:14:16,664] {logging_mixin.py:115} INFO - [2022-06-24 07:14:16,663] {dagbag.py:507} INFO - Filling up the DagBag from /home/airflow/.local/lib/python3.7/site-packages/airflow/example_dags/example_short_circuit_operator.py
[2022-06-24 07:14:16,677] {processor.py:651} INFO - DAG(s) dict_keys(['example_short_circuit_operator']) retrieved from /home/airflow/.local/lib/python3.7/site-packages/airflow/example_dags/example_short_circuit_operator.py
[2022-06-24 07:14:16,760] {logging_mixin.py:115} INFO - [2022-06-24 07:14:16,760] {dag.py:2379} INFO - Sync 1 DAGs
[2022-06-24 07:14:16,778] {logging_mixin.py:115} INFO - [2022-06-24 07:14:16,778] {dag.py:2931} INFO - Setting next_dagrun for example_short_circuit_operator to 2022-06-23T07:14:16.778459+00:00, run_after=2022-06-24T07:14:16.778459+00:00
[2022-06-24 07:14:16,796] {processor.py:161} INFO - Processing /home/airflow/.local/lib/python3.7/site-packages/airflow/example_dags/example_short_circuit_operator.py took 0.138 seconds
[2022-06-24 07:14:47,296] {processor.py:153} INFO - Started process (PID=7429) to work on /home/airflow/.local/lib/python3.7/site-packages/airflow/example_dags/example_short_circuit_operator.py
[2022-06-24 07:14:47,297] {processor.py:641} INFO - Processing file /home/airflow/.local/lib/python3.7/site-packages/airflow/example_dags/example_short_circuit_operator.py for tasks to queue
[2022-06-24 07:14:47,297] {logging_mixin.py:115} INFO - [2022-06-24 07:14:47,297] {dagbag.py:507} INFO - Filling up the DagBag from /home/airflow/.local/lib/python3.7/site-packages/airflow/example_dags/example_short_circuit_operator.py
[2022-06-24 07:14:47,308] {processor.py:651} INFO - DAG(s) dict_keys(['example_short_circuit_operator']) retrieved from /home/airflow/.local/lib/python3.7/site-packages/airflow/example_dags/example_short_circuit_operator.py
[2022-06-24 07:14:47,331] {logging_mixin.py:115} INFO - [2022-06-24 07:14:47,331] {dag.py:2379} INFO - Sync 1 DAGs
[2022-06-24 07:14:47,349] {logging_mixin.py:115} INFO - [2022-06-24 07:14:47,349] {dag.py:2931} INFO - Setting next_dagrun for example_short_circuit_operator to 2022-06-23T07:14:47.349152+00:00, run_after=2022-06-24T07:14:47.349152+00:00
[2022-06-24 07:14:47,362] {processor.py:161} INFO - Processing /home/airflow/.local/lib/python3.7/site-packages/airflow/example_dags/example_short_circuit_operator.py took 0.069 seconds
[2022-06-24 07:15:17,798] {processor.py:153} INFO - Started process (PID=7494) to work on /home/airflow/.local/lib/python3.7/site-packages/airflow/example_dags/example_short_circuit_operator.py
[2022-06-24 07:15:17,799] {processor.py:641} INFO - Processing file /home/airflow/.local/lib/python3.7/site-packages/airflow/example_dags/example_short_circuit_operator.py for tasks to queue
[2022-06-24 07:15:17,800] {logging_mixin.py:115} INFO - [2022-06-24 07:15:17,800] {dagbag.py:507} INFO - Filling up the DagBag from /home/airflow/.local/lib/python3.7/site-packages/airflow/example_dags/example_short_circuit_operator.py
[2022-06-24 07:15:17,812] {processor.py:651} INFO - DAG(s) dict_keys(['example_short_circuit_operator']) retrieved from /home/airflow/.local/lib/python3.7/site-packages/airflow/example_dags/example_short_circuit_operator.py
[2022-06-24 07:15:17,836] {logging_mixin.py:115} INFO - [2022-06-24 07:15:17,836] {dag.py:2379} INFO - Sync 1 DAGs
[2022-06-24 07:15:17,855] {logging_mixin.py:115} INFO - [2022-06-24 07:15:17,855] {dag.py:2931} INFO - Setting next_dagrun for example_short_circuit_operator to 2022-06-23T07:15:17.854965+00:00, run_after=2022-06-24T07:15:17.854965+00:00
[2022-06-24 07:15:17,870] {processor.py:161} INFO - Processing /home/airflow/.local/lib/python3.7/site-packages/airflow/example_dags/example_short_circuit_operator.py took 0.075 seconds
[2022-06-24 07:15:48,091] {processor.py:153} INFO - Started process (PID=7549) to work on /home/airflow/.local/lib/python3.7/site-packages/airflow/example_dags/example_short_circuit_operator.py
[2022-06-24 07:15:48,092] {processor.py:641} INFO - Processing file /home/airflow/.local/lib/python3.7/site-packages/airflow/example_dags/example_short_circuit_operator.py for tasks to queue
[2022-06-24 07:15:48,093] {logging_mixin.py:115} INFO - [2022-06-24 07:15:48,093] {dagbag.py:507} INFO - Filling up the DagBag from /home/airflow/.local/lib/python3.7/site-packages/airflow/example_dags/example_short_circuit_operator.py
[2022-06-24 07:15:48,106] {processor.py:651} INFO - DAG(s) dict_keys(['example_short_circuit_operator']) retrieved from /home/airflow/.local/lib/python3.7/site-packages/airflow/example_dags/example_short_circuit_operator.py
[2022-06-24 07:15:48,134] {logging_mixin.py:115} INFO - [2022-06-24 07:15:48,133] {dag.py:2379} INFO - Sync 1 DAGs
[2022-06-24 07:15:48,151] {logging_mixin.py:115} INFO - [2022-06-24 07:15:48,151] {dag.py:2931} INFO - Setting next_dagrun for example_short_circuit_operator to 2022-06-23T07:15:48.150904+00:00, run_after=2022-06-24T07:15:48.150904+00:00
[2022-06-24 07:15:48,169] {processor.py:161} INFO - Processing /home/airflow/.local/lib/python3.7/site-packages/airflow/example_dags/example_short_circuit_operator.py took 0.082 seconds
[2022-06-24 07:16:18,711] {processor.py:153} INFO - Started process (PID=7613) to work on /home/airflow/.local/lib/python3.7/site-packages/airflow/example_dags/example_short_circuit_operator.py
[2022-06-24 07:16:18,711] {processor.py:641} INFO - Processing file /home/airflow/.local/lib/python3.7/site-packages/airflow/example_dags/example_short_circuit_operator.py for tasks to queue
[2022-06-24 07:16:18,712] {logging_mixin.py:115} INFO - [2022-06-24 07:16:18,712] {dagbag.py:507} INFO - Filling up the DagBag from /home/airflow/.local/lib/python3.7/site-packages/airflow/example_dags/example_short_circuit_operator.py
[2022-06-24 07:16:18,728] {processor.py:651} INFO - DAG(s) dict_keys(['example_short_circuit_operator']) retrieved from /home/airflow/.local/lib/python3.7/site-packages/airflow/example_dags/example_short_circuit_operator.py
[2022-06-24 07:16:18,752] {logging_mixin.py:115} INFO - [2022-06-24 07:16:18,752] {dag.py:2379} INFO - Sync 1 DAGs
[2022-06-24 07:16:18,770] {logging_mixin.py:115} INFO - [2022-06-24 07:16:18,770] {dag.py:2931} INFO - Setting next_dagrun for example_short_circuit_operator to 2022-06-23T07:16:18.770048+00:00, run_after=2022-06-24T07:16:18.770048+00:00
[2022-06-24 07:16:18,783] {processor.py:161} INFO - Processing /home/airflow/.local/lib/python3.7/site-packages/airflow/example_dags/example_short_circuit_operator.py took 0.076 seconds
[2022-06-24 07:16:49,201] {processor.py:153} INFO - Started process (PID=7677) to work on /home/airflow/.local/lib/python3.7/site-packages/airflow/example_dags/example_short_circuit_operator.py
[2022-06-24 07:16:49,202] {processor.py:641} INFO - Processing file /home/airflow/.local/lib/python3.7/site-packages/airflow/example_dags/example_short_circuit_operator.py for tasks to queue
[2022-06-24 07:16:49,203] {logging_mixin.py:115} INFO - [2022-06-24 07:16:49,203] {dagbag.py:507} INFO - Filling up the DagBag from /home/airflow/.local/lib/python3.7/site-packages/airflow/example_dags/example_short_circuit_operator.py
[2022-06-24 07:16:49,214] {processor.py:651} INFO - DAG(s) dict_keys(['example_short_circuit_operator']) retrieved from /home/airflow/.local/lib/python3.7/site-packages/airflow/example_dags/example_short_circuit_operator.py
[2022-06-24 07:16:49,243] {logging_mixin.py:115} INFO - [2022-06-24 07:16:49,243] {dag.py:2379} INFO - Sync 1 DAGs
[2022-06-24 07:16:49,261] {logging_mixin.py:115} INFO - [2022-06-24 07:16:49,261] {dag.py:2931} INFO - Setting next_dagrun for example_short_circuit_operator to 2022-06-23T07:16:49.260972+00:00, run_after=2022-06-24T07:16:49.260972+00:00
[2022-06-24 07:16:49,278] {processor.py:161} INFO - Processing /home/airflow/.local/lib/python3.7/site-packages/airflow/example_dags/example_short_circuit_operator.py took 0.082 seconds
[2022-06-24 07:17:19,729] {processor.py:153} INFO - Started process (PID=7732) to work on /home/airflow/.local/lib/python3.7/site-packages/airflow/example_dags/example_short_circuit_operator.py
[2022-06-24 07:17:19,730] {processor.py:641} INFO - Processing file /home/airflow/.local/lib/python3.7/site-packages/airflow/example_dags/example_short_circuit_operator.py for tasks to queue
[2022-06-24 07:17:19,731] {logging_mixin.py:115} INFO - [2022-06-24 07:17:19,731] {dagbag.py:507} INFO - Filling up the DagBag from /home/airflow/.local/lib/python3.7/site-packages/airflow/example_dags/example_short_circuit_operator.py
[2022-06-24 07:17:19,744] {processor.py:651} INFO - DAG(s) dict_keys(['example_short_circuit_operator']) retrieved from /home/airflow/.local/lib/python3.7/site-packages/airflow/example_dags/example_short_circuit_operator.py
[2022-06-24 07:17:19,770] {logging_mixin.py:115} INFO - [2022-06-24 07:17:19,769] {dag.py:2379} INFO - Sync 1 DAGs
[2022-06-24 07:17:19,786] {logging_mixin.py:115} INFO - [2022-06-24 07:17:19,786] {dag.py:2931} INFO - Setting next_dagrun for example_short_circuit_operator to 2022-06-23T07:17:19.785843+00:00, run_after=2022-06-24T07:17:19.785843+00:00
[2022-06-24 07:17:19,800] {processor.py:161} INFO - Processing /home/airflow/.local/lib/python3.7/site-packages/airflow/example_dags/example_short_circuit_operator.py took 0.075 seconds
[2022-06-24 07:17:50,404] {processor.py:153} INFO - Started process (PID=7796) to work on /home/airflow/.local/lib/python3.7/site-packages/airflow/example_dags/example_short_circuit_operator.py
[2022-06-24 07:17:50,405] {processor.py:641} INFO - Processing file /home/airflow/.local/lib/python3.7/site-packages/airflow/example_dags/example_short_circuit_operator.py for tasks to queue
[2022-06-24 07:17:50,406] {logging_mixin.py:115} INFO - [2022-06-24 07:17:50,406] {dagbag.py:507} INFO - Filling up the DagBag from /home/airflow/.local/lib/python3.7/site-packages/airflow/example_dags/example_short_circuit_operator.py
[2022-06-24 07:17:50,417] {processor.py:651} INFO - DAG(s) dict_keys(['example_short_circuit_operator']) retrieved from /home/airflow/.local/lib/python3.7/site-packages/airflow/example_dags/example_short_circuit_operator.py
[2022-06-24 07:17:50,444] {logging_mixin.py:115} INFO - [2022-06-24 07:17:50,444] {dag.py:2379} INFO - Sync 1 DAGs
[2022-06-24 07:17:50,462] {logging_mixin.py:115} INFO - [2022-06-24 07:17:50,461] {dag.py:2931} INFO - Setting next_dagrun for example_short_circuit_operator to 2022-06-23T07:17:50.461741+00:00, run_after=2022-06-24T07:17:50.461741+00:00
[2022-06-24 07:17:50,473] {processor.py:161} INFO - Processing /home/airflow/.local/lib/python3.7/site-packages/airflow/example_dags/example_short_circuit_operator.py took 0.073 seconds
[2022-06-24 07:18:21,121] {processor.py:153} INFO - Started process (PID=7860) to work on /home/airflow/.local/lib/python3.7/site-packages/airflow/example_dags/example_short_circuit_operator.py
[2022-06-24 07:18:21,122] {processor.py:641} INFO - Processing file /home/airflow/.local/lib/python3.7/site-packages/airflow/example_dags/example_short_circuit_operator.py for tasks to queue
[2022-06-24 07:18:21,123] {logging_mixin.py:115} INFO - [2022-06-24 07:18:21,123] {dagbag.py:507} INFO - Filling up the DagBag from /home/airflow/.local/lib/python3.7/site-packages/airflow/example_dags/example_short_circuit_operator.py
[2022-06-24 07:18:21,138] {processor.py:651} INFO - DAG(s) dict_keys(['example_short_circuit_operator']) retrieved from /home/airflow/.local/lib/python3.7/site-packages/airflow/example_dags/example_short_circuit_operator.py
[2022-06-24 07:18:21,164] {logging_mixin.py:115} INFO - [2022-06-24 07:18:21,164] {dag.py:2379} INFO - Sync 1 DAGs
[2022-06-24 07:18:21,182] {logging_mixin.py:115} INFO - [2022-06-24 07:18:21,182] {dag.py:2931} INFO - Setting next_dagrun for example_short_circuit_operator to 2022-06-23T07:18:21.181798+00:00, run_after=2022-06-24T07:18:21.181798+00:00
[2022-06-24 07:18:21,197] {processor.py:161} INFO - Processing /home/airflow/.local/lib/python3.7/site-packages/airflow/example_dags/example_short_circuit_operator.py took 0.079 seconds
[2022-06-24 07:18:51,874] {processor.py:153} INFO - Started process (PID=7923) to work on /home/airflow/.local/lib/python3.7/site-packages/airflow/example_dags/example_short_circuit_operator.py
[2022-06-24 07:18:51,875] {processor.py:641} INFO - Processing file /home/airflow/.local/lib/python3.7/site-packages/airflow/example_dags/example_short_circuit_operator.py for tasks to queue
[2022-06-24 07:18:51,876] {logging_mixin.py:115} INFO - [2022-06-24 07:18:51,876] {dagbag.py:507} INFO - Filling up the DagBag from /home/airflow/.local/lib/python3.7/site-packages/airflow/example_dags/example_short_circuit_operator.py
[2022-06-24 07:18:51,888] {processor.py:651} INFO - DAG(s) dict_keys(['example_short_circuit_operator']) retrieved from /home/airflow/.local/lib/python3.7/site-packages/airflow/example_dags/example_short_circuit_operator.py
[2022-06-24 07:18:51,919] {logging_mixin.py:115} INFO - [2022-06-24 07:18:51,919] {dag.py:2379} INFO - Sync 1 DAGs
[2022-06-24 07:18:51,943] {logging_mixin.py:115} INFO - [2022-06-24 07:18:51,943] {dag.py:2931} INFO - Setting next_dagrun for example_short_circuit_operator to 2022-06-23T07:18:51.943058+00:00, run_after=2022-06-24T07:18:51.943058+00:00
[2022-06-24 07:18:51,956] {processor.py:161} INFO - Processing /home/airflow/.local/lib/python3.7/site-packages/airflow/example_dags/example_short_circuit_operator.py took 0.086 seconds
[2022-06-24 07:19:22,582] {processor.py:153} INFO - Started process (PID=7980) to work on /home/airflow/.local/lib/python3.7/site-packages/airflow/example_dags/example_short_circuit_operator.py
[2022-06-24 07:19:22,583] {processor.py:641} INFO - Processing file /home/airflow/.local/lib/python3.7/site-packages/airflow/example_dags/example_short_circuit_operator.py for tasks to queue
[2022-06-24 07:19:22,584] {logging_mixin.py:115} INFO - [2022-06-24 07:19:22,584] {dagbag.py:507} INFO - Filling up the DagBag from /home/airflow/.local/lib/python3.7/site-packages/airflow/example_dags/example_short_circuit_operator.py
[2022-06-24 07:19:22,593] {processor.py:651} INFO - DAG(s) dict_keys(['example_short_circuit_operator']) retrieved from /home/airflow/.local/lib/python3.7/site-packages/airflow/example_dags/example_short_circuit_operator.py
[2022-06-24 07:19:22,616] {logging_mixin.py:115} INFO - [2022-06-24 07:19:22,616] {dag.py:2379} INFO - Sync 1 DAGs
[2022-06-24 07:19:22,632] {logging_mixin.py:115} INFO - [2022-06-24 07:19:22,632] {dag.py:2931} INFO - Setting next_dagrun for example_short_circuit_operator to 2022-06-23T07:19:22.632656+00:00, run_after=2022-06-24T07:19:22.632656+00:00
[2022-06-24 07:19:22,646] {processor.py:161} INFO - Processing /home/airflow/.local/lib/python3.7/site-packages/airflow/example_dags/example_short_circuit_operator.py took 0.068 seconds
[2022-06-24 07:19:52,904] {processor.py:153} INFO - Started process (PID=8044) to work on /home/airflow/.local/lib/python3.7/site-packages/airflow/example_dags/example_short_circuit_operator.py
[2022-06-24 07:19:52,905] {processor.py:641} INFO - Processing file /home/airflow/.local/lib/python3.7/site-packages/airflow/example_dags/example_short_circuit_operator.py for tasks to queue
[2022-06-24 07:19:52,906] {logging_mixin.py:115} INFO - [2022-06-24 07:19:52,906] {dagbag.py:507} INFO - Filling up the DagBag from /home/airflow/.local/lib/python3.7/site-packages/airflow/example_dags/example_short_circuit_operator.py
[2022-06-24 07:19:52,914] {processor.py:651} INFO - DAG(s) dict_keys(['example_short_circuit_operator']) retrieved from /home/airflow/.local/lib/python3.7/site-packages/airflow/example_dags/example_short_circuit_operator.py
[2022-06-24 07:19:52,938] {logging_mixin.py:115} INFO - [2022-06-24 07:19:52,937] {dag.py:2379} INFO - Sync 1 DAGs
[2022-06-24 07:19:52,952] {logging_mixin.py:115} INFO - [2022-06-24 07:19:52,952] {dag.py:2931} INFO - Setting next_dagrun for example_short_circuit_operator to 2022-06-23T07:19:52.952702+00:00, run_after=2022-06-24T07:19:52.952702+00:00
[2022-06-24 07:19:52,967] {processor.py:161} INFO - Processing /home/airflow/.local/lib/python3.7/site-packages/airflow/example_dags/example_short_circuit_operator.py took 0.067 seconds
[2022-06-24 07:20:23,415] {processor.py:153} INFO - Started process (PID=8108) to work on /home/airflow/.local/lib/python3.7/site-packages/airflow/example_dags/example_short_circuit_operator.py
[2022-06-24 07:20:23,416] {processor.py:641} INFO - Processing file /home/airflow/.local/lib/python3.7/site-packages/airflow/example_dags/example_short_circuit_operator.py for tasks to queue
[2022-06-24 07:20:23,417] {logging_mixin.py:115} INFO - [2022-06-24 07:20:23,417] {dagbag.py:507} INFO - Filling up the DagBag from /home/airflow/.local/lib/python3.7/site-packages/airflow/example_dags/example_short_circuit_operator.py
[2022-06-24 07:20:23,429] {processor.py:651} INFO - DAG(s) dict_keys(['example_short_circuit_operator']) retrieved from /home/airflow/.local/lib/python3.7/site-packages/airflow/example_dags/example_short_circuit_operator.py
[2022-06-24 07:20:23,456] {logging_mixin.py:115} INFO - [2022-06-24 07:20:23,456] {dag.py:2379} INFO - Sync 1 DAGs
[2022-06-24 07:20:23,475] {logging_mixin.py:115} INFO - [2022-06-24 07:20:23,474] {dag.py:2931} INFO - Setting next_dagrun for example_short_circuit_operator to 2022-06-23T07:20:23.474652+00:00, run_after=2022-06-24T07:20:23.474652+00:00
[2022-06-24 07:20:23,488] {processor.py:161} INFO - Processing /home/airflow/.local/lib/python3.7/site-packages/airflow/example_dags/example_short_circuit_operator.py took 0.077 seconds
[2022-06-24 07:20:53,631] {processor.py:153} INFO - Started process (PID=8163) to work on /home/airflow/.local/lib/python3.7/site-packages/airflow/example_dags/example_short_circuit_operator.py
[2022-06-24 07:20:53,632] {processor.py:641} INFO - Processing file /home/airflow/.local/lib/python3.7/site-packages/airflow/example_dags/example_short_circuit_operator.py for tasks to queue
[2022-06-24 07:20:53,633] {logging_mixin.py:115} INFO - [2022-06-24 07:20:53,633] {dagbag.py:507} INFO - Filling up the DagBag from /home/airflow/.local/lib/python3.7/site-packages/airflow/example_dags/example_short_circuit_operator.py
[2022-06-24 07:20:53,642] {processor.py:651} INFO - DAG(s) dict_keys(['example_short_circuit_operator']) retrieved from /home/airflow/.local/lib/python3.7/site-packages/airflow/example_dags/example_short_circuit_operator.py
[2022-06-24 07:20:53,683] {logging_mixin.py:115} INFO - [2022-06-24 07:20:53,683] {dag.py:2379} INFO - Sync 1 DAGs
[2022-06-24 07:20:53,710] {logging_mixin.py:115} INFO - [2022-06-24 07:20:53,710] {dag.py:2931} INFO - Setting next_dagrun for example_short_circuit_operator to 2022-06-23T07:20:53.710027+00:00, run_after=2022-06-24T07:20:53.710027+00:00
[2022-06-24 07:20:53,730] {processor.py:161} INFO - Processing /home/airflow/.local/lib/python3.7/site-packages/airflow/example_dags/example_short_circuit_operator.py took 0.103 seconds
[2022-06-24 07:21:24,370] {processor.py:153} INFO - Started process (PID=8227) to work on /home/airflow/.local/lib/python3.7/site-packages/airflow/example_dags/example_short_circuit_operator.py
[2022-06-24 07:21:24,371] {processor.py:641} INFO - Processing file /home/airflow/.local/lib/python3.7/site-packages/airflow/example_dags/example_short_circuit_operator.py for tasks to queue
[2022-06-24 07:21:24,372] {logging_mixin.py:115} INFO - [2022-06-24 07:21:24,372] {dagbag.py:507} INFO - Filling up the DagBag from /home/airflow/.local/lib/python3.7/site-packages/airflow/example_dags/example_short_circuit_operator.py
[2022-06-24 07:21:24,384] {processor.py:651} INFO - DAG(s) dict_keys(['example_short_circuit_operator']) retrieved from /home/airflow/.local/lib/python3.7/site-packages/airflow/example_dags/example_short_circuit_operator.py
[2022-06-24 07:21:24,414] {logging_mixin.py:115} INFO - [2022-06-24 07:21:24,414] {dag.py:2379} INFO - Sync 1 DAGs
[2022-06-24 07:21:24,431] {logging_mixin.py:115} INFO - [2022-06-24 07:21:24,431] {dag.py:2931} INFO - Setting next_dagrun for example_short_circuit_operator to 2022-06-23T07:21:24.430988+00:00, run_after=2022-06-24T07:21:24.430988+00:00
[2022-06-24 07:21:24,445] {processor.py:161} INFO - Processing /home/airflow/.local/lib/python3.7/site-packages/airflow/example_dags/example_short_circuit_operator.py took 0.079 seconds
[2022-06-24 07:21:54,962] {processor.py:153} INFO - Started process (PID=8291) to work on /home/airflow/.local/lib/python3.7/site-packages/airflow/example_dags/example_short_circuit_operator.py
[2022-06-24 07:21:54,964] {processor.py:641} INFO - Processing file /home/airflow/.local/lib/python3.7/site-packages/airflow/example_dags/example_short_circuit_operator.py for tasks to queue
[2022-06-24 07:21:54,964] {logging_mixin.py:115} INFO - [2022-06-24 07:21:54,964] {dagbag.py:507} INFO - Filling up the DagBag from /home/airflow/.local/lib/python3.7/site-packages/airflow/example_dags/example_short_circuit_operator.py
[2022-06-24 07:21:54,973] {processor.py:651} INFO - DAG(s) dict_keys(['example_short_circuit_operator']) retrieved from /home/airflow/.local/lib/python3.7/site-packages/airflow/example_dags/example_short_circuit_operator.py
[2022-06-24 07:21:55,031] {logging_mixin.py:115} INFO - [2022-06-24 07:21:55,031] {dag.py:2379} INFO - Sync 1 DAGs
[2022-06-24 07:21:55,069] {logging_mixin.py:115} INFO - [2022-06-24 07:21:55,069] {dag.py:2931} INFO - Setting next_dagrun for example_short_circuit_operator to 2022-06-23T07:21:55.069342+00:00, run_after=2022-06-24T07:21:55.069342+00:00
[2022-06-24 07:21:55,088] {processor.py:161} INFO - Processing /home/airflow/.local/lib/python3.7/site-packages/airflow/example_dags/example_short_circuit_operator.py took 0.129 seconds
[2022-06-24 07:22:25,512] {processor.py:153} INFO - Started process (PID=8353) to work on /home/airflow/.local/lib/python3.7/site-packages/airflow/example_dags/example_short_circuit_operator.py
[2022-06-24 07:22:25,513] {processor.py:641} INFO - Processing file /home/airflow/.local/lib/python3.7/site-packages/airflow/example_dags/example_short_circuit_operator.py for tasks to queue
[2022-06-24 07:22:25,514] {logging_mixin.py:115} INFO - [2022-06-24 07:22:25,514] {dagbag.py:507} INFO - Filling up the DagBag from /home/airflow/.local/lib/python3.7/site-packages/airflow/example_dags/example_short_circuit_operator.py
[2022-06-24 07:22:25,522] {processor.py:651} INFO - DAG(s) dict_keys(['example_short_circuit_operator']) retrieved from /home/airflow/.local/lib/python3.7/site-packages/airflow/example_dags/example_short_circuit_operator.py
[2022-06-24 07:22:25,551] {logging_mixin.py:115} INFO - [2022-06-24 07:22:25,550] {dag.py:2379} INFO - Sync 1 DAGs
[2022-06-24 07:22:25,575] {logging_mixin.py:115} INFO - [2022-06-24 07:22:25,575] {dag.py:2931} INFO - Setting next_dagrun for example_short_circuit_operator to 2022-06-23T07:22:25.575460+00:00, run_after=2022-06-24T07:22:25.575460+00:00
[2022-06-24 07:22:25,594] {processor.py:161} INFO - Processing /home/airflow/.local/lib/python3.7/site-packages/airflow/example_dags/example_short_circuit_operator.py took 0.085 seconds
[2022-06-24 07:22:56,027] {processor.py:153} INFO - Started process (PID=8410) to work on /home/airflow/.local/lib/python3.7/site-packages/airflow/example_dags/example_short_circuit_operator.py
[2022-06-24 07:22:56,028] {processor.py:641} INFO - Processing file /home/airflow/.local/lib/python3.7/site-packages/airflow/example_dags/example_short_circuit_operator.py for tasks to queue
[2022-06-24 07:22:56,028] {logging_mixin.py:115} INFO - [2022-06-24 07:22:56,028] {dagbag.py:507} INFO - Filling up the DagBag from /home/airflow/.local/lib/python3.7/site-packages/airflow/example_dags/example_short_circuit_operator.py
[2022-06-24 07:22:56,039] {processor.py:651} INFO - DAG(s) dict_keys(['example_short_circuit_operator']) retrieved from /home/airflow/.local/lib/python3.7/site-packages/airflow/example_dags/example_short_circuit_operator.py
[2022-06-24 07:22:56,071] {logging_mixin.py:115} INFO - [2022-06-24 07:22:56,071] {dag.py:2379} INFO - Sync 1 DAGs
[2022-06-24 07:22:56,093] {logging_mixin.py:115} INFO - [2022-06-24 07:22:56,092] {dag.py:2931} INFO - Setting next_dagrun for example_short_circuit_operator to 2022-06-23T07:22:56.092738+00:00, run_after=2022-06-24T07:22:56.092738+00:00
[2022-06-24 07:22:56,107] {processor.py:161} INFO - Processing /home/airflow/.local/lib/python3.7/site-packages/airflow/example_dags/example_short_circuit_operator.py took 0.085 seconds
[2022-06-24 07:23:26,281] {processor.py:153} INFO - Started process (PID=8474) to work on /home/airflow/.local/lib/python3.7/site-packages/airflow/example_dags/example_short_circuit_operator.py
[2022-06-24 07:23:26,282] {processor.py:641} INFO - Processing file /home/airflow/.local/lib/python3.7/site-packages/airflow/example_dags/example_short_circuit_operator.py for tasks to queue
[2022-06-24 07:23:26,283] {logging_mixin.py:115} INFO - [2022-06-24 07:23:26,283] {dagbag.py:507} INFO - Filling up the DagBag from /home/airflow/.local/lib/python3.7/site-packages/airflow/example_dags/example_short_circuit_operator.py
[2022-06-24 07:23:26,291] {processor.py:651} INFO - DAG(s) dict_keys(['example_short_circuit_operator']) retrieved from /home/airflow/.local/lib/python3.7/site-packages/airflow/example_dags/example_short_circuit_operator.py
[2022-06-24 07:23:26,352] {logging_mixin.py:115} INFO - [2022-06-24 07:23:26,352] {dag.py:2379} INFO - Sync 1 DAGs
[2022-06-24 07:23:26,375] {logging_mixin.py:115} INFO - [2022-06-24 07:23:26,374] {dag.py:2931} INFO - Setting next_dagrun for example_short_circuit_operator to 2022-06-23T07:23:26.374625+00:00, run_after=2022-06-24T07:23:26.374625+00:00
[2022-06-24 07:23:26,392] {processor.py:161} INFO - Processing /home/airflow/.local/lib/python3.7/site-packages/airflow/example_dags/example_short_circuit_operator.py took 0.115 seconds
[2022-06-24 07:23:56,669] {processor.py:153} INFO - Started process (PID=8538) to work on /home/airflow/.local/lib/python3.7/site-packages/airflow/example_dags/example_short_circuit_operator.py
[2022-06-24 07:23:56,670] {processor.py:641} INFO - Processing file /home/airflow/.local/lib/python3.7/site-packages/airflow/example_dags/example_short_circuit_operator.py for tasks to queue
[2022-06-24 07:23:56,671] {logging_mixin.py:115} INFO - [2022-06-24 07:23:56,671] {dagbag.py:507} INFO - Filling up the DagBag from /home/airflow/.local/lib/python3.7/site-packages/airflow/example_dags/example_short_circuit_operator.py
[2022-06-24 07:23:56,680] {processor.py:651} INFO - DAG(s) dict_keys(['example_short_circuit_operator']) retrieved from /home/airflow/.local/lib/python3.7/site-packages/airflow/example_dags/example_short_circuit_operator.py
[2022-06-24 07:23:56,707] {logging_mixin.py:115} INFO - [2022-06-24 07:23:56,707] {dag.py:2379} INFO - Sync 1 DAGs
[2022-06-24 07:23:56,724] {logging_mixin.py:115} INFO - [2022-06-24 07:23:56,724] {dag.py:2931} INFO - Setting next_dagrun for example_short_circuit_operator to 2022-06-23T07:23:56.724032+00:00, run_after=2022-06-24T07:23:56.724032+00:00
[2022-06-24 07:23:56,739] {processor.py:161} INFO - Processing /home/airflow/.local/lib/python3.7/site-packages/airflow/example_dags/example_short_circuit_operator.py took 0.074 seconds
[2022-06-24 07:24:27,135] {processor.py:153} INFO - Started process (PID=8594) to work on /home/airflow/.local/lib/python3.7/site-packages/airflow/example_dags/example_short_circuit_operator.py
[2022-06-24 07:24:27,136] {processor.py:641} INFO - Processing file /home/airflow/.local/lib/python3.7/site-packages/airflow/example_dags/example_short_circuit_operator.py for tasks to queue
[2022-06-24 07:24:27,137] {logging_mixin.py:115} INFO - [2022-06-24 07:24:27,137] {dagbag.py:507} INFO - Filling up the DagBag from /home/airflow/.local/lib/python3.7/site-packages/airflow/example_dags/example_short_circuit_operator.py
[2022-06-24 07:24:27,148] {processor.py:651} INFO - DAG(s) dict_keys(['example_short_circuit_operator']) retrieved from /home/airflow/.local/lib/python3.7/site-packages/airflow/example_dags/example_short_circuit_operator.py
[2022-06-24 07:24:27,181] {logging_mixin.py:115} INFO - [2022-06-24 07:24:27,180] {dag.py:2379} INFO - Sync 1 DAGs
[2022-06-24 07:24:27,204] {logging_mixin.py:115} INFO - [2022-06-24 07:24:27,204] {dag.py:2931} INFO - Setting next_dagrun for example_short_circuit_operator to 2022-06-23T07:24:27.204042+00:00, run_after=2022-06-24T07:24:27.204042+00:00
[2022-06-24 07:24:27,218] {processor.py:161} INFO - Processing /home/airflow/.local/lib/python3.7/site-packages/airflow/example_dags/example_short_circuit_operator.py took 0.087 seconds
[2022-06-24 07:24:57,747] {processor.py:153} INFO - Started process (PID=8658) to work on /home/airflow/.local/lib/python3.7/site-packages/airflow/example_dags/example_short_circuit_operator.py
[2022-06-24 07:24:57,748] {processor.py:641} INFO - Processing file /home/airflow/.local/lib/python3.7/site-packages/airflow/example_dags/example_short_circuit_operator.py for tasks to queue
[2022-06-24 07:24:57,749] {logging_mixin.py:115} INFO - [2022-06-24 07:24:57,749] {dagbag.py:507} INFO - Filling up the DagBag from /home/airflow/.local/lib/python3.7/site-packages/airflow/example_dags/example_short_circuit_operator.py
[2022-06-24 07:24:57,759] {processor.py:651} INFO - DAG(s) dict_keys(['example_short_circuit_operator']) retrieved from /home/airflow/.local/lib/python3.7/site-packages/airflow/example_dags/example_short_circuit_operator.py
[2022-06-24 07:24:57,784] {logging_mixin.py:115} INFO - [2022-06-24 07:24:57,784] {dag.py:2379} INFO - Sync 1 DAGs
[2022-06-24 07:24:57,799] {logging_mixin.py:115} INFO - [2022-06-24 07:24:57,799] {dag.py:2931} INFO - Setting next_dagrun for example_short_circuit_operator to 2022-06-23T07:24:57.799337+00:00, run_after=2022-06-24T07:24:57.799337+00:00
[2022-06-24 07:24:57,814] {processor.py:161} INFO - Processing /home/airflow/.local/lib/python3.7/site-packages/airflow/example_dags/example_short_circuit_operator.py took 0.069 seconds
[2022-06-24 07:25:28,139] {processor.py:153} INFO - Started process (PID=8722) to work on /home/airflow/.local/lib/python3.7/site-packages/airflow/example_dags/example_short_circuit_operator.py
[2022-06-24 07:25:28,140] {processor.py:641} INFO - Processing file /home/airflow/.local/lib/python3.7/site-packages/airflow/example_dags/example_short_circuit_operator.py for tasks to queue
[2022-06-24 07:25:28,141] {logging_mixin.py:115} INFO - [2022-06-24 07:25:28,141] {dagbag.py:507} INFO - Filling up the DagBag from /home/airflow/.local/lib/python3.7/site-packages/airflow/example_dags/example_short_circuit_operator.py
[2022-06-24 07:25:28,152] {processor.py:651} INFO - DAG(s) dict_keys(['example_short_circuit_operator']) retrieved from /home/airflow/.local/lib/python3.7/site-packages/airflow/example_dags/example_short_circuit_operator.py
[2022-06-24 07:25:28,177] {logging_mixin.py:115} INFO - [2022-06-24 07:25:28,177] {dag.py:2379} INFO - Sync 1 DAGs
[2022-06-24 07:25:28,191] {logging_mixin.py:115} INFO - [2022-06-24 07:25:28,191] {dag.py:2931} INFO - Setting next_dagrun for example_short_circuit_operator to 2022-06-23T07:25:28.191442+00:00, run_after=2022-06-24T07:25:28.191442+00:00
[2022-06-24 07:25:28,206] {processor.py:161} INFO - Processing /home/airflow/.local/lib/python3.7/site-packages/airflow/example_dags/example_short_circuit_operator.py took 0.071 seconds
[2022-06-24 07:25:58,453] {processor.py:153} INFO - Started process (PID=8777) to work on /home/airflow/.local/lib/python3.7/site-packages/airflow/example_dags/example_short_circuit_operator.py
[2022-06-24 07:25:58,454] {processor.py:641} INFO - Processing file /home/airflow/.local/lib/python3.7/site-packages/airflow/example_dags/example_short_circuit_operator.py for tasks to queue
[2022-06-24 07:25:58,455] {logging_mixin.py:115} INFO - [2022-06-24 07:25:58,455] {dagbag.py:507} INFO - Filling up the DagBag from /home/airflow/.local/lib/python3.7/site-packages/airflow/example_dags/example_short_circuit_operator.py
[2022-06-24 07:25:58,464] {processor.py:651} INFO - DAG(s) dict_keys(['example_short_circuit_operator']) retrieved from /home/airflow/.local/lib/python3.7/site-packages/airflow/example_dags/example_short_circuit_operator.py
[2022-06-24 07:25:58,491] {logging_mixin.py:115} INFO - [2022-06-24 07:25:58,491] {dag.py:2379} INFO - Sync 1 DAGs
[2022-06-24 07:25:58,509] {logging_mixin.py:115} INFO - [2022-06-24 07:25:58,509] {dag.py:2931} INFO - Setting next_dagrun for example_short_circuit_operator to 2022-06-23T07:25:58.508838+00:00, run_after=2022-06-24T07:25:58.508838+00:00
[2022-06-24 07:25:58,521] {processor.py:161} INFO - Processing /home/airflow/.local/lib/python3.7/site-packages/airflow/example_dags/example_short_circuit_operator.py took 0.072 seconds
