[2022-06-24 06:58:33,321] {processor.py:153} INFO - Started process (PID=5478) to work on /home/airflow/.local/lib/python3.7/site-packages/airflow/example_dags/example_branch_day_of_week_operator.py
[2022-06-24 06:58:33,322] {processor.py:641} INFO - Processing file /home/airflow/.local/lib/python3.7/site-packages/airflow/example_dags/example_branch_day_of_week_operator.py for tasks to queue
[2022-06-24 06:58:33,323] {logging_mixin.py:115} INFO - [2022-06-24 06:58:33,323] {dagbag.py:507} INFO - Filling up the DagBag from /home/airflow/.local/lib/python3.7/site-packages/airflow/example_dags/example_branch_day_of_week_operator.py
[2022-06-24 06:58:33,333] {processor.py:651} INFO - DAG(s) dict_keys(['example_weekday_branch_operator']) retrieved from /home/airflow/.local/lib/python3.7/site-packages/airflow/example_dags/example_branch_day_of_week_operator.py
[2022-06-24 06:58:33,377] {logging_mixin.py:115} INFO - [2022-06-24 06:58:33,377] {dag.py:2379} INFO - Sync 1 DAGs
[2022-06-24 06:58:33,409] {logging_mixin.py:115} INFO - [2022-06-24 06:58:33,409] {dag.py:2931} INFO - Setting next_dagrun for example_weekday_branch_operator to 2022-06-23T00:00:00+00:00, run_after=2022-06-24T00:00:00+00:00
[2022-06-24 06:58:33,431] {processor.py:161} INFO - Processing /home/airflow/.local/lib/python3.7/site-packages/airflow/example_dags/example_branch_day_of_week_operator.py took 0.113 seconds
[2022-06-24 06:59:05,437] {processor.py:153} INFO - Started process (PID=5533) to work on /home/airflow/.local/lib/python3.7/site-packages/airflow/example_dags/example_branch_day_of_week_operator.py
[2022-06-24 06:59:05,439] {processor.py:641} INFO - Processing file /home/airflow/.local/lib/python3.7/site-packages/airflow/example_dags/example_branch_day_of_week_operator.py for tasks to queue
[2022-06-24 06:59:05,444] {logging_mixin.py:115} INFO - [2022-06-24 06:59:05,444] {dagbag.py:507} INFO - Filling up the DagBag from /home/airflow/.local/lib/python3.7/site-packages/airflow/example_dags/example_branch_day_of_week_operator.py
[2022-06-24 06:59:05,457] {processor.py:651} INFO - DAG(s) dict_keys(['example_weekday_branch_operator']) retrieved from /home/airflow/.local/lib/python3.7/site-packages/airflow/example_dags/example_branch_day_of_week_operator.py
[2022-06-24 06:59:05,495] {logging_mixin.py:115} INFO - [2022-06-24 06:59:05,495] {dag.py:2379} INFO - Sync 1 DAGs
[2022-06-24 06:59:05,535] {logging_mixin.py:115} INFO - [2022-06-24 06:59:05,534] {dag.py:2931} INFO - Setting next_dagrun for example_weekday_branch_operator to 2022-06-23T00:00:00+00:00, run_after=2022-06-24T00:00:00+00:00
[2022-06-24 06:59:05,578] {processor.py:161} INFO - Processing /home/airflow/.local/lib/python3.7/site-packages/airflow/example_dags/example_branch_day_of_week_operator.py took 0.145 seconds
[2022-06-24 06:59:35,910] {processor.py:153} INFO - Started process (PID=5589) to work on /home/airflow/.local/lib/python3.7/site-packages/airflow/example_dags/example_branch_day_of_week_operator.py
[2022-06-24 06:59:35,911] {processor.py:641} INFO - Processing file /home/airflow/.local/lib/python3.7/site-packages/airflow/example_dags/example_branch_day_of_week_operator.py for tasks to queue
[2022-06-24 06:59:35,912] {logging_mixin.py:115} INFO - [2022-06-24 06:59:35,912] {dagbag.py:507} INFO - Filling up the DagBag from /home/airflow/.local/lib/python3.7/site-packages/airflow/example_dags/example_branch_day_of_week_operator.py
[2022-06-24 06:59:35,919] {processor.py:651} INFO - DAG(s) dict_keys(['example_weekday_branch_operator']) retrieved from /home/airflow/.local/lib/python3.7/site-packages/airflow/example_dags/example_branch_day_of_week_operator.py
[2022-06-24 06:59:35,947] {logging_mixin.py:115} INFO - [2022-06-24 06:59:35,946] {dag.py:2379} INFO - Sync 1 DAGs
[2022-06-24 06:59:35,967] {logging_mixin.py:115} INFO - [2022-06-24 06:59:35,967] {dag.py:2931} INFO - Setting next_dagrun for example_weekday_branch_operator to 2022-06-23T00:00:00+00:00, run_after=2022-06-24T00:00:00+00:00
[2022-06-24 06:59:35,981] {processor.py:161} INFO - Processing /home/airflow/.local/lib/python3.7/site-packages/airflow/example_dags/example_branch_day_of_week_operator.py took 0.075 seconds
[2022-06-24 07:00:06,155] {processor.py:153} INFO - Started process (PID=5653) to work on /home/airflow/.local/lib/python3.7/site-packages/airflow/example_dags/example_branch_day_of_week_operator.py
[2022-06-24 07:00:06,156] {processor.py:641} INFO - Processing file /home/airflow/.local/lib/python3.7/site-packages/airflow/example_dags/example_branch_day_of_week_operator.py for tasks to queue
[2022-06-24 07:00:06,157] {logging_mixin.py:115} INFO - [2022-06-24 07:00:06,156] {dagbag.py:507} INFO - Filling up the DagBag from /home/airflow/.local/lib/python3.7/site-packages/airflow/example_dags/example_branch_day_of_week_operator.py
[2022-06-24 07:00:06,165] {processor.py:651} INFO - DAG(s) dict_keys(['example_weekday_branch_operator']) retrieved from /home/airflow/.local/lib/python3.7/site-packages/airflow/example_dags/example_branch_day_of_week_operator.py
[2022-06-24 07:00:06,193] {logging_mixin.py:115} INFO - [2022-06-24 07:00:06,193] {dag.py:2379} INFO - Sync 1 DAGs
[2022-06-24 07:00:06,211] {logging_mixin.py:115} INFO - [2022-06-24 07:00:06,211] {dag.py:2931} INFO - Setting next_dagrun for example_weekday_branch_operator to 2022-06-23T00:00:00+00:00, run_after=2022-06-24T00:00:00+00:00
[2022-06-24 07:00:06,224] {processor.py:161} INFO - Processing /home/airflow/.local/lib/python3.7/site-packages/airflow/example_dags/example_branch_day_of_week_operator.py took 0.072 seconds
[2022-06-24 07:00:36,790] {processor.py:153} INFO - Started process (PID=5717) to work on /home/airflow/.local/lib/python3.7/site-packages/airflow/example_dags/example_branch_day_of_week_operator.py
[2022-06-24 07:00:36,791] {processor.py:641} INFO - Processing file /home/airflow/.local/lib/python3.7/site-packages/airflow/example_dags/example_branch_day_of_week_operator.py for tasks to queue
[2022-06-24 07:00:36,792] {logging_mixin.py:115} INFO - [2022-06-24 07:00:36,792] {dagbag.py:507} INFO - Filling up the DagBag from /home/airflow/.local/lib/python3.7/site-packages/airflow/example_dags/example_branch_day_of_week_operator.py
[2022-06-24 07:00:36,800] {processor.py:651} INFO - DAG(s) dict_keys(['example_weekday_branch_operator']) retrieved from /home/airflow/.local/lib/python3.7/site-packages/airflow/example_dags/example_branch_day_of_week_operator.py
[2022-06-24 07:00:36,826] {logging_mixin.py:115} INFO - [2022-06-24 07:00:36,826] {dag.py:2379} INFO - Sync 1 DAGs
[2022-06-24 07:00:36,843] {logging_mixin.py:115} INFO - [2022-06-24 07:00:36,843] {dag.py:2931} INFO - Setting next_dagrun for example_weekday_branch_operator to 2022-06-23T00:00:00+00:00, run_after=2022-06-24T00:00:00+00:00
[2022-06-24 07:00:36,857] {processor.py:161} INFO - Processing /home/airflow/.local/lib/python3.7/site-packages/airflow/example_dags/example_branch_day_of_week_operator.py took 0.071 seconds
[2022-06-24 07:01:07,024] {processor.py:153} INFO - Started process (PID=5772) to work on /home/airflow/.local/lib/python3.7/site-packages/airflow/example_dags/example_branch_day_of_week_operator.py
[2022-06-24 07:01:07,025] {processor.py:641} INFO - Processing file /home/airflow/.local/lib/python3.7/site-packages/airflow/example_dags/example_branch_day_of_week_operator.py for tasks to queue
[2022-06-24 07:01:07,026] {logging_mixin.py:115} INFO - [2022-06-24 07:01:07,026] {dagbag.py:507} INFO - Filling up the DagBag from /home/airflow/.local/lib/python3.7/site-packages/airflow/example_dags/example_branch_day_of_week_operator.py
[2022-06-24 07:01:07,033] {processor.py:651} INFO - DAG(s) dict_keys(['example_weekday_branch_operator']) retrieved from /home/airflow/.local/lib/python3.7/site-packages/airflow/example_dags/example_branch_day_of_week_operator.py
[2022-06-24 07:01:07,056] {logging_mixin.py:115} INFO - [2022-06-24 07:01:07,056] {dag.py:2379} INFO - Sync 1 DAGs
[2022-06-24 07:01:07,073] {logging_mixin.py:115} INFO - [2022-06-24 07:01:07,073] {dag.py:2931} INFO - Setting next_dagrun for example_weekday_branch_operator to 2022-06-23T00:00:00+00:00, run_after=2022-06-24T00:00:00+00:00
[2022-06-24 07:01:07,087] {processor.py:161} INFO - Processing /home/airflow/.local/lib/python3.7/site-packages/airflow/example_dags/example_branch_day_of_week_operator.py took 0.066 seconds
[2022-06-24 07:01:37,556] {processor.py:153} INFO - Started process (PID=5838) to work on /home/airflow/.local/lib/python3.7/site-packages/airflow/example_dags/example_branch_day_of_week_operator.py
[2022-06-24 07:01:37,557] {processor.py:641} INFO - Processing file /home/airflow/.local/lib/python3.7/site-packages/airflow/example_dags/example_branch_day_of_week_operator.py for tasks to queue
[2022-06-24 07:01:37,558] {logging_mixin.py:115} INFO - [2022-06-24 07:01:37,558] {dagbag.py:507} INFO - Filling up the DagBag from /home/airflow/.local/lib/python3.7/site-packages/airflow/example_dags/example_branch_day_of_week_operator.py
[2022-06-24 07:01:37,565] {processor.py:651} INFO - DAG(s) dict_keys(['example_weekday_branch_operator']) retrieved from /home/airflow/.local/lib/python3.7/site-packages/airflow/example_dags/example_branch_day_of_week_operator.py
[2022-06-24 07:01:37,590] {logging_mixin.py:115} INFO - [2022-06-24 07:01:37,590] {dag.py:2379} INFO - Sync 1 DAGs
[2022-06-24 07:01:37,608] {logging_mixin.py:115} INFO - [2022-06-24 07:01:37,607] {dag.py:2931} INFO - Setting next_dagrun for example_weekday_branch_operator to 2022-06-23T00:00:00+00:00, run_after=2022-06-24T00:00:00+00:00
[2022-06-24 07:01:37,631] {processor.py:161} INFO - Processing /home/airflow/.local/lib/python3.7/site-packages/airflow/example_dags/example_branch_day_of_week_operator.py took 0.078 seconds
[2022-06-24 07:02:08,053] {processor.py:153} INFO - Started process (PID=5902) to work on /home/airflow/.local/lib/python3.7/site-packages/airflow/example_dags/example_branch_day_of_week_operator.py
[2022-06-24 07:02:08,054] {processor.py:641} INFO - Processing file /home/airflow/.local/lib/python3.7/site-packages/airflow/example_dags/example_branch_day_of_week_operator.py for tasks to queue
[2022-06-24 07:02:08,055] {logging_mixin.py:115} INFO - [2022-06-24 07:02:08,055] {dagbag.py:507} INFO - Filling up the DagBag from /home/airflow/.local/lib/python3.7/site-packages/airflow/example_dags/example_branch_day_of_week_operator.py
[2022-06-24 07:02:08,063] {processor.py:651} INFO - DAG(s) dict_keys(['example_weekday_branch_operator']) retrieved from /home/airflow/.local/lib/python3.7/site-packages/airflow/example_dags/example_branch_day_of_week_operator.py
[2022-06-24 07:02:08,092] {logging_mixin.py:115} INFO - [2022-06-24 07:02:08,092] {dag.py:2379} INFO - Sync 1 DAGs
[2022-06-24 07:02:08,113] {logging_mixin.py:115} INFO - [2022-06-24 07:02:08,113] {dag.py:2931} INFO - Setting next_dagrun for example_weekday_branch_operator to 2022-06-23T00:00:00+00:00, run_after=2022-06-24T00:00:00+00:00
[2022-06-24 07:02:08,128] {processor.py:161} INFO - Processing /home/airflow/.local/lib/python3.7/site-packages/airflow/example_dags/example_branch_day_of_week_operator.py took 0.078 seconds
[2022-06-24 07:02:38,363] {processor.py:153} INFO - Started process (PID=5966) to work on /home/airflow/.local/lib/python3.7/site-packages/airflow/example_dags/example_branch_day_of_week_operator.py
[2022-06-24 07:02:38,364] {processor.py:641} INFO - Processing file /home/airflow/.local/lib/python3.7/site-packages/airflow/example_dags/example_branch_day_of_week_operator.py for tasks to queue
[2022-06-24 07:02:38,364] {logging_mixin.py:115} INFO - [2022-06-24 07:02:38,364] {dagbag.py:507} INFO - Filling up the DagBag from /home/airflow/.local/lib/python3.7/site-packages/airflow/example_dags/example_branch_day_of_week_operator.py
[2022-06-24 07:02:38,371] {processor.py:651} INFO - DAG(s) dict_keys(['example_weekday_branch_operator']) retrieved from /home/airflow/.local/lib/python3.7/site-packages/airflow/example_dags/example_branch_day_of_week_operator.py
[2022-06-24 07:02:38,397] {logging_mixin.py:115} INFO - [2022-06-24 07:02:38,397] {dag.py:2379} INFO - Sync 1 DAGs
[2022-06-24 07:02:38,413] {logging_mixin.py:115} INFO - [2022-06-24 07:02:38,413] {dag.py:2931} INFO - Setting next_dagrun for example_weekday_branch_operator to 2022-06-23T00:00:00+00:00, run_after=2022-06-24T00:00:00+00:00
[2022-06-24 07:02:38,428] {processor.py:161} INFO - Processing /home/airflow/.local/lib/python3.7/site-packages/airflow/example_dags/example_branch_day_of_week_operator.py took 0.069 seconds
[2022-06-24 07:03:08,639] {processor.py:153} INFO - Started process (PID=6021) to work on /home/airflow/.local/lib/python3.7/site-packages/airflow/example_dags/example_branch_day_of_week_operator.py
[2022-06-24 07:03:08,639] {processor.py:641} INFO - Processing file /home/airflow/.local/lib/python3.7/site-packages/airflow/example_dags/example_branch_day_of_week_operator.py for tasks to queue
[2022-06-24 07:03:08,640] {logging_mixin.py:115} INFO - [2022-06-24 07:03:08,640] {dagbag.py:507} INFO - Filling up the DagBag from /home/airflow/.local/lib/python3.7/site-packages/airflow/example_dags/example_branch_day_of_week_operator.py
[2022-06-24 07:03:08,648] {processor.py:651} INFO - DAG(s) dict_keys(['example_weekday_branch_operator']) retrieved from /home/airflow/.local/lib/python3.7/site-packages/airflow/example_dags/example_branch_day_of_week_operator.py
[2022-06-24 07:03:08,673] {logging_mixin.py:115} INFO - [2022-06-24 07:03:08,673] {dag.py:2379} INFO - Sync 1 DAGs
[2022-06-24 07:03:08,691] {logging_mixin.py:115} INFO - [2022-06-24 07:03:08,691] {dag.py:2931} INFO - Setting next_dagrun for example_weekday_branch_operator to 2022-06-23T00:00:00+00:00, run_after=2022-06-24T00:00:00+00:00
[2022-06-24 07:03:08,703] {processor.py:161} INFO - Processing /home/airflow/.local/lib/python3.7/site-packages/airflow/example_dags/example_branch_day_of_week_operator.py took 0.068 seconds
[2022-06-24 07:03:39,108] {processor.py:153} INFO - Started process (PID=6085) to work on /home/airflow/.local/lib/python3.7/site-packages/airflow/example_dags/example_branch_day_of_week_operator.py
[2022-06-24 07:03:39,109] {processor.py:641} INFO - Processing file /home/airflow/.local/lib/python3.7/site-packages/airflow/example_dags/example_branch_day_of_week_operator.py for tasks to queue
[2022-06-24 07:03:39,110] {logging_mixin.py:115} INFO - [2022-06-24 07:03:39,110] {dagbag.py:507} INFO - Filling up the DagBag from /home/airflow/.local/lib/python3.7/site-packages/airflow/example_dags/example_branch_day_of_week_operator.py
[2022-06-24 07:03:39,118] {processor.py:651} INFO - DAG(s) dict_keys(['example_weekday_branch_operator']) retrieved from /home/airflow/.local/lib/python3.7/site-packages/airflow/example_dags/example_branch_day_of_week_operator.py
[2022-06-24 07:03:39,141] {logging_mixin.py:115} INFO - [2022-06-24 07:03:39,141] {dag.py:2379} INFO - Sync 1 DAGs
[2022-06-24 07:03:39,163] {logging_mixin.py:115} INFO - [2022-06-24 07:03:39,163] {dag.py:2931} INFO - Setting next_dagrun for example_weekday_branch_operator to 2022-06-23T00:00:00+00:00, run_after=2022-06-24T00:00:00+00:00
[2022-06-24 07:03:39,177] {processor.py:161} INFO - Processing /home/airflow/.local/lib/python3.7/site-packages/airflow/example_dags/example_branch_day_of_week_operator.py took 0.072 seconds
[2022-06-24 07:04:09,353] {processor.py:153} INFO - Started process (PID=6149) to work on /home/airflow/.local/lib/python3.7/site-packages/airflow/example_dags/example_branch_day_of_week_operator.py
[2022-06-24 07:04:09,354] {processor.py:641} INFO - Processing file /home/airflow/.local/lib/python3.7/site-packages/airflow/example_dags/example_branch_day_of_week_operator.py for tasks to queue
[2022-06-24 07:04:09,355] {logging_mixin.py:115} INFO - [2022-06-24 07:04:09,355] {dagbag.py:507} INFO - Filling up the DagBag from /home/airflow/.local/lib/python3.7/site-packages/airflow/example_dags/example_branch_day_of_week_operator.py
[2022-06-24 07:04:09,363] {processor.py:651} INFO - DAG(s) dict_keys(['example_weekday_branch_operator']) retrieved from /home/airflow/.local/lib/python3.7/site-packages/airflow/example_dags/example_branch_day_of_week_operator.py
[2022-06-24 07:04:09,388] {logging_mixin.py:115} INFO - [2022-06-24 07:04:09,387] {dag.py:2379} INFO - Sync 1 DAGs
[2022-06-24 07:04:09,409] {logging_mixin.py:115} INFO - [2022-06-24 07:04:09,409] {dag.py:2931} INFO - Setting next_dagrun for example_weekday_branch_operator to 2022-06-23T00:00:00+00:00, run_after=2022-06-24T00:00:00+00:00
[2022-06-24 07:04:09,421] {processor.py:161} INFO - Processing /home/airflow/.local/lib/python3.7/site-packages/airflow/example_dags/example_branch_day_of_week_operator.py took 0.072 seconds
[2022-06-24 07:04:39,862] {processor.py:153} INFO - Started process (PID=6205) to work on /home/airflow/.local/lib/python3.7/site-packages/airflow/example_dags/example_branch_day_of_week_operator.py
[2022-06-24 07:04:39,863] {processor.py:641} INFO - Processing file /home/airflow/.local/lib/python3.7/site-packages/airflow/example_dags/example_branch_day_of_week_operator.py for tasks to queue
[2022-06-24 07:04:39,864] {logging_mixin.py:115} INFO - [2022-06-24 07:04:39,864] {dagbag.py:507} INFO - Filling up the DagBag from /home/airflow/.local/lib/python3.7/site-packages/airflow/example_dags/example_branch_day_of_week_operator.py
[2022-06-24 07:04:39,871] {processor.py:651} INFO - DAG(s) dict_keys(['example_weekday_branch_operator']) retrieved from /home/airflow/.local/lib/python3.7/site-packages/airflow/example_dags/example_branch_day_of_week_operator.py
[2022-06-24 07:04:39,895] {logging_mixin.py:115} INFO - [2022-06-24 07:04:39,895] {dag.py:2379} INFO - Sync 1 DAGs
[2022-06-24 07:04:39,913] {logging_mixin.py:115} INFO - [2022-06-24 07:04:39,913] {dag.py:2931} INFO - Setting next_dagrun for example_weekday_branch_operator to 2022-06-23T00:00:00+00:00, run_after=2022-06-24T00:00:00+00:00
[2022-06-24 07:04:39,926] {processor.py:161} INFO - Processing /home/airflow/.local/lib/python3.7/site-packages/airflow/example_dags/example_branch_day_of_week_operator.py took 0.067 seconds
[2022-06-24 07:05:10,368] {processor.py:153} INFO - Started process (PID=6269) to work on /home/airflow/.local/lib/python3.7/site-packages/airflow/example_dags/example_branch_day_of_week_operator.py
[2022-06-24 07:05:10,369] {processor.py:641} INFO - Processing file /home/airflow/.local/lib/python3.7/site-packages/airflow/example_dags/example_branch_day_of_week_operator.py for tasks to queue
[2022-06-24 07:05:10,370] {logging_mixin.py:115} INFO - [2022-06-24 07:05:10,370] {dagbag.py:507} INFO - Filling up the DagBag from /home/airflow/.local/lib/python3.7/site-packages/airflow/example_dags/example_branch_day_of_week_operator.py
[2022-06-24 07:05:10,377] {processor.py:651} INFO - DAG(s) dict_keys(['example_weekday_branch_operator']) retrieved from /home/airflow/.local/lib/python3.7/site-packages/airflow/example_dags/example_branch_day_of_week_operator.py
[2022-06-24 07:05:10,404] {logging_mixin.py:115} INFO - [2022-06-24 07:05:10,404] {dag.py:2379} INFO - Sync 1 DAGs
[2022-06-24 07:05:10,421] {logging_mixin.py:115} INFO - [2022-06-24 07:05:10,421] {dag.py:2931} INFO - Setting next_dagrun for example_weekday_branch_operator to 2022-06-23T00:00:00+00:00, run_after=2022-06-24T00:00:00+00:00
[2022-06-24 07:05:10,436] {processor.py:161} INFO - Processing /home/airflow/.local/lib/python3.7/site-packages/airflow/example_dags/example_branch_day_of_week_operator.py took 0.071 seconds
[2022-06-24 07:05:40,775] {processor.py:153} INFO - Started process (PID=6333) to work on /home/airflow/.local/lib/python3.7/site-packages/airflow/example_dags/example_branch_day_of_week_operator.py
[2022-06-24 07:05:40,776] {processor.py:641} INFO - Processing file /home/airflow/.local/lib/python3.7/site-packages/airflow/example_dags/example_branch_day_of_week_operator.py for tasks to queue
[2022-06-24 07:05:40,776] {logging_mixin.py:115} INFO - [2022-06-24 07:05:40,776] {dagbag.py:507} INFO - Filling up the DagBag from /home/airflow/.local/lib/python3.7/site-packages/airflow/example_dags/example_branch_day_of_week_operator.py
[2022-06-24 07:05:40,784] {processor.py:651} INFO - DAG(s) dict_keys(['example_weekday_branch_operator']) retrieved from /home/airflow/.local/lib/python3.7/site-packages/airflow/example_dags/example_branch_day_of_week_operator.py
[2022-06-24 07:05:40,806] {logging_mixin.py:115} INFO - [2022-06-24 07:05:40,805] {dag.py:2379} INFO - Sync 1 DAGs
[2022-06-24 07:05:40,822] {logging_mixin.py:115} INFO - [2022-06-24 07:05:40,822] {dag.py:2931} INFO - Setting next_dagrun for example_weekday_branch_operator to 2022-06-23T00:00:00+00:00, run_after=2022-06-24T00:00:00+00:00
[2022-06-24 07:05:40,833] {processor.py:161} INFO - Processing /home/airflow/.local/lib/python3.7/site-packages/airflow/example_dags/example_branch_day_of_week_operator.py took 0.061 seconds
[2022-06-24 07:06:10,964] {processor.py:153} INFO - Started process (PID=6397) to work on /home/airflow/.local/lib/python3.7/site-packages/airflow/example_dags/example_branch_day_of_week_operator.py
[2022-06-24 07:06:10,965] {processor.py:641} INFO - Processing file /home/airflow/.local/lib/python3.7/site-packages/airflow/example_dags/example_branch_day_of_week_operator.py for tasks to queue
[2022-06-24 07:06:10,966] {logging_mixin.py:115} INFO - [2022-06-24 07:06:10,965] {dagbag.py:507} INFO - Filling up the DagBag from /home/airflow/.local/lib/python3.7/site-packages/airflow/example_dags/example_branch_day_of_week_operator.py
[2022-06-24 07:06:10,974] {processor.py:651} INFO - DAG(s) dict_keys(['example_weekday_branch_operator']) retrieved from /home/airflow/.local/lib/python3.7/site-packages/airflow/example_dags/example_branch_day_of_week_operator.py
[2022-06-24 07:06:10,997] {logging_mixin.py:115} INFO - [2022-06-24 07:06:10,997] {dag.py:2379} INFO - Sync 1 DAGs
[2022-06-24 07:06:11,017] {logging_mixin.py:115} INFO - [2022-06-24 07:06:11,016] {dag.py:2931} INFO - Setting next_dagrun for example_weekday_branch_operator to 2022-06-23T00:00:00+00:00, run_after=2022-06-24T00:00:00+00:00
[2022-06-24 07:06:11,030] {processor.py:161} INFO - Processing /home/airflow/.local/lib/python3.7/site-packages/airflow/example_dags/example_branch_day_of_week_operator.py took 0.070 seconds
[2022-06-24 07:06:41,219] {processor.py:153} INFO - Started process (PID=6452) to work on /home/airflow/.local/lib/python3.7/site-packages/airflow/example_dags/example_branch_day_of_week_operator.py
[2022-06-24 07:06:41,220] {processor.py:641} INFO - Processing file /home/airflow/.local/lib/python3.7/site-packages/airflow/example_dags/example_branch_day_of_week_operator.py for tasks to queue
[2022-06-24 07:06:41,221] {logging_mixin.py:115} INFO - [2022-06-24 07:06:41,221] {dagbag.py:507} INFO - Filling up the DagBag from /home/airflow/.local/lib/python3.7/site-packages/airflow/example_dags/example_branch_day_of_week_operator.py
[2022-06-24 07:06:41,228] {processor.py:651} INFO - DAG(s) dict_keys(['example_weekday_branch_operator']) retrieved from /home/airflow/.local/lib/python3.7/site-packages/airflow/example_dags/example_branch_day_of_week_operator.py
[2022-06-24 07:06:41,252] {logging_mixin.py:115} INFO - [2022-06-24 07:06:41,252] {dag.py:2379} INFO - Sync 1 DAGs
[2022-06-24 07:06:41,269] {logging_mixin.py:115} INFO - [2022-06-24 07:06:41,269] {dag.py:2931} INFO - Setting next_dagrun for example_weekday_branch_operator to 2022-06-23T00:00:00+00:00, run_after=2022-06-24T00:00:00+00:00
[2022-06-24 07:06:41,284] {processor.py:161} INFO - Processing /home/airflow/.local/lib/python3.7/site-packages/airflow/example_dags/example_branch_day_of_week_operator.py took 0.068 seconds
[2022-06-24 07:07:11,566] {processor.py:153} INFO - Started process (PID=6516) to work on /home/airflow/.local/lib/python3.7/site-packages/airflow/example_dags/example_branch_day_of_week_operator.py
[2022-06-24 07:07:11,567] {processor.py:641} INFO - Processing file /home/airflow/.local/lib/python3.7/site-packages/airflow/example_dags/example_branch_day_of_week_operator.py for tasks to queue
[2022-06-24 07:07:11,568] {logging_mixin.py:115} INFO - [2022-06-24 07:07:11,568] {dagbag.py:507} INFO - Filling up the DagBag from /home/airflow/.local/lib/python3.7/site-packages/airflow/example_dags/example_branch_day_of_week_operator.py
[2022-06-24 07:07:11,576] {processor.py:651} INFO - DAG(s) dict_keys(['example_weekday_branch_operator']) retrieved from /home/airflow/.local/lib/python3.7/site-packages/airflow/example_dags/example_branch_day_of_week_operator.py
[2022-06-24 07:07:11,604] {logging_mixin.py:115} INFO - [2022-06-24 07:07:11,604] {dag.py:2379} INFO - Sync 1 DAGs
[2022-06-24 07:07:11,619] {logging_mixin.py:115} INFO - [2022-06-24 07:07:11,619] {dag.py:2931} INFO - Setting next_dagrun for example_weekday_branch_operator to 2022-06-23T00:00:00+00:00, run_after=2022-06-24T00:00:00+00:00
[2022-06-24 07:07:11,633] {processor.py:161} INFO - Processing /home/airflow/.local/lib/python3.7/site-packages/airflow/example_dags/example_branch_day_of_week_operator.py took 0.069 seconds
[2022-06-24 07:07:41,956] {processor.py:153} INFO - Started process (PID=6580) to work on /home/airflow/.local/lib/python3.7/site-packages/airflow/example_dags/example_branch_day_of_week_operator.py
[2022-06-24 07:07:41,957] {processor.py:641} INFO - Processing file /home/airflow/.local/lib/python3.7/site-packages/airflow/example_dags/example_branch_day_of_week_operator.py for tasks to queue
[2022-06-24 07:07:41,958] {logging_mixin.py:115} INFO - [2022-06-24 07:07:41,958] {dagbag.py:507} INFO - Filling up the DagBag from /home/airflow/.local/lib/python3.7/site-packages/airflow/example_dags/example_branch_day_of_week_operator.py
[2022-06-24 07:07:41,966] {processor.py:651} INFO - DAG(s) dict_keys(['example_weekday_branch_operator']) retrieved from /home/airflow/.local/lib/python3.7/site-packages/airflow/example_dags/example_branch_day_of_week_operator.py
[2022-06-24 07:07:41,988] {logging_mixin.py:115} INFO - [2022-06-24 07:07:41,988] {dag.py:2379} INFO - Sync 1 DAGs
[2022-06-24 07:07:42,004] {logging_mixin.py:115} INFO - [2022-06-24 07:07:42,004] {dag.py:2931} INFO - Setting next_dagrun for example_weekday_branch_operator to 2022-06-23T00:00:00+00:00, run_after=2022-06-24T00:00:00+00:00
[2022-06-24 07:07:42,018] {processor.py:161} INFO - Processing /home/airflow/.local/lib/python3.7/site-packages/airflow/example_dags/example_branch_day_of_week_operator.py took 0.066 seconds
[2022-06-24 07:08:12,512] {processor.py:153} INFO - Started process (PID=6635) to work on /home/airflow/.local/lib/python3.7/site-packages/airflow/example_dags/example_branch_day_of_week_operator.py
[2022-06-24 07:08:12,513] {processor.py:641} INFO - Processing file /home/airflow/.local/lib/python3.7/site-packages/airflow/example_dags/example_branch_day_of_week_operator.py for tasks to queue
[2022-06-24 07:08:12,514] {logging_mixin.py:115} INFO - [2022-06-24 07:08:12,514] {dagbag.py:507} INFO - Filling up the DagBag from /home/airflow/.local/lib/python3.7/site-packages/airflow/example_dags/example_branch_day_of_week_operator.py
[2022-06-24 07:08:12,523] {processor.py:651} INFO - DAG(s) dict_keys(['example_weekday_branch_operator']) retrieved from /home/airflow/.local/lib/python3.7/site-packages/airflow/example_dags/example_branch_day_of_week_operator.py
[2022-06-24 07:08:12,554] {logging_mixin.py:115} INFO - [2022-06-24 07:08:12,554] {dag.py:2379} INFO - Sync 1 DAGs
[2022-06-24 07:08:12,574] {logging_mixin.py:115} INFO - [2022-06-24 07:08:12,574] {dag.py:2931} INFO - Setting next_dagrun for example_weekday_branch_operator to 2022-06-23T00:00:00+00:00, run_after=2022-06-24T00:00:00+00:00
[2022-06-24 07:08:12,592] {processor.py:161} INFO - Processing /home/airflow/.local/lib/python3.7/site-packages/airflow/example_dags/example_branch_day_of_week_operator.py took 0.083 seconds
[2022-06-24 07:08:42,964] {processor.py:153} INFO - Started process (PID=6699) to work on /home/airflow/.local/lib/python3.7/site-packages/airflow/example_dags/example_branch_day_of_week_operator.py
[2022-06-24 07:08:42,966] {processor.py:641} INFO - Processing file /home/airflow/.local/lib/python3.7/site-packages/airflow/example_dags/example_branch_day_of_week_operator.py for tasks to queue
[2022-06-24 07:08:42,967] {logging_mixin.py:115} INFO - [2022-06-24 07:08:42,967] {dagbag.py:507} INFO - Filling up the DagBag from /home/airflow/.local/lib/python3.7/site-packages/airflow/example_dags/example_branch_day_of_week_operator.py
[2022-06-24 07:08:42,975] {processor.py:651} INFO - DAG(s) dict_keys(['example_weekday_branch_operator']) retrieved from /home/airflow/.local/lib/python3.7/site-packages/airflow/example_dags/example_branch_day_of_week_operator.py
[2022-06-24 07:08:43,004] {logging_mixin.py:115} INFO - [2022-06-24 07:08:43,004] {dag.py:2379} INFO - Sync 1 DAGs
[2022-06-24 07:08:43,020] {logging_mixin.py:115} INFO - [2022-06-24 07:08:43,020] {dag.py:2931} INFO - Setting next_dagrun for example_weekday_branch_operator to 2022-06-23T00:00:00+00:00, run_after=2022-06-24T00:00:00+00:00
[2022-06-24 07:08:43,033] {processor.py:161} INFO - Processing /home/airflow/.local/lib/python3.7/site-packages/airflow/example_dags/example_branch_day_of_week_operator.py took 0.072 seconds
[2022-06-24 07:09:13,472] {processor.py:153} INFO - Started process (PID=6763) to work on /home/airflow/.local/lib/python3.7/site-packages/airflow/example_dags/example_branch_day_of_week_operator.py
[2022-06-24 07:09:13,473] {processor.py:641} INFO - Processing file /home/airflow/.local/lib/python3.7/site-packages/airflow/example_dags/example_branch_day_of_week_operator.py for tasks to queue
[2022-06-24 07:09:13,473] {logging_mixin.py:115} INFO - [2022-06-24 07:09:13,473] {dagbag.py:507} INFO - Filling up the DagBag from /home/airflow/.local/lib/python3.7/site-packages/airflow/example_dags/example_branch_day_of_week_operator.py
[2022-06-24 07:09:13,480] {processor.py:651} INFO - DAG(s) dict_keys(['example_weekday_branch_operator']) retrieved from /home/airflow/.local/lib/python3.7/site-packages/airflow/example_dags/example_branch_day_of_week_operator.py
[2022-06-24 07:09:13,507] {logging_mixin.py:115} INFO - [2022-06-24 07:09:13,507] {dag.py:2379} INFO - Sync 1 DAGs
[2022-06-24 07:09:13,528] {logging_mixin.py:115} INFO - [2022-06-24 07:09:13,528] {dag.py:2931} INFO - Setting next_dagrun for example_weekday_branch_operator to 2022-06-23T00:00:00+00:00, run_after=2022-06-24T00:00:00+00:00
[2022-06-24 07:09:13,542] {processor.py:161} INFO - Processing /home/airflow/.local/lib/python3.7/site-packages/airflow/example_dags/example_branch_day_of_week_operator.py took 0.075 seconds
[2022-06-24 07:09:44,098] {processor.py:153} INFO - Started process (PID=6827) to work on /home/airflow/.local/lib/python3.7/site-packages/airflow/example_dags/example_branch_day_of_week_operator.py
[2022-06-24 07:09:44,099] {processor.py:641} INFO - Processing file /home/airflow/.local/lib/python3.7/site-packages/airflow/example_dags/example_branch_day_of_week_operator.py for tasks to queue
[2022-06-24 07:09:44,100] {logging_mixin.py:115} INFO - [2022-06-24 07:09:44,100] {dagbag.py:507} INFO - Filling up the DagBag from /home/airflow/.local/lib/python3.7/site-packages/airflow/example_dags/example_branch_day_of_week_operator.py
[2022-06-24 07:09:44,107] {processor.py:651} INFO - DAG(s) dict_keys(['example_weekday_branch_operator']) retrieved from /home/airflow/.local/lib/python3.7/site-packages/airflow/example_dags/example_branch_day_of_week_operator.py
[2022-06-24 07:09:44,131] {logging_mixin.py:115} INFO - [2022-06-24 07:09:44,131] {dag.py:2379} INFO - Sync 1 DAGs
[2022-06-24 07:09:44,150] {logging_mixin.py:115} INFO - [2022-06-24 07:09:44,150] {dag.py:2931} INFO - Setting next_dagrun for example_weekday_branch_operator to 2022-06-23T00:00:00+00:00, run_after=2022-06-24T00:00:00+00:00
[2022-06-24 07:09:44,165] {processor.py:161} INFO - Processing /home/airflow/.local/lib/python3.7/site-packages/airflow/example_dags/example_branch_day_of_week_operator.py took 0.070 seconds
[2022-06-24 07:10:14,463] {processor.py:153} INFO - Started process (PID=6882) to work on /home/airflow/.local/lib/python3.7/site-packages/airflow/example_dags/example_branch_day_of_week_operator.py
[2022-06-24 07:10:14,465] {processor.py:641} INFO - Processing file /home/airflow/.local/lib/python3.7/site-packages/airflow/example_dags/example_branch_day_of_week_operator.py for tasks to queue
[2022-06-24 07:10:14,466] {logging_mixin.py:115} INFO - [2022-06-24 07:10:14,466] {dagbag.py:507} INFO - Filling up the DagBag from /home/airflow/.local/lib/python3.7/site-packages/airflow/example_dags/example_branch_day_of_week_operator.py
[2022-06-24 07:10:14,475] {processor.py:651} INFO - DAG(s) dict_keys(['example_weekday_branch_operator']) retrieved from /home/airflow/.local/lib/python3.7/site-packages/airflow/example_dags/example_branch_day_of_week_operator.py
[2022-06-24 07:10:14,502] {logging_mixin.py:115} INFO - [2022-06-24 07:10:14,502] {dag.py:2379} INFO - Sync 1 DAGs
[2022-06-24 07:10:14,520] {logging_mixin.py:115} INFO - [2022-06-24 07:10:14,520] {dag.py:2931} INFO - Setting next_dagrun for example_weekday_branch_operator to 2022-06-23T00:00:00+00:00, run_after=2022-06-24T00:00:00+00:00
[2022-06-24 07:10:14,536] {processor.py:161} INFO - Processing /home/airflow/.local/lib/python3.7/site-packages/airflow/example_dags/example_branch_day_of_week_operator.py took 0.076 seconds
[2022-06-24 07:10:44,977] {processor.py:153} INFO - Started process (PID=6946) to work on /home/airflow/.local/lib/python3.7/site-packages/airflow/example_dags/example_branch_day_of_week_operator.py
[2022-06-24 07:10:44,978] {processor.py:641} INFO - Processing file /home/airflow/.local/lib/python3.7/site-packages/airflow/example_dags/example_branch_day_of_week_operator.py for tasks to queue
[2022-06-24 07:10:44,979] {logging_mixin.py:115} INFO - [2022-06-24 07:10:44,979] {dagbag.py:507} INFO - Filling up the DagBag from /home/airflow/.local/lib/python3.7/site-packages/airflow/example_dags/example_branch_day_of_week_operator.py
[2022-06-24 07:10:44,986] {processor.py:651} INFO - DAG(s) dict_keys(['example_weekday_branch_operator']) retrieved from /home/airflow/.local/lib/python3.7/site-packages/airflow/example_dags/example_branch_day_of_week_operator.py
[2022-06-24 07:10:45,009] {logging_mixin.py:115} INFO - [2022-06-24 07:10:45,009] {dag.py:2379} INFO - Sync 1 DAGs
[2022-06-24 07:10:45,025] {logging_mixin.py:115} INFO - [2022-06-24 07:10:45,025] {dag.py:2931} INFO - Setting next_dagrun for example_weekday_branch_operator to 2022-06-23T00:00:00+00:00, run_after=2022-06-24T00:00:00+00:00
[2022-06-24 07:10:45,041] {processor.py:161} INFO - Processing /home/airflow/.local/lib/python3.7/site-packages/airflow/example_dags/example_branch_day_of_week_operator.py took 0.067 seconds
[2022-06-24 07:11:15,326] {processor.py:153} INFO - Started process (PID=7010) to work on /home/airflow/.local/lib/python3.7/site-packages/airflow/example_dags/example_branch_day_of_week_operator.py
[2022-06-24 07:11:15,327] {processor.py:641} INFO - Processing file /home/airflow/.local/lib/python3.7/site-packages/airflow/example_dags/example_branch_day_of_week_operator.py for tasks to queue
[2022-06-24 07:11:15,328] {logging_mixin.py:115} INFO - [2022-06-24 07:11:15,328] {dagbag.py:507} INFO - Filling up the DagBag from /home/airflow/.local/lib/python3.7/site-packages/airflow/example_dags/example_branch_day_of_week_operator.py
[2022-06-24 07:11:15,337] {processor.py:651} INFO - DAG(s) dict_keys(['example_weekday_branch_operator']) retrieved from /home/airflow/.local/lib/python3.7/site-packages/airflow/example_dags/example_branch_day_of_week_operator.py
[2022-06-24 07:11:15,362] {logging_mixin.py:115} INFO - [2022-06-24 07:11:15,362] {dag.py:2379} INFO - Sync 1 DAGs
[2022-06-24 07:11:15,381] {logging_mixin.py:115} INFO - [2022-06-24 07:11:15,381] {dag.py:2931} INFO - Setting next_dagrun for example_weekday_branch_operator to 2022-06-23T00:00:00+00:00, run_after=2022-06-24T00:00:00+00:00
[2022-06-24 07:11:15,395] {processor.py:161} INFO - Processing /home/airflow/.local/lib/python3.7/site-packages/airflow/example_dags/example_branch_day_of_week_operator.py took 0.073 seconds
[2022-06-24 07:11:45,647] {processor.py:153} INFO - Started process (PID=7073) to work on /home/airflow/.local/lib/python3.7/site-packages/airflow/example_dags/example_branch_day_of_week_operator.py
[2022-06-24 07:11:45,648] {processor.py:641} INFO - Processing file /home/airflow/.local/lib/python3.7/site-packages/airflow/example_dags/example_branch_day_of_week_operator.py for tasks to queue
[2022-06-24 07:11:45,649] {logging_mixin.py:115} INFO - [2022-06-24 07:11:45,649] {dagbag.py:507} INFO - Filling up the DagBag from /home/airflow/.local/lib/python3.7/site-packages/airflow/example_dags/example_branch_day_of_week_operator.py
[2022-06-24 07:11:45,659] {processor.py:651} INFO - DAG(s) dict_keys(['example_weekday_branch_operator']) retrieved from /home/airflow/.local/lib/python3.7/site-packages/airflow/example_dags/example_branch_day_of_week_operator.py
[2022-06-24 07:11:45,684] {logging_mixin.py:115} INFO - [2022-06-24 07:11:45,684] {dag.py:2379} INFO - Sync 1 DAGs
[2022-06-24 07:11:45,702] {logging_mixin.py:115} INFO - [2022-06-24 07:11:45,702] {dag.py:2931} INFO - Setting next_dagrun for example_weekday_branch_operator to 2022-06-23T00:00:00+00:00, run_after=2022-06-24T00:00:00+00:00
[2022-06-24 07:11:45,716] {processor.py:161} INFO - Processing /home/airflow/.local/lib/python3.7/site-packages/airflow/example_dags/example_branch_day_of_week_operator.py took 0.072 seconds
[2022-06-24 07:12:15,846] {processor.py:153} INFO - Started process (PID=7130) to work on /home/airflow/.local/lib/python3.7/site-packages/airflow/example_dags/example_branch_day_of_week_operator.py
[2022-06-24 07:12:15,847] {processor.py:641} INFO - Processing file /home/airflow/.local/lib/python3.7/site-packages/airflow/example_dags/example_branch_day_of_week_operator.py for tasks to queue
[2022-06-24 07:12:15,848] {logging_mixin.py:115} INFO - [2022-06-24 07:12:15,848] {dagbag.py:507} INFO - Filling up the DagBag from /home/airflow/.local/lib/python3.7/site-packages/airflow/example_dags/example_branch_day_of_week_operator.py
[2022-06-24 07:12:15,855] {processor.py:651} INFO - DAG(s) dict_keys(['example_weekday_branch_operator']) retrieved from /home/airflow/.local/lib/python3.7/site-packages/airflow/example_dags/example_branch_day_of_week_operator.py
[2022-06-24 07:12:15,880] {logging_mixin.py:115} INFO - [2022-06-24 07:12:15,880] {dag.py:2379} INFO - Sync 1 DAGs
[2022-06-24 07:12:15,900] {logging_mixin.py:115} INFO - [2022-06-24 07:12:15,900] {dag.py:2931} INFO - Setting next_dagrun for example_weekday_branch_operator to 2022-06-23T00:00:00+00:00, run_after=2022-06-24T00:00:00+00:00
[2022-06-24 07:12:15,913] {processor.py:161} INFO - Processing /home/airflow/.local/lib/python3.7/site-packages/airflow/example_dags/example_branch_day_of_week_operator.py took 0.070 seconds
[2022-06-24 07:12:46,036] {processor.py:153} INFO - Started process (PID=7194) to work on /home/airflow/.local/lib/python3.7/site-packages/airflow/example_dags/example_branch_day_of_week_operator.py
[2022-06-24 07:12:46,037] {processor.py:641} INFO - Processing file /home/airflow/.local/lib/python3.7/site-packages/airflow/example_dags/example_branch_day_of_week_operator.py for tasks to queue
[2022-06-24 07:12:46,037] {logging_mixin.py:115} INFO - [2022-06-24 07:12:46,037] {dagbag.py:507} INFO - Filling up the DagBag from /home/airflow/.local/lib/python3.7/site-packages/airflow/example_dags/example_branch_day_of_week_operator.py
[2022-06-24 07:12:46,044] {processor.py:651} INFO - DAG(s) dict_keys(['example_weekday_branch_operator']) retrieved from /home/airflow/.local/lib/python3.7/site-packages/airflow/example_dags/example_branch_day_of_week_operator.py
[2022-06-24 07:12:46,070] {logging_mixin.py:115} INFO - [2022-06-24 07:12:46,070] {dag.py:2379} INFO - Sync 1 DAGs
[2022-06-24 07:12:46,086] {logging_mixin.py:115} INFO - [2022-06-24 07:12:46,086] {dag.py:2931} INFO - Setting next_dagrun for example_weekday_branch_operator to 2022-06-23T00:00:00+00:00, run_after=2022-06-24T00:00:00+00:00
[2022-06-24 07:12:46,100] {processor.py:161} INFO - Processing /home/airflow/.local/lib/python3.7/site-packages/airflow/example_dags/example_branch_day_of_week_operator.py took 0.068 seconds
[2022-06-24 07:13:16,315] {processor.py:153} INFO - Started process (PID=7258) to work on /home/airflow/.local/lib/python3.7/site-packages/airflow/example_dags/example_branch_day_of_week_operator.py
[2022-06-24 07:13:16,316] {processor.py:641} INFO - Processing file /home/airflow/.local/lib/python3.7/site-packages/airflow/example_dags/example_branch_day_of_week_operator.py for tasks to queue
[2022-06-24 07:13:16,317] {logging_mixin.py:115} INFO - [2022-06-24 07:13:16,317] {dagbag.py:507} INFO - Filling up the DagBag from /home/airflow/.local/lib/python3.7/site-packages/airflow/example_dags/example_branch_day_of_week_operator.py
[2022-06-24 07:13:16,323] {processor.py:651} INFO - DAG(s) dict_keys(['example_weekday_branch_operator']) retrieved from /home/airflow/.local/lib/python3.7/site-packages/airflow/example_dags/example_branch_day_of_week_operator.py
[2022-06-24 07:13:16,350] {logging_mixin.py:115} INFO - [2022-06-24 07:13:16,350] {dag.py:2379} INFO - Sync 1 DAGs
[2022-06-24 07:13:16,369] {logging_mixin.py:115} INFO - [2022-06-24 07:13:16,369] {dag.py:2931} INFO - Setting next_dagrun for example_weekday_branch_operator to 2022-06-23T00:00:00+00:00, run_after=2022-06-24T00:00:00+00:00
[2022-06-24 07:13:16,382] {processor.py:161} INFO - Processing /home/airflow/.local/lib/python3.7/site-packages/airflow/example_dags/example_branch_day_of_week_operator.py took 0.071 seconds
[2022-06-24 07:13:46,948] {processor.py:153} INFO - Started process (PID=7313) to work on /home/airflow/.local/lib/python3.7/site-packages/airflow/example_dags/example_branch_day_of_week_operator.py
[2022-06-24 07:13:46,949] {processor.py:641} INFO - Processing file /home/airflow/.local/lib/python3.7/site-packages/airflow/example_dags/example_branch_day_of_week_operator.py for tasks to queue
[2022-06-24 07:13:46,949] {logging_mixin.py:115} INFO - [2022-06-24 07:13:46,949] {dagbag.py:507} INFO - Filling up the DagBag from /home/airflow/.local/lib/python3.7/site-packages/airflow/example_dags/example_branch_day_of_week_operator.py
[2022-06-24 07:13:46,959] {processor.py:651} INFO - DAG(s) dict_keys(['example_weekday_branch_operator']) retrieved from /home/airflow/.local/lib/python3.7/site-packages/airflow/example_dags/example_branch_day_of_week_operator.py
[2022-06-24 07:13:46,979] {logging_mixin.py:115} INFO - [2022-06-24 07:13:46,979] {dag.py:2379} INFO - Sync 1 DAGs
[2022-06-24 07:13:46,998] {logging_mixin.py:115} INFO - [2022-06-24 07:13:46,998] {dag.py:2931} INFO - Setting next_dagrun for example_weekday_branch_operator to 2022-06-23T00:00:00+00:00, run_after=2022-06-24T00:00:00+00:00
[2022-06-24 07:13:47,010] {processor.py:161} INFO - Processing /home/airflow/.local/lib/python3.7/site-packages/airflow/example_dags/example_branch_day_of_week_operator.py took 0.067 seconds
[2022-06-24 07:14:17,608] {processor.py:153} INFO - Started process (PID=7377) to work on /home/airflow/.local/lib/python3.7/site-packages/airflow/example_dags/example_branch_day_of_week_operator.py
[2022-06-24 07:14:17,609] {processor.py:641} INFO - Processing file /home/airflow/.local/lib/python3.7/site-packages/airflow/example_dags/example_branch_day_of_week_operator.py for tasks to queue
[2022-06-24 07:14:17,609] {logging_mixin.py:115} INFO - [2022-06-24 07:14:17,609] {dagbag.py:507} INFO - Filling up the DagBag from /home/airflow/.local/lib/python3.7/site-packages/airflow/example_dags/example_branch_day_of_week_operator.py
[2022-06-24 07:14:17,620] {processor.py:651} INFO - DAG(s) dict_keys(['example_weekday_branch_operator']) retrieved from /home/airflow/.local/lib/python3.7/site-packages/airflow/example_dags/example_branch_day_of_week_operator.py
[2022-06-24 07:14:17,644] {logging_mixin.py:115} INFO - [2022-06-24 07:14:17,644] {dag.py:2379} INFO - Sync 1 DAGs
[2022-06-24 07:14:17,662] {logging_mixin.py:115} INFO - [2022-06-24 07:14:17,662] {dag.py:2931} INFO - Setting next_dagrun for example_weekday_branch_operator to 2022-06-23T00:00:00+00:00, run_after=2022-06-24T00:00:00+00:00
[2022-06-24 07:14:17,675] {processor.py:161} INFO - Processing /home/airflow/.local/lib/python3.7/site-packages/airflow/example_dags/example_branch_day_of_week_operator.py took 0.070 seconds
[2022-06-24 07:14:48,130] {processor.py:153} INFO - Started process (PID=7441) to work on /home/airflow/.local/lib/python3.7/site-packages/airflow/example_dags/example_branch_day_of_week_operator.py
[2022-06-24 07:14:48,131] {processor.py:641} INFO - Processing file /home/airflow/.local/lib/python3.7/site-packages/airflow/example_dags/example_branch_day_of_week_operator.py for tasks to queue
[2022-06-24 07:14:48,132] {logging_mixin.py:115} INFO - [2022-06-24 07:14:48,132] {dagbag.py:507} INFO - Filling up the DagBag from /home/airflow/.local/lib/python3.7/site-packages/airflow/example_dags/example_branch_day_of_week_operator.py
[2022-06-24 07:14:48,142] {processor.py:651} INFO - DAG(s) dict_keys(['example_weekday_branch_operator']) retrieved from /home/airflow/.local/lib/python3.7/site-packages/airflow/example_dags/example_branch_day_of_week_operator.py
[2022-06-24 07:14:48,162] {logging_mixin.py:115} INFO - [2022-06-24 07:14:48,162] {dag.py:2379} INFO - Sync 1 DAGs
[2022-06-24 07:14:48,179] {logging_mixin.py:115} INFO - [2022-06-24 07:14:48,179] {dag.py:2931} INFO - Setting next_dagrun for example_weekday_branch_operator to 2022-06-23T00:00:00+00:00, run_after=2022-06-24T00:00:00+00:00
[2022-06-24 07:14:48,195] {processor.py:161} INFO - Processing /home/airflow/.local/lib/python3.7/site-packages/airflow/example_dags/example_branch_day_of_week_operator.py took 0.069 seconds
[2022-06-24 07:15:18,504] {processor.py:153} INFO - Started process (PID=7506) to work on /home/airflow/.local/lib/python3.7/site-packages/airflow/example_dags/example_branch_day_of_week_operator.py
[2022-06-24 07:15:18,505] {processor.py:641} INFO - Processing file /home/airflow/.local/lib/python3.7/site-packages/airflow/example_dags/example_branch_day_of_week_operator.py for tasks to queue
[2022-06-24 07:15:18,506] {logging_mixin.py:115} INFO - [2022-06-24 07:15:18,506] {dagbag.py:507} INFO - Filling up the DagBag from /home/airflow/.local/lib/python3.7/site-packages/airflow/example_dags/example_branch_day_of_week_operator.py
[2022-06-24 07:15:18,517] {processor.py:651} INFO - DAG(s) dict_keys(['example_weekday_branch_operator']) retrieved from /home/airflow/.local/lib/python3.7/site-packages/airflow/example_dags/example_branch_day_of_week_operator.py
[2022-06-24 07:15:18,540] {logging_mixin.py:115} INFO - [2022-06-24 07:15:18,540] {dag.py:2379} INFO - Sync 1 DAGs
[2022-06-24 07:15:18,558] {logging_mixin.py:115} INFO - [2022-06-24 07:15:18,558] {dag.py:2931} INFO - Setting next_dagrun for example_weekday_branch_operator to 2022-06-23T00:00:00+00:00, run_after=2022-06-24T00:00:00+00:00
[2022-06-24 07:15:18,570] {processor.py:161} INFO - Processing /home/airflow/.local/lib/python3.7/site-packages/airflow/example_dags/example_branch_day_of_week_operator.py took 0.070 seconds
[2022-06-24 07:15:49,009] {processor.py:153} INFO - Started process (PID=7561) to work on /home/airflow/.local/lib/python3.7/site-packages/airflow/example_dags/example_branch_day_of_week_operator.py
[2022-06-24 07:15:49,010] {processor.py:641} INFO - Processing file /home/airflow/.local/lib/python3.7/site-packages/airflow/example_dags/example_branch_day_of_week_operator.py for tasks to queue
[2022-06-24 07:15:49,010] {logging_mixin.py:115} INFO - [2022-06-24 07:15:49,010] {dagbag.py:507} INFO - Filling up the DagBag from /home/airflow/.local/lib/python3.7/site-packages/airflow/example_dags/example_branch_day_of_week_operator.py
[2022-06-24 07:15:49,021] {processor.py:651} INFO - DAG(s) dict_keys(['example_weekday_branch_operator']) retrieved from /home/airflow/.local/lib/python3.7/site-packages/airflow/example_dags/example_branch_day_of_week_operator.py
[2022-06-24 07:15:49,047] {logging_mixin.py:115} INFO - [2022-06-24 07:15:49,047] {dag.py:2379} INFO - Sync 1 DAGs
[2022-06-24 07:15:49,066] {logging_mixin.py:115} INFO - [2022-06-24 07:15:49,065] {dag.py:2931} INFO - Setting next_dagrun for example_weekday_branch_operator to 2022-06-23T00:00:00+00:00, run_after=2022-06-24T00:00:00+00:00
[2022-06-24 07:15:49,077] {processor.py:161} INFO - Processing /home/airflow/.local/lib/python3.7/site-packages/airflow/example_dags/example_branch_day_of_week_operator.py took 0.073 seconds
[2022-06-24 07:16:19,472] {processor.py:153} INFO - Started process (PID=7625) to work on /home/airflow/.local/lib/python3.7/site-packages/airflow/example_dags/example_branch_day_of_week_operator.py
[2022-06-24 07:16:19,473] {processor.py:641} INFO - Processing file /home/airflow/.local/lib/python3.7/site-packages/airflow/example_dags/example_branch_day_of_week_operator.py for tasks to queue
[2022-06-24 07:16:19,474] {logging_mixin.py:115} INFO - [2022-06-24 07:16:19,474] {dagbag.py:507} INFO - Filling up the DagBag from /home/airflow/.local/lib/python3.7/site-packages/airflow/example_dags/example_branch_day_of_week_operator.py
[2022-06-24 07:16:19,486] {processor.py:651} INFO - DAG(s) dict_keys(['example_weekday_branch_operator']) retrieved from /home/airflow/.local/lib/python3.7/site-packages/airflow/example_dags/example_branch_day_of_week_operator.py
[2022-06-24 07:16:19,517] {logging_mixin.py:115} INFO - [2022-06-24 07:16:19,517] {dag.py:2379} INFO - Sync 1 DAGs
[2022-06-24 07:16:19,537] {logging_mixin.py:115} INFO - [2022-06-24 07:16:19,537] {dag.py:2931} INFO - Setting next_dagrun for example_weekday_branch_operator to 2022-06-23T00:00:00+00:00, run_after=2022-06-24T00:00:00+00:00
[2022-06-24 07:16:19,554] {processor.py:161} INFO - Processing /home/airflow/.local/lib/python3.7/site-packages/airflow/example_dags/example_branch_day_of_week_operator.py took 0.086 seconds
[2022-06-24 07:16:49,957] {processor.py:153} INFO - Started process (PID=7689) to work on /home/airflow/.local/lib/python3.7/site-packages/airflow/example_dags/example_branch_day_of_week_operator.py
[2022-06-24 07:16:49,958] {processor.py:641} INFO - Processing file /home/airflow/.local/lib/python3.7/site-packages/airflow/example_dags/example_branch_day_of_week_operator.py for tasks to queue
[2022-06-24 07:16:49,959] {logging_mixin.py:115} INFO - [2022-06-24 07:16:49,959] {dagbag.py:507} INFO - Filling up the DagBag from /home/airflow/.local/lib/python3.7/site-packages/airflow/example_dags/example_branch_day_of_week_operator.py
[2022-06-24 07:16:49,973] {processor.py:651} INFO - DAG(s) dict_keys(['example_weekday_branch_operator']) retrieved from /home/airflow/.local/lib/python3.7/site-packages/airflow/example_dags/example_branch_day_of_week_operator.py
[2022-06-24 07:16:49,997] {logging_mixin.py:115} INFO - [2022-06-24 07:16:49,997] {dag.py:2379} INFO - Sync 1 DAGs
[2022-06-24 07:16:50,014] {logging_mixin.py:115} INFO - [2022-06-24 07:16:50,013] {dag.py:2931} INFO - Setting next_dagrun for example_weekday_branch_operator to 2022-06-23T00:00:00+00:00, run_after=2022-06-24T00:00:00+00:00
[2022-06-24 07:16:50,025] {processor.py:161} INFO - Processing /home/airflow/.local/lib/python3.7/site-packages/airflow/example_dags/example_branch_day_of_week_operator.py took 0.072 seconds
[2022-06-24 07:17:20,529] {processor.py:153} INFO - Started process (PID=7744) to work on /home/airflow/.local/lib/python3.7/site-packages/airflow/example_dags/example_branch_day_of_week_operator.py
[2022-06-24 07:17:20,530] {processor.py:641} INFO - Processing file /home/airflow/.local/lib/python3.7/site-packages/airflow/example_dags/example_branch_day_of_week_operator.py for tasks to queue
[2022-06-24 07:17:20,531] {logging_mixin.py:115} INFO - [2022-06-24 07:17:20,531] {dagbag.py:507} INFO - Filling up the DagBag from /home/airflow/.local/lib/python3.7/site-packages/airflow/example_dags/example_branch_day_of_week_operator.py
[2022-06-24 07:17:20,549] {processor.py:651} INFO - DAG(s) dict_keys(['example_weekday_branch_operator']) retrieved from /home/airflow/.local/lib/python3.7/site-packages/airflow/example_dags/example_branch_day_of_week_operator.py
[2022-06-24 07:17:20,579] {logging_mixin.py:115} INFO - [2022-06-24 07:17:20,579] {dag.py:2379} INFO - Sync 1 DAGs
[2022-06-24 07:17:20,595] {logging_mixin.py:115} INFO - [2022-06-24 07:17:20,595] {dag.py:2931} INFO - Setting next_dagrun for example_weekday_branch_operator to 2022-06-23T00:00:00+00:00, run_after=2022-06-24T00:00:00+00:00
[2022-06-24 07:17:20,609] {processor.py:161} INFO - Processing /home/airflow/.local/lib/python3.7/site-packages/airflow/example_dags/example_branch_day_of_week_operator.py took 0.084 seconds
[2022-06-24 07:17:51,284] {processor.py:153} INFO - Started process (PID=7808) to work on /home/airflow/.local/lib/python3.7/site-packages/airflow/example_dags/example_branch_day_of_week_operator.py
[2022-06-24 07:17:51,284] {processor.py:641} INFO - Processing file /home/airflow/.local/lib/python3.7/site-packages/airflow/example_dags/example_branch_day_of_week_operator.py for tasks to queue
[2022-06-24 07:17:51,285] {logging_mixin.py:115} INFO - [2022-06-24 07:17:51,285] {dagbag.py:507} INFO - Filling up the DagBag from /home/airflow/.local/lib/python3.7/site-packages/airflow/example_dags/example_branch_day_of_week_operator.py
[2022-06-24 07:17:51,298] {processor.py:651} INFO - DAG(s) dict_keys(['example_weekday_branch_operator']) retrieved from /home/airflow/.local/lib/python3.7/site-packages/airflow/example_dags/example_branch_day_of_week_operator.py
[2022-06-24 07:17:51,330] {logging_mixin.py:115} INFO - [2022-06-24 07:17:51,330] {dag.py:2379} INFO - Sync 1 DAGs
[2022-06-24 07:17:51,348] {logging_mixin.py:115} INFO - [2022-06-24 07:17:51,348] {dag.py:2931} INFO - Setting next_dagrun for example_weekday_branch_operator to 2022-06-23T00:00:00+00:00, run_after=2022-06-24T00:00:00+00:00
[2022-06-24 07:17:51,359] {processor.py:161} INFO - Processing /home/airflow/.local/lib/python3.7/site-packages/airflow/example_dags/example_branch_day_of_week_operator.py took 0.081 seconds
[2022-06-24 07:18:22,029] {processor.py:153} INFO - Started process (PID=7872) to work on /home/airflow/.local/lib/python3.7/site-packages/airflow/example_dags/example_branch_day_of_week_operator.py
[2022-06-24 07:18:22,030] {processor.py:641} INFO - Processing file /home/airflow/.local/lib/python3.7/site-packages/airflow/example_dags/example_branch_day_of_week_operator.py for tasks to queue
[2022-06-24 07:18:22,031] {logging_mixin.py:115} INFO - [2022-06-24 07:18:22,031] {dagbag.py:507} INFO - Filling up the DagBag from /home/airflow/.local/lib/python3.7/site-packages/airflow/example_dags/example_branch_day_of_week_operator.py
[2022-06-24 07:18:22,044] {processor.py:651} INFO - DAG(s) dict_keys(['example_weekday_branch_operator']) retrieved from /home/airflow/.local/lib/python3.7/site-packages/airflow/example_dags/example_branch_day_of_week_operator.py
[2022-06-24 07:18:22,073] {logging_mixin.py:115} INFO - [2022-06-24 07:18:22,073] {dag.py:2379} INFO - Sync 1 DAGs
[2022-06-24 07:18:22,094] {logging_mixin.py:115} INFO - [2022-06-24 07:18:22,094] {dag.py:2931} INFO - Setting next_dagrun for example_weekday_branch_operator to 2022-06-23T00:00:00+00:00, run_after=2022-06-24T00:00:00+00:00
[2022-06-24 07:18:22,112] {processor.py:161} INFO - Processing /home/airflow/.local/lib/python3.7/site-packages/airflow/example_dags/example_branch_day_of_week_operator.py took 0.087 seconds
[2022-06-24 07:18:52,667] {processor.py:153} INFO - Started process (PID=7937) to work on /home/airflow/.local/lib/python3.7/site-packages/airflow/example_dags/example_branch_day_of_week_operator.py
[2022-06-24 07:18:52,668] {processor.py:641} INFO - Processing file /home/airflow/.local/lib/python3.7/site-packages/airflow/example_dags/example_branch_day_of_week_operator.py for tasks to queue
[2022-06-24 07:18:52,669] {logging_mixin.py:115} INFO - [2022-06-24 07:18:52,669] {dagbag.py:507} INFO - Filling up the DagBag from /home/airflow/.local/lib/python3.7/site-packages/airflow/example_dags/example_branch_day_of_week_operator.py
[2022-06-24 07:18:52,680] {processor.py:651} INFO - DAG(s) dict_keys(['example_weekday_branch_operator']) retrieved from /home/airflow/.local/lib/python3.7/site-packages/airflow/example_dags/example_branch_day_of_week_operator.py
[2022-06-24 07:18:52,715] {logging_mixin.py:115} INFO - [2022-06-24 07:18:52,715] {dag.py:2379} INFO - Sync 1 DAGs
[2022-06-24 07:18:52,734] {logging_mixin.py:115} INFO - [2022-06-24 07:18:52,734] {dag.py:2931} INFO - Setting next_dagrun for example_weekday_branch_operator to 2022-06-23T00:00:00+00:00, run_after=2022-06-24T00:00:00+00:00
[2022-06-24 07:18:52,750] {processor.py:161} INFO - Processing /home/airflow/.local/lib/python3.7/site-packages/airflow/example_dags/example_branch_day_of_week_operator.py took 0.088 seconds
[2022-06-24 07:19:23,285] {processor.py:153} INFO - Started process (PID=7992) to work on /home/airflow/.local/lib/python3.7/site-packages/airflow/example_dags/example_branch_day_of_week_operator.py
[2022-06-24 07:19:23,286] {processor.py:641} INFO - Processing file /home/airflow/.local/lib/python3.7/site-packages/airflow/example_dags/example_branch_day_of_week_operator.py for tasks to queue
[2022-06-24 07:19:23,287] {logging_mixin.py:115} INFO - [2022-06-24 07:19:23,287] {dagbag.py:507} INFO - Filling up the DagBag from /home/airflow/.local/lib/python3.7/site-packages/airflow/example_dags/example_branch_day_of_week_operator.py
[2022-06-24 07:19:23,294] {processor.py:651} INFO - DAG(s) dict_keys(['example_weekday_branch_operator']) retrieved from /home/airflow/.local/lib/python3.7/site-packages/airflow/example_dags/example_branch_day_of_week_operator.py
[2022-06-24 07:19:23,376] {logging_mixin.py:115} INFO - [2022-06-24 07:19:23,376] {dag.py:2379} INFO - Sync 1 DAGs
[2022-06-24 07:19:23,397] {logging_mixin.py:115} INFO - [2022-06-24 07:19:23,397] {dag.py:2931} INFO - Setting next_dagrun for example_weekday_branch_operator to 2022-06-23T00:00:00+00:00, run_after=2022-06-24T00:00:00+00:00
[2022-06-24 07:19:23,414] {processor.py:161} INFO - Processing /home/airflow/.local/lib/python3.7/site-packages/airflow/example_dags/example_branch_day_of_week_operator.py took 0.133 seconds
[2022-06-24 07:19:53,696] {processor.py:153} INFO - Started process (PID=8056) to work on /home/airflow/.local/lib/python3.7/site-packages/airflow/example_dags/example_branch_day_of_week_operator.py
[2022-06-24 07:19:53,697] {processor.py:641} INFO - Processing file /home/airflow/.local/lib/python3.7/site-packages/airflow/example_dags/example_branch_day_of_week_operator.py for tasks to queue
[2022-06-24 07:19:53,697] {logging_mixin.py:115} INFO - [2022-06-24 07:19:53,697] {dagbag.py:507} INFO - Filling up the DagBag from /home/airflow/.local/lib/python3.7/site-packages/airflow/example_dags/example_branch_day_of_week_operator.py
[2022-06-24 07:19:53,706] {processor.py:651} INFO - DAG(s) dict_keys(['example_weekday_branch_operator']) retrieved from /home/airflow/.local/lib/python3.7/site-packages/airflow/example_dags/example_branch_day_of_week_operator.py
[2022-06-24 07:19:53,733] {logging_mixin.py:115} INFO - [2022-06-24 07:19:53,733] {dag.py:2379} INFO - Sync 1 DAGs
[2022-06-24 07:19:53,749] {logging_mixin.py:115} INFO - [2022-06-24 07:19:53,749] {dag.py:2931} INFO - Setting next_dagrun for example_weekday_branch_operator to 2022-06-23T00:00:00+00:00, run_after=2022-06-24T00:00:00+00:00
[2022-06-24 07:19:53,763] {processor.py:161} INFO - Processing /home/airflow/.local/lib/python3.7/site-packages/airflow/example_dags/example_branch_day_of_week_operator.py took 0.070 seconds
[2022-06-24 07:20:24,043] {processor.py:153} INFO - Started process (PID=8120) to work on /home/airflow/.local/lib/python3.7/site-packages/airflow/example_dags/example_branch_day_of_week_operator.py
[2022-06-24 07:20:24,044] {processor.py:641} INFO - Processing file /home/airflow/.local/lib/python3.7/site-packages/airflow/example_dags/example_branch_day_of_week_operator.py for tasks to queue
[2022-06-24 07:20:24,045] {logging_mixin.py:115} INFO - [2022-06-24 07:20:24,045] {dagbag.py:507} INFO - Filling up the DagBag from /home/airflow/.local/lib/python3.7/site-packages/airflow/example_dags/example_branch_day_of_week_operator.py
[2022-06-24 07:20:24,053] {processor.py:651} INFO - DAG(s) dict_keys(['example_weekday_branch_operator']) retrieved from /home/airflow/.local/lib/python3.7/site-packages/airflow/example_dags/example_branch_day_of_week_operator.py
[2022-06-24 07:20:24,079] {logging_mixin.py:115} INFO - [2022-06-24 07:20:24,079] {dag.py:2379} INFO - Sync 1 DAGs
[2022-06-24 07:20:24,099] {logging_mixin.py:115} INFO - [2022-06-24 07:20:24,099] {dag.py:2931} INFO - Setting next_dagrun for example_weekday_branch_operator to 2022-06-23T00:00:00+00:00, run_after=2022-06-24T00:00:00+00:00
[2022-06-24 07:20:24,115] {processor.py:161} INFO - Processing /home/airflow/.local/lib/python3.7/site-packages/airflow/example_dags/example_branch_day_of_week_operator.py took 0.075 seconds
[2022-06-24 07:20:54,459] {processor.py:153} INFO - Started process (PID=8175) to work on /home/airflow/.local/lib/python3.7/site-packages/airflow/example_dags/example_branch_day_of_week_operator.py
[2022-06-24 07:20:54,460] {processor.py:641} INFO - Processing file /home/airflow/.local/lib/python3.7/site-packages/airflow/example_dags/example_branch_day_of_week_operator.py for tasks to queue
[2022-06-24 07:20:54,461] {logging_mixin.py:115} INFO - [2022-06-24 07:20:54,461] {dagbag.py:507} INFO - Filling up the DagBag from /home/airflow/.local/lib/python3.7/site-packages/airflow/example_dags/example_branch_day_of_week_operator.py
[2022-06-24 07:20:54,468] {processor.py:651} INFO - DAG(s) dict_keys(['example_weekday_branch_operator']) retrieved from /home/airflow/.local/lib/python3.7/site-packages/airflow/example_dags/example_branch_day_of_week_operator.py
[2022-06-24 07:20:54,495] {logging_mixin.py:115} INFO - [2022-06-24 07:20:54,495] {dag.py:2379} INFO - Sync 1 DAGs
[2022-06-24 07:20:54,511] {logging_mixin.py:115} INFO - [2022-06-24 07:20:54,511] {dag.py:2931} INFO - Setting next_dagrun for example_weekday_branch_operator to 2022-06-23T00:00:00+00:00, run_after=2022-06-24T00:00:00+00:00
[2022-06-24 07:20:54,525] {processor.py:161} INFO - Processing /home/airflow/.local/lib/python3.7/site-packages/airflow/example_dags/example_branch_day_of_week_operator.py took 0.070 seconds
[2022-06-24 07:21:25,258] {processor.py:153} INFO - Started process (PID=8239) to work on /home/airflow/.local/lib/python3.7/site-packages/airflow/example_dags/example_branch_day_of_week_operator.py
[2022-06-24 07:21:25,259] {processor.py:641} INFO - Processing file /home/airflow/.local/lib/python3.7/site-packages/airflow/example_dags/example_branch_day_of_week_operator.py for tasks to queue
[2022-06-24 07:21:25,260] {logging_mixin.py:115} INFO - [2022-06-24 07:21:25,260] {dagbag.py:507} INFO - Filling up the DagBag from /home/airflow/.local/lib/python3.7/site-packages/airflow/example_dags/example_branch_day_of_week_operator.py
[2022-06-24 07:21:25,268] {processor.py:651} INFO - DAG(s) dict_keys(['example_weekday_branch_operator']) retrieved from /home/airflow/.local/lib/python3.7/site-packages/airflow/example_dags/example_branch_day_of_week_operator.py
[2022-06-24 07:21:25,298] {logging_mixin.py:115} INFO - [2022-06-24 07:21:25,298] {dag.py:2379} INFO - Sync 1 DAGs
[2022-06-24 07:21:25,329] {logging_mixin.py:115} INFO - [2022-06-24 07:21:25,328] {dag.py:2931} INFO - Setting next_dagrun for example_weekday_branch_operator to 2022-06-23T00:00:00+00:00, run_after=2022-06-24T00:00:00+00:00
[2022-06-24 07:21:25,358] {processor.py:161} INFO - Processing /home/airflow/.local/lib/python3.7/site-packages/airflow/example_dags/example_branch_day_of_week_operator.py took 0.103 seconds
[2022-06-24 07:21:55,680] {processor.py:153} INFO - Started process (PID=8303) to work on /home/airflow/.local/lib/python3.7/site-packages/airflow/example_dags/example_branch_day_of_week_operator.py
[2022-06-24 07:21:55,681] {processor.py:641} INFO - Processing file /home/airflow/.local/lib/python3.7/site-packages/airflow/example_dags/example_branch_day_of_week_operator.py for tasks to queue
[2022-06-24 07:21:55,682] {logging_mixin.py:115} INFO - [2022-06-24 07:21:55,682] {dagbag.py:507} INFO - Filling up the DagBag from /home/airflow/.local/lib/python3.7/site-packages/airflow/example_dags/example_branch_day_of_week_operator.py
[2022-06-24 07:21:55,690] {processor.py:651} INFO - DAG(s) dict_keys(['example_weekday_branch_operator']) retrieved from /home/airflow/.local/lib/python3.7/site-packages/airflow/example_dags/example_branch_day_of_week_operator.py
[2022-06-24 07:21:55,720] {logging_mixin.py:115} INFO - [2022-06-24 07:21:55,720] {dag.py:2379} INFO - Sync 1 DAGs
[2022-06-24 07:21:55,739] {logging_mixin.py:115} INFO - [2022-06-24 07:21:55,739] {dag.py:2931} INFO - Setting next_dagrun for example_weekday_branch_operator to 2022-06-23T00:00:00+00:00, run_after=2022-06-24T00:00:00+00:00
[2022-06-24 07:21:55,751] {processor.py:161} INFO - Processing /home/airflow/.local/lib/python3.7/site-packages/airflow/example_dags/example_branch_day_of_week_operator.py took 0.076 seconds
[2022-06-24 07:22:26,365] {processor.py:153} INFO - Started process (PID=8367) to work on /home/airflow/.local/lib/python3.7/site-packages/airflow/example_dags/example_branch_day_of_week_operator.py
[2022-06-24 07:22:26,366] {processor.py:641} INFO - Processing file /home/airflow/.local/lib/python3.7/site-packages/airflow/example_dags/example_branch_day_of_week_operator.py for tasks to queue
[2022-06-24 07:22:26,367] {logging_mixin.py:115} INFO - [2022-06-24 07:22:26,367] {dagbag.py:507} INFO - Filling up the DagBag from /home/airflow/.local/lib/python3.7/site-packages/airflow/example_dags/example_branch_day_of_week_operator.py
[2022-06-24 07:22:26,379] {processor.py:651} INFO - DAG(s) dict_keys(['example_weekday_branch_operator']) retrieved from /home/airflow/.local/lib/python3.7/site-packages/airflow/example_dags/example_branch_day_of_week_operator.py
[2022-06-24 07:22:26,406] {logging_mixin.py:115} INFO - [2022-06-24 07:22:26,406] {dag.py:2379} INFO - Sync 1 DAGs
[2022-06-24 07:22:26,423] {logging_mixin.py:115} INFO - [2022-06-24 07:22:26,423] {dag.py:2931} INFO - Setting next_dagrun for example_weekday_branch_operator to 2022-06-23T00:00:00+00:00, run_after=2022-06-24T00:00:00+00:00
[2022-06-24 07:22:26,440] {processor.py:161} INFO - Processing /home/airflow/.local/lib/python3.7/site-packages/airflow/example_dags/example_branch_day_of_week_operator.py took 0.078 seconds
[2022-06-24 07:22:57,217] {processor.py:153} INFO - Started process (PID=8422) to work on /home/airflow/.local/lib/python3.7/site-packages/airflow/example_dags/example_branch_day_of_week_operator.py
[2022-06-24 07:22:57,218] {processor.py:641} INFO - Processing file /home/airflow/.local/lib/python3.7/site-packages/airflow/example_dags/example_branch_day_of_week_operator.py for tasks to queue
[2022-06-24 07:22:57,221] {logging_mixin.py:115} INFO - [2022-06-24 07:22:57,221] {dagbag.py:507} INFO - Filling up the DagBag from /home/airflow/.local/lib/python3.7/site-packages/airflow/example_dags/example_branch_day_of_week_operator.py
[2022-06-24 07:22:57,236] {processor.py:651} INFO - DAG(s) dict_keys(['example_weekday_branch_operator']) retrieved from /home/airflow/.local/lib/python3.7/site-packages/airflow/example_dags/example_branch_day_of_week_operator.py
[2022-06-24 07:22:57,279] {logging_mixin.py:115} INFO - [2022-06-24 07:22:57,279] {dag.py:2379} INFO - Sync 1 DAGs
[2022-06-24 07:22:57,310] {logging_mixin.py:115} INFO - [2022-06-24 07:22:57,310] {dag.py:2931} INFO - Setting next_dagrun for example_weekday_branch_operator to 2022-06-23T00:00:00+00:00, run_after=2022-06-24T00:00:00+00:00
[2022-06-24 07:22:57,325] {processor.py:161} INFO - Processing /home/airflow/.local/lib/python3.7/site-packages/airflow/example_dags/example_branch_day_of_week_operator.py took 0.112 seconds
[2022-06-24 07:23:27,458] {processor.py:153} INFO - Started process (PID=8486) to work on /home/airflow/.local/lib/python3.7/site-packages/airflow/example_dags/example_branch_day_of_week_operator.py
[2022-06-24 07:23:27,459] {processor.py:641} INFO - Processing file /home/airflow/.local/lib/python3.7/site-packages/airflow/example_dags/example_branch_day_of_week_operator.py for tasks to queue
[2022-06-24 07:23:27,460] {logging_mixin.py:115} INFO - [2022-06-24 07:23:27,460] {dagbag.py:507} INFO - Filling up the DagBag from /home/airflow/.local/lib/python3.7/site-packages/airflow/example_dags/example_branch_day_of_week_operator.py
[2022-06-24 07:23:27,468] {processor.py:651} INFO - DAG(s) dict_keys(['example_weekday_branch_operator']) retrieved from /home/airflow/.local/lib/python3.7/site-packages/airflow/example_dags/example_branch_day_of_week_operator.py
[2022-06-24 07:23:27,494] {logging_mixin.py:115} INFO - [2022-06-24 07:23:27,494] {dag.py:2379} INFO - Sync 1 DAGs
[2022-06-24 07:23:27,516] {logging_mixin.py:115} INFO - [2022-06-24 07:23:27,516] {dag.py:2931} INFO - Setting next_dagrun for example_weekday_branch_operator to 2022-06-23T00:00:00+00:00, run_after=2022-06-24T00:00:00+00:00
[2022-06-24 07:23:27,535] {processor.py:161} INFO - Processing /home/airflow/.local/lib/python3.7/site-packages/airflow/example_dags/example_branch_day_of_week_operator.py took 0.081 seconds
[2022-06-24 07:23:57,663] {processor.py:153} INFO - Started process (PID=8550) to work on /home/airflow/.local/lib/python3.7/site-packages/airflow/example_dags/example_branch_day_of_week_operator.py
[2022-06-24 07:23:57,664] {processor.py:641} INFO - Processing file /home/airflow/.local/lib/python3.7/site-packages/airflow/example_dags/example_branch_day_of_week_operator.py for tasks to queue
[2022-06-24 07:23:57,665] {logging_mixin.py:115} INFO - [2022-06-24 07:23:57,665] {dagbag.py:507} INFO - Filling up the DagBag from /home/airflow/.local/lib/python3.7/site-packages/airflow/example_dags/example_branch_day_of_week_operator.py
[2022-06-24 07:23:57,674] {processor.py:651} INFO - DAG(s) dict_keys(['example_weekday_branch_operator']) retrieved from /home/airflow/.local/lib/python3.7/site-packages/airflow/example_dags/example_branch_day_of_week_operator.py
[2022-06-24 07:23:57,702] {logging_mixin.py:115} INFO - [2022-06-24 07:23:57,702] {dag.py:2379} INFO - Sync 1 DAGs
[2022-06-24 07:23:57,722] {logging_mixin.py:115} INFO - [2022-06-24 07:23:57,722] {dag.py:2931} INFO - Setting next_dagrun for example_weekday_branch_operator to 2022-06-23T00:00:00+00:00, run_after=2022-06-24T00:00:00+00:00
[2022-06-24 07:23:57,739] {processor.py:161} INFO - Processing /home/airflow/.local/lib/python3.7/site-packages/airflow/example_dags/example_branch_day_of_week_operator.py took 0.080 seconds
[2022-06-24 07:24:28,188] {processor.py:153} INFO - Started process (PID=8606) to work on /home/airflow/.local/lib/python3.7/site-packages/airflow/example_dags/example_branch_day_of_week_operator.py
[2022-06-24 07:24:28,189] {processor.py:641} INFO - Processing file /home/airflow/.local/lib/python3.7/site-packages/airflow/example_dags/example_branch_day_of_week_operator.py for tasks to queue
[2022-06-24 07:24:28,190] {logging_mixin.py:115} INFO - [2022-06-24 07:24:28,190] {dagbag.py:507} INFO - Filling up the DagBag from /home/airflow/.local/lib/python3.7/site-packages/airflow/example_dags/example_branch_day_of_week_operator.py
[2022-06-24 07:24:28,199] {processor.py:651} INFO - DAG(s) dict_keys(['example_weekday_branch_operator']) retrieved from /home/airflow/.local/lib/python3.7/site-packages/airflow/example_dags/example_branch_day_of_week_operator.py
[2022-06-24 07:24:28,238] {logging_mixin.py:115} INFO - [2022-06-24 07:24:28,238] {dag.py:2379} INFO - Sync 1 DAGs
[2022-06-24 07:24:28,294] {logging_mixin.py:115} INFO - [2022-06-24 07:24:28,294] {dag.py:2931} INFO - Setting next_dagrun for example_weekday_branch_operator to 2022-06-23T00:00:00+00:00, run_after=2022-06-24T00:00:00+00:00
[2022-06-24 07:24:28,316] {processor.py:161} INFO - Processing /home/airflow/.local/lib/python3.7/site-packages/airflow/example_dags/example_branch_day_of_week_operator.py took 0.131 seconds
[2022-06-24 07:24:58,559] {processor.py:153} INFO - Started process (PID=8670) to work on /home/airflow/.local/lib/python3.7/site-packages/airflow/example_dags/example_branch_day_of_week_operator.py
[2022-06-24 07:24:58,561] {processor.py:641} INFO - Processing file /home/airflow/.local/lib/python3.7/site-packages/airflow/example_dags/example_branch_day_of_week_operator.py for tasks to queue
[2022-06-24 07:24:58,561] {logging_mixin.py:115} INFO - [2022-06-24 07:24:58,561] {dagbag.py:507} INFO - Filling up the DagBag from /home/airflow/.local/lib/python3.7/site-packages/airflow/example_dags/example_branch_day_of_week_operator.py
[2022-06-24 07:24:58,571] {processor.py:651} INFO - DAG(s) dict_keys(['example_weekday_branch_operator']) retrieved from /home/airflow/.local/lib/python3.7/site-packages/airflow/example_dags/example_branch_day_of_week_operator.py
[2022-06-24 07:24:58,598] {logging_mixin.py:115} INFO - [2022-06-24 07:24:58,598] {dag.py:2379} INFO - Sync 1 DAGs
[2022-06-24 07:24:58,615] {logging_mixin.py:115} INFO - [2022-06-24 07:24:58,615] {dag.py:2931} INFO - Setting next_dagrun for example_weekday_branch_operator to 2022-06-23T00:00:00+00:00, run_after=2022-06-24T00:00:00+00:00
[2022-06-24 07:24:58,628] {processor.py:161} INFO - Processing /home/airflow/.local/lib/python3.7/site-packages/airflow/example_dags/example_branch_day_of_week_operator.py took 0.072 seconds
[2022-06-24 07:25:28,933] {processor.py:153} INFO - Started process (PID=8734) to work on /home/airflow/.local/lib/python3.7/site-packages/airflow/example_dags/example_branch_day_of_week_operator.py
[2022-06-24 07:25:28,934] {processor.py:641} INFO - Processing file /home/airflow/.local/lib/python3.7/site-packages/airflow/example_dags/example_branch_day_of_week_operator.py for tasks to queue
[2022-06-24 07:25:28,935] {logging_mixin.py:115} INFO - [2022-06-24 07:25:28,935] {dagbag.py:507} INFO - Filling up the DagBag from /home/airflow/.local/lib/python3.7/site-packages/airflow/example_dags/example_branch_day_of_week_operator.py
[2022-06-24 07:25:28,942] {processor.py:651} INFO - DAG(s) dict_keys(['example_weekday_branch_operator']) retrieved from /home/airflow/.local/lib/python3.7/site-packages/airflow/example_dags/example_branch_day_of_week_operator.py
[2022-06-24 07:25:28,965] {logging_mixin.py:115} INFO - [2022-06-24 07:25:28,964] {dag.py:2379} INFO - Sync 1 DAGs
[2022-06-24 07:25:28,980] {logging_mixin.py:115} INFO - [2022-06-24 07:25:28,980] {dag.py:2931} INFO - Setting next_dagrun for example_weekday_branch_operator to 2022-06-23T00:00:00+00:00, run_after=2022-06-24T00:00:00+00:00
[2022-06-24 07:25:28,995] {processor.py:161} INFO - Processing /home/airflow/.local/lib/python3.7/site-packages/airflow/example_dags/example_branch_day_of_week_operator.py took 0.066 seconds
[2022-06-24 07:25:59,108] {processor.py:153} INFO - Started process (PID=8789) to work on /home/airflow/.local/lib/python3.7/site-packages/airflow/example_dags/example_branch_day_of_week_operator.py
[2022-06-24 07:25:59,109] {processor.py:641} INFO - Processing file /home/airflow/.local/lib/python3.7/site-packages/airflow/example_dags/example_branch_day_of_week_operator.py for tasks to queue
[2022-06-24 07:25:59,110] {logging_mixin.py:115} INFO - [2022-06-24 07:25:59,110] {dagbag.py:507} INFO - Filling up the DagBag from /home/airflow/.local/lib/python3.7/site-packages/airflow/example_dags/example_branch_day_of_week_operator.py
[2022-06-24 07:25:59,121] {processor.py:651} INFO - DAG(s) dict_keys(['example_weekday_branch_operator']) retrieved from /home/airflow/.local/lib/python3.7/site-packages/airflow/example_dags/example_branch_day_of_week_operator.py
[2022-06-24 07:25:59,149] {logging_mixin.py:115} INFO - [2022-06-24 07:25:59,149] {dag.py:2379} INFO - Sync 1 DAGs
[2022-06-24 07:25:59,170] {logging_mixin.py:115} INFO - [2022-06-24 07:25:59,170] {dag.py:2931} INFO - Setting next_dagrun for example_weekday_branch_operator to 2022-06-23T00:00:00+00:00, run_after=2022-06-24T00:00:00+00:00
[2022-06-24 07:25:59,186] {processor.py:161} INFO - Processing /home/airflow/.local/lib/python3.7/site-packages/airflow/example_dags/example_branch_day_of_week_operator.py took 0.085 seconds
