[2022-06-24 06:58:33,468] {processor.py:153} INFO - Started process (PID=5480) to work on /home/airflow/.local/lib/python3.7/site-packages/airflow/example_dags/example_python_operator.py
[2022-06-24 06:58:33,470] {processor.py:641} INFO - Processing file /home/airflow/.local/lib/python3.7/site-packages/airflow/example_dags/example_python_operator.py for tasks to queue
[2022-06-24 06:58:33,477] {logging_mixin.py:115} INFO - [2022-06-24 06:58:33,473] {dagbag.py:507} INFO - Filling up the DagBag from /home/airflow/.local/lib/python3.7/site-packages/airflow/example_dags/example_python_operator.py
[2022-06-24 06:58:33,511] {processor.py:651} INFO - DAG(s) dict_keys(['example_python_operator']) retrieved from /home/airflow/.local/lib/python3.7/site-packages/airflow/example_dags/example_python_operator.py
[2022-06-24 06:58:33,545] {logging_mixin.py:115} INFO - [2022-06-24 06:58:33,545] {dag.py:2379} INFO - Sync 1 DAGs
[2022-06-24 06:58:33,562] {logging_mixin.py:115} INFO - [2022-06-24 06:58:33,562] {dag.py:2931} INFO - Setting next_dagrun for example_python_operator to None, run_after=None
[2022-06-24 06:58:33,575] {processor.py:161} INFO - Processing /home/airflow/.local/lib/python3.7/site-packages/airflow/example_dags/example_python_operator.py took 0.111 seconds
[2022-06-24 06:59:05,637] {processor.py:153} INFO - Started process (PID=5535) to work on /home/airflow/.local/lib/python3.7/site-packages/airflow/example_dags/example_python_operator.py
[2022-06-24 06:59:05,639] {processor.py:641} INFO - Processing file /home/airflow/.local/lib/python3.7/site-packages/airflow/example_dags/example_python_operator.py for tasks to queue
[2022-06-24 06:59:05,646] {logging_mixin.py:115} INFO - [2022-06-24 06:59:05,646] {dagbag.py:507} INFO - Filling up the DagBag from /home/airflow/.local/lib/python3.7/site-packages/airflow/example_dags/example_python_operator.py
[2022-06-24 06:59:05,718] {processor.py:651} INFO - DAG(s) dict_keys(['example_python_operator']) retrieved from /home/airflow/.local/lib/python3.7/site-packages/airflow/example_dags/example_python_operator.py
[2022-06-24 06:59:05,818] {logging_mixin.py:115} INFO - [2022-06-24 06:59:05,818] {dag.py:2379} INFO - Sync 1 DAGs
[2022-06-24 06:59:05,885] {logging_mixin.py:115} INFO - [2022-06-24 06:59:05,884] {dag.py:2931} INFO - Setting next_dagrun for example_python_operator to None, run_after=None
[2022-06-24 06:59:05,911] {processor.py:161} INFO - Processing /home/airflow/.local/lib/python3.7/site-packages/airflow/example_dags/example_python_operator.py took 0.277 seconds
[2022-06-24 06:59:36,016] {processor.py:153} INFO - Started process (PID=5591) to work on /home/airflow/.local/lib/python3.7/site-packages/airflow/example_dags/example_python_operator.py
[2022-06-24 06:59:36,018] {processor.py:641} INFO - Processing file /home/airflow/.local/lib/python3.7/site-packages/airflow/example_dags/example_python_operator.py for tasks to queue
[2022-06-24 06:59:36,018] {logging_mixin.py:115} INFO - [2022-06-24 06:59:36,018] {dagbag.py:507} INFO - Filling up the DagBag from /home/airflow/.local/lib/python3.7/site-packages/airflow/example_dags/example_python_operator.py
[2022-06-24 06:59:36,041] {processor.py:651} INFO - DAG(s) dict_keys(['example_python_operator']) retrieved from /home/airflow/.local/lib/python3.7/site-packages/airflow/example_dags/example_python_operator.py
[2022-06-24 06:59:36,070] {logging_mixin.py:115} INFO - [2022-06-24 06:59:36,070] {dag.py:2379} INFO - Sync 1 DAGs
[2022-06-24 06:59:36,088] {logging_mixin.py:115} INFO - [2022-06-24 06:59:36,088] {dag.py:2931} INFO - Setting next_dagrun for example_python_operator to None, run_after=None
[2022-06-24 06:59:36,104] {processor.py:161} INFO - Processing /home/airflow/.local/lib/python3.7/site-packages/airflow/example_dags/example_python_operator.py took 0.091 seconds
[2022-06-24 07:00:06,256] {processor.py:153} INFO - Started process (PID=5655) to work on /home/airflow/.local/lib/python3.7/site-packages/airflow/example_dags/example_python_operator.py
[2022-06-24 07:00:06,257] {processor.py:641} INFO - Processing file /home/airflow/.local/lib/python3.7/site-packages/airflow/example_dags/example_python_operator.py for tasks to queue
[2022-06-24 07:00:06,258] {logging_mixin.py:115} INFO - [2022-06-24 07:00:06,258] {dagbag.py:507} INFO - Filling up the DagBag from /home/airflow/.local/lib/python3.7/site-packages/airflow/example_dags/example_python_operator.py
[2022-06-24 07:00:06,277] {processor.py:651} INFO - DAG(s) dict_keys(['example_python_operator']) retrieved from /home/airflow/.local/lib/python3.7/site-packages/airflow/example_dags/example_python_operator.py
[2022-06-24 07:00:06,307] {logging_mixin.py:115} INFO - [2022-06-24 07:00:06,306] {dag.py:2379} INFO - Sync 1 DAGs
[2022-06-24 07:00:06,325] {logging_mixin.py:115} INFO - [2022-06-24 07:00:06,325] {dag.py:2931} INFO - Setting next_dagrun for example_python_operator to None, run_after=None
[2022-06-24 07:00:06,339] {processor.py:161} INFO - Processing /home/airflow/.local/lib/python3.7/site-packages/airflow/example_dags/example_python_operator.py took 0.087 seconds
[2022-06-24 07:00:36,883] {processor.py:153} INFO - Started process (PID=5719) to work on /home/airflow/.local/lib/python3.7/site-packages/airflow/example_dags/example_python_operator.py
[2022-06-24 07:00:36,884] {processor.py:641} INFO - Processing file /home/airflow/.local/lib/python3.7/site-packages/airflow/example_dags/example_python_operator.py for tasks to queue
[2022-06-24 07:00:36,885] {logging_mixin.py:115} INFO - [2022-06-24 07:00:36,885] {dagbag.py:507} INFO - Filling up the DagBag from /home/airflow/.local/lib/python3.7/site-packages/airflow/example_dags/example_python_operator.py
[2022-06-24 07:00:36,902] {processor.py:651} INFO - DAG(s) dict_keys(['example_python_operator']) retrieved from /home/airflow/.local/lib/python3.7/site-packages/airflow/example_dags/example_python_operator.py
[2022-06-24 07:00:36,926] {logging_mixin.py:115} INFO - [2022-06-24 07:00:36,926] {dag.py:2379} INFO - Sync 1 DAGs
[2022-06-24 07:00:36,946] {logging_mixin.py:115} INFO - [2022-06-24 07:00:36,946] {dag.py:2931} INFO - Setting next_dagrun for example_python_operator to None, run_after=None
[2022-06-24 07:00:36,981] {processor.py:161} INFO - Processing /home/airflow/.local/lib/python3.7/site-packages/airflow/example_dags/example_python_operator.py took 0.101 seconds
[2022-06-24 07:01:07,116] {processor.py:153} INFO - Started process (PID=5774) to work on /home/airflow/.local/lib/python3.7/site-packages/airflow/example_dags/example_python_operator.py
[2022-06-24 07:01:07,117] {processor.py:641} INFO - Processing file /home/airflow/.local/lib/python3.7/site-packages/airflow/example_dags/example_python_operator.py for tasks to queue
[2022-06-24 07:01:07,118] {logging_mixin.py:115} INFO - [2022-06-24 07:01:07,118] {dagbag.py:507} INFO - Filling up the DagBag from /home/airflow/.local/lib/python3.7/site-packages/airflow/example_dags/example_python_operator.py
[2022-06-24 07:01:07,137] {processor.py:651} INFO - DAG(s) dict_keys(['example_python_operator']) retrieved from /home/airflow/.local/lib/python3.7/site-packages/airflow/example_dags/example_python_operator.py
[2022-06-24 07:01:07,159] {logging_mixin.py:115} INFO - [2022-06-24 07:01:07,159] {dag.py:2379} INFO - Sync 1 DAGs
[2022-06-24 07:01:07,175] {logging_mixin.py:115} INFO - [2022-06-24 07:01:07,175] {dag.py:2931} INFO - Setting next_dagrun for example_python_operator to None, run_after=None
[2022-06-24 07:01:07,189] {processor.py:161} INFO - Processing /home/airflow/.local/lib/python3.7/site-packages/airflow/example_dags/example_python_operator.py took 0.077 seconds
[2022-06-24 07:01:37,672] {processor.py:153} INFO - Started process (PID=5840) to work on /home/airflow/.local/lib/python3.7/site-packages/airflow/example_dags/example_python_operator.py
[2022-06-24 07:01:37,673] {processor.py:641} INFO - Processing file /home/airflow/.local/lib/python3.7/site-packages/airflow/example_dags/example_python_operator.py for tasks to queue
[2022-06-24 07:01:37,674] {logging_mixin.py:115} INFO - [2022-06-24 07:01:37,674] {dagbag.py:507} INFO - Filling up the DagBag from /home/airflow/.local/lib/python3.7/site-packages/airflow/example_dags/example_python_operator.py
[2022-06-24 07:01:37,694] {processor.py:651} INFO - DAG(s) dict_keys(['example_python_operator']) retrieved from /home/airflow/.local/lib/python3.7/site-packages/airflow/example_dags/example_python_operator.py
[2022-06-24 07:01:37,720] {logging_mixin.py:115} INFO - [2022-06-24 07:01:37,720] {dag.py:2379} INFO - Sync 1 DAGs
[2022-06-24 07:01:37,737] {logging_mixin.py:115} INFO - [2022-06-24 07:01:37,737] {dag.py:2931} INFO - Setting next_dagrun for example_python_operator to None, run_after=None
[2022-06-24 07:01:37,752] {processor.py:161} INFO - Processing /home/airflow/.local/lib/python3.7/site-packages/airflow/example_dags/example_python_operator.py took 0.083 seconds
[2022-06-24 07:02:08,162] {processor.py:153} INFO - Started process (PID=5904) to work on /home/airflow/.local/lib/python3.7/site-packages/airflow/example_dags/example_python_operator.py
[2022-06-24 07:02:08,164] {processor.py:641} INFO - Processing file /home/airflow/.local/lib/python3.7/site-packages/airflow/example_dags/example_python_operator.py for tasks to queue
[2022-06-24 07:02:08,164] {logging_mixin.py:115} INFO - [2022-06-24 07:02:08,164] {dagbag.py:507} INFO - Filling up the DagBag from /home/airflow/.local/lib/python3.7/site-packages/airflow/example_dags/example_python_operator.py
[2022-06-24 07:02:08,185] {processor.py:651} INFO - DAG(s) dict_keys(['example_python_operator']) retrieved from /home/airflow/.local/lib/python3.7/site-packages/airflow/example_dags/example_python_operator.py
[2022-06-24 07:02:08,211] {logging_mixin.py:115} INFO - [2022-06-24 07:02:08,211] {dag.py:2379} INFO - Sync 1 DAGs
[2022-06-24 07:02:08,226] {logging_mixin.py:115} INFO - [2022-06-24 07:02:08,226] {dag.py:2931} INFO - Setting next_dagrun for example_python_operator to None, run_after=None
[2022-06-24 07:02:08,240] {processor.py:161} INFO - Processing /home/airflow/.local/lib/python3.7/site-packages/airflow/example_dags/example_python_operator.py took 0.081 seconds
[2022-06-24 07:02:38,454] {processor.py:153} INFO - Started process (PID=5968) to work on /home/airflow/.local/lib/python3.7/site-packages/airflow/example_dags/example_python_operator.py
[2022-06-24 07:02:38,455] {processor.py:641} INFO - Processing file /home/airflow/.local/lib/python3.7/site-packages/airflow/example_dags/example_python_operator.py for tasks to queue
[2022-06-24 07:02:38,455] {logging_mixin.py:115} INFO - [2022-06-24 07:02:38,455] {dagbag.py:507} INFO - Filling up the DagBag from /home/airflow/.local/lib/python3.7/site-packages/airflow/example_dags/example_python_operator.py
[2022-06-24 07:02:38,476] {processor.py:651} INFO - DAG(s) dict_keys(['example_python_operator']) retrieved from /home/airflow/.local/lib/python3.7/site-packages/airflow/example_dags/example_python_operator.py
[2022-06-24 07:02:38,501] {logging_mixin.py:115} INFO - [2022-06-24 07:02:38,500] {dag.py:2379} INFO - Sync 1 DAGs
[2022-06-24 07:02:38,517] {logging_mixin.py:115} INFO - [2022-06-24 07:02:38,517] {dag.py:2931} INFO - Setting next_dagrun for example_python_operator to None, run_after=None
[2022-06-24 07:02:38,529] {processor.py:161} INFO - Processing /home/airflow/.local/lib/python3.7/site-packages/airflow/example_dags/example_python_operator.py took 0.079 seconds
[2022-06-24 07:03:08,725] {processor.py:153} INFO - Started process (PID=6023) to work on /home/airflow/.local/lib/python3.7/site-packages/airflow/example_dags/example_python_operator.py
[2022-06-24 07:03:08,726] {processor.py:641} INFO - Processing file /home/airflow/.local/lib/python3.7/site-packages/airflow/example_dags/example_python_operator.py for tasks to queue
[2022-06-24 07:03:08,726] {logging_mixin.py:115} INFO - [2022-06-24 07:03:08,726] {dagbag.py:507} INFO - Filling up the DagBag from /home/airflow/.local/lib/python3.7/site-packages/airflow/example_dags/example_python_operator.py
[2022-06-24 07:03:08,746] {processor.py:651} INFO - DAG(s) dict_keys(['example_python_operator']) retrieved from /home/airflow/.local/lib/python3.7/site-packages/airflow/example_dags/example_python_operator.py
[2022-06-24 07:03:08,766] {logging_mixin.py:115} INFO - [2022-06-24 07:03:08,766] {dag.py:2379} INFO - Sync 1 DAGs
[2022-06-24 07:03:08,782] {logging_mixin.py:115} INFO - [2022-06-24 07:03:08,782] {dag.py:2931} INFO - Setting next_dagrun for example_python_operator to None, run_after=None
[2022-06-24 07:03:08,794] {processor.py:161} INFO - Processing /home/airflow/.local/lib/python3.7/site-packages/airflow/example_dags/example_python_operator.py took 0.073 seconds
[2022-06-24 07:03:39,203] {processor.py:153} INFO - Started process (PID=6087) to work on /home/airflow/.local/lib/python3.7/site-packages/airflow/example_dags/example_python_operator.py
[2022-06-24 07:03:39,204] {processor.py:641} INFO - Processing file /home/airflow/.local/lib/python3.7/site-packages/airflow/example_dags/example_python_operator.py for tasks to queue
[2022-06-24 07:03:39,205] {logging_mixin.py:115} INFO - [2022-06-24 07:03:39,205] {dagbag.py:507} INFO - Filling up the DagBag from /home/airflow/.local/lib/python3.7/site-packages/airflow/example_dags/example_python_operator.py
[2022-06-24 07:03:39,223] {processor.py:651} INFO - DAG(s) dict_keys(['example_python_operator']) retrieved from /home/airflow/.local/lib/python3.7/site-packages/airflow/example_dags/example_python_operator.py
[2022-06-24 07:03:39,246] {logging_mixin.py:115} INFO - [2022-06-24 07:03:39,245] {dag.py:2379} INFO - Sync 1 DAGs
[2022-06-24 07:03:39,266] {logging_mixin.py:115} INFO - [2022-06-24 07:03:39,266] {dag.py:2931} INFO - Setting next_dagrun for example_python_operator to None, run_after=None
[2022-06-24 07:03:39,280] {processor.py:161} INFO - Processing /home/airflow/.local/lib/python3.7/site-packages/airflow/example_dags/example_python_operator.py took 0.080 seconds
[2022-06-24 07:04:09,512] {processor.py:153} INFO - Started process (PID=6151) to work on /home/airflow/.local/lib/python3.7/site-packages/airflow/example_dags/example_python_operator.py
[2022-06-24 07:04:09,513] {processor.py:641} INFO - Processing file /home/airflow/.local/lib/python3.7/site-packages/airflow/example_dags/example_python_operator.py for tasks to queue
[2022-06-24 07:04:09,514] {logging_mixin.py:115} INFO - [2022-06-24 07:04:09,514] {dagbag.py:507} INFO - Filling up the DagBag from /home/airflow/.local/lib/python3.7/site-packages/airflow/example_dags/example_python_operator.py
[2022-06-24 07:04:09,538] {processor.py:651} INFO - DAG(s) dict_keys(['example_python_operator']) retrieved from /home/airflow/.local/lib/python3.7/site-packages/airflow/example_dags/example_python_operator.py
[2022-06-24 07:04:09,565] {logging_mixin.py:115} INFO - [2022-06-24 07:04:09,565] {dag.py:2379} INFO - Sync 1 DAGs
[2022-06-24 07:04:09,586] {logging_mixin.py:115} INFO - [2022-06-24 07:04:09,586] {dag.py:2931} INFO - Setting next_dagrun for example_python_operator to None, run_after=None
[2022-06-24 07:04:09,598] {processor.py:161} INFO - Processing /home/airflow/.local/lib/python3.7/site-packages/airflow/example_dags/example_python_operator.py took 0.092 seconds
[2022-06-24 07:04:40,050] {processor.py:153} INFO - Started process (PID=6207) to work on /home/airflow/.local/lib/python3.7/site-packages/airflow/example_dags/example_python_operator.py
[2022-06-24 07:04:40,051] {processor.py:641} INFO - Processing file /home/airflow/.local/lib/python3.7/site-packages/airflow/example_dags/example_python_operator.py for tasks to queue
[2022-06-24 07:04:40,052] {logging_mixin.py:115} INFO - [2022-06-24 07:04:40,052] {dagbag.py:507} INFO - Filling up the DagBag from /home/airflow/.local/lib/python3.7/site-packages/airflow/example_dags/example_python_operator.py
[2022-06-24 07:04:40,068] {processor.py:651} INFO - DAG(s) dict_keys(['example_python_operator']) retrieved from /home/airflow/.local/lib/python3.7/site-packages/airflow/example_dags/example_python_operator.py
[2022-06-24 07:04:40,095] {logging_mixin.py:115} INFO - [2022-06-24 07:04:40,095] {dag.py:2379} INFO - Sync 1 DAGs
[2022-06-24 07:04:40,108] {logging_mixin.py:115} INFO - [2022-06-24 07:04:40,108] {dag.py:2931} INFO - Setting next_dagrun for example_python_operator to None, run_after=None
[2022-06-24 07:04:40,122] {processor.py:161} INFO - Processing /home/airflow/.local/lib/python3.7/site-packages/airflow/example_dags/example_python_operator.py took 0.075 seconds
[2022-06-24 07:05:10,469] {processor.py:153} INFO - Started process (PID=6271) to work on /home/airflow/.local/lib/python3.7/site-packages/airflow/example_dags/example_python_operator.py
[2022-06-24 07:05:10,470] {processor.py:641} INFO - Processing file /home/airflow/.local/lib/python3.7/site-packages/airflow/example_dags/example_python_operator.py for tasks to queue
[2022-06-24 07:05:10,470] {logging_mixin.py:115} INFO - [2022-06-24 07:05:10,470] {dagbag.py:507} INFO - Filling up the DagBag from /home/airflow/.local/lib/python3.7/site-packages/airflow/example_dags/example_python_operator.py
[2022-06-24 07:05:10,487] {processor.py:651} INFO - DAG(s) dict_keys(['example_python_operator']) retrieved from /home/airflow/.local/lib/python3.7/site-packages/airflow/example_dags/example_python_operator.py
[2022-06-24 07:05:10,509] {logging_mixin.py:115} INFO - [2022-06-24 07:05:10,509] {dag.py:2379} INFO - Sync 1 DAGs
[2022-06-24 07:05:10,523] {logging_mixin.py:115} INFO - [2022-06-24 07:05:10,523] {dag.py:2931} INFO - Setting next_dagrun for example_python_operator to None, run_after=None
[2022-06-24 07:05:10,535] {processor.py:161} INFO - Processing /home/airflow/.local/lib/python3.7/site-packages/airflow/example_dags/example_python_operator.py took 0.070 seconds
[2022-06-24 07:05:40,854] {processor.py:153} INFO - Started process (PID=6335) to work on /home/airflow/.local/lib/python3.7/site-packages/airflow/example_dags/example_python_operator.py
[2022-06-24 07:05:40,855] {processor.py:641} INFO - Processing file /home/airflow/.local/lib/python3.7/site-packages/airflow/example_dags/example_python_operator.py for tasks to queue
[2022-06-24 07:05:40,856] {logging_mixin.py:115} INFO - [2022-06-24 07:05:40,856] {dagbag.py:507} INFO - Filling up the DagBag from /home/airflow/.local/lib/python3.7/site-packages/airflow/example_dags/example_python_operator.py
[2022-06-24 07:05:40,876] {processor.py:651} INFO - DAG(s) dict_keys(['example_python_operator']) retrieved from /home/airflow/.local/lib/python3.7/site-packages/airflow/example_dags/example_python_operator.py
[2022-06-24 07:05:40,900] {logging_mixin.py:115} INFO - [2022-06-24 07:05:40,900] {dag.py:2379} INFO - Sync 1 DAGs
[2022-06-24 07:05:40,916] {logging_mixin.py:115} INFO - [2022-06-24 07:05:40,916] {dag.py:2931} INFO - Setting next_dagrun for example_python_operator to None, run_after=None
[2022-06-24 07:05:40,929] {processor.py:161} INFO - Processing /home/airflow/.local/lib/python3.7/site-packages/airflow/example_dags/example_python_operator.py took 0.077 seconds
[2022-06-24 07:06:11,232] {processor.py:153} INFO - Started process (PID=6399) to work on /home/airflow/.local/lib/python3.7/site-packages/airflow/example_dags/example_python_operator.py
[2022-06-24 07:06:11,233] {processor.py:641} INFO - Processing file /home/airflow/.local/lib/python3.7/site-packages/airflow/example_dags/example_python_operator.py for tasks to queue
[2022-06-24 07:06:11,234] {logging_mixin.py:115} INFO - [2022-06-24 07:06:11,234] {dagbag.py:507} INFO - Filling up the DagBag from /home/airflow/.local/lib/python3.7/site-packages/airflow/example_dags/example_python_operator.py
[2022-06-24 07:06:11,251] {processor.py:651} INFO - DAG(s) dict_keys(['example_python_operator']) retrieved from /home/airflow/.local/lib/python3.7/site-packages/airflow/example_dags/example_python_operator.py
[2022-06-24 07:06:11,278] {logging_mixin.py:115} INFO - [2022-06-24 07:06:11,277] {dag.py:2379} INFO - Sync 1 DAGs
[2022-06-24 07:06:11,292] {logging_mixin.py:115} INFO - [2022-06-24 07:06:11,292] {dag.py:2931} INFO - Setting next_dagrun for example_python_operator to None, run_after=None
[2022-06-24 07:06:11,306] {processor.py:161} INFO - Processing /home/airflow/.local/lib/python3.7/site-packages/airflow/example_dags/example_python_operator.py took 0.077 seconds
[2022-06-24 07:06:42,248] {processor.py:153} INFO - Started process (PID=6454) to work on /home/airflow/.local/lib/python3.7/site-packages/airflow/example_dags/example_python_operator.py
[2022-06-24 07:06:42,249] {processor.py:641} INFO - Processing file /home/airflow/.local/lib/python3.7/site-packages/airflow/example_dags/example_python_operator.py for tasks to queue
[2022-06-24 07:06:42,250] {logging_mixin.py:115} INFO - [2022-06-24 07:06:42,250] {dagbag.py:507} INFO - Filling up the DagBag from /home/airflow/.local/lib/python3.7/site-packages/airflow/example_dags/example_python_operator.py
[2022-06-24 07:06:42,271] {processor.py:651} INFO - DAG(s) dict_keys(['example_python_operator']) retrieved from /home/airflow/.local/lib/python3.7/site-packages/airflow/example_dags/example_python_operator.py
[2022-06-24 07:06:42,297] {logging_mixin.py:115} INFO - [2022-06-24 07:06:42,297] {dag.py:2379} INFO - Sync 1 DAGs
[2022-06-24 07:06:42,312] {logging_mixin.py:115} INFO - [2022-06-24 07:06:42,312] {dag.py:2931} INFO - Setting next_dagrun for example_python_operator to None, run_after=None
[2022-06-24 07:06:42,326] {processor.py:161} INFO - Processing /home/airflow/.local/lib/python3.7/site-packages/airflow/example_dags/example_python_operator.py took 0.082 seconds
[2022-06-24 07:07:12,678] {processor.py:153} INFO - Started process (PID=6518) to work on /home/airflow/.local/lib/python3.7/site-packages/airflow/example_dags/example_python_operator.py
[2022-06-24 07:07:12,679] {processor.py:641} INFO - Processing file /home/airflow/.local/lib/python3.7/site-packages/airflow/example_dags/example_python_operator.py for tasks to queue
[2022-06-24 07:07:12,680] {logging_mixin.py:115} INFO - [2022-06-24 07:07:12,680] {dagbag.py:507} INFO - Filling up the DagBag from /home/airflow/.local/lib/python3.7/site-packages/airflow/example_dags/example_python_operator.py
[2022-06-24 07:07:12,701] {processor.py:651} INFO - DAG(s) dict_keys(['example_python_operator']) retrieved from /home/airflow/.local/lib/python3.7/site-packages/airflow/example_dags/example_python_operator.py
[2022-06-24 07:07:12,727] {logging_mixin.py:115} INFO - [2022-06-24 07:07:12,727] {dag.py:2379} INFO - Sync 1 DAGs
[2022-06-24 07:07:12,743] {logging_mixin.py:115} INFO - [2022-06-24 07:07:12,743] {dag.py:2931} INFO - Setting next_dagrun for example_python_operator to None, run_after=None
[2022-06-24 07:07:12,759] {processor.py:161} INFO - Processing /home/airflow/.local/lib/python3.7/site-packages/airflow/example_dags/example_python_operator.py took 0.085 seconds
[2022-06-24 07:07:43,065] {processor.py:153} INFO - Started process (PID=6582) to work on /home/airflow/.local/lib/python3.7/site-packages/airflow/example_dags/example_python_operator.py
[2022-06-24 07:07:43,066] {processor.py:641} INFO - Processing file /home/airflow/.local/lib/python3.7/site-packages/airflow/example_dags/example_python_operator.py for tasks to queue
[2022-06-24 07:07:43,067] {logging_mixin.py:115} INFO - [2022-06-24 07:07:43,067] {dagbag.py:507} INFO - Filling up the DagBag from /home/airflow/.local/lib/python3.7/site-packages/airflow/example_dags/example_python_operator.py
[2022-06-24 07:07:43,084] {processor.py:651} INFO - DAG(s) dict_keys(['example_python_operator']) retrieved from /home/airflow/.local/lib/python3.7/site-packages/airflow/example_dags/example_python_operator.py
[2022-06-24 07:07:43,110] {logging_mixin.py:115} INFO - [2022-06-24 07:07:43,110] {dag.py:2379} INFO - Sync 1 DAGs
[2022-06-24 07:07:43,124] {logging_mixin.py:115} INFO - [2022-06-24 07:07:43,124] {dag.py:2931} INFO - Setting next_dagrun for example_python_operator to None, run_after=None
[2022-06-24 07:07:43,138] {processor.py:161} INFO - Processing /home/airflow/.local/lib/python3.7/site-packages/airflow/example_dags/example_python_operator.py took 0.078 seconds
[2022-06-24 07:08:13,642] {processor.py:153} INFO - Started process (PID=6646) to work on /home/airflow/.local/lib/python3.7/site-packages/airflow/example_dags/example_python_operator.py
[2022-06-24 07:08:13,643] {processor.py:641} INFO - Processing file /home/airflow/.local/lib/python3.7/site-packages/airflow/example_dags/example_python_operator.py for tasks to queue
[2022-06-24 07:08:13,645] {logging_mixin.py:115} INFO - [2022-06-24 07:08:13,644] {dagbag.py:507} INFO - Filling up the DagBag from /home/airflow/.local/lib/python3.7/site-packages/airflow/example_dags/example_python_operator.py
[2022-06-24 07:08:13,669] {processor.py:651} INFO - DAG(s) dict_keys(['example_python_operator']) retrieved from /home/airflow/.local/lib/python3.7/site-packages/airflow/example_dags/example_python_operator.py
[2022-06-24 07:08:13,702] {logging_mixin.py:115} INFO - [2022-06-24 07:08:13,702] {dag.py:2379} INFO - Sync 1 DAGs
[2022-06-24 07:08:13,723] {logging_mixin.py:115} INFO - [2022-06-24 07:08:13,723] {dag.py:2931} INFO - Setting next_dagrun for example_python_operator to None, run_after=None
[2022-06-24 07:08:13,741] {processor.py:161} INFO - Processing /home/airflow/.local/lib/python3.7/site-packages/airflow/example_dags/example_python_operator.py took 0.102 seconds
[2022-06-24 07:08:44,077] {processor.py:153} INFO - Started process (PID=6701) to work on /home/airflow/.local/lib/python3.7/site-packages/airflow/example_dags/example_python_operator.py
[2022-06-24 07:08:44,078] {processor.py:641} INFO - Processing file /home/airflow/.local/lib/python3.7/site-packages/airflow/example_dags/example_python_operator.py for tasks to queue
[2022-06-24 07:08:44,079] {logging_mixin.py:115} INFO - [2022-06-24 07:08:44,079] {dagbag.py:507} INFO - Filling up the DagBag from /home/airflow/.local/lib/python3.7/site-packages/airflow/example_dags/example_python_operator.py
[2022-06-24 07:08:44,095] {processor.py:651} INFO - DAG(s) dict_keys(['example_python_operator']) retrieved from /home/airflow/.local/lib/python3.7/site-packages/airflow/example_dags/example_python_operator.py
[2022-06-24 07:08:44,118] {logging_mixin.py:115} INFO - [2022-06-24 07:08:44,117] {dag.py:2379} INFO - Sync 1 DAGs
[2022-06-24 07:08:44,131] {logging_mixin.py:115} INFO - [2022-06-24 07:08:44,131] {dag.py:2931} INFO - Setting next_dagrun for example_python_operator to None, run_after=None
[2022-06-24 07:08:44,145] {processor.py:161} INFO - Processing /home/airflow/.local/lib/python3.7/site-packages/airflow/example_dags/example_python_operator.py took 0.071 seconds
[2022-06-24 07:09:14,587] {processor.py:153} INFO - Started process (PID=6765) to work on /home/airflow/.local/lib/python3.7/site-packages/airflow/example_dags/example_python_operator.py
[2022-06-24 07:09:14,589] {processor.py:641} INFO - Processing file /home/airflow/.local/lib/python3.7/site-packages/airflow/example_dags/example_python_operator.py for tasks to queue
[2022-06-24 07:09:14,590] {logging_mixin.py:115} INFO - [2022-06-24 07:09:14,590] {dagbag.py:507} INFO - Filling up the DagBag from /home/airflow/.local/lib/python3.7/site-packages/airflow/example_dags/example_python_operator.py
[2022-06-24 07:09:14,611] {processor.py:651} INFO - DAG(s) dict_keys(['example_python_operator']) retrieved from /home/airflow/.local/lib/python3.7/site-packages/airflow/example_dags/example_python_operator.py
[2022-06-24 07:09:14,636] {logging_mixin.py:115} INFO - [2022-06-24 07:09:14,636] {dag.py:2379} INFO - Sync 1 DAGs
[2022-06-24 07:09:14,650] {logging_mixin.py:115} INFO - [2022-06-24 07:09:14,650] {dag.py:2931} INFO - Setting next_dagrun for example_python_operator to None, run_after=None
[2022-06-24 07:09:14,665] {processor.py:161} INFO - Processing /home/airflow/.local/lib/python3.7/site-packages/airflow/example_dags/example_python_operator.py took 0.081 seconds
[2022-06-24 07:09:45,212] {processor.py:153} INFO - Started process (PID=6829) to work on /home/airflow/.local/lib/python3.7/site-packages/airflow/example_dags/example_python_operator.py
[2022-06-24 07:09:45,213] {processor.py:641} INFO - Processing file /home/airflow/.local/lib/python3.7/site-packages/airflow/example_dags/example_python_operator.py for tasks to queue
[2022-06-24 07:09:45,214] {logging_mixin.py:115} INFO - [2022-06-24 07:09:45,214] {dagbag.py:507} INFO - Filling up the DagBag from /home/airflow/.local/lib/python3.7/site-packages/airflow/example_dags/example_python_operator.py
[2022-06-24 07:09:45,231] {processor.py:651} INFO - DAG(s) dict_keys(['example_python_operator']) retrieved from /home/airflow/.local/lib/python3.7/site-packages/airflow/example_dags/example_python_operator.py
[2022-06-24 07:09:45,252] {logging_mixin.py:115} INFO - [2022-06-24 07:09:45,251] {dag.py:2379} INFO - Sync 1 DAGs
[2022-06-24 07:09:45,269] {logging_mixin.py:115} INFO - [2022-06-24 07:09:45,269] {dag.py:2931} INFO - Setting next_dagrun for example_python_operator to None, run_after=None
[2022-06-24 07:09:45,286] {processor.py:161} INFO - Processing /home/airflow/.local/lib/python3.7/site-packages/airflow/example_dags/example_python_operator.py took 0.078 seconds
[2022-06-24 07:10:15,589] {processor.py:153} INFO - Started process (PID=6884) to work on /home/airflow/.local/lib/python3.7/site-packages/airflow/example_dags/example_python_operator.py
[2022-06-24 07:10:15,590] {processor.py:641} INFO - Processing file /home/airflow/.local/lib/python3.7/site-packages/airflow/example_dags/example_python_operator.py for tasks to queue
[2022-06-24 07:10:15,591] {logging_mixin.py:115} INFO - [2022-06-24 07:10:15,591] {dagbag.py:507} INFO - Filling up the DagBag from /home/airflow/.local/lib/python3.7/site-packages/airflow/example_dags/example_python_operator.py
[2022-06-24 07:10:15,607] {processor.py:651} INFO - DAG(s) dict_keys(['example_python_operator']) retrieved from /home/airflow/.local/lib/python3.7/site-packages/airflow/example_dags/example_python_operator.py
[2022-06-24 07:10:15,631] {logging_mixin.py:115} INFO - [2022-06-24 07:10:15,631] {dag.py:2379} INFO - Sync 1 DAGs
[2022-06-24 07:10:15,645] {logging_mixin.py:115} INFO - [2022-06-24 07:10:15,645] {dag.py:2931} INFO - Setting next_dagrun for example_python_operator to None, run_after=None
[2022-06-24 07:10:15,661] {processor.py:161} INFO - Processing /home/airflow/.local/lib/python3.7/site-packages/airflow/example_dags/example_python_operator.py took 0.076 seconds
[2022-06-24 07:10:46,087] {processor.py:153} INFO - Started process (PID=6948) to work on /home/airflow/.local/lib/python3.7/site-packages/airflow/example_dags/example_python_operator.py
[2022-06-24 07:10:46,088] {processor.py:641} INFO - Processing file /home/airflow/.local/lib/python3.7/site-packages/airflow/example_dags/example_python_operator.py for tasks to queue
[2022-06-24 07:10:46,089] {logging_mixin.py:115} INFO - [2022-06-24 07:10:46,089] {dagbag.py:507} INFO - Filling up the DagBag from /home/airflow/.local/lib/python3.7/site-packages/airflow/example_dags/example_python_operator.py
[2022-06-24 07:10:46,105] {processor.py:651} INFO - DAG(s) dict_keys(['example_python_operator']) retrieved from /home/airflow/.local/lib/python3.7/site-packages/airflow/example_dags/example_python_operator.py
[2022-06-24 07:10:46,127] {logging_mixin.py:115} INFO - [2022-06-24 07:10:46,126] {dag.py:2379} INFO - Sync 1 DAGs
[2022-06-24 07:10:46,141] {logging_mixin.py:115} INFO - [2022-06-24 07:10:46,141] {dag.py:2931} INFO - Setting next_dagrun for example_python_operator to None, run_after=None
[2022-06-24 07:10:46,155] {processor.py:161} INFO - Processing /home/airflow/.local/lib/python3.7/site-packages/airflow/example_dags/example_python_operator.py took 0.072 seconds
[2022-06-24 07:11:16,442] {processor.py:153} INFO - Started process (PID=7012) to work on /home/airflow/.local/lib/python3.7/site-packages/airflow/example_dags/example_python_operator.py
[2022-06-24 07:11:16,443] {processor.py:641} INFO - Processing file /home/airflow/.local/lib/python3.7/site-packages/airflow/example_dags/example_python_operator.py for tasks to queue
[2022-06-24 07:11:16,443] {logging_mixin.py:115} INFO - [2022-06-24 07:11:16,443] {dagbag.py:507} INFO - Filling up the DagBag from /home/airflow/.local/lib/python3.7/site-packages/airflow/example_dags/example_python_operator.py
[2022-06-24 07:11:16,459] {processor.py:651} INFO - DAG(s) dict_keys(['example_python_operator']) retrieved from /home/airflow/.local/lib/python3.7/site-packages/airflow/example_dags/example_python_operator.py
[2022-06-24 07:11:16,480] {logging_mixin.py:115} INFO - [2022-06-24 07:11:16,480] {dag.py:2379} INFO - Sync 1 DAGs
[2022-06-24 07:11:16,495] {logging_mixin.py:115} INFO - [2022-06-24 07:11:16,495] {dag.py:2931} INFO - Setting next_dagrun for example_python_operator to None, run_after=None
[2022-06-24 07:11:16,510] {processor.py:161} INFO - Processing /home/airflow/.local/lib/python3.7/site-packages/airflow/example_dags/example_python_operator.py took 0.071 seconds
[2022-06-24 07:11:46,767] {processor.py:153} INFO - Started process (PID=7077) to work on /home/airflow/.local/lib/python3.7/site-packages/airflow/example_dags/example_python_operator.py
[2022-06-24 07:11:46,769] {processor.py:641} INFO - Processing file /home/airflow/.local/lib/python3.7/site-packages/airflow/example_dags/example_python_operator.py for tasks to queue
[2022-06-24 07:11:46,770] {logging_mixin.py:115} INFO - [2022-06-24 07:11:46,770] {dagbag.py:507} INFO - Filling up the DagBag from /home/airflow/.local/lib/python3.7/site-packages/airflow/example_dags/example_python_operator.py
[2022-06-24 07:11:46,787] {processor.py:651} INFO - DAG(s) dict_keys(['example_python_operator']) retrieved from /home/airflow/.local/lib/python3.7/site-packages/airflow/example_dags/example_python_operator.py
[2022-06-24 07:11:46,811] {logging_mixin.py:115} INFO - [2022-06-24 07:11:46,811] {dag.py:2379} INFO - Sync 1 DAGs
[2022-06-24 07:11:46,827] {logging_mixin.py:115} INFO - [2022-06-24 07:11:46,827] {dag.py:2931} INFO - Setting next_dagrun for example_python_operator to None, run_after=None
[2022-06-24 07:11:46,840] {processor.py:161} INFO - Processing /home/airflow/.local/lib/python3.7/site-packages/airflow/example_dags/example_python_operator.py took 0.076 seconds
[2022-06-24 07:12:16,956] {processor.py:153} INFO - Started process (PID=7132) to work on /home/airflow/.local/lib/python3.7/site-packages/airflow/example_dags/example_python_operator.py
[2022-06-24 07:12:16,957] {processor.py:641} INFO - Processing file /home/airflow/.local/lib/python3.7/site-packages/airflow/example_dags/example_python_operator.py for tasks to queue
[2022-06-24 07:12:16,958] {logging_mixin.py:115} INFO - [2022-06-24 07:12:16,958] {dagbag.py:507} INFO - Filling up the DagBag from /home/airflow/.local/lib/python3.7/site-packages/airflow/example_dags/example_python_operator.py
[2022-06-24 07:12:16,974] {processor.py:651} INFO - DAG(s) dict_keys(['example_python_operator']) retrieved from /home/airflow/.local/lib/python3.7/site-packages/airflow/example_dags/example_python_operator.py
[2022-06-24 07:12:17,001] {logging_mixin.py:115} INFO - [2022-06-24 07:12:17,001] {dag.py:2379} INFO - Sync 1 DAGs
[2022-06-24 07:12:17,015] {logging_mixin.py:115} INFO - [2022-06-24 07:12:17,015] {dag.py:2931} INFO - Setting next_dagrun for example_python_operator to None, run_after=None
[2022-06-24 07:12:17,028] {processor.py:161} INFO - Processing /home/airflow/.local/lib/python3.7/site-packages/airflow/example_dags/example_python_operator.py took 0.075 seconds
[2022-06-24 07:12:47,143] {processor.py:153} INFO - Started process (PID=7196) to work on /home/airflow/.local/lib/python3.7/site-packages/airflow/example_dags/example_python_operator.py
[2022-06-24 07:12:47,144] {processor.py:641} INFO - Processing file /home/airflow/.local/lib/python3.7/site-packages/airflow/example_dags/example_python_operator.py for tasks to queue
[2022-06-24 07:12:47,145] {logging_mixin.py:115} INFO - [2022-06-24 07:12:47,145] {dagbag.py:507} INFO - Filling up the DagBag from /home/airflow/.local/lib/python3.7/site-packages/airflow/example_dags/example_python_operator.py
[2022-06-24 07:12:47,166] {processor.py:651} INFO - DAG(s) dict_keys(['example_python_operator']) retrieved from /home/airflow/.local/lib/python3.7/site-packages/airflow/example_dags/example_python_operator.py
[2022-06-24 07:12:47,187] {logging_mixin.py:115} INFO - [2022-06-24 07:12:47,187] {dag.py:2379} INFO - Sync 1 DAGs
[2022-06-24 07:12:47,204] {logging_mixin.py:115} INFO - [2022-06-24 07:12:47,204] {dag.py:2931} INFO - Setting next_dagrun for example_python_operator to None, run_after=None
[2022-06-24 07:12:47,220] {processor.py:161} INFO - Processing /home/airflow/.local/lib/python3.7/site-packages/airflow/example_dags/example_python_operator.py took 0.080 seconds
[2022-06-24 07:13:17,434] {processor.py:153} INFO - Started process (PID=7260) to work on /home/airflow/.local/lib/python3.7/site-packages/airflow/example_dags/example_python_operator.py
[2022-06-24 07:13:17,436] {processor.py:641} INFO - Processing file /home/airflow/.local/lib/python3.7/site-packages/airflow/example_dags/example_python_operator.py for tasks to queue
[2022-06-24 07:13:17,437] {logging_mixin.py:115} INFO - [2022-06-24 07:13:17,436] {dagbag.py:507} INFO - Filling up the DagBag from /home/airflow/.local/lib/python3.7/site-packages/airflow/example_dags/example_python_operator.py
[2022-06-24 07:13:17,452] {processor.py:651} INFO - DAG(s) dict_keys(['example_python_operator']) retrieved from /home/airflow/.local/lib/python3.7/site-packages/airflow/example_dags/example_python_operator.py
[2022-06-24 07:13:17,474] {logging_mixin.py:115} INFO - [2022-06-24 07:13:17,474] {dag.py:2379} INFO - Sync 1 DAGs
[2022-06-24 07:13:17,489] {logging_mixin.py:115} INFO - [2022-06-24 07:13:17,488] {dag.py:2931} INFO - Setting next_dagrun for example_python_operator to None, run_after=None
[2022-06-24 07:13:17,504] {processor.py:161} INFO - Processing /home/airflow/.local/lib/python3.7/site-packages/airflow/example_dags/example_python_operator.py took 0.072 seconds
[2022-06-24 07:13:48,053] {processor.py:153} INFO - Started process (PID=7315) to work on /home/airflow/.local/lib/python3.7/site-packages/airflow/example_dags/example_python_operator.py
[2022-06-24 07:13:48,054] {processor.py:641} INFO - Processing file /home/airflow/.local/lib/python3.7/site-packages/airflow/example_dags/example_python_operator.py for tasks to queue
[2022-06-24 07:13:48,055] {logging_mixin.py:115} INFO - [2022-06-24 07:13:48,055] {dagbag.py:507} INFO - Filling up the DagBag from /home/airflow/.local/lib/python3.7/site-packages/airflow/example_dags/example_python_operator.py
[2022-06-24 07:13:48,075] {processor.py:651} INFO - DAG(s) dict_keys(['example_python_operator']) retrieved from /home/airflow/.local/lib/python3.7/site-packages/airflow/example_dags/example_python_operator.py
[2022-06-24 07:13:48,133] {logging_mixin.py:115} INFO - [2022-06-24 07:13:48,133] {dag.py:2379} INFO - Sync 1 DAGs
[2022-06-24 07:13:48,153] {logging_mixin.py:115} INFO - [2022-06-24 07:13:48,153] {dag.py:2931} INFO - Setting next_dagrun for example_python_operator to None, run_after=None
[2022-06-24 07:13:48,167] {processor.py:161} INFO - Processing /home/airflow/.local/lib/python3.7/site-packages/airflow/example_dags/example_python_operator.py took 0.118 seconds
[2022-06-24 07:14:18,722] {processor.py:153} INFO - Started process (PID=7379) to work on /home/airflow/.local/lib/python3.7/site-packages/airflow/example_dags/example_python_operator.py
[2022-06-24 07:14:18,723] {processor.py:641} INFO - Processing file /home/airflow/.local/lib/python3.7/site-packages/airflow/example_dags/example_python_operator.py for tasks to queue
[2022-06-24 07:14:18,724] {logging_mixin.py:115} INFO - [2022-06-24 07:14:18,724] {dagbag.py:507} INFO - Filling up the DagBag from /home/airflow/.local/lib/python3.7/site-packages/airflow/example_dags/example_python_operator.py
[2022-06-24 07:14:18,739] {processor.py:651} INFO - DAG(s) dict_keys(['example_python_operator']) retrieved from /home/airflow/.local/lib/python3.7/site-packages/airflow/example_dags/example_python_operator.py
[2022-06-24 07:14:18,764] {logging_mixin.py:115} INFO - [2022-06-24 07:14:18,764] {dag.py:2379} INFO - Sync 1 DAGs
[2022-06-24 07:14:18,779] {logging_mixin.py:115} INFO - [2022-06-24 07:14:18,778] {dag.py:2931} INFO - Setting next_dagrun for example_python_operator to None, run_after=None
[2022-06-24 07:14:18,793] {processor.py:161} INFO - Processing /home/airflow/.local/lib/python3.7/site-packages/airflow/example_dags/example_python_operator.py took 0.075 seconds
[2022-06-24 07:14:49,240] {processor.py:153} INFO - Started process (PID=7443) to work on /home/airflow/.local/lib/python3.7/site-packages/airflow/example_dags/example_python_operator.py
[2022-06-24 07:14:49,241] {processor.py:641} INFO - Processing file /home/airflow/.local/lib/python3.7/site-packages/airflow/example_dags/example_python_operator.py for tasks to queue
[2022-06-24 07:14:49,242] {logging_mixin.py:115} INFO - [2022-06-24 07:14:49,242] {dagbag.py:507} INFO - Filling up the DagBag from /home/airflow/.local/lib/python3.7/site-packages/airflow/example_dags/example_python_operator.py
[2022-06-24 07:14:49,268] {processor.py:651} INFO - DAG(s) dict_keys(['example_python_operator']) retrieved from /home/airflow/.local/lib/python3.7/site-packages/airflow/example_dags/example_python_operator.py
[2022-06-24 07:14:49,291] {logging_mixin.py:115} INFO - [2022-06-24 07:14:49,291] {dag.py:2379} INFO - Sync 1 DAGs
[2022-06-24 07:14:49,306] {logging_mixin.py:115} INFO - [2022-06-24 07:14:49,306] {dag.py:2931} INFO - Setting next_dagrun for example_python_operator to None, run_after=None
[2022-06-24 07:14:49,321] {processor.py:161} INFO - Processing /home/airflow/.local/lib/python3.7/site-packages/airflow/example_dags/example_python_operator.py took 0.084 seconds
[2022-06-24 07:15:19,616] {processor.py:153} INFO - Started process (PID=7508) to work on /home/airflow/.local/lib/python3.7/site-packages/airflow/example_dags/example_python_operator.py
[2022-06-24 07:15:19,617] {processor.py:641} INFO - Processing file /home/airflow/.local/lib/python3.7/site-packages/airflow/example_dags/example_python_operator.py for tasks to queue
[2022-06-24 07:15:19,618] {logging_mixin.py:115} INFO - [2022-06-24 07:15:19,618] {dagbag.py:507} INFO - Filling up the DagBag from /home/airflow/.local/lib/python3.7/site-packages/airflow/example_dags/example_python_operator.py
[2022-06-24 07:15:19,635] {processor.py:651} INFO - DAG(s) dict_keys(['example_python_operator']) retrieved from /home/airflow/.local/lib/python3.7/site-packages/airflow/example_dags/example_python_operator.py
[2022-06-24 07:15:19,656] {logging_mixin.py:115} INFO - [2022-06-24 07:15:19,656] {dag.py:2379} INFO - Sync 1 DAGs
[2022-06-24 07:15:19,673] {logging_mixin.py:115} INFO - [2022-06-24 07:15:19,673] {dag.py:2931} INFO - Setting next_dagrun for example_python_operator to None, run_after=None
[2022-06-24 07:15:19,687] {processor.py:161} INFO - Processing /home/airflow/.local/lib/python3.7/site-packages/airflow/example_dags/example_python_operator.py took 0.074 seconds
[2022-06-24 07:15:50,116] {processor.py:153} INFO - Started process (PID=7563) to work on /home/airflow/.local/lib/python3.7/site-packages/airflow/example_dags/example_python_operator.py
[2022-06-24 07:15:50,117] {processor.py:641} INFO - Processing file /home/airflow/.local/lib/python3.7/site-packages/airflow/example_dags/example_python_operator.py for tasks to queue
[2022-06-24 07:15:50,118] {logging_mixin.py:115} INFO - [2022-06-24 07:15:50,118] {dagbag.py:507} INFO - Filling up the DagBag from /home/airflow/.local/lib/python3.7/site-packages/airflow/example_dags/example_python_operator.py
[2022-06-24 07:15:50,138] {processor.py:651} INFO - DAG(s) dict_keys(['example_python_operator']) retrieved from /home/airflow/.local/lib/python3.7/site-packages/airflow/example_dags/example_python_operator.py
[2022-06-24 07:15:50,167] {logging_mixin.py:115} INFO - [2022-06-24 07:15:50,167] {dag.py:2379} INFO - Sync 1 DAGs
[2022-06-24 07:15:50,204] {logging_mixin.py:115} INFO - [2022-06-24 07:15:50,204] {dag.py:2931} INFO - Setting next_dagrun for example_python_operator to None, run_after=None
[2022-06-24 07:15:50,235] {processor.py:161} INFO - Processing /home/airflow/.local/lib/python3.7/site-packages/airflow/example_dags/example_python_operator.py took 0.122 seconds
[2022-06-24 07:16:20,610] {processor.py:153} INFO - Started process (PID=7627) to work on /home/airflow/.local/lib/python3.7/site-packages/airflow/example_dags/example_python_operator.py
[2022-06-24 07:16:20,612] {processor.py:641} INFO - Processing file /home/airflow/.local/lib/python3.7/site-packages/airflow/example_dags/example_python_operator.py for tasks to queue
[2022-06-24 07:16:20,613] {logging_mixin.py:115} INFO - [2022-06-24 07:16:20,613] {dagbag.py:507} INFO - Filling up the DagBag from /home/airflow/.local/lib/python3.7/site-packages/airflow/example_dags/example_python_operator.py
[2022-06-24 07:16:20,633] {processor.py:651} INFO - DAG(s) dict_keys(['example_python_operator']) retrieved from /home/airflow/.local/lib/python3.7/site-packages/airflow/example_dags/example_python_operator.py
[2022-06-24 07:16:20,661] {logging_mixin.py:115} INFO - [2022-06-24 07:16:20,661] {dag.py:2379} INFO - Sync 1 DAGs
[2022-06-24 07:16:20,678] {logging_mixin.py:115} INFO - [2022-06-24 07:16:20,678] {dag.py:2931} INFO - Setting next_dagrun for example_python_operator to None, run_after=None
[2022-06-24 07:16:20,694] {processor.py:161} INFO - Processing /home/airflow/.local/lib/python3.7/site-packages/airflow/example_dags/example_python_operator.py took 0.087 seconds
[2022-06-24 07:16:51,079] {processor.py:153} INFO - Started process (PID=7691) to work on /home/airflow/.local/lib/python3.7/site-packages/airflow/example_dags/example_python_operator.py
[2022-06-24 07:16:51,080] {processor.py:641} INFO - Processing file /home/airflow/.local/lib/python3.7/site-packages/airflow/example_dags/example_python_operator.py for tasks to queue
[2022-06-24 07:16:51,081] {logging_mixin.py:115} INFO - [2022-06-24 07:16:51,081] {dagbag.py:507} INFO - Filling up the DagBag from /home/airflow/.local/lib/python3.7/site-packages/airflow/example_dags/example_python_operator.py
[2022-06-24 07:16:51,101] {processor.py:651} INFO - DAG(s) dict_keys(['example_python_operator']) retrieved from /home/airflow/.local/lib/python3.7/site-packages/airflow/example_dags/example_python_operator.py
[2022-06-24 07:16:51,135] {logging_mixin.py:115} INFO - [2022-06-24 07:16:51,135] {dag.py:2379} INFO - Sync 1 DAGs
[2022-06-24 07:16:51,156] {logging_mixin.py:115} INFO - [2022-06-24 07:16:51,155] {dag.py:2931} INFO - Setting next_dagrun for example_python_operator to None, run_after=None
[2022-06-24 07:16:51,169] {processor.py:161} INFO - Processing /home/airflow/.local/lib/python3.7/site-packages/airflow/example_dags/example_python_operator.py took 0.094 seconds
[2022-06-24 07:17:21,652] {processor.py:153} INFO - Started process (PID=7755) to work on /home/airflow/.local/lib/python3.7/site-packages/airflow/example_dags/example_python_operator.py
[2022-06-24 07:17:21,653] {processor.py:641} INFO - Processing file /home/airflow/.local/lib/python3.7/site-packages/airflow/example_dags/example_python_operator.py for tasks to queue
[2022-06-24 07:17:21,654] {logging_mixin.py:115} INFO - [2022-06-24 07:17:21,654] {dagbag.py:507} INFO - Filling up the DagBag from /home/airflow/.local/lib/python3.7/site-packages/airflow/example_dags/example_python_operator.py
[2022-06-24 07:17:21,710] {processor.py:651} INFO - DAG(s) dict_keys(['example_python_operator']) retrieved from /home/airflow/.local/lib/python3.7/site-packages/airflow/example_dags/example_python_operator.py
[2022-06-24 07:17:21,748] {logging_mixin.py:115} INFO - [2022-06-24 07:17:21,748] {dag.py:2379} INFO - Sync 1 DAGs
[2022-06-24 07:17:21,770] {logging_mixin.py:115} INFO - [2022-06-24 07:17:21,770] {dag.py:2931} INFO - Setting next_dagrun for example_python_operator to None, run_after=None
[2022-06-24 07:17:21,787] {processor.py:161} INFO - Processing /home/airflow/.local/lib/python3.7/site-packages/airflow/example_dags/example_python_operator.py took 0.139 seconds
[2022-06-24 07:17:52,415] {processor.py:153} INFO - Started process (PID=7810) to work on /home/airflow/.local/lib/python3.7/site-packages/airflow/example_dags/example_python_operator.py
[2022-06-24 07:17:52,416] {processor.py:641} INFO - Processing file /home/airflow/.local/lib/python3.7/site-packages/airflow/example_dags/example_python_operator.py for tasks to queue
[2022-06-24 07:17:52,417] {logging_mixin.py:115} INFO - [2022-06-24 07:17:52,417] {dagbag.py:507} INFO - Filling up the DagBag from /home/airflow/.local/lib/python3.7/site-packages/airflow/example_dags/example_python_operator.py
[2022-06-24 07:17:52,450] {processor.py:651} INFO - DAG(s) dict_keys(['example_python_operator']) retrieved from /home/airflow/.local/lib/python3.7/site-packages/airflow/example_dags/example_python_operator.py
[2022-06-24 07:17:52,482] {logging_mixin.py:115} INFO - [2022-06-24 07:17:52,482] {dag.py:2379} INFO - Sync 1 DAGs
[2022-06-24 07:17:52,501] {logging_mixin.py:115} INFO - [2022-06-24 07:17:52,501] {dag.py:2931} INFO - Setting next_dagrun for example_python_operator to None, run_after=None
[2022-06-24 07:17:52,516] {processor.py:161} INFO - Processing /home/airflow/.local/lib/python3.7/site-packages/airflow/example_dags/example_python_operator.py took 0.105 seconds
[2022-06-24 07:18:23,173] {processor.py:153} INFO - Started process (PID=7874) to work on /home/airflow/.local/lib/python3.7/site-packages/airflow/example_dags/example_python_operator.py
[2022-06-24 07:18:23,174] {processor.py:641} INFO - Processing file /home/airflow/.local/lib/python3.7/site-packages/airflow/example_dags/example_python_operator.py for tasks to queue
[2022-06-24 07:18:23,176] {logging_mixin.py:115} INFO - [2022-06-24 07:18:23,175] {dagbag.py:507} INFO - Filling up the DagBag from /home/airflow/.local/lib/python3.7/site-packages/airflow/example_dags/example_python_operator.py
[2022-06-24 07:18:23,196] {processor.py:651} INFO - DAG(s) dict_keys(['example_python_operator']) retrieved from /home/airflow/.local/lib/python3.7/site-packages/airflow/example_dags/example_python_operator.py
[2022-06-24 07:18:23,224] {logging_mixin.py:115} INFO - [2022-06-24 07:18:23,224] {dag.py:2379} INFO - Sync 1 DAGs
[2022-06-24 07:18:23,238] {logging_mixin.py:115} INFO - [2022-06-24 07:18:23,238] {dag.py:2931} INFO - Setting next_dagrun for example_python_operator to None, run_after=None
[2022-06-24 07:18:23,257] {processor.py:161} INFO - Processing /home/airflow/.local/lib/python3.7/site-packages/airflow/example_dags/example_python_operator.py took 0.090 seconds
[2022-06-24 07:18:53,800] {processor.py:153} INFO - Started process (PID=7939) to work on /home/airflow/.local/lib/python3.7/site-packages/airflow/example_dags/example_python_operator.py
[2022-06-24 07:18:53,802] {processor.py:641} INFO - Processing file /home/airflow/.local/lib/python3.7/site-packages/airflow/example_dags/example_python_operator.py for tasks to queue
[2022-06-24 07:18:53,803] {logging_mixin.py:115} INFO - [2022-06-24 07:18:53,802] {dagbag.py:507} INFO - Filling up the DagBag from /home/airflow/.local/lib/python3.7/site-packages/airflow/example_dags/example_python_operator.py
[2022-06-24 07:18:53,822] {processor.py:651} INFO - DAG(s) dict_keys(['example_python_operator']) retrieved from /home/airflow/.local/lib/python3.7/site-packages/airflow/example_dags/example_python_operator.py
[2022-06-24 07:18:53,846] {logging_mixin.py:115} INFO - [2022-06-24 07:18:53,846] {dag.py:2379} INFO - Sync 1 DAGs
[2022-06-24 07:18:53,865] {logging_mixin.py:115} INFO - [2022-06-24 07:18:53,865] {dag.py:2931} INFO - Setting next_dagrun for example_python_operator to None, run_after=None
[2022-06-24 07:18:53,882] {processor.py:161} INFO - Processing /home/airflow/.local/lib/python3.7/site-packages/airflow/example_dags/example_python_operator.py took 0.085 seconds
[2022-06-24 07:19:24,305] {processor.py:153} INFO - Started process (PID=7994) to work on /home/airflow/.local/lib/python3.7/site-packages/airflow/example_dags/example_python_operator.py
[2022-06-24 07:19:24,307] {processor.py:641} INFO - Processing file /home/airflow/.local/lib/python3.7/site-packages/airflow/example_dags/example_python_operator.py for tasks to queue
[2022-06-24 07:19:24,307] {logging_mixin.py:115} INFO - [2022-06-24 07:19:24,307] {dagbag.py:507} INFO - Filling up the DagBag from /home/airflow/.local/lib/python3.7/site-packages/airflow/example_dags/example_python_operator.py
[2022-06-24 07:19:24,325] {processor.py:651} INFO - DAG(s) dict_keys(['example_python_operator']) retrieved from /home/airflow/.local/lib/python3.7/site-packages/airflow/example_dags/example_python_operator.py
[2022-06-24 07:19:24,351] {logging_mixin.py:115} INFO - [2022-06-24 07:19:24,351] {dag.py:2379} INFO - Sync 1 DAGs
[2022-06-24 07:19:24,369] {logging_mixin.py:115} INFO - [2022-06-24 07:19:24,369] {dag.py:2931} INFO - Setting next_dagrun for example_python_operator to None, run_after=None
[2022-06-24 07:19:24,386] {processor.py:161} INFO - Processing /home/airflow/.local/lib/python3.7/site-packages/airflow/example_dags/example_python_operator.py took 0.085 seconds
[2022-06-24 07:19:54,807] {processor.py:153} INFO - Started process (PID=8058) to work on /home/airflow/.local/lib/python3.7/site-packages/airflow/example_dags/example_python_operator.py
[2022-06-24 07:19:54,808] {processor.py:641} INFO - Processing file /home/airflow/.local/lib/python3.7/site-packages/airflow/example_dags/example_python_operator.py for tasks to queue
[2022-06-24 07:19:54,809] {logging_mixin.py:115} INFO - [2022-06-24 07:19:54,809] {dagbag.py:507} INFO - Filling up the DagBag from /home/airflow/.local/lib/python3.7/site-packages/airflow/example_dags/example_python_operator.py
[2022-06-24 07:19:54,827] {processor.py:651} INFO - DAG(s) dict_keys(['example_python_operator']) retrieved from /home/airflow/.local/lib/python3.7/site-packages/airflow/example_dags/example_python_operator.py
[2022-06-24 07:19:54,855] {logging_mixin.py:115} INFO - [2022-06-24 07:19:54,854] {dag.py:2379} INFO - Sync 1 DAGs
[2022-06-24 07:19:54,874] {logging_mixin.py:115} INFO - [2022-06-24 07:19:54,874] {dag.py:2931} INFO - Setting next_dagrun for example_python_operator to None, run_after=None
[2022-06-24 07:19:54,889] {processor.py:161} INFO - Processing /home/airflow/.local/lib/python3.7/site-packages/airflow/example_dags/example_python_operator.py took 0.086 seconds
[2022-06-24 07:20:25,191] {processor.py:153} INFO - Started process (PID=8122) to work on /home/airflow/.local/lib/python3.7/site-packages/airflow/example_dags/example_python_operator.py
[2022-06-24 07:20:25,192] {processor.py:641} INFO - Processing file /home/airflow/.local/lib/python3.7/site-packages/airflow/example_dags/example_python_operator.py for tasks to queue
[2022-06-24 07:20:25,192] {logging_mixin.py:115} INFO - [2022-06-24 07:20:25,192] {dagbag.py:507} INFO - Filling up the DagBag from /home/airflow/.local/lib/python3.7/site-packages/airflow/example_dags/example_python_operator.py
[2022-06-24 07:20:25,214] {processor.py:651} INFO - DAG(s) dict_keys(['example_python_operator']) retrieved from /home/airflow/.local/lib/python3.7/site-packages/airflow/example_dags/example_python_operator.py
[2022-06-24 07:20:25,246] {logging_mixin.py:115} INFO - [2022-06-24 07:20:25,246] {dag.py:2379} INFO - Sync 1 DAGs
[2022-06-24 07:20:25,264] {logging_mixin.py:115} INFO - [2022-06-24 07:20:25,264] {dag.py:2931} INFO - Setting next_dagrun for example_python_operator to None, run_after=None
[2022-06-24 07:20:25,277] {processor.py:161} INFO - Processing /home/airflow/.local/lib/python3.7/site-packages/airflow/example_dags/example_python_operator.py took 0.091 seconds
[2022-06-24 07:20:55,568] {processor.py:153} INFO - Started process (PID=8186) to work on /home/airflow/.local/lib/python3.7/site-packages/airflow/example_dags/example_python_operator.py
[2022-06-24 07:20:55,569] {processor.py:641} INFO - Processing file /home/airflow/.local/lib/python3.7/site-packages/airflow/example_dags/example_python_operator.py for tasks to queue
[2022-06-24 07:20:55,570] {logging_mixin.py:115} INFO - [2022-06-24 07:20:55,569] {dagbag.py:507} INFO - Filling up the DagBag from /home/airflow/.local/lib/python3.7/site-packages/airflow/example_dags/example_python_operator.py
[2022-06-24 07:20:55,596] {processor.py:651} INFO - DAG(s) dict_keys(['example_python_operator']) retrieved from /home/airflow/.local/lib/python3.7/site-packages/airflow/example_dags/example_python_operator.py
[2022-06-24 07:20:55,628] {logging_mixin.py:115} INFO - [2022-06-24 07:20:55,627] {dag.py:2379} INFO - Sync 1 DAGs
[2022-06-24 07:20:55,693] {logging_mixin.py:115} INFO - [2022-06-24 07:20:55,693] {dag.py:2931} INFO - Setting next_dagrun for example_python_operator to None, run_after=None
[2022-06-24 07:20:55,708] {processor.py:161} INFO - Processing /home/airflow/.local/lib/python3.7/site-packages/airflow/example_dags/example_python_operator.py took 0.144 seconds
[2022-06-24 07:21:26,410] {processor.py:153} INFO - Started process (PID=8241) to work on /home/airflow/.local/lib/python3.7/site-packages/airflow/example_dags/example_python_operator.py
[2022-06-24 07:21:26,410] {processor.py:641} INFO - Processing file /home/airflow/.local/lib/python3.7/site-packages/airflow/example_dags/example_python_operator.py for tasks to queue
[2022-06-24 07:21:26,412] {logging_mixin.py:115} INFO - [2022-06-24 07:21:26,412] {dagbag.py:507} INFO - Filling up the DagBag from /home/airflow/.local/lib/python3.7/site-packages/airflow/example_dags/example_python_operator.py
[2022-06-24 07:21:26,438] {processor.py:651} INFO - DAG(s) dict_keys(['example_python_operator']) retrieved from /home/airflow/.local/lib/python3.7/site-packages/airflow/example_dags/example_python_operator.py
[2022-06-24 07:21:26,465] {logging_mixin.py:115} INFO - [2022-06-24 07:21:26,465] {dag.py:2379} INFO - Sync 1 DAGs
[2022-06-24 07:21:26,480] {logging_mixin.py:115} INFO - [2022-06-24 07:21:26,480] {dag.py:2931} INFO - Setting next_dagrun for example_python_operator to None, run_after=None
[2022-06-24 07:21:26,493] {processor.py:161} INFO - Processing /home/airflow/.local/lib/python3.7/site-packages/airflow/example_dags/example_python_operator.py took 0.087 seconds
[2022-06-24 07:21:56,793] {processor.py:153} INFO - Started process (PID=8305) to work on /home/airflow/.local/lib/python3.7/site-packages/airflow/example_dags/example_python_operator.py
[2022-06-24 07:21:56,794] {processor.py:641} INFO - Processing file /home/airflow/.local/lib/python3.7/site-packages/airflow/example_dags/example_python_operator.py for tasks to queue
[2022-06-24 07:21:56,796] {logging_mixin.py:115} INFO - [2022-06-24 07:21:56,795] {dagbag.py:507} INFO - Filling up the DagBag from /home/airflow/.local/lib/python3.7/site-packages/airflow/example_dags/example_python_operator.py
[2022-06-24 07:21:56,812] {processor.py:651} INFO - DAG(s) dict_keys(['example_python_operator']) retrieved from /home/airflow/.local/lib/python3.7/site-packages/airflow/example_dags/example_python_operator.py
[2022-06-24 07:21:56,844] {logging_mixin.py:115} INFO - [2022-06-24 07:21:56,844] {dag.py:2379} INFO - Sync 1 DAGs
[2022-06-24 07:21:56,867] {logging_mixin.py:115} INFO - [2022-06-24 07:21:56,867] {dag.py:2931} INFO - Setting next_dagrun for example_python_operator to None, run_after=None
[2022-06-24 07:21:56,884] {processor.py:161} INFO - Processing /home/airflow/.local/lib/python3.7/site-packages/airflow/example_dags/example_python_operator.py took 0.095 seconds
[2022-06-24 07:22:27,480] {processor.py:153} INFO - Started process (PID=8369) to work on /home/airflow/.local/lib/python3.7/site-packages/airflow/example_dags/example_python_operator.py
[2022-06-24 07:22:27,481] {processor.py:641} INFO - Processing file /home/airflow/.local/lib/python3.7/site-packages/airflow/example_dags/example_python_operator.py for tasks to queue
[2022-06-24 07:22:27,482] {logging_mixin.py:115} INFO - [2022-06-24 07:22:27,482] {dagbag.py:507} INFO - Filling up the DagBag from /home/airflow/.local/lib/python3.7/site-packages/airflow/example_dags/example_python_operator.py
[2022-06-24 07:22:27,500] {processor.py:651} INFO - DAG(s) dict_keys(['example_python_operator']) retrieved from /home/airflow/.local/lib/python3.7/site-packages/airflow/example_dags/example_python_operator.py
[2022-06-24 07:22:27,530] {logging_mixin.py:115} INFO - [2022-06-24 07:22:27,530] {dag.py:2379} INFO - Sync 1 DAGs
[2022-06-24 07:22:27,549] {logging_mixin.py:115} INFO - [2022-06-24 07:22:27,549] {dag.py:2931} INFO - Setting next_dagrun for example_python_operator to None, run_after=None
[2022-06-24 07:22:27,563] {processor.py:161} INFO - Processing /home/airflow/.local/lib/python3.7/site-packages/airflow/example_dags/example_python_operator.py took 0.086 seconds
[2022-06-24 07:22:58,378] {processor.py:153} INFO - Started process (PID=8424) to work on /home/airflow/.local/lib/python3.7/site-packages/airflow/example_dags/example_python_operator.py
[2022-06-24 07:22:58,379] {processor.py:641} INFO - Processing file /home/airflow/.local/lib/python3.7/site-packages/airflow/example_dags/example_python_operator.py for tasks to queue
[2022-06-24 07:22:58,380] {logging_mixin.py:115} INFO - [2022-06-24 07:22:58,380] {dagbag.py:507} INFO - Filling up the DagBag from /home/airflow/.local/lib/python3.7/site-packages/airflow/example_dags/example_python_operator.py
[2022-06-24 07:22:58,414] {processor.py:651} INFO - DAG(s) dict_keys(['example_python_operator']) retrieved from /home/airflow/.local/lib/python3.7/site-packages/airflow/example_dags/example_python_operator.py
[2022-06-24 07:22:58,458] {logging_mixin.py:115} INFO - [2022-06-24 07:22:58,458] {dag.py:2379} INFO - Sync 1 DAGs
[2022-06-24 07:22:58,485] {logging_mixin.py:115} INFO - [2022-06-24 07:22:58,485] {dag.py:2931} INFO - Setting next_dagrun for example_python_operator to None, run_after=None
[2022-06-24 07:22:58,498] {processor.py:161} INFO - Processing /home/airflow/.local/lib/python3.7/site-packages/airflow/example_dags/example_python_operator.py took 0.124 seconds
[2022-06-24 07:23:28,594] {processor.py:153} INFO - Started process (PID=8488) to work on /home/airflow/.local/lib/python3.7/site-packages/airflow/example_dags/example_python_operator.py
[2022-06-24 07:23:28,595] {processor.py:641} INFO - Processing file /home/airflow/.local/lib/python3.7/site-packages/airflow/example_dags/example_python_operator.py for tasks to queue
[2022-06-24 07:23:28,596] {logging_mixin.py:115} INFO - [2022-06-24 07:23:28,596] {dagbag.py:507} INFO - Filling up the DagBag from /home/airflow/.local/lib/python3.7/site-packages/airflow/example_dags/example_python_operator.py
[2022-06-24 07:23:28,615] {processor.py:651} INFO - DAG(s) dict_keys(['example_python_operator']) retrieved from /home/airflow/.local/lib/python3.7/site-packages/airflow/example_dags/example_python_operator.py
[2022-06-24 07:23:28,639] {logging_mixin.py:115} INFO - [2022-06-24 07:23:28,639] {dag.py:2379} INFO - Sync 1 DAGs
[2022-06-24 07:23:28,656] {logging_mixin.py:115} INFO - [2022-06-24 07:23:28,656] {dag.py:2931} INFO - Setting next_dagrun for example_python_operator to None, run_after=None
[2022-06-24 07:23:28,673] {processor.py:161} INFO - Processing /home/airflow/.local/lib/python3.7/site-packages/airflow/example_dags/example_python_operator.py took 0.084 seconds
[2022-06-24 07:23:58,785] {processor.py:153} INFO - Started process (PID=8552) to work on /home/airflow/.local/lib/python3.7/site-packages/airflow/example_dags/example_python_operator.py
[2022-06-24 07:23:58,786] {processor.py:641} INFO - Processing file /home/airflow/.local/lib/python3.7/site-packages/airflow/example_dags/example_python_operator.py for tasks to queue
[2022-06-24 07:23:58,788] {logging_mixin.py:115} INFO - [2022-06-24 07:23:58,787] {dagbag.py:507} INFO - Filling up the DagBag from /home/airflow/.local/lib/python3.7/site-packages/airflow/example_dags/example_python_operator.py
[2022-06-24 07:23:58,805] {processor.py:651} INFO - DAG(s) dict_keys(['example_python_operator']) retrieved from /home/airflow/.local/lib/python3.7/site-packages/airflow/example_dags/example_python_operator.py
[2022-06-24 07:23:58,832] {logging_mixin.py:115} INFO - [2022-06-24 07:23:58,832] {dag.py:2379} INFO - Sync 1 DAGs
[2022-06-24 07:23:58,851] {logging_mixin.py:115} INFO - [2022-06-24 07:23:58,851] {dag.py:2931} INFO - Setting next_dagrun for example_python_operator to None, run_after=None
[2022-06-24 07:23:58,867] {processor.py:161} INFO - Processing /home/airflow/.local/lib/python3.7/site-packages/airflow/example_dags/example_python_operator.py took 0.085 seconds
[2022-06-24 07:24:29,384] {processor.py:153} INFO - Started process (PID=8608) to work on /home/airflow/.local/lib/python3.7/site-packages/airflow/example_dags/example_python_operator.py
[2022-06-24 07:24:29,384] {processor.py:641} INFO - Processing file /home/airflow/.local/lib/python3.7/site-packages/airflow/example_dags/example_python_operator.py for tasks to queue
[2022-06-24 07:24:29,386] {logging_mixin.py:115} INFO - [2022-06-24 07:24:29,386] {dagbag.py:507} INFO - Filling up the DagBag from /home/airflow/.local/lib/python3.7/site-packages/airflow/example_dags/example_python_operator.py
[2022-06-24 07:24:29,414] {processor.py:651} INFO - DAG(s) dict_keys(['example_python_operator']) retrieved from /home/airflow/.local/lib/python3.7/site-packages/airflow/example_dags/example_python_operator.py
[2022-06-24 07:24:29,443] {logging_mixin.py:115} INFO - [2022-06-24 07:24:29,443] {dag.py:2379} INFO - Sync 1 DAGs
[2022-06-24 07:24:29,462] {logging_mixin.py:115} INFO - [2022-06-24 07:24:29,462] {dag.py:2931} INFO - Setting next_dagrun for example_python_operator to None, run_after=None
[2022-06-24 07:24:29,477] {processor.py:161} INFO - Processing /home/airflow/.local/lib/python3.7/site-packages/airflow/example_dags/example_python_operator.py took 0.100 seconds
[2022-06-24 07:24:59,674] {processor.py:153} INFO - Started process (PID=8672) to work on /home/airflow/.local/lib/python3.7/site-packages/airflow/example_dags/example_python_operator.py
[2022-06-24 07:24:59,675] {processor.py:641} INFO - Processing file /home/airflow/.local/lib/python3.7/site-packages/airflow/example_dags/example_python_operator.py for tasks to queue
[2022-06-24 07:24:59,676] {logging_mixin.py:115} INFO - [2022-06-24 07:24:59,676] {dagbag.py:507} INFO - Filling up the DagBag from /home/airflow/.local/lib/python3.7/site-packages/airflow/example_dags/example_python_operator.py
[2022-06-24 07:24:59,694] {processor.py:651} INFO - DAG(s) dict_keys(['example_python_operator']) retrieved from /home/airflow/.local/lib/python3.7/site-packages/airflow/example_dags/example_python_operator.py
[2022-06-24 07:24:59,719] {logging_mixin.py:115} INFO - [2022-06-24 07:24:59,719] {dag.py:2379} INFO - Sync 1 DAGs
[2022-06-24 07:24:59,734] {logging_mixin.py:115} INFO - [2022-06-24 07:24:59,734] {dag.py:2931} INFO - Setting next_dagrun for example_python_operator to None, run_after=None
[2022-06-24 07:24:59,747] {processor.py:161} INFO - Processing /home/airflow/.local/lib/python3.7/site-packages/airflow/example_dags/example_python_operator.py took 0.077 seconds
[2022-06-24 07:25:30,043] {processor.py:153} INFO - Started process (PID=8736) to work on /home/airflow/.local/lib/python3.7/site-packages/airflow/example_dags/example_python_operator.py
[2022-06-24 07:25:30,044] {processor.py:641} INFO - Processing file /home/airflow/.local/lib/python3.7/site-packages/airflow/example_dags/example_python_operator.py for tasks to queue
[2022-06-24 07:25:30,045] {logging_mixin.py:115} INFO - [2022-06-24 07:25:30,045] {dagbag.py:507} INFO - Filling up the DagBag from /home/airflow/.local/lib/python3.7/site-packages/airflow/example_dags/example_python_operator.py
[2022-06-24 07:25:30,061] {processor.py:651} INFO - DAG(s) dict_keys(['example_python_operator']) retrieved from /home/airflow/.local/lib/python3.7/site-packages/airflow/example_dags/example_python_operator.py
[2022-06-24 07:25:30,086] {logging_mixin.py:115} INFO - [2022-06-24 07:25:30,085] {dag.py:2379} INFO - Sync 1 DAGs
[2022-06-24 07:25:30,102] {logging_mixin.py:115} INFO - [2022-06-24 07:25:30,102] {dag.py:2931} INFO - Setting next_dagrun for example_python_operator to None, run_after=None
[2022-06-24 07:25:30,116] {processor.py:161} INFO - Processing /home/airflow/.local/lib/python3.7/site-packages/airflow/example_dags/example_python_operator.py took 0.077 seconds
[2022-06-24 07:26:00,229] {processor.py:153} INFO - Started process (PID=8800) to work on /home/airflow/.local/lib/python3.7/site-packages/airflow/example_dags/example_python_operator.py
[2022-06-24 07:26:00,230] {processor.py:641} INFO - Processing file /home/airflow/.local/lib/python3.7/site-packages/airflow/example_dags/example_python_operator.py for tasks to queue
[2022-06-24 07:26:00,230] {logging_mixin.py:115} INFO - [2022-06-24 07:26:00,230] {dagbag.py:507} INFO - Filling up the DagBag from /home/airflow/.local/lib/python3.7/site-packages/airflow/example_dags/example_python_operator.py
[2022-06-24 07:26:00,249] {processor.py:651} INFO - DAG(s) dict_keys(['example_python_operator']) retrieved from /home/airflow/.local/lib/python3.7/site-packages/airflow/example_dags/example_python_operator.py
[2022-06-24 07:26:00,346] {logging_mixin.py:115} INFO - [2022-06-24 07:26:00,346] {dag.py:2379} INFO - Sync 1 DAGs
[2022-06-24 07:26:00,368] {logging_mixin.py:115} INFO - [2022-06-24 07:26:00,368] {dag.py:2931} INFO - Setting next_dagrun for example_python_operator to None, run_after=None
[2022-06-24 07:26:00,383] {processor.py:161} INFO - Processing /home/airflow/.local/lib/python3.7/site-packages/airflow/example_dags/example_python_operator.py took 0.158 seconds
