[2022-06-24 06:58:34,790] {processor.py:153} INFO - Started process (PID=5491) to work on /home/airflow/.local/lib/python3.7/site-packages/airflow/example_dags/example_trigger_controller_dag.py
[2022-06-24 06:58:34,793] {processor.py:641} INFO - Processing file /home/airflow/.local/lib/python3.7/site-packages/airflow/example_dags/example_trigger_controller_dag.py for tasks to queue
[2022-06-24 06:58:34,795] {logging_mixin.py:115} INFO - [2022-06-24 06:58:34,795] {dagbag.py:507} INFO - Filling up the DagBag from /home/airflow/.local/lib/python3.7/site-packages/airflow/example_dags/example_trigger_controller_dag.py
[2022-06-24 06:58:34,801] {processor.py:651} INFO - DAG(s) dict_keys(['example_trigger_controller_dag']) retrieved from /home/airflow/.local/lib/python3.7/site-packages/airflow/example_dags/example_trigger_controller_dag.py
[2022-06-24 06:58:34,838] {logging_mixin.py:115} INFO - [2022-06-24 06:58:34,838] {dag.py:2379} INFO - Sync 1 DAGs
[2022-06-24 06:58:34,861] {logging_mixin.py:115} INFO - [2022-06-24 06:58:34,861] {dag.py:2931} INFO - Setting next_dagrun for example_trigger_controller_dag to 2021-01-01T00:00:00+00:00, run_after=2021-01-01T00:00:00+00:00
[2022-06-24 06:58:34,875] {processor.py:161} INFO - Processing /home/airflow/.local/lib/python3.7/site-packages/airflow/example_dags/example_trigger_controller_dag.py took 0.091 seconds
[2022-06-24 06:59:07,203] {processor.py:153} INFO - Started process (PID=5546) to work on /home/airflow/.local/lib/python3.7/site-packages/airflow/example_dags/example_trigger_controller_dag.py
[2022-06-24 06:59:07,205] {processor.py:641} INFO - Processing file /home/airflow/.local/lib/python3.7/site-packages/airflow/example_dags/example_trigger_controller_dag.py for tasks to queue
[2022-06-24 06:59:07,205] {logging_mixin.py:115} INFO - [2022-06-24 06:59:07,205] {dagbag.py:507} INFO - Filling up the DagBag from /home/airflow/.local/lib/python3.7/site-packages/airflow/example_dags/example_trigger_controller_dag.py
[2022-06-24 06:59:07,210] {processor.py:651} INFO - DAG(s) dict_keys(['example_trigger_controller_dag']) retrieved from /home/airflow/.local/lib/python3.7/site-packages/airflow/example_dags/example_trigger_controller_dag.py
[2022-06-24 06:59:07,243] {logging_mixin.py:115} INFO - [2022-06-24 06:59:07,242] {dag.py:2379} INFO - Sync 1 DAGs
[2022-06-24 06:59:07,269] {logging_mixin.py:115} INFO - [2022-06-24 06:59:07,269] {dag.py:2931} INFO - Setting next_dagrun for example_trigger_controller_dag to 2021-01-01T00:00:00+00:00, run_after=2021-01-01T00:00:00+00:00
[2022-06-24 06:59:07,292] {processor.py:161} INFO - Processing /home/airflow/.local/lib/python3.7/site-packages/airflow/example_dags/example_trigger_controller_dag.py took 0.091 seconds
[2022-06-24 06:59:38,131] {processor.py:153} INFO - Started process (PID=5611) to work on /home/airflow/.local/lib/python3.7/site-packages/airflow/example_dags/example_trigger_controller_dag.py
[2022-06-24 06:59:38,136] {processor.py:641} INFO - Processing file /home/airflow/.local/lib/python3.7/site-packages/airflow/example_dags/example_trigger_controller_dag.py for tasks to queue
[2022-06-24 06:59:38,137] {logging_mixin.py:115} INFO - [2022-06-24 06:59:38,137] {dagbag.py:507} INFO - Filling up the DagBag from /home/airflow/.local/lib/python3.7/site-packages/airflow/example_dags/example_trigger_controller_dag.py
[2022-06-24 06:59:38,140] {processor.py:651} INFO - DAG(s) dict_keys(['example_trigger_controller_dag']) retrieved from /home/airflow/.local/lib/python3.7/site-packages/airflow/example_dags/example_trigger_controller_dag.py
[2022-06-24 06:59:38,182] {logging_mixin.py:115} INFO - [2022-06-24 06:59:38,181] {dag.py:2379} INFO - Sync 1 DAGs
[2022-06-24 06:59:38,208] {logging_mixin.py:115} INFO - [2022-06-24 06:59:38,208] {dag.py:2931} INFO - Setting next_dagrun for example_trigger_controller_dag to 2021-01-01T00:00:00+00:00, run_after=2021-01-01T00:00:00+00:00
[2022-06-24 06:59:38,231] {processor.py:161} INFO - Processing /home/airflow/.local/lib/python3.7/site-packages/airflow/example_dags/example_trigger_controller_dag.py took 0.107 seconds
[2022-06-24 07:00:09,204] {processor.py:153} INFO - Started process (PID=5666) to work on /home/airflow/.local/lib/python3.7/site-packages/airflow/example_dags/example_trigger_controller_dag.py
[2022-06-24 07:00:09,205] {processor.py:641} INFO - Processing file /home/airflow/.local/lib/python3.7/site-packages/airflow/example_dags/example_trigger_controller_dag.py for tasks to queue
[2022-06-24 07:00:09,206] {logging_mixin.py:115} INFO - [2022-06-24 07:00:09,206] {dagbag.py:507} INFO - Filling up the DagBag from /home/airflow/.local/lib/python3.7/site-packages/airflow/example_dags/example_trigger_controller_dag.py
[2022-06-24 07:00:09,208] {processor.py:651} INFO - DAG(s) dict_keys(['example_trigger_controller_dag']) retrieved from /home/airflow/.local/lib/python3.7/site-packages/airflow/example_dags/example_trigger_controller_dag.py
[2022-06-24 07:00:09,239] {logging_mixin.py:115} INFO - [2022-06-24 07:00:09,239] {dag.py:2379} INFO - Sync 1 DAGs
[2022-06-24 07:00:09,260] {logging_mixin.py:115} INFO - [2022-06-24 07:00:09,260] {dag.py:2931} INFO - Setting next_dagrun for example_trigger_controller_dag to 2021-01-01T00:00:00+00:00, run_after=2021-01-01T00:00:00+00:00
[2022-06-24 07:00:09,277] {processor.py:161} INFO - Processing /home/airflow/.local/lib/python3.7/site-packages/airflow/example_dags/example_trigger_controller_dag.py took 0.076 seconds
[2022-06-24 07:00:39,690] {processor.py:153} INFO - Started process (PID=5730) to work on /home/airflow/.local/lib/python3.7/site-packages/airflow/example_dags/example_trigger_controller_dag.py
[2022-06-24 07:00:39,691] {processor.py:641} INFO - Processing file /home/airflow/.local/lib/python3.7/site-packages/airflow/example_dags/example_trigger_controller_dag.py for tasks to queue
[2022-06-24 07:00:39,692] {logging_mixin.py:115} INFO - [2022-06-24 07:00:39,692] {dagbag.py:507} INFO - Filling up the DagBag from /home/airflow/.local/lib/python3.7/site-packages/airflow/example_dags/example_trigger_controller_dag.py
[2022-06-24 07:00:39,695] {processor.py:651} INFO - DAG(s) dict_keys(['example_trigger_controller_dag']) retrieved from /home/airflow/.local/lib/python3.7/site-packages/airflow/example_dags/example_trigger_controller_dag.py
[2022-06-24 07:00:39,720] {logging_mixin.py:115} INFO - [2022-06-24 07:00:39,720] {dag.py:2379} INFO - Sync 1 DAGs
[2022-06-24 07:00:39,742] {logging_mixin.py:115} INFO - [2022-06-24 07:00:39,741] {dag.py:2931} INFO - Setting next_dagrun for example_trigger_controller_dag to 2021-01-01T00:00:00+00:00, run_after=2021-01-01T00:00:00+00:00
[2022-06-24 07:00:39,760] {processor.py:161} INFO - Processing /home/airflow/.local/lib/python3.7/site-packages/airflow/example_dags/example_trigger_controller_dag.py took 0.073 seconds
[2022-06-24 07:01:09,865] {processor.py:153} INFO - Started process (PID=5795) to work on /home/airflow/.local/lib/python3.7/site-packages/airflow/example_dags/example_trigger_controller_dag.py
[2022-06-24 07:01:09,866] {processor.py:641} INFO - Processing file /home/airflow/.local/lib/python3.7/site-packages/airflow/example_dags/example_trigger_controller_dag.py for tasks to queue
[2022-06-24 07:01:09,867] {logging_mixin.py:115} INFO - [2022-06-24 07:01:09,867] {dagbag.py:507} INFO - Filling up the DagBag from /home/airflow/.local/lib/python3.7/site-packages/airflow/example_dags/example_trigger_controller_dag.py
[2022-06-24 07:01:09,870] {processor.py:651} INFO - DAG(s) dict_keys(['example_trigger_controller_dag']) retrieved from /home/airflow/.local/lib/python3.7/site-packages/airflow/example_dags/example_trigger_controller_dag.py
[2022-06-24 07:01:09,901] {logging_mixin.py:115} INFO - [2022-06-24 07:01:09,901] {dag.py:2379} INFO - Sync 1 DAGs
[2022-06-24 07:01:09,923] {logging_mixin.py:115} INFO - [2022-06-24 07:01:09,923] {dag.py:2931} INFO - Setting next_dagrun for example_trigger_controller_dag to 2021-01-01T00:00:00+00:00, run_after=2021-01-01T00:00:00+00:00
[2022-06-24 07:01:09,939] {processor.py:161} INFO - Processing /home/airflow/.local/lib/python3.7/site-packages/airflow/example_dags/example_trigger_controller_dag.py took 0.076 seconds
[2022-06-24 07:01:40,493] {processor.py:153} INFO - Started process (PID=5851) to work on /home/airflow/.local/lib/python3.7/site-packages/airflow/example_dags/example_trigger_controller_dag.py
[2022-06-24 07:01:40,494] {processor.py:641} INFO - Processing file /home/airflow/.local/lib/python3.7/site-packages/airflow/example_dags/example_trigger_controller_dag.py for tasks to queue
[2022-06-24 07:01:40,495] {logging_mixin.py:115} INFO - [2022-06-24 07:01:40,495] {dagbag.py:507} INFO - Filling up the DagBag from /home/airflow/.local/lib/python3.7/site-packages/airflow/example_dags/example_trigger_controller_dag.py
[2022-06-24 07:01:40,498] {processor.py:651} INFO - DAG(s) dict_keys(['example_trigger_controller_dag']) retrieved from /home/airflow/.local/lib/python3.7/site-packages/airflow/example_dags/example_trigger_controller_dag.py
[2022-06-24 07:01:40,528] {logging_mixin.py:115} INFO - [2022-06-24 07:01:40,528] {dag.py:2379} INFO - Sync 1 DAGs
[2022-06-24 07:01:40,552] {logging_mixin.py:115} INFO - [2022-06-24 07:01:40,552] {dag.py:2931} INFO - Setting next_dagrun for example_trigger_controller_dag to 2021-01-01T00:00:00+00:00, run_after=2021-01-01T00:00:00+00:00
[2022-06-24 07:01:40,568] {processor.py:161} INFO - Processing /home/airflow/.local/lib/python3.7/site-packages/airflow/example_dags/example_trigger_controller_dag.py took 0.079 seconds
[2022-06-24 07:02:10,810] {processor.py:153} INFO - Started process (PID=5915) to work on /home/airflow/.local/lib/python3.7/site-packages/airflow/example_dags/example_trigger_controller_dag.py
[2022-06-24 07:02:10,811] {processor.py:641} INFO - Processing file /home/airflow/.local/lib/python3.7/site-packages/airflow/example_dags/example_trigger_controller_dag.py for tasks to queue
[2022-06-24 07:02:10,812] {logging_mixin.py:115} INFO - [2022-06-24 07:02:10,812] {dagbag.py:507} INFO - Filling up the DagBag from /home/airflow/.local/lib/python3.7/site-packages/airflow/example_dags/example_trigger_controller_dag.py
[2022-06-24 07:02:10,816] {processor.py:651} INFO - DAG(s) dict_keys(['example_trigger_controller_dag']) retrieved from /home/airflow/.local/lib/python3.7/site-packages/airflow/example_dags/example_trigger_controller_dag.py
[2022-06-24 07:02:10,843] {logging_mixin.py:115} INFO - [2022-06-24 07:02:10,843] {dag.py:2379} INFO - Sync 1 DAGs
[2022-06-24 07:02:10,860] {logging_mixin.py:115} INFO - [2022-06-24 07:02:10,860] {dag.py:2931} INFO - Setting next_dagrun for example_trigger_controller_dag to 2021-01-01T00:00:00+00:00, run_after=2021-01-01T00:00:00+00:00
[2022-06-24 07:02:10,875] {processor.py:161} INFO - Processing /home/airflow/.local/lib/python3.7/site-packages/airflow/example_dags/example_trigger_controller_dag.py took 0.068 seconds
[2022-06-24 07:02:41,099] {processor.py:153} INFO - Started process (PID=5979) to work on /home/airflow/.local/lib/python3.7/site-packages/airflow/example_dags/example_trigger_controller_dag.py
[2022-06-24 07:02:41,100] {processor.py:641} INFO - Processing file /home/airflow/.local/lib/python3.7/site-packages/airflow/example_dags/example_trigger_controller_dag.py for tasks to queue
[2022-06-24 07:02:41,101] {logging_mixin.py:115} INFO - [2022-06-24 07:02:41,101] {dagbag.py:507} INFO - Filling up the DagBag from /home/airflow/.local/lib/python3.7/site-packages/airflow/example_dags/example_trigger_controller_dag.py
[2022-06-24 07:02:41,105] {processor.py:651} INFO - DAG(s) dict_keys(['example_trigger_controller_dag']) retrieved from /home/airflow/.local/lib/python3.7/site-packages/airflow/example_dags/example_trigger_controller_dag.py
[2022-06-24 07:02:41,132] {logging_mixin.py:115} INFO - [2022-06-24 07:02:41,131] {dag.py:2379} INFO - Sync 1 DAGs
[2022-06-24 07:02:41,149] {logging_mixin.py:115} INFO - [2022-06-24 07:02:41,148] {dag.py:2931} INFO - Setting next_dagrun for example_trigger_controller_dag to 2021-01-01T00:00:00+00:00, run_after=2021-01-01T00:00:00+00:00
[2022-06-24 07:02:41,163] {processor.py:161} INFO - Processing /home/airflow/.local/lib/python3.7/site-packages/airflow/example_dags/example_trigger_controller_dag.py took 0.068 seconds
[2022-06-24 07:03:11,371] {processor.py:153} INFO - Started process (PID=6043) to work on /home/airflow/.local/lib/python3.7/site-packages/airflow/example_dags/example_trigger_controller_dag.py
[2022-06-24 07:03:11,372] {processor.py:641} INFO - Processing file /home/airflow/.local/lib/python3.7/site-packages/airflow/example_dags/example_trigger_controller_dag.py for tasks to queue
[2022-06-24 07:03:11,372] {logging_mixin.py:115} INFO - [2022-06-24 07:03:11,372] {dagbag.py:507} INFO - Filling up the DagBag from /home/airflow/.local/lib/python3.7/site-packages/airflow/example_dags/example_trigger_controller_dag.py
[2022-06-24 07:03:11,375] {processor.py:651} INFO - DAG(s) dict_keys(['example_trigger_controller_dag']) retrieved from /home/airflow/.local/lib/python3.7/site-packages/airflow/example_dags/example_trigger_controller_dag.py
[2022-06-24 07:03:11,402] {logging_mixin.py:115} INFO - [2022-06-24 07:03:11,401] {dag.py:2379} INFO - Sync 1 DAGs
[2022-06-24 07:03:11,422] {logging_mixin.py:115} INFO - [2022-06-24 07:03:11,422] {dag.py:2931} INFO - Setting next_dagrun for example_trigger_controller_dag to 2021-01-01T00:00:00+00:00, run_after=2021-01-01T00:00:00+00:00
[2022-06-24 07:03:11,435] {processor.py:161} INFO - Processing /home/airflow/.local/lib/python3.7/site-packages/airflow/example_dags/example_trigger_controller_dag.py took 0.069 seconds
[2022-06-24 07:03:41,761] {processor.py:153} INFO - Started process (PID=6098) to work on /home/airflow/.local/lib/python3.7/site-packages/airflow/example_dags/example_trigger_controller_dag.py
[2022-06-24 07:03:41,762] {processor.py:641} INFO - Processing file /home/airflow/.local/lib/python3.7/site-packages/airflow/example_dags/example_trigger_controller_dag.py for tasks to queue
[2022-06-24 07:03:41,763] {logging_mixin.py:115} INFO - [2022-06-24 07:03:41,763] {dagbag.py:507} INFO - Filling up the DagBag from /home/airflow/.local/lib/python3.7/site-packages/airflow/example_dags/example_trigger_controller_dag.py
[2022-06-24 07:03:41,766] {processor.py:651} INFO - DAG(s) dict_keys(['example_trigger_controller_dag']) retrieved from /home/airflow/.local/lib/python3.7/site-packages/airflow/example_dags/example_trigger_controller_dag.py
[2022-06-24 07:03:41,796] {logging_mixin.py:115} INFO - [2022-06-24 07:03:41,796] {dag.py:2379} INFO - Sync 1 DAGs
[2022-06-24 07:03:41,813] {logging_mixin.py:115} INFO - [2022-06-24 07:03:41,813] {dag.py:2931} INFO - Setting next_dagrun for example_trigger_controller_dag to 2021-01-01T00:00:00+00:00, run_after=2021-01-01T00:00:00+00:00
[2022-06-24 07:03:41,827] {processor.py:161} INFO - Processing /home/airflow/.local/lib/python3.7/site-packages/airflow/example_dags/example_trigger_controller_dag.py took 0.070 seconds
[2022-06-24 07:04:12,076] {processor.py:153} INFO - Started process (PID=6162) to work on /home/airflow/.local/lib/python3.7/site-packages/airflow/example_dags/example_trigger_controller_dag.py
[2022-06-24 07:04:12,077] {processor.py:641} INFO - Processing file /home/airflow/.local/lib/python3.7/site-packages/airflow/example_dags/example_trigger_controller_dag.py for tasks to queue
[2022-06-24 07:04:12,078] {logging_mixin.py:115} INFO - [2022-06-24 07:04:12,078] {dagbag.py:507} INFO - Filling up the DagBag from /home/airflow/.local/lib/python3.7/site-packages/airflow/example_dags/example_trigger_controller_dag.py
[2022-06-24 07:04:12,081] {processor.py:651} INFO - DAG(s) dict_keys(['example_trigger_controller_dag']) retrieved from /home/airflow/.local/lib/python3.7/site-packages/airflow/example_dags/example_trigger_controller_dag.py
[2022-06-24 07:04:12,109] {logging_mixin.py:115} INFO - [2022-06-24 07:04:12,109] {dag.py:2379} INFO - Sync 1 DAGs
[2022-06-24 07:04:12,131] {logging_mixin.py:115} INFO - [2022-06-24 07:04:12,130] {dag.py:2931} INFO - Setting next_dagrun for example_trigger_controller_dag to 2021-01-01T00:00:00+00:00, run_after=2021-01-01T00:00:00+00:00
[2022-06-24 07:04:12,147] {processor.py:161} INFO - Processing /home/airflow/.local/lib/python3.7/site-packages/airflow/example_dags/example_trigger_controller_dag.py took 0.075 seconds
[2022-06-24 07:04:42,654] {processor.py:153} INFO - Started process (PID=6227) to work on /home/airflow/.local/lib/python3.7/site-packages/airflow/example_dags/example_trigger_controller_dag.py
[2022-06-24 07:04:42,655] {processor.py:641} INFO - Processing file /home/airflow/.local/lib/python3.7/site-packages/airflow/example_dags/example_trigger_controller_dag.py for tasks to queue
[2022-06-24 07:04:42,656] {logging_mixin.py:115} INFO - [2022-06-24 07:04:42,656] {dagbag.py:507} INFO - Filling up the DagBag from /home/airflow/.local/lib/python3.7/site-packages/airflow/example_dags/example_trigger_controller_dag.py
[2022-06-24 07:04:42,659] {processor.py:651} INFO - DAG(s) dict_keys(['example_trigger_controller_dag']) retrieved from /home/airflow/.local/lib/python3.7/site-packages/airflow/example_dags/example_trigger_controller_dag.py
[2022-06-24 07:04:42,684] {logging_mixin.py:115} INFO - [2022-06-24 07:04:42,684] {dag.py:2379} INFO - Sync 1 DAGs
[2022-06-24 07:04:42,700] {logging_mixin.py:115} INFO - [2022-06-24 07:04:42,700] {dag.py:2931} INFO - Setting next_dagrun for example_trigger_controller_dag to 2021-01-01T00:00:00+00:00, run_after=2021-01-01T00:00:00+00:00
[2022-06-24 07:04:42,715] {processor.py:161} INFO - Processing /home/airflow/.local/lib/python3.7/site-packages/airflow/example_dags/example_trigger_controller_dag.py took 0.064 seconds
[2022-06-24 07:05:13,175] {processor.py:153} INFO - Started process (PID=6282) to work on /home/airflow/.local/lib/python3.7/site-packages/airflow/example_dags/example_trigger_controller_dag.py
[2022-06-24 07:05:13,176] {processor.py:641} INFO - Processing file /home/airflow/.local/lib/python3.7/site-packages/airflow/example_dags/example_trigger_controller_dag.py for tasks to queue
[2022-06-24 07:05:13,177] {logging_mixin.py:115} INFO - [2022-06-24 07:05:13,177] {dagbag.py:507} INFO - Filling up the DagBag from /home/airflow/.local/lib/python3.7/site-packages/airflow/example_dags/example_trigger_controller_dag.py
[2022-06-24 07:05:13,180] {processor.py:651} INFO - DAG(s) dict_keys(['example_trigger_controller_dag']) retrieved from /home/airflow/.local/lib/python3.7/site-packages/airflow/example_dags/example_trigger_controller_dag.py
[2022-06-24 07:05:13,206] {logging_mixin.py:115} INFO - [2022-06-24 07:05:13,206] {dag.py:2379} INFO - Sync 1 DAGs
[2022-06-24 07:05:13,221] {logging_mixin.py:115} INFO - [2022-06-24 07:05:13,221] {dag.py:2931} INFO - Setting next_dagrun for example_trigger_controller_dag to 2021-01-01T00:00:00+00:00, run_after=2021-01-01T00:00:00+00:00
[2022-06-24 07:05:13,236] {processor.py:161} INFO - Processing /home/airflow/.local/lib/python3.7/site-packages/airflow/example_dags/example_trigger_controller_dag.py took 0.064 seconds
[2022-06-24 07:05:43,434] {processor.py:153} INFO - Started process (PID=6346) to work on /home/airflow/.local/lib/python3.7/site-packages/airflow/example_dags/example_trigger_controller_dag.py
[2022-06-24 07:05:43,435] {processor.py:641} INFO - Processing file /home/airflow/.local/lib/python3.7/site-packages/airflow/example_dags/example_trigger_controller_dag.py for tasks to queue
[2022-06-24 07:05:43,436] {logging_mixin.py:115} INFO - [2022-06-24 07:05:43,436] {dagbag.py:507} INFO - Filling up the DagBag from /home/airflow/.local/lib/python3.7/site-packages/airflow/example_dags/example_trigger_controller_dag.py
[2022-06-24 07:05:43,439] {processor.py:651} INFO - DAG(s) dict_keys(['example_trigger_controller_dag']) retrieved from /home/airflow/.local/lib/python3.7/site-packages/airflow/example_dags/example_trigger_controller_dag.py
[2022-06-24 07:05:43,467] {logging_mixin.py:115} INFO - [2022-06-24 07:05:43,467] {dag.py:2379} INFO - Sync 1 DAGs
[2022-06-24 07:05:43,483] {logging_mixin.py:115} INFO - [2022-06-24 07:05:43,483] {dag.py:2931} INFO - Setting next_dagrun for example_trigger_controller_dag to 2021-01-01T00:00:00+00:00, run_after=2021-01-01T00:00:00+00:00
[2022-06-24 07:05:43,500] {processor.py:161} INFO - Processing /home/airflow/.local/lib/python3.7/site-packages/airflow/example_dags/example_trigger_controller_dag.py took 0.069 seconds
[2022-06-24 07:06:13,671] {processor.py:153} INFO - Started process (PID=6410) to work on /home/airflow/.local/lib/python3.7/site-packages/airflow/example_dags/example_trigger_controller_dag.py
[2022-06-24 07:06:13,672] {processor.py:641} INFO - Processing file /home/airflow/.local/lib/python3.7/site-packages/airflow/example_dags/example_trigger_controller_dag.py for tasks to queue
[2022-06-24 07:06:13,673] {logging_mixin.py:115} INFO - [2022-06-24 07:06:13,673] {dagbag.py:507} INFO - Filling up the DagBag from /home/airflow/.local/lib/python3.7/site-packages/airflow/example_dags/example_trigger_controller_dag.py
[2022-06-24 07:06:13,677] {processor.py:651} INFO - DAG(s) dict_keys(['example_trigger_controller_dag']) retrieved from /home/airflow/.local/lib/python3.7/site-packages/airflow/example_dags/example_trigger_controller_dag.py
[2022-06-24 07:06:13,703] {logging_mixin.py:115} INFO - [2022-06-24 07:06:13,703] {dag.py:2379} INFO - Sync 1 DAGs
[2022-06-24 07:06:13,718] {logging_mixin.py:115} INFO - [2022-06-24 07:06:13,718] {dag.py:2931} INFO - Setting next_dagrun for example_trigger_controller_dag to 2021-01-01T00:00:00+00:00, run_after=2021-01-01T00:00:00+00:00
[2022-06-24 07:06:13,732] {processor.py:161} INFO - Processing /home/airflow/.local/lib/python3.7/site-packages/airflow/example_dags/example_trigger_controller_dag.py took 0.064 seconds
[2022-06-24 07:06:44,079] {processor.py:153} INFO - Started process (PID=6474) to work on /home/airflow/.local/lib/python3.7/site-packages/airflow/example_dags/example_trigger_controller_dag.py
[2022-06-24 07:06:44,080] {processor.py:641} INFO - Processing file /home/airflow/.local/lib/python3.7/site-packages/airflow/example_dags/example_trigger_controller_dag.py for tasks to queue
[2022-06-24 07:06:44,081] {logging_mixin.py:115} INFO - [2022-06-24 07:06:44,081] {dagbag.py:507} INFO - Filling up the DagBag from /home/airflow/.local/lib/python3.7/site-packages/airflow/example_dags/example_trigger_controller_dag.py
[2022-06-24 07:06:44,084] {processor.py:651} INFO - DAG(s) dict_keys(['example_trigger_controller_dag']) retrieved from /home/airflow/.local/lib/python3.7/site-packages/airflow/example_dags/example_trigger_controller_dag.py
[2022-06-24 07:06:44,115] {logging_mixin.py:115} INFO - [2022-06-24 07:06:44,115] {dag.py:2379} INFO - Sync 1 DAGs
[2022-06-24 07:06:44,131] {logging_mixin.py:115} INFO - [2022-06-24 07:06:44,131] {dag.py:2931} INFO - Setting next_dagrun for example_trigger_controller_dag to 2021-01-01T00:00:00+00:00, run_after=2021-01-01T00:00:00+00:00
[2022-06-24 07:06:44,146] {processor.py:161} INFO - Processing /home/airflow/.local/lib/python3.7/site-packages/airflow/example_dags/example_trigger_controller_dag.py took 0.071 seconds
[2022-06-24 07:07:14,409] {processor.py:153} INFO - Started process (PID=6529) to work on /home/airflow/.local/lib/python3.7/site-packages/airflow/example_dags/example_trigger_controller_dag.py
[2022-06-24 07:07:14,411] {processor.py:641} INFO - Processing file /home/airflow/.local/lib/python3.7/site-packages/airflow/example_dags/example_trigger_controller_dag.py for tasks to queue
[2022-06-24 07:07:14,412] {logging_mixin.py:115} INFO - [2022-06-24 07:07:14,412] {dagbag.py:507} INFO - Filling up the DagBag from /home/airflow/.local/lib/python3.7/site-packages/airflow/example_dags/example_trigger_controller_dag.py
[2022-06-24 07:07:14,415] {processor.py:651} INFO - DAG(s) dict_keys(['example_trigger_controller_dag']) retrieved from /home/airflow/.local/lib/python3.7/site-packages/airflow/example_dags/example_trigger_controller_dag.py
[2022-06-24 07:07:14,446] {logging_mixin.py:115} INFO - [2022-06-24 07:07:14,446] {dag.py:2379} INFO - Sync 1 DAGs
[2022-06-24 07:07:14,465] {logging_mixin.py:115} INFO - [2022-06-24 07:07:14,465] {dag.py:2931} INFO - Setting next_dagrun for example_trigger_controller_dag to 2021-01-01T00:00:00+00:00, run_after=2021-01-01T00:00:00+00:00
[2022-06-24 07:07:14,478] {processor.py:161} INFO - Processing /home/airflow/.local/lib/python3.7/site-packages/airflow/example_dags/example_trigger_controller_dag.py took 0.072 seconds
[2022-06-24 07:07:44,774] {processor.py:153} INFO - Started process (PID=6593) to work on /home/airflow/.local/lib/python3.7/site-packages/airflow/example_dags/example_trigger_controller_dag.py
[2022-06-24 07:07:44,775] {processor.py:641} INFO - Processing file /home/airflow/.local/lib/python3.7/site-packages/airflow/example_dags/example_trigger_controller_dag.py for tasks to queue
[2022-06-24 07:07:44,776] {logging_mixin.py:115} INFO - [2022-06-24 07:07:44,776] {dagbag.py:507} INFO - Filling up the DagBag from /home/airflow/.local/lib/python3.7/site-packages/airflow/example_dags/example_trigger_controller_dag.py
[2022-06-24 07:07:44,779] {processor.py:651} INFO - DAG(s) dict_keys(['example_trigger_controller_dag']) retrieved from /home/airflow/.local/lib/python3.7/site-packages/airflow/example_dags/example_trigger_controller_dag.py
[2022-06-24 07:07:44,805] {logging_mixin.py:115} INFO - [2022-06-24 07:07:44,805] {dag.py:2379} INFO - Sync 1 DAGs
[2022-06-24 07:07:44,820] {logging_mixin.py:115} INFO - [2022-06-24 07:07:44,819] {dag.py:2931} INFO - Setting next_dagrun for example_trigger_controller_dag to 2021-01-01T00:00:00+00:00, run_after=2021-01-01T00:00:00+00:00
[2022-06-24 07:07:44,832] {processor.py:161} INFO - Processing /home/airflow/.local/lib/python3.7/site-packages/airflow/example_dags/example_trigger_controller_dag.py took 0.061 seconds
[2022-06-24 07:08:15,300] {processor.py:153} INFO - Started process (PID=6657) to work on /home/airflow/.local/lib/python3.7/site-packages/airflow/example_dags/example_trigger_controller_dag.py
[2022-06-24 07:08:15,301] {processor.py:641} INFO - Processing file /home/airflow/.local/lib/python3.7/site-packages/airflow/example_dags/example_trigger_controller_dag.py for tasks to queue
[2022-06-24 07:08:15,302] {logging_mixin.py:115} INFO - [2022-06-24 07:08:15,302] {dagbag.py:507} INFO - Filling up the DagBag from /home/airflow/.local/lib/python3.7/site-packages/airflow/example_dags/example_trigger_controller_dag.py
[2022-06-24 07:08:15,305] {processor.py:651} INFO - DAG(s) dict_keys(['example_trigger_controller_dag']) retrieved from /home/airflow/.local/lib/python3.7/site-packages/airflow/example_dags/example_trigger_controller_dag.py
[2022-06-24 07:08:15,332] {logging_mixin.py:115} INFO - [2022-06-24 07:08:15,331] {dag.py:2379} INFO - Sync 1 DAGs
[2022-06-24 07:08:15,347] {logging_mixin.py:115} INFO - [2022-06-24 07:08:15,347] {dag.py:2931} INFO - Setting next_dagrun for example_trigger_controller_dag to 2021-01-01T00:00:00+00:00, run_after=2021-01-01T00:00:00+00:00
[2022-06-24 07:08:15,364] {processor.py:161} INFO - Processing /home/airflow/.local/lib/python3.7/site-packages/airflow/example_dags/example_trigger_controller_dag.py took 0.068 seconds
[2022-06-24 07:08:45,850] {processor.py:153} INFO - Started process (PID=6712) to work on /home/airflow/.local/lib/python3.7/site-packages/airflow/example_dags/example_trigger_controller_dag.py
[2022-06-24 07:08:45,850] {processor.py:641} INFO - Processing file /home/airflow/.local/lib/python3.7/site-packages/airflow/example_dags/example_trigger_controller_dag.py for tasks to queue
[2022-06-24 07:08:45,852] {logging_mixin.py:115} INFO - [2022-06-24 07:08:45,852] {dagbag.py:507} INFO - Filling up the DagBag from /home/airflow/.local/lib/python3.7/site-packages/airflow/example_dags/example_trigger_controller_dag.py
[2022-06-24 07:08:45,854] {processor.py:651} INFO - DAG(s) dict_keys(['example_trigger_controller_dag']) retrieved from /home/airflow/.local/lib/python3.7/site-packages/airflow/example_dags/example_trigger_controller_dag.py
[2022-06-24 07:08:45,879] {logging_mixin.py:115} INFO - [2022-06-24 07:08:45,879] {dag.py:2379} INFO - Sync 1 DAGs
[2022-06-24 07:08:45,894] {logging_mixin.py:115} INFO - [2022-06-24 07:08:45,894] {dag.py:2931} INFO - Setting next_dagrun for example_trigger_controller_dag to 2021-01-01T00:00:00+00:00, run_after=2021-01-01T00:00:00+00:00
[2022-06-24 07:08:45,908] {processor.py:161} INFO - Processing /home/airflow/.local/lib/python3.7/site-packages/airflow/example_dags/example_trigger_controller_dag.py took 0.062 seconds
[2022-06-24 07:09:16,331] {processor.py:153} INFO - Started process (PID=6776) to work on /home/airflow/.local/lib/python3.7/site-packages/airflow/example_dags/example_trigger_controller_dag.py
[2022-06-24 07:09:16,332] {processor.py:641} INFO - Processing file /home/airflow/.local/lib/python3.7/site-packages/airflow/example_dags/example_trigger_controller_dag.py for tasks to queue
[2022-06-24 07:09:16,332] {logging_mixin.py:115} INFO - [2022-06-24 07:09:16,332] {dagbag.py:507} INFO - Filling up the DagBag from /home/airflow/.local/lib/python3.7/site-packages/airflow/example_dags/example_trigger_controller_dag.py
[2022-06-24 07:09:16,337] {processor.py:651} INFO - DAG(s) dict_keys(['example_trigger_controller_dag']) retrieved from /home/airflow/.local/lib/python3.7/site-packages/airflow/example_dags/example_trigger_controller_dag.py
[2022-06-24 07:09:16,362] {logging_mixin.py:115} INFO - [2022-06-24 07:09:16,362] {dag.py:2379} INFO - Sync 1 DAGs
[2022-06-24 07:09:16,378] {logging_mixin.py:115} INFO - [2022-06-24 07:09:16,378] {dag.py:2931} INFO - Setting next_dagrun for example_trigger_controller_dag to 2021-01-01T00:00:00+00:00, run_after=2021-01-01T00:00:00+00:00
[2022-06-24 07:09:16,395] {processor.py:161} INFO - Processing /home/airflow/.local/lib/python3.7/site-packages/airflow/example_dags/example_trigger_controller_dag.py took 0.069 seconds
[2022-06-24 07:09:46,917] {processor.py:153} INFO - Started process (PID=6840) to work on /home/airflow/.local/lib/python3.7/site-packages/airflow/example_dags/example_trigger_controller_dag.py
[2022-06-24 07:09:46,918] {processor.py:641} INFO - Processing file /home/airflow/.local/lib/python3.7/site-packages/airflow/example_dags/example_trigger_controller_dag.py for tasks to queue
[2022-06-24 07:09:46,919] {logging_mixin.py:115} INFO - [2022-06-24 07:09:46,919] {dagbag.py:507} INFO - Filling up the DagBag from /home/airflow/.local/lib/python3.7/site-packages/airflow/example_dags/example_trigger_controller_dag.py
[2022-06-24 07:09:46,923] {processor.py:651} INFO - DAG(s) dict_keys(['example_trigger_controller_dag']) retrieved from /home/airflow/.local/lib/python3.7/site-packages/airflow/example_dags/example_trigger_controller_dag.py
[2022-06-24 07:09:46,951] {logging_mixin.py:115} INFO - [2022-06-24 07:09:46,951] {dag.py:2379} INFO - Sync 1 DAGs
[2022-06-24 07:09:46,968] {logging_mixin.py:115} INFO - [2022-06-24 07:09:46,967] {dag.py:2931} INFO - Setting next_dagrun for example_trigger_controller_dag to 2021-01-01T00:00:00+00:00, run_after=2021-01-01T00:00:00+00:00
[2022-06-24 07:09:46,985] {processor.py:161} INFO - Processing /home/airflow/.local/lib/python3.7/site-packages/airflow/example_dags/example_trigger_controller_dag.py took 0.072 seconds
[2022-06-24 07:10:17,323] {processor.py:153} INFO - Started process (PID=6904) to work on /home/airflow/.local/lib/python3.7/site-packages/airflow/example_dags/example_trigger_controller_dag.py
[2022-06-24 07:10:17,324] {processor.py:641} INFO - Processing file /home/airflow/.local/lib/python3.7/site-packages/airflow/example_dags/example_trigger_controller_dag.py for tasks to queue
[2022-06-24 07:10:17,325] {logging_mixin.py:115} INFO - [2022-06-24 07:10:17,325] {dagbag.py:507} INFO - Filling up the DagBag from /home/airflow/.local/lib/python3.7/site-packages/airflow/example_dags/example_trigger_controller_dag.py
[2022-06-24 07:10:17,328] {processor.py:651} INFO - DAG(s) dict_keys(['example_trigger_controller_dag']) retrieved from /home/airflow/.local/lib/python3.7/site-packages/airflow/example_dags/example_trigger_controller_dag.py
[2022-06-24 07:10:17,355] {logging_mixin.py:115} INFO - [2022-06-24 07:10:17,355] {dag.py:2379} INFO - Sync 1 DAGs
[2022-06-24 07:10:17,371] {logging_mixin.py:115} INFO - [2022-06-24 07:10:17,371] {dag.py:2931} INFO - Setting next_dagrun for example_trigger_controller_dag to 2021-01-01T00:00:00+00:00, run_after=2021-01-01T00:00:00+00:00
[2022-06-24 07:10:17,387] {processor.py:161} INFO - Processing /home/airflow/.local/lib/python3.7/site-packages/airflow/example_dags/example_trigger_controller_dag.py took 0.068 seconds
[2022-06-24 07:10:47,817] {processor.py:153} INFO - Started process (PID=6959) to work on /home/airflow/.local/lib/python3.7/site-packages/airflow/example_dags/example_trigger_controller_dag.py
[2022-06-24 07:10:47,818] {processor.py:641} INFO - Processing file /home/airflow/.local/lib/python3.7/site-packages/airflow/example_dags/example_trigger_controller_dag.py for tasks to queue
[2022-06-24 07:10:47,819] {logging_mixin.py:115} INFO - [2022-06-24 07:10:47,819] {dagbag.py:507} INFO - Filling up the DagBag from /home/airflow/.local/lib/python3.7/site-packages/airflow/example_dags/example_trigger_controller_dag.py
[2022-06-24 07:10:47,822] {processor.py:651} INFO - DAG(s) dict_keys(['example_trigger_controller_dag']) retrieved from /home/airflow/.local/lib/python3.7/site-packages/airflow/example_dags/example_trigger_controller_dag.py
[2022-06-24 07:10:47,849] {logging_mixin.py:115} INFO - [2022-06-24 07:10:47,849] {dag.py:2379} INFO - Sync 1 DAGs
[2022-06-24 07:10:47,864] {logging_mixin.py:115} INFO - [2022-06-24 07:10:47,864] {dag.py:2931} INFO - Setting next_dagrun for example_trigger_controller_dag to 2021-01-01T00:00:00+00:00, run_after=2021-01-01T00:00:00+00:00
[2022-06-24 07:10:47,877] {processor.py:161} INFO - Processing /home/airflow/.local/lib/python3.7/site-packages/airflow/example_dags/example_trigger_controller_dag.py took 0.065 seconds
[2022-06-24 07:11:17,995] {processor.py:153} INFO - Started process (PID=7023) to work on /home/airflow/.local/lib/python3.7/site-packages/airflow/example_dags/example_trigger_controller_dag.py
[2022-06-24 07:11:17,996] {processor.py:641} INFO - Processing file /home/airflow/.local/lib/python3.7/site-packages/airflow/example_dags/example_trigger_controller_dag.py for tasks to queue
[2022-06-24 07:11:17,997] {logging_mixin.py:115} INFO - [2022-06-24 07:11:17,997] {dagbag.py:507} INFO - Filling up the DagBag from /home/airflow/.local/lib/python3.7/site-packages/airflow/example_dags/example_trigger_controller_dag.py
[2022-06-24 07:11:18,000] {processor.py:651} INFO - DAG(s) dict_keys(['example_trigger_controller_dag']) retrieved from /home/airflow/.local/lib/python3.7/site-packages/airflow/example_dags/example_trigger_controller_dag.py
[2022-06-24 07:11:18,027] {logging_mixin.py:115} INFO - [2022-06-24 07:11:18,027] {dag.py:2379} INFO - Sync 1 DAGs
[2022-06-24 07:11:18,043] {logging_mixin.py:115} INFO - [2022-06-24 07:11:18,043] {dag.py:2931} INFO - Setting next_dagrun for example_trigger_controller_dag to 2021-01-01T00:00:00+00:00, run_after=2021-01-01T00:00:00+00:00
[2022-06-24 07:11:18,060] {processor.py:161} INFO - Processing /home/airflow/.local/lib/python3.7/site-packages/airflow/example_dags/example_trigger_controller_dag.py took 0.069 seconds
[2022-06-24 07:11:48,520] {processor.py:153} INFO - Started process (PID=7088) to work on /home/airflow/.local/lib/python3.7/site-packages/airflow/example_dags/example_trigger_controller_dag.py
[2022-06-24 07:11:48,520] {processor.py:641} INFO - Processing file /home/airflow/.local/lib/python3.7/site-packages/airflow/example_dags/example_trigger_controller_dag.py for tasks to queue
[2022-06-24 07:11:48,521] {logging_mixin.py:115} INFO - [2022-06-24 07:11:48,521] {dagbag.py:507} INFO - Filling up the DagBag from /home/airflow/.local/lib/python3.7/site-packages/airflow/example_dags/example_trigger_controller_dag.py
[2022-06-24 07:11:48,525] {processor.py:651} INFO - DAG(s) dict_keys(['example_trigger_controller_dag']) retrieved from /home/airflow/.local/lib/python3.7/site-packages/airflow/example_dags/example_trigger_controller_dag.py
[2022-06-24 07:11:48,557] {logging_mixin.py:115} INFO - [2022-06-24 07:11:48,556] {dag.py:2379} INFO - Sync 1 DAGs
[2022-06-24 07:11:48,579] {logging_mixin.py:115} INFO - [2022-06-24 07:11:48,579] {dag.py:2931} INFO - Setting next_dagrun for example_trigger_controller_dag to 2021-01-01T00:00:00+00:00, run_after=2021-01-01T00:00:00+00:00
[2022-06-24 07:11:48,592] {processor.py:161} INFO - Processing /home/airflow/.local/lib/python3.7/site-packages/airflow/example_dags/example_trigger_controller_dag.py took 0.078 seconds
[2022-06-24 07:12:18,731] {processor.py:153} INFO - Started process (PID=7143) to work on /home/airflow/.local/lib/python3.7/site-packages/airflow/example_dags/example_trigger_controller_dag.py
[2022-06-24 07:12:18,732] {processor.py:641} INFO - Processing file /home/airflow/.local/lib/python3.7/site-packages/airflow/example_dags/example_trigger_controller_dag.py for tasks to queue
[2022-06-24 07:12:18,734] {logging_mixin.py:115} INFO - [2022-06-24 07:12:18,733] {dagbag.py:507} INFO - Filling up the DagBag from /home/airflow/.local/lib/python3.7/site-packages/airflow/example_dags/example_trigger_controller_dag.py
[2022-06-24 07:12:18,737] {processor.py:651} INFO - DAG(s) dict_keys(['example_trigger_controller_dag']) retrieved from /home/airflow/.local/lib/python3.7/site-packages/airflow/example_dags/example_trigger_controller_dag.py
[2022-06-24 07:12:18,763] {logging_mixin.py:115} INFO - [2022-06-24 07:12:18,763] {dag.py:2379} INFO - Sync 1 DAGs
[2022-06-24 07:12:18,778] {logging_mixin.py:115} INFO - [2022-06-24 07:12:18,778] {dag.py:2931} INFO - Setting next_dagrun for example_trigger_controller_dag to 2021-01-01T00:00:00+00:00, run_after=2021-01-01T00:00:00+00:00
[2022-06-24 07:12:18,793] {processor.py:161} INFO - Processing /home/airflow/.local/lib/python3.7/site-packages/airflow/example_dags/example_trigger_controller_dag.py took 0.066 seconds
[2022-06-24 07:12:49,004] {processor.py:153} INFO - Started process (PID=7207) to work on /home/airflow/.local/lib/python3.7/site-packages/airflow/example_dags/example_trigger_controller_dag.py
[2022-06-24 07:12:49,005] {processor.py:641} INFO - Processing file /home/airflow/.local/lib/python3.7/site-packages/airflow/example_dags/example_trigger_controller_dag.py for tasks to queue
[2022-06-24 07:12:49,006] {logging_mixin.py:115} INFO - [2022-06-24 07:12:49,006] {dagbag.py:507} INFO - Filling up the DagBag from /home/airflow/.local/lib/python3.7/site-packages/airflow/example_dags/example_trigger_controller_dag.py
[2022-06-24 07:12:49,010] {processor.py:651} INFO - DAG(s) dict_keys(['example_trigger_controller_dag']) retrieved from /home/airflow/.local/lib/python3.7/site-packages/airflow/example_dags/example_trigger_controller_dag.py
[2022-06-24 07:12:49,035] {logging_mixin.py:115} INFO - [2022-06-24 07:12:49,035] {dag.py:2379} INFO - Sync 1 DAGs
[2022-06-24 07:12:49,050] {logging_mixin.py:115} INFO - [2022-06-24 07:12:49,050] {dag.py:2931} INFO - Setting next_dagrun for example_trigger_controller_dag to 2021-01-01T00:00:00+00:00, run_after=2021-01-01T00:00:00+00:00
[2022-06-24 07:12:49,064] {processor.py:161} INFO - Processing /home/airflow/.local/lib/python3.7/site-packages/airflow/example_dags/example_trigger_controller_dag.py took 0.063 seconds
[2022-06-24 07:13:19,192] {processor.py:153} INFO - Started process (PID=7271) to work on /home/airflow/.local/lib/python3.7/site-packages/airflow/example_dags/example_trigger_controller_dag.py
[2022-06-24 07:13:19,194] {processor.py:641} INFO - Processing file /home/airflow/.local/lib/python3.7/site-packages/airflow/example_dags/example_trigger_controller_dag.py for tasks to queue
[2022-06-24 07:13:19,195] {logging_mixin.py:115} INFO - [2022-06-24 07:13:19,195] {dagbag.py:507} INFO - Filling up the DagBag from /home/airflow/.local/lib/python3.7/site-packages/airflow/example_dags/example_trigger_controller_dag.py
[2022-06-24 07:13:19,198] {processor.py:651} INFO - DAG(s) dict_keys(['example_trigger_controller_dag']) retrieved from /home/airflow/.local/lib/python3.7/site-packages/airflow/example_dags/example_trigger_controller_dag.py
[2022-06-24 07:13:19,228] {logging_mixin.py:115} INFO - [2022-06-24 07:13:19,227] {dag.py:2379} INFO - Sync 1 DAGs
[2022-06-24 07:13:19,242] {logging_mixin.py:115} INFO - [2022-06-24 07:13:19,242] {dag.py:2931} INFO - Setting next_dagrun for example_trigger_controller_dag to 2021-01-01T00:00:00+00:00, run_after=2021-01-01T00:00:00+00:00
[2022-06-24 07:13:19,257] {processor.py:161} INFO - Processing /home/airflow/.local/lib/python3.7/site-packages/airflow/example_dags/example_trigger_controller_dag.py took 0.068 seconds
[2022-06-24 07:13:49,884] {processor.py:153} INFO - Started process (PID=7335) to work on /home/airflow/.local/lib/python3.7/site-packages/airflow/example_dags/example_trigger_controller_dag.py
[2022-06-24 07:13:49,885] {processor.py:641} INFO - Processing file /home/airflow/.local/lib/python3.7/site-packages/airflow/example_dags/example_trigger_controller_dag.py for tasks to queue
[2022-06-24 07:13:49,886] {logging_mixin.py:115} INFO - [2022-06-24 07:13:49,886] {dagbag.py:507} INFO - Filling up the DagBag from /home/airflow/.local/lib/python3.7/site-packages/airflow/example_dags/example_trigger_controller_dag.py
[2022-06-24 07:13:49,890] {processor.py:651} INFO - DAG(s) dict_keys(['example_trigger_controller_dag']) retrieved from /home/airflow/.local/lib/python3.7/site-packages/airflow/example_dags/example_trigger_controller_dag.py
[2022-06-24 07:13:49,918] {logging_mixin.py:115} INFO - [2022-06-24 07:13:49,918] {dag.py:2379} INFO - Sync 1 DAGs
[2022-06-24 07:13:49,934] {logging_mixin.py:115} INFO - [2022-06-24 07:13:49,934] {dag.py:2931} INFO - Setting next_dagrun for example_trigger_controller_dag to 2021-01-01T00:00:00+00:00, run_after=2021-01-01T00:00:00+00:00
[2022-06-24 07:13:49,949] {processor.py:161} INFO - Processing /home/airflow/.local/lib/python3.7/site-packages/airflow/example_dags/example_trigger_controller_dag.py took 0.069 seconds
[2022-06-24 07:14:20,481] {processor.py:153} INFO - Started process (PID=7390) to work on /home/airflow/.local/lib/python3.7/site-packages/airflow/example_dags/example_trigger_controller_dag.py
[2022-06-24 07:14:20,482] {processor.py:641} INFO - Processing file /home/airflow/.local/lib/python3.7/site-packages/airflow/example_dags/example_trigger_controller_dag.py for tasks to queue
[2022-06-24 07:14:20,483] {logging_mixin.py:115} INFO - [2022-06-24 07:14:20,483] {dagbag.py:507} INFO - Filling up the DagBag from /home/airflow/.local/lib/python3.7/site-packages/airflow/example_dags/example_trigger_controller_dag.py
[2022-06-24 07:14:20,486] {processor.py:651} INFO - DAG(s) dict_keys(['example_trigger_controller_dag']) retrieved from /home/airflow/.local/lib/python3.7/site-packages/airflow/example_dags/example_trigger_controller_dag.py
[2022-06-24 07:14:20,511] {logging_mixin.py:115} INFO - [2022-06-24 07:14:20,511] {dag.py:2379} INFO - Sync 1 DAGs
[2022-06-24 07:14:20,527] {logging_mixin.py:115} INFO - [2022-06-24 07:14:20,527] {dag.py:2931} INFO - Setting next_dagrun for example_trigger_controller_dag to 2021-01-01T00:00:00+00:00, run_after=2021-01-01T00:00:00+00:00
[2022-06-24 07:14:20,540] {processor.py:161} INFO - Processing /home/airflow/.local/lib/python3.7/site-packages/airflow/example_dags/example_trigger_controller_dag.py took 0.063 seconds
[2022-06-24 07:14:51,010] {processor.py:153} INFO - Started process (PID=7454) to work on /home/airflow/.local/lib/python3.7/site-packages/airflow/example_dags/example_trigger_controller_dag.py
[2022-06-24 07:14:51,011] {processor.py:641} INFO - Processing file /home/airflow/.local/lib/python3.7/site-packages/airflow/example_dags/example_trigger_controller_dag.py for tasks to queue
[2022-06-24 07:14:51,012] {logging_mixin.py:115} INFO - [2022-06-24 07:14:51,012] {dagbag.py:507} INFO - Filling up the DagBag from /home/airflow/.local/lib/python3.7/site-packages/airflow/example_dags/example_trigger_controller_dag.py
[2022-06-24 07:14:51,016] {processor.py:651} INFO - DAG(s) dict_keys(['example_trigger_controller_dag']) retrieved from /home/airflow/.local/lib/python3.7/site-packages/airflow/example_dags/example_trigger_controller_dag.py
[2022-06-24 07:14:51,045] {logging_mixin.py:115} INFO - [2022-06-24 07:14:51,045] {dag.py:2379} INFO - Sync 1 DAGs
[2022-06-24 07:14:51,064] {logging_mixin.py:115} INFO - [2022-06-24 07:14:51,064] {dag.py:2931} INFO - Setting next_dagrun for example_trigger_controller_dag to 2021-01-01T00:00:00+00:00, run_after=2021-01-01T00:00:00+00:00
[2022-06-24 07:14:51,080] {processor.py:161} INFO - Processing /home/airflow/.local/lib/python3.7/site-packages/airflow/example_dags/example_trigger_controller_dag.py took 0.073 seconds
[2022-06-24 07:15:21,361] {processor.py:153} INFO - Started process (PID=7519) to work on /home/airflow/.local/lib/python3.7/site-packages/airflow/example_dags/example_trigger_controller_dag.py
[2022-06-24 07:15:21,362] {processor.py:641} INFO - Processing file /home/airflow/.local/lib/python3.7/site-packages/airflow/example_dags/example_trigger_controller_dag.py for tasks to queue
[2022-06-24 07:15:21,363] {logging_mixin.py:115} INFO - [2022-06-24 07:15:21,363] {dagbag.py:507} INFO - Filling up the DagBag from /home/airflow/.local/lib/python3.7/site-packages/airflow/example_dags/example_trigger_controller_dag.py
[2022-06-24 07:15:21,366] {processor.py:651} INFO - DAG(s) dict_keys(['example_trigger_controller_dag']) retrieved from /home/airflow/.local/lib/python3.7/site-packages/airflow/example_dags/example_trigger_controller_dag.py
[2022-06-24 07:15:21,396] {logging_mixin.py:115} INFO - [2022-06-24 07:15:21,396] {dag.py:2379} INFO - Sync 1 DAGs
[2022-06-24 07:15:21,414] {logging_mixin.py:115} INFO - [2022-06-24 07:15:21,414] {dag.py:2931} INFO - Setting next_dagrun for example_trigger_controller_dag to 2021-01-01T00:00:00+00:00, run_after=2021-01-01T00:00:00+00:00
[2022-06-24 07:15:21,431] {processor.py:161} INFO - Processing /home/airflow/.local/lib/python3.7/site-packages/airflow/example_dags/example_trigger_controller_dag.py took 0.073 seconds
[2022-06-24 07:15:51,954] {processor.py:153} INFO - Started process (PID=7583) to work on /home/airflow/.local/lib/python3.7/site-packages/airflow/example_dags/example_trigger_controller_dag.py
[2022-06-24 07:15:51,955] {processor.py:641} INFO - Processing file /home/airflow/.local/lib/python3.7/site-packages/airflow/example_dags/example_trigger_controller_dag.py for tasks to queue
[2022-06-24 07:15:51,956] {logging_mixin.py:115} INFO - [2022-06-24 07:15:51,956] {dagbag.py:507} INFO - Filling up the DagBag from /home/airflow/.local/lib/python3.7/site-packages/airflow/example_dags/example_trigger_controller_dag.py
[2022-06-24 07:15:51,960] {processor.py:651} INFO - DAG(s) dict_keys(['example_trigger_controller_dag']) retrieved from /home/airflow/.local/lib/python3.7/site-packages/airflow/example_dags/example_trigger_controller_dag.py
[2022-06-24 07:15:51,994] {logging_mixin.py:115} INFO - [2022-06-24 07:15:51,994] {dag.py:2379} INFO - Sync 1 DAGs
[2022-06-24 07:15:52,017] {logging_mixin.py:115} INFO - [2022-06-24 07:15:52,017] {dag.py:2931} INFO - Setting next_dagrun for example_trigger_controller_dag to 2021-01-01T00:00:00+00:00, run_after=2021-01-01T00:00:00+00:00
[2022-06-24 07:15:52,031] {processor.py:161} INFO - Processing /home/airflow/.local/lib/python3.7/site-packages/airflow/example_dags/example_trigger_controller_dag.py took 0.080 seconds
[2022-06-24 07:16:22,321] {processor.py:153} INFO - Started process (PID=7638) to work on /home/airflow/.local/lib/python3.7/site-packages/airflow/example_dags/example_trigger_controller_dag.py
[2022-06-24 07:16:22,322] {processor.py:641} INFO - Processing file /home/airflow/.local/lib/python3.7/site-packages/airflow/example_dags/example_trigger_controller_dag.py for tasks to queue
[2022-06-24 07:16:22,323] {logging_mixin.py:115} INFO - [2022-06-24 07:16:22,323] {dagbag.py:507} INFO - Filling up the DagBag from /home/airflow/.local/lib/python3.7/site-packages/airflow/example_dags/example_trigger_controller_dag.py
[2022-06-24 07:16:22,335] {processor.py:651} INFO - DAG(s) dict_keys(['example_trigger_controller_dag']) retrieved from /home/airflow/.local/lib/python3.7/site-packages/airflow/example_dags/example_trigger_controller_dag.py
[2022-06-24 07:16:22,364] {logging_mixin.py:115} INFO - [2022-06-24 07:16:22,364] {dag.py:2379} INFO - Sync 1 DAGs
[2022-06-24 07:16:22,378] {logging_mixin.py:115} INFO - [2022-06-24 07:16:22,378] {dag.py:2931} INFO - Setting next_dagrun for example_trigger_controller_dag to 2021-01-01T00:00:00+00:00, run_after=2021-01-01T00:00:00+00:00
[2022-06-24 07:16:22,396] {processor.py:161} INFO - Processing /home/airflow/.local/lib/python3.7/site-packages/airflow/example_dags/example_trigger_controller_dag.py took 0.079 seconds
[2022-06-24 07:16:52,894] {processor.py:153} INFO - Started process (PID=7702) to work on /home/airflow/.local/lib/python3.7/site-packages/airflow/example_dags/example_trigger_controller_dag.py
[2022-06-24 07:16:52,895] {processor.py:641} INFO - Processing file /home/airflow/.local/lib/python3.7/site-packages/airflow/example_dags/example_trigger_controller_dag.py for tasks to queue
[2022-06-24 07:16:52,896] {logging_mixin.py:115} INFO - [2022-06-24 07:16:52,896] {dagbag.py:507} INFO - Filling up the DagBag from /home/airflow/.local/lib/python3.7/site-packages/airflow/example_dags/example_trigger_controller_dag.py
[2022-06-24 07:16:52,900] {processor.py:651} INFO - DAG(s) dict_keys(['example_trigger_controller_dag']) retrieved from /home/airflow/.local/lib/python3.7/site-packages/airflow/example_dags/example_trigger_controller_dag.py
[2022-06-24 07:16:52,930] {logging_mixin.py:115} INFO - [2022-06-24 07:16:52,929] {dag.py:2379} INFO - Sync 1 DAGs
[2022-06-24 07:16:52,949] {logging_mixin.py:115} INFO - [2022-06-24 07:16:52,949] {dag.py:2931} INFO - Setting next_dagrun for example_trigger_controller_dag to 2021-01-01T00:00:00+00:00, run_after=2021-01-01T00:00:00+00:00
[2022-06-24 07:16:52,968] {processor.py:161} INFO - Processing /home/airflow/.local/lib/python3.7/site-packages/airflow/example_dags/example_trigger_controller_dag.py took 0.077 seconds
[2022-06-24 07:17:23,677] {processor.py:153} INFO - Started process (PID=7766) to work on /home/airflow/.local/lib/python3.7/site-packages/airflow/example_dags/example_trigger_controller_dag.py
[2022-06-24 07:17:23,678] {processor.py:641} INFO - Processing file /home/airflow/.local/lib/python3.7/site-packages/airflow/example_dags/example_trigger_controller_dag.py for tasks to queue
[2022-06-24 07:17:23,679] {logging_mixin.py:115} INFO - [2022-06-24 07:17:23,679] {dagbag.py:507} INFO - Filling up the DagBag from /home/airflow/.local/lib/python3.7/site-packages/airflow/example_dags/example_trigger_controller_dag.py
[2022-06-24 07:17:23,682] {processor.py:651} INFO - DAG(s) dict_keys(['example_trigger_controller_dag']) retrieved from /home/airflow/.local/lib/python3.7/site-packages/airflow/example_dags/example_trigger_controller_dag.py
[2022-06-24 07:17:23,713] {logging_mixin.py:115} INFO - [2022-06-24 07:17:23,713] {dag.py:2379} INFO - Sync 1 DAGs
[2022-06-24 07:17:23,731] {logging_mixin.py:115} INFO - [2022-06-24 07:17:23,731] {dag.py:2931} INFO - Setting next_dagrun for example_trigger_controller_dag to 2021-01-01T00:00:00+00:00, run_after=2021-01-01T00:00:00+00:00
[2022-06-24 07:17:23,747] {processor.py:161} INFO - Processing /home/airflow/.local/lib/python3.7/site-packages/airflow/example_dags/example_trigger_controller_dag.py took 0.075 seconds
[2022-06-24 07:17:54,227] {processor.py:153} INFO - Started process (PID=7821) to work on /home/airflow/.local/lib/python3.7/site-packages/airflow/example_dags/example_trigger_controller_dag.py
[2022-06-24 07:17:54,229] {processor.py:641} INFO - Processing file /home/airflow/.local/lib/python3.7/site-packages/airflow/example_dags/example_trigger_controller_dag.py for tasks to queue
[2022-06-24 07:17:54,229] {logging_mixin.py:115} INFO - [2022-06-24 07:17:54,229] {dagbag.py:507} INFO - Filling up the DagBag from /home/airflow/.local/lib/python3.7/site-packages/airflow/example_dags/example_trigger_controller_dag.py
[2022-06-24 07:17:54,232] {processor.py:651} INFO - DAG(s) dict_keys(['example_trigger_controller_dag']) retrieved from /home/airflow/.local/lib/python3.7/site-packages/airflow/example_dags/example_trigger_controller_dag.py
[2022-06-24 07:17:54,264] {logging_mixin.py:115} INFO - [2022-06-24 07:17:54,264] {dag.py:2379} INFO - Sync 1 DAGs
[2022-06-24 07:17:54,283] {logging_mixin.py:115} INFO - [2022-06-24 07:17:54,283] {dag.py:2931} INFO - Setting next_dagrun for example_trigger_controller_dag to 2021-01-01T00:00:00+00:00, run_after=2021-01-01T00:00:00+00:00
[2022-06-24 07:17:54,300] {processor.py:161} INFO - Processing /home/airflow/.local/lib/python3.7/site-packages/airflow/example_dags/example_trigger_controller_dag.py took 0.076 seconds
[2022-06-24 07:18:25,015] {processor.py:153} INFO - Started process (PID=7885) to work on /home/airflow/.local/lib/python3.7/site-packages/airflow/example_dags/example_trigger_controller_dag.py
[2022-06-24 07:18:25,016] {processor.py:641} INFO - Processing file /home/airflow/.local/lib/python3.7/site-packages/airflow/example_dags/example_trigger_controller_dag.py for tasks to queue
[2022-06-24 07:18:25,017] {logging_mixin.py:115} INFO - [2022-06-24 07:18:25,017] {dagbag.py:507} INFO - Filling up the DagBag from /home/airflow/.local/lib/python3.7/site-packages/airflow/example_dags/example_trigger_controller_dag.py
[2022-06-24 07:18:25,021] {processor.py:651} INFO - DAG(s) dict_keys(['example_trigger_controller_dag']) retrieved from /home/airflow/.local/lib/python3.7/site-packages/airflow/example_dags/example_trigger_controller_dag.py
[2022-06-24 07:18:25,054] {logging_mixin.py:115} INFO - [2022-06-24 07:18:25,054] {dag.py:2379} INFO - Sync 1 DAGs
[2022-06-24 07:18:25,074] {logging_mixin.py:115} INFO - [2022-06-24 07:18:25,074] {dag.py:2931} INFO - Setting next_dagrun for example_trigger_controller_dag to 2021-01-01T00:00:00+00:00, run_after=2021-01-01T00:00:00+00:00
[2022-06-24 07:18:25,089] {processor.py:161} INFO - Processing /home/airflow/.local/lib/python3.7/site-packages/airflow/example_dags/example_trigger_controller_dag.py took 0.077 seconds
[2022-06-24 07:18:55,838] {processor.py:153} INFO - Started process (PID=7950) to work on /home/airflow/.local/lib/python3.7/site-packages/airflow/example_dags/example_trigger_controller_dag.py
[2022-06-24 07:18:55,839] {processor.py:641} INFO - Processing file /home/airflow/.local/lib/python3.7/site-packages/airflow/example_dags/example_trigger_controller_dag.py for tasks to queue
[2022-06-24 07:18:55,839] {logging_mixin.py:115} INFO - [2022-06-24 07:18:55,839] {dagbag.py:507} INFO - Filling up the DagBag from /home/airflow/.local/lib/python3.7/site-packages/airflow/example_dags/example_trigger_controller_dag.py
[2022-06-24 07:18:55,843] {processor.py:651} INFO - DAG(s) dict_keys(['example_trigger_controller_dag']) retrieved from /home/airflow/.local/lib/python3.7/site-packages/airflow/example_dags/example_trigger_controller_dag.py
[2022-06-24 07:18:55,875] {logging_mixin.py:115} INFO - [2022-06-24 07:18:55,875] {dag.py:2379} INFO - Sync 1 DAGs
[2022-06-24 07:18:55,894] {logging_mixin.py:115} INFO - [2022-06-24 07:18:55,894] {dag.py:2931} INFO - Setting next_dagrun for example_trigger_controller_dag to 2021-01-01T00:00:00+00:00, run_after=2021-01-01T00:00:00+00:00
[2022-06-24 07:18:55,908] {processor.py:161} INFO - Processing /home/airflow/.local/lib/python3.7/site-packages/airflow/example_dags/example_trigger_controller_dag.py took 0.073 seconds
[2022-06-24 07:19:26,127] {processor.py:153} INFO - Started process (PID=8014) to work on /home/airflow/.local/lib/python3.7/site-packages/airflow/example_dags/example_trigger_controller_dag.py
[2022-06-24 07:19:26,129] {processor.py:641} INFO - Processing file /home/airflow/.local/lib/python3.7/site-packages/airflow/example_dags/example_trigger_controller_dag.py for tasks to queue
[2022-06-24 07:19:26,130] {logging_mixin.py:115} INFO - [2022-06-24 07:19:26,130] {dagbag.py:507} INFO - Filling up the DagBag from /home/airflow/.local/lib/python3.7/site-packages/airflow/example_dags/example_trigger_controller_dag.py
[2022-06-24 07:19:26,133] {processor.py:651} INFO - DAG(s) dict_keys(['example_trigger_controller_dag']) retrieved from /home/airflow/.local/lib/python3.7/site-packages/airflow/example_dags/example_trigger_controller_dag.py
[2022-06-24 07:19:26,163] {logging_mixin.py:115} INFO - [2022-06-24 07:19:26,163] {dag.py:2379} INFO - Sync 1 DAGs
[2022-06-24 07:19:26,181] {logging_mixin.py:115} INFO - [2022-06-24 07:19:26,181] {dag.py:2931} INFO - Setting next_dagrun for example_trigger_controller_dag to 2021-01-01T00:00:00+00:00, run_after=2021-01-01T00:00:00+00:00
[2022-06-24 07:19:26,197] {processor.py:161} INFO - Processing /home/airflow/.local/lib/python3.7/site-packages/airflow/example_dags/example_trigger_controller_dag.py took 0.074 seconds
[2022-06-24 07:19:56,543] {processor.py:153} INFO - Started process (PID=8069) to work on /home/airflow/.local/lib/python3.7/site-packages/airflow/example_dags/example_trigger_controller_dag.py
[2022-06-24 07:19:56,544] {processor.py:641} INFO - Processing file /home/airflow/.local/lib/python3.7/site-packages/airflow/example_dags/example_trigger_controller_dag.py for tasks to queue
[2022-06-24 07:19:56,545] {logging_mixin.py:115} INFO - [2022-06-24 07:19:56,545] {dagbag.py:507} INFO - Filling up the DagBag from /home/airflow/.local/lib/python3.7/site-packages/airflow/example_dags/example_trigger_controller_dag.py
[2022-06-24 07:19:56,548] {processor.py:651} INFO - DAG(s) dict_keys(['example_trigger_controller_dag']) retrieved from /home/airflow/.local/lib/python3.7/site-packages/airflow/example_dags/example_trigger_controller_dag.py
[2022-06-24 07:19:56,573] {logging_mixin.py:115} INFO - [2022-06-24 07:19:56,573] {dag.py:2379} INFO - Sync 1 DAGs
[2022-06-24 07:19:56,590] {logging_mixin.py:115} INFO - [2022-06-24 07:19:56,590] {dag.py:2931} INFO - Setting next_dagrun for example_trigger_controller_dag to 2021-01-01T00:00:00+00:00, run_after=2021-01-01T00:00:00+00:00
[2022-06-24 07:19:56,606] {processor.py:161} INFO - Processing /home/airflow/.local/lib/python3.7/site-packages/airflow/example_dags/example_trigger_controller_dag.py took 0.068 seconds
[2022-06-24 07:20:26,849] {processor.py:153} INFO - Started process (PID=8133) to work on /home/airflow/.local/lib/python3.7/site-packages/airflow/example_dags/example_trigger_controller_dag.py
[2022-06-24 07:20:26,850] {processor.py:641} INFO - Processing file /home/airflow/.local/lib/python3.7/site-packages/airflow/example_dags/example_trigger_controller_dag.py for tasks to queue
[2022-06-24 07:20:26,851] {logging_mixin.py:115} INFO - [2022-06-24 07:20:26,851] {dagbag.py:507} INFO - Filling up the DagBag from /home/airflow/.local/lib/python3.7/site-packages/airflow/example_dags/example_trigger_controller_dag.py
[2022-06-24 07:20:26,855] {processor.py:651} INFO - DAG(s) dict_keys(['example_trigger_controller_dag']) retrieved from /home/airflow/.local/lib/python3.7/site-packages/airflow/example_dags/example_trigger_controller_dag.py
[2022-06-24 07:20:26,888] {logging_mixin.py:115} INFO - [2022-06-24 07:20:26,888] {dag.py:2379} INFO - Sync 1 DAGs
[2022-06-24 07:20:26,912] {logging_mixin.py:115} INFO - [2022-06-24 07:20:26,912] {dag.py:2931} INFO - Setting next_dagrun for example_trigger_controller_dag to 2021-01-01T00:00:00+00:00, run_after=2021-01-01T00:00:00+00:00
[2022-06-24 07:20:26,927] {processor.py:161} INFO - Processing /home/airflow/.local/lib/python3.7/site-packages/airflow/example_dags/example_trigger_controller_dag.py took 0.082 seconds
[2022-06-24 07:20:57,435] {processor.py:153} INFO - Started process (PID=8197) to work on /home/airflow/.local/lib/python3.7/site-packages/airflow/example_dags/example_trigger_controller_dag.py
[2022-06-24 07:20:57,436] {processor.py:641} INFO - Processing file /home/airflow/.local/lib/python3.7/site-packages/airflow/example_dags/example_trigger_controller_dag.py for tasks to queue
[2022-06-24 07:20:57,437] {logging_mixin.py:115} INFO - [2022-06-24 07:20:57,437] {dagbag.py:507} INFO - Filling up the DagBag from /home/airflow/.local/lib/python3.7/site-packages/airflow/example_dags/example_trigger_controller_dag.py
[2022-06-24 07:20:57,441] {processor.py:651} INFO - DAG(s) dict_keys(['example_trigger_controller_dag']) retrieved from /home/airflow/.local/lib/python3.7/site-packages/airflow/example_dags/example_trigger_controller_dag.py
[2022-06-24 07:20:57,471] {logging_mixin.py:115} INFO - [2022-06-24 07:20:57,470] {dag.py:2379} INFO - Sync 1 DAGs
[2022-06-24 07:20:57,488] {logging_mixin.py:115} INFO - [2022-06-24 07:20:57,488] {dag.py:2931} INFO - Setting next_dagrun for example_trigger_controller_dag to 2021-01-01T00:00:00+00:00, run_after=2021-01-01T00:00:00+00:00
[2022-06-24 07:20:57,506] {processor.py:161} INFO - Processing /home/airflow/.local/lib/python3.7/site-packages/airflow/example_dags/example_trigger_controller_dag.py took 0.074 seconds
[2022-06-24 07:21:28,235] {processor.py:153} INFO - Started process (PID=8252) to work on /home/airflow/.local/lib/python3.7/site-packages/airflow/example_dags/example_trigger_controller_dag.py
[2022-06-24 07:21:28,236] {processor.py:641} INFO - Processing file /home/airflow/.local/lib/python3.7/site-packages/airflow/example_dags/example_trigger_controller_dag.py for tasks to queue
[2022-06-24 07:21:28,237] {logging_mixin.py:115} INFO - [2022-06-24 07:21:28,237] {dagbag.py:507} INFO - Filling up the DagBag from /home/airflow/.local/lib/python3.7/site-packages/airflow/example_dags/example_trigger_controller_dag.py
[2022-06-24 07:21:28,240] {processor.py:651} INFO - DAG(s) dict_keys(['example_trigger_controller_dag']) retrieved from /home/airflow/.local/lib/python3.7/site-packages/airflow/example_dags/example_trigger_controller_dag.py
[2022-06-24 07:21:28,267] {logging_mixin.py:115} INFO - [2022-06-24 07:21:28,267] {dag.py:2379} INFO - Sync 1 DAGs
[2022-06-24 07:21:28,287] {logging_mixin.py:115} INFO - [2022-06-24 07:21:28,287] {dag.py:2931} INFO - Setting next_dagrun for example_trigger_controller_dag to 2021-01-01T00:00:00+00:00, run_after=2021-01-01T00:00:00+00:00
[2022-06-24 07:21:28,304] {processor.py:161} INFO - Processing /home/airflow/.local/lib/python3.7/site-packages/airflow/example_dags/example_trigger_controller_dag.py took 0.072 seconds
[2022-06-24 07:21:58,710] {processor.py:153} INFO - Started process (PID=8316) to work on /home/airflow/.local/lib/python3.7/site-packages/airflow/example_dags/example_trigger_controller_dag.py
[2022-06-24 07:21:58,711] {processor.py:641} INFO - Processing file /home/airflow/.local/lib/python3.7/site-packages/airflow/example_dags/example_trigger_controller_dag.py for tasks to queue
[2022-06-24 07:21:58,713] {logging_mixin.py:115} INFO - [2022-06-24 07:21:58,713] {dagbag.py:507} INFO - Filling up the DagBag from /home/airflow/.local/lib/python3.7/site-packages/airflow/example_dags/example_trigger_controller_dag.py
[2022-06-24 07:21:58,718] {processor.py:651} INFO - DAG(s) dict_keys(['example_trigger_controller_dag']) retrieved from /home/airflow/.local/lib/python3.7/site-packages/airflow/example_dags/example_trigger_controller_dag.py
[2022-06-24 07:21:58,756] {logging_mixin.py:115} INFO - [2022-06-24 07:21:58,756] {dag.py:2379} INFO - Sync 1 DAGs
[2022-06-24 07:21:58,777] {logging_mixin.py:115} INFO - [2022-06-24 07:21:58,777] {dag.py:2931} INFO - Setting next_dagrun for example_trigger_controller_dag to 2021-01-01T00:00:00+00:00, run_after=2021-01-01T00:00:00+00:00
[2022-06-24 07:21:58,794] {processor.py:161} INFO - Processing /home/airflow/.local/lib/python3.7/site-packages/airflow/example_dags/example_trigger_controller_dag.py took 0.088 seconds
[2022-06-24 07:22:29,267] {processor.py:153} INFO - Started process (PID=8380) to work on /home/airflow/.local/lib/python3.7/site-packages/airflow/example_dags/example_trigger_controller_dag.py
[2022-06-24 07:22:29,268] {processor.py:641} INFO - Processing file /home/airflow/.local/lib/python3.7/site-packages/airflow/example_dags/example_trigger_controller_dag.py for tasks to queue
[2022-06-24 07:22:29,269] {logging_mixin.py:115} INFO - [2022-06-24 07:22:29,269] {dagbag.py:507} INFO - Filling up the DagBag from /home/airflow/.local/lib/python3.7/site-packages/airflow/example_dags/example_trigger_controller_dag.py
[2022-06-24 07:22:29,273] {processor.py:651} INFO - DAG(s) dict_keys(['example_trigger_controller_dag']) retrieved from /home/airflow/.local/lib/python3.7/site-packages/airflow/example_dags/example_trigger_controller_dag.py
[2022-06-24 07:22:29,301] {logging_mixin.py:115} INFO - [2022-06-24 07:22:29,301] {dag.py:2379} INFO - Sync 1 DAGs
[2022-06-24 07:22:29,321] {logging_mixin.py:115} INFO - [2022-06-24 07:22:29,321] {dag.py:2931} INFO - Setting next_dagrun for example_trigger_controller_dag to 2021-01-01T00:00:00+00:00, run_after=2021-01-01T00:00:00+00:00
[2022-06-24 07:22:29,337] {processor.py:161} INFO - Processing /home/airflow/.local/lib/python3.7/site-packages/airflow/example_dags/example_trigger_controller_dag.py took 0.073 seconds
[2022-06-24 07:23:00,291] {processor.py:153} INFO - Started process (PID=8444) to work on /home/airflow/.local/lib/python3.7/site-packages/airflow/example_dags/example_trigger_controller_dag.py
[2022-06-24 07:23:00,292] {processor.py:641} INFO - Processing file /home/airflow/.local/lib/python3.7/site-packages/airflow/example_dags/example_trigger_controller_dag.py for tasks to queue
[2022-06-24 07:23:00,293] {logging_mixin.py:115} INFO - [2022-06-24 07:23:00,293] {dagbag.py:507} INFO - Filling up the DagBag from /home/airflow/.local/lib/python3.7/site-packages/airflow/example_dags/example_trigger_controller_dag.py
[2022-06-24 07:23:00,297] {processor.py:651} INFO - DAG(s) dict_keys(['example_trigger_controller_dag']) retrieved from /home/airflow/.local/lib/python3.7/site-packages/airflow/example_dags/example_trigger_controller_dag.py
[2022-06-24 07:23:00,333] {logging_mixin.py:115} INFO - [2022-06-24 07:23:00,333] {dag.py:2379} INFO - Sync 1 DAGs
[2022-06-24 07:23:00,356] {logging_mixin.py:115} INFO - [2022-06-24 07:23:00,355] {dag.py:2931} INFO - Setting next_dagrun for example_trigger_controller_dag to 2021-01-01T00:00:00+00:00, run_after=2021-01-01T00:00:00+00:00
[2022-06-24 07:23:00,373] {processor.py:161} INFO - Processing /home/airflow/.local/lib/python3.7/site-packages/airflow/example_dags/example_trigger_controller_dag.py took 0.086 seconds
[2022-06-24 07:23:30,578] {processor.py:153} INFO - Started process (PID=8499) to work on /home/airflow/.local/lib/python3.7/site-packages/airflow/example_dags/example_trigger_controller_dag.py
[2022-06-24 07:23:30,579] {processor.py:641} INFO - Processing file /home/airflow/.local/lib/python3.7/site-packages/airflow/example_dags/example_trigger_controller_dag.py for tasks to queue
[2022-06-24 07:23:30,580] {logging_mixin.py:115} INFO - [2022-06-24 07:23:30,580] {dagbag.py:507} INFO - Filling up the DagBag from /home/airflow/.local/lib/python3.7/site-packages/airflow/example_dags/example_trigger_controller_dag.py
[2022-06-24 07:23:30,584] {processor.py:651} INFO - DAG(s) dict_keys(['example_trigger_controller_dag']) retrieved from /home/airflow/.local/lib/python3.7/site-packages/airflow/example_dags/example_trigger_controller_dag.py
[2022-06-24 07:23:30,699] {logging_mixin.py:115} INFO - [2022-06-24 07:23:30,699] {dag.py:2379} INFO - Sync 1 DAGs
[2022-06-24 07:23:30,723] {logging_mixin.py:115} INFO - [2022-06-24 07:23:30,723] {dag.py:2931} INFO - Setting next_dagrun for example_trigger_controller_dag to 2021-01-01T00:00:00+00:00, run_after=2021-01-01T00:00:00+00:00
[2022-06-24 07:23:30,742] {processor.py:161} INFO - Processing /home/airflow/.local/lib/python3.7/site-packages/airflow/example_dags/example_trigger_controller_dag.py took 0.170 seconds
[2022-06-24 07:24:01,500] {processor.py:153} INFO - Started process (PID=8563) to work on /home/airflow/.local/lib/python3.7/site-packages/airflow/example_dags/example_trigger_controller_dag.py
[2022-06-24 07:24:01,501] {processor.py:641} INFO - Processing file /home/airflow/.local/lib/python3.7/site-packages/airflow/example_dags/example_trigger_controller_dag.py for tasks to queue
[2022-06-24 07:24:01,502] {logging_mixin.py:115} INFO - [2022-06-24 07:24:01,502] {dagbag.py:507} INFO - Filling up the DagBag from /home/airflow/.local/lib/python3.7/site-packages/airflow/example_dags/example_trigger_controller_dag.py
[2022-06-24 07:24:01,506] {processor.py:651} INFO - DAG(s) dict_keys(['example_trigger_controller_dag']) retrieved from /home/airflow/.local/lib/python3.7/site-packages/airflow/example_dags/example_trigger_controller_dag.py
[2022-06-24 07:24:01,540] {logging_mixin.py:115} INFO - [2022-06-24 07:24:01,540] {dag.py:2379} INFO - Sync 1 DAGs
[2022-06-24 07:24:01,565] {logging_mixin.py:115} INFO - [2022-06-24 07:24:01,565] {dag.py:2931} INFO - Setting next_dagrun for example_trigger_controller_dag to 2021-01-01T00:00:00+00:00, run_after=2021-01-01T00:00:00+00:00
[2022-06-24 07:24:01,584] {processor.py:161} INFO - Processing /home/airflow/.local/lib/python3.7/site-packages/airflow/example_dags/example_trigger_controller_dag.py took 0.088 seconds
[2022-06-24 07:24:32,083] {processor.py:153} INFO - Started process (PID=8628) to work on /home/airflow/.local/lib/python3.7/site-packages/airflow/example_dags/example_trigger_controller_dag.py
[2022-06-24 07:24:32,084] {processor.py:641} INFO - Processing file /home/airflow/.local/lib/python3.7/site-packages/airflow/example_dags/example_trigger_controller_dag.py for tasks to queue
[2022-06-24 07:24:32,085] {logging_mixin.py:115} INFO - [2022-06-24 07:24:32,085] {dagbag.py:507} INFO - Filling up the DagBag from /home/airflow/.local/lib/python3.7/site-packages/airflow/example_dags/example_trigger_controller_dag.py
[2022-06-24 07:24:32,088] {processor.py:651} INFO - DAG(s) dict_keys(['example_trigger_controller_dag']) retrieved from /home/airflow/.local/lib/python3.7/site-packages/airflow/example_dags/example_trigger_controller_dag.py
[2022-06-24 07:24:32,116] {logging_mixin.py:115} INFO - [2022-06-24 07:24:32,116] {dag.py:2379} INFO - Sync 1 DAGs
[2022-06-24 07:24:32,137] {logging_mixin.py:115} INFO - [2022-06-24 07:24:32,137] {dag.py:2931} INFO - Setting next_dagrun for example_trigger_controller_dag to 2021-01-01T00:00:00+00:00, run_after=2021-01-01T00:00:00+00:00
[2022-06-24 07:24:32,155] {processor.py:161} INFO - Processing /home/airflow/.local/lib/python3.7/site-packages/airflow/example_dags/example_trigger_controller_dag.py took 0.076 seconds
[2022-06-24 07:25:02,467] {processor.py:153} INFO - Started process (PID=8683) to work on /home/airflow/.local/lib/python3.7/site-packages/airflow/example_dags/example_trigger_controller_dag.py
[2022-06-24 07:25:02,468] {processor.py:641} INFO - Processing file /home/airflow/.local/lib/python3.7/site-packages/airflow/example_dags/example_trigger_controller_dag.py for tasks to queue
[2022-06-24 07:25:02,469] {logging_mixin.py:115} INFO - [2022-06-24 07:25:02,469] {dagbag.py:507} INFO - Filling up the DagBag from /home/airflow/.local/lib/python3.7/site-packages/airflow/example_dags/example_trigger_controller_dag.py
[2022-06-24 07:25:02,473] {processor.py:651} INFO - DAG(s) dict_keys(['example_trigger_controller_dag']) retrieved from /home/airflow/.local/lib/python3.7/site-packages/airflow/example_dags/example_trigger_controller_dag.py
[2022-06-24 07:25:02,505] {logging_mixin.py:115} INFO - [2022-06-24 07:25:02,504] {dag.py:2379} INFO - Sync 1 DAGs
[2022-06-24 07:25:02,522] {logging_mixin.py:115} INFO - [2022-06-24 07:25:02,522] {dag.py:2931} INFO - Setting next_dagrun for example_trigger_controller_dag to 2021-01-01T00:00:00+00:00, run_after=2021-01-01T00:00:00+00:00
[2022-06-24 07:25:02,537] {processor.py:161} INFO - Processing /home/airflow/.local/lib/python3.7/site-packages/airflow/example_dags/example_trigger_controller_dag.py took 0.074 seconds
[2022-06-24 07:25:32,733] {processor.py:153} INFO - Started process (PID=8747) to work on /home/airflow/.local/lib/python3.7/site-packages/airflow/example_dags/example_trigger_controller_dag.py
[2022-06-24 07:25:32,734] {processor.py:641} INFO - Processing file /home/airflow/.local/lib/python3.7/site-packages/airflow/example_dags/example_trigger_controller_dag.py for tasks to queue
[2022-06-24 07:25:32,735] {logging_mixin.py:115} INFO - [2022-06-24 07:25:32,734] {dagbag.py:507} INFO - Filling up the DagBag from /home/airflow/.local/lib/python3.7/site-packages/airflow/example_dags/example_trigger_controller_dag.py
[2022-06-24 07:25:32,738] {processor.py:651} INFO - DAG(s) dict_keys(['example_trigger_controller_dag']) retrieved from /home/airflow/.local/lib/python3.7/site-packages/airflow/example_dags/example_trigger_controller_dag.py
[2022-06-24 07:25:32,763] {logging_mixin.py:115} INFO - [2022-06-24 07:25:32,763] {dag.py:2379} INFO - Sync 1 DAGs
[2022-06-24 07:25:32,779] {logging_mixin.py:115} INFO - [2022-06-24 07:25:32,779] {dag.py:2931} INFO - Setting next_dagrun for example_trigger_controller_dag to 2021-01-01T00:00:00+00:00, run_after=2021-01-01T00:00:00+00:00
[2022-06-24 07:25:32,796] {processor.py:161} INFO - Processing /home/airflow/.local/lib/python3.7/site-packages/airflow/example_dags/example_trigger_controller_dag.py took 0.066 seconds
[2022-06-24 07:26:02,976] {processor.py:153} INFO - Started process (PID=8811) to work on /home/airflow/.local/lib/python3.7/site-packages/airflow/example_dags/example_trigger_controller_dag.py
[2022-06-24 07:26:02,977] {processor.py:641} INFO - Processing file /home/airflow/.local/lib/python3.7/site-packages/airflow/example_dags/example_trigger_controller_dag.py for tasks to queue
[2022-06-24 07:26:02,978] {logging_mixin.py:115} INFO - [2022-06-24 07:26:02,978] {dagbag.py:507} INFO - Filling up the DagBag from /home/airflow/.local/lib/python3.7/site-packages/airflow/example_dags/example_trigger_controller_dag.py
[2022-06-24 07:26:02,981] {processor.py:651} INFO - DAG(s) dict_keys(['example_trigger_controller_dag']) retrieved from /home/airflow/.local/lib/python3.7/site-packages/airflow/example_dags/example_trigger_controller_dag.py
[2022-06-24 07:26:03,005] {logging_mixin.py:115} INFO - [2022-06-24 07:26:03,005] {dag.py:2379} INFO - Sync 1 DAGs
[2022-06-24 07:26:03,022] {logging_mixin.py:115} INFO - [2022-06-24 07:26:03,022] {dag.py:2931} INFO - Setting next_dagrun for example_trigger_controller_dag to 2021-01-01T00:00:00+00:00, run_after=2021-01-01T00:00:00+00:00
[2022-06-24 07:26:03,038] {processor.py:161} INFO - Processing /home/airflow/.local/lib/python3.7/site-packages/airflow/example_dags/example_trigger_controller_dag.py took 0.066 seconds
