[2022-06-24 06:58:34,179] {processor.py:153} INFO - Started process (PID=5485) to work on /home/airflow/.local/lib/python3.7/site-packages/airflow/example_dags/example_time_delta_sensor_async.py
[2022-06-24 06:58:34,180] {processor.py:641} INFO - Processing file /home/airflow/.local/lib/python3.7/site-packages/airflow/example_dags/example_time_delta_sensor_async.py for tasks to queue
[2022-06-24 06:58:34,180] {logging_mixin.py:115} INFO - [2022-06-24 06:58:34,180] {dagbag.py:507} INFO - Filling up the DagBag from /home/airflow/.local/lib/python3.7/site-packages/airflow/example_dags/example_time_delta_sensor_async.py
[2022-06-24 06:58:34,186] {processor.py:651} INFO - DAG(s) dict_keys(['example_time_delta_sensor_async']) retrieved from /home/airflow/.local/lib/python3.7/site-packages/airflow/example_dags/example_time_delta_sensor_async.py
[2022-06-24 06:58:34,229] {logging_mixin.py:115} INFO - [2022-06-24 06:58:34,229] {dag.py:2379} INFO - Sync 1 DAGs
[2022-06-24 06:58:34,247] {logging_mixin.py:115} INFO - [2022-06-24 06:58:34,247] {dag.py:2931} INFO - Setting next_dagrun for example_time_delta_sensor_async to None, run_after=None
[2022-06-24 06:58:34,262] {processor.py:161} INFO - Processing /home/airflow/.local/lib/python3.7/site-packages/airflow/example_dags/example_time_delta_sensor_async.py took 0.088 seconds
[2022-06-24 06:59:06,349] {processor.py:153} INFO - Started process (PID=5540) to work on /home/airflow/.local/lib/python3.7/site-packages/airflow/example_dags/example_time_delta_sensor_async.py
[2022-06-24 06:59:06,354] {processor.py:641} INFO - Processing file /home/airflow/.local/lib/python3.7/site-packages/airflow/example_dags/example_time_delta_sensor_async.py for tasks to queue
[2022-06-24 06:59:06,355] {logging_mixin.py:115} INFO - [2022-06-24 06:59:06,355] {dagbag.py:507} INFO - Filling up the DagBag from /home/airflow/.local/lib/python3.7/site-packages/airflow/example_dags/example_time_delta_sensor_async.py
[2022-06-24 06:59:06,367] {processor.py:651} INFO - DAG(s) dict_keys(['example_time_delta_sensor_async']) retrieved from /home/airflow/.local/lib/python3.7/site-packages/airflow/example_dags/example_time_delta_sensor_async.py
[2022-06-24 06:59:06,439] {logging_mixin.py:115} INFO - [2022-06-24 06:59:06,439] {dag.py:2379} INFO - Sync 1 DAGs
[2022-06-24 06:59:06,469] {logging_mixin.py:115} INFO - [2022-06-24 06:59:06,469] {dag.py:2931} INFO - Setting next_dagrun for example_time_delta_sensor_async to None, run_after=None
[2022-06-24 06:59:06,493] {processor.py:161} INFO - Processing /home/airflow/.local/lib/python3.7/site-packages/airflow/example_dags/example_time_delta_sensor_async.py took 0.148 seconds
[2022-06-24 06:59:37,457] {processor.py:153} INFO - Started process (PID=5605) to work on /home/airflow/.local/lib/python3.7/site-packages/airflow/example_dags/example_time_delta_sensor_async.py
[2022-06-24 06:59:37,459] {processor.py:641} INFO - Processing file /home/airflow/.local/lib/python3.7/site-packages/airflow/example_dags/example_time_delta_sensor_async.py for tasks to queue
[2022-06-24 06:59:37,460] {logging_mixin.py:115} INFO - [2022-06-24 06:59:37,460] {dagbag.py:507} INFO - Filling up the DagBag from /home/airflow/.local/lib/python3.7/site-packages/airflow/example_dags/example_time_delta_sensor_async.py
[2022-06-24 06:59:37,467] {processor.py:651} INFO - DAG(s) dict_keys(['example_time_delta_sensor_async']) retrieved from /home/airflow/.local/lib/python3.7/site-packages/airflow/example_dags/example_time_delta_sensor_async.py
[2022-06-24 06:59:37,545] {logging_mixin.py:115} INFO - [2022-06-24 06:59:37,545] {dag.py:2379} INFO - Sync 1 DAGs
[2022-06-24 06:59:37,576] {logging_mixin.py:115} INFO - [2022-06-24 06:59:37,576] {dag.py:2931} INFO - Setting next_dagrun for example_time_delta_sensor_async to None, run_after=None
[2022-06-24 06:59:37,596] {processor.py:161} INFO - Processing /home/airflow/.local/lib/python3.7/site-packages/airflow/example_dags/example_time_delta_sensor_async.py took 0.143 seconds
[2022-06-24 07:00:07,780] {processor.py:153} INFO - Started process (PID=5660) to work on /home/airflow/.local/lib/python3.7/site-packages/airflow/example_dags/example_time_delta_sensor_async.py
[2022-06-24 07:00:07,781] {processor.py:641} INFO - Processing file /home/airflow/.local/lib/python3.7/site-packages/airflow/example_dags/example_time_delta_sensor_async.py for tasks to queue
[2022-06-24 07:00:07,782] {logging_mixin.py:115} INFO - [2022-06-24 07:00:07,781] {dagbag.py:507} INFO - Filling up the DagBag from /home/airflow/.local/lib/python3.7/site-packages/airflow/example_dags/example_time_delta_sensor_async.py
[2022-06-24 07:00:07,787] {processor.py:651} INFO - DAG(s) dict_keys(['example_time_delta_sensor_async']) retrieved from /home/airflow/.local/lib/python3.7/site-packages/airflow/example_dags/example_time_delta_sensor_async.py
[2022-06-24 07:00:07,829] {logging_mixin.py:115} INFO - [2022-06-24 07:00:07,829] {dag.py:2379} INFO - Sync 1 DAGs
[2022-06-24 07:00:07,846] {logging_mixin.py:115} INFO - [2022-06-24 07:00:07,846] {dag.py:2931} INFO - Setting next_dagrun for example_time_delta_sensor_async to None, run_after=None
[2022-06-24 07:00:07,860] {processor.py:161} INFO - Processing /home/airflow/.local/lib/python3.7/site-packages/airflow/example_dags/example_time_delta_sensor_async.py took 0.084 seconds
[2022-06-24 07:00:38,261] {processor.py:153} INFO - Started process (PID=5724) to work on /home/airflow/.local/lib/python3.7/site-packages/airflow/example_dags/example_time_delta_sensor_async.py
[2022-06-24 07:00:38,262] {processor.py:641} INFO - Processing file /home/airflow/.local/lib/python3.7/site-packages/airflow/example_dags/example_time_delta_sensor_async.py for tasks to queue
[2022-06-24 07:00:38,263] {logging_mixin.py:115} INFO - [2022-06-24 07:00:38,263] {dagbag.py:507} INFO - Filling up the DagBag from /home/airflow/.local/lib/python3.7/site-packages/airflow/example_dags/example_time_delta_sensor_async.py
[2022-06-24 07:00:38,268] {processor.py:651} INFO - DAG(s) dict_keys(['example_time_delta_sensor_async']) retrieved from /home/airflow/.local/lib/python3.7/site-packages/airflow/example_dags/example_time_delta_sensor_async.py
[2022-06-24 07:00:38,309] {logging_mixin.py:115} INFO - [2022-06-24 07:00:38,309] {dag.py:2379} INFO - Sync 1 DAGs
[2022-06-24 07:00:38,329] {logging_mixin.py:115} INFO - [2022-06-24 07:00:38,329] {dag.py:2931} INFO - Setting next_dagrun for example_time_delta_sensor_async to None, run_after=None
[2022-06-24 07:00:38,345] {processor.py:161} INFO - Processing /home/airflow/.local/lib/python3.7/site-packages/airflow/example_dags/example_time_delta_sensor_async.py took 0.088 seconds
[2022-06-24 07:01:08,444] {processor.py:153} INFO - Started process (PID=5789) to work on /home/airflow/.local/lib/python3.7/site-packages/airflow/example_dags/example_time_delta_sensor_async.py
[2022-06-24 07:01:08,446] {processor.py:641} INFO - Processing file /home/airflow/.local/lib/python3.7/site-packages/airflow/example_dags/example_time_delta_sensor_async.py for tasks to queue
[2022-06-24 07:01:08,446] {logging_mixin.py:115} INFO - [2022-06-24 07:01:08,446] {dagbag.py:507} INFO - Filling up the DagBag from /home/airflow/.local/lib/python3.7/site-packages/airflow/example_dags/example_time_delta_sensor_async.py
[2022-06-24 07:01:08,451] {processor.py:651} INFO - DAG(s) dict_keys(['example_time_delta_sensor_async']) retrieved from /home/airflow/.local/lib/python3.7/site-packages/airflow/example_dags/example_time_delta_sensor_async.py
[2022-06-24 07:01:08,490] {logging_mixin.py:115} INFO - [2022-06-24 07:01:08,490] {dag.py:2379} INFO - Sync 1 DAGs
[2022-06-24 07:01:08,507] {logging_mixin.py:115} INFO - [2022-06-24 07:01:08,507] {dag.py:2931} INFO - Setting next_dagrun for example_time_delta_sensor_async to None, run_after=None
[2022-06-24 07:01:08,521] {processor.py:161} INFO - Processing /home/airflow/.local/lib/python3.7/site-packages/airflow/example_dags/example_time_delta_sensor_async.py took 0.080 seconds
[2022-06-24 07:01:39,009] {processor.py:153} INFO - Started process (PID=5845) to work on /home/airflow/.local/lib/python3.7/site-packages/airflow/example_dags/example_time_delta_sensor_async.py
[2022-06-24 07:01:39,010] {processor.py:641} INFO - Processing file /home/airflow/.local/lib/python3.7/site-packages/airflow/example_dags/example_time_delta_sensor_async.py for tasks to queue
[2022-06-24 07:01:39,011] {logging_mixin.py:115} INFO - [2022-06-24 07:01:39,011] {dagbag.py:507} INFO - Filling up the DagBag from /home/airflow/.local/lib/python3.7/site-packages/airflow/example_dags/example_time_delta_sensor_async.py
[2022-06-24 07:01:39,016] {processor.py:651} INFO - DAG(s) dict_keys(['example_time_delta_sensor_async']) retrieved from /home/airflow/.local/lib/python3.7/site-packages/airflow/example_dags/example_time_delta_sensor_async.py
[2022-06-24 07:01:39,053] {logging_mixin.py:115} INFO - [2022-06-24 07:01:39,053] {dag.py:2379} INFO - Sync 1 DAGs
[2022-06-24 07:01:39,067] {logging_mixin.py:115} INFO - [2022-06-24 07:01:39,067] {dag.py:2931} INFO - Setting next_dagrun for example_time_delta_sensor_async to None, run_after=None
[2022-06-24 07:01:39,079] {processor.py:161} INFO - Processing /home/airflow/.local/lib/python3.7/site-packages/airflow/example_dags/example_time_delta_sensor_async.py took 0.072 seconds
[2022-06-24 07:02:09,498] {processor.py:153} INFO - Started process (PID=5909) to work on /home/airflow/.local/lib/python3.7/site-packages/airflow/example_dags/example_time_delta_sensor_async.py
[2022-06-24 07:02:09,499] {processor.py:641} INFO - Processing file /home/airflow/.local/lib/python3.7/site-packages/airflow/example_dags/example_time_delta_sensor_async.py for tasks to queue
[2022-06-24 07:02:09,500] {logging_mixin.py:115} INFO - [2022-06-24 07:02:09,500] {dagbag.py:507} INFO - Filling up the DagBag from /home/airflow/.local/lib/python3.7/site-packages/airflow/example_dags/example_time_delta_sensor_async.py
[2022-06-24 07:02:09,506] {processor.py:651} INFO - DAG(s) dict_keys(['example_time_delta_sensor_async']) retrieved from /home/airflow/.local/lib/python3.7/site-packages/airflow/example_dags/example_time_delta_sensor_async.py
[2022-06-24 07:02:09,551] {logging_mixin.py:115} INFO - [2022-06-24 07:02:09,550] {dag.py:2379} INFO - Sync 1 DAGs
[2022-06-24 07:02:09,565] {logging_mixin.py:115} INFO - [2022-06-24 07:02:09,565] {dag.py:2931} INFO - Setting next_dagrun for example_time_delta_sensor_async to None, run_after=None
[2022-06-24 07:02:09,578] {processor.py:161} INFO - Processing /home/airflow/.local/lib/python3.7/site-packages/airflow/example_dags/example_time_delta_sensor_async.py took 0.083 seconds
[2022-06-24 07:02:39,795] {processor.py:153} INFO - Started process (PID=5973) to work on /home/airflow/.local/lib/python3.7/site-packages/airflow/example_dags/example_time_delta_sensor_async.py
[2022-06-24 07:02:39,796] {processor.py:641} INFO - Processing file /home/airflow/.local/lib/python3.7/site-packages/airflow/example_dags/example_time_delta_sensor_async.py for tasks to queue
[2022-06-24 07:02:39,797] {logging_mixin.py:115} INFO - [2022-06-24 07:02:39,797] {dagbag.py:507} INFO - Filling up the DagBag from /home/airflow/.local/lib/python3.7/site-packages/airflow/example_dags/example_time_delta_sensor_async.py
[2022-06-24 07:02:39,803] {processor.py:651} INFO - DAG(s) dict_keys(['example_time_delta_sensor_async']) retrieved from /home/airflow/.local/lib/python3.7/site-packages/airflow/example_dags/example_time_delta_sensor_async.py
[2022-06-24 07:02:39,845] {logging_mixin.py:115} INFO - [2022-06-24 07:02:39,845] {dag.py:2379} INFO - Sync 1 DAGs
[2022-06-24 07:02:39,861] {logging_mixin.py:115} INFO - [2022-06-24 07:02:39,861] {dag.py:2931} INFO - Setting next_dagrun for example_time_delta_sensor_async to None, run_after=None
[2022-06-24 07:02:39,875] {processor.py:161} INFO - Processing /home/airflow/.local/lib/python3.7/site-packages/airflow/example_dags/example_time_delta_sensor_async.py took 0.083 seconds
[2022-06-24 07:03:10,063] {processor.py:153} INFO - Started process (PID=6028) to work on /home/airflow/.local/lib/python3.7/site-packages/airflow/example_dags/example_time_delta_sensor_async.py
[2022-06-24 07:03:10,064] {processor.py:641} INFO - Processing file /home/airflow/.local/lib/python3.7/site-packages/airflow/example_dags/example_time_delta_sensor_async.py for tasks to queue
[2022-06-24 07:03:10,066] {logging_mixin.py:115} INFO - [2022-06-24 07:03:10,065] {dagbag.py:507} INFO - Filling up the DagBag from /home/airflow/.local/lib/python3.7/site-packages/airflow/example_dags/example_time_delta_sensor_async.py
[2022-06-24 07:03:10,073] {processor.py:651} INFO - DAG(s) dict_keys(['example_time_delta_sensor_async']) retrieved from /home/airflow/.local/lib/python3.7/site-packages/airflow/example_dags/example_time_delta_sensor_async.py
[2022-06-24 07:03:10,123] {logging_mixin.py:115} INFO - [2022-06-24 07:03:10,122] {dag.py:2379} INFO - Sync 1 DAGs
[2022-06-24 07:03:10,138] {logging_mixin.py:115} INFO - [2022-06-24 07:03:10,138] {dag.py:2931} INFO - Setting next_dagrun for example_time_delta_sensor_async to None, run_after=None
[2022-06-24 07:03:10,151] {processor.py:161} INFO - Processing /home/airflow/.local/lib/python3.7/site-packages/airflow/example_dags/example_time_delta_sensor_async.py took 0.091 seconds
[2022-06-24 07:03:40,452] {processor.py:153} INFO - Started process (PID=6092) to work on /home/airflow/.local/lib/python3.7/site-packages/airflow/example_dags/example_time_delta_sensor_async.py
[2022-06-24 07:03:40,453] {processor.py:641} INFO - Processing file /home/airflow/.local/lib/python3.7/site-packages/airflow/example_dags/example_time_delta_sensor_async.py for tasks to queue
[2022-06-24 07:03:40,454] {logging_mixin.py:115} INFO - [2022-06-24 07:03:40,454] {dagbag.py:507} INFO - Filling up the DagBag from /home/airflow/.local/lib/python3.7/site-packages/airflow/example_dags/example_time_delta_sensor_async.py
[2022-06-24 07:03:40,459] {processor.py:651} INFO - DAG(s) dict_keys(['example_time_delta_sensor_async']) retrieved from /home/airflow/.local/lib/python3.7/site-packages/airflow/example_dags/example_time_delta_sensor_async.py
[2022-06-24 07:03:40,495] {logging_mixin.py:115} INFO - [2022-06-24 07:03:40,495] {dag.py:2379} INFO - Sync 1 DAGs
[2022-06-24 07:03:40,510] {logging_mixin.py:115} INFO - [2022-06-24 07:03:40,510] {dag.py:2931} INFO - Setting next_dagrun for example_time_delta_sensor_async to None, run_after=None
[2022-06-24 07:03:40,523] {processor.py:161} INFO - Processing /home/airflow/.local/lib/python3.7/site-packages/airflow/example_dags/example_time_delta_sensor_async.py took 0.074 seconds
[2022-06-24 07:04:10,779] {processor.py:153} INFO - Started process (PID=6156) to work on /home/airflow/.local/lib/python3.7/site-packages/airflow/example_dags/example_time_delta_sensor_async.py
[2022-06-24 07:04:10,780] {processor.py:641} INFO - Processing file /home/airflow/.local/lib/python3.7/site-packages/airflow/example_dags/example_time_delta_sensor_async.py for tasks to queue
[2022-06-24 07:04:10,781] {logging_mixin.py:115} INFO - [2022-06-24 07:04:10,781] {dagbag.py:507} INFO - Filling up the DagBag from /home/airflow/.local/lib/python3.7/site-packages/airflow/example_dags/example_time_delta_sensor_async.py
[2022-06-24 07:04:10,785] {processor.py:651} INFO - DAG(s) dict_keys(['example_time_delta_sensor_async']) retrieved from /home/airflow/.local/lib/python3.7/site-packages/airflow/example_dags/example_time_delta_sensor_async.py
[2022-06-24 07:04:10,825] {logging_mixin.py:115} INFO - [2022-06-24 07:04:10,825] {dag.py:2379} INFO - Sync 1 DAGs
[2022-06-24 07:04:10,841] {logging_mixin.py:115} INFO - [2022-06-24 07:04:10,841] {dag.py:2931} INFO - Setting next_dagrun for example_time_delta_sensor_async to None, run_after=None
[2022-06-24 07:04:10,853] {processor.py:161} INFO - Processing /home/airflow/.local/lib/python3.7/site-packages/airflow/example_dags/example_time_delta_sensor_async.py took 0.078 seconds
[2022-06-24 07:04:41,308] {processor.py:153} INFO - Started process (PID=6221) to work on /home/airflow/.local/lib/python3.7/site-packages/airflow/example_dags/example_time_delta_sensor_async.py
[2022-06-24 07:04:41,309] {processor.py:641} INFO - Processing file /home/airflow/.local/lib/python3.7/site-packages/airflow/example_dags/example_time_delta_sensor_async.py for tasks to queue
[2022-06-24 07:04:41,309] {logging_mixin.py:115} INFO - [2022-06-24 07:04:41,309] {dagbag.py:507} INFO - Filling up the DagBag from /home/airflow/.local/lib/python3.7/site-packages/airflow/example_dags/example_time_delta_sensor_async.py
[2022-06-24 07:04:41,315] {processor.py:651} INFO - DAG(s) dict_keys(['example_time_delta_sensor_async']) retrieved from /home/airflow/.local/lib/python3.7/site-packages/airflow/example_dags/example_time_delta_sensor_async.py
[2022-06-24 07:04:41,353] {logging_mixin.py:115} INFO - [2022-06-24 07:04:41,353] {dag.py:2379} INFO - Sync 1 DAGs
[2022-06-24 07:04:41,367] {logging_mixin.py:115} INFO - [2022-06-24 07:04:41,367] {dag.py:2931} INFO - Setting next_dagrun for example_time_delta_sensor_async to None, run_after=None
[2022-06-24 07:04:41,379] {processor.py:161} INFO - Processing /home/airflow/.local/lib/python3.7/site-packages/airflow/example_dags/example_time_delta_sensor_async.py took 0.075 seconds
[2022-06-24 07:05:11,799] {processor.py:153} INFO - Started process (PID=6276) to work on /home/airflow/.local/lib/python3.7/site-packages/airflow/example_dags/example_time_delta_sensor_async.py
[2022-06-24 07:05:11,800] {processor.py:641} INFO - Processing file /home/airflow/.local/lib/python3.7/site-packages/airflow/example_dags/example_time_delta_sensor_async.py for tasks to queue
[2022-06-24 07:05:11,801] {logging_mixin.py:115} INFO - [2022-06-24 07:05:11,801] {dagbag.py:507} INFO - Filling up the DagBag from /home/airflow/.local/lib/python3.7/site-packages/airflow/example_dags/example_time_delta_sensor_async.py
[2022-06-24 07:05:11,806] {processor.py:651} INFO - DAG(s) dict_keys(['example_time_delta_sensor_async']) retrieved from /home/airflow/.local/lib/python3.7/site-packages/airflow/example_dags/example_time_delta_sensor_async.py
[2022-06-24 07:05:11,843] {logging_mixin.py:115} INFO - [2022-06-24 07:05:11,843] {dag.py:2379} INFO - Sync 1 DAGs
[2022-06-24 07:05:11,856] {logging_mixin.py:115} INFO - [2022-06-24 07:05:11,856] {dag.py:2931} INFO - Setting next_dagrun for example_time_delta_sensor_async to None, run_after=None
[2022-06-24 07:05:11,868] {processor.py:161} INFO - Processing /home/airflow/.local/lib/python3.7/site-packages/airflow/example_dags/example_time_delta_sensor_async.py took 0.072 seconds
[2022-06-24 07:05:42,131] {processor.py:153} INFO - Started process (PID=6340) to work on /home/airflow/.local/lib/python3.7/site-packages/airflow/example_dags/example_time_delta_sensor_async.py
[2022-06-24 07:05:42,132] {processor.py:641} INFO - Processing file /home/airflow/.local/lib/python3.7/site-packages/airflow/example_dags/example_time_delta_sensor_async.py for tasks to queue
[2022-06-24 07:05:42,133] {logging_mixin.py:115} INFO - [2022-06-24 07:05:42,132] {dagbag.py:507} INFO - Filling up the DagBag from /home/airflow/.local/lib/python3.7/site-packages/airflow/example_dags/example_time_delta_sensor_async.py
[2022-06-24 07:05:42,138] {processor.py:651} INFO - DAG(s) dict_keys(['example_time_delta_sensor_async']) retrieved from /home/airflow/.local/lib/python3.7/site-packages/airflow/example_dags/example_time_delta_sensor_async.py
[2022-06-24 07:05:42,173] {logging_mixin.py:115} INFO - [2022-06-24 07:05:42,172] {dag.py:2379} INFO - Sync 1 DAGs
[2022-06-24 07:05:42,188] {logging_mixin.py:115} INFO - [2022-06-24 07:05:42,188] {dag.py:2931} INFO - Setting next_dagrun for example_time_delta_sensor_async to None, run_after=None
[2022-06-24 07:05:42,200] {processor.py:161} INFO - Processing /home/airflow/.local/lib/python3.7/site-packages/airflow/example_dags/example_time_delta_sensor_async.py took 0.073 seconds
[2022-06-24 07:06:12,374] {processor.py:153} INFO - Started process (PID=6404) to work on /home/airflow/.local/lib/python3.7/site-packages/airflow/example_dags/example_time_delta_sensor_async.py
[2022-06-24 07:06:12,374] {processor.py:641} INFO - Processing file /home/airflow/.local/lib/python3.7/site-packages/airflow/example_dags/example_time_delta_sensor_async.py for tasks to queue
[2022-06-24 07:06:12,375] {logging_mixin.py:115} INFO - [2022-06-24 07:06:12,375] {dagbag.py:507} INFO - Filling up the DagBag from /home/airflow/.local/lib/python3.7/site-packages/airflow/example_dags/example_time_delta_sensor_async.py
[2022-06-24 07:06:12,380] {processor.py:651} INFO - DAG(s) dict_keys(['example_time_delta_sensor_async']) retrieved from /home/airflow/.local/lib/python3.7/site-packages/airflow/example_dags/example_time_delta_sensor_async.py
[2022-06-24 07:06:12,418] {logging_mixin.py:115} INFO - [2022-06-24 07:06:12,418] {dag.py:2379} INFO - Sync 1 DAGs
[2022-06-24 07:06:12,434] {logging_mixin.py:115} INFO - [2022-06-24 07:06:12,434] {dag.py:2931} INFO - Setting next_dagrun for example_time_delta_sensor_async to None, run_after=None
[2022-06-24 07:06:12,447] {processor.py:161} INFO - Processing /home/airflow/.local/lib/python3.7/site-packages/airflow/example_dags/example_time_delta_sensor_async.py took 0.077 seconds
[2022-06-24 07:06:42,601] {processor.py:153} INFO - Started process (PID=6459) to work on /home/airflow/.local/lib/python3.7/site-packages/airflow/example_dags/example_time_delta_sensor_async.py
[2022-06-24 07:06:42,602] {processor.py:641} INFO - Processing file /home/airflow/.local/lib/python3.7/site-packages/airflow/example_dags/example_time_delta_sensor_async.py for tasks to queue
[2022-06-24 07:06:42,603] {logging_mixin.py:115} INFO - [2022-06-24 07:06:42,603] {dagbag.py:507} INFO - Filling up the DagBag from /home/airflow/.local/lib/python3.7/site-packages/airflow/example_dags/example_time_delta_sensor_async.py
[2022-06-24 07:06:42,609] {processor.py:651} INFO - DAG(s) dict_keys(['example_time_delta_sensor_async']) retrieved from /home/airflow/.local/lib/python3.7/site-packages/airflow/example_dags/example_time_delta_sensor_async.py
[2022-06-24 07:06:42,647] {logging_mixin.py:115} INFO - [2022-06-24 07:06:42,647] {dag.py:2379} INFO - Sync 1 DAGs
[2022-06-24 07:06:42,662] {logging_mixin.py:115} INFO - [2022-06-24 07:06:42,662] {dag.py:2931} INFO - Setting next_dagrun for example_time_delta_sensor_async to None, run_after=None
[2022-06-24 07:06:42,675] {processor.py:161} INFO - Processing /home/airflow/.local/lib/python3.7/site-packages/airflow/example_dags/example_time_delta_sensor_async.py took 0.077 seconds
[2022-06-24 07:07:13,004] {processor.py:153} INFO - Started process (PID=6523) to work on /home/airflow/.local/lib/python3.7/site-packages/airflow/example_dags/example_time_delta_sensor_async.py
[2022-06-24 07:07:13,005] {processor.py:641} INFO - Processing file /home/airflow/.local/lib/python3.7/site-packages/airflow/example_dags/example_time_delta_sensor_async.py for tasks to queue
[2022-06-24 07:07:13,006] {logging_mixin.py:115} INFO - [2022-06-24 07:07:13,006] {dagbag.py:507} INFO - Filling up the DagBag from /home/airflow/.local/lib/python3.7/site-packages/airflow/example_dags/example_time_delta_sensor_async.py
[2022-06-24 07:07:13,012] {processor.py:651} INFO - DAG(s) dict_keys(['example_time_delta_sensor_async']) retrieved from /home/airflow/.local/lib/python3.7/site-packages/airflow/example_dags/example_time_delta_sensor_async.py
[2022-06-24 07:07:13,055] {logging_mixin.py:115} INFO - [2022-06-24 07:07:13,054] {dag.py:2379} INFO - Sync 1 DAGs
[2022-06-24 07:07:13,077] {logging_mixin.py:115} INFO - [2022-06-24 07:07:13,077] {dag.py:2931} INFO - Setting next_dagrun for example_time_delta_sensor_async to None, run_after=None
[2022-06-24 07:07:13,092] {processor.py:161} INFO - Processing /home/airflow/.local/lib/python3.7/site-packages/airflow/example_dags/example_time_delta_sensor_async.py took 0.091 seconds
[2022-06-24 07:07:43,407] {processor.py:153} INFO - Started process (PID=6587) to work on /home/airflow/.local/lib/python3.7/site-packages/airflow/example_dags/example_time_delta_sensor_async.py
[2022-06-24 07:07:43,409] {processor.py:641} INFO - Processing file /home/airflow/.local/lib/python3.7/site-packages/airflow/example_dags/example_time_delta_sensor_async.py for tasks to queue
[2022-06-24 07:07:43,410] {logging_mixin.py:115} INFO - [2022-06-24 07:07:43,410] {dagbag.py:507} INFO - Filling up the DagBag from /home/airflow/.local/lib/python3.7/site-packages/airflow/example_dags/example_time_delta_sensor_async.py
[2022-06-24 07:07:43,416] {processor.py:651} INFO - DAG(s) dict_keys(['example_time_delta_sensor_async']) retrieved from /home/airflow/.local/lib/python3.7/site-packages/airflow/example_dags/example_time_delta_sensor_async.py
[2022-06-24 07:07:43,454] {logging_mixin.py:115} INFO - [2022-06-24 07:07:43,454] {dag.py:2379} INFO - Sync 1 DAGs
[2022-06-24 07:07:43,468] {logging_mixin.py:115} INFO - [2022-06-24 07:07:43,468] {dag.py:2931} INFO - Setting next_dagrun for example_time_delta_sensor_async to None, run_after=None
[2022-06-24 07:07:43,480] {processor.py:161} INFO - Processing /home/airflow/.local/lib/python3.7/site-packages/airflow/example_dags/example_time_delta_sensor_async.py took 0.076 seconds
[2022-06-24 07:08:13,986] {processor.py:153} INFO - Started process (PID=6651) to work on /home/airflow/.local/lib/python3.7/site-packages/airflow/example_dags/example_time_delta_sensor_async.py
[2022-06-24 07:08:13,987] {processor.py:641} INFO - Processing file /home/airflow/.local/lib/python3.7/site-packages/airflow/example_dags/example_time_delta_sensor_async.py for tasks to queue
[2022-06-24 07:08:13,988] {logging_mixin.py:115} INFO - [2022-06-24 07:08:13,988] {dagbag.py:507} INFO - Filling up the DagBag from /home/airflow/.local/lib/python3.7/site-packages/airflow/example_dags/example_time_delta_sensor_async.py
[2022-06-24 07:08:13,993] {processor.py:651} INFO - DAG(s) dict_keys(['example_time_delta_sensor_async']) retrieved from /home/airflow/.local/lib/python3.7/site-packages/airflow/example_dags/example_time_delta_sensor_async.py
[2022-06-24 07:08:14,037] {logging_mixin.py:115} INFO - [2022-06-24 07:08:14,037] {dag.py:2379} INFO - Sync 1 DAGs
[2022-06-24 07:08:14,054] {logging_mixin.py:115} INFO - [2022-06-24 07:08:14,054] {dag.py:2931} INFO - Setting next_dagrun for example_time_delta_sensor_async to None, run_after=None
[2022-06-24 07:08:14,067] {processor.py:161} INFO - Processing /home/airflow/.local/lib/python3.7/site-packages/airflow/example_dags/example_time_delta_sensor_async.py took 0.085 seconds
[2022-06-24 07:08:44,465] {processor.py:153} INFO - Started process (PID=6706) to work on /home/airflow/.local/lib/python3.7/site-packages/airflow/example_dags/example_time_delta_sensor_async.py
[2022-06-24 07:08:44,466] {processor.py:641} INFO - Processing file /home/airflow/.local/lib/python3.7/site-packages/airflow/example_dags/example_time_delta_sensor_async.py for tasks to queue
[2022-06-24 07:08:44,467] {logging_mixin.py:115} INFO - [2022-06-24 07:08:44,467] {dagbag.py:507} INFO - Filling up the DagBag from /home/airflow/.local/lib/python3.7/site-packages/airflow/example_dags/example_time_delta_sensor_async.py
[2022-06-24 07:08:44,474] {processor.py:651} INFO - DAG(s) dict_keys(['example_time_delta_sensor_async']) retrieved from /home/airflow/.local/lib/python3.7/site-packages/airflow/example_dags/example_time_delta_sensor_async.py
[2022-06-24 07:08:44,514] {logging_mixin.py:115} INFO - [2022-06-24 07:08:44,514] {dag.py:2379} INFO - Sync 1 DAGs
[2022-06-24 07:08:44,528] {logging_mixin.py:115} INFO - [2022-06-24 07:08:44,528] {dag.py:2931} INFO - Setting next_dagrun for example_time_delta_sensor_async to None, run_after=None
[2022-06-24 07:08:44,543] {processor.py:161} INFO - Processing /home/airflow/.local/lib/python3.7/site-packages/airflow/example_dags/example_time_delta_sensor_async.py took 0.082 seconds
[2022-06-24 07:09:14,957] {processor.py:153} INFO - Started process (PID=6770) to work on /home/airflow/.local/lib/python3.7/site-packages/airflow/example_dags/example_time_delta_sensor_async.py
[2022-06-24 07:09:14,958] {processor.py:641} INFO - Processing file /home/airflow/.local/lib/python3.7/site-packages/airflow/example_dags/example_time_delta_sensor_async.py for tasks to queue
[2022-06-24 07:09:14,959] {logging_mixin.py:115} INFO - [2022-06-24 07:09:14,959] {dagbag.py:507} INFO - Filling up the DagBag from /home/airflow/.local/lib/python3.7/site-packages/airflow/example_dags/example_time_delta_sensor_async.py
[2022-06-24 07:09:14,964] {processor.py:651} INFO - DAG(s) dict_keys(['example_time_delta_sensor_async']) retrieved from /home/airflow/.local/lib/python3.7/site-packages/airflow/example_dags/example_time_delta_sensor_async.py
[2022-06-24 07:09:15,009] {logging_mixin.py:115} INFO - [2022-06-24 07:09:15,009] {dag.py:2379} INFO - Sync 1 DAGs
[2022-06-24 07:09:15,027] {logging_mixin.py:115} INFO - [2022-06-24 07:09:15,027] {dag.py:2931} INFO - Setting next_dagrun for example_time_delta_sensor_async to None, run_after=None
[2022-06-24 07:09:15,040] {processor.py:161} INFO - Processing /home/airflow/.local/lib/python3.7/site-packages/airflow/example_dags/example_time_delta_sensor_async.py took 0.086 seconds
[2022-06-24 07:09:45,528] {processor.py:153} INFO - Started process (PID=6834) to work on /home/airflow/.local/lib/python3.7/site-packages/airflow/example_dags/example_time_delta_sensor_async.py
[2022-06-24 07:09:45,529] {processor.py:641} INFO - Processing file /home/airflow/.local/lib/python3.7/site-packages/airflow/example_dags/example_time_delta_sensor_async.py for tasks to queue
[2022-06-24 07:09:45,530] {logging_mixin.py:115} INFO - [2022-06-24 07:09:45,530] {dagbag.py:507} INFO - Filling up the DagBag from /home/airflow/.local/lib/python3.7/site-packages/airflow/example_dags/example_time_delta_sensor_async.py
[2022-06-24 07:09:45,536] {processor.py:651} INFO - DAG(s) dict_keys(['example_time_delta_sensor_async']) retrieved from /home/airflow/.local/lib/python3.7/site-packages/airflow/example_dags/example_time_delta_sensor_async.py
[2022-06-24 07:09:45,576] {logging_mixin.py:115} INFO - [2022-06-24 07:09:45,576] {dag.py:2379} INFO - Sync 1 DAGs
[2022-06-24 07:09:45,593] {logging_mixin.py:115} INFO - [2022-06-24 07:09:45,593] {dag.py:2931} INFO - Setting next_dagrun for example_time_delta_sensor_async to None, run_after=None
[2022-06-24 07:09:45,604] {processor.py:161} INFO - Processing /home/airflow/.local/lib/python3.7/site-packages/airflow/example_dags/example_time_delta_sensor_async.py took 0.079 seconds
[2022-06-24 07:10:15,962] {processor.py:153} INFO - Started process (PID=6889) to work on /home/airflow/.local/lib/python3.7/site-packages/airflow/example_dags/example_time_delta_sensor_async.py
[2022-06-24 07:10:15,963] {processor.py:641} INFO - Processing file /home/airflow/.local/lib/python3.7/site-packages/airflow/example_dags/example_time_delta_sensor_async.py for tasks to queue
[2022-06-24 07:10:15,964] {logging_mixin.py:115} INFO - [2022-06-24 07:10:15,964] {dagbag.py:507} INFO - Filling up the DagBag from /home/airflow/.local/lib/python3.7/site-packages/airflow/example_dags/example_time_delta_sensor_async.py
[2022-06-24 07:10:15,968] {processor.py:651} INFO - DAG(s) dict_keys(['example_time_delta_sensor_async']) retrieved from /home/airflow/.local/lib/python3.7/site-packages/airflow/example_dags/example_time_delta_sensor_async.py
[2022-06-24 07:10:16,009] {logging_mixin.py:115} INFO - [2022-06-24 07:10:16,009] {dag.py:2379} INFO - Sync 1 DAGs
[2022-06-24 07:10:16,023] {logging_mixin.py:115} INFO - [2022-06-24 07:10:16,023] {dag.py:2931} INFO - Setting next_dagrun for example_time_delta_sensor_async to None, run_after=None
[2022-06-24 07:10:16,037] {processor.py:161} INFO - Processing /home/airflow/.local/lib/python3.7/site-packages/airflow/example_dags/example_time_delta_sensor_async.py took 0.078 seconds
[2022-06-24 07:10:46,445] {processor.py:153} INFO - Started process (PID=6953) to work on /home/airflow/.local/lib/python3.7/site-packages/airflow/example_dags/example_time_delta_sensor_async.py
[2022-06-24 07:10:46,446] {processor.py:641} INFO - Processing file /home/airflow/.local/lib/python3.7/site-packages/airflow/example_dags/example_time_delta_sensor_async.py for tasks to queue
[2022-06-24 07:10:46,447] {logging_mixin.py:115} INFO - [2022-06-24 07:10:46,447] {dagbag.py:507} INFO - Filling up the DagBag from /home/airflow/.local/lib/python3.7/site-packages/airflow/example_dags/example_time_delta_sensor_async.py
[2022-06-24 07:10:46,452] {processor.py:651} INFO - DAG(s) dict_keys(['example_time_delta_sensor_async']) retrieved from /home/airflow/.local/lib/python3.7/site-packages/airflow/example_dags/example_time_delta_sensor_async.py
[2022-06-24 07:10:46,493] {logging_mixin.py:115} INFO - [2022-06-24 07:10:46,493] {dag.py:2379} INFO - Sync 1 DAGs
[2022-06-24 07:10:46,507] {logging_mixin.py:115} INFO - [2022-06-24 07:10:46,507] {dag.py:2931} INFO - Setting next_dagrun for example_time_delta_sensor_async to None, run_after=None
[2022-06-24 07:10:46,521] {processor.py:161} INFO - Processing /home/airflow/.local/lib/python3.7/site-packages/airflow/example_dags/example_time_delta_sensor_async.py took 0.079 seconds
[2022-06-24 07:11:16,678] {processor.py:153} INFO - Started process (PID=7017) to work on /home/airflow/.local/lib/python3.7/site-packages/airflow/example_dags/example_time_delta_sensor_async.py
[2022-06-24 07:11:16,679] {processor.py:641} INFO - Processing file /home/airflow/.local/lib/python3.7/site-packages/airflow/example_dags/example_time_delta_sensor_async.py for tasks to queue
[2022-06-24 07:11:16,680] {logging_mixin.py:115} INFO - [2022-06-24 07:11:16,680] {dagbag.py:507} INFO - Filling up the DagBag from /home/airflow/.local/lib/python3.7/site-packages/airflow/example_dags/example_time_delta_sensor_async.py
[2022-06-24 07:11:16,685] {processor.py:651} INFO - DAG(s) dict_keys(['example_time_delta_sensor_async']) retrieved from /home/airflow/.local/lib/python3.7/site-packages/airflow/example_dags/example_time_delta_sensor_async.py
[2022-06-24 07:11:16,726] {logging_mixin.py:115} INFO - [2022-06-24 07:11:16,726] {dag.py:2379} INFO - Sync 1 DAGs
[2022-06-24 07:11:16,743] {logging_mixin.py:115} INFO - [2022-06-24 07:11:16,743] {dag.py:2931} INFO - Setting next_dagrun for example_time_delta_sensor_async to None, run_after=None
[2022-06-24 07:11:16,756] {processor.py:161} INFO - Processing /home/airflow/.local/lib/python3.7/site-packages/airflow/example_dags/example_time_delta_sensor_async.py took 0.082 seconds
[2022-06-24 07:11:47,117] {processor.py:153} INFO - Started process (PID=7082) to work on /home/airflow/.local/lib/python3.7/site-packages/airflow/example_dags/example_time_delta_sensor_async.py
[2022-06-24 07:11:47,118] {processor.py:641} INFO - Processing file /home/airflow/.local/lib/python3.7/site-packages/airflow/example_dags/example_time_delta_sensor_async.py for tasks to queue
[2022-06-24 07:11:47,119] {logging_mixin.py:115} INFO - [2022-06-24 07:11:47,119] {dagbag.py:507} INFO - Filling up the DagBag from /home/airflow/.local/lib/python3.7/site-packages/airflow/example_dags/example_time_delta_sensor_async.py
[2022-06-24 07:11:47,125] {processor.py:651} INFO - DAG(s) dict_keys(['example_time_delta_sensor_async']) retrieved from /home/airflow/.local/lib/python3.7/site-packages/airflow/example_dags/example_time_delta_sensor_async.py
[2022-06-24 07:11:47,164] {logging_mixin.py:115} INFO - [2022-06-24 07:11:47,164] {dag.py:2379} INFO - Sync 1 DAGs
[2022-06-24 07:11:47,180] {logging_mixin.py:115} INFO - [2022-06-24 07:11:47,180] {dag.py:2931} INFO - Setting next_dagrun for example_time_delta_sensor_async to None, run_after=None
[2022-06-24 07:11:47,193] {processor.py:161} INFO - Processing /home/airflow/.local/lib/python3.7/site-packages/airflow/example_dags/example_time_delta_sensor_async.py took 0.081 seconds
[2022-06-24 07:12:17,316] {processor.py:153} INFO - Started process (PID=7137) to work on /home/airflow/.local/lib/python3.7/site-packages/airflow/example_dags/example_time_delta_sensor_async.py
[2022-06-24 07:12:17,317] {processor.py:641} INFO - Processing file /home/airflow/.local/lib/python3.7/site-packages/airflow/example_dags/example_time_delta_sensor_async.py for tasks to queue
[2022-06-24 07:12:17,318] {logging_mixin.py:115} INFO - [2022-06-24 07:12:17,318] {dagbag.py:507} INFO - Filling up the DagBag from /home/airflow/.local/lib/python3.7/site-packages/airflow/example_dags/example_time_delta_sensor_async.py
[2022-06-24 07:12:17,323] {processor.py:651} INFO - DAG(s) dict_keys(['example_time_delta_sensor_async']) retrieved from /home/airflow/.local/lib/python3.7/site-packages/airflow/example_dags/example_time_delta_sensor_async.py
[2022-06-24 07:12:17,363] {logging_mixin.py:115} INFO - [2022-06-24 07:12:17,363] {dag.py:2379} INFO - Sync 1 DAGs
[2022-06-24 07:12:17,377] {logging_mixin.py:115} INFO - [2022-06-24 07:12:17,377] {dag.py:2931} INFO - Setting next_dagrun for example_time_delta_sensor_async to None, run_after=None
[2022-06-24 07:12:17,392] {processor.py:161} INFO - Processing /home/airflow/.local/lib/python3.7/site-packages/airflow/example_dags/example_time_delta_sensor_async.py took 0.080 seconds
[2022-06-24 07:12:47,496] {processor.py:153} INFO - Started process (PID=7201) to work on /home/airflow/.local/lib/python3.7/site-packages/airflow/example_dags/example_time_delta_sensor_async.py
[2022-06-24 07:12:47,497] {processor.py:641} INFO - Processing file /home/airflow/.local/lib/python3.7/site-packages/airflow/example_dags/example_time_delta_sensor_async.py for tasks to queue
[2022-06-24 07:12:47,498] {logging_mixin.py:115} INFO - [2022-06-24 07:12:47,498] {dagbag.py:507} INFO - Filling up the DagBag from /home/airflow/.local/lib/python3.7/site-packages/airflow/example_dags/example_time_delta_sensor_async.py
[2022-06-24 07:12:47,503] {processor.py:651} INFO - DAG(s) dict_keys(['example_time_delta_sensor_async']) retrieved from /home/airflow/.local/lib/python3.7/site-packages/airflow/example_dags/example_time_delta_sensor_async.py
[2022-06-24 07:12:47,543] {logging_mixin.py:115} INFO - [2022-06-24 07:12:47,543] {dag.py:2379} INFO - Sync 1 DAGs
[2022-06-24 07:12:47,559] {logging_mixin.py:115} INFO - [2022-06-24 07:12:47,559] {dag.py:2931} INFO - Setting next_dagrun for example_time_delta_sensor_async to None, run_after=None
[2022-06-24 07:12:47,572] {processor.py:161} INFO - Processing /home/airflow/.local/lib/python3.7/site-packages/airflow/example_dags/example_time_delta_sensor_async.py took 0.079 seconds
[2022-06-24 07:13:17,798] {processor.py:153} INFO - Started process (PID=7265) to work on /home/airflow/.local/lib/python3.7/site-packages/airflow/example_dags/example_time_delta_sensor_async.py
[2022-06-24 07:13:17,799] {processor.py:641} INFO - Processing file /home/airflow/.local/lib/python3.7/site-packages/airflow/example_dags/example_time_delta_sensor_async.py for tasks to queue
[2022-06-24 07:13:17,800] {logging_mixin.py:115} INFO - [2022-06-24 07:13:17,800] {dagbag.py:507} INFO - Filling up the DagBag from /home/airflow/.local/lib/python3.7/site-packages/airflow/example_dags/example_time_delta_sensor_async.py
[2022-06-24 07:13:17,805] {processor.py:651} INFO - DAG(s) dict_keys(['example_time_delta_sensor_async']) retrieved from /home/airflow/.local/lib/python3.7/site-packages/airflow/example_dags/example_time_delta_sensor_async.py
[2022-06-24 07:13:17,844] {logging_mixin.py:115} INFO - [2022-06-24 07:13:17,844] {dag.py:2379} INFO - Sync 1 DAGs
[2022-06-24 07:13:17,858] {logging_mixin.py:115} INFO - [2022-06-24 07:13:17,857] {dag.py:2931} INFO - Setting next_dagrun for example_time_delta_sensor_async to None, run_after=None
[2022-06-24 07:13:17,873] {processor.py:161} INFO - Processing /home/airflow/.local/lib/python3.7/site-packages/airflow/example_dags/example_time_delta_sensor_async.py took 0.078 seconds
[2022-06-24 07:13:48,472] {processor.py:153} INFO - Started process (PID=7329) to work on /home/airflow/.local/lib/python3.7/site-packages/airflow/example_dags/example_time_delta_sensor_async.py
[2022-06-24 07:13:48,473] {processor.py:641} INFO - Processing file /home/airflow/.local/lib/python3.7/site-packages/airflow/example_dags/example_time_delta_sensor_async.py for tasks to queue
[2022-06-24 07:13:48,474] {logging_mixin.py:115} INFO - [2022-06-24 07:13:48,473] {dagbag.py:507} INFO - Filling up the DagBag from /home/airflow/.local/lib/python3.7/site-packages/airflow/example_dags/example_time_delta_sensor_async.py
[2022-06-24 07:13:48,478] {processor.py:651} INFO - DAG(s) dict_keys(['example_time_delta_sensor_async']) retrieved from /home/airflow/.local/lib/python3.7/site-packages/airflow/example_dags/example_time_delta_sensor_async.py
[2022-06-24 07:13:48,526] {logging_mixin.py:115} INFO - [2022-06-24 07:13:48,526] {dag.py:2379} INFO - Sync 1 DAGs
[2022-06-24 07:13:48,542] {logging_mixin.py:115} INFO - [2022-06-24 07:13:48,542] {dag.py:2931} INFO - Setting next_dagrun for example_time_delta_sensor_async to None, run_after=None
[2022-06-24 07:13:48,557] {processor.py:161} INFO - Processing /home/airflow/.local/lib/python3.7/site-packages/airflow/example_dags/example_time_delta_sensor_async.py took 0.089 seconds
[2022-06-24 07:14:19,091] {processor.py:153} INFO - Started process (PID=7384) to work on /home/airflow/.local/lib/python3.7/site-packages/airflow/example_dags/example_time_delta_sensor_async.py
[2022-06-24 07:14:19,092] {processor.py:641} INFO - Processing file /home/airflow/.local/lib/python3.7/site-packages/airflow/example_dags/example_time_delta_sensor_async.py for tasks to queue
[2022-06-24 07:14:19,093] {logging_mixin.py:115} INFO - [2022-06-24 07:14:19,093] {dagbag.py:507} INFO - Filling up the DagBag from /home/airflow/.local/lib/python3.7/site-packages/airflow/example_dags/example_time_delta_sensor_async.py
[2022-06-24 07:14:19,098] {processor.py:651} INFO - DAG(s) dict_keys(['example_time_delta_sensor_async']) retrieved from /home/airflow/.local/lib/python3.7/site-packages/airflow/example_dags/example_time_delta_sensor_async.py
[2022-06-24 07:14:19,137] {logging_mixin.py:115} INFO - [2022-06-24 07:14:19,137] {dag.py:2379} INFO - Sync 1 DAGs
[2022-06-24 07:14:19,152] {logging_mixin.py:115} INFO - [2022-06-24 07:14:19,151] {dag.py:2931} INFO - Setting next_dagrun for example_time_delta_sensor_async to None, run_after=None
[2022-06-24 07:14:19,164] {processor.py:161} INFO - Processing /home/airflow/.local/lib/python3.7/site-packages/airflow/example_dags/example_time_delta_sensor_async.py took 0.077 seconds
[2022-06-24 07:14:49,626] {processor.py:153} INFO - Started process (PID=7448) to work on /home/airflow/.local/lib/python3.7/site-packages/airflow/example_dags/example_time_delta_sensor_async.py
[2022-06-24 07:14:49,627] {processor.py:641} INFO - Processing file /home/airflow/.local/lib/python3.7/site-packages/airflow/example_dags/example_time_delta_sensor_async.py for tasks to queue
[2022-06-24 07:14:49,628] {logging_mixin.py:115} INFO - [2022-06-24 07:14:49,628] {dagbag.py:507} INFO - Filling up the DagBag from /home/airflow/.local/lib/python3.7/site-packages/airflow/example_dags/example_time_delta_sensor_async.py
[2022-06-24 07:14:49,634] {processor.py:651} INFO - DAG(s) dict_keys(['example_time_delta_sensor_async']) retrieved from /home/airflow/.local/lib/python3.7/site-packages/airflow/example_dags/example_time_delta_sensor_async.py
[2022-06-24 07:14:49,682] {logging_mixin.py:115} INFO - [2022-06-24 07:14:49,682] {dag.py:2379} INFO - Sync 1 DAGs
[2022-06-24 07:14:49,697] {logging_mixin.py:115} INFO - [2022-06-24 07:14:49,697] {dag.py:2931} INFO - Setting next_dagrun for example_time_delta_sensor_async to None, run_after=None
[2022-06-24 07:14:49,710] {processor.py:161} INFO - Processing /home/airflow/.local/lib/python3.7/site-packages/airflow/example_dags/example_time_delta_sensor_async.py took 0.087 seconds
[2022-06-24 07:15:19,977] {processor.py:153} INFO - Started process (PID=7513) to work on /home/airflow/.local/lib/python3.7/site-packages/airflow/example_dags/example_time_delta_sensor_async.py
[2022-06-24 07:15:19,978] {processor.py:641} INFO - Processing file /home/airflow/.local/lib/python3.7/site-packages/airflow/example_dags/example_time_delta_sensor_async.py for tasks to queue
[2022-06-24 07:15:19,978] {logging_mixin.py:115} INFO - [2022-06-24 07:15:19,978] {dagbag.py:507} INFO - Filling up the DagBag from /home/airflow/.local/lib/python3.7/site-packages/airflow/example_dags/example_time_delta_sensor_async.py
[2022-06-24 07:15:19,983] {processor.py:651} INFO - DAG(s) dict_keys(['example_time_delta_sensor_async']) retrieved from /home/airflow/.local/lib/python3.7/site-packages/airflow/example_dags/example_time_delta_sensor_async.py
[2022-06-24 07:15:20,019] {logging_mixin.py:115} INFO - [2022-06-24 07:15:20,019] {dag.py:2379} INFO - Sync 1 DAGs
[2022-06-24 07:15:20,033] {logging_mixin.py:115} INFO - [2022-06-24 07:15:20,033] {dag.py:2931} INFO - Setting next_dagrun for example_time_delta_sensor_async to None, run_after=None
[2022-06-24 07:15:20,047] {processor.py:161} INFO - Processing /home/airflow/.local/lib/python3.7/site-packages/airflow/example_dags/example_time_delta_sensor_async.py took 0.074 seconds
[2022-06-24 07:15:50,603] {processor.py:153} INFO - Started process (PID=7568) to work on /home/airflow/.local/lib/python3.7/site-packages/airflow/example_dags/example_time_delta_sensor_async.py
[2022-06-24 07:15:50,611] {processor.py:641} INFO - Processing file /home/airflow/.local/lib/python3.7/site-packages/airflow/example_dags/example_time_delta_sensor_async.py for tasks to queue
[2022-06-24 07:15:50,613] {logging_mixin.py:115} INFO - [2022-06-24 07:15:50,612] {dagbag.py:507} INFO - Filling up the DagBag from /home/airflow/.local/lib/python3.7/site-packages/airflow/example_dags/example_time_delta_sensor_async.py
[2022-06-24 07:15:50,621] {processor.py:651} INFO - DAG(s) dict_keys(['example_time_delta_sensor_async']) retrieved from /home/airflow/.local/lib/python3.7/site-packages/airflow/example_dags/example_time_delta_sensor_async.py
[2022-06-24 07:15:50,665] {logging_mixin.py:115} INFO - [2022-06-24 07:15:50,665] {dag.py:2379} INFO - Sync 1 DAGs
[2022-06-24 07:15:50,687] {logging_mixin.py:115} INFO - [2022-06-24 07:15:50,687] {dag.py:2931} INFO - Setting next_dagrun for example_time_delta_sensor_async to None, run_after=None
[2022-06-24 07:15:50,705] {processor.py:161} INFO - Processing /home/airflow/.local/lib/python3.7/site-packages/airflow/example_dags/example_time_delta_sensor_async.py took 0.105 seconds
[2022-06-24 07:16:20,974] {processor.py:153} INFO - Started process (PID=7632) to work on /home/airflow/.local/lib/python3.7/site-packages/airflow/example_dags/example_time_delta_sensor_async.py
[2022-06-24 07:16:20,974] {processor.py:641} INFO - Processing file /home/airflow/.local/lib/python3.7/site-packages/airflow/example_dags/example_time_delta_sensor_async.py for tasks to queue
[2022-06-24 07:16:20,975] {logging_mixin.py:115} INFO - [2022-06-24 07:16:20,975] {dagbag.py:507} INFO - Filling up the DagBag from /home/airflow/.local/lib/python3.7/site-packages/airflow/example_dags/example_time_delta_sensor_async.py
[2022-06-24 07:16:20,982] {processor.py:651} INFO - DAG(s) dict_keys(['example_time_delta_sensor_async']) retrieved from /home/airflow/.local/lib/python3.7/site-packages/airflow/example_dags/example_time_delta_sensor_async.py
[2022-06-24 07:16:21,020] {logging_mixin.py:115} INFO - [2022-06-24 07:16:21,020] {dag.py:2379} INFO - Sync 1 DAGs
[2022-06-24 07:16:21,035] {logging_mixin.py:115} INFO - [2022-06-24 07:16:21,035] {dag.py:2931} INFO - Setting next_dagrun for example_time_delta_sensor_async to None, run_after=None
[2022-06-24 07:16:21,050] {processor.py:161} INFO - Processing /home/airflow/.local/lib/python3.7/site-packages/airflow/example_dags/example_time_delta_sensor_async.py took 0.080 seconds
[2022-06-24 07:16:51,483] {processor.py:153} INFO - Started process (PID=7696) to work on /home/airflow/.local/lib/python3.7/site-packages/airflow/example_dags/example_time_delta_sensor_async.py
[2022-06-24 07:16:51,484] {processor.py:641} INFO - Processing file /home/airflow/.local/lib/python3.7/site-packages/airflow/example_dags/example_time_delta_sensor_async.py for tasks to queue
[2022-06-24 07:16:51,485] {logging_mixin.py:115} INFO - [2022-06-24 07:16:51,485] {dagbag.py:507} INFO - Filling up the DagBag from /home/airflow/.local/lib/python3.7/site-packages/airflow/example_dags/example_time_delta_sensor_async.py
[2022-06-24 07:16:51,490] {processor.py:651} INFO - DAG(s) dict_keys(['example_time_delta_sensor_async']) retrieved from /home/airflow/.local/lib/python3.7/site-packages/airflow/example_dags/example_time_delta_sensor_async.py
[2022-06-24 07:16:51,536] {logging_mixin.py:115} INFO - [2022-06-24 07:16:51,536] {dag.py:2379} INFO - Sync 1 DAGs
[2022-06-24 07:16:51,554] {logging_mixin.py:115} INFO - [2022-06-24 07:16:51,554] {dag.py:2931} INFO - Setting next_dagrun for example_time_delta_sensor_async to None, run_after=None
[2022-06-24 07:16:51,569] {processor.py:161} INFO - Processing /home/airflow/.local/lib/python3.7/site-packages/airflow/example_dags/example_time_delta_sensor_async.py took 0.090 seconds
[2022-06-24 07:17:22,158] {processor.py:153} INFO - Started process (PID=7760) to work on /home/airflow/.local/lib/python3.7/site-packages/airflow/example_dags/example_time_delta_sensor_async.py
[2022-06-24 07:17:22,159] {processor.py:641} INFO - Processing file /home/airflow/.local/lib/python3.7/site-packages/airflow/example_dags/example_time_delta_sensor_async.py for tasks to queue
[2022-06-24 07:17:22,160] {logging_mixin.py:115} INFO - [2022-06-24 07:17:22,160] {dagbag.py:507} INFO - Filling up the DagBag from /home/airflow/.local/lib/python3.7/site-packages/airflow/example_dags/example_time_delta_sensor_async.py
[2022-06-24 07:17:22,167] {processor.py:651} INFO - DAG(s) dict_keys(['example_time_delta_sensor_async']) retrieved from /home/airflow/.local/lib/python3.7/site-packages/airflow/example_dags/example_time_delta_sensor_async.py
[2022-06-24 07:17:22,221] {logging_mixin.py:115} INFO - [2022-06-24 07:17:22,221] {dag.py:2379} INFO - Sync 1 DAGs
[2022-06-24 07:17:22,243] {logging_mixin.py:115} INFO - [2022-06-24 07:17:22,243] {dag.py:2931} INFO - Setting next_dagrun for example_time_delta_sensor_async to None, run_after=None
[2022-06-24 07:17:22,259] {processor.py:161} INFO - Processing /home/airflow/.local/lib/python3.7/site-packages/airflow/example_dags/example_time_delta_sensor_async.py took 0.105 seconds
[2022-06-24 07:17:52,795] {processor.py:153} INFO - Started process (PID=7815) to work on /home/airflow/.local/lib/python3.7/site-packages/airflow/example_dags/example_time_delta_sensor_async.py
[2022-06-24 07:17:52,796] {processor.py:641} INFO - Processing file /home/airflow/.local/lib/python3.7/site-packages/airflow/example_dags/example_time_delta_sensor_async.py for tasks to queue
[2022-06-24 07:17:52,797] {logging_mixin.py:115} INFO - [2022-06-24 07:17:52,797] {dagbag.py:507} INFO - Filling up the DagBag from /home/airflow/.local/lib/python3.7/site-packages/airflow/example_dags/example_time_delta_sensor_async.py
[2022-06-24 07:17:52,804] {processor.py:651} INFO - DAG(s) dict_keys(['example_time_delta_sensor_async']) retrieved from /home/airflow/.local/lib/python3.7/site-packages/airflow/example_dags/example_time_delta_sensor_async.py
[2022-06-24 07:17:52,841] {logging_mixin.py:115} INFO - [2022-06-24 07:17:52,841] {dag.py:2379} INFO - Sync 1 DAGs
[2022-06-24 07:17:52,855] {logging_mixin.py:115} INFO - [2022-06-24 07:17:52,855] {dag.py:2931} INFO - Setting next_dagrun for example_time_delta_sensor_async to None, run_after=None
[2022-06-24 07:17:52,869] {processor.py:161} INFO - Processing /home/airflow/.local/lib/python3.7/site-packages/airflow/example_dags/example_time_delta_sensor_async.py took 0.078 seconds
[2022-06-24 07:18:23,595] {processor.py:153} INFO - Started process (PID=7879) to work on /home/airflow/.local/lib/python3.7/site-packages/airflow/example_dags/example_time_delta_sensor_async.py
[2022-06-24 07:18:23,596] {processor.py:641} INFO - Processing file /home/airflow/.local/lib/python3.7/site-packages/airflow/example_dags/example_time_delta_sensor_async.py for tasks to queue
[2022-06-24 07:18:23,597] {logging_mixin.py:115} INFO - [2022-06-24 07:18:23,597] {dagbag.py:507} INFO - Filling up the DagBag from /home/airflow/.local/lib/python3.7/site-packages/airflow/example_dags/example_time_delta_sensor_async.py
[2022-06-24 07:18:23,602] {processor.py:651} INFO - DAG(s) dict_keys(['example_time_delta_sensor_async']) retrieved from /home/airflow/.local/lib/python3.7/site-packages/airflow/example_dags/example_time_delta_sensor_async.py
[2022-06-24 07:18:23,647] {logging_mixin.py:115} INFO - [2022-06-24 07:18:23,647] {dag.py:2379} INFO - Sync 1 DAGs
[2022-06-24 07:18:23,664] {logging_mixin.py:115} INFO - [2022-06-24 07:18:23,664] {dag.py:2931} INFO - Setting next_dagrun for example_time_delta_sensor_async to None, run_after=None
[2022-06-24 07:18:23,678] {processor.py:161} INFO - Processing /home/airflow/.local/lib/python3.7/site-packages/airflow/example_dags/example_time_delta_sensor_async.py took 0.089 seconds
[2022-06-24 07:18:54,307] {processor.py:153} INFO - Started process (PID=7944) to work on /home/airflow/.local/lib/python3.7/site-packages/airflow/example_dags/example_time_delta_sensor_async.py
[2022-06-24 07:18:54,308] {processor.py:641} INFO - Processing file /home/airflow/.local/lib/python3.7/site-packages/airflow/example_dags/example_time_delta_sensor_async.py for tasks to queue
[2022-06-24 07:18:54,309] {logging_mixin.py:115} INFO - [2022-06-24 07:18:54,309] {dagbag.py:507} INFO - Filling up the DagBag from /home/airflow/.local/lib/python3.7/site-packages/airflow/example_dags/example_time_delta_sensor_async.py
[2022-06-24 07:18:54,314] {processor.py:651} INFO - DAG(s) dict_keys(['example_time_delta_sensor_async']) retrieved from /home/airflow/.local/lib/python3.7/site-packages/airflow/example_dags/example_time_delta_sensor_async.py
[2022-06-24 07:18:54,355] {logging_mixin.py:115} INFO - [2022-06-24 07:18:54,355] {dag.py:2379} INFO - Sync 1 DAGs
[2022-06-24 07:18:54,373] {logging_mixin.py:115} INFO - [2022-06-24 07:18:54,373] {dag.py:2931} INFO - Setting next_dagrun for example_time_delta_sensor_async to None, run_after=None
[2022-06-24 07:18:54,393] {processor.py:161} INFO - Processing /home/airflow/.local/lib/python3.7/site-packages/airflow/example_dags/example_time_delta_sensor_async.py took 0.089 seconds
[2022-06-24 07:19:24,662] {processor.py:153} INFO - Started process (PID=7999) to work on /home/airflow/.local/lib/python3.7/site-packages/airflow/example_dags/example_time_delta_sensor_async.py
[2022-06-24 07:19:24,663] {processor.py:641} INFO - Processing file /home/airflow/.local/lib/python3.7/site-packages/airflow/example_dags/example_time_delta_sensor_async.py for tasks to queue
[2022-06-24 07:19:24,664] {logging_mixin.py:115} INFO - [2022-06-24 07:19:24,664] {dagbag.py:507} INFO - Filling up the DagBag from /home/airflow/.local/lib/python3.7/site-packages/airflow/example_dags/example_time_delta_sensor_async.py
[2022-06-24 07:19:24,669] {processor.py:651} INFO - DAG(s) dict_keys(['example_time_delta_sensor_async']) retrieved from /home/airflow/.local/lib/python3.7/site-packages/airflow/example_dags/example_time_delta_sensor_async.py
[2022-06-24 07:19:24,710] {logging_mixin.py:115} INFO - [2022-06-24 07:19:24,710] {dag.py:2379} INFO - Sync 1 DAGs
[2022-06-24 07:19:24,725] {logging_mixin.py:115} INFO - [2022-06-24 07:19:24,725] {dag.py:2931} INFO - Setting next_dagrun for example_time_delta_sensor_async to None, run_after=None
[2022-06-24 07:19:24,739] {processor.py:161} INFO - Processing /home/airflow/.local/lib/python3.7/site-packages/airflow/example_dags/example_time_delta_sensor_async.py took 0.081 seconds
[2022-06-24 07:19:55,142] {processor.py:153} INFO - Started process (PID=8063) to work on /home/airflow/.local/lib/python3.7/site-packages/airflow/example_dags/example_time_delta_sensor_async.py
[2022-06-24 07:19:55,143] {processor.py:641} INFO - Processing file /home/airflow/.local/lib/python3.7/site-packages/airflow/example_dags/example_time_delta_sensor_async.py for tasks to queue
[2022-06-24 07:19:55,143] {logging_mixin.py:115} INFO - [2022-06-24 07:19:55,143] {dagbag.py:507} INFO - Filling up the DagBag from /home/airflow/.local/lib/python3.7/site-packages/airflow/example_dags/example_time_delta_sensor_async.py
[2022-06-24 07:19:55,148] {processor.py:651} INFO - DAG(s) dict_keys(['example_time_delta_sensor_async']) retrieved from /home/airflow/.local/lib/python3.7/site-packages/airflow/example_dags/example_time_delta_sensor_async.py
[2022-06-24 07:19:55,191] {logging_mixin.py:115} INFO - [2022-06-24 07:19:55,191] {dag.py:2379} INFO - Sync 1 DAGs
[2022-06-24 07:19:55,209] {logging_mixin.py:115} INFO - [2022-06-24 07:19:55,209] {dag.py:2931} INFO - Setting next_dagrun for example_time_delta_sensor_async to None, run_after=None
[2022-06-24 07:19:55,223] {processor.py:161} INFO - Processing /home/airflow/.local/lib/python3.7/site-packages/airflow/example_dags/example_time_delta_sensor_async.py took 0.085 seconds
[2022-06-24 07:20:25,469] {processor.py:153} INFO - Started process (PID=8127) to work on /home/airflow/.local/lib/python3.7/site-packages/airflow/example_dags/example_time_delta_sensor_async.py
[2022-06-24 07:20:25,470] {processor.py:641} INFO - Processing file /home/airflow/.local/lib/python3.7/site-packages/airflow/example_dags/example_time_delta_sensor_async.py for tasks to queue
[2022-06-24 07:20:25,471] {logging_mixin.py:115} INFO - [2022-06-24 07:20:25,471] {dagbag.py:507} INFO - Filling up the DagBag from /home/airflow/.local/lib/python3.7/site-packages/airflow/example_dags/example_time_delta_sensor_async.py
[2022-06-24 07:20:25,477] {processor.py:651} INFO - DAG(s) dict_keys(['example_time_delta_sensor_async']) retrieved from /home/airflow/.local/lib/python3.7/site-packages/airflow/example_dags/example_time_delta_sensor_async.py
[2022-06-24 07:20:25,517] {logging_mixin.py:115} INFO - [2022-06-24 07:20:25,517] {dag.py:2379} INFO - Sync 1 DAGs
[2022-06-24 07:20:25,534] {logging_mixin.py:115} INFO - [2022-06-24 07:20:25,534] {dag.py:2931} INFO - Setting next_dagrun for example_time_delta_sensor_async to None, run_after=None
[2022-06-24 07:20:25,548] {processor.py:161} INFO - Processing /home/airflow/.local/lib/python3.7/site-packages/airflow/example_dags/example_time_delta_sensor_async.py took 0.082 seconds
[2022-06-24 07:20:56,003] {processor.py:153} INFO - Started process (PID=8191) to work on /home/airflow/.local/lib/python3.7/site-packages/airflow/example_dags/example_time_delta_sensor_async.py
[2022-06-24 07:20:56,004] {processor.py:641} INFO - Processing file /home/airflow/.local/lib/python3.7/site-packages/airflow/example_dags/example_time_delta_sensor_async.py for tasks to queue
[2022-06-24 07:20:56,004] {logging_mixin.py:115} INFO - [2022-06-24 07:20:56,004] {dagbag.py:507} INFO - Filling up the DagBag from /home/airflow/.local/lib/python3.7/site-packages/airflow/example_dags/example_time_delta_sensor_async.py
[2022-06-24 07:20:56,010] {processor.py:651} INFO - DAG(s) dict_keys(['example_time_delta_sensor_async']) retrieved from /home/airflow/.local/lib/python3.7/site-packages/airflow/example_dags/example_time_delta_sensor_async.py
[2022-06-24 07:20:56,052] {logging_mixin.py:115} INFO - [2022-06-24 07:20:56,052] {dag.py:2379} INFO - Sync 1 DAGs
[2022-06-24 07:20:56,071] {logging_mixin.py:115} INFO - [2022-06-24 07:20:56,071] {dag.py:2931} INFO - Setting next_dagrun for example_time_delta_sensor_async to None, run_after=None
[2022-06-24 07:20:56,084] {processor.py:161} INFO - Processing /home/airflow/.local/lib/python3.7/site-packages/airflow/example_dags/example_time_delta_sensor_async.py took 0.084 seconds
[2022-06-24 07:21:26,754] {processor.py:153} INFO - Started process (PID=8246) to work on /home/airflow/.local/lib/python3.7/site-packages/airflow/example_dags/example_time_delta_sensor_async.py
[2022-06-24 07:21:26,755] {processor.py:641} INFO - Processing file /home/airflow/.local/lib/python3.7/site-packages/airflow/example_dags/example_time_delta_sensor_async.py for tasks to queue
[2022-06-24 07:21:26,756] {logging_mixin.py:115} INFO - [2022-06-24 07:21:26,756] {dagbag.py:507} INFO - Filling up the DagBag from /home/airflow/.local/lib/python3.7/site-packages/airflow/example_dags/example_time_delta_sensor_async.py
[2022-06-24 07:21:26,763] {processor.py:651} INFO - DAG(s) dict_keys(['example_time_delta_sensor_async']) retrieved from /home/airflow/.local/lib/python3.7/site-packages/airflow/example_dags/example_time_delta_sensor_async.py
[2022-06-24 07:21:26,808] {logging_mixin.py:115} INFO - [2022-06-24 07:21:26,807] {dag.py:2379} INFO - Sync 1 DAGs
[2022-06-24 07:21:26,824] {logging_mixin.py:115} INFO - [2022-06-24 07:21:26,824] {dag.py:2931} INFO - Setting next_dagrun for example_time_delta_sensor_async to None, run_after=None
[2022-06-24 07:21:26,840] {processor.py:161} INFO - Processing /home/airflow/.local/lib/python3.7/site-packages/airflow/example_dags/example_time_delta_sensor_async.py took 0.090 seconds
[2022-06-24 07:21:57,266] {processor.py:153} INFO - Started process (PID=8310) to work on /home/airflow/.local/lib/python3.7/site-packages/airflow/example_dags/example_time_delta_sensor_async.py
[2022-06-24 07:21:57,267] {processor.py:641} INFO - Processing file /home/airflow/.local/lib/python3.7/site-packages/airflow/example_dags/example_time_delta_sensor_async.py for tasks to queue
[2022-06-24 07:21:57,268] {logging_mixin.py:115} INFO - [2022-06-24 07:21:57,268] {dagbag.py:507} INFO - Filling up the DagBag from /home/airflow/.local/lib/python3.7/site-packages/airflow/example_dags/example_time_delta_sensor_async.py
[2022-06-24 07:21:57,273] {processor.py:651} INFO - DAG(s) dict_keys(['example_time_delta_sensor_async']) retrieved from /home/airflow/.local/lib/python3.7/site-packages/airflow/example_dags/example_time_delta_sensor_async.py
[2022-06-24 07:21:57,314] {logging_mixin.py:115} INFO - [2022-06-24 07:21:57,314] {dag.py:2379} INFO - Sync 1 DAGs
[2022-06-24 07:21:57,328] {logging_mixin.py:115} INFO - [2022-06-24 07:21:57,328] {dag.py:2931} INFO - Setting next_dagrun for example_time_delta_sensor_async to None, run_after=None
[2022-06-24 07:21:57,341] {processor.py:161} INFO - Processing /home/airflow/.local/lib/python3.7/site-packages/airflow/example_dags/example_time_delta_sensor_async.py took 0.079 seconds
[2022-06-24 07:22:27,808] {processor.py:153} INFO - Started process (PID=8374) to work on /home/airflow/.local/lib/python3.7/site-packages/airflow/example_dags/example_time_delta_sensor_async.py
[2022-06-24 07:22:27,808] {processor.py:641} INFO - Processing file /home/airflow/.local/lib/python3.7/site-packages/airflow/example_dags/example_time_delta_sensor_async.py for tasks to queue
[2022-06-24 07:22:27,809] {logging_mixin.py:115} INFO - [2022-06-24 07:22:27,809] {dagbag.py:507} INFO - Filling up the DagBag from /home/airflow/.local/lib/python3.7/site-packages/airflow/example_dags/example_time_delta_sensor_async.py
[2022-06-24 07:22:27,816] {processor.py:651} INFO - DAG(s) dict_keys(['example_time_delta_sensor_async']) retrieved from /home/airflow/.local/lib/python3.7/site-packages/airflow/example_dags/example_time_delta_sensor_async.py
[2022-06-24 07:22:27,913] {logging_mixin.py:115} INFO - [2022-06-24 07:22:27,913] {dag.py:2379} INFO - Sync 1 DAGs
[2022-06-24 07:22:27,931] {logging_mixin.py:115} INFO - [2022-06-24 07:22:27,931] {dag.py:2931} INFO - Setting next_dagrun for example_time_delta_sensor_async to None, run_after=None
[2022-06-24 07:22:27,947] {processor.py:161} INFO - Processing /home/airflow/.local/lib/python3.7/site-packages/airflow/example_dags/example_time_delta_sensor_async.py took 0.144 seconds
[2022-06-24 07:22:58,791] {processor.py:153} INFO - Started process (PID=8429) to work on /home/airflow/.local/lib/python3.7/site-packages/airflow/example_dags/example_time_delta_sensor_async.py
[2022-06-24 07:22:58,792] {processor.py:641} INFO - Processing file /home/airflow/.local/lib/python3.7/site-packages/airflow/example_dags/example_time_delta_sensor_async.py for tasks to queue
[2022-06-24 07:22:58,793] {logging_mixin.py:115} INFO - [2022-06-24 07:22:58,793] {dagbag.py:507} INFO - Filling up the DagBag from /home/airflow/.local/lib/python3.7/site-packages/airflow/example_dags/example_time_delta_sensor_async.py
[2022-06-24 07:22:58,798] {processor.py:651} INFO - DAG(s) dict_keys(['example_time_delta_sensor_async']) retrieved from /home/airflow/.local/lib/python3.7/site-packages/airflow/example_dags/example_time_delta_sensor_async.py
[2022-06-24 07:22:58,845] {logging_mixin.py:115} INFO - [2022-06-24 07:22:58,845] {dag.py:2379} INFO - Sync 1 DAGs
[2022-06-24 07:22:58,863] {logging_mixin.py:115} INFO - [2022-06-24 07:22:58,863] {dag.py:2931} INFO - Setting next_dagrun for example_time_delta_sensor_async to None, run_after=None
[2022-06-24 07:22:58,876] {processor.py:161} INFO - Processing /home/airflow/.local/lib/python3.7/site-packages/airflow/example_dags/example_time_delta_sensor_async.py took 0.089 seconds
[2022-06-24 07:23:29,022] {processor.py:153} INFO - Started process (PID=8493) to work on /home/airflow/.local/lib/python3.7/site-packages/airflow/example_dags/example_time_delta_sensor_async.py
[2022-06-24 07:23:29,023] {processor.py:641} INFO - Processing file /home/airflow/.local/lib/python3.7/site-packages/airflow/example_dags/example_time_delta_sensor_async.py for tasks to queue
[2022-06-24 07:23:29,024] {logging_mixin.py:115} INFO - [2022-06-24 07:23:29,024] {dagbag.py:507} INFO - Filling up the DagBag from /home/airflow/.local/lib/python3.7/site-packages/airflow/example_dags/example_time_delta_sensor_async.py
[2022-06-24 07:23:29,030] {processor.py:651} INFO - DAG(s) dict_keys(['example_time_delta_sensor_async']) retrieved from /home/airflow/.local/lib/python3.7/site-packages/airflow/example_dags/example_time_delta_sensor_async.py
[2022-06-24 07:23:29,136] {logging_mixin.py:115} INFO - [2022-06-24 07:23:29,136] {dag.py:2379} INFO - Sync 1 DAGs
[2022-06-24 07:23:29,161] {logging_mixin.py:115} INFO - [2022-06-24 07:23:29,161] {dag.py:2931} INFO - Setting next_dagrun for example_time_delta_sensor_async to None, run_after=None
[2022-06-24 07:23:29,183] {processor.py:161} INFO - Processing /home/airflow/.local/lib/python3.7/site-packages/airflow/example_dags/example_time_delta_sensor_async.py took 0.165 seconds
[2022-06-24 07:24:00,088] {processor.py:153} INFO - Started process (PID=8557) to work on /home/airflow/.local/lib/python3.7/site-packages/airflow/example_dags/example_time_delta_sensor_async.py
[2022-06-24 07:24:00,089] {processor.py:641} INFO - Processing file /home/airflow/.local/lib/python3.7/site-packages/airflow/example_dags/example_time_delta_sensor_async.py for tasks to queue
[2022-06-24 07:24:00,090] {logging_mixin.py:115} INFO - [2022-06-24 07:24:00,090] {dagbag.py:507} INFO - Filling up the DagBag from /home/airflow/.local/lib/python3.7/site-packages/airflow/example_dags/example_time_delta_sensor_async.py
[2022-06-24 07:24:00,097] {processor.py:651} INFO - DAG(s) dict_keys(['example_time_delta_sensor_async']) retrieved from /home/airflow/.local/lib/python3.7/site-packages/airflow/example_dags/example_time_delta_sensor_async.py
[2022-06-24 07:24:00,153] {logging_mixin.py:115} INFO - [2022-06-24 07:24:00,153] {dag.py:2379} INFO - Sync 1 DAGs
[2022-06-24 07:24:00,173] {logging_mixin.py:115} INFO - [2022-06-24 07:24:00,173] {dag.py:2931} INFO - Setting next_dagrun for example_time_delta_sensor_async to None, run_after=None
[2022-06-24 07:24:00,188] {processor.py:161} INFO - Processing /home/airflow/.local/lib/python3.7/site-packages/airflow/example_dags/example_time_delta_sensor_async.py took 0.104 seconds
[2022-06-24 07:24:30,694] {processor.py:153} INFO - Started process (PID=8622) to work on /home/airflow/.local/lib/python3.7/site-packages/airflow/example_dags/example_time_delta_sensor_async.py
[2022-06-24 07:24:30,695] {processor.py:641} INFO - Processing file /home/airflow/.local/lib/python3.7/site-packages/airflow/example_dags/example_time_delta_sensor_async.py for tasks to queue
[2022-06-24 07:24:30,696] {logging_mixin.py:115} INFO - [2022-06-24 07:24:30,696] {dagbag.py:507} INFO - Filling up the DagBag from /home/airflow/.local/lib/python3.7/site-packages/airflow/example_dags/example_time_delta_sensor_async.py
[2022-06-24 07:24:30,702] {processor.py:651} INFO - DAG(s) dict_keys(['example_time_delta_sensor_async']) retrieved from /home/airflow/.local/lib/python3.7/site-packages/airflow/example_dags/example_time_delta_sensor_async.py
[2022-06-24 07:24:30,743] {logging_mixin.py:115} INFO - [2022-06-24 07:24:30,742] {dag.py:2379} INFO - Sync 1 DAGs
[2022-06-24 07:24:30,759] {logging_mixin.py:115} INFO - [2022-06-24 07:24:30,759] {dag.py:2931} INFO - Setting next_dagrun for example_time_delta_sensor_async to None, run_after=None
[2022-06-24 07:24:30,773] {processor.py:161} INFO - Processing /home/airflow/.local/lib/python3.7/site-packages/airflow/example_dags/example_time_delta_sensor_async.py took 0.084 seconds
[2022-06-24 07:25:01,081] {processor.py:153} INFO - Started process (PID=8677) to work on /home/airflow/.local/lib/python3.7/site-packages/airflow/example_dags/example_time_delta_sensor_async.py
[2022-06-24 07:25:01,082] {processor.py:641} INFO - Processing file /home/airflow/.local/lib/python3.7/site-packages/airflow/example_dags/example_time_delta_sensor_async.py for tasks to queue
[2022-06-24 07:25:01,083] {logging_mixin.py:115} INFO - [2022-06-24 07:25:01,083] {dagbag.py:507} INFO - Filling up the DagBag from /home/airflow/.local/lib/python3.7/site-packages/airflow/example_dags/example_time_delta_sensor_async.py
[2022-06-24 07:25:01,088] {processor.py:651} INFO - DAG(s) dict_keys(['example_time_delta_sensor_async']) retrieved from /home/airflow/.local/lib/python3.7/site-packages/airflow/example_dags/example_time_delta_sensor_async.py
[2022-06-24 07:25:01,125] {logging_mixin.py:115} INFO - [2022-06-24 07:25:01,125] {dag.py:2379} INFO - Sync 1 DAGs
[2022-06-24 07:25:01,144] {logging_mixin.py:115} INFO - [2022-06-24 07:25:01,144] {dag.py:2931} INFO - Setting next_dagrun for example_time_delta_sensor_async to None, run_after=None
[2022-06-24 07:25:01,157] {processor.py:161} INFO - Processing /home/airflow/.local/lib/python3.7/site-packages/airflow/example_dags/example_time_delta_sensor_async.py took 0.079 seconds
[2022-06-24 07:25:31,379] {processor.py:153} INFO - Started process (PID=8741) to work on /home/airflow/.local/lib/python3.7/site-packages/airflow/example_dags/example_time_delta_sensor_async.py
[2022-06-24 07:25:31,380] {processor.py:641} INFO - Processing file /home/airflow/.local/lib/python3.7/site-packages/airflow/example_dags/example_time_delta_sensor_async.py for tasks to queue
[2022-06-24 07:25:31,381] {logging_mixin.py:115} INFO - [2022-06-24 07:25:31,381] {dagbag.py:507} INFO - Filling up the DagBag from /home/airflow/.local/lib/python3.7/site-packages/airflow/example_dags/example_time_delta_sensor_async.py
[2022-06-24 07:25:31,388] {processor.py:651} INFO - DAG(s) dict_keys(['example_time_delta_sensor_async']) retrieved from /home/airflow/.local/lib/python3.7/site-packages/airflow/example_dags/example_time_delta_sensor_async.py
[2022-06-24 07:25:31,431] {logging_mixin.py:115} INFO - [2022-06-24 07:25:31,431] {dag.py:2379} INFO - Sync 1 DAGs
[2022-06-24 07:25:31,448] {logging_mixin.py:115} INFO - [2022-06-24 07:25:31,448] {dag.py:2931} INFO - Setting next_dagrun for example_time_delta_sensor_async to None, run_after=None
[2022-06-24 07:25:31,464] {processor.py:161} INFO - Processing /home/airflow/.local/lib/python3.7/site-packages/airflow/example_dags/example_time_delta_sensor_async.py took 0.089 seconds
[2022-06-24 07:26:01,587] {processor.py:153} INFO - Started process (PID=8805) to work on /home/airflow/.local/lib/python3.7/site-packages/airflow/example_dags/example_time_delta_sensor_async.py
[2022-06-24 07:26:01,588] {processor.py:641} INFO - Processing file /home/airflow/.local/lib/python3.7/site-packages/airflow/example_dags/example_time_delta_sensor_async.py for tasks to queue
[2022-06-24 07:26:01,589] {logging_mixin.py:115} INFO - [2022-06-24 07:26:01,589] {dagbag.py:507} INFO - Filling up the DagBag from /home/airflow/.local/lib/python3.7/site-packages/airflow/example_dags/example_time_delta_sensor_async.py
[2022-06-24 07:26:01,594] {processor.py:651} INFO - DAG(s) dict_keys(['example_time_delta_sensor_async']) retrieved from /home/airflow/.local/lib/python3.7/site-packages/airflow/example_dags/example_time_delta_sensor_async.py
[2022-06-24 07:26:01,634] {logging_mixin.py:115} INFO - [2022-06-24 07:26:01,634] {dag.py:2379} INFO - Sync 1 DAGs
[2022-06-24 07:26:01,650] {logging_mixin.py:115} INFO - [2022-06-24 07:26:01,650] {dag.py:2931} INFO - Setting next_dagrun for example_time_delta_sensor_async to None, run_after=None
[2022-06-24 07:26:01,666] {processor.py:161} INFO - Processing /home/airflow/.local/lib/python3.7/site-packages/airflow/example_dags/example_time_delta_sensor_async.py took 0.083 seconds
