[2022-06-24 06:58:34,937] {processor.py:153} INFO - Started process (PID=5493) to work on /home/airflow/.local/lib/python3.7/site-packages/airflow/example_dags/example_trigger_target_dag.py
[2022-06-24 06:58:34,940] {processor.py:641} INFO - Processing file /home/airflow/.local/lib/python3.7/site-packages/airflow/example_dags/example_trigger_target_dag.py for tasks to queue
[2022-06-24 06:58:34,944] {logging_mixin.py:115} INFO - [2022-06-24 06:58:34,944] {dagbag.py:507} INFO - Filling up the DagBag from /home/airflow/.local/lib/python3.7/site-packages/airflow/example_dags/example_trigger_target_dag.py
[2022-06-24 06:58:34,965] {processor.py:651} INFO - DAG(s) dict_keys(['example_trigger_target_dag']) retrieved from /home/airflow/.local/lib/python3.7/site-packages/airflow/example_dags/example_trigger_target_dag.py
[2022-06-24 06:58:34,987] {logging_mixin.py:115} INFO - [2022-06-24 06:58:34,987] {dag.py:2379} INFO - Sync 1 DAGs
[2022-06-24 06:58:35,003] {logging_mixin.py:115} INFO - [2022-06-24 06:58:35,003] {dag.py:2931} INFO - Setting next_dagrun for example_trigger_target_dag to None, run_after=None
[2022-06-24 06:58:35,019] {processor.py:161} INFO - Processing /home/airflow/.local/lib/python3.7/site-packages/airflow/example_dags/example_trigger_target_dag.py took 0.085 seconds
[2022-06-24 06:59:07,501] {processor.py:153} INFO - Started process (PID=5548) to work on /home/airflow/.local/lib/python3.7/site-packages/airflow/example_dags/example_trigger_target_dag.py
[2022-06-24 06:59:07,503] {processor.py:641} INFO - Processing file /home/airflow/.local/lib/python3.7/site-packages/airflow/example_dags/example_trigger_target_dag.py for tasks to queue
[2022-06-24 06:59:07,504] {logging_mixin.py:115} INFO - [2022-06-24 06:59:07,503] {dagbag.py:507} INFO - Filling up the DagBag from /home/airflow/.local/lib/python3.7/site-packages/airflow/example_dags/example_trigger_target_dag.py
[2022-06-24 06:59:07,533] {processor.py:651} INFO - DAG(s) dict_keys(['example_trigger_target_dag']) retrieved from /home/airflow/.local/lib/python3.7/site-packages/airflow/example_dags/example_trigger_target_dag.py
[2022-06-24 06:59:07,592] {logging_mixin.py:115} INFO - [2022-06-24 06:59:07,592] {dag.py:2379} INFO - Sync 1 DAGs
[2022-06-24 06:59:07,652] {logging_mixin.py:115} INFO - [2022-06-24 06:59:07,652] {dag.py:2931} INFO - Setting next_dagrun for example_trigger_target_dag to None, run_after=None
[2022-06-24 06:59:07,721] {processor.py:161} INFO - Processing /home/airflow/.local/lib/python3.7/site-packages/airflow/example_dags/example_trigger_target_dag.py took 0.224 seconds
[2022-06-24 06:59:38,309] {processor.py:153} INFO - Started process (PID=5613) to work on /home/airflow/.local/lib/python3.7/site-packages/airflow/example_dags/example_trigger_target_dag.py
[2022-06-24 06:59:38,318] {processor.py:641} INFO - Processing file /home/airflow/.local/lib/python3.7/site-packages/airflow/example_dags/example_trigger_target_dag.py for tasks to queue
[2022-06-24 06:59:38,319] {logging_mixin.py:115} INFO - [2022-06-24 06:59:38,319] {dagbag.py:507} INFO - Filling up the DagBag from /home/airflow/.local/lib/python3.7/site-packages/airflow/example_dags/example_trigger_target_dag.py
[2022-06-24 06:59:38,347] {processor.py:651} INFO - DAG(s) dict_keys(['example_trigger_target_dag']) retrieved from /home/airflow/.local/lib/python3.7/site-packages/airflow/example_dags/example_trigger_target_dag.py
[2022-06-24 06:59:38,395] {logging_mixin.py:115} INFO - [2022-06-24 06:59:38,394] {dag.py:2379} INFO - Sync 1 DAGs
[2022-06-24 06:59:38,447] {logging_mixin.py:115} INFO - [2022-06-24 06:59:38,446] {dag.py:2931} INFO - Setting next_dagrun for example_trigger_target_dag to None, run_after=None
[2022-06-24 06:59:38,480] {processor.py:161} INFO - Processing /home/airflow/.local/lib/python3.7/site-packages/airflow/example_dags/example_trigger_target_dag.py took 0.174 seconds
[2022-06-24 07:00:09,306] {processor.py:153} INFO - Started process (PID=5668) to work on /home/airflow/.local/lib/python3.7/site-packages/airflow/example_dags/example_trigger_target_dag.py
[2022-06-24 07:00:09,307] {processor.py:641} INFO - Processing file /home/airflow/.local/lib/python3.7/site-packages/airflow/example_dags/example_trigger_target_dag.py for tasks to queue
[2022-06-24 07:00:09,308] {logging_mixin.py:115} INFO - [2022-06-24 07:00:09,307] {dagbag.py:507} INFO - Filling up the DagBag from /home/airflow/.local/lib/python3.7/site-packages/airflow/example_dags/example_trigger_target_dag.py
[2022-06-24 07:00:09,324] {processor.py:651} INFO - DAG(s) dict_keys(['example_trigger_target_dag']) retrieved from /home/airflow/.local/lib/python3.7/site-packages/airflow/example_dags/example_trigger_target_dag.py
[2022-06-24 07:00:09,345] {logging_mixin.py:115} INFO - [2022-06-24 07:00:09,345] {dag.py:2379} INFO - Sync 1 DAGs
[2022-06-24 07:00:09,360] {logging_mixin.py:115} INFO - [2022-06-24 07:00:09,360] {dag.py:2931} INFO - Setting next_dagrun for example_trigger_target_dag to None, run_after=None
[2022-06-24 07:00:09,371] {processor.py:161} INFO - Processing /home/airflow/.local/lib/python3.7/site-packages/airflow/example_dags/example_trigger_target_dag.py took 0.068 seconds
[2022-06-24 07:00:39,789] {processor.py:153} INFO - Started process (PID=5732) to work on /home/airflow/.local/lib/python3.7/site-packages/airflow/example_dags/example_trigger_target_dag.py
[2022-06-24 07:00:39,790] {processor.py:641} INFO - Processing file /home/airflow/.local/lib/python3.7/site-packages/airflow/example_dags/example_trigger_target_dag.py for tasks to queue
[2022-06-24 07:00:39,791] {logging_mixin.py:115} INFO - [2022-06-24 07:00:39,791] {dagbag.py:507} INFO - Filling up the DagBag from /home/airflow/.local/lib/python3.7/site-packages/airflow/example_dags/example_trigger_target_dag.py
[2022-06-24 07:00:39,806] {processor.py:651} INFO - DAG(s) dict_keys(['example_trigger_target_dag']) retrieved from /home/airflow/.local/lib/python3.7/site-packages/airflow/example_dags/example_trigger_target_dag.py
[2022-06-24 07:00:39,827] {logging_mixin.py:115} INFO - [2022-06-24 07:00:39,827] {dag.py:2379} INFO - Sync 1 DAGs
[2022-06-24 07:00:39,843] {logging_mixin.py:115} INFO - [2022-06-24 07:00:39,843] {dag.py:2931} INFO - Setting next_dagrun for example_trigger_target_dag to None, run_after=None
[2022-06-24 07:00:39,856] {processor.py:161} INFO - Processing /home/airflow/.local/lib/python3.7/site-packages/airflow/example_dags/example_trigger_target_dag.py took 0.070 seconds
[2022-06-24 07:01:09,968] {processor.py:153} INFO - Started process (PID=5797) to work on /home/airflow/.local/lib/python3.7/site-packages/airflow/example_dags/example_trigger_target_dag.py
[2022-06-24 07:01:09,969] {processor.py:641} INFO - Processing file /home/airflow/.local/lib/python3.7/site-packages/airflow/example_dags/example_trigger_target_dag.py for tasks to queue
[2022-06-24 07:01:09,970] {logging_mixin.py:115} INFO - [2022-06-24 07:01:09,970] {dagbag.py:507} INFO - Filling up the DagBag from /home/airflow/.local/lib/python3.7/site-packages/airflow/example_dags/example_trigger_target_dag.py
[2022-06-24 07:01:09,986] {processor.py:651} INFO - DAG(s) dict_keys(['example_trigger_target_dag']) retrieved from /home/airflow/.local/lib/python3.7/site-packages/airflow/example_dags/example_trigger_target_dag.py
[2022-06-24 07:01:10,005] {logging_mixin.py:115} INFO - [2022-06-24 07:01:10,005] {dag.py:2379} INFO - Sync 1 DAGs
[2022-06-24 07:01:10,022] {logging_mixin.py:115} INFO - [2022-06-24 07:01:10,022] {dag.py:2931} INFO - Setting next_dagrun for example_trigger_target_dag to None, run_after=None
[2022-06-24 07:01:10,035] {processor.py:161} INFO - Processing /home/airflow/.local/lib/python3.7/site-packages/airflow/example_dags/example_trigger_target_dag.py took 0.070 seconds
[2022-06-24 07:01:40,608] {processor.py:153} INFO - Started process (PID=5853) to work on /home/airflow/.local/lib/python3.7/site-packages/airflow/example_dags/example_trigger_target_dag.py
[2022-06-24 07:01:40,610] {processor.py:641} INFO - Processing file /home/airflow/.local/lib/python3.7/site-packages/airflow/example_dags/example_trigger_target_dag.py for tasks to queue
[2022-06-24 07:01:40,610] {logging_mixin.py:115} INFO - [2022-06-24 07:01:40,610] {dagbag.py:507} INFO - Filling up the DagBag from /home/airflow/.local/lib/python3.7/site-packages/airflow/example_dags/example_trigger_target_dag.py
[2022-06-24 07:01:40,628] {processor.py:651} INFO - DAG(s) dict_keys(['example_trigger_target_dag']) retrieved from /home/airflow/.local/lib/python3.7/site-packages/airflow/example_dags/example_trigger_target_dag.py
[2022-06-24 07:01:40,651] {logging_mixin.py:115} INFO - [2022-06-24 07:01:40,651] {dag.py:2379} INFO - Sync 1 DAGs
[2022-06-24 07:01:40,670] {logging_mixin.py:115} INFO - [2022-06-24 07:01:40,670] {dag.py:2931} INFO - Setting next_dagrun for example_trigger_target_dag to None, run_after=None
[2022-06-24 07:01:40,686] {processor.py:161} INFO - Processing /home/airflow/.local/lib/python3.7/site-packages/airflow/example_dags/example_trigger_target_dag.py took 0.081 seconds
[2022-06-24 07:02:10,932] {processor.py:153} INFO - Started process (PID=5917) to work on /home/airflow/.local/lib/python3.7/site-packages/airflow/example_dags/example_trigger_target_dag.py
[2022-06-24 07:02:10,934] {processor.py:641} INFO - Processing file /home/airflow/.local/lib/python3.7/site-packages/airflow/example_dags/example_trigger_target_dag.py for tasks to queue
[2022-06-24 07:02:10,935] {logging_mixin.py:115} INFO - [2022-06-24 07:02:10,935] {dagbag.py:507} INFO - Filling up the DagBag from /home/airflow/.local/lib/python3.7/site-packages/airflow/example_dags/example_trigger_target_dag.py
[2022-06-24 07:02:10,949] {processor.py:651} INFO - DAG(s) dict_keys(['example_trigger_target_dag']) retrieved from /home/airflow/.local/lib/python3.7/site-packages/airflow/example_dags/example_trigger_target_dag.py
[2022-06-24 07:02:10,973] {logging_mixin.py:115} INFO - [2022-06-24 07:02:10,973] {dag.py:2379} INFO - Sync 1 DAGs
[2022-06-24 07:02:10,987] {logging_mixin.py:115} INFO - [2022-06-24 07:02:10,987] {dag.py:2931} INFO - Setting next_dagrun for example_trigger_target_dag to None, run_after=None
[2022-06-24 07:02:11,002] {processor.py:161} INFO - Processing /home/airflow/.local/lib/python3.7/site-packages/airflow/example_dags/example_trigger_target_dag.py took 0.079 seconds
[2022-06-24 07:02:41,199] {processor.py:153} INFO - Started process (PID=5981) to work on /home/airflow/.local/lib/python3.7/site-packages/airflow/example_dags/example_trigger_target_dag.py
[2022-06-24 07:02:41,200] {processor.py:641} INFO - Processing file /home/airflow/.local/lib/python3.7/site-packages/airflow/example_dags/example_trigger_target_dag.py for tasks to queue
[2022-06-24 07:02:41,201] {logging_mixin.py:115} INFO - [2022-06-24 07:02:41,201] {dagbag.py:507} INFO - Filling up the DagBag from /home/airflow/.local/lib/python3.7/site-packages/airflow/example_dags/example_trigger_target_dag.py
[2022-06-24 07:02:41,216] {processor.py:651} INFO - DAG(s) dict_keys(['example_trigger_target_dag']) retrieved from /home/airflow/.local/lib/python3.7/site-packages/airflow/example_dags/example_trigger_target_dag.py
[2022-06-24 07:02:41,288] {logging_mixin.py:115} INFO - [2022-06-24 07:02:41,287] {dag.py:2379} INFO - Sync 1 DAGs
[2022-06-24 07:02:41,310] {logging_mixin.py:115} INFO - [2022-06-24 07:02:41,310] {dag.py:2931} INFO - Setting next_dagrun for example_trigger_target_dag to None, run_after=None
[2022-06-24 07:02:41,324] {processor.py:161} INFO - Processing /home/airflow/.local/lib/python3.7/site-packages/airflow/example_dags/example_trigger_target_dag.py took 0.128 seconds
[2022-06-24 07:03:11,470] {processor.py:153} INFO - Started process (PID=6045) to work on /home/airflow/.local/lib/python3.7/site-packages/airflow/example_dags/example_trigger_target_dag.py
[2022-06-24 07:03:11,471] {processor.py:641} INFO - Processing file /home/airflow/.local/lib/python3.7/site-packages/airflow/example_dags/example_trigger_target_dag.py for tasks to queue
[2022-06-24 07:03:11,471] {logging_mixin.py:115} INFO - [2022-06-24 07:03:11,471] {dagbag.py:507} INFO - Filling up the DagBag from /home/airflow/.local/lib/python3.7/site-packages/airflow/example_dags/example_trigger_target_dag.py
[2022-06-24 07:03:11,489] {processor.py:651} INFO - DAG(s) dict_keys(['example_trigger_target_dag']) retrieved from /home/airflow/.local/lib/python3.7/site-packages/airflow/example_dags/example_trigger_target_dag.py
[2022-06-24 07:03:11,510] {logging_mixin.py:115} INFO - [2022-06-24 07:03:11,510] {dag.py:2379} INFO - Sync 1 DAGs
[2022-06-24 07:03:11,526] {logging_mixin.py:115} INFO - [2022-06-24 07:03:11,526] {dag.py:2931} INFO - Setting next_dagrun for example_trigger_target_dag to None, run_after=None
[2022-06-24 07:03:11,540] {processor.py:161} INFO - Processing /home/airflow/.local/lib/python3.7/site-packages/airflow/example_dags/example_trigger_target_dag.py took 0.073 seconds
[2022-06-24 07:03:41,872] {processor.py:153} INFO - Started process (PID=6100) to work on /home/airflow/.local/lib/python3.7/site-packages/airflow/example_dags/example_trigger_target_dag.py
[2022-06-24 07:03:41,873] {processor.py:641} INFO - Processing file /home/airflow/.local/lib/python3.7/site-packages/airflow/example_dags/example_trigger_target_dag.py for tasks to queue
[2022-06-24 07:03:41,874] {logging_mixin.py:115} INFO - [2022-06-24 07:03:41,874] {dagbag.py:507} INFO - Filling up the DagBag from /home/airflow/.local/lib/python3.7/site-packages/airflow/example_dags/example_trigger_target_dag.py
[2022-06-24 07:03:41,889] {processor.py:651} INFO - DAG(s) dict_keys(['example_trigger_target_dag']) retrieved from /home/airflow/.local/lib/python3.7/site-packages/airflow/example_dags/example_trigger_target_dag.py
[2022-06-24 07:03:41,911] {logging_mixin.py:115} INFO - [2022-06-24 07:03:41,911] {dag.py:2379} INFO - Sync 1 DAGs
[2022-06-24 07:03:41,925] {logging_mixin.py:115} INFO - [2022-06-24 07:03:41,925] {dag.py:2931} INFO - Setting next_dagrun for example_trigger_target_dag to None, run_after=None
[2022-06-24 07:03:41,939] {processor.py:161} INFO - Processing /home/airflow/.local/lib/python3.7/site-packages/airflow/example_dags/example_trigger_target_dag.py took 0.071 seconds
[2022-06-24 07:04:12,186] {processor.py:153} INFO - Started process (PID=6164) to work on /home/airflow/.local/lib/python3.7/site-packages/airflow/example_dags/example_trigger_target_dag.py
[2022-06-24 07:04:12,186] {processor.py:641} INFO - Processing file /home/airflow/.local/lib/python3.7/site-packages/airflow/example_dags/example_trigger_target_dag.py for tasks to queue
[2022-06-24 07:04:12,187] {logging_mixin.py:115} INFO - [2022-06-24 07:04:12,187] {dagbag.py:507} INFO - Filling up the DagBag from /home/airflow/.local/lib/python3.7/site-packages/airflow/example_dags/example_trigger_target_dag.py
[2022-06-24 07:04:12,203] {processor.py:651} INFO - DAG(s) dict_keys(['example_trigger_target_dag']) retrieved from /home/airflow/.local/lib/python3.7/site-packages/airflow/example_dags/example_trigger_target_dag.py
[2022-06-24 07:04:12,252] {logging_mixin.py:115} INFO - [2022-06-24 07:04:12,252] {dag.py:2379} INFO - Sync 1 DAGs
[2022-06-24 07:04:12,276] {logging_mixin.py:115} INFO - [2022-06-24 07:04:12,276] {dag.py:2931} INFO - Setting next_dagrun for example_trigger_target_dag to None, run_after=None
[2022-06-24 07:04:12,293] {processor.py:161} INFO - Processing /home/airflow/.local/lib/python3.7/site-packages/airflow/example_dags/example_trigger_target_dag.py took 0.110 seconds
[2022-06-24 07:04:42,759] {processor.py:153} INFO - Started process (PID=6229) to work on /home/airflow/.local/lib/python3.7/site-packages/airflow/example_dags/example_trigger_target_dag.py
[2022-06-24 07:04:42,760] {processor.py:641} INFO - Processing file /home/airflow/.local/lib/python3.7/site-packages/airflow/example_dags/example_trigger_target_dag.py for tasks to queue
[2022-06-24 07:04:42,761] {logging_mixin.py:115} INFO - [2022-06-24 07:04:42,761] {dagbag.py:507} INFO - Filling up the DagBag from /home/airflow/.local/lib/python3.7/site-packages/airflow/example_dags/example_trigger_target_dag.py
[2022-06-24 07:04:42,776] {processor.py:651} INFO - DAG(s) dict_keys(['example_trigger_target_dag']) retrieved from /home/airflow/.local/lib/python3.7/site-packages/airflow/example_dags/example_trigger_target_dag.py
[2022-06-24 07:04:42,797] {logging_mixin.py:115} INFO - [2022-06-24 07:04:42,797] {dag.py:2379} INFO - Sync 1 DAGs
[2022-06-24 07:04:42,811] {logging_mixin.py:115} INFO - [2022-06-24 07:04:42,811] {dag.py:2931} INFO - Setting next_dagrun for example_trigger_target_dag to None, run_after=None
[2022-06-24 07:04:42,826] {processor.py:161} INFO - Processing /home/airflow/.local/lib/python3.7/site-packages/airflow/example_dags/example_trigger_target_dag.py took 0.070 seconds
[2022-06-24 07:05:13,289] {processor.py:153} INFO - Started process (PID=6284) to work on /home/airflow/.local/lib/python3.7/site-packages/airflow/example_dags/example_trigger_target_dag.py
[2022-06-24 07:05:13,291] {processor.py:641} INFO - Processing file /home/airflow/.local/lib/python3.7/site-packages/airflow/example_dags/example_trigger_target_dag.py for tasks to queue
[2022-06-24 07:05:13,292] {logging_mixin.py:115} INFO - [2022-06-24 07:05:13,292] {dagbag.py:507} INFO - Filling up the DagBag from /home/airflow/.local/lib/python3.7/site-packages/airflow/example_dags/example_trigger_target_dag.py
[2022-06-24 07:05:13,306] {processor.py:651} INFO - DAG(s) dict_keys(['example_trigger_target_dag']) retrieved from /home/airflow/.local/lib/python3.7/site-packages/airflow/example_dags/example_trigger_target_dag.py
[2022-06-24 07:05:13,329] {logging_mixin.py:115} INFO - [2022-06-24 07:05:13,329] {dag.py:2379} INFO - Sync 1 DAGs
[2022-06-24 07:05:13,345] {logging_mixin.py:115} INFO - [2022-06-24 07:05:13,345] {dag.py:2931} INFO - Setting next_dagrun for example_trigger_target_dag to None, run_after=None
[2022-06-24 07:05:13,359] {processor.py:161} INFO - Processing /home/airflow/.local/lib/python3.7/site-packages/airflow/example_dags/example_trigger_target_dag.py took 0.073 seconds
[2022-06-24 07:05:43,530] {processor.py:153} INFO - Started process (PID=6348) to work on /home/airflow/.local/lib/python3.7/site-packages/airflow/example_dags/example_trigger_target_dag.py
[2022-06-24 07:05:43,531] {processor.py:641} INFO - Processing file /home/airflow/.local/lib/python3.7/site-packages/airflow/example_dags/example_trigger_target_dag.py for tasks to queue
[2022-06-24 07:05:43,531] {logging_mixin.py:115} INFO - [2022-06-24 07:05:43,531] {dagbag.py:507} INFO - Filling up the DagBag from /home/airflow/.local/lib/python3.7/site-packages/airflow/example_dags/example_trigger_target_dag.py
[2022-06-24 07:05:43,546] {processor.py:651} INFO - DAG(s) dict_keys(['example_trigger_target_dag']) retrieved from /home/airflow/.local/lib/python3.7/site-packages/airflow/example_dags/example_trigger_target_dag.py
[2022-06-24 07:05:43,566] {logging_mixin.py:115} INFO - [2022-06-24 07:05:43,566] {dag.py:2379} INFO - Sync 1 DAGs
[2022-06-24 07:05:43,584] {logging_mixin.py:115} INFO - [2022-06-24 07:05:43,584] {dag.py:2931} INFO - Setting next_dagrun for example_trigger_target_dag to None, run_after=None
[2022-06-24 07:05:43,596] {processor.py:161} INFO - Processing /home/airflow/.local/lib/python3.7/site-packages/airflow/example_dags/example_trigger_target_dag.py took 0.070 seconds
[2022-06-24 07:06:13,781] {processor.py:153} INFO - Started process (PID=6412) to work on /home/airflow/.local/lib/python3.7/site-packages/airflow/example_dags/example_trigger_target_dag.py
[2022-06-24 07:06:13,782] {processor.py:641} INFO - Processing file /home/airflow/.local/lib/python3.7/site-packages/airflow/example_dags/example_trigger_target_dag.py for tasks to queue
[2022-06-24 07:06:13,783] {logging_mixin.py:115} INFO - [2022-06-24 07:06:13,783] {dagbag.py:507} INFO - Filling up the DagBag from /home/airflow/.local/lib/python3.7/site-packages/airflow/example_dags/example_trigger_target_dag.py
[2022-06-24 07:06:13,798] {processor.py:651} INFO - DAG(s) dict_keys(['example_trigger_target_dag']) retrieved from /home/airflow/.local/lib/python3.7/site-packages/airflow/example_dags/example_trigger_target_dag.py
[2022-06-24 07:06:13,820] {logging_mixin.py:115} INFO - [2022-06-24 07:06:13,820] {dag.py:2379} INFO - Sync 1 DAGs
[2022-06-24 07:06:13,834] {logging_mixin.py:115} INFO - [2022-06-24 07:06:13,834] {dag.py:2931} INFO - Setting next_dagrun for example_trigger_target_dag to None, run_after=None
[2022-06-24 07:06:13,847] {processor.py:161} INFO - Processing /home/airflow/.local/lib/python3.7/site-packages/airflow/example_dags/example_trigger_target_dag.py took 0.069 seconds
[2022-06-24 07:06:44,194] {processor.py:153} INFO - Started process (PID=6476) to work on /home/airflow/.local/lib/python3.7/site-packages/airflow/example_dags/example_trigger_target_dag.py
[2022-06-24 07:06:44,195] {processor.py:641} INFO - Processing file /home/airflow/.local/lib/python3.7/site-packages/airflow/example_dags/example_trigger_target_dag.py for tasks to queue
[2022-06-24 07:06:44,196] {logging_mixin.py:115} INFO - [2022-06-24 07:06:44,196] {dagbag.py:507} INFO - Filling up the DagBag from /home/airflow/.local/lib/python3.7/site-packages/airflow/example_dags/example_trigger_target_dag.py
[2022-06-24 07:06:44,213] {processor.py:651} INFO - DAG(s) dict_keys(['example_trigger_target_dag']) retrieved from /home/airflow/.local/lib/python3.7/site-packages/airflow/example_dags/example_trigger_target_dag.py
[2022-06-24 07:06:44,238] {logging_mixin.py:115} INFO - [2022-06-24 07:06:44,238] {dag.py:2379} INFO - Sync 1 DAGs
[2022-06-24 07:06:44,260] {logging_mixin.py:115} INFO - [2022-06-24 07:06:44,260] {dag.py:2931} INFO - Setting next_dagrun for example_trigger_target_dag to None, run_after=None
[2022-06-24 07:06:44,280] {processor.py:161} INFO - Processing /home/airflow/.local/lib/python3.7/site-packages/airflow/example_dags/example_trigger_target_dag.py took 0.089 seconds
[2022-06-24 07:07:14,511] {processor.py:153} INFO - Started process (PID=6531) to work on /home/airflow/.local/lib/python3.7/site-packages/airflow/example_dags/example_trigger_target_dag.py
[2022-06-24 07:07:14,512] {processor.py:641} INFO - Processing file /home/airflow/.local/lib/python3.7/site-packages/airflow/example_dags/example_trigger_target_dag.py for tasks to queue
[2022-06-24 07:07:14,513] {logging_mixin.py:115} INFO - [2022-06-24 07:07:14,513] {dagbag.py:507} INFO - Filling up the DagBag from /home/airflow/.local/lib/python3.7/site-packages/airflow/example_dags/example_trigger_target_dag.py
[2022-06-24 07:07:14,530] {processor.py:651} INFO - DAG(s) dict_keys(['example_trigger_target_dag']) retrieved from /home/airflow/.local/lib/python3.7/site-packages/airflow/example_dags/example_trigger_target_dag.py
[2022-06-24 07:07:14,552] {logging_mixin.py:115} INFO - [2022-06-24 07:07:14,552] {dag.py:2379} INFO - Sync 1 DAGs
[2022-06-24 07:07:14,569] {logging_mixin.py:115} INFO - [2022-06-24 07:07:14,569] {dag.py:2931} INFO - Setting next_dagrun for example_trigger_target_dag to None, run_after=None
[2022-06-24 07:07:14,582] {processor.py:161} INFO - Processing /home/airflow/.local/lib/python3.7/site-packages/airflow/example_dags/example_trigger_target_dag.py took 0.074 seconds
[2022-06-24 07:07:44,876] {processor.py:153} INFO - Started process (PID=6595) to work on /home/airflow/.local/lib/python3.7/site-packages/airflow/example_dags/example_trigger_target_dag.py
[2022-06-24 07:07:44,877] {processor.py:641} INFO - Processing file /home/airflow/.local/lib/python3.7/site-packages/airflow/example_dags/example_trigger_target_dag.py for tasks to queue
[2022-06-24 07:07:44,878] {logging_mixin.py:115} INFO - [2022-06-24 07:07:44,878] {dagbag.py:507} INFO - Filling up the DagBag from /home/airflow/.local/lib/python3.7/site-packages/airflow/example_dags/example_trigger_target_dag.py
[2022-06-24 07:07:44,895] {processor.py:651} INFO - DAG(s) dict_keys(['example_trigger_target_dag']) retrieved from /home/airflow/.local/lib/python3.7/site-packages/airflow/example_dags/example_trigger_target_dag.py
[2022-06-24 07:07:44,921] {logging_mixin.py:115} INFO - [2022-06-24 07:07:44,920] {dag.py:2379} INFO - Sync 1 DAGs
[2022-06-24 07:07:44,936] {logging_mixin.py:115} INFO - [2022-06-24 07:07:44,936] {dag.py:2931} INFO - Setting next_dagrun for example_trigger_target_dag to None, run_after=None
[2022-06-24 07:07:44,947] {processor.py:161} INFO - Processing /home/airflow/.local/lib/python3.7/site-packages/airflow/example_dags/example_trigger_target_dag.py took 0.075 seconds
[2022-06-24 07:08:15,411] {processor.py:153} INFO - Started process (PID=6659) to work on /home/airflow/.local/lib/python3.7/site-packages/airflow/example_dags/example_trigger_target_dag.py
[2022-06-24 07:08:15,412] {processor.py:641} INFO - Processing file /home/airflow/.local/lib/python3.7/site-packages/airflow/example_dags/example_trigger_target_dag.py for tasks to queue
[2022-06-24 07:08:15,413] {logging_mixin.py:115} INFO - [2022-06-24 07:08:15,413] {dagbag.py:507} INFO - Filling up the DagBag from /home/airflow/.local/lib/python3.7/site-packages/airflow/example_dags/example_trigger_target_dag.py
[2022-06-24 07:08:15,428] {processor.py:651} INFO - DAG(s) dict_keys(['example_trigger_target_dag']) retrieved from /home/airflow/.local/lib/python3.7/site-packages/airflow/example_dags/example_trigger_target_dag.py
[2022-06-24 07:08:15,452] {logging_mixin.py:115} INFO - [2022-06-24 07:08:15,452] {dag.py:2379} INFO - Sync 1 DAGs
[2022-06-24 07:08:15,468] {logging_mixin.py:115} INFO - [2022-06-24 07:08:15,468] {dag.py:2931} INFO - Setting next_dagrun for example_trigger_target_dag to None, run_after=None
[2022-06-24 07:08:15,484] {processor.py:161} INFO - Processing /home/airflow/.local/lib/python3.7/site-packages/airflow/example_dags/example_trigger_target_dag.py took 0.076 seconds
[2022-06-24 07:08:45,953] {processor.py:153} INFO - Started process (PID=6714) to work on /home/airflow/.local/lib/python3.7/site-packages/airflow/example_dags/example_trigger_target_dag.py
[2022-06-24 07:08:45,954] {processor.py:641} INFO - Processing file /home/airflow/.local/lib/python3.7/site-packages/airflow/example_dags/example_trigger_target_dag.py for tasks to queue
[2022-06-24 07:08:45,955] {logging_mixin.py:115} INFO - [2022-06-24 07:08:45,955] {dagbag.py:507} INFO - Filling up the DagBag from /home/airflow/.local/lib/python3.7/site-packages/airflow/example_dags/example_trigger_target_dag.py
[2022-06-24 07:08:45,972] {processor.py:651} INFO - DAG(s) dict_keys(['example_trigger_target_dag']) retrieved from /home/airflow/.local/lib/python3.7/site-packages/airflow/example_dags/example_trigger_target_dag.py
[2022-06-24 07:08:45,995] {logging_mixin.py:115} INFO - [2022-06-24 07:08:45,995] {dag.py:2379} INFO - Sync 1 DAGs
[2022-06-24 07:08:46,010] {logging_mixin.py:115} INFO - [2022-06-24 07:08:46,010] {dag.py:2931} INFO - Setting next_dagrun for example_trigger_target_dag to None, run_after=None
[2022-06-24 07:08:46,023] {processor.py:161} INFO - Processing /home/airflow/.local/lib/python3.7/site-packages/airflow/example_dags/example_trigger_target_dag.py took 0.074 seconds
[2022-06-24 07:09:16,437] {processor.py:153} INFO - Started process (PID=6778) to work on /home/airflow/.local/lib/python3.7/site-packages/airflow/example_dags/example_trigger_target_dag.py
[2022-06-24 07:09:16,439] {processor.py:641} INFO - Processing file /home/airflow/.local/lib/python3.7/site-packages/airflow/example_dags/example_trigger_target_dag.py for tasks to queue
[2022-06-24 07:09:16,439] {logging_mixin.py:115} INFO - [2022-06-24 07:09:16,439] {dagbag.py:507} INFO - Filling up the DagBag from /home/airflow/.local/lib/python3.7/site-packages/airflow/example_dags/example_trigger_target_dag.py
[2022-06-24 07:09:16,455] {processor.py:651} INFO - DAG(s) dict_keys(['example_trigger_target_dag']) retrieved from /home/airflow/.local/lib/python3.7/site-packages/airflow/example_dags/example_trigger_target_dag.py
[2022-06-24 07:09:16,476] {logging_mixin.py:115} INFO - [2022-06-24 07:09:16,476] {dag.py:2379} INFO - Sync 1 DAGs
[2022-06-24 07:09:16,492] {logging_mixin.py:115} INFO - [2022-06-24 07:09:16,491] {dag.py:2931} INFO - Setting next_dagrun for example_trigger_target_dag to None, run_after=None
[2022-06-24 07:09:16,505] {processor.py:161} INFO - Processing /home/airflow/.local/lib/python3.7/site-packages/airflow/example_dags/example_trigger_target_dag.py took 0.071 seconds
[2022-06-24 07:09:47,020] {processor.py:153} INFO - Started process (PID=6842) to work on /home/airflow/.local/lib/python3.7/site-packages/airflow/example_dags/example_trigger_target_dag.py
[2022-06-24 07:09:47,021] {processor.py:641} INFO - Processing file /home/airflow/.local/lib/python3.7/site-packages/airflow/example_dags/example_trigger_target_dag.py for tasks to queue
[2022-06-24 07:09:47,022] {logging_mixin.py:115} INFO - [2022-06-24 07:09:47,022] {dagbag.py:507} INFO - Filling up the DagBag from /home/airflow/.local/lib/python3.7/site-packages/airflow/example_dags/example_trigger_target_dag.py
[2022-06-24 07:09:47,037] {processor.py:651} INFO - DAG(s) dict_keys(['example_trigger_target_dag']) retrieved from /home/airflow/.local/lib/python3.7/site-packages/airflow/example_dags/example_trigger_target_dag.py
[2022-06-24 07:09:47,059] {logging_mixin.py:115} INFO - [2022-06-24 07:09:47,058] {dag.py:2379} INFO - Sync 1 DAGs
[2022-06-24 07:09:47,072] {logging_mixin.py:115} INFO - [2022-06-24 07:09:47,072] {dag.py:2931} INFO - Setting next_dagrun for example_trigger_target_dag to None, run_after=None
[2022-06-24 07:09:47,085] {processor.py:161} INFO - Processing /home/airflow/.local/lib/python3.7/site-packages/airflow/example_dags/example_trigger_target_dag.py took 0.068 seconds
[2022-06-24 07:10:17,431] {processor.py:153} INFO - Started process (PID=6906) to work on /home/airflow/.local/lib/python3.7/site-packages/airflow/example_dags/example_trigger_target_dag.py
[2022-06-24 07:10:17,432] {processor.py:641} INFO - Processing file /home/airflow/.local/lib/python3.7/site-packages/airflow/example_dags/example_trigger_target_dag.py for tasks to queue
[2022-06-24 07:10:17,433] {logging_mixin.py:115} INFO - [2022-06-24 07:10:17,433] {dagbag.py:507} INFO - Filling up the DagBag from /home/airflow/.local/lib/python3.7/site-packages/airflow/example_dags/example_trigger_target_dag.py
[2022-06-24 07:10:17,471] {processor.py:651} INFO - DAG(s) dict_keys(['example_trigger_target_dag']) retrieved from /home/airflow/.local/lib/python3.7/site-packages/airflow/example_dags/example_trigger_target_dag.py
[2022-06-24 07:10:17,496] {logging_mixin.py:115} INFO - [2022-06-24 07:10:17,496] {dag.py:2379} INFO - Sync 1 DAGs
[2022-06-24 07:10:17,514] {logging_mixin.py:115} INFO - [2022-06-24 07:10:17,514] {dag.py:2931} INFO - Setting next_dagrun for example_trigger_target_dag to None, run_after=None
[2022-06-24 07:10:17,528] {processor.py:161} INFO - Processing /home/airflow/.local/lib/python3.7/site-packages/airflow/example_dags/example_trigger_target_dag.py took 0.102 seconds
[2022-06-24 07:10:47,916] {processor.py:153} INFO - Started process (PID=6961) to work on /home/airflow/.local/lib/python3.7/site-packages/airflow/example_dags/example_trigger_target_dag.py
[2022-06-24 07:10:47,917] {processor.py:641} INFO - Processing file /home/airflow/.local/lib/python3.7/site-packages/airflow/example_dags/example_trigger_target_dag.py for tasks to queue
[2022-06-24 07:10:47,918] {logging_mixin.py:115} INFO - [2022-06-24 07:10:47,918] {dagbag.py:507} INFO - Filling up the DagBag from /home/airflow/.local/lib/python3.7/site-packages/airflow/example_dags/example_trigger_target_dag.py
[2022-06-24 07:10:47,933] {processor.py:651} INFO - DAG(s) dict_keys(['example_trigger_target_dag']) retrieved from /home/airflow/.local/lib/python3.7/site-packages/airflow/example_dags/example_trigger_target_dag.py
[2022-06-24 07:10:47,959] {logging_mixin.py:115} INFO - [2022-06-24 07:10:47,959] {dag.py:2379} INFO - Sync 1 DAGs
[2022-06-24 07:10:47,978] {logging_mixin.py:115} INFO - [2022-06-24 07:10:47,977] {dag.py:2931} INFO - Setting next_dagrun for example_trigger_target_dag to None, run_after=None
[2022-06-24 07:10:47,989] {processor.py:161} INFO - Processing /home/airflow/.local/lib/python3.7/site-packages/airflow/example_dags/example_trigger_target_dag.py took 0.076 seconds
[2022-06-24 07:11:18,091] {processor.py:153} INFO - Started process (PID=7025) to work on /home/airflow/.local/lib/python3.7/site-packages/airflow/example_dags/example_trigger_target_dag.py
[2022-06-24 07:11:18,092] {processor.py:641} INFO - Processing file /home/airflow/.local/lib/python3.7/site-packages/airflow/example_dags/example_trigger_target_dag.py for tasks to queue
[2022-06-24 07:11:18,093] {logging_mixin.py:115} INFO - [2022-06-24 07:11:18,093] {dagbag.py:507} INFO - Filling up the DagBag from /home/airflow/.local/lib/python3.7/site-packages/airflow/example_dags/example_trigger_target_dag.py
[2022-06-24 07:11:18,109] {processor.py:651} INFO - DAG(s) dict_keys(['example_trigger_target_dag']) retrieved from /home/airflow/.local/lib/python3.7/site-packages/airflow/example_dags/example_trigger_target_dag.py
[2022-06-24 07:11:18,128] {logging_mixin.py:115} INFO - [2022-06-24 07:11:18,128] {dag.py:2379} INFO - Sync 1 DAGs
[2022-06-24 07:11:18,143] {logging_mixin.py:115} INFO - [2022-06-24 07:11:18,143] {dag.py:2931} INFO - Setting next_dagrun for example_trigger_target_dag to None, run_after=None
[2022-06-24 07:11:18,157] {processor.py:161} INFO - Processing /home/airflow/.local/lib/python3.7/site-packages/airflow/example_dags/example_trigger_target_dag.py took 0.069 seconds
[2022-06-24 07:11:48,624] {processor.py:153} INFO - Started process (PID=7090) to work on /home/airflow/.local/lib/python3.7/site-packages/airflow/example_dags/example_trigger_target_dag.py
[2022-06-24 07:11:48,625] {processor.py:641} INFO - Processing file /home/airflow/.local/lib/python3.7/site-packages/airflow/example_dags/example_trigger_target_dag.py for tasks to queue
[2022-06-24 07:11:48,625] {logging_mixin.py:115} INFO - [2022-06-24 07:11:48,625] {dagbag.py:507} INFO - Filling up the DagBag from /home/airflow/.local/lib/python3.7/site-packages/airflow/example_dags/example_trigger_target_dag.py
[2022-06-24 07:11:48,646] {processor.py:651} INFO - DAG(s) dict_keys(['example_trigger_target_dag']) retrieved from /home/airflow/.local/lib/python3.7/site-packages/airflow/example_dags/example_trigger_target_dag.py
[2022-06-24 07:11:48,665] {logging_mixin.py:115} INFO - [2022-06-24 07:11:48,665] {dag.py:2379} INFO - Sync 1 DAGs
[2022-06-24 07:11:48,685] {logging_mixin.py:115} INFO - [2022-06-24 07:11:48,684] {dag.py:2931} INFO - Setting next_dagrun for example_trigger_target_dag to None, run_after=None
[2022-06-24 07:11:48,700] {processor.py:161} INFO - Processing /home/airflow/.local/lib/python3.7/site-packages/airflow/example_dags/example_trigger_target_dag.py took 0.081 seconds
[2022-06-24 07:12:19,744] {processor.py:153} INFO - Started process (PID=7154) to work on /home/airflow/.local/lib/python3.7/site-packages/airflow/example_dags/example_trigger_target_dag.py
[2022-06-24 07:12:19,745] {processor.py:641} INFO - Processing file /home/airflow/.local/lib/python3.7/site-packages/airflow/example_dags/example_trigger_target_dag.py for tasks to queue
[2022-06-24 07:12:19,747] {logging_mixin.py:115} INFO - [2022-06-24 07:12:19,746] {dagbag.py:507} INFO - Filling up the DagBag from /home/airflow/.local/lib/python3.7/site-packages/airflow/example_dags/example_trigger_target_dag.py
[2022-06-24 07:12:19,765] {processor.py:651} INFO - DAG(s) dict_keys(['example_trigger_target_dag']) retrieved from /home/airflow/.local/lib/python3.7/site-packages/airflow/example_dags/example_trigger_target_dag.py
[2022-06-24 07:12:19,789] {logging_mixin.py:115} INFO - [2022-06-24 07:12:19,789] {dag.py:2379} INFO - Sync 1 DAGs
[2022-06-24 07:12:19,807] {logging_mixin.py:115} INFO - [2022-06-24 07:12:19,807] {dag.py:2931} INFO - Setting next_dagrun for example_trigger_target_dag to None, run_after=None
[2022-06-24 07:12:19,822] {processor.py:161} INFO - Processing /home/airflow/.local/lib/python3.7/site-packages/airflow/example_dags/example_trigger_target_dag.py took 0.081 seconds
[2022-06-24 07:12:50,031] {processor.py:153} INFO - Started process (PID=7209) to work on /home/airflow/.local/lib/python3.7/site-packages/airflow/example_dags/example_trigger_target_dag.py
[2022-06-24 07:12:50,032] {processor.py:641} INFO - Processing file /home/airflow/.local/lib/python3.7/site-packages/airflow/example_dags/example_trigger_target_dag.py for tasks to queue
[2022-06-24 07:12:50,033] {logging_mixin.py:115} INFO - [2022-06-24 07:12:50,033] {dagbag.py:507} INFO - Filling up the DagBag from /home/airflow/.local/lib/python3.7/site-packages/airflow/example_dags/example_trigger_target_dag.py
[2022-06-24 07:12:50,048] {processor.py:651} INFO - DAG(s) dict_keys(['example_trigger_target_dag']) retrieved from /home/airflow/.local/lib/python3.7/site-packages/airflow/example_dags/example_trigger_target_dag.py
[2022-06-24 07:12:50,070] {logging_mixin.py:115} INFO - [2022-06-24 07:12:50,070] {dag.py:2379} INFO - Sync 1 DAGs
[2022-06-24 07:12:50,086] {logging_mixin.py:115} INFO - [2022-06-24 07:12:50,086] {dag.py:2931} INFO - Setting next_dagrun for example_trigger_target_dag to None, run_after=None
[2022-06-24 07:12:50,099] {processor.py:161} INFO - Processing /home/airflow/.local/lib/python3.7/site-packages/airflow/example_dags/example_trigger_target_dag.py took 0.071 seconds
[2022-06-24 07:13:20,294] {processor.py:153} INFO - Started process (PID=7273) to work on /home/airflow/.local/lib/python3.7/site-packages/airflow/example_dags/example_trigger_target_dag.py
[2022-06-24 07:13:20,295] {processor.py:641} INFO - Processing file /home/airflow/.local/lib/python3.7/site-packages/airflow/example_dags/example_trigger_target_dag.py for tasks to queue
[2022-06-24 07:13:20,296] {logging_mixin.py:115} INFO - [2022-06-24 07:13:20,296] {dagbag.py:507} INFO - Filling up the DagBag from /home/airflow/.local/lib/python3.7/site-packages/airflow/example_dags/example_trigger_target_dag.py
[2022-06-24 07:13:20,313] {processor.py:651} INFO - DAG(s) dict_keys(['example_trigger_target_dag']) retrieved from /home/airflow/.local/lib/python3.7/site-packages/airflow/example_dags/example_trigger_target_dag.py
[2022-06-24 07:13:20,338] {logging_mixin.py:115} INFO - [2022-06-24 07:13:20,338] {dag.py:2379} INFO - Sync 1 DAGs
[2022-06-24 07:13:20,354] {logging_mixin.py:115} INFO - [2022-06-24 07:13:20,354] {dag.py:2931} INFO - Setting next_dagrun for example_trigger_target_dag to None, run_after=None
[2022-06-24 07:13:20,370] {processor.py:161} INFO - Processing /home/airflow/.local/lib/python3.7/site-packages/airflow/example_dags/example_trigger_target_dag.py took 0.079 seconds
[2022-06-24 07:13:50,981] {processor.py:153} INFO - Started process (PID=7337) to work on /home/airflow/.local/lib/python3.7/site-packages/airflow/example_dags/example_trigger_target_dag.py
[2022-06-24 07:13:50,982] {processor.py:641} INFO - Processing file /home/airflow/.local/lib/python3.7/site-packages/airflow/example_dags/example_trigger_target_dag.py for tasks to queue
[2022-06-24 07:13:50,983] {logging_mixin.py:115} INFO - [2022-06-24 07:13:50,983] {dagbag.py:507} INFO - Filling up the DagBag from /home/airflow/.local/lib/python3.7/site-packages/airflow/example_dags/example_trigger_target_dag.py
[2022-06-24 07:13:51,002] {processor.py:651} INFO - DAG(s) dict_keys(['example_trigger_target_dag']) retrieved from /home/airflow/.local/lib/python3.7/site-packages/airflow/example_dags/example_trigger_target_dag.py
[2022-06-24 07:13:51,028] {logging_mixin.py:115} INFO - [2022-06-24 07:13:51,028] {dag.py:2379} INFO - Sync 1 DAGs
[2022-06-24 07:13:51,045] {logging_mixin.py:115} INFO - [2022-06-24 07:13:51,045] {dag.py:2931} INFO - Setting next_dagrun for example_trigger_target_dag to None, run_after=None
[2022-06-24 07:13:51,063] {processor.py:161} INFO - Processing /home/airflow/.local/lib/python3.7/site-packages/airflow/example_dags/example_trigger_target_dag.py took 0.085 seconds
[2022-06-24 07:14:21,585] {processor.py:153} INFO - Started process (PID=7392) to work on /home/airflow/.local/lib/python3.7/site-packages/airflow/example_dags/example_trigger_target_dag.py
[2022-06-24 07:14:21,586] {processor.py:641} INFO - Processing file /home/airflow/.local/lib/python3.7/site-packages/airflow/example_dags/example_trigger_target_dag.py for tasks to queue
[2022-06-24 07:14:21,587] {logging_mixin.py:115} INFO - [2022-06-24 07:14:21,587] {dagbag.py:507} INFO - Filling up the DagBag from /home/airflow/.local/lib/python3.7/site-packages/airflow/example_dags/example_trigger_target_dag.py
[2022-06-24 07:14:21,603] {processor.py:651} INFO - DAG(s) dict_keys(['example_trigger_target_dag']) retrieved from /home/airflow/.local/lib/python3.7/site-packages/airflow/example_dags/example_trigger_target_dag.py
[2022-06-24 07:14:21,625] {logging_mixin.py:115} INFO - [2022-06-24 07:14:21,625] {dag.py:2379} INFO - Sync 1 DAGs
[2022-06-24 07:14:21,639] {logging_mixin.py:115} INFO - [2022-06-24 07:14:21,639] {dag.py:2931} INFO - Setting next_dagrun for example_trigger_target_dag to None, run_after=None
[2022-06-24 07:14:21,652] {processor.py:161} INFO - Processing /home/airflow/.local/lib/python3.7/site-packages/airflow/example_dags/example_trigger_target_dag.py took 0.070 seconds
[2022-06-24 07:14:52,121] {processor.py:153} INFO - Started process (PID=7456) to work on /home/airflow/.local/lib/python3.7/site-packages/airflow/example_dags/example_trigger_target_dag.py
[2022-06-24 07:14:52,122] {processor.py:641} INFO - Processing file /home/airflow/.local/lib/python3.7/site-packages/airflow/example_dags/example_trigger_target_dag.py for tasks to queue
[2022-06-24 07:14:52,122] {logging_mixin.py:115} INFO - [2022-06-24 07:14:52,122] {dagbag.py:507} INFO - Filling up the DagBag from /home/airflow/.local/lib/python3.7/site-packages/airflow/example_dags/example_trigger_target_dag.py
[2022-06-24 07:14:52,146] {processor.py:651} INFO - DAG(s) dict_keys(['example_trigger_target_dag']) retrieved from /home/airflow/.local/lib/python3.7/site-packages/airflow/example_dags/example_trigger_target_dag.py
[2022-06-24 07:14:52,171] {logging_mixin.py:115} INFO - [2022-06-24 07:14:52,171] {dag.py:2379} INFO - Sync 1 DAGs
[2022-06-24 07:14:52,190] {logging_mixin.py:115} INFO - [2022-06-24 07:14:52,190] {dag.py:2931} INFO - Setting next_dagrun for example_trigger_target_dag to None, run_after=None
[2022-06-24 07:14:52,207] {processor.py:161} INFO - Processing /home/airflow/.local/lib/python3.7/site-packages/airflow/example_dags/example_trigger_target_dag.py took 0.090 seconds
[2022-06-24 07:15:22,465] {processor.py:153} INFO - Started process (PID=7521) to work on /home/airflow/.local/lib/python3.7/site-packages/airflow/example_dags/example_trigger_target_dag.py
[2022-06-24 07:15:22,466] {processor.py:641} INFO - Processing file /home/airflow/.local/lib/python3.7/site-packages/airflow/example_dags/example_trigger_target_dag.py for tasks to queue
[2022-06-24 07:15:22,467] {logging_mixin.py:115} INFO - [2022-06-24 07:15:22,467] {dagbag.py:507} INFO - Filling up the DagBag from /home/airflow/.local/lib/python3.7/site-packages/airflow/example_dags/example_trigger_target_dag.py
[2022-06-24 07:15:22,484] {processor.py:651} INFO - DAG(s) dict_keys(['example_trigger_target_dag']) retrieved from /home/airflow/.local/lib/python3.7/site-packages/airflow/example_dags/example_trigger_target_dag.py
[2022-06-24 07:15:22,505] {logging_mixin.py:115} INFO - [2022-06-24 07:15:22,505] {dag.py:2379} INFO - Sync 1 DAGs
[2022-06-24 07:15:22,520] {logging_mixin.py:115} INFO - [2022-06-24 07:15:22,520] {dag.py:2931} INFO - Setting next_dagrun for example_trigger_target_dag to None, run_after=None
[2022-06-24 07:15:22,533] {processor.py:161} INFO - Processing /home/airflow/.local/lib/python3.7/site-packages/airflow/example_dags/example_trigger_target_dag.py took 0.072 seconds
[2022-06-24 07:15:52,990] {processor.py:153} INFO - Started process (PID=7585) to work on /home/airflow/.local/lib/python3.7/site-packages/airflow/example_dags/example_trigger_target_dag.py
[2022-06-24 07:15:52,991] {processor.py:641} INFO - Processing file /home/airflow/.local/lib/python3.7/site-packages/airflow/example_dags/example_trigger_target_dag.py for tasks to queue
[2022-06-24 07:15:52,992] {logging_mixin.py:115} INFO - [2022-06-24 07:15:52,992] {dagbag.py:507} INFO - Filling up the DagBag from /home/airflow/.local/lib/python3.7/site-packages/airflow/example_dags/example_trigger_target_dag.py
[2022-06-24 07:15:53,010] {processor.py:651} INFO - DAG(s) dict_keys(['example_trigger_target_dag']) retrieved from /home/airflow/.local/lib/python3.7/site-packages/airflow/example_dags/example_trigger_target_dag.py
[2022-06-24 07:15:53,038] {logging_mixin.py:115} INFO - [2022-06-24 07:15:53,038] {dag.py:2379} INFO - Sync 1 DAGs
[2022-06-24 07:15:53,057] {logging_mixin.py:115} INFO - [2022-06-24 07:15:53,057] {dag.py:2931} INFO - Setting next_dagrun for example_trigger_target_dag to None, run_after=None
[2022-06-24 07:15:53,072] {processor.py:161} INFO - Processing /home/airflow/.local/lib/python3.7/site-packages/airflow/example_dags/example_trigger_target_dag.py took 0.087 seconds
[2022-06-24 07:16:23,399] {processor.py:153} INFO - Started process (PID=7640) to work on /home/airflow/.local/lib/python3.7/site-packages/airflow/example_dags/example_trigger_target_dag.py
[2022-06-24 07:16:23,400] {processor.py:641} INFO - Processing file /home/airflow/.local/lib/python3.7/site-packages/airflow/example_dags/example_trigger_target_dag.py for tasks to queue
[2022-06-24 07:16:23,401] {logging_mixin.py:115} INFO - [2022-06-24 07:16:23,401] {dagbag.py:507} INFO - Filling up the DagBag from /home/airflow/.local/lib/python3.7/site-packages/airflow/example_dags/example_trigger_target_dag.py
[2022-06-24 07:16:23,425] {processor.py:651} INFO - DAG(s) dict_keys(['example_trigger_target_dag']) retrieved from /home/airflow/.local/lib/python3.7/site-packages/airflow/example_dags/example_trigger_target_dag.py
[2022-06-24 07:16:23,451] {logging_mixin.py:115} INFO - [2022-06-24 07:16:23,451] {dag.py:2379} INFO - Sync 1 DAGs
[2022-06-24 07:16:23,470] {logging_mixin.py:115} INFO - [2022-06-24 07:16:23,470] {dag.py:2931} INFO - Setting next_dagrun for example_trigger_target_dag to None, run_after=None
[2022-06-24 07:16:23,483] {processor.py:161} INFO - Processing /home/airflow/.local/lib/python3.7/site-packages/airflow/example_dags/example_trigger_target_dag.py took 0.088 seconds
[2022-06-24 07:16:54,010] {processor.py:153} INFO - Started process (PID=7704) to work on /home/airflow/.local/lib/python3.7/site-packages/airflow/example_dags/example_trigger_target_dag.py
[2022-06-24 07:16:54,011] {processor.py:641} INFO - Processing file /home/airflow/.local/lib/python3.7/site-packages/airflow/example_dags/example_trigger_target_dag.py for tasks to queue
[2022-06-24 07:16:54,012] {logging_mixin.py:115} INFO - [2022-06-24 07:16:54,012] {dagbag.py:507} INFO - Filling up the DagBag from /home/airflow/.local/lib/python3.7/site-packages/airflow/example_dags/example_trigger_target_dag.py
[2022-06-24 07:16:54,033] {processor.py:651} INFO - DAG(s) dict_keys(['example_trigger_target_dag']) retrieved from /home/airflow/.local/lib/python3.7/site-packages/airflow/example_dags/example_trigger_target_dag.py
[2022-06-24 07:16:54,073] {logging_mixin.py:115} INFO - [2022-06-24 07:16:54,073] {dag.py:2379} INFO - Sync 1 DAGs
[2022-06-24 07:16:54,094] {logging_mixin.py:115} INFO - [2022-06-24 07:16:54,094] {dag.py:2931} INFO - Setting next_dagrun for example_trigger_target_dag to None, run_after=None
[2022-06-24 07:16:54,111] {processor.py:161} INFO - Processing /home/airflow/.local/lib/python3.7/site-packages/airflow/example_dags/example_trigger_target_dag.py took 0.104 seconds
[2022-06-24 07:17:24,707] {processor.py:153} INFO - Started process (PID=7768) to work on /home/airflow/.local/lib/python3.7/site-packages/airflow/example_dags/example_trigger_target_dag.py
[2022-06-24 07:17:24,709] {processor.py:641} INFO - Processing file /home/airflow/.local/lib/python3.7/site-packages/airflow/example_dags/example_trigger_target_dag.py for tasks to queue
[2022-06-24 07:17:24,710] {logging_mixin.py:115} INFO - [2022-06-24 07:17:24,710] {dagbag.py:507} INFO - Filling up the DagBag from /home/airflow/.local/lib/python3.7/site-packages/airflow/example_dags/example_trigger_target_dag.py
[2022-06-24 07:17:24,730] {processor.py:651} INFO - DAG(s) dict_keys(['example_trigger_target_dag']) retrieved from /home/airflow/.local/lib/python3.7/site-packages/airflow/example_dags/example_trigger_target_dag.py
[2022-06-24 07:17:24,758] {logging_mixin.py:115} INFO - [2022-06-24 07:17:24,758] {dag.py:2379} INFO - Sync 1 DAGs
[2022-06-24 07:17:24,776] {logging_mixin.py:115} INFO - [2022-06-24 07:17:24,776] {dag.py:2931} INFO - Setting next_dagrun for example_trigger_target_dag to None, run_after=None
[2022-06-24 07:17:24,791] {processor.py:161} INFO - Processing /home/airflow/.local/lib/python3.7/site-packages/airflow/example_dags/example_trigger_target_dag.py took 0.088 seconds
[2022-06-24 07:17:55,392] {processor.py:153} INFO - Started process (PID=7823) to work on /home/airflow/.local/lib/python3.7/site-packages/airflow/example_dags/example_trigger_target_dag.py
[2022-06-24 07:17:55,393] {processor.py:641} INFO - Processing file /home/airflow/.local/lib/python3.7/site-packages/airflow/example_dags/example_trigger_target_dag.py for tasks to queue
[2022-06-24 07:17:55,395] {logging_mixin.py:115} INFO - [2022-06-24 07:17:55,395] {dagbag.py:507} INFO - Filling up the DagBag from /home/airflow/.local/lib/python3.7/site-packages/airflow/example_dags/example_trigger_target_dag.py
[2022-06-24 07:17:55,421] {processor.py:651} INFO - DAG(s) dict_keys(['example_trigger_target_dag']) retrieved from /home/airflow/.local/lib/python3.7/site-packages/airflow/example_dags/example_trigger_target_dag.py
[2022-06-24 07:17:55,455] {logging_mixin.py:115} INFO - [2022-06-24 07:17:55,455] {dag.py:2379} INFO - Sync 1 DAGs
[2022-06-24 07:17:55,476] {logging_mixin.py:115} INFO - [2022-06-24 07:17:55,476] {dag.py:2931} INFO - Setting next_dagrun for example_trigger_target_dag to None, run_after=None
[2022-06-24 07:17:55,490] {processor.py:161} INFO - Processing /home/airflow/.local/lib/python3.7/site-packages/airflow/example_dags/example_trigger_target_dag.py took 0.102 seconds
[2022-06-24 07:18:26,129] {processor.py:153} INFO - Started process (PID=7887) to work on /home/airflow/.local/lib/python3.7/site-packages/airflow/example_dags/example_trigger_target_dag.py
[2022-06-24 07:18:26,130] {processor.py:641} INFO - Processing file /home/airflow/.local/lib/python3.7/site-packages/airflow/example_dags/example_trigger_target_dag.py for tasks to queue
[2022-06-24 07:18:26,130] {logging_mixin.py:115} INFO - [2022-06-24 07:18:26,130] {dagbag.py:507} INFO - Filling up the DagBag from /home/airflow/.local/lib/python3.7/site-packages/airflow/example_dags/example_trigger_target_dag.py
[2022-06-24 07:18:26,151] {processor.py:651} INFO - DAG(s) dict_keys(['example_trigger_target_dag']) retrieved from /home/airflow/.local/lib/python3.7/site-packages/airflow/example_dags/example_trigger_target_dag.py
[2022-06-24 07:18:26,179] {logging_mixin.py:115} INFO - [2022-06-24 07:18:26,179] {dag.py:2379} INFO - Sync 1 DAGs
[2022-06-24 07:18:26,196] {logging_mixin.py:115} INFO - [2022-06-24 07:18:26,196] {dag.py:2931} INFO - Setting next_dagrun for example_trigger_target_dag to None, run_after=None
[2022-06-24 07:18:26,211] {processor.py:161} INFO - Processing /home/airflow/.local/lib/python3.7/site-packages/airflow/example_dags/example_trigger_target_dag.py took 0.086 seconds
[2022-06-24 07:18:56,885] {processor.py:153} INFO - Started process (PID=7952) to work on /home/airflow/.local/lib/python3.7/site-packages/airflow/example_dags/example_trigger_target_dag.py
[2022-06-24 07:18:56,886] {processor.py:641} INFO - Processing file /home/airflow/.local/lib/python3.7/site-packages/airflow/example_dags/example_trigger_target_dag.py for tasks to queue
[2022-06-24 07:18:56,887] {logging_mixin.py:115} INFO - [2022-06-24 07:18:56,887] {dagbag.py:507} INFO - Filling up the DagBag from /home/airflow/.local/lib/python3.7/site-packages/airflow/example_dags/example_trigger_target_dag.py
[2022-06-24 07:18:56,909] {processor.py:651} INFO - DAG(s) dict_keys(['example_trigger_target_dag']) retrieved from /home/airflow/.local/lib/python3.7/site-packages/airflow/example_dags/example_trigger_target_dag.py
[2022-06-24 07:18:56,935] {logging_mixin.py:115} INFO - [2022-06-24 07:18:56,935] {dag.py:2379} INFO - Sync 1 DAGs
[2022-06-24 07:18:56,953] {logging_mixin.py:115} INFO - [2022-06-24 07:18:56,953] {dag.py:2931} INFO - Setting next_dagrun for example_trigger_target_dag to None, run_after=None
[2022-06-24 07:18:56,972] {processor.py:161} INFO - Processing /home/airflow/.local/lib/python3.7/site-packages/airflow/example_dags/example_trigger_target_dag.py took 0.090 seconds
[2022-06-24 07:19:27,177] {processor.py:153} INFO - Started process (PID=8016) to work on /home/airflow/.local/lib/python3.7/site-packages/airflow/example_dags/example_trigger_target_dag.py
[2022-06-24 07:19:27,178] {processor.py:641} INFO - Processing file /home/airflow/.local/lib/python3.7/site-packages/airflow/example_dags/example_trigger_target_dag.py for tasks to queue
[2022-06-24 07:19:27,180] {logging_mixin.py:115} INFO - [2022-06-24 07:19:27,180] {dagbag.py:507} INFO - Filling up the DagBag from /home/airflow/.local/lib/python3.7/site-packages/airflow/example_dags/example_trigger_target_dag.py
[2022-06-24 07:19:27,196] {processor.py:651} INFO - DAG(s) dict_keys(['example_trigger_target_dag']) retrieved from /home/airflow/.local/lib/python3.7/site-packages/airflow/example_dags/example_trigger_target_dag.py
[2022-06-24 07:19:27,224] {logging_mixin.py:115} INFO - [2022-06-24 07:19:27,224] {dag.py:2379} INFO - Sync 1 DAGs
[2022-06-24 07:19:27,241] {logging_mixin.py:115} INFO - [2022-06-24 07:19:27,240] {dag.py:2931} INFO - Setting next_dagrun for example_trigger_target_dag to None, run_after=None
[2022-06-24 07:19:27,255] {processor.py:161} INFO - Processing /home/airflow/.local/lib/python3.7/site-packages/airflow/example_dags/example_trigger_target_dag.py took 0.081 seconds
[2022-06-24 07:19:57,569] {processor.py:153} INFO - Started process (PID=8071) to work on /home/airflow/.local/lib/python3.7/site-packages/airflow/example_dags/example_trigger_target_dag.py
[2022-06-24 07:19:57,570] {processor.py:641} INFO - Processing file /home/airflow/.local/lib/python3.7/site-packages/airflow/example_dags/example_trigger_target_dag.py for tasks to queue
[2022-06-24 07:19:57,571] {logging_mixin.py:115} INFO - [2022-06-24 07:19:57,571] {dagbag.py:507} INFO - Filling up the DagBag from /home/airflow/.local/lib/python3.7/site-packages/airflow/example_dags/example_trigger_target_dag.py
[2022-06-24 07:19:57,586] {processor.py:651} INFO - DAG(s) dict_keys(['example_trigger_target_dag']) retrieved from /home/airflow/.local/lib/python3.7/site-packages/airflow/example_dags/example_trigger_target_dag.py
[2022-06-24 07:19:57,615] {logging_mixin.py:115} INFO - [2022-06-24 07:19:57,615] {dag.py:2379} INFO - Sync 1 DAGs
[2022-06-24 07:19:57,634] {logging_mixin.py:115} INFO - [2022-06-24 07:19:57,633] {dag.py:2931} INFO - Setting next_dagrun for example_trigger_target_dag to None, run_after=None
[2022-06-24 07:19:57,649] {processor.py:161} INFO - Processing /home/airflow/.local/lib/python3.7/site-packages/airflow/example_dags/example_trigger_target_dag.py took 0.084 seconds
[2022-06-24 07:20:27,911] {processor.py:153} INFO - Started process (PID=8135) to work on /home/airflow/.local/lib/python3.7/site-packages/airflow/example_dags/example_trigger_target_dag.py
[2022-06-24 07:20:27,912] {processor.py:641} INFO - Processing file /home/airflow/.local/lib/python3.7/site-packages/airflow/example_dags/example_trigger_target_dag.py for tasks to queue
[2022-06-24 07:20:27,913] {logging_mixin.py:115} INFO - [2022-06-24 07:20:27,913] {dagbag.py:507} INFO - Filling up the DagBag from /home/airflow/.local/lib/python3.7/site-packages/airflow/example_dags/example_trigger_target_dag.py
[2022-06-24 07:20:27,930] {processor.py:651} INFO - DAG(s) dict_keys(['example_trigger_target_dag']) retrieved from /home/airflow/.local/lib/python3.7/site-packages/airflow/example_dags/example_trigger_target_dag.py
[2022-06-24 07:20:27,959] {logging_mixin.py:115} INFO - [2022-06-24 07:20:27,959] {dag.py:2379} INFO - Sync 1 DAGs
[2022-06-24 07:20:27,978] {logging_mixin.py:115} INFO - [2022-06-24 07:20:27,978] {dag.py:2931} INFO - Setting next_dagrun for example_trigger_target_dag to None, run_after=None
[2022-06-24 07:20:27,992] {processor.py:161} INFO - Processing /home/airflow/.local/lib/python3.7/site-packages/airflow/example_dags/example_trigger_target_dag.py took 0.084 seconds
[2022-06-24 07:20:58,533] {processor.py:153} INFO - Started process (PID=8199) to work on /home/airflow/.local/lib/python3.7/site-packages/airflow/example_dags/example_trigger_target_dag.py
[2022-06-24 07:20:58,534] {processor.py:641} INFO - Processing file /home/airflow/.local/lib/python3.7/site-packages/airflow/example_dags/example_trigger_target_dag.py for tasks to queue
[2022-06-24 07:20:58,535] {logging_mixin.py:115} INFO - [2022-06-24 07:20:58,535] {dagbag.py:507} INFO - Filling up the DagBag from /home/airflow/.local/lib/python3.7/site-packages/airflow/example_dags/example_trigger_target_dag.py
[2022-06-24 07:20:58,561] {processor.py:651} INFO - DAG(s) dict_keys(['example_trigger_target_dag']) retrieved from /home/airflow/.local/lib/python3.7/site-packages/airflow/example_dags/example_trigger_target_dag.py
[2022-06-24 07:20:58,599] {logging_mixin.py:115} INFO - [2022-06-24 07:20:58,599] {dag.py:2379} INFO - Sync 1 DAGs
[2022-06-24 07:20:58,620] {logging_mixin.py:115} INFO - [2022-06-24 07:20:58,620] {dag.py:2931} INFO - Setting next_dagrun for example_trigger_target_dag to None, run_after=None
[2022-06-24 07:20:58,676] {processor.py:161} INFO - Processing /home/airflow/.local/lib/python3.7/site-packages/airflow/example_dags/example_trigger_target_dag.py took 0.149 seconds
[2022-06-24 07:21:29,283] {processor.py:153} INFO - Started process (PID=8254) to work on /home/airflow/.local/lib/python3.7/site-packages/airflow/example_dags/example_trigger_target_dag.py
[2022-06-24 07:21:29,284] {processor.py:641} INFO - Processing file /home/airflow/.local/lib/python3.7/site-packages/airflow/example_dags/example_trigger_target_dag.py for tasks to queue
[2022-06-24 07:21:29,285] {logging_mixin.py:115} INFO - [2022-06-24 07:21:29,285] {dagbag.py:507} INFO - Filling up the DagBag from /home/airflow/.local/lib/python3.7/site-packages/airflow/example_dags/example_trigger_target_dag.py
[2022-06-24 07:21:29,303] {processor.py:651} INFO - DAG(s) dict_keys(['example_trigger_target_dag']) retrieved from /home/airflow/.local/lib/python3.7/site-packages/airflow/example_dags/example_trigger_target_dag.py
[2022-06-24 07:21:29,337] {logging_mixin.py:115} INFO - [2022-06-24 07:21:29,337] {dag.py:2379} INFO - Sync 1 DAGs
[2022-06-24 07:21:29,358] {logging_mixin.py:115} INFO - [2022-06-24 07:21:29,357] {dag.py:2931} INFO - Setting next_dagrun for example_trigger_target_dag to None, run_after=None
[2022-06-24 07:21:29,376] {processor.py:161} INFO - Processing /home/airflow/.local/lib/python3.7/site-packages/airflow/example_dags/example_trigger_target_dag.py took 0.096 seconds
[2022-06-24 07:21:59,837] {processor.py:153} INFO - Started process (PID=8318) to work on /home/airflow/.local/lib/python3.7/site-packages/airflow/example_dags/example_trigger_target_dag.py
[2022-06-24 07:21:59,838] {processor.py:641} INFO - Processing file /home/airflow/.local/lib/python3.7/site-packages/airflow/example_dags/example_trigger_target_dag.py for tasks to queue
[2022-06-24 07:21:59,840] {logging_mixin.py:115} INFO - [2022-06-24 07:21:59,839] {dagbag.py:507} INFO - Filling up the DagBag from /home/airflow/.local/lib/python3.7/site-packages/airflow/example_dags/example_trigger_target_dag.py
[2022-06-24 07:21:59,858] {processor.py:651} INFO - DAG(s) dict_keys(['example_trigger_target_dag']) retrieved from /home/airflow/.local/lib/python3.7/site-packages/airflow/example_dags/example_trigger_target_dag.py
[2022-06-24 07:21:59,915] {logging_mixin.py:115} INFO - [2022-06-24 07:21:59,915] {dag.py:2379} INFO - Sync 1 DAGs
[2022-06-24 07:21:59,934] {logging_mixin.py:115} INFO - [2022-06-24 07:21:59,934] {dag.py:2931} INFO - Setting next_dagrun for example_trigger_target_dag to None, run_after=None
[2022-06-24 07:21:59,950] {processor.py:161} INFO - Processing /home/airflow/.local/lib/python3.7/site-packages/airflow/example_dags/example_trigger_target_dag.py took 0.116 seconds
[2022-06-24 07:22:30,375] {processor.py:153} INFO - Started process (PID=8382) to work on /home/airflow/.local/lib/python3.7/site-packages/airflow/example_dags/example_trigger_target_dag.py
[2022-06-24 07:22:30,376] {processor.py:641} INFO - Processing file /home/airflow/.local/lib/python3.7/site-packages/airflow/example_dags/example_trigger_target_dag.py for tasks to queue
[2022-06-24 07:22:30,377] {logging_mixin.py:115} INFO - [2022-06-24 07:22:30,377] {dagbag.py:507} INFO - Filling up the DagBag from /home/airflow/.local/lib/python3.7/site-packages/airflow/example_dags/example_trigger_target_dag.py
[2022-06-24 07:22:30,395] {processor.py:651} INFO - DAG(s) dict_keys(['example_trigger_target_dag']) retrieved from /home/airflow/.local/lib/python3.7/site-packages/airflow/example_dags/example_trigger_target_dag.py
[2022-06-24 07:22:30,426] {logging_mixin.py:115} INFO - [2022-06-24 07:22:30,426] {dag.py:2379} INFO - Sync 1 DAGs
[2022-06-24 07:22:30,444] {logging_mixin.py:115} INFO - [2022-06-24 07:22:30,444] {dag.py:2931} INFO - Setting next_dagrun for example_trigger_target_dag to None, run_after=None
[2022-06-24 07:22:30,460] {processor.py:161} INFO - Processing /home/airflow/.local/lib/python3.7/site-packages/airflow/example_dags/example_trigger_target_dag.py took 0.088 seconds
[2022-06-24 07:23:01,418] {processor.py:153} INFO - Started process (PID=8446) to work on /home/airflow/.local/lib/python3.7/site-packages/airflow/example_dags/example_trigger_target_dag.py
[2022-06-24 07:23:01,419] {processor.py:641} INFO - Processing file /home/airflow/.local/lib/python3.7/site-packages/airflow/example_dags/example_trigger_target_dag.py for tasks to queue
[2022-06-24 07:23:01,420] {logging_mixin.py:115} INFO - [2022-06-24 07:23:01,420] {dagbag.py:507} INFO - Filling up the DagBag from /home/airflow/.local/lib/python3.7/site-packages/airflow/example_dags/example_trigger_target_dag.py
[2022-06-24 07:23:01,435] {processor.py:651} INFO - DAG(s) dict_keys(['example_trigger_target_dag']) retrieved from /home/airflow/.local/lib/python3.7/site-packages/airflow/example_dags/example_trigger_target_dag.py
[2022-06-24 07:23:01,463] {logging_mixin.py:115} INFO - [2022-06-24 07:23:01,463] {dag.py:2379} INFO - Sync 1 DAGs
[2022-06-24 07:23:01,485] {logging_mixin.py:115} INFO - [2022-06-24 07:23:01,485] {dag.py:2931} INFO - Setting next_dagrun for example_trigger_target_dag to None, run_after=None
[2022-06-24 07:23:01,501] {processor.py:161} INFO - Processing /home/airflow/.local/lib/python3.7/site-packages/airflow/example_dags/example_trigger_target_dag.py took 0.087 seconds
[2022-06-24 07:23:31,784] {processor.py:153} INFO - Started process (PID=8501) to work on /home/airflow/.local/lib/python3.7/site-packages/airflow/example_dags/example_trigger_target_dag.py
[2022-06-24 07:23:31,785] {processor.py:641} INFO - Processing file /home/airflow/.local/lib/python3.7/site-packages/airflow/example_dags/example_trigger_target_dag.py for tasks to queue
[2022-06-24 07:23:31,786] {logging_mixin.py:115} INFO - [2022-06-24 07:23:31,786] {dagbag.py:507} INFO - Filling up the DagBag from /home/airflow/.local/lib/python3.7/site-packages/airflow/example_dags/example_trigger_target_dag.py
[2022-06-24 07:23:31,804] {processor.py:651} INFO - DAG(s) dict_keys(['example_trigger_target_dag']) retrieved from /home/airflow/.local/lib/python3.7/site-packages/airflow/example_dags/example_trigger_target_dag.py
[2022-06-24 07:23:31,872] {logging_mixin.py:115} INFO - [2022-06-24 07:23:31,872] {dag.py:2379} INFO - Sync 1 DAGs
[2022-06-24 07:23:31,893] {logging_mixin.py:115} INFO - [2022-06-24 07:23:31,893] {dag.py:2931} INFO - Setting next_dagrun for example_trigger_target_dag to None, run_after=None
[2022-06-24 07:23:31,907] {processor.py:161} INFO - Processing /home/airflow/.local/lib/python3.7/site-packages/airflow/example_dags/example_trigger_target_dag.py took 0.126 seconds
[2022-06-24 07:24:02,544] {processor.py:153} INFO - Started process (PID=8565) to work on /home/airflow/.local/lib/python3.7/site-packages/airflow/example_dags/example_trigger_target_dag.py
[2022-06-24 07:24:02,546] {processor.py:641} INFO - Processing file /home/airflow/.local/lib/python3.7/site-packages/airflow/example_dags/example_trigger_target_dag.py for tasks to queue
[2022-06-24 07:24:02,546] {logging_mixin.py:115} INFO - [2022-06-24 07:24:02,546] {dagbag.py:507} INFO - Filling up the DagBag from /home/airflow/.local/lib/python3.7/site-packages/airflow/example_dags/example_trigger_target_dag.py
[2022-06-24 07:24:02,562] {processor.py:651} INFO - DAG(s) dict_keys(['example_trigger_target_dag']) retrieved from /home/airflow/.local/lib/python3.7/site-packages/airflow/example_dags/example_trigger_target_dag.py
[2022-06-24 07:24:02,586] {logging_mixin.py:115} INFO - [2022-06-24 07:24:02,586] {dag.py:2379} INFO - Sync 1 DAGs
[2022-06-24 07:24:02,601] {logging_mixin.py:115} INFO - [2022-06-24 07:24:02,601] {dag.py:2931} INFO - Setting next_dagrun for example_trigger_target_dag to None, run_after=None
[2022-06-24 07:24:02,615] {processor.py:161} INFO - Processing /home/airflow/.local/lib/python3.7/site-packages/airflow/example_dags/example_trigger_target_dag.py took 0.075 seconds
[2022-06-24 07:24:33,138] {processor.py:153} INFO - Started process (PID=8630) to work on /home/airflow/.local/lib/python3.7/site-packages/airflow/example_dags/example_trigger_target_dag.py
[2022-06-24 07:24:33,139] {processor.py:641} INFO - Processing file /home/airflow/.local/lib/python3.7/site-packages/airflow/example_dags/example_trigger_target_dag.py for tasks to queue
[2022-06-24 07:24:33,140] {logging_mixin.py:115} INFO - [2022-06-24 07:24:33,140] {dagbag.py:507} INFO - Filling up the DagBag from /home/airflow/.local/lib/python3.7/site-packages/airflow/example_dags/example_trigger_target_dag.py
[2022-06-24 07:24:33,154] {processor.py:651} INFO - DAG(s) dict_keys(['example_trigger_target_dag']) retrieved from /home/airflow/.local/lib/python3.7/site-packages/airflow/example_dags/example_trigger_target_dag.py
[2022-06-24 07:24:33,179] {logging_mixin.py:115} INFO - [2022-06-24 07:24:33,179] {dag.py:2379} INFO - Sync 1 DAGs
[2022-06-24 07:24:33,198] {logging_mixin.py:115} INFO - [2022-06-24 07:24:33,198] {dag.py:2931} INFO - Setting next_dagrun for example_trigger_target_dag to None, run_after=None
[2022-06-24 07:24:33,216] {processor.py:161} INFO - Processing /home/airflow/.local/lib/python3.7/site-packages/airflow/example_dags/example_trigger_target_dag.py took 0.082 seconds
[2022-06-24 07:25:03,521] {processor.py:153} INFO - Started process (PID=8692) to work on /home/airflow/.local/lib/python3.7/site-packages/airflow/example_dags/example_trigger_target_dag.py
[2022-06-24 07:25:03,522] {processor.py:641} INFO - Processing file /home/airflow/.local/lib/python3.7/site-packages/airflow/example_dags/example_trigger_target_dag.py for tasks to queue
[2022-06-24 07:25:03,523] {logging_mixin.py:115} INFO - [2022-06-24 07:25:03,523] {dagbag.py:507} INFO - Filling up the DagBag from /home/airflow/.local/lib/python3.7/site-packages/airflow/example_dags/example_trigger_target_dag.py
[2022-06-24 07:25:03,539] {processor.py:651} INFO - DAG(s) dict_keys(['example_trigger_target_dag']) retrieved from /home/airflow/.local/lib/python3.7/site-packages/airflow/example_dags/example_trigger_target_dag.py
[2022-06-24 07:25:03,563] {logging_mixin.py:115} INFO - [2022-06-24 07:25:03,563] {dag.py:2379} INFO - Sync 1 DAGs
[2022-06-24 07:25:03,582] {logging_mixin.py:115} INFO - [2022-06-24 07:25:03,582] {dag.py:2931} INFO - Setting next_dagrun for example_trigger_target_dag to None, run_after=None
[2022-06-24 07:25:03,597] {processor.py:161} INFO - Processing /home/airflow/.local/lib/python3.7/site-packages/airflow/example_dags/example_trigger_target_dag.py took 0.080 seconds
[2022-06-24 07:25:33,829] {processor.py:153} INFO - Started process (PID=8749) to work on /home/airflow/.local/lib/python3.7/site-packages/airflow/example_dags/example_trigger_target_dag.py
[2022-06-24 07:25:33,830] {processor.py:641} INFO - Processing file /home/airflow/.local/lib/python3.7/site-packages/airflow/example_dags/example_trigger_target_dag.py for tasks to queue
[2022-06-24 07:25:33,831] {logging_mixin.py:115} INFO - [2022-06-24 07:25:33,831] {dagbag.py:507} INFO - Filling up the DagBag from /home/airflow/.local/lib/python3.7/site-packages/airflow/example_dags/example_trigger_target_dag.py
[2022-06-24 07:25:33,849] {processor.py:651} INFO - DAG(s) dict_keys(['example_trigger_target_dag']) retrieved from /home/airflow/.local/lib/python3.7/site-packages/airflow/example_dags/example_trigger_target_dag.py
[2022-06-24 07:25:33,874] {logging_mixin.py:115} INFO - [2022-06-24 07:25:33,874] {dag.py:2379} INFO - Sync 1 DAGs
[2022-06-24 07:25:33,892] {logging_mixin.py:115} INFO - [2022-06-24 07:25:33,892] {dag.py:2931} INFO - Setting next_dagrun for example_trigger_target_dag to None, run_after=None
[2022-06-24 07:25:33,908] {processor.py:161} INFO - Processing /home/airflow/.local/lib/python3.7/site-packages/airflow/example_dags/example_trigger_target_dag.py took 0.082 seconds
[2022-06-24 07:26:04,087] {processor.py:153} INFO - Started process (PID=8813) to work on /home/airflow/.local/lib/python3.7/site-packages/airflow/example_dags/example_trigger_target_dag.py
[2022-06-24 07:26:04,088] {processor.py:641} INFO - Processing file /home/airflow/.local/lib/python3.7/site-packages/airflow/example_dags/example_trigger_target_dag.py for tasks to queue
[2022-06-24 07:26:04,089] {logging_mixin.py:115} INFO - [2022-06-24 07:26:04,089] {dagbag.py:507} INFO - Filling up the DagBag from /home/airflow/.local/lib/python3.7/site-packages/airflow/example_dags/example_trigger_target_dag.py
[2022-06-24 07:26:04,104] {processor.py:651} INFO - DAG(s) dict_keys(['example_trigger_target_dag']) retrieved from /home/airflow/.local/lib/python3.7/site-packages/airflow/example_dags/example_trigger_target_dag.py
[2022-06-24 07:26:04,131] {logging_mixin.py:115} INFO - [2022-06-24 07:26:04,131] {dag.py:2379} INFO - Sync 1 DAGs
[2022-06-24 07:26:04,147] {logging_mixin.py:115} INFO - [2022-06-24 07:26:04,147] {dag.py:2931} INFO - Setting next_dagrun for example_trigger_target_dag to None, run_after=None
[2022-06-24 07:26:04,160] {processor.py:161} INFO - Processing /home/airflow/.local/lib/python3.7/site-packages/airflow/example_dags/example_trigger_target_dag.py took 0.077 seconds
