[2022-06-24 06:58:32,682] {processor.py:153} INFO - Started process (PID=5469) to work on /home/airflow/.local/lib/python3.7/site-packages/airflow/example_dags/example_branch_labels.py
[2022-06-24 06:58:32,683] {processor.py:641} INFO - Processing file /home/airflow/.local/lib/python3.7/site-packages/airflow/example_dags/example_branch_labels.py for tasks to queue
[2022-06-24 06:58:32,684] {logging_mixin.py:115} INFO - [2022-06-24 06:58:32,684] {dagbag.py:507} INFO - Filling up the DagBag from /home/airflow/.local/lib/python3.7/site-packages/airflow/example_dags/example_branch_labels.py
[2022-06-24 06:58:32,691] {processor.py:651} INFO - DAG(s) dict_keys(['example_branch_labels']) retrieved from /home/airflow/.local/lib/python3.7/site-packages/airflow/example_dags/example_branch_labels.py
[2022-06-24 06:58:32,723] {logging_mixin.py:115} INFO - [2022-06-24 06:58:32,722] {dag.py:2379} INFO - Sync 1 DAGs
[2022-06-24 06:58:32,746] {logging_mixin.py:115} INFO - [2022-06-24 06:58:32,746] {dag.py:2931} INFO - Setting next_dagrun for example_branch_labels to 2022-06-23T00:00:00+00:00, run_after=2022-06-24T00:00:00+00:00
[2022-06-24 06:58:32,760] {processor.py:161} INFO - Processing /home/airflow/.local/lib/python3.7/site-packages/airflow/example_dags/example_branch_labels.py took 0.081 seconds
[2022-06-24 06:59:04,393] {processor.py:153} INFO - Started process (PID=5524) to work on /home/airflow/.local/lib/python3.7/site-packages/airflow/example_dags/example_branch_labels.py
[2022-06-24 06:59:04,395] {processor.py:641} INFO - Processing file /home/airflow/.local/lib/python3.7/site-packages/airflow/example_dags/example_branch_labels.py for tasks to queue
[2022-06-24 06:59:04,396] {logging_mixin.py:115} INFO - [2022-06-24 06:59:04,396] {dagbag.py:507} INFO - Filling up the DagBag from /home/airflow/.local/lib/python3.7/site-packages/airflow/example_dags/example_branch_labels.py
[2022-06-24 06:59:04,408] {processor.py:651} INFO - DAG(s) dict_keys(['example_branch_labels']) retrieved from /home/airflow/.local/lib/python3.7/site-packages/airflow/example_dags/example_branch_labels.py
[2022-06-24 06:59:04,465] {logging_mixin.py:115} INFO - [2022-06-24 06:59:04,465] {dag.py:2379} INFO - Sync 1 DAGs
[2022-06-24 06:59:04,514] {logging_mixin.py:115} INFO - [2022-06-24 06:59:04,514] {dag.py:2931} INFO - Setting next_dagrun for example_branch_labels to 2022-06-23T00:00:00+00:00, run_after=2022-06-24T00:00:00+00:00
[2022-06-24 06:59:04,531] {processor.py:161} INFO - Processing /home/airflow/.local/lib/python3.7/site-packages/airflow/example_dags/example_branch_labels.py took 0.143 seconds
[2022-06-24 06:59:34,987] {processor.py:153} INFO - Started process (PID=5580) to work on /home/airflow/.local/lib/python3.7/site-packages/airflow/example_dags/example_branch_labels.py
[2022-06-24 06:59:34,988] {processor.py:641} INFO - Processing file /home/airflow/.local/lib/python3.7/site-packages/airflow/example_dags/example_branch_labels.py for tasks to queue
[2022-06-24 06:59:34,989] {logging_mixin.py:115} INFO - [2022-06-24 06:59:34,989] {dagbag.py:507} INFO - Filling up the DagBag from /home/airflow/.local/lib/python3.7/site-packages/airflow/example_dags/example_branch_labels.py
[2022-06-24 06:59:34,996] {processor.py:651} INFO - DAG(s) dict_keys(['example_branch_labels']) retrieved from /home/airflow/.local/lib/python3.7/site-packages/airflow/example_dags/example_branch_labels.py
[2022-06-24 06:59:35,066] {logging_mixin.py:115} INFO - [2022-06-24 06:59:35,065] {dag.py:2379} INFO - Sync 1 DAGs
[2022-06-24 06:59:35,144] {logging_mixin.py:115} INFO - [2022-06-24 06:59:35,144] {dag.py:2931} INFO - Setting next_dagrun for example_branch_labels to 2022-06-23T00:00:00+00:00, run_after=2022-06-24T00:00:00+00:00
[2022-06-24 06:59:35,189] {processor.py:161} INFO - Processing /home/airflow/.local/lib/python3.7/site-packages/airflow/example_dags/example_branch_labels.py took 0.206 seconds
[2022-06-24 07:00:05,389] {processor.py:153} INFO - Started process (PID=5644) to work on /home/airflow/.local/lib/python3.7/site-packages/airflow/example_dags/example_branch_labels.py
[2022-06-24 07:00:05,390] {processor.py:641} INFO - Processing file /home/airflow/.local/lib/python3.7/site-packages/airflow/example_dags/example_branch_labels.py for tasks to queue
[2022-06-24 07:00:05,391] {logging_mixin.py:115} INFO - [2022-06-24 07:00:05,391] {dagbag.py:507} INFO - Filling up the DagBag from /home/airflow/.local/lib/python3.7/site-packages/airflow/example_dags/example_branch_labels.py
[2022-06-24 07:00:05,397] {processor.py:651} INFO - DAG(s) dict_keys(['example_branch_labels']) retrieved from /home/airflow/.local/lib/python3.7/site-packages/airflow/example_dags/example_branch_labels.py
[2022-06-24 07:00:05,424] {logging_mixin.py:115} INFO - [2022-06-24 07:00:05,424] {dag.py:2379} INFO - Sync 1 DAGs
[2022-06-24 07:00:05,442] {logging_mixin.py:115} INFO - [2022-06-24 07:00:05,442] {dag.py:2931} INFO - Setting next_dagrun for example_branch_labels to 2022-06-23T00:00:00+00:00, run_after=2022-06-24T00:00:00+00:00
[2022-06-24 07:00:05,456] {processor.py:161} INFO - Processing /home/airflow/.local/lib/python3.7/site-packages/airflow/example_dags/example_branch_labels.py took 0.070 seconds
[2022-06-24 07:00:36,254] {processor.py:153} INFO - Started process (PID=5708) to work on /home/airflow/.local/lib/python3.7/site-packages/airflow/example_dags/example_branch_labels.py
[2022-06-24 07:00:36,255] {processor.py:641} INFO - Processing file /home/airflow/.local/lib/python3.7/site-packages/airflow/example_dags/example_branch_labels.py for tasks to queue
[2022-06-24 07:00:36,256] {logging_mixin.py:115} INFO - [2022-06-24 07:00:36,256] {dagbag.py:507} INFO - Filling up the DagBag from /home/airflow/.local/lib/python3.7/site-packages/airflow/example_dags/example_branch_labels.py
[2022-06-24 07:00:36,262] {processor.py:651} INFO - DAG(s) dict_keys(['example_branch_labels']) retrieved from /home/airflow/.local/lib/python3.7/site-packages/airflow/example_dags/example_branch_labels.py
[2022-06-24 07:00:36,288] {logging_mixin.py:115} INFO - [2022-06-24 07:00:36,288] {dag.py:2379} INFO - Sync 1 DAGs
[2022-06-24 07:00:36,307] {logging_mixin.py:115} INFO - [2022-06-24 07:00:36,307] {dag.py:2931} INFO - Setting next_dagrun for example_branch_labels to 2022-06-23T00:00:00+00:00, run_after=2022-06-24T00:00:00+00:00
[2022-06-24 07:00:36,320] {processor.py:161} INFO - Processing /home/airflow/.local/lib/python3.7/site-packages/airflow/example_dags/example_branch_labels.py took 0.068 seconds
[2022-06-24 07:01:06,654] {processor.py:153} INFO - Started process (PID=5763) to work on /home/airflow/.local/lib/python3.7/site-packages/airflow/example_dags/example_branch_labels.py
[2022-06-24 07:01:06,656] {processor.py:641} INFO - Processing file /home/airflow/.local/lib/python3.7/site-packages/airflow/example_dags/example_branch_labels.py for tasks to queue
[2022-06-24 07:01:06,657] {logging_mixin.py:115} INFO - [2022-06-24 07:01:06,657] {dagbag.py:507} INFO - Filling up the DagBag from /home/airflow/.local/lib/python3.7/site-packages/airflow/example_dags/example_branch_labels.py
[2022-06-24 07:01:06,663] {processor.py:651} INFO - DAG(s) dict_keys(['example_branch_labels']) retrieved from /home/airflow/.local/lib/python3.7/site-packages/airflow/example_dags/example_branch_labels.py
[2022-06-24 07:01:06,687] {logging_mixin.py:115} INFO - [2022-06-24 07:01:06,687] {dag.py:2379} INFO - Sync 1 DAGs
[2022-06-24 07:01:06,703] {logging_mixin.py:115} INFO - [2022-06-24 07:01:06,703] {dag.py:2931} INFO - Setting next_dagrun for example_branch_labels to 2022-06-23T00:00:00+00:00, run_after=2022-06-24T00:00:00+00:00
[2022-06-24 07:01:06,714] {processor.py:161} INFO - Processing /home/airflow/.local/lib/python3.7/site-packages/airflow/example_dags/example_branch_labels.py took 0.064 seconds
[2022-06-24 07:01:36,958] {processor.py:153} INFO - Started process (PID=5829) to work on /home/airflow/.local/lib/python3.7/site-packages/airflow/example_dags/example_branch_labels.py
[2022-06-24 07:01:36,959] {processor.py:641} INFO - Processing file /home/airflow/.local/lib/python3.7/site-packages/airflow/example_dags/example_branch_labels.py for tasks to queue
[2022-06-24 07:01:36,960] {logging_mixin.py:115} INFO - [2022-06-24 07:01:36,960] {dagbag.py:507} INFO - Filling up the DagBag from /home/airflow/.local/lib/python3.7/site-packages/airflow/example_dags/example_branch_labels.py
[2022-06-24 07:01:36,965] {processor.py:651} INFO - DAG(s) dict_keys(['example_branch_labels']) retrieved from /home/airflow/.local/lib/python3.7/site-packages/airflow/example_dags/example_branch_labels.py
[2022-06-24 07:01:36,993] {logging_mixin.py:115} INFO - [2022-06-24 07:01:36,993] {dag.py:2379} INFO - Sync 1 DAGs
[2022-06-24 07:01:37,030] {logging_mixin.py:115} INFO - [2022-06-24 07:01:37,030] {dag.py:2931} INFO - Setting next_dagrun for example_branch_labels to 2022-06-23T00:00:00+00:00, run_after=2022-06-24T00:00:00+00:00
[2022-06-24 07:01:37,046] {processor.py:161} INFO - Processing /home/airflow/.local/lib/python3.7/site-packages/airflow/example_dags/example_branch_labels.py took 0.092 seconds
[2022-06-24 07:02:07,522] {processor.py:153} INFO - Started process (PID=5893) to work on /home/airflow/.local/lib/python3.7/site-packages/airflow/example_dags/example_branch_labels.py
[2022-06-24 07:02:07,523] {processor.py:641} INFO - Processing file /home/airflow/.local/lib/python3.7/site-packages/airflow/example_dags/example_branch_labels.py for tasks to queue
[2022-06-24 07:02:07,524] {logging_mixin.py:115} INFO - [2022-06-24 07:02:07,524] {dagbag.py:507} INFO - Filling up the DagBag from /home/airflow/.local/lib/python3.7/site-packages/airflow/example_dags/example_branch_labels.py
[2022-06-24 07:02:07,530] {processor.py:651} INFO - DAG(s) dict_keys(['example_branch_labels']) retrieved from /home/airflow/.local/lib/python3.7/site-packages/airflow/example_dags/example_branch_labels.py
[2022-06-24 07:02:07,554] {logging_mixin.py:115} INFO - [2022-06-24 07:02:07,554] {dag.py:2379} INFO - Sync 1 DAGs
[2022-06-24 07:02:07,570] {logging_mixin.py:115} INFO - [2022-06-24 07:02:07,570] {dag.py:2931} INFO - Setting next_dagrun for example_branch_labels to 2022-06-23T00:00:00+00:00, run_after=2022-06-24T00:00:00+00:00
[2022-06-24 07:02:07,584] {processor.py:161} INFO - Processing /home/airflow/.local/lib/python3.7/site-packages/airflow/example_dags/example_branch_labels.py took 0.065 seconds
[2022-06-24 07:02:37,704] {processor.py:153} INFO - Started process (PID=5957) to work on /home/airflow/.local/lib/python3.7/site-packages/airflow/example_dags/example_branch_labels.py
[2022-06-24 07:02:37,705] {processor.py:641} INFO - Processing file /home/airflow/.local/lib/python3.7/site-packages/airflow/example_dags/example_branch_labels.py for tasks to queue
[2022-06-24 07:02:37,706] {logging_mixin.py:115} INFO - [2022-06-24 07:02:37,706] {dagbag.py:507} INFO - Filling up the DagBag from /home/airflow/.local/lib/python3.7/site-packages/airflow/example_dags/example_branch_labels.py
[2022-06-24 07:02:37,713] {processor.py:651} INFO - DAG(s) dict_keys(['example_branch_labels']) retrieved from /home/airflow/.local/lib/python3.7/site-packages/airflow/example_dags/example_branch_labels.py
[2022-06-24 07:02:37,739] {logging_mixin.py:115} INFO - [2022-06-24 07:02:37,739] {dag.py:2379} INFO - Sync 1 DAGs
[2022-06-24 07:02:37,761] {logging_mixin.py:115} INFO - [2022-06-24 07:02:37,761] {dag.py:2931} INFO - Setting next_dagrun for example_branch_labels to 2022-06-23T00:00:00+00:00, run_after=2022-06-24T00:00:00+00:00
[2022-06-24 07:02:37,778] {processor.py:161} INFO - Processing /home/airflow/.local/lib/python3.7/site-packages/airflow/example_dags/example_branch_labels.py took 0.078 seconds
[2022-06-24 07:03:08,204] {processor.py:153} INFO - Started process (PID=6012) to work on /home/airflow/.local/lib/python3.7/site-packages/airflow/example_dags/example_branch_labels.py
[2022-06-24 07:03:08,205] {processor.py:641} INFO - Processing file /home/airflow/.local/lib/python3.7/site-packages/airflow/example_dags/example_branch_labels.py for tasks to queue
[2022-06-24 07:03:08,206] {logging_mixin.py:115} INFO - [2022-06-24 07:03:08,206] {dagbag.py:507} INFO - Filling up the DagBag from /home/airflow/.local/lib/python3.7/site-packages/airflow/example_dags/example_branch_labels.py
[2022-06-24 07:03:08,212] {processor.py:651} INFO - DAG(s) dict_keys(['example_branch_labels']) retrieved from /home/airflow/.local/lib/python3.7/site-packages/airflow/example_dags/example_branch_labels.py
[2022-06-24 07:03:08,239] {logging_mixin.py:115} INFO - [2022-06-24 07:03:08,239] {dag.py:2379} INFO - Sync 1 DAGs
[2022-06-24 07:03:08,258] {logging_mixin.py:115} INFO - [2022-06-24 07:03:08,258] {dag.py:2931} INFO - Setting next_dagrun for example_branch_labels to 2022-06-23T00:00:00+00:00, run_after=2022-06-24T00:00:00+00:00
[2022-06-24 07:03:08,271] {processor.py:161} INFO - Processing /home/airflow/.local/lib/python3.7/site-packages/airflow/example_dags/example_branch_labels.py took 0.070 seconds
[2022-06-24 07:03:38,576] {processor.py:153} INFO - Started process (PID=6076) to work on /home/airflow/.local/lib/python3.7/site-packages/airflow/example_dags/example_branch_labels.py
[2022-06-24 07:03:38,578] {processor.py:641} INFO - Processing file /home/airflow/.local/lib/python3.7/site-packages/airflow/example_dags/example_branch_labels.py for tasks to queue
[2022-06-24 07:03:38,579] {logging_mixin.py:115} INFO - [2022-06-24 07:03:38,579] {dagbag.py:507} INFO - Filling up the DagBag from /home/airflow/.local/lib/python3.7/site-packages/airflow/example_dags/example_branch_labels.py
[2022-06-24 07:03:38,588] {processor.py:651} INFO - DAG(s) dict_keys(['example_branch_labels']) retrieved from /home/airflow/.local/lib/python3.7/site-packages/airflow/example_dags/example_branch_labels.py
[2022-06-24 07:03:38,624] {logging_mixin.py:115} INFO - [2022-06-24 07:03:38,623] {dag.py:2379} INFO - Sync 1 DAGs
[2022-06-24 07:03:38,653] {logging_mixin.py:115} INFO - [2022-06-24 07:03:38,653] {dag.py:2931} INFO - Setting next_dagrun for example_branch_labels to 2022-06-23T00:00:00+00:00, run_after=2022-06-24T00:00:00+00:00
[2022-06-24 07:03:38,668] {processor.py:161} INFO - Processing /home/airflow/.local/lib/python3.7/site-packages/airflow/example_dags/example_branch_labels.py took 0.095 seconds
[2022-06-24 07:04:08,774] {processor.py:153} INFO - Started process (PID=6140) to work on /home/airflow/.local/lib/python3.7/site-packages/airflow/example_dags/example_branch_labels.py
[2022-06-24 07:04:08,775] {processor.py:641} INFO - Processing file /home/airflow/.local/lib/python3.7/site-packages/airflow/example_dags/example_branch_labels.py for tasks to queue
[2022-06-24 07:04:08,776] {logging_mixin.py:115} INFO - [2022-06-24 07:04:08,776] {dagbag.py:507} INFO - Filling up the DagBag from /home/airflow/.local/lib/python3.7/site-packages/airflow/example_dags/example_branch_labels.py
[2022-06-24 07:04:08,782] {processor.py:651} INFO - DAG(s) dict_keys(['example_branch_labels']) retrieved from /home/airflow/.local/lib/python3.7/site-packages/airflow/example_dags/example_branch_labels.py
[2022-06-24 07:04:08,809] {logging_mixin.py:115} INFO - [2022-06-24 07:04:08,809] {dag.py:2379} INFO - Sync 1 DAGs
[2022-06-24 07:04:08,825] {logging_mixin.py:115} INFO - [2022-06-24 07:04:08,825] {dag.py:2931} INFO - Setting next_dagrun for example_branch_labels to 2022-06-23T00:00:00+00:00, run_after=2022-06-24T00:00:00+00:00
[2022-06-24 07:04:08,837] {processor.py:161} INFO - Processing /home/airflow/.local/lib/python3.7/site-packages/airflow/example_dags/example_branch_labels.py took 0.067 seconds
[2022-06-24 07:04:39,278] {processor.py:153} INFO - Started process (PID=6196) to work on /home/airflow/.local/lib/python3.7/site-packages/airflow/example_dags/example_branch_labels.py
[2022-06-24 07:04:39,279] {processor.py:641} INFO - Processing file /home/airflow/.local/lib/python3.7/site-packages/airflow/example_dags/example_branch_labels.py for tasks to queue
[2022-06-24 07:04:39,280] {logging_mixin.py:115} INFO - [2022-06-24 07:04:39,280] {dagbag.py:507} INFO - Filling up the DagBag from /home/airflow/.local/lib/python3.7/site-packages/airflow/example_dags/example_branch_labels.py
[2022-06-24 07:04:39,286] {processor.py:651} INFO - DAG(s) dict_keys(['example_branch_labels']) retrieved from /home/airflow/.local/lib/python3.7/site-packages/airflow/example_dags/example_branch_labels.py
[2022-06-24 07:04:39,314] {logging_mixin.py:115} INFO - [2022-06-24 07:04:39,314] {dag.py:2379} INFO - Sync 1 DAGs
[2022-06-24 07:04:39,331] {logging_mixin.py:115} INFO - [2022-06-24 07:04:39,331] {dag.py:2931} INFO - Setting next_dagrun for example_branch_labels to 2022-06-23T00:00:00+00:00, run_after=2022-06-24T00:00:00+00:00
[2022-06-24 07:04:39,342] {processor.py:161} INFO - Processing /home/airflow/.local/lib/python3.7/site-packages/airflow/example_dags/example_branch_labels.py took 0.068 seconds
[2022-06-24 07:05:09,713] {processor.py:153} INFO - Started process (PID=6260) to work on /home/airflow/.local/lib/python3.7/site-packages/airflow/example_dags/example_branch_labels.py
[2022-06-24 07:05:09,714] {processor.py:641} INFO - Processing file /home/airflow/.local/lib/python3.7/site-packages/airflow/example_dags/example_branch_labels.py for tasks to queue
[2022-06-24 07:05:09,715] {logging_mixin.py:115} INFO - [2022-06-24 07:05:09,715] {dagbag.py:507} INFO - Filling up the DagBag from /home/airflow/.local/lib/python3.7/site-packages/airflow/example_dags/example_branch_labels.py
[2022-06-24 07:05:09,721] {processor.py:651} INFO - DAG(s) dict_keys(['example_branch_labels']) retrieved from /home/airflow/.local/lib/python3.7/site-packages/airflow/example_dags/example_branch_labels.py
[2022-06-24 07:05:09,748] {logging_mixin.py:115} INFO - [2022-06-24 07:05:09,748] {dag.py:2379} INFO - Sync 1 DAGs
[2022-06-24 07:05:09,771] {logging_mixin.py:115} INFO - [2022-06-24 07:05:09,771] {dag.py:2931} INFO - Setting next_dagrun for example_branch_labels to 2022-06-23T00:00:00+00:00, run_after=2022-06-24T00:00:00+00:00
[2022-06-24 07:05:09,785] {processor.py:161} INFO - Processing /home/airflow/.local/lib/python3.7/site-packages/airflow/example_dags/example_branch_labels.py took 0.076 seconds
[2022-06-24 07:05:40,240] {processor.py:153} INFO - Started process (PID=6324) to work on /home/airflow/.local/lib/python3.7/site-packages/airflow/example_dags/example_branch_labels.py
[2022-06-24 07:05:40,241] {processor.py:641} INFO - Processing file /home/airflow/.local/lib/python3.7/site-packages/airflow/example_dags/example_branch_labels.py for tasks to queue
[2022-06-24 07:05:40,242] {logging_mixin.py:115} INFO - [2022-06-24 07:05:40,242] {dagbag.py:507} INFO - Filling up the DagBag from /home/airflow/.local/lib/python3.7/site-packages/airflow/example_dags/example_branch_labels.py
[2022-06-24 07:05:40,248] {processor.py:651} INFO - DAG(s) dict_keys(['example_branch_labels']) retrieved from /home/airflow/.local/lib/python3.7/site-packages/airflow/example_dags/example_branch_labels.py
[2022-06-24 07:05:40,325] {logging_mixin.py:115} INFO - [2022-06-24 07:05:40,325] {dag.py:2379} INFO - Sync 1 DAGs
[2022-06-24 07:05:40,345] {logging_mixin.py:115} INFO - [2022-06-24 07:05:40,345] {dag.py:2931} INFO - Setting next_dagrun for example_branch_labels to 2022-06-23T00:00:00+00:00, run_after=2022-06-24T00:00:00+00:00
[2022-06-24 07:05:40,359] {processor.py:161} INFO - Processing /home/airflow/.local/lib/python3.7/site-packages/airflow/example_dags/example_branch_labels.py took 0.122 seconds
[2022-06-24 07:06:10,424] {processor.py:153} INFO - Started process (PID=6388) to work on /home/airflow/.local/lib/python3.7/site-packages/airflow/example_dags/example_branch_labels.py
[2022-06-24 07:06:10,425] {processor.py:641} INFO - Processing file /home/airflow/.local/lib/python3.7/site-packages/airflow/example_dags/example_branch_labels.py for tasks to queue
[2022-06-24 07:06:10,426] {logging_mixin.py:115} INFO - [2022-06-24 07:06:10,426] {dagbag.py:507} INFO - Filling up the DagBag from /home/airflow/.local/lib/python3.7/site-packages/airflow/example_dags/example_branch_labels.py
[2022-06-24 07:06:10,432] {processor.py:651} INFO - DAG(s) dict_keys(['example_branch_labels']) retrieved from /home/airflow/.local/lib/python3.7/site-packages/airflow/example_dags/example_branch_labels.py
[2022-06-24 07:06:10,465] {logging_mixin.py:115} INFO - [2022-06-24 07:06:10,465] {dag.py:2379} INFO - Sync 1 DAGs
[2022-06-24 07:06:10,483] {logging_mixin.py:115} INFO - [2022-06-24 07:06:10,483] {dag.py:2931} INFO - Setting next_dagrun for example_branch_labels to 2022-06-23T00:00:00+00:00, run_after=2022-06-24T00:00:00+00:00
[2022-06-24 07:06:10,495] {processor.py:161} INFO - Processing /home/airflow/.local/lib/python3.7/site-packages/airflow/example_dags/example_branch_labels.py took 0.075 seconds
[2022-06-24 07:06:40,718] {processor.py:153} INFO - Started process (PID=6443) to work on /home/airflow/.local/lib/python3.7/site-packages/airflow/example_dags/example_branch_labels.py
[2022-06-24 07:06:40,719] {processor.py:641} INFO - Processing file /home/airflow/.local/lib/python3.7/site-packages/airflow/example_dags/example_branch_labels.py for tasks to queue
[2022-06-24 07:06:40,720] {logging_mixin.py:115} INFO - [2022-06-24 07:06:40,720] {dagbag.py:507} INFO - Filling up the DagBag from /home/airflow/.local/lib/python3.7/site-packages/airflow/example_dags/example_branch_labels.py
[2022-06-24 07:06:40,726] {processor.py:651} INFO - DAG(s) dict_keys(['example_branch_labels']) retrieved from /home/airflow/.local/lib/python3.7/site-packages/airflow/example_dags/example_branch_labels.py
[2022-06-24 07:06:40,753] {logging_mixin.py:115} INFO - [2022-06-24 07:06:40,753] {dag.py:2379} INFO - Sync 1 DAGs
[2022-06-24 07:06:40,769] {logging_mixin.py:115} INFO - [2022-06-24 07:06:40,769] {dag.py:2931} INFO - Setting next_dagrun for example_branch_labels to 2022-06-23T00:00:00+00:00, run_after=2022-06-24T00:00:00+00:00
[2022-06-24 07:06:40,783] {processor.py:161} INFO - Processing /home/airflow/.local/lib/python3.7/site-packages/airflow/example_dags/example_branch_labels.py took 0.069 seconds
[2022-06-24 07:07:11,096] {processor.py:153} INFO - Started process (PID=6507) to work on /home/airflow/.local/lib/python3.7/site-packages/airflow/example_dags/example_branch_labels.py
[2022-06-24 07:07:11,097] {processor.py:641} INFO - Processing file /home/airflow/.local/lib/python3.7/site-packages/airflow/example_dags/example_branch_labels.py for tasks to queue
[2022-06-24 07:07:11,099] {logging_mixin.py:115} INFO - [2022-06-24 07:07:11,099] {dagbag.py:507} INFO - Filling up the DagBag from /home/airflow/.local/lib/python3.7/site-packages/airflow/example_dags/example_branch_labels.py
[2022-06-24 07:07:11,104] {processor.py:651} INFO - DAG(s) dict_keys(['example_branch_labels']) retrieved from /home/airflow/.local/lib/python3.7/site-packages/airflow/example_dags/example_branch_labels.py
[2022-06-24 07:07:11,128] {logging_mixin.py:115} INFO - [2022-06-24 07:07:11,128] {dag.py:2379} INFO - Sync 1 DAGs
[2022-06-24 07:07:11,145] {logging_mixin.py:115} INFO - [2022-06-24 07:07:11,145] {dag.py:2931} INFO - Setting next_dagrun for example_branch_labels to 2022-06-23T00:00:00+00:00, run_after=2022-06-24T00:00:00+00:00
[2022-06-24 07:07:11,158] {processor.py:161} INFO - Processing /home/airflow/.local/lib/python3.7/site-packages/airflow/example_dags/example_branch_labels.py took 0.065 seconds
[2022-06-24 07:07:41,373] {processor.py:153} INFO - Started process (PID=6571) to work on /home/airflow/.local/lib/python3.7/site-packages/airflow/example_dags/example_branch_labels.py
[2022-06-24 07:07:41,374] {processor.py:641} INFO - Processing file /home/airflow/.local/lib/python3.7/site-packages/airflow/example_dags/example_branch_labels.py for tasks to queue
[2022-06-24 07:07:41,375] {logging_mixin.py:115} INFO - [2022-06-24 07:07:41,375] {dagbag.py:507} INFO - Filling up the DagBag from /home/airflow/.local/lib/python3.7/site-packages/airflow/example_dags/example_branch_labels.py
[2022-06-24 07:07:41,380] {processor.py:651} INFO - DAG(s) dict_keys(['example_branch_labels']) retrieved from /home/airflow/.local/lib/python3.7/site-packages/airflow/example_dags/example_branch_labels.py
[2022-06-24 07:07:41,409] {logging_mixin.py:115} INFO - [2022-06-24 07:07:41,409] {dag.py:2379} INFO - Sync 1 DAGs
[2022-06-24 07:07:41,425] {logging_mixin.py:115} INFO - [2022-06-24 07:07:41,425] {dag.py:2931} INFO - Setting next_dagrun for example_branch_labels to 2022-06-23T00:00:00+00:00, run_after=2022-06-24T00:00:00+00:00
[2022-06-24 07:07:41,438] {processor.py:161} INFO - Processing /home/airflow/.local/lib/python3.7/site-packages/airflow/example_dags/example_branch_labels.py took 0.069 seconds
[2022-06-24 07:08:11,791] {processor.py:153} INFO - Started process (PID=6626) to work on /home/airflow/.local/lib/python3.7/site-packages/airflow/example_dags/example_branch_labels.py
[2022-06-24 07:08:11,792] {processor.py:641} INFO - Processing file /home/airflow/.local/lib/python3.7/site-packages/airflow/example_dags/example_branch_labels.py for tasks to queue
[2022-06-24 07:08:11,793] {logging_mixin.py:115} INFO - [2022-06-24 07:08:11,793] {dagbag.py:507} INFO - Filling up the DagBag from /home/airflow/.local/lib/python3.7/site-packages/airflow/example_dags/example_branch_labels.py
[2022-06-24 07:08:11,798] {processor.py:651} INFO - DAG(s) dict_keys(['example_branch_labels']) retrieved from /home/airflow/.local/lib/python3.7/site-packages/airflow/example_dags/example_branch_labels.py
[2022-06-24 07:08:11,855] {logging_mixin.py:115} INFO - [2022-06-24 07:08:11,855] {dag.py:2379} INFO - Sync 1 DAGs
[2022-06-24 07:08:11,876] {logging_mixin.py:115} INFO - [2022-06-24 07:08:11,875] {dag.py:2931} INFO - Setting next_dagrun for example_branch_labels to 2022-06-23T00:00:00+00:00, run_after=2022-06-24T00:00:00+00:00
[2022-06-24 07:08:11,889] {processor.py:161} INFO - Processing /home/airflow/.local/lib/python3.7/site-packages/airflow/example_dags/example_branch_labels.py took 0.102 seconds
[2022-06-24 07:08:42,450] {processor.py:153} INFO - Started process (PID=6690) to work on /home/airflow/.local/lib/python3.7/site-packages/airflow/example_dags/example_branch_labels.py
[2022-06-24 07:08:42,451] {processor.py:641} INFO - Processing file /home/airflow/.local/lib/python3.7/site-packages/airflow/example_dags/example_branch_labels.py for tasks to queue
[2022-06-24 07:08:42,452] {logging_mixin.py:115} INFO - [2022-06-24 07:08:42,452] {dagbag.py:507} INFO - Filling up the DagBag from /home/airflow/.local/lib/python3.7/site-packages/airflow/example_dags/example_branch_labels.py
[2022-06-24 07:08:42,458] {processor.py:651} INFO - DAG(s) dict_keys(['example_branch_labels']) retrieved from /home/airflow/.local/lib/python3.7/site-packages/airflow/example_dags/example_branch_labels.py
[2022-06-24 07:08:42,488] {logging_mixin.py:115} INFO - [2022-06-24 07:08:42,488] {dag.py:2379} INFO - Sync 1 DAGs
[2022-06-24 07:08:42,508] {logging_mixin.py:115} INFO - [2022-06-24 07:08:42,508] {dag.py:2931} INFO - Setting next_dagrun for example_branch_labels to 2022-06-23T00:00:00+00:00, run_after=2022-06-24T00:00:00+00:00
[2022-06-24 07:08:42,525] {processor.py:161} INFO - Processing /home/airflow/.local/lib/python3.7/site-packages/airflow/example_dags/example_branch_labels.py took 0.079 seconds
[2022-06-24 07:09:12,960] {processor.py:153} INFO - Started process (PID=6754) to work on /home/airflow/.local/lib/python3.7/site-packages/airflow/example_dags/example_branch_labels.py
[2022-06-24 07:09:12,961] {processor.py:641} INFO - Processing file /home/airflow/.local/lib/python3.7/site-packages/airflow/example_dags/example_branch_labels.py for tasks to queue
[2022-06-24 07:09:12,962] {logging_mixin.py:115} INFO - [2022-06-24 07:09:12,961] {dagbag.py:507} INFO - Filling up the DagBag from /home/airflow/.local/lib/python3.7/site-packages/airflow/example_dags/example_branch_labels.py
[2022-06-24 07:09:12,968] {processor.py:651} INFO - DAG(s) dict_keys(['example_branch_labels']) retrieved from /home/airflow/.local/lib/python3.7/site-packages/airflow/example_dags/example_branch_labels.py
[2022-06-24 07:09:12,998] {logging_mixin.py:115} INFO - [2022-06-24 07:09:12,998] {dag.py:2379} INFO - Sync 1 DAGs
[2022-06-24 07:09:13,016] {logging_mixin.py:115} INFO - [2022-06-24 07:09:13,016] {dag.py:2931} INFO - Setting next_dagrun for example_branch_labels to 2022-06-23T00:00:00+00:00, run_after=2022-06-24T00:00:00+00:00
[2022-06-24 07:09:13,030] {processor.py:161} INFO - Processing /home/airflow/.local/lib/python3.7/site-packages/airflow/example_dags/example_branch_labels.py took 0.075 seconds
[2022-06-24 07:09:43,456] {processor.py:153} INFO - Started process (PID=6818) to work on /home/airflow/.local/lib/python3.7/site-packages/airflow/example_dags/example_branch_labels.py
[2022-06-24 07:09:43,457] {processor.py:641} INFO - Processing file /home/airflow/.local/lib/python3.7/site-packages/airflow/example_dags/example_branch_labels.py for tasks to queue
[2022-06-24 07:09:43,457] {logging_mixin.py:115} INFO - [2022-06-24 07:09:43,457] {dagbag.py:507} INFO - Filling up the DagBag from /home/airflow/.local/lib/python3.7/site-packages/airflow/example_dags/example_branch_labels.py
[2022-06-24 07:09:43,463] {processor.py:651} INFO - DAG(s) dict_keys(['example_branch_labels']) retrieved from /home/airflow/.local/lib/python3.7/site-packages/airflow/example_dags/example_branch_labels.py
[2022-06-24 07:09:43,488] {logging_mixin.py:115} INFO - [2022-06-24 07:09:43,488] {dag.py:2379} INFO - Sync 1 DAGs
[2022-06-24 07:09:43,506] {logging_mixin.py:115} INFO - [2022-06-24 07:09:43,505] {dag.py:2931} INFO - Setting next_dagrun for example_branch_labels to 2022-06-23T00:00:00+00:00, run_after=2022-06-24T00:00:00+00:00
[2022-06-24 07:09:43,522] {processor.py:161} INFO - Processing /home/airflow/.local/lib/python3.7/site-packages/airflow/example_dags/example_branch_labels.py took 0.070 seconds
[2022-06-24 07:10:13,883] {processor.py:153} INFO - Started process (PID=6873) to work on /home/airflow/.local/lib/python3.7/site-packages/airflow/example_dags/example_branch_labels.py
[2022-06-24 07:10:13,884] {processor.py:641} INFO - Processing file /home/airflow/.local/lib/python3.7/site-packages/airflow/example_dags/example_branch_labels.py for tasks to queue
[2022-06-24 07:10:13,885] {logging_mixin.py:115} INFO - [2022-06-24 07:10:13,885] {dagbag.py:507} INFO - Filling up the DagBag from /home/airflow/.local/lib/python3.7/site-packages/airflow/example_dags/example_branch_labels.py
[2022-06-24 07:10:13,890] {processor.py:651} INFO - DAG(s) dict_keys(['example_branch_labels']) retrieved from /home/airflow/.local/lib/python3.7/site-packages/airflow/example_dags/example_branch_labels.py
[2022-06-24 07:10:13,917] {logging_mixin.py:115} INFO - [2022-06-24 07:10:13,917] {dag.py:2379} INFO - Sync 1 DAGs
[2022-06-24 07:10:13,933] {logging_mixin.py:115} INFO - [2022-06-24 07:10:13,933] {dag.py:2931} INFO - Setting next_dagrun for example_branch_labels to 2022-06-23T00:00:00+00:00, run_after=2022-06-24T00:00:00+00:00
[2022-06-24 07:10:13,946] {processor.py:161} INFO - Processing /home/airflow/.local/lib/python3.7/site-packages/airflow/example_dags/example_branch_labels.py took 0.066 seconds
[2022-06-24 07:10:44,444] {processor.py:153} INFO - Started process (PID=6937) to work on /home/airflow/.local/lib/python3.7/site-packages/airflow/example_dags/example_branch_labels.py
[2022-06-24 07:10:44,445] {processor.py:641} INFO - Processing file /home/airflow/.local/lib/python3.7/site-packages/airflow/example_dags/example_branch_labels.py for tasks to queue
[2022-06-24 07:10:44,446] {logging_mixin.py:115} INFO - [2022-06-24 07:10:44,446] {dagbag.py:507} INFO - Filling up the DagBag from /home/airflow/.local/lib/python3.7/site-packages/airflow/example_dags/example_branch_labels.py
[2022-06-24 07:10:44,453] {processor.py:651} INFO - DAG(s) dict_keys(['example_branch_labels']) retrieved from /home/airflow/.local/lib/python3.7/site-packages/airflow/example_dags/example_branch_labels.py
[2022-06-24 07:10:44,480] {logging_mixin.py:115} INFO - [2022-06-24 07:10:44,479] {dag.py:2379} INFO - Sync 1 DAGs
[2022-06-24 07:10:44,497] {logging_mixin.py:115} INFO - [2022-06-24 07:10:44,497] {dag.py:2931} INFO - Setting next_dagrun for example_branch_labels to 2022-06-23T00:00:00+00:00, run_after=2022-06-24T00:00:00+00:00
[2022-06-24 07:10:44,510] {processor.py:161} INFO - Processing /home/airflow/.local/lib/python3.7/site-packages/airflow/example_dags/example_branch_labels.py took 0.069 seconds
[2022-06-24 07:11:14,799] {processor.py:153} INFO - Started process (PID=7001) to work on /home/airflow/.local/lib/python3.7/site-packages/airflow/example_dags/example_branch_labels.py
[2022-06-24 07:11:14,800] {processor.py:641} INFO - Processing file /home/airflow/.local/lib/python3.7/site-packages/airflow/example_dags/example_branch_labels.py for tasks to queue
[2022-06-24 07:11:14,802] {logging_mixin.py:115} INFO - [2022-06-24 07:11:14,801] {dagbag.py:507} INFO - Filling up the DagBag from /home/airflow/.local/lib/python3.7/site-packages/airflow/example_dags/example_branch_labels.py
[2022-06-24 07:11:14,807] {processor.py:651} INFO - DAG(s) dict_keys(['example_branch_labels']) retrieved from /home/airflow/.local/lib/python3.7/site-packages/airflow/example_dags/example_branch_labels.py
[2022-06-24 07:11:14,838] {logging_mixin.py:115} INFO - [2022-06-24 07:11:14,838] {dag.py:2379} INFO - Sync 1 DAGs
[2022-06-24 07:11:14,856] {logging_mixin.py:115} INFO - [2022-06-24 07:11:14,855] {dag.py:2931} INFO - Setting next_dagrun for example_branch_labels to 2022-06-23T00:00:00+00:00, run_after=2022-06-24T00:00:00+00:00
[2022-06-24 07:11:14,869] {processor.py:161} INFO - Processing /home/airflow/.local/lib/python3.7/site-packages/airflow/example_dags/example_branch_labels.py took 0.074 seconds
[2022-06-24 07:11:44,984] {processor.py:153} INFO - Started process (PID=7056) to work on /home/airflow/.local/lib/python3.7/site-packages/airflow/example_dags/example_branch_labels.py
[2022-06-24 07:11:44,985] {processor.py:641} INFO - Processing file /home/airflow/.local/lib/python3.7/site-packages/airflow/example_dags/example_branch_labels.py for tasks to queue
[2022-06-24 07:11:44,986] {logging_mixin.py:115} INFO - [2022-06-24 07:11:44,986] {dagbag.py:507} INFO - Filling up the DagBag from /home/airflow/.local/lib/python3.7/site-packages/airflow/example_dags/example_branch_labels.py
[2022-06-24 07:11:44,992] {processor.py:651} INFO - DAG(s) dict_keys(['example_branch_labels']) retrieved from /home/airflow/.local/lib/python3.7/site-packages/airflow/example_dags/example_branch_labels.py
[2022-06-24 07:11:45,016] {logging_mixin.py:115} INFO - [2022-06-24 07:11:45,016] {dag.py:2379} INFO - Sync 1 DAGs
[2022-06-24 07:11:45,032] {logging_mixin.py:115} INFO - [2022-06-24 07:11:45,032] {dag.py:2931} INFO - Setting next_dagrun for example_branch_labels to 2022-06-23T00:00:00+00:00, run_after=2022-06-24T00:00:00+00:00
[2022-06-24 07:11:45,046] {processor.py:161} INFO - Processing /home/airflow/.local/lib/python3.7/site-packages/airflow/example_dags/example_branch_labels.py took 0.065 seconds
[2022-06-24 07:12:15,385] {processor.py:153} INFO - Started process (PID=7121) to work on /home/airflow/.local/lib/python3.7/site-packages/airflow/example_dags/example_branch_labels.py
[2022-06-24 07:12:15,386] {processor.py:641} INFO - Processing file /home/airflow/.local/lib/python3.7/site-packages/airflow/example_dags/example_branch_labels.py for tasks to queue
[2022-06-24 07:12:15,386] {logging_mixin.py:115} INFO - [2022-06-24 07:12:15,386] {dagbag.py:507} INFO - Filling up the DagBag from /home/airflow/.local/lib/python3.7/site-packages/airflow/example_dags/example_branch_labels.py
[2022-06-24 07:12:15,392] {processor.py:651} INFO - DAG(s) dict_keys(['example_branch_labels']) retrieved from /home/airflow/.local/lib/python3.7/site-packages/airflow/example_dags/example_branch_labels.py
[2022-06-24 07:12:15,414] {logging_mixin.py:115} INFO - [2022-06-24 07:12:15,414] {dag.py:2379} INFO - Sync 1 DAGs
[2022-06-24 07:12:15,430] {logging_mixin.py:115} INFO - [2022-06-24 07:12:15,430] {dag.py:2931} INFO - Setting next_dagrun for example_branch_labels to 2022-06-23T00:00:00+00:00, run_after=2022-06-24T00:00:00+00:00
[2022-06-24 07:12:15,442] {processor.py:161} INFO - Processing /home/airflow/.local/lib/python3.7/site-packages/airflow/example_dags/example_branch_labels.py took 0.060 seconds
[2022-06-24 07:12:45,548] {processor.py:153} INFO - Started process (PID=7185) to work on /home/airflow/.local/lib/python3.7/site-packages/airflow/example_dags/example_branch_labels.py
[2022-06-24 07:12:45,556] {processor.py:641} INFO - Processing file /home/airflow/.local/lib/python3.7/site-packages/airflow/example_dags/example_branch_labels.py for tasks to queue
[2022-06-24 07:12:45,560] {logging_mixin.py:115} INFO - [2022-06-24 07:12:45,560] {dagbag.py:507} INFO - Filling up the DagBag from /home/airflow/.local/lib/python3.7/site-packages/airflow/example_dags/example_branch_labels.py
[2022-06-24 07:12:45,567] {processor.py:651} INFO - DAG(s) dict_keys(['example_branch_labels']) retrieved from /home/airflow/.local/lib/python3.7/site-packages/airflow/example_dags/example_branch_labels.py
[2022-06-24 07:12:45,600] {logging_mixin.py:115} INFO - [2022-06-24 07:12:45,600] {dag.py:2379} INFO - Sync 1 DAGs
[2022-06-24 07:12:45,620] {logging_mixin.py:115} INFO - [2022-06-24 07:12:45,620] {dag.py:2931} INFO - Setting next_dagrun for example_branch_labels to 2022-06-23T00:00:00+00:00, run_after=2022-06-24T00:00:00+00:00
[2022-06-24 07:12:45,632] {processor.py:161} INFO - Processing /home/airflow/.local/lib/python3.7/site-packages/airflow/example_dags/example_branch_labels.py took 0.087 seconds
[2022-06-24 07:13:15,833] {processor.py:153} INFO - Started process (PID=7249) to work on /home/airflow/.local/lib/python3.7/site-packages/airflow/example_dags/example_branch_labels.py
[2022-06-24 07:13:15,834] {processor.py:641} INFO - Processing file /home/airflow/.local/lib/python3.7/site-packages/airflow/example_dags/example_branch_labels.py for tasks to queue
[2022-06-24 07:13:15,835] {logging_mixin.py:115} INFO - [2022-06-24 07:13:15,834] {dagbag.py:507} INFO - Filling up the DagBag from /home/airflow/.local/lib/python3.7/site-packages/airflow/example_dags/example_branch_labels.py
[2022-06-24 07:13:15,840] {processor.py:651} INFO - DAG(s) dict_keys(['example_branch_labels']) retrieved from /home/airflow/.local/lib/python3.7/site-packages/airflow/example_dags/example_branch_labels.py
[2022-06-24 07:13:15,866] {logging_mixin.py:115} INFO - [2022-06-24 07:13:15,866] {dag.py:2379} INFO - Sync 1 DAGs
[2022-06-24 07:13:15,883] {logging_mixin.py:115} INFO - [2022-06-24 07:13:15,883] {dag.py:2931} INFO - Setting next_dagrun for example_branch_labels to 2022-06-23T00:00:00+00:00, run_after=2022-06-24T00:00:00+00:00
[2022-06-24 07:13:15,892] {processor.py:161} INFO - Processing /home/airflow/.local/lib/python3.7/site-packages/airflow/example_dags/example_branch_labels.py took 0.063 seconds
[2022-06-24 07:13:46,370] {processor.py:153} INFO - Started process (PID=7304) to work on /home/airflow/.local/lib/python3.7/site-packages/airflow/example_dags/example_branch_labels.py
[2022-06-24 07:13:46,371] {processor.py:641} INFO - Processing file /home/airflow/.local/lib/python3.7/site-packages/airflow/example_dags/example_branch_labels.py for tasks to queue
[2022-06-24 07:13:46,372] {logging_mixin.py:115} INFO - [2022-06-24 07:13:46,372] {dagbag.py:507} INFO - Filling up the DagBag from /home/airflow/.local/lib/python3.7/site-packages/airflow/example_dags/example_branch_labels.py
[2022-06-24 07:13:46,378] {processor.py:651} INFO - DAG(s) dict_keys(['example_branch_labels']) retrieved from /home/airflow/.local/lib/python3.7/site-packages/airflow/example_dags/example_branch_labels.py
[2022-06-24 07:13:46,408] {logging_mixin.py:115} INFO - [2022-06-24 07:13:46,408] {dag.py:2379} INFO - Sync 1 DAGs
[2022-06-24 07:13:46,424] {logging_mixin.py:115} INFO - [2022-06-24 07:13:46,424] {dag.py:2931} INFO - Setting next_dagrun for example_branch_labels to 2022-06-23T00:00:00+00:00, run_after=2022-06-24T00:00:00+00:00
[2022-06-24 07:13:46,436] {processor.py:161} INFO - Processing /home/airflow/.local/lib/python3.7/site-packages/airflow/example_dags/example_branch_labels.py took 0.069 seconds
[2022-06-24 07:14:16,989] {processor.py:153} INFO - Started process (PID=7368) to work on /home/airflow/.local/lib/python3.7/site-packages/airflow/example_dags/example_branch_labels.py
[2022-06-24 07:14:16,990] {processor.py:641} INFO - Processing file /home/airflow/.local/lib/python3.7/site-packages/airflow/example_dags/example_branch_labels.py for tasks to queue
[2022-06-24 07:14:16,991] {logging_mixin.py:115} INFO - [2022-06-24 07:14:16,991] {dagbag.py:507} INFO - Filling up the DagBag from /home/airflow/.local/lib/python3.7/site-packages/airflow/example_dags/example_branch_labels.py
[2022-06-24 07:14:16,997] {processor.py:651} INFO - DAG(s) dict_keys(['example_branch_labels']) retrieved from /home/airflow/.local/lib/python3.7/site-packages/airflow/example_dags/example_branch_labels.py
[2022-06-24 07:14:17,027] {logging_mixin.py:115} INFO - [2022-06-24 07:14:17,027] {dag.py:2379} INFO - Sync 1 DAGs
[2022-06-24 07:14:17,047] {logging_mixin.py:115} INFO - [2022-06-24 07:14:17,047] {dag.py:2931} INFO - Setting next_dagrun for example_branch_labels to 2022-06-23T00:00:00+00:00, run_after=2022-06-24T00:00:00+00:00
[2022-06-24 07:14:17,059] {processor.py:161} INFO - Processing /home/airflow/.local/lib/python3.7/site-packages/airflow/example_dags/example_branch_labels.py took 0.073 seconds
[2022-06-24 07:14:47,562] {processor.py:153} INFO - Started process (PID=7432) to work on /home/airflow/.local/lib/python3.7/site-packages/airflow/example_dags/example_branch_labels.py
[2022-06-24 07:14:47,563] {processor.py:641} INFO - Processing file /home/airflow/.local/lib/python3.7/site-packages/airflow/example_dags/example_branch_labels.py for tasks to queue
[2022-06-24 07:14:47,564] {logging_mixin.py:115} INFO - [2022-06-24 07:14:47,564] {dagbag.py:507} INFO - Filling up the DagBag from /home/airflow/.local/lib/python3.7/site-packages/airflow/example_dags/example_branch_labels.py
[2022-06-24 07:14:47,571] {processor.py:651} INFO - DAG(s) dict_keys(['example_branch_labels']) retrieved from /home/airflow/.local/lib/python3.7/site-packages/airflow/example_dags/example_branch_labels.py
[2022-06-24 07:14:47,599] {logging_mixin.py:115} INFO - [2022-06-24 07:14:47,599] {dag.py:2379} INFO - Sync 1 DAGs
[2022-06-24 07:14:47,617] {logging_mixin.py:115} INFO - [2022-06-24 07:14:47,617] {dag.py:2931} INFO - Setting next_dagrun for example_branch_labels to 2022-06-23T00:00:00+00:00, run_after=2022-06-24T00:00:00+00:00
[2022-06-24 07:14:47,630] {processor.py:161} INFO - Processing /home/airflow/.local/lib/python3.7/site-packages/airflow/example_dags/example_branch_labels.py took 0.072 seconds
[2022-06-24 07:15:17,949] {processor.py:153} INFO - Started process (PID=7497) to work on /home/airflow/.local/lib/python3.7/site-packages/airflow/example_dags/example_branch_labels.py
[2022-06-24 07:15:17,950] {processor.py:641} INFO - Processing file /home/airflow/.local/lib/python3.7/site-packages/airflow/example_dags/example_branch_labels.py for tasks to queue
[2022-06-24 07:15:17,950] {logging_mixin.py:115} INFO - [2022-06-24 07:15:17,950] {dagbag.py:507} INFO - Filling up the DagBag from /home/airflow/.local/lib/python3.7/site-packages/airflow/example_dags/example_branch_labels.py
[2022-06-24 07:15:17,957] {processor.py:651} INFO - DAG(s) dict_keys(['example_branch_labels']) retrieved from /home/airflow/.local/lib/python3.7/site-packages/airflow/example_dags/example_branch_labels.py
[2022-06-24 07:15:18,025] {logging_mixin.py:115} INFO - [2022-06-24 07:15:18,025] {dag.py:2379} INFO - Sync 1 DAGs
[2022-06-24 07:15:18,044] {logging_mixin.py:115} INFO - [2022-06-24 07:15:18,043] {dag.py:2931} INFO - Setting next_dagrun for example_branch_labels to 2022-06-23T00:00:00+00:00, run_after=2022-06-24T00:00:00+00:00
[2022-06-24 07:15:18,056] {processor.py:161} INFO - Processing /home/airflow/.local/lib/python3.7/site-packages/airflow/example_dags/example_branch_labels.py took 0.112 seconds
[2022-06-24 07:15:48,329] {processor.py:153} INFO - Started process (PID=7552) to work on /home/airflow/.local/lib/python3.7/site-packages/airflow/example_dags/example_branch_labels.py
[2022-06-24 07:15:48,329] {processor.py:641} INFO - Processing file /home/airflow/.local/lib/python3.7/site-packages/airflow/example_dags/example_branch_labels.py for tasks to queue
[2022-06-24 07:15:48,330] {logging_mixin.py:115} INFO - [2022-06-24 07:15:48,330] {dagbag.py:507} INFO - Filling up the DagBag from /home/airflow/.local/lib/python3.7/site-packages/airflow/example_dags/example_branch_labels.py
[2022-06-24 07:15:48,336] {processor.py:651} INFO - DAG(s) dict_keys(['example_branch_labels']) retrieved from /home/airflow/.local/lib/python3.7/site-packages/airflow/example_dags/example_branch_labels.py
[2022-06-24 07:15:48,365] {logging_mixin.py:115} INFO - [2022-06-24 07:15:48,365] {dag.py:2379} INFO - Sync 1 DAGs
[2022-06-24 07:15:48,381] {logging_mixin.py:115} INFO - [2022-06-24 07:15:48,381] {dag.py:2931} INFO - Setting next_dagrun for example_branch_labels to 2022-06-23T00:00:00+00:00, run_after=2022-06-24T00:00:00+00:00
[2022-06-24 07:15:48,392] {processor.py:161} INFO - Processing /home/airflow/.local/lib/python3.7/site-packages/airflow/example_dags/example_branch_labels.py took 0.069 seconds
[2022-06-24 07:16:18,865] {processor.py:153} INFO - Started process (PID=7616) to work on /home/airflow/.local/lib/python3.7/site-packages/airflow/example_dags/example_branch_labels.py
[2022-06-24 07:16:18,866] {processor.py:641} INFO - Processing file /home/airflow/.local/lib/python3.7/site-packages/airflow/example_dags/example_branch_labels.py for tasks to queue
[2022-06-24 07:16:18,867] {logging_mixin.py:115} INFO - [2022-06-24 07:16:18,867] {dagbag.py:507} INFO - Filling up the DagBag from /home/airflow/.local/lib/python3.7/site-packages/airflow/example_dags/example_branch_labels.py
[2022-06-24 07:16:18,873] {processor.py:651} INFO - DAG(s) dict_keys(['example_branch_labels']) retrieved from /home/airflow/.local/lib/python3.7/site-packages/airflow/example_dags/example_branch_labels.py
[2022-06-24 07:16:18,903] {logging_mixin.py:115} INFO - [2022-06-24 07:16:18,903] {dag.py:2379} INFO - Sync 1 DAGs
[2022-06-24 07:16:18,924] {logging_mixin.py:115} INFO - [2022-06-24 07:16:18,924] {dag.py:2931} INFO - Setting next_dagrun for example_branch_labels to 2022-06-23T00:00:00+00:00, run_after=2022-06-24T00:00:00+00:00
[2022-06-24 07:16:18,941] {processor.py:161} INFO - Processing /home/airflow/.local/lib/python3.7/site-packages/airflow/example_dags/example_branch_labels.py took 0.079 seconds
[2022-06-24 07:16:49,446] {processor.py:153} INFO - Started process (PID=7680) to work on /home/airflow/.local/lib/python3.7/site-packages/airflow/example_dags/example_branch_labels.py
[2022-06-24 07:16:49,447] {processor.py:641} INFO - Processing file /home/airflow/.local/lib/python3.7/site-packages/airflow/example_dags/example_branch_labels.py for tasks to queue
[2022-06-24 07:16:49,448] {logging_mixin.py:115} INFO - [2022-06-24 07:16:49,447] {dagbag.py:507} INFO - Filling up the DagBag from /home/airflow/.local/lib/python3.7/site-packages/airflow/example_dags/example_branch_labels.py
[2022-06-24 07:16:49,456] {processor.py:651} INFO - DAG(s) dict_keys(['example_branch_labels']) retrieved from /home/airflow/.local/lib/python3.7/site-packages/airflow/example_dags/example_branch_labels.py
[2022-06-24 07:16:49,488] {logging_mixin.py:115} INFO - [2022-06-24 07:16:49,488] {dag.py:2379} INFO - Sync 1 DAGs
[2022-06-24 07:16:49,506] {logging_mixin.py:115} INFO - [2022-06-24 07:16:49,506] {dag.py:2931} INFO - Setting next_dagrun for example_branch_labels to 2022-06-23T00:00:00+00:00, run_after=2022-06-24T00:00:00+00:00
[2022-06-24 07:16:49,519] {processor.py:161} INFO - Processing /home/airflow/.local/lib/python3.7/site-packages/airflow/example_dags/example_branch_labels.py took 0.077 seconds
[2022-06-24 07:17:19,964] {processor.py:153} INFO - Started process (PID=7735) to work on /home/airflow/.local/lib/python3.7/site-packages/airflow/example_dags/example_branch_labels.py
[2022-06-24 07:17:19,964] {processor.py:641} INFO - Processing file /home/airflow/.local/lib/python3.7/site-packages/airflow/example_dags/example_branch_labels.py for tasks to queue
[2022-06-24 07:17:19,965] {logging_mixin.py:115} INFO - [2022-06-24 07:17:19,965] {dagbag.py:507} INFO - Filling up the DagBag from /home/airflow/.local/lib/python3.7/site-packages/airflow/example_dags/example_branch_labels.py
[2022-06-24 07:17:19,972] {processor.py:651} INFO - DAG(s) dict_keys(['example_branch_labels']) retrieved from /home/airflow/.local/lib/python3.7/site-packages/airflow/example_dags/example_branch_labels.py
[2022-06-24 07:17:20,006] {logging_mixin.py:115} INFO - [2022-06-24 07:17:20,006] {dag.py:2379} INFO - Sync 1 DAGs
[2022-06-24 07:17:20,025] {logging_mixin.py:115} INFO - [2022-06-24 07:17:20,025] {dag.py:2931} INFO - Setting next_dagrun for example_branch_labels to 2022-06-23T00:00:00+00:00, run_after=2022-06-24T00:00:00+00:00
[2022-06-24 07:17:20,038] {processor.py:161} INFO - Processing /home/airflow/.local/lib/python3.7/site-packages/airflow/example_dags/example_branch_labels.py took 0.077 seconds
[2022-06-24 07:17:50,636] {processor.py:153} INFO - Started process (PID=7799) to work on /home/airflow/.local/lib/python3.7/site-packages/airflow/example_dags/example_branch_labels.py
[2022-06-24 07:17:50,637] {processor.py:641} INFO - Processing file /home/airflow/.local/lib/python3.7/site-packages/airflow/example_dags/example_branch_labels.py for tasks to queue
[2022-06-24 07:17:50,637] {logging_mixin.py:115} INFO - [2022-06-24 07:17:50,637] {dagbag.py:507} INFO - Filling up the DagBag from /home/airflow/.local/lib/python3.7/site-packages/airflow/example_dags/example_branch_labels.py
[2022-06-24 07:17:50,645] {processor.py:651} INFO - DAG(s) dict_keys(['example_branch_labels']) retrieved from /home/airflow/.local/lib/python3.7/site-packages/airflow/example_dags/example_branch_labels.py
[2022-06-24 07:17:50,676] {logging_mixin.py:115} INFO - [2022-06-24 07:17:50,676] {dag.py:2379} INFO - Sync 1 DAGs
[2022-06-24 07:17:50,698] {logging_mixin.py:115} INFO - [2022-06-24 07:17:50,698] {dag.py:2931} INFO - Setting next_dagrun for example_branch_labels to 2022-06-23T00:00:00+00:00, run_after=2022-06-24T00:00:00+00:00
[2022-06-24 07:17:50,708] {processor.py:161} INFO - Processing /home/airflow/.local/lib/python3.7/site-packages/airflow/example_dags/example_branch_labels.py took 0.076 seconds
[2022-06-24 07:18:21,343] {processor.py:153} INFO - Started process (PID=7863) to work on /home/airflow/.local/lib/python3.7/site-packages/airflow/example_dags/example_branch_labels.py
[2022-06-24 07:18:21,343] {processor.py:641} INFO - Processing file /home/airflow/.local/lib/python3.7/site-packages/airflow/example_dags/example_branch_labels.py for tasks to queue
[2022-06-24 07:18:21,344] {logging_mixin.py:115} INFO - [2022-06-24 07:18:21,344] {dagbag.py:507} INFO - Filling up the DagBag from /home/airflow/.local/lib/python3.7/site-packages/airflow/example_dags/example_branch_labels.py
[2022-06-24 07:18:21,350] {processor.py:651} INFO - DAG(s) dict_keys(['example_branch_labels']) retrieved from /home/airflow/.local/lib/python3.7/site-packages/airflow/example_dags/example_branch_labels.py
[2022-06-24 07:18:21,383] {logging_mixin.py:115} INFO - [2022-06-24 07:18:21,383] {dag.py:2379} INFO - Sync 1 DAGs
[2022-06-24 07:18:21,407] {logging_mixin.py:115} INFO - [2022-06-24 07:18:21,406] {dag.py:2931} INFO - Setting next_dagrun for example_branch_labels to 2022-06-23T00:00:00+00:00, run_after=2022-06-24T00:00:00+00:00
[2022-06-24 07:18:21,428] {processor.py:161} INFO - Processing /home/airflow/.local/lib/python3.7/site-packages/airflow/example_dags/example_branch_labels.py took 0.089 seconds
[2022-06-24 07:18:52,048] {processor.py:153} INFO - Started process (PID=7928) to work on /home/airflow/.local/lib/python3.7/site-packages/airflow/example_dags/example_branch_labels.py
[2022-06-24 07:18:52,048] {processor.py:641} INFO - Processing file /home/airflow/.local/lib/python3.7/site-packages/airflow/example_dags/example_branch_labels.py for tasks to queue
[2022-06-24 07:18:52,049] {logging_mixin.py:115} INFO - [2022-06-24 07:18:52,049] {dagbag.py:507} INFO - Filling up the DagBag from /home/airflow/.local/lib/python3.7/site-packages/airflow/example_dags/example_branch_labels.py
[2022-06-24 07:18:52,056] {processor.py:651} INFO - DAG(s) dict_keys(['example_branch_labels']) retrieved from /home/airflow/.local/lib/python3.7/site-packages/airflow/example_dags/example_branch_labels.py
[2022-06-24 07:18:52,080] {logging_mixin.py:115} INFO - [2022-06-24 07:18:52,080] {dag.py:2379} INFO - Sync 1 DAGs
[2022-06-24 07:18:52,102] {logging_mixin.py:115} INFO - [2022-06-24 07:18:52,102] {dag.py:2931} INFO - Setting next_dagrun for example_branch_labels to 2022-06-23T00:00:00+00:00, run_after=2022-06-24T00:00:00+00:00
[2022-06-24 07:18:52,116] {processor.py:161} INFO - Processing /home/airflow/.local/lib/python3.7/site-packages/airflow/example_dags/example_branch_labels.py took 0.072 seconds
[2022-06-24 07:19:22,786] {processor.py:153} INFO - Started process (PID=7983) to work on /home/airflow/.local/lib/python3.7/site-packages/airflow/example_dags/example_branch_labels.py
[2022-06-24 07:19:22,787] {processor.py:641} INFO - Processing file /home/airflow/.local/lib/python3.7/site-packages/airflow/example_dags/example_branch_labels.py for tasks to queue
[2022-06-24 07:19:22,787] {logging_mixin.py:115} INFO - [2022-06-24 07:19:22,787] {dagbag.py:507} INFO - Filling up the DagBag from /home/airflow/.local/lib/python3.7/site-packages/airflow/example_dags/example_branch_labels.py
[2022-06-24 07:19:22,793] {processor.py:651} INFO - DAG(s) dict_keys(['example_branch_labels']) retrieved from /home/airflow/.local/lib/python3.7/site-packages/airflow/example_dags/example_branch_labels.py
[2022-06-24 07:19:22,820] {logging_mixin.py:115} INFO - [2022-06-24 07:19:22,820] {dag.py:2379} INFO - Sync 1 DAGs
[2022-06-24 07:19:22,842] {logging_mixin.py:115} INFO - [2022-06-24 07:19:22,842] {dag.py:2931} INFO - Setting next_dagrun for example_branch_labels to 2022-06-23T00:00:00+00:00, run_after=2022-06-24T00:00:00+00:00
[2022-06-24 07:19:22,854] {processor.py:161} INFO - Processing /home/airflow/.local/lib/python3.7/site-packages/airflow/example_dags/example_branch_labels.py took 0.071 seconds
[2022-06-24 07:19:53,131] {processor.py:153} INFO - Started process (PID=8047) to work on /home/airflow/.local/lib/python3.7/site-packages/airflow/example_dags/example_branch_labels.py
[2022-06-24 07:19:53,132] {processor.py:641} INFO - Processing file /home/airflow/.local/lib/python3.7/site-packages/airflow/example_dags/example_branch_labels.py for tasks to queue
[2022-06-24 07:19:53,133] {logging_mixin.py:115} INFO - [2022-06-24 07:19:53,133] {dagbag.py:507} INFO - Filling up the DagBag from /home/airflow/.local/lib/python3.7/site-packages/airflow/example_dags/example_branch_labels.py
[2022-06-24 07:19:53,139] {processor.py:651} INFO - DAG(s) dict_keys(['example_branch_labels']) retrieved from /home/airflow/.local/lib/python3.7/site-packages/airflow/example_dags/example_branch_labels.py
[2022-06-24 07:19:53,163] {logging_mixin.py:115} INFO - [2022-06-24 07:19:53,163] {dag.py:2379} INFO - Sync 1 DAGs
[2022-06-24 07:19:53,182] {logging_mixin.py:115} INFO - [2022-06-24 07:19:53,182] {dag.py:2931} INFO - Setting next_dagrun for example_branch_labels to 2022-06-23T00:00:00+00:00, run_after=2022-06-24T00:00:00+00:00
[2022-06-24 07:19:53,196] {processor.py:161} INFO - Processing /home/airflow/.local/lib/python3.7/site-packages/airflow/example_dags/example_branch_labels.py took 0.069 seconds
[2022-06-24 07:20:23,556] {processor.py:153} INFO - Started process (PID=8111) to work on /home/airflow/.local/lib/python3.7/site-packages/airflow/example_dags/example_branch_labels.py
[2022-06-24 07:20:23,557] {processor.py:641} INFO - Processing file /home/airflow/.local/lib/python3.7/site-packages/airflow/example_dags/example_branch_labels.py for tasks to queue
[2022-06-24 07:20:23,557] {logging_mixin.py:115} INFO - [2022-06-24 07:20:23,557] {dagbag.py:507} INFO - Filling up the DagBag from /home/airflow/.local/lib/python3.7/site-packages/airflow/example_dags/example_branch_labels.py
[2022-06-24 07:20:23,563] {processor.py:651} INFO - DAG(s) dict_keys(['example_branch_labels']) retrieved from /home/airflow/.local/lib/python3.7/site-packages/airflow/example_dags/example_branch_labels.py
[2022-06-24 07:20:23,586] {logging_mixin.py:115} INFO - [2022-06-24 07:20:23,586] {dag.py:2379} INFO - Sync 1 DAGs
[2022-06-24 07:20:23,607] {logging_mixin.py:115} INFO - [2022-06-24 07:20:23,607] {dag.py:2931} INFO - Setting next_dagrun for example_branch_labels to 2022-06-23T00:00:00+00:00, run_after=2022-06-24T00:00:00+00:00
[2022-06-24 07:20:23,619] {processor.py:161} INFO - Processing /home/airflow/.local/lib/python3.7/site-packages/airflow/example_dags/example_branch_labels.py took 0.066 seconds
[2022-06-24 07:20:53,871] {processor.py:153} INFO - Started process (PID=8166) to work on /home/airflow/.local/lib/python3.7/site-packages/airflow/example_dags/example_branch_labels.py
[2022-06-24 07:20:53,871] {processor.py:641} INFO - Processing file /home/airflow/.local/lib/python3.7/site-packages/airflow/example_dags/example_branch_labels.py for tasks to queue
[2022-06-24 07:20:53,872] {logging_mixin.py:115} INFO - [2022-06-24 07:20:53,872] {dagbag.py:507} INFO - Filling up the DagBag from /home/airflow/.local/lib/python3.7/site-packages/airflow/example_dags/example_branch_labels.py
[2022-06-24 07:20:53,879] {processor.py:651} INFO - DAG(s) dict_keys(['example_branch_labels']) retrieved from /home/airflow/.local/lib/python3.7/site-packages/airflow/example_dags/example_branch_labels.py
[2022-06-24 07:20:53,907] {logging_mixin.py:115} INFO - [2022-06-24 07:20:53,907] {dag.py:2379} INFO - Sync 1 DAGs
[2022-06-24 07:20:53,929] {logging_mixin.py:115} INFO - [2022-06-24 07:20:53,929] {dag.py:2931} INFO - Setting next_dagrun for example_branch_labels to 2022-06-23T00:00:00+00:00, run_after=2022-06-24T00:00:00+00:00
[2022-06-24 07:20:53,943] {processor.py:161} INFO - Processing /home/airflow/.local/lib/python3.7/site-packages/airflow/example_dags/example_branch_labels.py took 0.075 seconds
[2022-06-24 07:21:24,611] {processor.py:153} INFO - Started process (PID=8230) to work on /home/airflow/.local/lib/python3.7/site-packages/airflow/example_dags/example_branch_labels.py
[2022-06-24 07:21:24,612] {processor.py:641} INFO - Processing file /home/airflow/.local/lib/python3.7/site-packages/airflow/example_dags/example_branch_labels.py for tasks to queue
[2022-06-24 07:21:24,613] {logging_mixin.py:115} INFO - [2022-06-24 07:21:24,613] {dagbag.py:507} INFO - Filling up the DagBag from /home/airflow/.local/lib/python3.7/site-packages/airflow/example_dags/example_branch_labels.py
[2022-06-24 07:21:24,623] {processor.py:651} INFO - DAG(s) dict_keys(['example_branch_labels']) retrieved from /home/airflow/.local/lib/python3.7/site-packages/airflow/example_dags/example_branch_labels.py
[2022-06-24 07:21:24,662] {logging_mixin.py:115} INFO - [2022-06-24 07:21:24,662] {dag.py:2379} INFO - Sync 1 DAGs
[2022-06-24 07:21:24,685] {logging_mixin.py:115} INFO - [2022-06-24 07:21:24,685] {dag.py:2931} INFO - Setting next_dagrun for example_branch_labels to 2022-06-23T00:00:00+00:00, run_after=2022-06-24T00:00:00+00:00
[2022-06-24 07:21:24,701] {processor.py:161} INFO - Processing /home/airflow/.local/lib/python3.7/site-packages/airflow/example_dags/example_branch_labels.py took 0.093 seconds
[2022-06-24 07:21:55,233] {processor.py:153} INFO - Started process (PID=8294) to work on /home/airflow/.local/lib/python3.7/site-packages/airflow/example_dags/example_branch_labels.py
[2022-06-24 07:21:55,234] {processor.py:641} INFO - Processing file /home/airflow/.local/lib/python3.7/site-packages/airflow/example_dags/example_branch_labels.py for tasks to queue
[2022-06-24 07:21:55,235] {logging_mixin.py:115} INFO - [2022-06-24 07:21:55,235] {dagbag.py:507} INFO - Filling up the DagBag from /home/airflow/.local/lib/python3.7/site-packages/airflow/example_dags/example_branch_labels.py
[2022-06-24 07:21:55,241] {processor.py:651} INFO - DAG(s) dict_keys(['example_branch_labels']) retrieved from /home/airflow/.local/lib/python3.7/site-packages/airflow/example_dags/example_branch_labels.py
[2022-06-24 07:21:55,272] {logging_mixin.py:115} INFO - [2022-06-24 07:21:55,272] {dag.py:2379} INFO - Sync 1 DAGs
[2022-06-24 07:21:55,294] {logging_mixin.py:115} INFO - [2022-06-24 07:21:55,294] {dag.py:2931} INFO - Setting next_dagrun for example_branch_labels to 2022-06-23T00:00:00+00:00, run_after=2022-06-24T00:00:00+00:00
[2022-06-24 07:21:55,310] {processor.py:161} INFO - Processing /home/airflow/.local/lib/python3.7/site-packages/airflow/example_dags/example_branch_labels.py took 0.080 seconds
[2022-06-24 07:22:25,746] {processor.py:153} INFO - Started process (PID=8358) to work on /home/airflow/.local/lib/python3.7/site-packages/airflow/example_dags/example_branch_labels.py
[2022-06-24 07:22:25,747] {processor.py:641} INFO - Processing file /home/airflow/.local/lib/python3.7/site-packages/airflow/example_dags/example_branch_labels.py for tasks to queue
[2022-06-24 07:22:25,748] {logging_mixin.py:115} INFO - [2022-06-24 07:22:25,748] {dagbag.py:507} INFO - Filling up the DagBag from /home/airflow/.local/lib/python3.7/site-packages/airflow/example_dags/example_branch_labels.py
[2022-06-24 07:22:25,755] {processor.py:651} INFO - DAG(s) dict_keys(['example_branch_labels']) retrieved from /home/airflow/.local/lib/python3.7/site-packages/airflow/example_dags/example_branch_labels.py
[2022-06-24 07:22:25,795] {logging_mixin.py:115} INFO - [2022-06-24 07:22:25,795] {dag.py:2379} INFO - Sync 1 DAGs
[2022-06-24 07:22:25,845] {logging_mixin.py:115} INFO - [2022-06-24 07:22:25,845] {dag.py:2931} INFO - Setting next_dagrun for example_branch_labels to 2022-06-23T00:00:00+00:00, run_after=2022-06-24T00:00:00+00:00
[2022-06-24 07:22:25,864] {processor.py:161} INFO - Processing /home/airflow/.local/lib/python3.7/site-packages/airflow/example_dags/example_branch_labels.py took 0.121 seconds
[2022-06-24 07:22:56,201] {processor.py:153} INFO - Started process (PID=8413) to work on /home/airflow/.local/lib/python3.7/site-packages/airflow/example_dags/example_branch_labels.py
[2022-06-24 07:22:56,202] {processor.py:641} INFO - Processing file /home/airflow/.local/lib/python3.7/site-packages/airflow/example_dags/example_branch_labels.py for tasks to queue
[2022-06-24 07:22:56,203] {logging_mixin.py:115} INFO - [2022-06-24 07:22:56,203] {dagbag.py:507} INFO - Filling up the DagBag from /home/airflow/.local/lib/python3.7/site-packages/airflow/example_dags/example_branch_labels.py
[2022-06-24 07:22:56,209] {processor.py:651} INFO - DAG(s) dict_keys(['example_branch_labels']) retrieved from /home/airflow/.local/lib/python3.7/site-packages/airflow/example_dags/example_branch_labels.py
[2022-06-24 07:22:56,268] {logging_mixin.py:115} INFO - [2022-06-24 07:22:56,268] {dag.py:2379} INFO - Sync 1 DAGs
[2022-06-24 07:22:56,335] {logging_mixin.py:115} INFO - [2022-06-24 07:22:56,335] {dag.py:2931} INFO - Setting next_dagrun for example_branch_labels to 2022-06-23T00:00:00+00:00, run_after=2022-06-24T00:00:00+00:00
[2022-06-24 07:22:56,378] {processor.py:161} INFO - Processing /home/airflow/.local/lib/python3.7/site-packages/airflow/example_dags/example_branch_labels.py took 0.180 seconds
[2022-06-24 07:23:26,590] {processor.py:153} INFO - Started process (PID=8477) to work on /home/airflow/.local/lib/python3.7/site-packages/airflow/example_dags/example_branch_labels.py
[2022-06-24 07:23:26,591] {processor.py:641} INFO - Processing file /home/airflow/.local/lib/python3.7/site-packages/airflow/example_dags/example_branch_labels.py for tasks to queue
[2022-06-24 07:23:26,592] {logging_mixin.py:115} INFO - [2022-06-24 07:23:26,592] {dagbag.py:507} INFO - Filling up the DagBag from /home/airflow/.local/lib/python3.7/site-packages/airflow/example_dags/example_branch_labels.py
[2022-06-24 07:23:26,599] {processor.py:651} INFO - DAG(s) dict_keys(['example_branch_labels']) retrieved from /home/airflow/.local/lib/python3.7/site-packages/airflow/example_dags/example_branch_labels.py
[2022-06-24 07:23:26,628] {logging_mixin.py:115} INFO - [2022-06-24 07:23:26,628] {dag.py:2379} INFO - Sync 1 DAGs
[2022-06-24 07:23:26,649] {logging_mixin.py:115} INFO - [2022-06-24 07:23:26,649] {dag.py:2931} INFO - Setting next_dagrun for example_branch_labels to 2022-06-23T00:00:00+00:00, run_after=2022-06-24T00:00:00+00:00
[2022-06-24 07:23:26,664] {processor.py:161} INFO - Processing /home/airflow/.local/lib/python3.7/site-packages/airflow/example_dags/example_branch_labels.py took 0.078 seconds
[2022-06-24 07:23:56,895] {processor.py:153} INFO - Started process (PID=8541) to work on /home/airflow/.local/lib/python3.7/site-packages/airflow/example_dags/example_branch_labels.py
[2022-06-24 07:23:56,896] {processor.py:641} INFO - Processing file /home/airflow/.local/lib/python3.7/site-packages/airflow/example_dags/example_branch_labels.py for tasks to queue
[2022-06-24 07:23:56,897] {logging_mixin.py:115} INFO - [2022-06-24 07:23:56,897] {dagbag.py:507} INFO - Filling up the DagBag from /home/airflow/.local/lib/python3.7/site-packages/airflow/example_dags/example_branch_labels.py
[2022-06-24 07:23:56,906] {processor.py:651} INFO - DAG(s) dict_keys(['example_branch_labels']) retrieved from /home/airflow/.local/lib/python3.7/site-packages/airflow/example_dags/example_branch_labels.py
[2022-06-24 07:23:56,937] {logging_mixin.py:115} INFO - [2022-06-24 07:23:56,937] {dag.py:2379} INFO - Sync 1 DAGs
[2022-06-24 07:23:56,955] {logging_mixin.py:115} INFO - [2022-06-24 07:23:56,955] {dag.py:2931} INFO - Setting next_dagrun for example_branch_labels to 2022-06-23T00:00:00+00:00, run_after=2022-06-24T00:00:00+00:00
[2022-06-24 07:23:56,967] {processor.py:161} INFO - Processing /home/airflow/.local/lib/python3.7/site-packages/airflow/example_dags/example_branch_labels.py took 0.076 seconds
[2022-06-24 07:24:27,364] {processor.py:153} INFO - Started process (PID=8597) to work on /home/airflow/.local/lib/python3.7/site-packages/airflow/example_dags/example_branch_labels.py
[2022-06-24 07:24:27,364] {processor.py:641} INFO - Processing file /home/airflow/.local/lib/python3.7/site-packages/airflow/example_dags/example_branch_labels.py for tasks to queue
[2022-06-24 07:24:27,365] {logging_mixin.py:115} INFO - [2022-06-24 07:24:27,365] {dagbag.py:507} INFO - Filling up the DagBag from /home/airflow/.local/lib/python3.7/site-packages/airflow/example_dags/example_branch_labels.py
[2022-06-24 07:24:27,371] {processor.py:651} INFO - DAG(s) dict_keys(['example_branch_labels']) retrieved from /home/airflow/.local/lib/python3.7/site-packages/airflow/example_dags/example_branch_labels.py
[2022-06-24 07:24:27,404] {logging_mixin.py:115} INFO - [2022-06-24 07:24:27,404] {dag.py:2379} INFO - Sync 1 DAGs
[2022-06-24 07:24:27,427] {logging_mixin.py:115} INFO - [2022-06-24 07:24:27,427] {dag.py:2931} INFO - Setting next_dagrun for example_branch_labels to 2022-06-23T00:00:00+00:00, run_after=2022-06-24T00:00:00+00:00
[2022-06-24 07:24:27,440] {processor.py:161} INFO - Processing /home/airflow/.local/lib/python3.7/site-packages/airflow/example_dags/example_branch_labels.py took 0.081 seconds
[2022-06-24 07:24:57,971] {processor.py:153} INFO - Started process (PID=8661) to work on /home/airflow/.local/lib/python3.7/site-packages/airflow/example_dags/example_branch_labels.py
[2022-06-24 07:24:57,972] {processor.py:641} INFO - Processing file /home/airflow/.local/lib/python3.7/site-packages/airflow/example_dags/example_branch_labels.py for tasks to queue
[2022-06-24 07:24:57,973] {logging_mixin.py:115} INFO - [2022-06-24 07:24:57,973] {dagbag.py:507} INFO - Filling up the DagBag from /home/airflow/.local/lib/python3.7/site-packages/airflow/example_dags/example_branch_labels.py
[2022-06-24 07:24:57,978] {processor.py:651} INFO - DAG(s) dict_keys(['example_branch_labels']) retrieved from /home/airflow/.local/lib/python3.7/site-packages/airflow/example_dags/example_branch_labels.py
[2022-06-24 07:24:58,004] {logging_mixin.py:115} INFO - [2022-06-24 07:24:58,003] {dag.py:2379} INFO - Sync 1 DAGs
[2022-06-24 07:24:58,021] {logging_mixin.py:115} INFO - [2022-06-24 07:24:58,020] {dag.py:2931} INFO - Setting next_dagrun for example_branch_labels to 2022-06-23T00:00:00+00:00, run_after=2022-06-24T00:00:00+00:00
[2022-06-24 07:24:58,035] {processor.py:161} INFO - Processing /home/airflow/.local/lib/python3.7/site-packages/airflow/example_dags/example_branch_labels.py took 0.067 seconds
[2022-06-24 07:25:28,368] {processor.py:153} INFO - Started process (PID=8725) to work on /home/airflow/.local/lib/python3.7/site-packages/airflow/example_dags/example_branch_labels.py
[2022-06-24 07:25:28,369] {processor.py:641} INFO - Processing file /home/airflow/.local/lib/python3.7/site-packages/airflow/example_dags/example_branch_labels.py for tasks to queue
[2022-06-24 07:25:28,370] {logging_mixin.py:115} INFO - [2022-06-24 07:25:28,370] {dagbag.py:507} INFO - Filling up the DagBag from /home/airflow/.local/lib/python3.7/site-packages/airflow/example_dags/example_branch_labels.py
[2022-06-24 07:25:28,377] {processor.py:651} INFO - DAG(s) dict_keys(['example_branch_labels']) retrieved from /home/airflow/.local/lib/python3.7/site-packages/airflow/example_dags/example_branch_labels.py
[2022-06-24 07:25:28,402] {logging_mixin.py:115} INFO - [2022-06-24 07:25:28,402] {dag.py:2379} INFO - Sync 1 DAGs
[2022-06-24 07:25:28,419] {logging_mixin.py:115} INFO - [2022-06-24 07:25:28,419] {dag.py:2931} INFO - Setting next_dagrun for example_branch_labels to 2022-06-23T00:00:00+00:00, run_after=2022-06-24T00:00:00+00:00
[2022-06-24 07:25:28,434] {processor.py:161} INFO - Processing /home/airflow/.local/lib/python3.7/site-packages/airflow/example_dags/example_branch_labels.py took 0.069 seconds
[2022-06-24 07:25:58,611] {processor.py:153} INFO - Started process (PID=8780) to work on /home/airflow/.local/lib/python3.7/site-packages/airflow/example_dags/example_branch_labels.py
[2022-06-24 07:25:58,612] {processor.py:641} INFO - Processing file /home/airflow/.local/lib/python3.7/site-packages/airflow/example_dags/example_branch_labels.py for tasks to queue
[2022-06-24 07:25:58,613] {logging_mixin.py:115} INFO - [2022-06-24 07:25:58,613] {dagbag.py:507} INFO - Filling up the DagBag from /home/airflow/.local/lib/python3.7/site-packages/airflow/example_dags/example_branch_labels.py
[2022-06-24 07:25:58,619] {processor.py:651} INFO - DAG(s) dict_keys(['example_branch_labels']) retrieved from /home/airflow/.local/lib/python3.7/site-packages/airflow/example_dags/example_branch_labels.py
[2022-06-24 07:25:58,647] {logging_mixin.py:115} INFO - [2022-06-24 07:25:58,647] {dag.py:2379} INFO - Sync 1 DAGs
[2022-06-24 07:25:58,672] {logging_mixin.py:115} INFO - [2022-06-24 07:25:58,672] {dag.py:2931} INFO - Setting next_dagrun for example_branch_labels to 2022-06-23T00:00:00+00:00, run_after=2022-06-24T00:00:00+00:00
[2022-06-24 07:25:58,684] {processor.py:161} INFO - Processing /home/airflow/.local/lib/python3.7/site-packages/airflow/example_dags/example_branch_labels.py took 0.076 seconds
