[2022-06-24 06:58:32,722] {processor.py:153} INFO - Started process (PID=5470) to work on /home/airflow/.local/lib/python3.7/site-packages/airflow/example_dags/example_branch_operator_decorator.py
[2022-06-24 06:58:32,723] {processor.py:641} INFO - Processing file /home/airflow/.local/lib/python3.7/site-packages/airflow/example_dags/example_branch_operator_decorator.py for tasks to queue
[2022-06-24 06:58:32,724] {logging_mixin.py:115} INFO - [2022-06-24 06:58:32,724] {dagbag.py:507} INFO - Filling up the DagBag from /home/airflow/.local/lib/python3.7/site-packages/airflow/example_dags/example_branch_operator_decorator.py
[2022-06-24 06:58:32,751] {processor.py:651} INFO - DAG(s) dict_keys(['example_branch_python_operator_decorator']) retrieved from /home/airflow/.local/lib/python3.7/site-packages/airflow/example_dags/example_branch_operator_decorator.py
[2022-06-24 06:58:32,775] {logging_mixin.py:115} INFO - [2022-06-24 06:58:32,775] {dag.py:2379} INFO - Sync 1 DAGs
[2022-06-24 06:58:32,800] {logging_mixin.py:115} INFO - [2022-06-24 06:58:32,800] {dag.py:2931} INFO - Setting next_dagrun for example_branch_python_operator_decorator to 2022-06-23T00:00:00+00:00, run_after=2022-06-24T00:00:00+00:00
[2022-06-24 06:58:32,814] {processor.py:161} INFO - Processing /home/airflow/.local/lib/python3.7/site-packages/airflow/example_dags/example_branch_operator_decorator.py took 0.095 seconds
[2022-06-24 06:59:04,486] {processor.py:153} INFO - Started process (PID=5525) to work on /home/airflow/.local/lib/python3.7/site-packages/airflow/example_dags/example_branch_operator_decorator.py
[2022-06-24 06:59:04,494] {processor.py:641} INFO - Processing file /home/airflow/.local/lib/python3.7/site-packages/airflow/example_dags/example_branch_operator_decorator.py for tasks to queue
[2022-06-24 06:59:04,495] {logging_mixin.py:115} INFO - [2022-06-24 06:59:04,495] {dagbag.py:507} INFO - Filling up the DagBag from /home/airflow/.local/lib/python3.7/site-packages/airflow/example_dags/example_branch_operator_decorator.py
[2022-06-24 06:59:04,524] {processor.py:651} INFO - DAG(s) dict_keys(['example_branch_python_operator_decorator']) retrieved from /home/airflow/.local/lib/python3.7/site-packages/airflow/example_dags/example_branch_operator_decorator.py
[2022-06-24 06:59:04,563] {logging_mixin.py:115} INFO - [2022-06-24 06:59:04,563] {dag.py:2379} INFO - Sync 1 DAGs
[2022-06-24 06:59:04,605] {logging_mixin.py:115} INFO - [2022-06-24 06:59:04,605] {dag.py:2931} INFO - Setting next_dagrun for example_branch_python_operator_decorator to 2022-06-23T00:00:00+00:00, run_after=2022-06-24T00:00:00+00:00
[2022-06-24 06:59:04,626] {processor.py:161} INFO - Processing /home/airflow/.local/lib/python3.7/site-packages/airflow/example_dags/example_branch_operator_decorator.py took 0.155 seconds
[2022-06-24 06:59:35,229] {processor.py:153} INFO - Started process (PID=5581) to work on /home/airflow/.local/lib/python3.7/site-packages/airflow/example_dags/example_branch_operator_decorator.py
[2022-06-24 06:59:35,230] {processor.py:641} INFO - Processing file /home/airflow/.local/lib/python3.7/site-packages/airflow/example_dags/example_branch_operator_decorator.py for tasks to queue
[2022-06-24 06:59:35,231] {logging_mixin.py:115} INFO - [2022-06-24 06:59:35,231] {dagbag.py:507} INFO - Filling up the DagBag from /home/airflow/.local/lib/python3.7/site-packages/airflow/example_dags/example_branch_operator_decorator.py
[2022-06-24 06:59:35,257] {processor.py:651} INFO - DAG(s) dict_keys(['example_branch_python_operator_decorator']) retrieved from /home/airflow/.local/lib/python3.7/site-packages/airflow/example_dags/example_branch_operator_decorator.py
[2022-06-24 06:59:35,296] {logging_mixin.py:115} INFO - [2022-06-24 06:59:35,296] {dag.py:2379} INFO - Sync 1 DAGs
[2022-06-24 06:59:35,331] {logging_mixin.py:115} INFO - [2022-06-24 06:59:35,331] {dag.py:2931} INFO - Setting next_dagrun for example_branch_python_operator_decorator to 2022-06-23T00:00:00+00:00, run_after=2022-06-24T00:00:00+00:00
[2022-06-24 06:59:35,351] {processor.py:161} INFO - Processing /home/airflow/.local/lib/python3.7/site-packages/airflow/example_dags/example_branch_operator_decorator.py took 0.125 seconds
[2022-06-24 07:00:05,430] {processor.py:153} INFO - Started process (PID=5645) to work on /home/airflow/.local/lib/python3.7/site-packages/airflow/example_dags/example_branch_operator_decorator.py
[2022-06-24 07:00:05,431] {processor.py:641} INFO - Processing file /home/airflow/.local/lib/python3.7/site-packages/airflow/example_dags/example_branch_operator_decorator.py for tasks to queue
[2022-06-24 07:00:05,432] {logging_mixin.py:115} INFO - [2022-06-24 07:00:05,432] {dagbag.py:507} INFO - Filling up the DagBag from /home/airflow/.local/lib/python3.7/site-packages/airflow/example_dags/example_branch_operator_decorator.py
[2022-06-24 07:00:05,451] {processor.py:651} INFO - DAG(s) dict_keys(['example_branch_python_operator_decorator']) retrieved from /home/airflow/.local/lib/python3.7/site-packages/airflow/example_dags/example_branch_operator_decorator.py
[2022-06-24 07:00:05,478] {logging_mixin.py:115} INFO - [2022-06-24 07:00:05,478] {dag.py:2379} INFO - Sync 1 DAGs
[2022-06-24 07:00:05,499] {logging_mixin.py:115} INFO - [2022-06-24 07:00:05,499] {dag.py:2931} INFO - Setting next_dagrun for example_branch_python_operator_decorator to 2022-06-23T00:00:00+00:00, run_after=2022-06-24T00:00:00+00:00
[2022-06-24 07:00:05,513] {processor.py:161} INFO - Processing /home/airflow/.local/lib/python3.7/site-packages/airflow/example_dags/example_branch_operator_decorator.py took 0.086 seconds
[2022-06-24 07:00:36,350] {processor.py:153} INFO - Started process (PID=5709) to work on /home/airflow/.local/lib/python3.7/site-packages/airflow/example_dags/example_branch_operator_decorator.py
[2022-06-24 07:00:36,351] {processor.py:641} INFO - Processing file /home/airflow/.local/lib/python3.7/site-packages/airflow/example_dags/example_branch_operator_decorator.py for tasks to queue
[2022-06-24 07:00:36,352] {logging_mixin.py:115} INFO - [2022-06-24 07:00:36,352] {dagbag.py:507} INFO - Filling up the DagBag from /home/airflow/.local/lib/python3.7/site-packages/airflow/example_dags/example_branch_operator_decorator.py
[2022-06-24 07:00:36,375] {processor.py:651} INFO - DAG(s) dict_keys(['example_branch_python_operator_decorator']) retrieved from /home/airflow/.local/lib/python3.7/site-packages/airflow/example_dags/example_branch_operator_decorator.py
[2022-06-24 07:00:36,400] {logging_mixin.py:115} INFO - [2022-06-24 07:00:36,400] {dag.py:2379} INFO - Sync 1 DAGs
[2022-06-24 07:00:36,420] {logging_mixin.py:115} INFO - [2022-06-24 07:00:36,420] {dag.py:2931} INFO - Setting next_dagrun for example_branch_python_operator_decorator to 2022-06-23T00:00:00+00:00, run_after=2022-06-24T00:00:00+00:00
[2022-06-24 07:00:36,435] {processor.py:161} INFO - Processing /home/airflow/.local/lib/python3.7/site-packages/airflow/example_dags/example_branch_operator_decorator.py took 0.088 seconds
[2022-06-24 07:01:06,654] {processor.py:153} INFO - Started process (PID=5764) to work on /home/airflow/.local/lib/python3.7/site-packages/airflow/example_dags/example_branch_operator_decorator.py
[2022-06-24 07:01:06,656] {processor.py:641} INFO - Processing file /home/airflow/.local/lib/python3.7/site-packages/airflow/example_dags/example_branch_operator_decorator.py for tasks to queue
[2022-06-24 07:01:06,657] {logging_mixin.py:115} INFO - [2022-06-24 07:01:06,657] {dagbag.py:507} INFO - Filling up the DagBag from /home/airflow/.local/lib/python3.7/site-packages/airflow/example_dags/example_branch_operator_decorator.py
[2022-06-24 07:01:06,675] {processor.py:651} INFO - DAG(s) dict_keys(['example_branch_python_operator_decorator']) retrieved from /home/airflow/.local/lib/python3.7/site-packages/airflow/example_dags/example_branch_operator_decorator.py
[2022-06-24 07:01:06,696] {logging_mixin.py:115} INFO - [2022-06-24 07:01:06,696] {dag.py:2379} INFO - Sync 1 DAGs
[2022-06-24 07:01:06,713] {logging_mixin.py:115} INFO - [2022-06-24 07:01:06,712] {dag.py:2931} INFO - Setting next_dagrun for example_branch_python_operator_decorator to 2022-06-23T00:00:00+00:00, run_after=2022-06-24T00:00:00+00:00
[2022-06-24 07:01:06,725] {processor.py:161} INFO - Processing /home/airflow/.local/lib/python3.7/site-packages/airflow/example_dags/example_branch_operator_decorator.py took 0.075 seconds
[2022-06-24 07:01:37,083] {processor.py:153} INFO - Started process (PID=5830) to work on /home/airflow/.local/lib/python3.7/site-packages/airflow/example_dags/example_branch_operator_decorator.py
[2022-06-24 07:01:37,084] {processor.py:641} INFO - Processing file /home/airflow/.local/lib/python3.7/site-packages/airflow/example_dags/example_branch_operator_decorator.py for tasks to queue
[2022-06-24 07:01:37,084] {logging_mixin.py:115} INFO - [2022-06-24 07:01:37,084] {dagbag.py:507} INFO - Filling up the DagBag from /home/airflow/.local/lib/python3.7/site-packages/airflow/example_dags/example_branch_operator_decorator.py
[2022-06-24 07:01:37,110] {processor.py:651} INFO - DAG(s) dict_keys(['example_branch_python_operator_decorator']) retrieved from /home/airflow/.local/lib/python3.7/site-packages/airflow/example_dags/example_branch_operator_decorator.py
[2022-06-24 07:01:37,148] {logging_mixin.py:115} INFO - [2022-06-24 07:01:37,148] {dag.py:2379} INFO - Sync 1 DAGs
[2022-06-24 07:01:37,167] {logging_mixin.py:115} INFO - [2022-06-24 07:01:37,166] {dag.py:2931} INFO - Setting next_dagrun for example_branch_python_operator_decorator to 2022-06-23T00:00:00+00:00, run_after=2022-06-24T00:00:00+00:00
[2022-06-24 07:01:37,193] {processor.py:161} INFO - Processing /home/airflow/.local/lib/python3.7/site-packages/airflow/example_dags/example_branch_operator_decorator.py took 0.114 seconds
[2022-06-24 07:02:07,623] {processor.py:153} INFO - Started process (PID=5894) to work on /home/airflow/.local/lib/python3.7/site-packages/airflow/example_dags/example_branch_operator_decorator.py
[2022-06-24 07:02:07,624] {processor.py:641} INFO - Processing file /home/airflow/.local/lib/python3.7/site-packages/airflow/example_dags/example_branch_operator_decorator.py for tasks to queue
[2022-06-24 07:02:07,625] {logging_mixin.py:115} INFO - [2022-06-24 07:02:07,625] {dagbag.py:507} INFO - Filling up the DagBag from /home/airflow/.local/lib/python3.7/site-packages/airflow/example_dags/example_branch_operator_decorator.py
[2022-06-24 07:02:07,646] {processor.py:651} INFO - DAG(s) dict_keys(['example_branch_python_operator_decorator']) retrieved from /home/airflow/.local/lib/python3.7/site-packages/airflow/example_dags/example_branch_operator_decorator.py
[2022-06-24 07:02:07,675] {logging_mixin.py:115} INFO - [2022-06-24 07:02:07,675] {dag.py:2379} INFO - Sync 1 DAGs
[2022-06-24 07:02:07,694] {logging_mixin.py:115} INFO - [2022-06-24 07:02:07,693] {dag.py:2931} INFO - Setting next_dagrun for example_branch_python_operator_decorator to 2022-06-23T00:00:00+00:00, run_after=2022-06-24T00:00:00+00:00
[2022-06-24 07:02:07,707] {processor.py:161} INFO - Processing /home/airflow/.local/lib/python3.7/site-packages/airflow/example_dags/example_branch_operator_decorator.py took 0.088 seconds
[2022-06-24 07:02:37,812] {processor.py:153} INFO - Started process (PID=5958) to work on /home/airflow/.local/lib/python3.7/site-packages/airflow/example_dags/example_branch_operator_decorator.py
[2022-06-24 07:02:37,813] {processor.py:641} INFO - Processing file /home/airflow/.local/lib/python3.7/site-packages/airflow/example_dags/example_branch_operator_decorator.py for tasks to queue
[2022-06-24 07:02:37,814] {logging_mixin.py:115} INFO - [2022-06-24 07:02:37,814] {dagbag.py:507} INFO - Filling up the DagBag from /home/airflow/.local/lib/python3.7/site-packages/airflow/example_dags/example_branch_operator_decorator.py
[2022-06-24 07:02:37,847] {processor.py:651} INFO - DAG(s) dict_keys(['example_branch_python_operator_decorator']) retrieved from /home/airflow/.local/lib/python3.7/site-packages/airflow/example_dags/example_branch_operator_decorator.py
[2022-06-24 07:02:37,881] {logging_mixin.py:115} INFO - [2022-06-24 07:02:37,880] {dag.py:2379} INFO - Sync 1 DAGs
[2022-06-24 07:02:37,896] {logging_mixin.py:115} INFO - [2022-06-24 07:02:37,896] {dag.py:2931} INFO - Setting next_dagrun for example_branch_python_operator_decorator to 2022-06-23T00:00:00+00:00, run_after=2022-06-24T00:00:00+00:00
[2022-06-24 07:02:37,908] {processor.py:161} INFO - Processing /home/airflow/.local/lib/python3.7/site-packages/airflow/example_dags/example_branch_operator_decorator.py took 0.099 seconds
[2022-06-24 07:03:08,206] {processor.py:153} INFO - Started process (PID=6013) to work on /home/airflow/.local/lib/python3.7/site-packages/airflow/example_dags/example_branch_operator_decorator.py
[2022-06-24 07:03:08,207] {processor.py:641} INFO - Processing file /home/airflow/.local/lib/python3.7/site-packages/airflow/example_dags/example_branch_operator_decorator.py for tasks to queue
[2022-06-24 07:03:08,208] {logging_mixin.py:115} INFO - [2022-06-24 07:03:08,208] {dagbag.py:507} INFO - Filling up the DagBag from /home/airflow/.local/lib/python3.7/site-packages/airflow/example_dags/example_branch_operator_decorator.py
[2022-06-24 07:03:08,226] {processor.py:651} INFO - DAG(s) dict_keys(['example_branch_python_operator_decorator']) retrieved from /home/airflow/.local/lib/python3.7/site-packages/airflow/example_dags/example_branch_operator_decorator.py
[2022-06-24 07:03:08,251] {logging_mixin.py:115} INFO - [2022-06-24 07:03:08,251] {dag.py:2379} INFO - Sync 1 DAGs
[2022-06-24 07:03:08,272] {logging_mixin.py:115} INFO - [2022-06-24 07:03:08,272] {dag.py:2931} INFO - Setting next_dagrun for example_branch_python_operator_decorator to 2022-06-23T00:00:00+00:00, run_after=2022-06-24T00:00:00+00:00
[2022-06-24 07:03:08,287] {processor.py:161} INFO - Processing /home/airflow/.local/lib/python3.7/site-packages/airflow/example_dags/example_branch_operator_decorator.py took 0.085 seconds
[2022-06-24 07:03:38,644] {processor.py:153} INFO - Started process (PID=6077) to work on /home/airflow/.local/lib/python3.7/site-packages/airflow/example_dags/example_branch_operator_decorator.py
[2022-06-24 07:03:38,645] {processor.py:641} INFO - Processing file /home/airflow/.local/lib/python3.7/site-packages/airflow/example_dags/example_branch_operator_decorator.py for tasks to queue
[2022-06-24 07:03:38,646] {logging_mixin.py:115} INFO - [2022-06-24 07:03:38,646] {dagbag.py:507} INFO - Filling up the DagBag from /home/airflow/.local/lib/python3.7/site-packages/airflow/example_dags/example_branch_operator_decorator.py
[2022-06-24 07:03:38,670] {processor.py:651} INFO - DAG(s) dict_keys(['example_branch_python_operator_decorator']) retrieved from /home/airflow/.local/lib/python3.7/site-packages/airflow/example_dags/example_branch_operator_decorator.py
[2022-06-24 07:03:38,710] {logging_mixin.py:115} INFO - [2022-06-24 07:03:38,710] {dag.py:2379} INFO - Sync 1 DAGs
[2022-06-24 07:03:38,732] {logging_mixin.py:115} INFO - [2022-06-24 07:03:38,732] {dag.py:2931} INFO - Setting next_dagrun for example_branch_python_operator_decorator to 2022-06-23T00:00:00+00:00, run_after=2022-06-24T00:00:00+00:00
[2022-06-24 07:03:38,747] {processor.py:161} INFO - Processing /home/airflow/.local/lib/python3.7/site-packages/airflow/example_dags/example_branch_operator_decorator.py took 0.107 seconds
[2022-06-24 07:04:08,800] {processor.py:153} INFO - Started process (PID=6141) to work on /home/airflow/.local/lib/python3.7/site-packages/airflow/example_dags/example_branch_operator_decorator.py
[2022-06-24 07:04:08,801] {processor.py:641} INFO - Processing file /home/airflow/.local/lib/python3.7/site-packages/airflow/example_dags/example_branch_operator_decorator.py for tasks to queue
[2022-06-24 07:04:08,802] {logging_mixin.py:115} INFO - [2022-06-24 07:04:08,802] {dagbag.py:507} INFO - Filling up the DagBag from /home/airflow/.local/lib/python3.7/site-packages/airflow/example_dags/example_branch_operator_decorator.py
[2022-06-24 07:04:08,821] {processor.py:651} INFO - DAG(s) dict_keys(['example_branch_python_operator_decorator']) retrieved from /home/airflow/.local/lib/python3.7/site-packages/airflow/example_dags/example_branch_operator_decorator.py
[2022-06-24 07:04:08,842] {logging_mixin.py:115} INFO - [2022-06-24 07:04:08,842] {dag.py:2379} INFO - Sync 1 DAGs
[2022-06-24 07:04:08,863] {logging_mixin.py:115} INFO - [2022-06-24 07:04:08,863] {dag.py:2931} INFO - Setting next_dagrun for example_branch_python_operator_decorator to 2022-06-23T00:00:00+00:00, run_after=2022-06-24T00:00:00+00:00
[2022-06-24 07:04:08,875] {processor.py:161} INFO - Processing /home/airflow/.local/lib/python3.7/site-packages/airflow/example_dags/example_branch_operator_decorator.py took 0.079 seconds
[2022-06-24 07:04:39,306] {processor.py:153} INFO - Started process (PID=6197) to work on /home/airflow/.local/lib/python3.7/site-packages/airflow/example_dags/example_branch_operator_decorator.py
[2022-06-24 07:04:39,307] {processor.py:641} INFO - Processing file /home/airflow/.local/lib/python3.7/site-packages/airflow/example_dags/example_branch_operator_decorator.py for tasks to queue
[2022-06-24 07:04:39,308] {logging_mixin.py:115} INFO - [2022-06-24 07:04:39,308] {dagbag.py:507} INFO - Filling up the DagBag from /home/airflow/.local/lib/python3.7/site-packages/airflow/example_dags/example_branch_operator_decorator.py
[2022-06-24 07:04:39,327] {processor.py:651} INFO - DAG(s) dict_keys(['example_branch_python_operator_decorator']) retrieved from /home/airflow/.local/lib/python3.7/site-packages/airflow/example_dags/example_branch_operator_decorator.py
[2022-06-24 07:04:39,349] {logging_mixin.py:115} INFO - [2022-06-24 07:04:39,349] {dag.py:2379} INFO - Sync 1 DAGs
[2022-06-24 07:04:39,367] {logging_mixin.py:115} INFO - [2022-06-24 07:04:39,367] {dag.py:2931} INFO - Setting next_dagrun for example_branch_python_operator_decorator to 2022-06-23T00:00:00+00:00, run_after=2022-06-24T00:00:00+00:00
[2022-06-24 07:04:39,378] {processor.py:161} INFO - Processing /home/airflow/.local/lib/python3.7/site-packages/airflow/example_dags/example_branch_operator_decorator.py took 0.075 seconds
[2022-06-24 07:05:09,775] {processor.py:153} INFO - Started process (PID=6261) to work on /home/airflow/.local/lib/python3.7/site-packages/airflow/example_dags/example_branch_operator_decorator.py
[2022-06-24 07:05:09,776] {processor.py:641} INFO - Processing file /home/airflow/.local/lib/python3.7/site-packages/airflow/example_dags/example_branch_operator_decorator.py for tasks to queue
[2022-06-24 07:05:09,777] {logging_mixin.py:115} INFO - [2022-06-24 07:05:09,777] {dagbag.py:507} INFO - Filling up the DagBag from /home/airflow/.local/lib/python3.7/site-packages/airflow/example_dags/example_branch_operator_decorator.py
[2022-06-24 07:05:09,800] {processor.py:651} INFO - DAG(s) dict_keys(['example_branch_python_operator_decorator']) retrieved from /home/airflow/.local/lib/python3.7/site-packages/airflow/example_dags/example_branch_operator_decorator.py
[2022-06-24 07:05:09,832] {logging_mixin.py:115} INFO - [2022-06-24 07:05:09,832] {dag.py:2379} INFO - Sync 1 DAGs
[2022-06-24 07:05:09,851] {logging_mixin.py:115} INFO - [2022-06-24 07:05:09,851] {dag.py:2931} INFO - Setting next_dagrun for example_branch_python_operator_decorator to 2022-06-23T00:00:00+00:00, run_after=2022-06-24T00:00:00+00:00
[2022-06-24 07:05:09,864] {processor.py:161} INFO - Processing /home/airflow/.local/lib/python3.7/site-packages/airflow/example_dags/example_branch_operator_decorator.py took 0.092 seconds
[2022-06-24 07:05:40,312] {processor.py:153} INFO - Started process (PID=6325) to work on /home/airflow/.local/lib/python3.7/site-packages/airflow/example_dags/example_branch_operator_decorator.py
[2022-06-24 07:05:40,313] {processor.py:641} INFO - Processing file /home/airflow/.local/lib/python3.7/site-packages/airflow/example_dags/example_branch_operator_decorator.py for tasks to queue
[2022-06-24 07:05:40,313] {logging_mixin.py:115} INFO - [2022-06-24 07:05:40,313] {dagbag.py:507} INFO - Filling up the DagBag from /home/airflow/.local/lib/python3.7/site-packages/airflow/example_dags/example_branch_operator_decorator.py
[2022-06-24 07:05:40,336] {processor.py:651} INFO - DAG(s) dict_keys(['example_branch_python_operator_decorator']) retrieved from /home/airflow/.local/lib/python3.7/site-packages/airflow/example_dags/example_branch_operator_decorator.py
[2022-06-24 07:05:40,361] {logging_mixin.py:115} INFO - [2022-06-24 07:05:40,361] {dag.py:2379} INFO - Sync 1 DAGs
[2022-06-24 07:05:40,383] {logging_mixin.py:115} INFO - [2022-06-24 07:05:40,383] {dag.py:2931} INFO - Setting next_dagrun for example_branch_python_operator_decorator to 2022-06-23T00:00:00+00:00, run_after=2022-06-24T00:00:00+00:00
[2022-06-24 07:05:40,397] {processor.py:161} INFO - Processing /home/airflow/.local/lib/python3.7/site-packages/airflow/example_dags/example_branch_operator_decorator.py took 0.088 seconds
[2022-06-24 07:06:10,454] {processor.py:153} INFO - Started process (PID=6389) to work on /home/airflow/.local/lib/python3.7/site-packages/airflow/example_dags/example_branch_operator_decorator.py
[2022-06-24 07:06:10,455] {processor.py:641} INFO - Processing file /home/airflow/.local/lib/python3.7/site-packages/airflow/example_dags/example_branch_operator_decorator.py for tasks to queue
[2022-06-24 07:06:10,456] {logging_mixin.py:115} INFO - [2022-06-24 07:06:10,455] {dagbag.py:507} INFO - Filling up the DagBag from /home/airflow/.local/lib/python3.7/site-packages/airflow/example_dags/example_branch_operator_decorator.py
[2022-06-24 07:06:10,479] {processor.py:651} INFO - DAG(s) dict_keys(['example_branch_python_operator_decorator']) retrieved from /home/airflow/.local/lib/python3.7/site-packages/airflow/example_dags/example_branch_operator_decorator.py
[2022-06-24 07:06:10,504] {logging_mixin.py:115} INFO - [2022-06-24 07:06:10,504] {dag.py:2379} INFO - Sync 1 DAGs
[2022-06-24 07:06:10,527] {logging_mixin.py:115} INFO - [2022-06-24 07:06:10,527] {dag.py:2931} INFO - Setting next_dagrun for example_branch_python_operator_decorator to 2022-06-23T00:00:00+00:00, run_after=2022-06-24T00:00:00+00:00
[2022-06-24 07:06:10,538] {processor.py:161} INFO - Processing /home/airflow/.local/lib/python3.7/site-packages/airflow/example_dags/example_branch_operator_decorator.py took 0.089 seconds
[2022-06-24 07:06:40,743] {processor.py:153} INFO - Started process (PID=6444) to work on /home/airflow/.local/lib/python3.7/site-packages/airflow/example_dags/example_branch_operator_decorator.py
[2022-06-24 07:06:40,744] {processor.py:641} INFO - Processing file /home/airflow/.local/lib/python3.7/site-packages/airflow/example_dags/example_branch_operator_decorator.py for tasks to queue
[2022-06-24 07:06:40,745] {logging_mixin.py:115} INFO - [2022-06-24 07:06:40,745] {dagbag.py:507} INFO - Filling up the DagBag from /home/airflow/.local/lib/python3.7/site-packages/airflow/example_dags/example_branch_operator_decorator.py
[2022-06-24 07:06:40,763] {processor.py:651} INFO - DAG(s) dict_keys(['example_branch_python_operator_decorator']) retrieved from /home/airflow/.local/lib/python3.7/site-packages/airflow/example_dags/example_branch_operator_decorator.py
[2022-06-24 07:06:40,789] {logging_mixin.py:115} INFO - [2022-06-24 07:06:40,789] {dag.py:2379} INFO - Sync 1 DAGs
[2022-06-24 07:06:40,805] {logging_mixin.py:115} INFO - [2022-06-24 07:06:40,805] {dag.py:2931} INFO - Setting next_dagrun for example_branch_python_operator_decorator to 2022-06-23T00:00:00+00:00, run_after=2022-06-24T00:00:00+00:00
[2022-06-24 07:06:40,817] {processor.py:161} INFO - Processing /home/airflow/.local/lib/python3.7/site-packages/airflow/example_dags/example_branch_operator_decorator.py took 0.077 seconds
[2022-06-24 07:07:11,192] {processor.py:153} INFO - Started process (PID=6508) to work on /home/airflow/.local/lib/python3.7/site-packages/airflow/example_dags/example_branch_operator_decorator.py
[2022-06-24 07:07:11,193] {processor.py:641} INFO - Processing file /home/airflow/.local/lib/python3.7/site-packages/airflow/example_dags/example_branch_operator_decorator.py for tasks to queue
[2022-06-24 07:07:11,194] {logging_mixin.py:115} INFO - [2022-06-24 07:07:11,194] {dagbag.py:507} INFO - Filling up the DagBag from /home/airflow/.local/lib/python3.7/site-packages/airflow/example_dags/example_branch_operator_decorator.py
[2022-06-24 07:07:11,210] {processor.py:651} INFO - DAG(s) dict_keys(['example_branch_python_operator_decorator']) retrieved from /home/airflow/.local/lib/python3.7/site-packages/airflow/example_dags/example_branch_operator_decorator.py
[2022-06-24 07:07:11,234] {logging_mixin.py:115} INFO - [2022-06-24 07:07:11,234] {dag.py:2379} INFO - Sync 1 DAGs
[2022-06-24 07:07:11,251] {logging_mixin.py:115} INFO - [2022-06-24 07:07:11,251] {dag.py:2931} INFO - Setting next_dagrun for example_branch_python_operator_decorator to 2022-06-23T00:00:00+00:00, run_after=2022-06-24T00:00:00+00:00
[2022-06-24 07:07:11,265] {processor.py:161} INFO - Processing /home/airflow/.local/lib/python3.7/site-packages/airflow/example_dags/example_branch_operator_decorator.py took 0.079 seconds
[2022-06-24 07:07:41,408] {processor.py:153} INFO - Started process (PID=6572) to work on /home/airflow/.local/lib/python3.7/site-packages/airflow/example_dags/example_branch_operator_decorator.py
[2022-06-24 07:07:41,409] {processor.py:641} INFO - Processing file /home/airflow/.local/lib/python3.7/site-packages/airflow/example_dags/example_branch_operator_decorator.py for tasks to queue
[2022-06-24 07:07:41,410] {logging_mixin.py:115} INFO - [2022-06-24 07:07:41,410] {dagbag.py:507} INFO - Filling up the DagBag from /home/airflow/.local/lib/python3.7/site-packages/airflow/example_dags/example_branch_operator_decorator.py
[2022-06-24 07:07:41,427] {processor.py:651} INFO - DAG(s) dict_keys(['example_branch_python_operator_decorator']) retrieved from /home/airflow/.local/lib/python3.7/site-packages/airflow/example_dags/example_branch_operator_decorator.py
[2022-06-24 07:07:41,453] {logging_mixin.py:115} INFO - [2022-06-24 07:07:41,453] {dag.py:2379} INFO - Sync 1 DAGs
[2022-06-24 07:07:41,471] {logging_mixin.py:115} INFO - [2022-06-24 07:07:41,470] {dag.py:2931} INFO - Setting next_dagrun for example_branch_python_operator_decorator to 2022-06-23T00:00:00+00:00, run_after=2022-06-24T00:00:00+00:00
[2022-06-24 07:07:41,482] {processor.py:161} INFO - Processing /home/airflow/.local/lib/python3.7/site-packages/airflow/example_dags/example_branch_operator_decorator.py took 0.077 seconds
[2022-06-24 07:08:11,792] {processor.py:153} INFO - Started process (PID=6627) to work on /home/airflow/.local/lib/python3.7/site-packages/airflow/example_dags/example_branch_operator_decorator.py
[2022-06-24 07:08:11,793] {processor.py:641} INFO - Processing file /home/airflow/.local/lib/python3.7/site-packages/airflow/example_dags/example_branch_operator_decorator.py for tasks to queue
[2022-06-24 07:08:11,794] {logging_mixin.py:115} INFO - [2022-06-24 07:08:11,794] {dagbag.py:507} INFO - Filling up the DagBag from /home/airflow/.local/lib/python3.7/site-packages/airflow/example_dags/example_branch_operator_decorator.py
[2022-06-24 07:08:11,813] {processor.py:651} INFO - DAG(s) dict_keys(['example_branch_python_operator_decorator']) retrieved from /home/airflow/.local/lib/python3.7/site-packages/airflow/example_dags/example_branch_operator_decorator.py
[2022-06-24 07:08:11,855] {logging_mixin.py:115} INFO - [2022-06-24 07:08:11,855] {dag.py:2379} INFO - Sync 1 DAGs
[2022-06-24 07:08:11,876] {logging_mixin.py:115} INFO - [2022-06-24 07:08:11,875] {dag.py:2931} INFO - Setting next_dagrun for example_branch_python_operator_decorator to 2022-06-23T00:00:00+00:00, run_after=2022-06-24T00:00:00+00:00
[2022-06-24 07:08:11,891] {processor.py:161} INFO - Processing /home/airflow/.local/lib/python3.7/site-packages/airflow/example_dags/example_branch_operator_decorator.py took 0.102 seconds
[2022-06-24 07:08:42,517] {processor.py:153} INFO - Started process (PID=6691) to work on /home/airflow/.local/lib/python3.7/site-packages/airflow/example_dags/example_branch_operator_decorator.py
[2022-06-24 07:08:42,518] {processor.py:641} INFO - Processing file /home/airflow/.local/lib/python3.7/site-packages/airflow/example_dags/example_branch_operator_decorator.py for tasks to queue
[2022-06-24 07:08:42,519] {logging_mixin.py:115} INFO - [2022-06-24 07:08:42,519] {dagbag.py:507} INFO - Filling up the DagBag from /home/airflow/.local/lib/python3.7/site-packages/airflow/example_dags/example_branch_operator_decorator.py
[2022-06-24 07:08:42,539] {processor.py:651} INFO - DAG(s) dict_keys(['example_branch_python_operator_decorator']) retrieved from /home/airflow/.local/lib/python3.7/site-packages/airflow/example_dags/example_branch_operator_decorator.py
[2022-06-24 07:08:42,570] {logging_mixin.py:115} INFO - [2022-06-24 07:08:42,569] {dag.py:2379} INFO - Sync 1 DAGs
[2022-06-24 07:08:42,596] {logging_mixin.py:115} INFO - [2022-06-24 07:08:42,596] {dag.py:2931} INFO - Setting next_dagrun for example_branch_python_operator_decorator to 2022-06-23T00:00:00+00:00, run_after=2022-06-24T00:00:00+00:00
[2022-06-24 07:08:42,610] {processor.py:161} INFO - Processing /home/airflow/.local/lib/python3.7/site-packages/airflow/example_dags/example_branch_operator_decorator.py took 0.097 seconds
[2022-06-24 07:09:13,058] {processor.py:153} INFO - Started process (PID=6755) to work on /home/airflow/.local/lib/python3.7/site-packages/airflow/example_dags/example_branch_operator_decorator.py
[2022-06-24 07:09:13,059] {processor.py:641} INFO - Processing file /home/airflow/.local/lib/python3.7/site-packages/airflow/example_dags/example_branch_operator_decorator.py for tasks to queue
[2022-06-24 07:09:13,060] {logging_mixin.py:115} INFO - [2022-06-24 07:09:13,060] {dagbag.py:507} INFO - Filling up the DagBag from /home/airflow/.local/lib/python3.7/site-packages/airflow/example_dags/example_branch_operator_decorator.py
[2022-06-24 07:09:13,081] {processor.py:651} INFO - DAG(s) dict_keys(['example_branch_python_operator_decorator']) retrieved from /home/airflow/.local/lib/python3.7/site-packages/airflow/example_dags/example_branch_operator_decorator.py
[2022-06-24 07:09:13,110] {logging_mixin.py:115} INFO - [2022-06-24 07:09:13,110] {dag.py:2379} INFO - Sync 1 DAGs
[2022-06-24 07:09:13,128] {logging_mixin.py:115} INFO - [2022-06-24 07:09:13,128] {dag.py:2931} INFO - Setting next_dagrun for example_branch_python_operator_decorator to 2022-06-23T00:00:00+00:00, run_after=2022-06-24T00:00:00+00:00
[2022-06-24 07:09:13,143] {processor.py:161} INFO - Processing /home/airflow/.local/lib/python3.7/site-packages/airflow/example_dags/example_branch_operator_decorator.py took 0.089 seconds
[2022-06-24 07:09:43,629] {processor.py:153} INFO - Started process (PID=6819) to work on /home/airflow/.local/lib/python3.7/site-packages/airflow/example_dags/example_branch_operator_decorator.py
[2022-06-24 07:09:43,630] {processor.py:641} INFO - Processing file /home/airflow/.local/lib/python3.7/site-packages/airflow/example_dags/example_branch_operator_decorator.py for tasks to queue
[2022-06-24 07:09:43,631] {logging_mixin.py:115} INFO - [2022-06-24 07:09:43,631] {dagbag.py:507} INFO - Filling up the DagBag from /home/airflow/.local/lib/python3.7/site-packages/airflow/example_dags/example_branch_operator_decorator.py
[2022-06-24 07:09:43,657] {processor.py:651} INFO - DAG(s) dict_keys(['example_branch_python_operator_decorator']) retrieved from /home/airflow/.local/lib/python3.7/site-packages/airflow/example_dags/example_branch_operator_decorator.py
[2022-06-24 07:09:43,687] {logging_mixin.py:115} INFO - [2022-06-24 07:09:43,686] {dag.py:2379} INFO - Sync 1 DAGs
[2022-06-24 07:09:43,708] {logging_mixin.py:115} INFO - [2022-06-24 07:09:43,708] {dag.py:2931} INFO - Setting next_dagrun for example_branch_python_operator_decorator to 2022-06-23T00:00:00+00:00, run_after=2022-06-24T00:00:00+00:00
[2022-06-24 07:09:43,723] {processor.py:161} INFO - Processing /home/airflow/.local/lib/python3.7/site-packages/airflow/example_dags/example_branch_operator_decorator.py took 0.098 seconds
[2022-06-24 07:10:13,915] {processor.py:153} INFO - Started process (PID=6874) to work on /home/airflow/.local/lib/python3.7/site-packages/airflow/example_dags/example_branch_operator_decorator.py
[2022-06-24 07:10:13,916] {processor.py:641} INFO - Processing file /home/airflow/.local/lib/python3.7/site-packages/airflow/example_dags/example_branch_operator_decorator.py for tasks to queue
[2022-06-24 07:10:13,916] {logging_mixin.py:115} INFO - [2022-06-24 07:10:13,916] {dagbag.py:507} INFO - Filling up the DagBag from /home/airflow/.local/lib/python3.7/site-packages/airflow/example_dags/example_branch_operator_decorator.py
[2022-06-24 07:10:13,934] {processor.py:651} INFO - DAG(s) dict_keys(['example_branch_python_operator_decorator']) retrieved from /home/airflow/.local/lib/python3.7/site-packages/airflow/example_dags/example_branch_operator_decorator.py
[2022-06-24 07:10:13,956] {logging_mixin.py:115} INFO - [2022-06-24 07:10:13,956] {dag.py:2379} INFO - Sync 1 DAGs
[2022-06-24 07:10:13,975] {logging_mixin.py:115} INFO - [2022-06-24 07:10:13,975] {dag.py:2931} INFO - Setting next_dagrun for example_branch_python_operator_decorator to 2022-06-23T00:00:00+00:00, run_after=2022-06-24T00:00:00+00:00
[2022-06-24 07:10:13,987] {processor.py:161} INFO - Processing /home/airflow/.local/lib/python3.7/site-packages/airflow/example_dags/example_branch_operator_decorator.py took 0.076 seconds
[2022-06-24 07:10:44,468] {processor.py:153} INFO - Started process (PID=6938) to work on /home/airflow/.local/lib/python3.7/site-packages/airflow/example_dags/example_branch_operator_decorator.py
[2022-06-24 07:10:44,469] {processor.py:641} INFO - Processing file /home/airflow/.local/lib/python3.7/site-packages/airflow/example_dags/example_branch_operator_decorator.py for tasks to queue
[2022-06-24 07:10:44,470] {logging_mixin.py:115} INFO - [2022-06-24 07:10:44,470] {dagbag.py:507} INFO - Filling up the DagBag from /home/airflow/.local/lib/python3.7/site-packages/airflow/example_dags/example_branch_operator_decorator.py
[2022-06-24 07:10:44,487] {processor.py:651} INFO - DAG(s) dict_keys(['example_branch_python_operator_decorator']) retrieved from /home/airflow/.local/lib/python3.7/site-packages/airflow/example_dags/example_branch_operator_decorator.py
[2022-06-24 07:10:44,510] {logging_mixin.py:115} INFO - [2022-06-24 07:10:44,510] {dag.py:2379} INFO - Sync 1 DAGs
[2022-06-24 07:10:44,529] {logging_mixin.py:115} INFO - [2022-06-24 07:10:44,529] {dag.py:2931} INFO - Setting next_dagrun for example_branch_python_operator_decorator to 2022-06-23T00:00:00+00:00, run_after=2022-06-24T00:00:00+00:00
[2022-06-24 07:10:44,543] {processor.py:161} INFO - Processing /home/airflow/.local/lib/python3.7/site-packages/airflow/example_dags/example_branch_operator_decorator.py took 0.078 seconds
[2022-06-24 07:11:14,896] {processor.py:153} INFO - Started process (PID=7002) to work on /home/airflow/.local/lib/python3.7/site-packages/airflow/example_dags/example_branch_operator_decorator.py
[2022-06-24 07:11:14,897] {processor.py:641} INFO - Processing file /home/airflow/.local/lib/python3.7/site-packages/airflow/example_dags/example_branch_operator_decorator.py for tasks to queue
[2022-06-24 07:11:14,898] {logging_mixin.py:115} INFO - [2022-06-24 07:11:14,897] {dagbag.py:507} INFO - Filling up the DagBag from /home/airflow/.local/lib/python3.7/site-packages/airflow/example_dags/example_branch_operator_decorator.py
[2022-06-24 07:11:14,917] {processor.py:651} INFO - DAG(s) dict_keys(['example_branch_python_operator_decorator']) retrieved from /home/airflow/.local/lib/python3.7/site-packages/airflow/example_dags/example_branch_operator_decorator.py
[2022-06-24 07:11:14,943] {logging_mixin.py:115} INFO - [2022-06-24 07:11:14,943] {dag.py:2379} INFO - Sync 1 DAGs
[2022-06-24 07:11:14,961] {logging_mixin.py:115} INFO - [2022-06-24 07:11:14,960] {dag.py:2931} INFO - Setting next_dagrun for example_branch_python_operator_decorator to 2022-06-23T00:00:00+00:00, run_after=2022-06-24T00:00:00+00:00
[2022-06-24 07:11:14,975] {processor.py:161} INFO - Processing /home/airflow/.local/lib/python3.7/site-packages/airflow/example_dags/example_branch_operator_decorator.py took 0.082 seconds
[2022-06-24 07:11:45,074] {processor.py:153} INFO - Started process (PID=7057) to work on /home/airflow/.local/lib/python3.7/site-packages/airflow/example_dags/example_branch_operator_decorator.py
[2022-06-24 07:11:45,075] {processor.py:641} INFO - Processing file /home/airflow/.local/lib/python3.7/site-packages/airflow/example_dags/example_branch_operator_decorator.py for tasks to queue
[2022-06-24 07:11:45,076] {logging_mixin.py:115} INFO - [2022-06-24 07:11:45,076] {dagbag.py:507} INFO - Filling up the DagBag from /home/airflow/.local/lib/python3.7/site-packages/airflow/example_dags/example_branch_operator_decorator.py
[2022-06-24 07:11:45,095] {processor.py:651} INFO - DAG(s) dict_keys(['example_branch_python_operator_decorator']) retrieved from /home/airflow/.local/lib/python3.7/site-packages/airflow/example_dags/example_branch_operator_decorator.py
[2022-06-24 07:11:45,118] {logging_mixin.py:115} INFO - [2022-06-24 07:11:45,118] {dag.py:2379} INFO - Sync 1 DAGs
[2022-06-24 07:11:45,135] {logging_mixin.py:115} INFO - [2022-06-24 07:11:45,134] {dag.py:2931} INFO - Setting next_dagrun for example_branch_python_operator_decorator to 2022-06-23T00:00:00+00:00, run_after=2022-06-24T00:00:00+00:00
[2022-06-24 07:11:45,146] {processor.py:161} INFO - Processing /home/airflow/.local/lib/python3.7/site-packages/airflow/example_dags/example_branch_operator_decorator.py took 0.075 seconds
[2022-06-24 07:12:15,451] {processor.py:153} INFO - Started process (PID=7122) to work on /home/airflow/.local/lib/python3.7/site-packages/airflow/example_dags/example_branch_operator_decorator.py
[2022-06-24 07:12:15,452] {processor.py:641} INFO - Processing file /home/airflow/.local/lib/python3.7/site-packages/airflow/example_dags/example_branch_operator_decorator.py for tasks to queue
[2022-06-24 07:12:15,453] {logging_mixin.py:115} INFO - [2022-06-24 07:12:15,453] {dagbag.py:507} INFO - Filling up the DagBag from /home/airflow/.local/lib/python3.7/site-packages/airflow/example_dags/example_branch_operator_decorator.py
[2022-06-24 07:12:15,471] {processor.py:651} INFO - DAG(s) dict_keys(['example_branch_python_operator_decorator']) retrieved from /home/airflow/.local/lib/python3.7/site-packages/airflow/example_dags/example_branch_operator_decorator.py
[2022-06-24 07:12:15,494] {logging_mixin.py:115} INFO - [2022-06-24 07:12:15,494] {dag.py:2379} INFO - Sync 1 DAGs
[2022-06-24 07:12:15,513] {logging_mixin.py:115} INFO - [2022-06-24 07:12:15,513] {dag.py:2931} INFO - Setting next_dagrun for example_branch_python_operator_decorator to 2022-06-23T00:00:00+00:00, run_after=2022-06-24T00:00:00+00:00
[2022-06-24 07:12:15,526] {processor.py:161} INFO - Processing /home/airflow/.local/lib/python3.7/site-packages/airflow/example_dags/example_branch_operator_decorator.py took 0.078 seconds
[2022-06-24 07:12:45,620] {processor.py:153} INFO - Started process (PID=7186) to work on /home/airflow/.local/lib/python3.7/site-packages/airflow/example_dags/example_branch_operator_decorator.py
[2022-06-24 07:12:45,621] {processor.py:641} INFO - Processing file /home/airflow/.local/lib/python3.7/site-packages/airflow/example_dags/example_branch_operator_decorator.py for tasks to queue
[2022-06-24 07:12:45,621] {logging_mixin.py:115} INFO - [2022-06-24 07:12:45,621] {dagbag.py:507} INFO - Filling up the DagBag from /home/airflow/.local/lib/python3.7/site-packages/airflow/example_dags/example_branch_operator_decorator.py
[2022-06-24 07:12:45,639] {processor.py:651} INFO - DAG(s) dict_keys(['example_branch_python_operator_decorator']) retrieved from /home/airflow/.local/lib/python3.7/site-packages/airflow/example_dags/example_branch_operator_decorator.py
[2022-06-24 07:12:45,666] {logging_mixin.py:115} INFO - [2022-06-24 07:12:45,665] {dag.py:2379} INFO - Sync 1 DAGs
[2022-06-24 07:12:45,682] {logging_mixin.py:115} INFO - [2022-06-24 07:12:45,682] {dag.py:2931} INFO - Setting next_dagrun for example_branch_python_operator_decorator to 2022-06-23T00:00:00+00:00, run_after=2022-06-24T00:00:00+00:00
[2022-06-24 07:12:45,695] {processor.py:161} INFO - Processing /home/airflow/.local/lib/python3.7/site-packages/airflow/example_dags/example_branch_operator_decorator.py took 0.079 seconds
[2022-06-24 07:13:15,860] {processor.py:153} INFO - Started process (PID=7250) to work on /home/airflow/.local/lib/python3.7/site-packages/airflow/example_dags/example_branch_operator_decorator.py
[2022-06-24 07:13:15,861] {processor.py:641} INFO - Processing file /home/airflow/.local/lib/python3.7/site-packages/airflow/example_dags/example_branch_operator_decorator.py for tasks to queue
[2022-06-24 07:13:15,861] {logging_mixin.py:115} INFO - [2022-06-24 07:13:15,861] {dagbag.py:507} INFO - Filling up the DagBag from /home/airflow/.local/lib/python3.7/site-packages/airflow/example_dags/example_branch_operator_decorator.py
[2022-06-24 07:13:15,879] {processor.py:651} INFO - DAG(s) dict_keys(['example_branch_python_operator_decorator']) retrieved from /home/airflow/.local/lib/python3.7/site-packages/airflow/example_dags/example_branch_operator_decorator.py
[2022-06-24 07:13:15,900] {logging_mixin.py:115} INFO - [2022-06-24 07:13:15,899] {dag.py:2379} INFO - Sync 1 DAGs
[2022-06-24 07:13:15,919] {logging_mixin.py:115} INFO - [2022-06-24 07:13:15,919] {dag.py:2931} INFO - Setting next_dagrun for example_branch_python_operator_decorator to 2022-06-23T00:00:00+00:00, run_after=2022-06-24T00:00:00+00:00
[2022-06-24 07:13:15,931] {processor.py:161} INFO - Processing /home/airflow/.local/lib/python3.7/site-packages/airflow/example_dags/example_branch_operator_decorator.py took 0.075 seconds
[2022-06-24 07:13:46,403] {processor.py:153} INFO - Started process (PID=7305) to work on /home/airflow/.local/lib/python3.7/site-packages/airflow/example_dags/example_branch_operator_decorator.py
[2022-06-24 07:13:46,404] {processor.py:641} INFO - Processing file /home/airflow/.local/lib/python3.7/site-packages/airflow/example_dags/example_branch_operator_decorator.py for tasks to queue
[2022-06-24 07:13:46,405] {logging_mixin.py:115} INFO - [2022-06-24 07:13:46,405] {dagbag.py:507} INFO - Filling up the DagBag from /home/airflow/.local/lib/python3.7/site-packages/airflow/example_dags/example_branch_operator_decorator.py
[2022-06-24 07:13:46,425] {processor.py:651} INFO - DAG(s) dict_keys(['example_branch_python_operator_decorator']) retrieved from /home/airflow/.local/lib/python3.7/site-packages/airflow/example_dags/example_branch_operator_decorator.py
[2022-06-24 07:13:46,451] {logging_mixin.py:115} INFO - [2022-06-24 07:13:46,451] {dag.py:2379} INFO - Sync 1 DAGs
[2022-06-24 07:13:46,473] {logging_mixin.py:115} INFO - [2022-06-24 07:13:46,473] {dag.py:2931} INFO - Setting next_dagrun for example_branch_python_operator_decorator to 2022-06-23T00:00:00+00:00, run_after=2022-06-24T00:00:00+00:00
[2022-06-24 07:13:46,485] {processor.py:161} INFO - Processing /home/airflow/.local/lib/python3.7/site-packages/airflow/example_dags/example_branch_operator_decorator.py took 0.085 seconds
[2022-06-24 07:14:17,024] {processor.py:153} INFO - Started process (PID=7369) to work on /home/airflow/.local/lib/python3.7/site-packages/airflow/example_dags/example_branch_operator_decorator.py
[2022-06-24 07:14:17,024] {processor.py:641} INFO - Processing file /home/airflow/.local/lib/python3.7/site-packages/airflow/example_dags/example_branch_operator_decorator.py for tasks to queue
[2022-06-24 07:14:17,025] {logging_mixin.py:115} INFO - [2022-06-24 07:14:17,025] {dagbag.py:507} INFO - Filling up the DagBag from /home/airflow/.local/lib/python3.7/site-packages/airflow/example_dags/example_branch_operator_decorator.py
[2022-06-24 07:14:17,045] {processor.py:651} INFO - DAG(s) dict_keys(['example_branch_python_operator_decorator']) retrieved from /home/airflow/.local/lib/python3.7/site-packages/airflow/example_dags/example_branch_operator_decorator.py
[2022-06-24 07:14:17,066] {logging_mixin.py:115} INFO - [2022-06-24 07:14:17,066] {dag.py:2379} INFO - Sync 1 DAGs
[2022-06-24 07:14:17,086] {logging_mixin.py:115} INFO - [2022-06-24 07:14:17,086] {dag.py:2931} INFO - Setting next_dagrun for example_branch_python_operator_decorator to 2022-06-23T00:00:00+00:00, run_after=2022-06-24T00:00:00+00:00
[2022-06-24 07:14:17,100] {processor.py:161} INFO - Processing /home/airflow/.local/lib/python3.7/site-packages/airflow/example_dags/example_branch_operator_decorator.py took 0.079 seconds
[2022-06-24 07:14:47,595] {processor.py:153} INFO - Started process (PID=7433) to work on /home/airflow/.local/lib/python3.7/site-packages/airflow/example_dags/example_branch_operator_decorator.py
[2022-06-24 07:14:47,596] {processor.py:641} INFO - Processing file /home/airflow/.local/lib/python3.7/site-packages/airflow/example_dags/example_branch_operator_decorator.py for tasks to queue
[2022-06-24 07:14:47,597] {logging_mixin.py:115} INFO - [2022-06-24 07:14:47,597] {dagbag.py:507} INFO - Filling up the DagBag from /home/airflow/.local/lib/python3.7/site-packages/airflow/example_dags/example_branch_operator_decorator.py
[2022-06-24 07:14:47,616] {processor.py:651} INFO - DAG(s) dict_keys(['example_branch_python_operator_decorator']) retrieved from /home/airflow/.local/lib/python3.7/site-packages/airflow/example_dags/example_branch_operator_decorator.py
[2022-06-24 07:14:47,639] {logging_mixin.py:115} INFO - [2022-06-24 07:14:47,639] {dag.py:2379} INFO - Sync 1 DAGs
[2022-06-24 07:14:47,656] {logging_mixin.py:115} INFO - [2022-06-24 07:14:47,656] {dag.py:2931} INFO - Setting next_dagrun for example_branch_python_operator_decorator to 2022-06-23T00:00:00+00:00, run_after=2022-06-24T00:00:00+00:00
[2022-06-24 07:14:47,669] {processor.py:161} INFO - Processing /home/airflow/.local/lib/python3.7/site-packages/airflow/example_dags/example_branch_operator_decorator.py took 0.078 seconds
[2022-06-24 07:15:18,026] {processor.py:153} INFO - Started process (PID=7498) to work on /home/airflow/.local/lib/python3.7/site-packages/airflow/example_dags/example_branch_operator_decorator.py
[2022-06-24 07:15:18,027] {processor.py:641} INFO - Processing file /home/airflow/.local/lib/python3.7/site-packages/airflow/example_dags/example_branch_operator_decorator.py for tasks to queue
[2022-06-24 07:15:18,027] {logging_mixin.py:115} INFO - [2022-06-24 07:15:18,027] {dagbag.py:507} INFO - Filling up the DagBag from /home/airflow/.local/lib/python3.7/site-packages/airflow/example_dags/example_branch_operator_decorator.py
[2022-06-24 07:15:18,050] {processor.py:651} INFO - DAG(s) dict_keys(['example_branch_python_operator_decorator']) retrieved from /home/airflow/.local/lib/python3.7/site-packages/airflow/example_dags/example_branch_operator_decorator.py
[2022-06-24 07:15:18,079] {logging_mixin.py:115} INFO - [2022-06-24 07:15:18,079] {dag.py:2379} INFO - Sync 1 DAGs
[2022-06-24 07:15:18,098] {logging_mixin.py:115} INFO - [2022-06-24 07:15:18,098] {dag.py:2931} INFO - Setting next_dagrun for example_branch_python_operator_decorator to 2022-06-23T00:00:00+00:00, run_after=2022-06-24T00:00:00+00:00
[2022-06-24 07:15:18,113] {processor.py:161} INFO - Processing /home/airflow/.local/lib/python3.7/site-packages/airflow/example_dags/example_branch_operator_decorator.py took 0.095 seconds
[2022-06-24 07:15:48,356] {processor.py:153} INFO - Started process (PID=7553) to work on /home/airflow/.local/lib/python3.7/site-packages/airflow/example_dags/example_branch_operator_decorator.py
[2022-06-24 07:15:48,357] {processor.py:641} INFO - Processing file /home/airflow/.local/lib/python3.7/site-packages/airflow/example_dags/example_branch_operator_decorator.py for tasks to queue
[2022-06-24 07:15:48,358] {logging_mixin.py:115} INFO - [2022-06-24 07:15:48,358] {dagbag.py:507} INFO - Filling up the DagBag from /home/airflow/.local/lib/python3.7/site-packages/airflow/example_dags/example_branch_operator_decorator.py
[2022-06-24 07:15:48,375] {processor.py:651} INFO - DAG(s) dict_keys(['example_branch_python_operator_decorator']) retrieved from /home/airflow/.local/lib/python3.7/site-packages/airflow/example_dags/example_branch_operator_decorator.py
[2022-06-24 07:15:48,398] {logging_mixin.py:115} INFO - [2022-06-24 07:15:48,398] {dag.py:2379} INFO - Sync 1 DAGs
[2022-06-24 07:15:48,417] {logging_mixin.py:115} INFO - [2022-06-24 07:15:48,417] {dag.py:2931} INFO - Setting next_dagrun for example_branch_python_operator_decorator to 2022-06-23T00:00:00+00:00, run_after=2022-06-24T00:00:00+00:00
[2022-06-24 07:15:48,431] {processor.py:161} INFO - Processing /home/airflow/.local/lib/python3.7/site-packages/airflow/example_dags/example_branch_operator_decorator.py took 0.078 seconds
[2022-06-24 07:16:18,922] {processor.py:153} INFO - Started process (PID=7617) to work on /home/airflow/.local/lib/python3.7/site-packages/airflow/example_dags/example_branch_operator_decorator.py
[2022-06-24 07:16:18,923] {processor.py:641} INFO - Processing file /home/airflow/.local/lib/python3.7/site-packages/airflow/example_dags/example_branch_operator_decorator.py for tasks to queue
[2022-06-24 07:16:18,924] {logging_mixin.py:115} INFO - [2022-06-24 07:16:18,924] {dagbag.py:507} INFO - Filling up the DagBag from /home/airflow/.local/lib/python3.7/site-packages/airflow/example_dags/example_branch_operator_decorator.py
[2022-06-24 07:16:18,948] {processor.py:651} INFO - DAG(s) dict_keys(['example_branch_python_operator_decorator']) retrieved from /home/airflow/.local/lib/python3.7/site-packages/airflow/example_dags/example_branch_operator_decorator.py
[2022-06-24 07:16:18,972] {logging_mixin.py:115} INFO - [2022-06-24 07:16:18,972] {dag.py:2379} INFO - Sync 1 DAGs
[2022-06-24 07:16:18,993] {logging_mixin.py:115} INFO - [2022-06-24 07:16:18,992] {dag.py:2931} INFO - Setting next_dagrun for example_branch_python_operator_decorator to 2022-06-23T00:00:00+00:00, run_after=2022-06-24T00:00:00+00:00
[2022-06-24 07:16:19,005] {processor.py:161} INFO - Processing /home/airflow/.local/lib/python3.7/site-packages/airflow/example_dags/example_branch_operator_decorator.py took 0.086 seconds
[2022-06-24 07:16:49,469] {processor.py:153} INFO - Started process (PID=7681) to work on /home/airflow/.local/lib/python3.7/site-packages/airflow/example_dags/example_branch_operator_decorator.py
[2022-06-24 07:16:49,470] {processor.py:641} INFO - Processing file /home/airflow/.local/lib/python3.7/site-packages/airflow/example_dags/example_branch_operator_decorator.py for tasks to queue
[2022-06-24 07:16:49,471] {logging_mixin.py:115} INFO - [2022-06-24 07:16:49,471] {dagbag.py:507} INFO - Filling up the DagBag from /home/airflow/.local/lib/python3.7/site-packages/airflow/example_dags/example_branch_operator_decorator.py
[2022-06-24 07:16:49,491] {processor.py:651} INFO - DAG(s) dict_keys(['example_branch_python_operator_decorator']) retrieved from /home/airflow/.local/lib/python3.7/site-packages/airflow/example_dags/example_branch_operator_decorator.py
[2022-06-24 07:16:49,513] {logging_mixin.py:115} INFO - [2022-06-24 07:16:49,513] {dag.py:2379} INFO - Sync 1 DAGs
[2022-06-24 07:16:49,530] {logging_mixin.py:115} INFO - [2022-06-24 07:16:49,530] {dag.py:2931} INFO - Setting next_dagrun for example_branch_python_operator_decorator to 2022-06-23T00:00:00+00:00, run_after=2022-06-24T00:00:00+00:00
[2022-06-24 07:16:49,542] {processor.py:161} INFO - Processing /home/airflow/.local/lib/python3.7/site-packages/airflow/example_dags/example_branch_operator_decorator.py took 0.076 seconds
[2022-06-24 07:17:19,995] {processor.py:153} INFO - Started process (PID=7736) to work on /home/airflow/.local/lib/python3.7/site-packages/airflow/example_dags/example_branch_operator_decorator.py
[2022-06-24 07:17:19,996] {processor.py:641} INFO - Processing file /home/airflow/.local/lib/python3.7/site-packages/airflow/example_dags/example_branch_operator_decorator.py for tasks to queue
[2022-06-24 07:17:19,997] {logging_mixin.py:115} INFO - [2022-06-24 07:17:19,997] {dagbag.py:507} INFO - Filling up the DagBag from /home/airflow/.local/lib/python3.7/site-packages/airflow/example_dags/example_branch_operator_decorator.py
[2022-06-24 07:17:20,018] {processor.py:651} INFO - DAG(s) dict_keys(['example_branch_python_operator_decorator']) retrieved from /home/airflow/.local/lib/python3.7/site-packages/airflow/example_dags/example_branch_operator_decorator.py
[2022-06-24 07:17:20,042] {logging_mixin.py:115} INFO - [2022-06-24 07:17:20,042] {dag.py:2379} INFO - Sync 1 DAGs
[2022-06-24 07:17:20,061] {logging_mixin.py:115} INFO - [2022-06-24 07:17:20,061] {dag.py:2931} INFO - Setting next_dagrun for example_branch_python_operator_decorator to 2022-06-23T00:00:00+00:00, run_after=2022-06-24T00:00:00+00:00
[2022-06-24 07:17:20,076] {processor.py:161} INFO - Processing /home/airflow/.local/lib/python3.7/site-packages/airflow/example_dags/example_branch_operator_decorator.py took 0.085 seconds
[2022-06-24 07:17:50,667] {processor.py:153} INFO - Started process (PID=7800) to work on /home/airflow/.local/lib/python3.7/site-packages/airflow/example_dags/example_branch_operator_decorator.py
[2022-06-24 07:17:50,668] {processor.py:641} INFO - Processing file /home/airflow/.local/lib/python3.7/site-packages/airflow/example_dags/example_branch_operator_decorator.py for tasks to queue
[2022-06-24 07:17:50,669] {logging_mixin.py:115} INFO - [2022-06-24 07:17:50,669] {dagbag.py:507} INFO - Filling up the DagBag from /home/airflow/.local/lib/python3.7/site-packages/airflow/example_dags/example_branch_operator_decorator.py
[2022-06-24 07:17:50,689] {processor.py:651} INFO - DAG(s) dict_keys(['example_branch_python_operator_decorator']) retrieved from /home/airflow/.local/lib/python3.7/site-packages/airflow/example_dags/example_branch_operator_decorator.py
[2022-06-24 07:17:50,712] {logging_mixin.py:115} INFO - [2022-06-24 07:17:50,711] {dag.py:2379} INFO - Sync 1 DAGs
[2022-06-24 07:17:50,728] {logging_mixin.py:115} INFO - [2022-06-24 07:17:50,728] {dag.py:2931} INFO - Setting next_dagrun for example_branch_python_operator_decorator to 2022-06-23T00:00:00+00:00, run_after=2022-06-24T00:00:00+00:00
[2022-06-24 07:17:50,740] {processor.py:161} INFO - Processing /home/airflow/.local/lib/python3.7/site-packages/airflow/example_dags/example_branch_operator_decorator.py took 0.077 seconds
[2022-06-24 07:18:21,386] {processor.py:153} INFO - Started process (PID=7864) to work on /home/airflow/.local/lib/python3.7/site-packages/airflow/example_dags/example_branch_operator_decorator.py
[2022-06-24 07:18:21,387] {processor.py:641} INFO - Processing file /home/airflow/.local/lib/python3.7/site-packages/airflow/example_dags/example_branch_operator_decorator.py for tasks to queue
[2022-06-24 07:18:21,388] {logging_mixin.py:115} INFO - [2022-06-24 07:18:21,388] {dagbag.py:507} INFO - Filling up the DagBag from /home/airflow/.local/lib/python3.7/site-packages/airflow/example_dags/example_branch_operator_decorator.py
[2022-06-24 07:18:21,410] {processor.py:651} INFO - DAG(s) dict_keys(['example_branch_python_operator_decorator']) retrieved from /home/airflow/.local/lib/python3.7/site-packages/airflow/example_dags/example_branch_operator_decorator.py
[2022-06-24 07:18:21,441] {logging_mixin.py:115} INFO - [2022-06-24 07:18:21,441] {dag.py:2379} INFO - Sync 1 DAGs
[2022-06-24 07:18:21,461] {logging_mixin.py:115} INFO - [2022-06-24 07:18:21,461] {dag.py:2931} INFO - Setting next_dagrun for example_branch_python_operator_decorator to 2022-06-23T00:00:00+00:00, run_after=2022-06-24T00:00:00+00:00
[2022-06-24 07:18:21,477] {processor.py:161} INFO - Processing /home/airflow/.local/lib/python3.7/site-packages/airflow/example_dags/example_branch_operator_decorator.py took 0.094 seconds
[2022-06-24 07:18:52,084] {processor.py:153} INFO - Started process (PID=7929) to work on /home/airflow/.local/lib/python3.7/site-packages/airflow/example_dags/example_branch_operator_decorator.py
[2022-06-24 07:18:52,086] {processor.py:641} INFO - Processing file /home/airflow/.local/lib/python3.7/site-packages/airflow/example_dags/example_branch_operator_decorator.py for tasks to queue
[2022-06-24 07:18:52,086] {logging_mixin.py:115} INFO - [2022-06-24 07:18:52,086] {dagbag.py:507} INFO - Filling up the DagBag from /home/airflow/.local/lib/python3.7/site-packages/airflow/example_dags/example_branch_operator_decorator.py
[2022-06-24 07:18:52,102] {processor.py:651} INFO - DAG(s) dict_keys(['example_branch_python_operator_decorator']) retrieved from /home/airflow/.local/lib/python3.7/site-packages/airflow/example_dags/example_branch_operator_decorator.py
[2022-06-24 07:18:52,135] {logging_mixin.py:115} INFO - [2022-06-24 07:18:52,135] {dag.py:2379} INFO - Sync 1 DAGs
[2022-06-24 07:18:52,155] {logging_mixin.py:115} INFO - [2022-06-24 07:18:52,155] {dag.py:2931} INFO - Setting next_dagrun for example_branch_python_operator_decorator to 2022-06-23T00:00:00+00:00, run_after=2022-06-24T00:00:00+00:00
[2022-06-24 07:18:52,168] {processor.py:161} INFO - Processing /home/airflow/.local/lib/python3.7/site-packages/airflow/example_dags/example_branch_operator_decorator.py took 0.087 seconds
[2022-06-24 07:19:22,816] {processor.py:153} INFO - Started process (PID=7984) to work on /home/airflow/.local/lib/python3.7/site-packages/airflow/example_dags/example_branch_operator_decorator.py
[2022-06-24 07:19:22,817] {processor.py:641} INFO - Processing file /home/airflow/.local/lib/python3.7/site-packages/airflow/example_dags/example_branch_operator_decorator.py for tasks to queue
[2022-06-24 07:19:22,818] {logging_mixin.py:115} INFO - [2022-06-24 07:19:22,818] {dagbag.py:507} INFO - Filling up the DagBag from /home/airflow/.local/lib/python3.7/site-packages/airflow/example_dags/example_branch_operator_decorator.py
[2022-06-24 07:19:22,836] {processor.py:651} INFO - DAG(s) dict_keys(['example_branch_python_operator_decorator']) retrieved from /home/airflow/.local/lib/python3.7/site-packages/airflow/example_dags/example_branch_operator_decorator.py
[2022-06-24 07:19:22,862] {logging_mixin.py:115} INFO - [2022-06-24 07:19:22,862] {dag.py:2379} INFO - Sync 1 DAGs
[2022-06-24 07:19:22,882] {logging_mixin.py:115} INFO - [2022-06-24 07:19:22,882] {dag.py:2931} INFO - Setting next_dagrun for example_branch_python_operator_decorator to 2022-06-23T00:00:00+00:00, run_after=2022-06-24T00:00:00+00:00
[2022-06-24 07:19:22,895] {processor.py:161} INFO - Processing /home/airflow/.local/lib/python3.7/site-packages/airflow/example_dags/example_branch_operator_decorator.py took 0.083 seconds
[2022-06-24 07:19:53,240] {processor.py:153} INFO - Started process (PID=8048) to work on /home/airflow/.local/lib/python3.7/site-packages/airflow/example_dags/example_branch_operator_decorator.py
[2022-06-24 07:19:53,241] {processor.py:641} INFO - Processing file /home/airflow/.local/lib/python3.7/site-packages/airflow/example_dags/example_branch_operator_decorator.py for tasks to queue
[2022-06-24 07:19:53,242] {logging_mixin.py:115} INFO - [2022-06-24 07:19:53,242] {dagbag.py:507} INFO - Filling up the DagBag from /home/airflow/.local/lib/python3.7/site-packages/airflow/example_dags/example_branch_operator_decorator.py
[2022-06-24 07:19:53,259] {processor.py:651} INFO - DAG(s) dict_keys(['example_branch_python_operator_decorator']) retrieved from /home/airflow/.local/lib/python3.7/site-packages/airflow/example_dags/example_branch_operator_decorator.py
[2022-06-24 07:19:53,282] {logging_mixin.py:115} INFO - [2022-06-24 07:19:53,282] {dag.py:2379} INFO - Sync 1 DAGs
[2022-06-24 07:19:53,297] {logging_mixin.py:115} INFO - [2022-06-24 07:19:53,297] {dag.py:2931} INFO - Setting next_dagrun for example_branch_python_operator_decorator to 2022-06-23T00:00:00+00:00, run_after=2022-06-24T00:00:00+00:00
[2022-06-24 07:19:53,310] {processor.py:161} INFO - Processing /home/airflow/.local/lib/python3.7/site-packages/airflow/example_dags/example_branch_operator_decorator.py took 0.073 seconds
[2022-06-24 07:20:23,618] {processor.py:153} INFO - Started process (PID=8112) to work on /home/airflow/.local/lib/python3.7/site-packages/airflow/example_dags/example_branch_operator_decorator.py
[2022-06-24 07:20:23,619] {processor.py:641} INFO - Processing file /home/airflow/.local/lib/python3.7/site-packages/airflow/example_dags/example_branch_operator_decorator.py for tasks to queue
[2022-06-24 07:20:23,620] {logging_mixin.py:115} INFO - [2022-06-24 07:20:23,620] {dagbag.py:507} INFO - Filling up the DagBag from /home/airflow/.local/lib/python3.7/site-packages/airflow/example_dags/example_branch_operator_decorator.py
[2022-06-24 07:20:23,641] {processor.py:651} INFO - DAG(s) dict_keys(['example_branch_python_operator_decorator']) retrieved from /home/airflow/.local/lib/python3.7/site-packages/airflow/example_dags/example_branch_operator_decorator.py
[2022-06-24 07:20:23,665] {logging_mixin.py:115} INFO - [2022-06-24 07:20:23,665] {dag.py:2379} INFO - Sync 1 DAGs
[2022-06-24 07:20:23,685] {logging_mixin.py:115} INFO - [2022-06-24 07:20:23,685] {dag.py:2931} INFO - Setting next_dagrun for example_branch_python_operator_decorator to 2022-06-23T00:00:00+00:00, run_after=2022-06-24T00:00:00+00:00
[2022-06-24 07:20:23,701] {processor.py:161} INFO - Processing /home/airflow/.local/lib/python3.7/site-packages/airflow/example_dags/example_branch_operator_decorator.py took 0.086 seconds
[2022-06-24 07:20:53,934] {processor.py:153} INFO - Started process (PID=8167) to work on /home/airflow/.local/lib/python3.7/site-packages/airflow/example_dags/example_branch_operator_decorator.py
[2022-06-24 07:20:53,935] {processor.py:641} INFO - Processing file /home/airflow/.local/lib/python3.7/site-packages/airflow/example_dags/example_branch_operator_decorator.py for tasks to queue
[2022-06-24 07:20:53,936] {logging_mixin.py:115} INFO - [2022-06-24 07:20:53,935] {dagbag.py:507} INFO - Filling up the DagBag from /home/airflow/.local/lib/python3.7/site-packages/airflow/example_dags/example_branch_operator_decorator.py
[2022-06-24 07:20:53,958] {processor.py:651} INFO - DAG(s) dict_keys(['example_branch_python_operator_decorator']) retrieved from /home/airflow/.local/lib/python3.7/site-packages/airflow/example_dags/example_branch_operator_decorator.py
[2022-06-24 07:20:53,984] {logging_mixin.py:115} INFO - [2022-06-24 07:20:53,984] {dag.py:2379} INFO - Sync 1 DAGs
[2022-06-24 07:20:54,003] {logging_mixin.py:115} INFO - [2022-06-24 07:20:54,003] {dag.py:2931} INFO - Setting next_dagrun for example_branch_python_operator_decorator to 2022-06-23T00:00:00+00:00, run_after=2022-06-24T00:00:00+00:00
[2022-06-24 07:20:54,016] {processor.py:161} INFO - Processing /home/airflow/.local/lib/python3.7/site-packages/airflow/example_dags/example_branch_operator_decorator.py took 0.086 seconds
[2022-06-24 07:21:24,635] {processor.py:153} INFO - Started process (PID=8231) to work on /home/airflow/.local/lib/python3.7/site-packages/airflow/example_dags/example_branch_operator_decorator.py
[2022-06-24 07:21:24,636] {processor.py:641} INFO - Processing file /home/airflow/.local/lib/python3.7/site-packages/airflow/example_dags/example_branch_operator_decorator.py for tasks to queue
[2022-06-24 07:21:24,637] {logging_mixin.py:115} INFO - [2022-06-24 07:21:24,637] {dagbag.py:507} INFO - Filling up the DagBag from /home/airflow/.local/lib/python3.7/site-packages/airflow/example_dags/example_branch_operator_decorator.py
[2022-06-24 07:21:24,663] {processor.py:651} INFO - DAG(s) dict_keys(['example_branch_python_operator_decorator']) retrieved from /home/airflow/.local/lib/python3.7/site-packages/airflow/example_dags/example_branch_operator_decorator.py
[2022-06-24 07:21:24,693] {logging_mixin.py:115} INFO - [2022-06-24 07:21:24,693] {dag.py:2379} INFO - Sync 1 DAGs
[2022-06-24 07:21:24,715] {logging_mixin.py:115} INFO - [2022-06-24 07:21:24,715] {dag.py:2931} INFO - Setting next_dagrun for example_branch_python_operator_decorator to 2022-06-23T00:00:00+00:00, run_after=2022-06-24T00:00:00+00:00
[2022-06-24 07:21:24,730] {processor.py:161} INFO - Processing /home/airflow/.local/lib/python3.7/site-packages/airflow/example_dags/example_branch_operator_decorator.py took 0.099 seconds
[2022-06-24 07:21:55,233] {processor.py:153} INFO - Started process (PID=8295) to work on /home/airflow/.local/lib/python3.7/site-packages/airflow/example_dags/example_branch_operator_decorator.py
[2022-06-24 07:21:55,235] {processor.py:641} INFO - Processing file /home/airflow/.local/lib/python3.7/site-packages/airflow/example_dags/example_branch_operator_decorator.py for tasks to queue
[2022-06-24 07:21:55,235] {logging_mixin.py:115} INFO - [2022-06-24 07:21:55,235] {dagbag.py:507} INFO - Filling up the DagBag from /home/airflow/.local/lib/python3.7/site-packages/airflow/example_dags/example_branch_operator_decorator.py
[2022-06-24 07:21:55,254] {processor.py:651} INFO - DAG(s) dict_keys(['example_branch_python_operator_decorator']) retrieved from /home/airflow/.local/lib/python3.7/site-packages/airflow/example_dags/example_branch_operator_decorator.py
[2022-06-24 07:21:55,285] {logging_mixin.py:115} INFO - [2022-06-24 07:21:55,285] {dag.py:2379} INFO - Sync 1 DAGs
[2022-06-24 07:21:55,307] {logging_mixin.py:115} INFO - [2022-06-24 07:21:55,307] {dag.py:2931} INFO - Setting next_dagrun for example_branch_python_operator_decorator to 2022-06-23T00:00:00+00:00, run_after=2022-06-24T00:00:00+00:00
[2022-06-24 07:21:55,321] {processor.py:161} INFO - Processing /home/airflow/.local/lib/python3.7/site-packages/airflow/example_dags/example_branch_operator_decorator.py took 0.091 seconds
[2022-06-24 07:22:25,827] {processor.py:153} INFO - Started process (PID=8359) to work on /home/airflow/.local/lib/python3.7/site-packages/airflow/example_dags/example_branch_operator_decorator.py
[2022-06-24 07:22:25,828] {processor.py:641} INFO - Processing file /home/airflow/.local/lib/python3.7/site-packages/airflow/example_dags/example_branch_operator_decorator.py for tasks to queue
[2022-06-24 07:22:25,831] {logging_mixin.py:115} INFO - [2022-06-24 07:22:25,831] {dagbag.py:507} INFO - Filling up the DagBag from /home/airflow/.local/lib/python3.7/site-packages/airflow/example_dags/example_branch_operator_decorator.py
[2022-06-24 07:22:25,865] {processor.py:651} INFO - DAG(s) dict_keys(['example_branch_python_operator_decorator']) retrieved from /home/airflow/.local/lib/python3.7/site-packages/airflow/example_dags/example_branch_operator_decorator.py
[2022-06-24 07:22:25,896] {logging_mixin.py:115} INFO - [2022-06-24 07:22:25,896] {dag.py:2379} INFO - Sync 1 DAGs
[2022-06-24 07:22:25,919] {logging_mixin.py:115} INFO - [2022-06-24 07:22:25,919] {dag.py:2931} INFO - Setting next_dagrun for example_branch_python_operator_decorator to 2022-06-23T00:00:00+00:00, run_after=2022-06-24T00:00:00+00:00
[2022-06-24 07:22:25,935] {processor.py:161} INFO - Processing /home/airflow/.local/lib/python3.7/site-packages/airflow/example_dags/example_branch_operator_decorator.py took 0.113 seconds
[2022-06-24 07:22:56,409] {processor.py:153} INFO - Started process (PID=8414) to work on /home/airflow/.local/lib/python3.7/site-packages/airflow/example_dags/example_branch_operator_decorator.py
[2022-06-24 07:22:56,412] {processor.py:641} INFO - Processing file /home/airflow/.local/lib/python3.7/site-packages/airflow/example_dags/example_branch_operator_decorator.py for tasks to queue
[2022-06-24 07:22:56,413] {logging_mixin.py:115} INFO - [2022-06-24 07:22:56,413] {dagbag.py:507} INFO - Filling up the DagBag from /home/airflow/.local/lib/python3.7/site-packages/airflow/example_dags/example_branch_operator_decorator.py
[2022-06-24 07:22:56,489] {processor.py:651} INFO - DAG(s) dict_keys(['example_branch_python_operator_decorator']) retrieved from /home/airflow/.local/lib/python3.7/site-packages/airflow/example_dags/example_branch_operator_decorator.py
[2022-06-24 07:22:56,528] {logging_mixin.py:115} INFO - [2022-06-24 07:22:56,528] {dag.py:2379} INFO - Sync 1 DAGs
[2022-06-24 07:22:56,550] {logging_mixin.py:115} INFO - [2022-06-24 07:22:56,550] {dag.py:2931} INFO - Setting next_dagrun for example_branch_python_operator_decorator to 2022-06-23T00:00:00+00:00, run_after=2022-06-24T00:00:00+00:00
[2022-06-24 07:22:56,564] {processor.py:161} INFO - Processing /home/airflow/.local/lib/python3.7/site-packages/airflow/example_dags/example_branch_operator_decorator.py took 0.175 seconds
[2022-06-24 07:23:26,740] {processor.py:153} INFO - Started process (PID=8478) to work on /home/airflow/.local/lib/python3.7/site-packages/airflow/example_dags/example_branch_operator_decorator.py
[2022-06-24 07:23:26,741] {processor.py:641} INFO - Processing file /home/airflow/.local/lib/python3.7/site-packages/airflow/example_dags/example_branch_operator_decorator.py for tasks to queue
[2022-06-24 07:23:26,742] {logging_mixin.py:115} INFO - [2022-06-24 07:23:26,742] {dagbag.py:507} INFO - Filling up the DagBag from /home/airflow/.local/lib/python3.7/site-packages/airflow/example_dags/example_branch_operator_decorator.py
[2022-06-24 07:23:26,761] {processor.py:651} INFO - DAG(s) dict_keys(['example_branch_python_operator_decorator']) retrieved from /home/airflow/.local/lib/python3.7/site-packages/airflow/example_dags/example_branch_operator_decorator.py
[2022-06-24 07:23:26,785] {logging_mixin.py:115} INFO - [2022-06-24 07:23:26,785] {dag.py:2379} INFO - Sync 1 DAGs
[2022-06-24 07:23:26,804] {logging_mixin.py:115} INFO - [2022-06-24 07:23:26,804] {dag.py:2931} INFO - Setting next_dagrun for example_branch_python_operator_decorator to 2022-06-23T00:00:00+00:00, run_after=2022-06-24T00:00:00+00:00
[2022-06-24 07:23:26,817] {processor.py:161} INFO - Processing /home/airflow/.local/lib/python3.7/site-packages/airflow/example_dags/example_branch_operator_decorator.py took 0.080 seconds
[2022-06-24 07:23:56,934] {processor.py:153} INFO - Started process (PID=8542) to work on /home/airflow/.local/lib/python3.7/site-packages/airflow/example_dags/example_branch_operator_decorator.py
[2022-06-24 07:23:56,935] {processor.py:641} INFO - Processing file /home/airflow/.local/lib/python3.7/site-packages/airflow/example_dags/example_branch_operator_decorator.py for tasks to queue
[2022-06-24 07:23:56,936] {logging_mixin.py:115} INFO - [2022-06-24 07:23:56,936] {dagbag.py:507} INFO - Filling up the DagBag from /home/airflow/.local/lib/python3.7/site-packages/airflow/example_dags/example_branch_operator_decorator.py
[2022-06-24 07:23:56,953] {processor.py:651} INFO - DAG(s) dict_keys(['example_branch_python_operator_decorator']) retrieved from /home/airflow/.local/lib/python3.7/site-packages/airflow/example_dags/example_branch_operator_decorator.py
[2022-06-24 07:23:56,978] {logging_mixin.py:115} INFO - [2022-06-24 07:23:56,978] {dag.py:2379} INFO - Sync 1 DAGs
[2022-06-24 07:23:56,996] {logging_mixin.py:115} INFO - [2022-06-24 07:23:56,996] {dag.py:2931} INFO - Setting next_dagrun for example_branch_python_operator_decorator to 2022-06-23T00:00:00+00:00, run_after=2022-06-24T00:00:00+00:00
[2022-06-24 07:23:57,008] {processor.py:161} INFO - Processing /home/airflow/.local/lib/python3.7/site-packages/airflow/example_dags/example_branch_operator_decorator.py took 0.077 seconds
[2022-06-24 07:24:27,406] {processor.py:153} INFO - Started process (PID=8598) to work on /home/airflow/.local/lib/python3.7/site-packages/airflow/example_dags/example_branch_operator_decorator.py
[2022-06-24 07:24:27,407] {processor.py:641} INFO - Processing file /home/airflow/.local/lib/python3.7/site-packages/airflow/example_dags/example_branch_operator_decorator.py for tasks to queue
[2022-06-24 07:24:27,408] {logging_mixin.py:115} INFO - [2022-06-24 07:24:27,408] {dagbag.py:507} INFO - Filling up the DagBag from /home/airflow/.local/lib/python3.7/site-packages/airflow/example_dags/example_branch_operator_decorator.py
[2022-06-24 07:24:27,431] {processor.py:651} INFO - DAG(s) dict_keys(['example_branch_python_operator_decorator']) retrieved from /home/airflow/.local/lib/python3.7/site-packages/airflow/example_dags/example_branch_operator_decorator.py
[2022-06-24 07:24:27,459] {logging_mixin.py:115} INFO - [2022-06-24 07:24:27,459] {dag.py:2379} INFO - Sync 1 DAGs
[2022-06-24 07:24:27,482] {logging_mixin.py:115} INFO - [2022-06-24 07:24:27,482] {dag.py:2931} INFO - Setting next_dagrun for example_branch_python_operator_decorator to 2022-06-23T00:00:00+00:00, run_after=2022-06-24T00:00:00+00:00
[2022-06-24 07:24:27,497] {processor.py:161} INFO - Processing /home/airflow/.local/lib/python3.7/site-packages/airflow/example_dags/example_branch_operator_decorator.py took 0.094 seconds
[2022-06-24 07:24:58,083] {processor.py:153} INFO - Started process (PID=8662) to work on /home/airflow/.local/lib/python3.7/site-packages/airflow/example_dags/example_branch_operator_decorator.py
[2022-06-24 07:24:58,084] {processor.py:641} INFO - Processing file /home/airflow/.local/lib/python3.7/site-packages/airflow/example_dags/example_branch_operator_decorator.py for tasks to queue
[2022-06-24 07:24:58,085] {logging_mixin.py:115} INFO - [2022-06-24 07:24:58,085] {dagbag.py:507} INFO - Filling up the DagBag from /home/airflow/.local/lib/python3.7/site-packages/airflow/example_dags/example_branch_operator_decorator.py
[2022-06-24 07:24:58,100] {processor.py:651} INFO - DAG(s) dict_keys(['example_branch_python_operator_decorator']) retrieved from /home/airflow/.local/lib/python3.7/site-packages/airflow/example_dags/example_branch_operator_decorator.py
[2022-06-24 07:24:58,124] {logging_mixin.py:115} INFO - [2022-06-24 07:24:58,124] {dag.py:2379} INFO - Sync 1 DAGs
[2022-06-24 07:24:58,143] {logging_mixin.py:115} INFO - [2022-06-24 07:24:58,143] {dag.py:2931} INFO - Setting next_dagrun for example_branch_python_operator_decorator to 2022-06-23T00:00:00+00:00, run_after=2022-06-24T00:00:00+00:00
[2022-06-24 07:24:58,158] {processor.py:161} INFO - Processing /home/airflow/.local/lib/python3.7/site-packages/airflow/example_dags/example_branch_operator_decorator.py took 0.078 seconds
[2022-06-24 07:25:28,469] {processor.py:153} INFO - Started process (PID=8726) to work on /home/airflow/.local/lib/python3.7/site-packages/airflow/example_dags/example_branch_operator_decorator.py
[2022-06-24 07:25:28,470] {processor.py:641} INFO - Processing file /home/airflow/.local/lib/python3.7/site-packages/airflow/example_dags/example_branch_operator_decorator.py for tasks to queue
[2022-06-24 07:25:28,471] {logging_mixin.py:115} INFO - [2022-06-24 07:25:28,471] {dagbag.py:507} INFO - Filling up the DagBag from /home/airflow/.local/lib/python3.7/site-packages/airflow/example_dags/example_branch_operator_decorator.py
[2022-06-24 07:25:28,491] {processor.py:651} INFO - DAG(s) dict_keys(['example_branch_python_operator_decorator']) retrieved from /home/airflow/.local/lib/python3.7/site-packages/airflow/example_dags/example_branch_operator_decorator.py
[2022-06-24 07:25:28,519] {logging_mixin.py:115} INFO - [2022-06-24 07:25:28,518] {dag.py:2379} INFO - Sync 1 DAGs
[2022-06-24 07:25:28,536] {logging_mixin.py:115} INFO - [2022-06-24 07:25:28,536] {dag.py:2931} INFO - Setting next_dagrun for example_branch_python_operator_decorator to 2022-06-23T00:00:00+00:00, run_after=2022-06-24T00:00:00+00:00
[2022-06-24 07:25:28,552] {processor.py:161} INFO - Processing /home/airflow/.local/lib/python3.7/site-packages/airflow/example_dags/example_branch_operator_decorator.py took 0.086 seconds
[2022-06-24 07:25:58,665] {processor.py:153} INFO - Started process (PID=8781) to work on /home/airflow/.local/lib/python3.7/site-packages/airflow/example_dags/example_branch_operator_decorator.py
[2022-06-24 07:25:58,666] {processor.py:641} INFO - Processing file /home/airflow/.local/lib/python3.7/site-packages/airflow/example_dags/example_branch_operator_decorator.py for tasks to queue
[2022-06-24 07:25:58,667] {logging_mixin.py:115} INFO - [2022-06-24 07:25:58,667] {dagbag.py:507} INFO - Filling up the DagBag from /home/airflow/.local/lib/python3.7/site-packages/airflow/example_dags/example_branch_operator_decorator.py
[2022-06-24 07:25:58,684] {processor.py:651} INFO - DAG(s) dict_keys(['example_branch_python_operator_decorator']) retrieved from /home/airflow/.local/lib/python3.7/site-packages/airflow/example_dags/example_branch_operator_decorator.py
[2022-06-24 07:25:58,709] {logging_mixin.py:115} INFO - [2022-06-24 07:25:58,709] {dag.py:2379} INFO - Sync 1 DAGs
[2022-06-24 07:25:58,731] {logging_mixin.py:115} INFO - [2022-06-24 07:25:58,731] {dag.py:2931} INFO - Setting next_dagrun for example_branch_python_operator_decorator to 2022-06-23T00:00:00+00:00, run_after=2022-06-24T00:00:00+00:00
[2022-06-24 07:25:58,744] {processor.py:161} INFO - Processing /home/airflow/.local/lib/python3.7/site-packages/airflow/example_dags/example_branch_operator_decorator.py took 0.083 seconds
