[2022-06-24 06:58:33,555] {processor.py:153} INFO - Started process (PID=5481) to work on /home/airflow/.local/lib/python3.7/site-packages/airflow/example_dags/example_sla_dag.py
[2022-06-24 06:58:33,556] {processor.py:641} INFO - Processing file /home/airflow/.local/lib/python3.7/site-packages/airflow/example_dags/example_sla_dag.py for tasks to queue
[2022-06-24 06:58:33,557] {logging_mixin.py:115} INFO - [2022-06-24 06:58:33,557] {dagbag.py:507} INFO - Filling up the DagBag from /home/airflow/.local/lib/python3.7/site-packages/airflow/example_dags/example_sla_dag.py
[2022-06-24 06:58:33,575] {processor.py:651} INFO - DAG(s) dict_keys(['example_sla_dag']) retrieved from /home/airflow/.local/lib/python3.7/site-packages/airflow/example_dags/example_sla_dag.py
[2022-06-24 06:58:33,599] {logging_mixin.py:115} INFO - [2022-06-24 06:58:33,598] {dag.py:2379} INFO - Sync 1 DAGs
[2022-06-24 06:58:33,687] {logging_mixin.py:115} INFO - [2022-06-24 06:58:33,687] {dag.py:2931} INFO - Setting next_dagrun for example_sla_dag to 2022-06-24T06:56:00+00:00, run_after=2022-06-24T06:58:00+00:00
[2022-06-24 06:58:33,855] {processor.py:161} INFO - Processing /home/airflow/.local/lib/python3.7/site-packages/airflow/example_dags/example_sla_dag.py took 0.303 seconds
[2022-06-24 06:59:05,802] {processor.py:153} INFO - Started process (PID=5536) to work on /home/airflow/.local/lib/python3.7/site-packages/airflow/example_dags/example_sla_dag.py
[2022-06-24 06:59:05,815] {processor.py:641} INFO - Processing file /home/airflow/.local/lib/python3.7/site-packages/airflow/example_dags/example_sla_dag.py for tasks to queue
[2022-06-24 06:59:05,821] {logging_mixin.py:115} INFO - [2022-06-24 06:59:05,821] {dagbag.py:507} INFO - Filling up the DagBag from /home/airflow/.local/lib/python3.7/site-packages/airflow/example_dags/example_sla_dag.py
[2022-06-24 06:59:05,876] {processor.py:651} INFO - DAG(s) dict_keys(['example_sla_dag']) retrieved from /home/airflow/.local/lib/python3.7/site-packages/airflow/example_dags/example_sla_dag.py
[2022-06-24 06:59:05,913] {logging_mixin.py:115} INFO - [2022-06-24 06:59:05,913] {dag.py:2379} INFO - Sync 1 DAGs
[2022-06-24 06:59:05,970] {logging_mixin.py:115} INFO - [2022-06-24 06:59:05,970] {dag.py:2931} INFO - Setting next_dagrun for example_sla_dag to 2022-06-24T06:56:00+00:00, run_after=2022-06-24T06:58:00+00:00
[2022-06-24 06:59:05,996] {processor.py:161} INFO - Processing /home/airflow/.local/lib/python3.7/site-packages/airflow/example_dags/example_sla_dag.py took 0.198 seconds
[2022-06-24 06:59:36,119] {processor.py:153} INFO - Started process (PID=5592) to work on /home/airflow/.local/lib/python3.7/site-packages/airflow/example_dags/example_sla_dag.py
[2022-06-24 06:59:36,120] {processor.py:641} INFO - Processing file /home/airflow/.local/lib/python3.7/site-packages/airflow/example_dags/example_sla_dag.py for tasks to queue
[2022-06-24 06:59:36,121] {logging_mixin.py:115} INFO - [2022-06-24 06:59:36,121] {dagbag.py:507} INFO - Filling up the DagBag from /home/airflow/.local/lib/python3.7/site-packages/airflow/example_dags/example_sla_dag.py
[2022-06-24 06:59:36,142] {processor.py:651} INFO - DAG(s) dict_keys(['example_sla_dag']) retrieved from /home/airflow/.local/lib/python3.7/site-packages/airflow/example_dags/example_sla_dag.py
[2022-06-24 06:59:36,168] {logging_mixin.py:115} INFO - [2022-06-24 06:59:36,168] {dag.py:2379} INFO - Sync 1 DAGs
[2022-06-24 06:59:36,190] {logging_mixin.py:115} INFO - [2022-06-24 06:59:36,190] {dag.py:2931} INFO - Setting next_dagrun for example_sla_dag to 2022-06-24T06:56:00+00:00, run_after=2022-06-24T06:58:00+00:00
[2022-06-24 06:59:36,205] {processor.py:161} INFO - Processing /home/airflow/.local/lib/python3.7/site-packages/airflow/example_dags/example_sla_dag.py took 0.089 seconds
[2022-06-24 07:00:06,378] {processor.py:153} INFO - Started process (PID=5656) to work on /home/airflow/.local/lib/python3.7/site-packages/airflow/example_dags/example_sla_dag.py
[2022-06-24 07:00:06,379] {processor.py:641} INFO - Processing file /home/airflow/.local/lib/python3.7/site-packages/airflow/example_dags/example_sla_dag.py for tasks to queue
[2022-06-24 07:00:06,380] {logging_mixin.py:115} INFO - [2022-06-24 07:00:06,380] {dagbag.py:507} INFO - Filling up the DagBag from /home/airflow/.local/lib/python3.7/site-packages/airflow/example_dags/example_sla_dag.py
[2022-06-24 07:00:06,399] {processor.py:651} INFO - DAG(s) dict_keys(['example_sla_dag']) retrieved from /home/airflow/.local/lib/python3.7/site-packages/airflow/example_dags/example_sla_dag.py
[2022-06-24 07:00:06,421] {logging_mixin.py:115} INFO - [2022-06-24 07:00:06,421] {dag.py:2379} INFO - Sync 1 DAGs
[2022-06-24 07:00:06,439] {logging_mixin.py:115} INFO - [2022-06-24 07:00:06,438] {dag.py:2931} INFO - Setting next_dagrun for example_sla_dag to 2022-06-24T06:58:00+00:00, run_after=2022-06-24T07:00:00+00:00
[2022-06-24 07:00:06,451] {processor.py:161} INFO - Processing /home/airflow/.local/lib/python3.7/site-packages/airflow/example_dags/example_sla_dag.py took 0.075 seconds
[2022-06-24 07:00:37,024] {processor.py:153} INFO - Started process (PID=5720) to work on /home/airflow/.local/lib/python3.7/site-packages/airflow/example_dags/example_sla_dag.py
[2022-06-24 07:00:37,025] {processor.py:641} INFO - Processing file /home/airflow/.local/lib/python3.7/site-packages/airflow/example_dags/example_sla_dag.py for tasks to queue
[2022-06-24 07:00:37,026] {logging_mixin.py:115} INFO - [2022-06-24 07:00:37,026] {dagbag.py:507} INFO - Filling up the DagBag from /home/airflow/.local/lib/python3.7/site-packages/airflow/example_dags/example_sla_dag.py
[2022-06-24 07:00:37,043] {processor.py:651} INFO - DAG(s) dict_keys(['example_sla_dag']) retrieved from /home/airflow/.local/lib/python3.7/site-packages/airflow/example_dags/example_sla_dag.py
[2022-06-24 07:00:37,065] {logging_mixin.py:115} INFO - [2022-06-24 07:00:37,065] {dag.py:2379} INFO - Sync 1 DAGs
[2022-06-24 07:00:37,083] {logging_mixin.py:115} INFO - [2022-06-24 07:00:37,083] {dag.py:2931} INFO - Setting next_dagrun for example_sla_dag to 2022-06-24T06:58:00+00:00, run_after=2022-06-24T07:00:00+00:00
[2022-06-24 07:00:37,097] {processor.py:161} INFO - Processing /home/airflow/.local/lib/python3.7/site-packages/airflow/example_dags/example_sla_dag.py took 0.076 seconds
[2022-06-24 07:01:07,188] {processor.py:153} INFO - Started process (PID=5775) to work on /home/airflow/.local/lib/python3.7/site-packages/airflow/example_dags/example_sla_dag.py
[2022-06-24 07:01:07,189] {processor.py:641} INFO - Processing file /home/airflow/.local/lib/python3.7/site-packages/airflow/example_dags/example_sla_dag.py for tasks to queue
[2022-06-24 07:01:07,191] {logging_mixin.py:115} INFO - [2022-06-24 07:01:07,190] {dagbag.py:507} INFO - Filling up the DagBag from /home/airflow/.local/lib/python3.7/site-packages/airflow/example_dags/example_sla_dag.py
[2022-06-24 07:01:07,211] {processor.py:651} INFO - DAG(s) dict_keys(['example_sla_dag']) retrieved from /home/airflow/.local/lib/python3.7/site-packages/airflow/example_dags/example_sla_dag.py
[2022-06-24 07:01:07,232] {logging_mixin.py:115} INFO - [2022-06-24 07:01:07,232] {dag.py:2379} INFO - Sync 1 DAGs
[2022-06-24 07:01:07,249] {logging_mixin.py:115} INFO - [2022-06-24 07:01:07,249] {dag.py:2931} INFO - Setting next_dagrun for example_sla_dag to 2022-06-24T06:58:00+00:00, run_after=2022-06-24T07:00:00+00:00
[2022-06-24 07:01:07,264] {processor.py:161} INFO - Processing /home/airflow/.local/lib/python3.7/site-packages/airflow/example_dags/example_sla_dag.py took 0.079 seconds
[2022-06-24 07:01:37,786] {processor.py:153} INFO - Started process (PID=5841) to work on /home/airflow/.local/lib/python3.7/site-packages/airflow/example_dags/example_sla_dag.py
[2022-06-24 07:01:37,787] {processor.py:641} INFO - Processing file /home/airflow/.local/lib/python3.7/site-packages/airflow/example_dags/example_sla_dag.py for tasks to queue
[2022-06-24 07:01:37,788] {logging_mixin.py:115} INFO - [2022-06-24 07:01:37,788] {dagbag.py:507} INFO - Filling up the DagBag from /home/airflow/.local/lib/python3.7/site-packages/airflow/example_dags/example_sla_dag.py
[2022-06-24 07:01:37,806] {processor.py:651} INFO - DAG(s) dict_keys(['example_sla_dag']) retrieved from /home/airflow/.local/lib/python3.7/site-packages/airflow/example_dags/example_sla_dag.py
[2022-06-24 07:01:37,827] {logging_mixin.py:115} INFO - [2022-06-24 07:01:37,826] {dag.py:2379} INFO - Sync 1 DAGs
[2022-06-24 07:01:37,845] {logging_mixin.py:115} INFO - [2022-06-24 07:01:37,845] {dag.py:2931} INFO - Setting next_dagrun for example_sla_dag to 2022-06-24T06:58:00+00:00, run_after=2022-06-24T07:00:00+00:00
[2022-06-24 07:01:37,859] {processor.py:161} INFO - Processing /home/airflow/.local/lib/python3.7/site-packages/airflow/example_dags/example_sla_dag.py took 0.075 seconds
[2022-06-24 07:02:08,260] {processor.py:153} INFO - Started process (PID=5905) to work on /home/airflow/.local/lib/python3.7/site-packages/airflow/example_dags/example_sla_dag.py
[2022-06-24 07:02:08,261] {processor.py:641} INFO - Processing file /home/airflow/.local/lib/python3.7/site-packages/airflow/example_dags/example_sla_dag.py for tasks to queue
[2022-06-24 07:02:08,261] {logging_mixin.py:115} INFO - [2022-06-24 07:02:08,261] {dagbag.py:507} INFO - Filling up the DagBag from /home/airflow/.local/lib/python3.7/site-packages/airflow/example_dags/example_sla_dag.py
[2022-06-24 07:02:08,280] {processor.py:651} INFO - DAG(s) dict_keys(['example_sla_dag']) retrieved from /home/airflow/.local/lib/python3.7/site-packages/airflow/example_dags/example_sla_dag.py
[2022-06-24 07:02:08,301] {logging_mixin.py:115} INFO - [2022-06-24 07:02:08,301] {dag.py:2379} INFO - Sync 1 DAGs
[2022-06-24 07:02:08,318] {logging_mixin.py:115} INFO - [2022-06-24 07:02:08,318] {dag.py:2931} INFO - Setting next_dagrun for example_sla_dag to 2022-06-24T07:00:00+00:00, run_after=2022-06-24T07:02:00+00:00
[2022-06-24 07:02:08,334] {processor.py:161} INFO - Processing /home/airflow/.local/lib/python3.7/site-packages/airflow/example_dags/example_sla_dag.py took 0.078 seconds
[2022-06-24 07:02:38,483] {processor.py:153} INFO - Started process (PID=5969) to work on /home/airflow/.local/lib/python3.7/site-packages/airflow/example_dags/example_sla_dag.py
[2022-06-24 07:02:38,484] {processor.py:641} INFO - Processing file /home/airflow/.local/lib/python3.7/site-packages/airflow/example_dags/example_sla_dag.py for tasks to queue
[2022-06-24 07:02:38,485] {logging_mixin.py:115} INFO - [2022-06-24 07:02:38,485] {dagbag.py:507} INFO - Filling up the DagBag from /home/airflow/.local/lib/python3.7/site-packages/airflow/example_dags/example_sla_dag.py
[2022-06-24 07:02:38,504] {processor.py:651} INFO - DAG(s) dict_keys(['example_sla_dag']) retrieved from /home/airflow/.local/lib/python3.7/site-packages/airflow/example_dags/example_sla_dag.py
[2022-06-24 07:02:38,525] {logging_mixin.py:115} INFO - [2022-06-24 07:02:38,525] {dag.py:2379} INFO - Sync 1 DAGs
[2022-06-24 07:02:38,545] {logging_mixin.py:115} INFO - [2022-06-24 07:02:38,545] {dag.py:2931} INFO - Setting next_dagrun for example_sla_dag to 2022-06-24T07:00:00+00:00, run_after=2022-06-24T07:02:00+00:00
[2022-06-24 07:02:38,556] {processor.py:161} INFO - Processing /home/airflow/.local/lib/python3.7/site-packages/airflow/example_dags/example_sla_dag.py took 0.077 seconds
[2022-06-24 07:03:08,741] {processor.py:153} INFO - Started process (PID=6024) to work on /home/airflow/.local/lib/python3.7/site-packages/airflow/example_dags/example_sla_dag.py
[2022-06-24 07:03:08,742] {processor.py:641} INFO - Processing file /home/airflow/.local/lib/python3.7/site-packages/airflow/example_dags/example_sla_dag.py for tasks to queue
[2022-06-24 07:03:08,743] {logging_mixin.py:115} INFO - [2022-06-24 07:03:08,743] {dagbag.py:507} INFO - Filling up the DagBag from /home/airflow/.local/lib/python3.7/site-packages/airflow/example_dags/example_sla_dag.py
[2022-06-24 07:03:08,760] {processor.py:651} INFO - DAG(s) dict_keys(['example_sla_dag']) retrieved from /home/airflow/.local/lib/python3.7/site-packages/airflow/example_dags/example_sla_dag.py
[2022-06-24 07:03:08,781] {logging_mixin.py:115} INFO - [2022-06-24 07:03:08,780] {dag.py:2379} INFO - Sync 1 DAGs
[2022-06-24 07:03:08,797] {logging_mixin.py:115} INFO - [2022-06-24 07:03:08,797] {dag.py:2931} INFO - Setting next_dagrun for example_sla_dag to 2022-06-24T07:00:00+00:00, run_after=2022-06-24T07:02:00+00:00
[2022-06-24 07:03:08,809] {processor.py:161} INFO - Processing /home/airflow/.local/lib/python3.7/site-packages/airflow/example_dags/example_sla_dag.py took 0.071 seconds
[2022-06-24 07:03:39,254] {processor.py:153} INFO - Started process (PID=6088) to work on /home/airflow/.local/lib/python3.7/site-packages/airflow/example_dags/example_sla_dag.py
[2022-06-24 07:03:39,255] {processor.py:641} INFO - Processing file /home/airflow/.local/lib/python3.7/site-packages/airflow/example_dags/example_sla_dag.py for tasks to queue
[2022-06-24 07:03:39,256] {logging_mixin.py:115} INFO - [2022-06-24 07:03:39,256] {dagbag.py:507} INFO - Filling up the DagBag from /home/airflow/.local/lib/python3.7/site-packages/airflow/example_dags/example_sla_dag.py
[2022-06-24 07:03:39,274] {processor.py:651} INFO - DAG(s) dict_keys(['example_sla_dag']) retrieved from /home/airflow/.local/lib/python3.7/site-packages/airflow/example_dags/example_sla_dag.py
[2022-06-24 07:03:39,295] {logging_mixin.py:115} INFO - [2022-06-24 07:03:39,295] {dag.py:2379} INFO - Sync 1 DAGs
[2022-06-24 07:03:39,312] {logging_mixin.py:115} INFO - [2022-06-24 07:03:39,312] {dag.py:2931} INFO - Setting next_dagrun for example_sla_dag to 2022-06-24T07:00:00+00:00, run_after=2022-06-24T07:02:00+00:00
[2022-06-24 07:03:39,326] {processor.py:161} INFO - Processing /home/airflow/.local/lib/python3.7/site-packages/airflow/example_dags/example_sla_dag.py took 0.075 seconds
[2022-06-24 07:04:09,577] {processor.py:153} INFO - Started process (PID=6152) to work on /home/airflow/.local/lib/python3.7/site-packages/airflow/example_dags/example_sla_dag.py
[2022-06-24 07:04:09,578] {processor.py:641} INFO - Processing file /home/airflow/.local/lib/python3.7/site-packages/airflow/example_dags/example_sla_dag.py for tasks to queue
[2022-06-24 07:04:09,579] {logging_mixin.py:115} INFO - [2022-06-24 07:04:09,579] {dagbag.py:507} INFO - Filling up the DagBag from /home/airflow/.local/lib/python3.7/site-packages/airflow/example_dags/example_sla_dag.py
[2022-06-24 07:04:09,596] {processor.py:651} INFO - DAG(s) dict_keys(['example_sla_dag']) retrieved from /home/airflow/.local/lib/python3.7/site-packages/airflow/example_dags/example_sla_dag.py
[2022-06-24 07:04:09,617] {logging_mixin.py:115} INFO - [2022-06-24 07:04:09,617] {dag.py:2379} INFO - Sync 1 DAGs
[2022-06-24 07:04:09,638] {logging_mixin.py:115} INFO - [2022-06-24 07:04:09,637] {dag.py:2931} INFO - Setting next_dagrun for example_sla_dag to 2022-06-24T07:02:00+00:00, run_after=2022-06-24T07:04:00+00:00
[2022-06-24 07:04:09,651] {processor.py:161} INFO - Processing /home/airflow/.local/lib/python3.7/site-packages/airflow/example_dags/example_sla_dag.py took 0.077 seconds
[2022-06-24 07:04:40,050] {processor.py:153} INFO - Started process (PID=6208) to work on /home/airflow/.local/lib/python3.7/site-packages/airflow/example_dags/example_sla_dag.py
[2022-06-24 07:04:40,051] {processor.py:641} INFO - Processing file /home/airflow/.local/lib/python3.7/site-packages/airflow/example_dags/example_sla_dag.py for tasks to queue
[2022-06-24 07:04:40,052] {logging_mixin.py:115} INFO - [2022-06-24 07:04:40,052] {dagbag.py:507} INFO - Filling up the DagBag from /home/airflow/.local/lib/python3.7/site-packages/airflow/example_dags/example_sla_dag.py
[2022-06-24 07:04:40,068] {processor.py:651} INFO - DAG(s) dict_keys(['example_sla_dag']) retrieved from /home/airflow/.local/lib/python3.7/site-packages/airflow/example_dags/example_sla_dag.py
[2022-06-24 07:04:40,090] {logging_mixin.py:115} INFO - [2022-06-24 07:04:40,089] {dag.py:2379} INFO - Sync 1 DAGs
[2022-06-24 07:04:40,108] {logging_mixin.py:115} INFO - [2022-06-24 07:04:40,108] {dag.py:2931} INFO - Setting next_dagrun for example_sla_dag to 2022-06-24T07:02:00+00:00, run_after=2022-06-24T07:04:00+00:00
[2022-06-24 07:04:40,120] {processor.py:161} INFO - Processing /home/airflow/.local/lib/python3.7/site-packages/airflow/example_dags/example_sla_dag.py took 0.074 seconds
[2022-06-24 07:05:10,547] {processor.py:153} INFO - Started process (PID=6272) to work on /home/airflow/.local/lib/python3.7/site-packages/airflow/example_dags/example_sla_dag.py
[2022-06-24 07:05:10,548] {processor.py:641} INFO - Processing file /home/airflow/.local/lib/python3.7/site-packages/airflow/example_dags/example_sla_dag.py for tasks to queue
[2022-06-24 07:05:10,549] {logging_mixin.py:115} INFO - [2022-06-24 07:05:10,549] {dagbag.py:507} INFO - Filling up the DagBag from /home/airflow/.local/lib/python3.7/site-packages/airflow/example_dags/example_sla_dag.py
[2022-06-24 07:05:10,568] {processor.py:651} INFO - DAG(s) dict_keys(['example_sla_dag']) retrieved from /home/airflow/.local/lib/python3.7/site-packages/airflow/example_dags/example_sla_dag.py
[2022-06-24 07:05:10,588] {logging_mixin.py:115} INFO - [2022-06-24 07:05:10,588] {dag.py:2379} INFO - Sync 1 DAGs
[2022-06-24 07:05:10,606] {logging_mixin.py:115} INFO - [2022-06-24 07:05:10,606] {dag.py:2931} INFO - Setting next_dagrun for example_sla_dag to 2022-06-24T07:02:00+00:00, run_after=2022-06-24T07:04:00+00:00
[2022-06-24 07:05:10,620] {processor.py:161} INFO - Processing /home/airflow/.local/lib/python3.7/site-packages/airflow/example_dags/example_sla_dag.py took 0.077 seconds
[2022-06-24 07:05:40,894] {processor.py:153} INFO - Started process (PID=6336) to work on /home/airflow/.local/lib/python3.7/site-packages/airflow/example_dags/example_sla_dag.py
[2022-06-24 07:05:40,895] {processor.py:641} INFO - Processing file /home/airflow/.local/lib/python3.7/site-packages/airflow/example_dags/example_sla_dag.py for tasks to queue
[2022-06-24 07:05:40,896] {logging_mixin.py:115} INFO - [2022-06-24 07:05:40,896] {dagbag.py:507} INFO - Filling up the DagBag from /home/airflow/.local/lib/python3.7/site-packages/airflow/example_dags/example_sla_dag.py
[2022-06-24 07:05:40,912] {processor.py:651} INFO - DAG(s) dict_keys(['example_sla_dag']) retrieved from /home/airflow/.local/lib/python3.7/site-packages/airflow/example_dags/example_sla_dag.py
[2022-06-24 07:05:40,933] {logging_mixin.py:115} INFO - [2022-06-24 07:05:40,933] {dag.py:2379} INFO - Sync 1 DAGs
[2022-06-24 07:05:40,951] {logging_mixin.py:115} INFO - [2022-06-24 07:05:40,950] {dag.py:2931} INFO - Setting next_dagrun for example_sla_dag to 2022-06-24T07:02:00+00:00, run_after=2022-06-24T07:04:00+00:00
[2022-06-24 07:05:40,961] {processor.py:161} INFO - Processing /home/airflow/.local/lib/python3.7/site-packages/airflow/example_dags/example_sla_dag.py took 0.070 seconds
[2022-06-24 07:06:11,232] {processor.py:153} INFO - Started process (PID=6400) to work on /home/airflow/.local/lib/python3.7/site-packages/airflow/example_dags/example_sla_dag.py
[2022-06-24 07:06:11,233] {processor.py:641} INFO - Processing file /home/airflow/.local/lib/python3.7/site-packages/airflow/example_dags/example_sla_dag.py for tasks to queue
[2022-06-24 07:06:11,234] {logging_mixin.py:115} INFO - [2022-06-24 07:06:11,234] {dagbag.py:507} INFO - Filling up the DagBag from /home/airflow/.local/lib/python3.7/site-packages/airflow/example_dags/example_sla_dag.py
[2022-06-24 07:06:11,252] {processor.py:651} INFO - DAG(s) dict_keys(['example_sla_dag']) retrieved from /home/airflow/.local/lib/python3.7/site-packages/airflow/example_dags/example_sla_dag.py
[2022-06-24 07:06:11,277] {logging_mixin.py:115} INFO - [2022-06-24 07:06:11,277] {dag.py:2379} INFO - Sync 1 DAGs
[2022-06-24 07:06:11,295] {logging_mixin.py:115} INFO - [2022-06-24 07:06:11,295] {dag.py:2931} INFO - Setting next_dagrun for example_sla_dag to 2022-06-24T07:04:00+00:00, run_after=2022-06-24T07:06:00+00:00
[2022-06-24 07:06:11,308] {processor.py:161} INFO - Processing /home/airflow/.local/lib/python3.7/site-packages/airflow/example_dags/example_sla_dag.py took 0.079 seconds
[2022-06-24 07:06:42,248] {processor.py:153} INFO - Started process (PID=6455) to work on /home/airflow/.local/lib/python3.7/site-packages/airflow/example_dags/example_sla_dag.py
[2022-06-24 07:06:42,249] {processor.py:641} INFO - Processing file /home/airflow/.local/lib/python3.7/site-packages/airflow/example_dags/example_sla_dag.py for tasks to queue
[2022-06-24 07:06:42,250] {logging_mixin.py:115} INFO - [2022-06-24 07:06:42,250] {dagbag.py:507} INFO - Filling up the DagBag from /home/airflow/.local/lib/python3.7/site-packages/airflow/example_dags/example_sla_dag.py
[2022-06-24 07:06:42,270] {processor.py:651} INFO - DAG(s) dict_keys(['example_sla_dag']) retrieved from /home/airflow/.local/lib/python3.7/site-packages/airflow/example_dags/example_sla_dag.py
[2022-06-24 07:06:42,295] {logging_mixin.py:115} INFO - [2022-06-24 07:06:42,295] {dag.py:2379} INFO - Sync 1 DAGs
[2022-06-24 07:06:42,314] {logging_mixin.py:115} INFO - [2022-06-24 07:06:42,314] {dag.py:2931} INFO - Setting next_dagrun for example_sla_dag to 2022-06-24T07:04:00+00:00, run_after=2022-06-24T07:06:00+00:00
[2022-06-24 07:06:42,329] {processor.py:161} INFO - Processing /home/airflow/.local/lib/python3.7/site-packages/airflow/example_dags/example_sla_dag.py took 0.085 seconds
[2022-06-24 07:07:12,679] {processor.py:153} INFO - Started process (PID=6519) to work on /home/airflow/.local/lib/python3.7/site-packages/airflow/example_dags/example_sla_dag.py
[2022-06-24 07:07:12,680] {processor.py:641} INFO - Processing file /home/airflow/.local/lib/python3.7/site-packages/airflow/example_dags/example_sla_dag.py for tasks to queue
[2022-06-24 07:07:12,680] {logging_mixin.py:115} INFO - [2022-06-24 07:07:12,680] {dagbag.py:507} INFO - Filling up the DagBag from /home/airflow/.local/lib/python3.7/site-packages/airflow/example_dags/example_sla_dag.py
[2022-06-24 07:07:12,701] {processor.py:651} INFO - DAG(s) dict_keys(['example_sla_dag']) retrieved from /home/airflow/.local/lib/python3.7/site-packages/airflow/example_dags/example_sla_dag.py
[2022-06-24 07:07:12,724] {logging_mixin.py:115} INFO - [2022-06-24 07:07:12,724] {dag.py:2379} INFO - Sync 1 DAGs
[2022-06-24 07:07:12,742] {logging_mixin.py:115} INFO - [2022-06-24 07:07:12,741] {dag.py:2931} INFO - Setting next_dagrun for example_sla_dag to 2022-06-24T07:04:00+00:00, run_after=2022-06-24T07:06:00+00:00
[2022-06-24 07:07:12,754] {processor.py:161} INFO - Processing /home/airflow/.local/lib/python3.7/site-packages/airflow/example_dags/example_sla_dag.py took 0.080 seconds
[2022-06-24 07:07:43,065] {processor.py:153} INFO - Started process (PID=6583) to work on /home/airflow/.local/lib/python3.7/site-packages/airflow/example_dags/example_sla_dag.py
[2022-06-24 07:07:43,066] {processor.py:641} INFO - Processing file /home/airflow/.local/lib/python3.7/site-packages/airflow/example_dags/example_sla_dag.py for tasks to queue
[2022-06-24 07:07:43,067] {logging_mixin.py:115} INFO - [2022-06-24 07:07:43,067] {dagbag.py:507} INFO - Filling up the DagBag from /home/airflow/.local/lib/python3.7/site-packages/airflow/example_dags/example_sla_dag.py
[2022-06-24 07:07:43,084] {processor.py:651} INFO - DAG(s) dict_keys(['example_sla_dag']) retrieved from /home/airflow/.local/lib/python3.7/site-packages/airflow/example_dags/example_sla_dag.py
[2022-06-24 07:07:43,109] {logging_mixin.py:115} INFO - [2022-06-24 07:07:43,108] {dag.py:2379} INFO - Sync 1 DAGs
[2022-06-24 07:07:43,127] {logging_mixin.py:115} INFO - [2022-06-24 07:07:43,127] {dag.py:2931} INFO - Setting next_dagrun for example_sla_dag to 2022-06-24T07:04:00+00:00, run_after=2022-06-24T07:06:00+00:00
[2022-06-24 07:07:43,141] {processor.py:161} INFO - Processing /home/airflow/.local/lib/python3.7/site-packages/airflow/example_dags/example_sla_dag.py took 0.080 seconds
[2022-06-24 07:08:13,643] {processor.py:153} INFO - Started process (PID=6647) to work on /home/airflow/.local/lib/python3.7/site-packages/airflow/example_dags/example_sla_dag.py
[2022-06-24 07:08:13,644] {processor.py:641} INFO - Processing file /home/airflow/.local/lib/python3.7/site-packages/airflow/example_dags/example_sla_dag.py for tasks to queue
[2022-06-24 07:08:13,645] {logging_mixin.py:115} INFO - [2022-06-24 07:08:13,645] {dagbag.py:507} INFO - Filling up the DagBag from /home/airflow/.local/lib/python3.7/site-packages/airflow/example_dags/example_sla_dag.py
[2022-06-24 07:08:13,674] {processor.py:651} INFO - DAG(s) dict_keys(['example_sla_dag']) retrieved from /home/airflow/.local/lib/python3.7/site-packages/airflow/example_dags/example_sla_dag.py
[2022-06-24 07:08:13,705] {logging_mixin.py:115} INFO - [2022-06-24 07:08:13,705] {dag.py:2379} INFO - Sync 1 DAGs
[2022-06-24 07:08:13,733] {logging_mixin.py:115} INFO - [2022-06-24 07:08:13,732] {dag.py:2931} INFO - Setting next_dagrun for example_sla_dag to 2022-06-24T07:06:00+00:00, run_after=2022-06-24T07:08:00+00:00
[2022-06-24 07:08:13,750] {processor.py:161} INFO - Processing /home/airflow/.local/lib/python3.7/site-packages/airflow/example_dags/example_sla_dag.py took 0.111 seconds
[2022-06-24 07:08:44,077] {processor.py:153} INFO - Started process (PID=6702) to work on /home/airflow/.local/lib/python3.7/site-packages/airflow/example_dags/example_sla_dag.py
[2022-06-24 07:08:44,078] {processor.py:641} INFO - Processing file /home/airflow/.local/lib/python3.7/site-packages/airflow/example_dags/example_sla_dag.py for tasks to queue
[2022-06-24 07:08:44,079] {logging_mixin.py:115} INFO - [2022-06-24 07:08:44,079] {dagbag.py:507} INFO - Filling up the DagBag from /home/airflow/.local/lib/python3.7/site-packages/airflow/example_dags/example_sla_dag.py
[2022-06-24 07:08:44,095] {processor.py:651} INFO - DAG(s) dict_keys(['example_sla_dag']) retrieved from /home/airflow/.local/lib/python3.7/site-packages/airflow/example_dags/example_sla_dag.py
[2022-06-24 07:08:44,117] {logging_mixin.py:115} INFO - [2022-06-24 07:08:44,117] {dag.py:2379} INFO - Sync 1 DAGs
[2022-06-24 07:08:44,133] {logging_mixin.py:115} INFO - [2022-06-24 07:08:44,133] {dag.py:2931} INFO - Setting next_dagrun for example_sla_dag to 2022-06-24T07:06:00+00:00, run_after=2022-06-24T07:08:00+00:00
[2022-06-24 07:08:44,148] {processor.py:161} INFO - Processing /home/airflow/.local/lib/python3.7/site-packages/airflow/example_dags/example_sla_dag.py took 0.074 seconds
[2022-06-24 07:09:14,587] {processor.py:153} INFO - Started process (PID=6766) to work on /home/airflow/.local/lib/python3.7/site-packages/airflow/example_dags/example_sla_dag.py
[2022-06-24 07:09:14,589] {processor.py:641} INFO - Processing file /home/airflow/.local/lib/python3.7/site-packages/airflow/example_dags/example_sla_dag.py for tasks to queue
[2022-06-24 07:09:14,590] {logging_mixin.py:115} INFO - [2022-06-24 07:09:14,590] {dagbag.py:507} INFO - Filling up the DagBag from /home/airflow/.local/lib/python3.7/site-packages/airflow/example_dags/example_sla_dag.py
[2022-06-24 07:09:14,611] {processor.py:651} INFO - DAG(s) dict_keys(['example_sla_dag']) retrieved from /home/airflow/.local/lib/python3.7/site-packages/airflow/example_dags/example_sla_dag.py
[2022-06-24 07:09:14,636] {logging_mixin.py:115} INFO - [2022-06-24 07:09:14,635] {dag.py:2379} INFO - Sync 1 DAGs
[2022-06-24 07:09:14,654] {logging_mixin.py:115} INFO - [2022-06-24 07:09:14,654] {dag.py:2931} INFO - Setting next_dagrun for example_sla_dag to 2022-06-24T07:06:00+00:00, run_after=2022-06-24T07:08:00+00:00
[2022-06-24 07:09:14,667] {processor.py:161} INFO - Processing /home/airflow/.local/lib/python3.7/site-packages/airflow/example_dags/example_sla_dag.py took 0.083 seconds
[2022-06-24 07:09:45,213] {processor.py:153} INFO - Started process (PID=6830) to work on /home/airflow/.local/lib/python3.7/site-packages/airflow/example_dags/example_sla_dag.py
[2022-06-24 07:09:45,213] {processor.py:641} INFO - Processing file /home/airflow/.local/lib/python3.7/site-packages/airflow/example_dags/example_sla_dag.py for tasks to queue
[2022-06-24 07:09:45,214] {logging_mixin.py:115} INFO - [2022-06-24 07:09:45,214] {dagbag.py:507} INFO - Filling up the DagBag from /home/airflow/.local/lib/python3.7/site-packages/airflow/example_dags/example_sla_dag.py
[2022-06-24 07:09:45,230] {processor.py:651} INFO - DAG(s) dict_keys(['example_sla_dag']) retrieved from /home/airflow/.local/lib/python3.7/site-packages/airflow/example_dags/example_sla_dag.py
[2022-06-24 07:09:45,251] {logging_mixin.py:115} INFO - [2022-06-24 07:09:45,251] {dag.py:2379} INFO - Sync 1 DAGs
[2022-06-24 07:09:45,274] {logging_mixin.py:115} INFO - [2022-06-24 07:09:45,274] {dag.py:2931} INFO - Setting next_dagrun for example_sla_dag to 2022-06-24T07:06:00+00:00, run_after=2022-06-24T07:08:00+00:00
[2022-06-24 07:09:45,288] {processor.py:161} INFO - Processing /home/airflow/.local/lib/python3.7/site-packages/airflow/example_dags/example_sla_dag.py took 0.080 seconds
[2022-06-24 07:10:15,589] {processor.py:153} INFO - Started process (PID=6885) to work on /home/airflow/.local/lib/python3.7/site-packages/airflow/example_dags/example_sla_dag.py
[2022-06-24 07:10:15,590] {processor.py:641} INFO - Processing file /home/airflow/.local/lib/python3.7/site-packages/airflow/example_dags/example_sla_dag.py for tasks to queue
[2022-06-24 07:10:15,591] {logging_mixin.py:115} INFO - [2022-06-24 07:10:15,591] {dagbag.py:507} INFO - Filling up the DagBag from /home/airflow/.local/lib/python3.7/site-packages/airflow/example_dags/example_sla_dag.py
[2022-06-24 07:10:15,609] {processor.py:651} INFO - DAG(s) dict_keys(['example_sla_dag']) retrieved from /home/airflow/.local/lib/python3.7/site-packages/airflow/example_dags/example_sla_dag.py
[2022-06-24 07:10:15,631] {logging_mixin.py:115} INFO - [2022-06-24 07:10:15,631] {dag.py:2379} INFO - Sync 1 DAGs
[2022-06-24 07:10:15,648] {logging_mixin.py:115} INFO - [2022-06-24 07:10:15,647] {dag.py:2931} INFO - Setting next_dagrun for example_sla_dag to 2022-06-24T07:08:00+00:00, run_after=2022-06-24T07:10:00+00:00
[2022-06-24 07:10:15,663] {processor.py:161} INFO - Processing /home/airflow/.local/lib/python3.7/site-packages/airflow/example_dags/example_sla_dag.py took 0.077 seconds
[2022-06-24 07:10:46,087] {processor.py:153} INFO - Started process (PID=6949) to work on /home/airflow/.local/lib/python3.7/site-packages/airflow/example_dags/example_sla_dag.py
[2022-06-24 07:10:46,088] {processor.py:641} INFO - Processing file /home/airflow/.local/lib/python3.7/site-packages/airflow/example_dags/example_sla_dag.py for tasks to queue
[2022-06-24 07:10:46,089] {logging_mixin.py:115} INFO - [2022-06-24 07:10:46,089] {dagbag.py:507} INFO - Filling up the DagBag from /home/airflow/.local/lib/python3.7/site-packages/airflow/example_dags/example_sla_dag.py
[2022-06-24 07:10:46,105] {processor.py:651} INFO - DAG(s) dict_keys(['example_sla_dag']) retrieved from /home/airflow/.local/lib/python3.7/site-packages/airflow/example_dags/example_sla_dag.py
[2022-06-24 07:10:46,126] {logging_mixin.py:115} INFO - [2022-06-24 07:10:46,126] {dag.py:2379} INFO - Sync 1 DAGs
[2022-06-24 07:10:46,144] {logging_mixin.py:115} INFO - [2022-06-24 07:10:46,144] {dag.py:2931} INFO - Setting next_dagrun for example_sla_dag to 2022-06-24T07:08:00+00:00, run_after=2022-06-24T07:10:00+00:00
[2022-06-24 07:10:46,157] {processor.py:161} INFO - Processing /home/airflow/.local/lib/python3.7/site-packages/airflow/example_dags/example_sla_dag.py took 0.073 seconds
[2022-06-24 07:11:16,442] {processor.py:153} INFO - Started process (PID=7013) to work on /home/airflow/.local/lib/python3.7/site-packages/airflow/example_dags/example_sla_dag.py
[2022-06-24 07:11:16,443] {processor.py:641} INFO - Processing file /home/airflow/.local/lib/python3.7/site-packages/airflow/example_dags/example_sla_dag.py for tasks to queue
[2022-06-24 07:11:16,444] {logging_mixin.py:115} INFO - [2022-06-24 07:11:16,444] {dagbag.py:507} INFO - Filling up the DagBag from /home/airflow/.local/lib/python3.7/site-packages/airflow/example_dags/example_sla_dag.py
[2022-06-24 07:11:16,459] {processor.py:651} INFO - DAG(s) dict_keys(['example_sla_dag']) retrieved from /home/airflow/.local/lib/python3.7/site-packages/airflow/example_dags/example_sla_dag.py
[2022-06-24 07:11:16,479] {logging_mixin.py:115} INFO - [2022-06-24 07:11:16,479] {dag.py:2379} INFO - Sync 1 DAGs
[2022-06-24 07:11:16,498] {logging_mixin.py:115} INFO - [2022-06-24 07:11:16,498] {dag.py:2931} INFO - Setting next_dagrun for example_sla_dag to 2022-06-24T07:08:00+00:00, run_after=2022-06-24T07:10:00+00:00
[2022-06-24 07:11:16,513] {processor.py:161} INFO - Processing /home/airflow/.local/lib/python3.7/site-packages/airflow/example_dags/example_sla_dag.py took 0.075 seconds
[2022-06-24 07:11:46,768] {processor.py:153} INFO - Started process (PID=7078) to work on /home/airflow/.local/lib/python3.7/site-packages/airflow/example_dags/example_sla_dag.py
[2022-06-24 07:11:46,769] {processor.py:641} INFO - Processing file /home/airflow/.local/lib/python3.7/site-packages/airflow/example_dags/example_sla_dag.py for tasks to queue
[2022-06-24 07:11:46,770] {logging_mixin.py:115} INFO - [2022-06-24 07:11:46,770] {dagbag.py:507} INFO - Filling up the DagBag from /home/airflow/.local/lib/python3.7/site-packages/airflow/example_dags/example_sla_dag.py
[2022-06-24 07:11:46,786] {processor.py:651} INFO - DAG(s) dict_keys(['example_sla_dag']) retrieved from /home/airflow/.local/lib/python3.7/site-packages/airflow/example_dags/example_sla_dag.py
[2022-06-24 07:11:46,807] {logging_mixin.py:115} INFO - [2022-06-24 07:11:46,807] {dag.py:2379} INFO - Sync 1 DAGs
[2022-06-24 07:11:46,825] {logging_mixin.py:115} INFO - [2022-06-24 07:11:46,825] {dag.py:2931} INFO - Setting next_dagrun for example_sla_dag to 2022-06-24T07:08:00+00:00, run_after=2022-06-24T07:10:00+00:00
[2022-06-24 07:11:46,837] {processor.py:161} INFO - Processing /home/airflow/.local/lib/python3.7/site-packages/airflow/example_dags/example_sla_dag.py took 0.074 seconds
[2022-06-24 07:12:16,956] {processor.py:153} INFO - Started process (PID=7133) to work on /home/airflow/.local/lib/python3.7/site-packages/airflow/example_dags/example_sla_dag.py
[2022-06-24 07:12:16,957] {processor.py:641} INFO - Processing file /home/airflow/.local/lib/python3.7/site-packages/airflow/example_dags/example_sla_dag.py for tasks to queue
[2022-06-24 07:12:16,958] {logging_mixin.py:115} INFO - [2022-06-24 07:12:16,958] {dagbag.py:507} INFO - Filling up the DagBag from /home/airflow/.local/lib/python3.7/site-packages/airflow/example_dags/example_sla_dag.py
[2022-06-24 07:12:16,974] {processor.py:651} INFO - DAG(s) dict_keys(['example_sla_dag']) retrieved from /home/airflow/.local/lib/python3.7/site-packages/airflow/example_dags/example_sla_dag.py
[2022-06-24 07:12:17,000] {logging_mixin.py:115} INFO - [2022-06-24 07:12:17,000] {dag.py:2379} INFO - Sync 1 DAGs
[2022-06-24 07:12:17,018] {logging_mixin.py:115} INFO - [2022-06-24 07:12:17,018] {dag.py:2931} INFO - Setting next_dagrun for example_sla_dag to 2022-06-24T07:10:00+00:00, run_after=2022-06-24T07:12:00+00:00
[2022-06-24 07:12:17,030] {processor.py:161} INFO - Processing /home/airflow/.local/lib/python3.7/site-packages/airflow/example_dags/example_sla_dag.py took 0.078 seconds
[2022-06-24 07:12:47,143] {processor.py:153} INFO - Started process (PID=7197) to work on /home/airflow/.local/lib/python3.7/site-packages/airflow/example_dags/example_sla_dag.py
[2022-06-24 07:12:47,144] {processor.py:641} INFO - Processing file /home/airflow/.local/lib/python3.7/site-packages/airflow/example_dags/example_sla_dag.py for tasks to queue
[2022-06-24 07:12:47,145] {logging_mixin.py:115} INFO - [2022-06-24 07:12:47,145] {dagbag.py:507} INFO - Filling up the DagBag from /home/airflow/.local/lib/python3.7/site-packages/airflow/example_dags/example_sla_dag.py
[2022-06-24 07:12:47,164] {processor.py:651} INFO - DAG(s) dict_keys(['example_sla_dag']) retrieved from /home/airflow/.local/lib/python3.7/site-packages/airflow/example_dags/example_sla_dag.py
[2022-06-24 07:12:47,187] {logging_mixin.py:115} INFO - [2022-06-24 07:12:47,187] {dag.py:2379} INFO - Sync 1 DAGs
[2022-06-24 07:12:47,208] {logging_mixin.py:115} INFO - [2022-06-24 07:12:47,207] {dag.py:2931} INFO - Setting next_dagrun for example_sla_dag to 2022-06-24T07:10:00+00:00, run_after=2022-06-24T07:12:00+00:00
[2022-06-24 07:12:47,223] {processor.py:161} INFO - Processing /home/airflow/.local/lib/python3.7/site-packages/airflow/example_dags/example_sla_dag.py took 0.083 seconds
[2022-06-24 07:13:17,434] {processor.py:153} INFO - Started process (PID=7261) to work on /home/airflow/.local/lib/python3.7/site-packages/airflow/example_dags/example_sla_dag.py
[2022-06-24 07:13:17,435] {processor.py:641} INFO - Processing file /home/airflow/.local/lib/python3.7/site-packages/airflow/example_dags/example_sla_dag.py for tasks to queue
[2022-06-24 07:13:17,437] {logging_mixin.py:115} INFO - [2022-06-24 07:13:17,437] {dagbag.py:507} INFO - Filling up the DagBag from /home/airflow/.local/lib/python3.7/site-packages/airflow/example_dags/example_sla_dag.py
[2022-06-24 07:13:17,452] {processor.py:651} INFO - DAG(s) dict_keys(['example_sla_dag']) retrieved from /home/airflow/.local/lib/python3.7/site-packages/airflow/example_dags/example_sla_dag.py
[2022-06-24 07:13:17,473] {logging_mixin.py:115} INFO - [2022-06-24 07:13:17,473] {dag.py:2379} INFO - Sync 1 DAGs
[2022-06-24 07:13:17,491] {logging_mixin.py:115} INFO - [2022-06-24 07:13:17,491] {dag.py:2931} INFO - Setting next_dagrun for example_sla_dag to 2022-06-24T07:10:00+00:00, run_after=2022-06-24T07:12:00+00:00
[2022-06-24 07:13:17,506] {processor.py:161} INFO - Processing /home/airflow/.local/lib/python3.7/site-packages/airflow/example_dags/example_sla_dag.py took 0.075 seconds
[2022-06-24 07:13:48,054] {processor.py:153} INFO - Started process (PID=7316) to work on /home/airflow/.local/lib/python3.7/site-packages/airflow/example_dags/example_sla_dag.py
[2022-06-24 07:13:48,054] {processor.py:641} INFO - Processing file /home/airflow/.local/lib/python3.7/site-packages/airflow/example_dags/example_sla_dag.py for tasks to queue
[2022-06-24 07:13:48,055] {logging_mixin.py:115} INFO - [2022-06-24 07:13:48,055] {dagbag.py:507} INFO - Filling up the DagBag from /home/airflow/.local/lib/python3.7/site-packages/airflow/example_dags/example_sla_dag.py
[2022-06-24 07:13:48,075] {processor.py:651} INFO - DAG(s) dict_keys(['example_sla_dag']) retrieved from /home/airflow/.local/lib/python3.7/site-packages/airflow/example_dags/example_sla_dag.py
[2022-06-24 07:13:48,133] {logging_mixin.py:115} INFO - [2022-06-24 07:13:48,133] {dag.py:2379} INFO - Sync 1 DAGs
[2022-06-24 07:13:48,155] {logging_mixin.py:115} INFO - [2022-06-24 07:13:48,155] {dag.py:2931} INFO - Setting next_dagrun for example_sla_dag to 2022-06-24T07:10:00+00:00, run_after=2022-06-24T07:12:00+00:00
[2022-06-24 07:13:48,170] {processor.py:161} INFO - Processing /home/airflow/.local/lib/python3.7/site-packages/airflow/example_dags/example_sla_dag.py took 0.120 seconds
[2022-06-24 07:14:18,722] {processor.py:153} INFO - Started process (PID=7380) to work on /home/airflow/.local/lib/python3.7/site-packages/airflow/example_dags/example_sla_dag.py
[2022-06-24 07:14:18,723] {processor.py:641} INFO - Processing file /home/airflow/.local/lib/python3.7/site-packages/airflow/example_dags/example_sla_dag.py for tasks to queue
[2022-06-24 07:14:18,724] {logging_mixin.py:115} INFO - [2022-06-24 07:14:18,724] {dagbag.py:507} INFO - Filling up the DagBag from /home/airflow/.local/lib/python3.7/site-packages/airflow/example_dags/example_sla_dag.py
[2022-06-24 07:14:18,740] {processor.py:651} INFO - DAG(s) dict_keys(['example_sla_dag']) retrieved from /home/airflow/.local/lib/python3.7/site-packages/airflow/example_dags/example_sla_dag.py
[2022-06-24 07:14:18,763] {logging_mixin.py:115} INFO - [2022-06-24 07:14:18,763] {dag.py:2379} INFO - Sync 1 DAGs
[2022-06-24 07:14:18,782] {logging_mixin.py:115} INFO - [2022-06-24 07:14:18,782] {dag.py:2931} INFO - Setting next_dagrun for example_sla_dag to 2022-06-24T07:12:00+00:00, run_after=2022-06-24T07:14:00+00:00
[2022-06-24 07:14:18,795] {processor.py:161} INFO - Processing /home/airflow/.local/lib/python3.7/site-packages/airflow/example_dags/example_sla_dag.py took 0.077 seconds
[2022-06-24 07:14:49,240] {processor.py:153} INFO - Started process (PID=7444) to work on /home/airflow/.local/lib/python3.7/site-packages/airflow/example_dags/example_sla_dag.py
[2022-06-24 07:14:49,241] {processor.py:641} INFO - Processing file /home/airflow/.local/lib/python3.7/site-packages/airflow/example_dags/example_sla_dag.py for tasks to queue
[2022-06-24 07:14:49,242] {logging_mixin.py:115} INFO - [2022-06-24 07:14:49,242] {dagbag.py:507} INFO - Filling up the DagBag from /home/airflow/.local/lib/python3.7/site-packages/airflow/example_dags/example_sla_dag.py
[2022-06-24 07:14:49,268] {processor.py:651} INFO - DAG(s) dict_keys(['example_sla_dag']) retrieved from /home/airflow/.local/lib/python3.7/site-packages/airflow/example_dags/example_sla_dag.py
[2022-06-24 07:14:49,291] {logging_mixin.py:115} INFO - [2022-06-24 07:14:49,291] {dag.py:2379} INFO - Sync 1 DAGs
[2022-06-24 07:14:49,309] {logging_mixin.py:115} INFO - [2022-06-24 07:14:49,308] {dag.py:2931} INFO - Setting next_dagrun for example_sla_dag to 2022-06-24T07:12:00+00:00, run_after=2022-06-24T07:14:00+00:00
[2022-06-24 07:14:49,324] {processor.py:161} INFO - Processing /home/airflow/.local/lib/python3.7/site-packages/airflow/example_dags/example_sla_dag.py took 0.087 seconds
[2022-06-24 07:15:19,617] {processor.py:153} INFO - Started process (PID=7509) to work on /home/airflow/.local/lib/python3.7/site-packages/airflow/example_dags/example_sla_dag.py
[2022-06-24 07:15:19,618] {processor.py:641} INFO - Processing file /home/airflow/.local/lib/python3.7/site-packages/airflow/example_dags/example_sla_dag.py for tasks to queue
[2022-06-24 07:15:19,618] {logging_mixin.py:115} INFO - [2022-06-24 07:15:19,618] {dagbag.py:507} INFO - Filling up the DagBag from /home/airflow/.local/lib/python3.7/site-packages/airflow/example_dags/example_sla_dag.py
[2022-06-24 07:15:19,635] {processor.py:651} INFO - DAG(s) dict_keys(['example_sla_dag']) retrieved from /home/airflow/.local/lib/python3.7/site-packages/airflow/example_dags/example_sla_dag.py
[2022-06-24 07:15:19,656] {logging_mixin.py:115} INFO - [2022-06-24 07:15:19,656] {dag.py:2379} INFO - Sync 1 DAGs
[2022-06-24 07:15:19,675] {logging_mixin.py:115} INFO - [2022-06-24 07:15:19,675] {dag.py:2931} INFO - Setting next_dagrun for example_sla_dag to 2022-06-24T07:12:00+00:00, run_after=2022-06-24T07:14:00+00:00
[2022-06-24 07:15:19,690] {processor.py:161} INFO - Processing /home/airflow/.local/lib/python3.7/site-packages/airflow/example_dags/example_sla_dag.py took 0.077 seconds
[2022-06-24 07:15:50,116] {processor.py:153} INFO - Started process (PID=7564) to work on /home/airflow/.local/lib/python3.7/site-packages/airflow/example_dags/example_sla_dag.py
[2022-06-24 07:15:50,117] {processor.py:641} INFO - Processing file /home/airflow/.local/lib/python3.7/site-packages/airflow/example_dags/example_sla_dag.py for tasks to queue
[2022-06-24 07:15:50,118] {logging_mixin.py:115} INFO - [2022-06-24 07:15:50,118] {dagbag.py:507} INFO - Filling up the DagBag from /home/airflow/.local/lib/python3.7/site-packages/airflow/example_dags/example_sla_dag.py
[2022-06-24 07:15:50,141] {processor.py:651} INFO - DAG(s) dict_keys(['example_sla_dag']) retrieved from /home/airflow/.local/lib/python3.7/site-packages/airflow/example_dags/example_sla_dag.py
[2022-06-24 07:15:50,178] {logging_mixin.py:115} INFO - [2022-06-24 07:15:50,178] {dag.py:2379} INFO - Sync 1 DAGs
[2022-06-24 07:15:50,252] {logging_mixin.py:115} INFO - [2022-06-24 07:15:50,252] {dag.py:2931} INFO - Setting next_dagrun for example_sla_dag to 2022-06-24T07:12:00+00:00, run_after=2022-06-24T07:14:00+00:00
[2022-06-24 07:15:50,312] {processor.py:161} INFO - Processing /home/airflow/.local/lib/python3.7/site-packages/airflow/example_dags/example_sla_dag.py took 0.199 seconds
[2022-06-24 07:16:20,611] {processor.py:153} INFO - Started process (PID=7628) to work on /home/airflow/.local/lib/python3.7/site-packages/airflow/example_dags/example_sla_dag.py
[2022-06-24 07:16:20,612] {processor.py:641} INFO - Processing file /home/airflow/.local/lib/python3.7/site-packages/airflow/example_dags/example_sla_dag.py for tasks to queue
[2022-06-24 07:16:20,613] {logging_mixin.py:115} INFO - [2022-06-24 07:16:20,613] {dagbag.py:507} INFO - Filling up the DagBag from /home/airflow/.local/lib/python3.7/site-packages/airflow/example_dags/example_sla_dag.py
[2022-06-24 07:16:20,634] {processor.py:651} INFO - DAG(s) dict_keys(['example_sla_dag']) retrieved from /home/airflow/.local/lib/python3.7/site-packages/airflow/example_dags/example_sla_dag.py
[2022-06-24 07:16:20,661] {logging_mixin.py:115} INFO - [2022-06-24 07:16:20,661] {dag.py:2379} INFO - Sync 1 DAGs
[2022-06-24 07:16:20,681] {logging_mixin.py:115} INFO - [2022-06-24 07:16:20,681] {dag.py:2931} INFO - Setting next_dagrun for example_sla_dag to 2022-06-24T07:14:00+00:00, run_after=2022-06-24T07:16:00+00:00
[2022-06-24 07:16:20,695] {processor.py:161} INFO - Processing /home/airflow/.local/lib/python3.7/site-packages/airflow/example_dags/example_sla_dag.py took 0.089 seconds
[2022-06-24 07:16:51,079] {processor.py:153} INFO - Started process (PID=7692) to work on /home/airflow/.local/lib/python3.7/site-packages/airflow/example_dags/example_sla_dag.py
[2022-06-24 07:16:51,081] {processor.py:641} INFO - Processing file /home/airflow/.local/lib/python3.7/site-packages/airflow/example_dags/example_sla_dag.py for tasks to queue
[2022-06-24 07:16:51,082] {logging_mixin.py:115} INFO - [2022-06-24 07:16:51,082] {dagbag.py:507} INFO - Filling up the DagBag from /home/airflow/.local/lib/python3.7/site-packages/airflow/example_dags/example_sla_dag.py
[2022-06-24 07:16:51,101] {processor.py:651} INFO - DAG(s) dict_keys(['example_sla_dag']) retrieved from /home/airflow/.local/lib/python3.7/site-packages/airflow/example_dags/example_sla_dag.py
[2022-06-24 07:16:51,136] {logging_mixin.py:115} INFO - [2022-06-24 07:16:51,136] {dag.py:2379} INFO - Sync 1 DAGs
[2022-06-24 07:16:51,160] {logging_mixin.py:115} INFO - [2022-06-24 07:16:51,160] {dag.py:2931} INFO - Setting next_dagrun for example_sla_dag to 2022-06-24T07:14:00+00:00, run_after=2022-06-24T07:16:00+00:00
[2022-06-24 07:16:51,171] {processor.py:161} INFO - Processing /home/airflow/.local/lib/python3.7/site-packages/airflow/example_dags/example_sla_dag.py took 0.095 seconds
[2022-06-24 07:17:21,652] {processor.py:153} INFO - Started process (PID=7756) to work on /home/airflow/.local/lib/python3.7/site-packages/airflow/example_dags/example_sla_dag.py
[2022-06-24 07:17:21,653] {processor.py:641} INFO - Processing file /home/airflow/.local/lib/python3.7/site-packages/airflow/example_dags/example_sla_dag.py for tasks to queue
[2022-06-24 07:17:21,654] {logging_mixin.py:115} INFO - [2022-06-24 07:17:21,654] {dagbag.py:507} INFO - Filling up the DagBag from /home/airflow/.local/lib/python3.7/site-packages/airflow/example_dags/example_sla_dag.py
[2022-06-24 07:17:21,719] {processor.py:651} INFO - DAG(s) dict_keys(['example_sla_dag']) retrieved from /home/airflow/.local/lib/python3.7/site-packages/airflow/example_dags/example_sla_dag.py
[2022-06-24 07:17:21,749] {logging_mixin.py:115} INFO - [2022-06-24 07:17:21,749] {dag.py:2379} INFO - Sync 1 DAGs
[2022-06-24 07:17:21,775] {logging_mixin.py:115} INFO - [2022-06-24 07:17:21,775] {dag.py:2931} INFO - Setting next_dagrun for example_sla_dag to 2022-06-24T07:14:00+00:00, run_after=2022-06-24T07:16:00+00:00
[2022-06-24 07:17:21,791] {processor.py:161} INFO - Processing /home/airflow/.local/lib/python3.7/site-packages/airflow/example_dags/example_sla_dag.py took 0.143 seconds
[2022-06-24 07:17:52,416] {processor.py:153} INFO - Started process (PID=7811) to work on /home/airflow/.local/lib/python3.7/site-packages/airflow/example_dags/example_sla_dag.py
[2022-06-24 07:17:52,416] {processor.py:641} INFO - Processing file /home/airflow/.local/lib/python3.7/site-packages/airflow/example_dags/example_sla_dag.py for tasks to queue
[2022-06-24 07:17:52,419] {logging_mixin.py:115} INFO - [2022-06-24 07:17:52,418] {dagbag.py:507} INFO - Filling up the DagBag from /home/airflow/.local/lib/python3.7/site-packages/airflow/example_dags/example_sla_dag.py
[2022-06-24 07:17:52,450] {processor.py:651} INFO - DAG(s) dict_keys(['example_sla_dag']) retrieved from /home/airflow/.local/lib/python3.7/site-packages/airflow/example_dags/example_sla_dag.py
[2022-06-24 07:17:52,482] {logging_mixin.py:115} INFO - [2022-06-24 07:17:52,482] {dag.py:2379} INFO - Sync 1 DAGs
[2022-06-24 07:17:52,503] {logging_mixin.py:115} INFO - [2022-06-24 07:17:52,503] {dag.py:2931} INFO - Setting next_dagrun for example_sla_dag to 2022-06-24T07:14:00+00:00, run_after=2022-06-24T07:16:00+00:00
[2022-06-24 07:17:52,518] {processor.py:161} INFO - Processing /home/airflow/.local/lib/python3.7/site-packages/airflow/example_dags/example_sla_dag.py took 0.107 seconds
[2022-06-24 07:18:23,173] {processor.py:153} INFO - Started process (PID=7875) to work on /home/airflow/.local/lib/python3.7/site-packages/airflow/example_dags/example_sla_dag.py
[2022-06-24 07:18:23,175] {processor.py:641} INFO - Processing file /home/airflow/.local/lib/python3.7/site-packages/airflow/example_dags/example_sla_dag.py for tasks to queue
[2022-06-24 07:18:23,176] {logging_mixin.py:115} INFO - [2022-06-24 07:18:23,176] {dagbag.py:507} INFO - Filling up the DagBag from /home/airflow/.local/lib/python3.7/site-packages/airflow/example_dags/example_sla_dag.py
[2022-06-24 07:18:23,195] {processor.py:651} INFO - DAG(s) dict_keys(['example_sla_dag']) retrieved from /home/airflow/.local/lib/python3.7/site-packages/airflow/example_dags/example_sla_dag.py
[2022-06-24 07:18:23,223] {logging_mixin.py:115} INFO - [2022-06-24 07:18:23,223] {dag.py:2379} INFO - Sync 1 DAGs
[2022-06-24 07:18:23,241] {logging_mixin.py:115} INFO - [2022-06-24 07:18:23,241] {dag.py:2931} INFO - Setting next_dagrun for example_sla_dag to 2022-06-24T07:16:00+00:00, run_after=2022-06-24T07:18:00+00:00
[2022-06-24 07:18:23,261] {processor.py:161} INFO - Processing /home/airflow/.local/lib/python3.7/site-packages/airflow/example_dags/example_sla_dag.py took 0.093 seconds
[2022-06-24 07:18:53,800] {processor.py:153} INFO - Started process (PID=7940) to work on /home/airflow/.local/lib/python3.7/site-packages/airflow/example_dags/example_sla_dag.py
[2022-06-24 07:18:53,802] {processor.py:641} INFO - Processing file /home/airflow/.local/lib/python3.7/site-packages/airflow/example_dags/example_sla_dag.py for tasks to queue
[2022-06-24 07:18:53,803] {logging_mixin.py:115} INFO - [2022-06-24 07:18:53,803] {dagbag.py:507} INFO - Filling up the DagBag from /home/airflow/.local/lib/python3.7/site-packages/airflow/example_dags/example_sla_dag.py
[2022-06-24 07:18:53,819] {processor.py:651} INFO - DAG(s) dict_keys(['example_sla_dag']) retrieved from /home/airflow/.local/lib/python3.7/site-packages/airflow/example_dags/example_sla_dag.py
[2022-06-24 07:18:53,847] {logging_mixin.py:115} INFO - [2022-06-24 07:18:53,846] {dag.py:2379} INFO - Sync 1 DAGs
[2022-06-24 07:18:53,869] {logging_mixin.py:115} INFO - [2022-06-24 07:18:53,869] {dag.py:2931} INFO - Setting next_dagrun for example_sla_dag to 2022-06-24T07:16:00+00:00, run_after=2022-06-24T07:18:00+00:00
[2022-06-24 07:18:53,884] {processor.py:161} INFO - Processing /home/airflow/.local/lib/python3.7/site-packages/airflow/example_dags/example_sla_dag.py took 0.088 seconds
[2022-06-24 07:19:24,306] {processor.py:153} INFO - Started process (PID=7995) to work on /home/airflow/.local/lib/python3.7/site-packages/airflow/example_dags/example_sla_dag.py
[2022-06-24 07:19:24,307] {processor.py:641} INFO - Processing file /home/airflow/.local/lib/python3.7/site-packages/airflow/example_dags/example_sla_dag.py for tasks to queue
[2022-06-24 07:19:24,308] {logging_mixin.py:115} INFO - [2022-06-24 07:19:24,308] {dagbag.py:507} INFO - Filling up the DagBag from /home/airflow/.local/lib/python3.7/site-packages/airflow/example_dags/example_sla_dag.py
[2022-06-24 07:19:24,325] {processor.py:651} INFO - DAG(s) dict_keys(['example_sla_dag']) retrieved from /home/airflow/.local/lib/python3.7/site-packages/airflow/example_dags/example_sla_dag.py
[2022-06-24 07:19:24,350] {logging_mixin.py:115} INFO - [2022-06-24 07:19:24,350] {dag.py:2379} INFO - Sync 1 DAGs
[2022-06-24 07:19:24,372] {logging_mixin.py:115} INFO - [2022-06-24 07:19:24,372] {dag.py:2931} INFO - Setting next_dagrun for example_sla_dag to 2022-06-24T07:16:00+00:00, run_after=2022-06-24T07:18:00+00:00
[2022-06-24 07:19:24,388] {processor.py:161} INFO - Processing /home/airflow/.local/lib/python3.7/site-packages/airflow/example_dags/example_sla_dag.py took 0.086 seconds
[2022-06-24 07:19:54,807] {processor.py:153} INFO - Started process (PID=8059) to work on /home/airflow/.local/lib/python3.7/site-packages/airflow/example_dags/example_sla_dag.py
[2022-06-24 07:19:54,808] {processor.py:641} INFO - Processing file /home/airflow/.local/lib/python3.7/site-packages/airflow/example_dags/example_sla_dag.py for tasks to queue
[2022-06-24 07:19:54,809] {logging_mixin.py:115} INFO - [2022-06-24 07:19:54,809] {dagbag.py:507} INFO - Filling up the DagBag from /home/airflow/.local/lib/python3.7/site-packages/airflow/example_dags/example_sla_dag.py
[2022-06-24 07:19:54,826] {processor.py:651} INFO - DAG(s) dict_keys(['example_sla_dag']) retrieved from /home/airflow/.local/lib/python3.7/site-packages/airflow/example_dags/example_sla_dag.py
[2022-06-24 07:19:54,851] {logging_mixin.py:115} INFO - [2022-06-24 07:19:54,851] {dag.py:2379} INFO - Sync 1 DAGs
[2022-06-24 07:19:54,872] {logging_mixin.py:115} INFO - [2022-06-24 07:19:54,872] {dag.py:2931} INFO - Setting next_dagrun for example_sla_dag to 2022-06-24T07:16:00+00:00, run_after=2022-06-24T07:18:00+00:00
[2022-06-24 07:19:54,886] {processor.py:161} INFO - Processing /home/airflow/.local/lib/python3.7/site-packages/airflow/example_dags/example_sla_dag.py took 0.083 seconds
[2022-06-24 07:20:25,191] {processor.py:153} INFO - Started process (PID=8123) to work on /home/airflow/.local/lib/python3.7/site-packages/airflow/example_dags/example_sla_dag.py
[2022-06-24 07:20:25,192] {processor.py:641} INFO - Processing file /home/airflow/.local/lib/python3.7/site-packages/airflow/example_dags/example_sla_dag.py for tasks to queue
[2022-06-24 07:20:25,192] {logging_mixin.py:115} INFO - [2022-06-24 07:20:25,192] {dagbag.py:507} INFO - Filling up the DagBag from /home/airflow/.local/lib/python3.7/site-packages/airflow/example_dags/example_sla_dag.py
[2022-06-24 07:20:25,212] {processor.py:651} INFO - DAG(s) dict_keys(['example_sla_dag']) retrieved from /home/airflow/.local/lib/python3.7/site-packages/airflow/example_dags/example_sla_dag.py
[2022-06-24 07:20:25,245] {logging_mixin.py:115} INFO - [2022-06-24 07:20:25,245] {dag.py:2379} INFO - Sync 1 DAGs
[2022-06-24 07:20:25,268] {logging_mixin.py:115} INFO - [2022-06-24 07:20:25,268] {dag.py:2931} INFO - Setting next_dagrun for example_sla_dag to 2022-06-24T07:18:00+00:00, run_after=2022-06-24T07:20:00+00:00
[2022-06-24 07:20:25,282] {processor.py:161} INFO - Processing /home/airflow/.local/lib/python3.7/site-packages/airflow/example_dags/example_sla_dag.py took 0.095 seconds
[2022-06-24 07:20:55,569] {processor.py:153} INFO - Started process (PID=8187) to work on /home/airflow/.local/lib/python3.7/site-packages/airflow/example_dags/example_sla_dag.py
[2022-06-24 07:20:55,570] {processor.py:641} INFO - Processing file /home/airflow/.local/lib/python3.7/site-packages/airflow/example_dags/example_sla_dag.py for tasks to queue
[2022-06-24 07:20:55,571] {logging_mixin.py:115} INFO - [2022-06-24 07:20:55,570] {dagbag.py:507} INFO - Filling up the DagBag from /home/airflow/.local/lib/python3.7/site-packages/airflow/example_dags/example_sla_dag.py
[2022-06-24 07:20:55,597] {processor.py:651} INFO - DAG(s) dict_keys(['example_sla_dag']) retrieved from /home/airflow/.local/lib/python3.7/site-packages/airflow/example_dags/example_sla_dag.py
[2022-06-24 07:20:55,628] {logging_mixin.py:115} INFO - [2022-06-24 07:20:55,627] {dag.py:2379} INFO - Sync 1 DAGs
[2022-06-24 07:20:55,695] {logging_mixin.py:115} INFO - [2022-06-24 07:20:55,695] {dag.py:2931} INFO - Setting next_dagrun for example_sla_dag to 2022-06-24T07:18:00+00:00, run_after=2022-06-24T07:20:00+00:00
[2022-06-24 07:20:55,711] {processor.py:161} INFO - Processing /home/airflow/.local/lib/python3.7/site-packages/airflow/example_dags/example_sla_dag.py took 0.145 seconds
[2022-06-24 07:21:26,409] {processor.py:153} INFO - Started process (PID=8242) to work on /home/airflow/.local/lib/python3.7/site-packages/airflow/example_dags/example_sla_dag.py
[2022-06-24 07:21:26,410] {processor.py:641} INFO - Processing file /home/airflow/.local/lib/python3.7/site-packages/airflow/example_dags/example_sla_dag.py for tasks to queue
[2022-06-24 07:21:26,412] {logging_mixin.py:115} INFO - [2022-06-24 07:21:26,411] {dagbag.py:507} INFO - Filling up the DagBag from /home/airflow/.local/lib/python3.7/site-packages/airflow/example_dags/example_sla_dag.py
[2022-06-24 07:21:26,439] {processor.py:651} INFO - DAG(s) dict_keys(['example_sla_dag']) retrieved from /home/airflow/.local/lib/python3.7/site-packages/airflow/example_dags/example_sla_dag.py
[2022-06-24 07:21:26,464] {logging_mixin.py:115} INFO - [2022-06-24 07:21:26,464] {dag.py:2379} INFO - Sync 1 DAGs
[2022-06-24 07:21:26,483] {logging_mixin.py:115} INFO - [2022-06-24 07:21:26,483] {dag.py:2931} INFO - Setting next_dagrun for example_sla_dag to 2022-06-24T07:18:00+00:00, run_after=2022-06-24T07:20:00+00:00
[2022-06-24 07:21:26,496] {processor.py:161} INFO - Processing /home/airflow/.local/lib/python3.7/site-packages/airflow/example_dags/example_sla_dag.py took 0.091 seconds
[2022-06-24 07:21:56,794] {processor.py:153} INFO - Started process (PID=8306) to work on /home/airflow/.local/lib/python3.7/site-packages/airflow/example_dags/example_sla_dag.py
[2022-06-24 07:21:56,794] {processor.py:641} INFO - Processing file /home/airflow/.local/lib/python3.7/site-packages/airflow/example_dags/example_sla_dag.py for tasks to queue
[2022-06-24 07:21:56,796] {logging_mixin.py:115} INFO - [2022-06-24 07:21:56,796] {dagbag.py:507} INFO - Filling up the DagBag from /home/airflow/.local/lib/python3.7/site-packages/airflow/example_dags/example_sla_dag.py
[2022-06-24 07:21:56,813] {processor.py:651} INFO - DAG(s) dict_keys(['example_sla_dag']) retrieved from /home/airflow/.local/lib/python3.7/site-packages/airflow/example_dags/example_sla_dag.py
[2022-06-24 07:21:56,850] {logging_mixin.py:115} INFO - [2022-06-24 07:21:56,850] {dag.py:2379} INFO - Sync 1 DAGs
[2022-06-24 07:21:56,877] {logging_mixin.py:115} INFO - [2022-06-24 07:21:56,877] {dag.py:2931} INFO - Setting next_dagrun for example_sla_dag to 2022-06-24T07:18:00+00:00, run_after=2022-06-24T07:20:00+00:00
[2022-06-24 07:21:56,889] {processor.py:161} INFO - Processing /home/airflow/.local/lib/python3.7/site-packages/airflow/example_dags/example_sla_dag.py took 0.099 seconds
[2022-06-24 07:22:27,480] {processor.py:153} INFO - Started process (PID=8370) to work on /home/airflow/.local/lib/python3.7/site-packages/airflow/example_dags/example_sla_dag.py
[2022-06-24 07:22:27,481] {processor.py:641} INFO - Processing file /home/airflow/.local/lib/python3.7/site-packages/airflow/example_dags/example_sla_dag.py for tasks to queue
[2022-06-24 07:22:27,482] {logging_mixin.py:115} INFO - [2022-06-24 07:22:27,482] {dagbag.py:507} INFO - Filling up the DagBag from /home/airflow/.local/lib/python3.7/site-packages/airflow/example_dags/example_sla_dag.py
[2022-06-24 07:22:27,499] {processor.py:651} INFO - DAG(s) dict_keys(['example_sla_dag']) retrieved from /home/airflow/.local/lib/python3.7/site-packages/airflow/example_dags/example_sla_dag.py
[2022-06-24 07:22:27,531] {logging_mixin.py:115} INFO - [2022-06-24 07:22:27,531] {dag.py:2379} INFO - Sync 1 DAGs
[2022-06-24 07:22:27,554] {logging_mixin.py:115} INFO - [2022-06-24 07:22:27,553] {dag.py:2931} INFO - Setting next_dagrun for example_sla_dag to 2022-06-24T07:20:00+00:00, run_after=2022-06-24T07:22:00+00:00
[2022-06-24 07:22:27,566] {processor.py:161} INFO - Processing /home/airflow/.local/lib/python3.7/site-packages/airflow/example_dags/example_sla_dag.py took 0.089 seconds
[2022-06-24 07:22:58,378] {processor.py:153} INFO - Started process (PID=8425) to work on /home/airflow/.local/lib/python3.7/site-packages/airflow/example_dags/example_sla_dag.py
[2022-06-24 07:22:58,379] {processor.py:641} INFO - Processing file /home/airflow/.local/lib/python3.7/site-packages/airflow/example_dags/example_sla_dag.py for tasks to queue
[2022-06-24 07:22:58,380] {logging_mixin.py:115} INFO - [2022-06-24 07:22:58,380] {dagbag.py:507} INFO - Filling up the DagBag from /home/airflow/.local/lib/python3.7/site-packages/airflow/example_dags/example_sla_dag.py
[2022-06-24 07:22:58,413] {processor.py:651} INFO - DAG(s) dict_keys(['example_sla_dag']) retrieved from /home/airflow/.local/lib/python3.7/site-packages/airflow/example_dags/example_sla_dag.py
[2022-06-24 07:22:58,458] {logging_mixin.py:115} INFO - [2022-06-24 07:22:58,458] {dag.py:2379} INFO - Sync 1 DAGs
[2022-06-24 07:22:58,489] {logging_mixin.py:115} INFO - [2022-06-24 07:22:58,489] {dag.py:2931} INFO - Setting next_dagrun for example_sla_dag to 2022-06-24T07:20:00+00:00, run_after=2022-06-24T07:22:00+00:00
[2022-06-24 07:22:58,502] {processor.py:161} INFO - Processing /home/airflow/.local/lib/python3.7/site-packages/airflow/example_dags/example_sla_dag.py took 0.127 seconds
[2022-06-24 07:23:28,594] {processor.py:153} INFO - Started process (PID=8489) to work on /home/airflow/.local/lib/python3.7/site-packages/airflow/example_dags/example_sla_dag.py
[2022-06-24 07:23:28,595] {processor.py:641} INFO - Processing file /home/airflow/.local/lib/python3.7/site-packages/airflow/example_dags/example_sla_dag.py for tasks to queue
[2022-06-24 07:23:28,596] {logging_mixin.py:115} INFO - [2022-06-24 07:23:28,596] {dagbag.py:507} INFO - Filling up the DagBag from /home/airflow/.local/lib/python3.7/site-packages/airflow/example_dags/example_sla_dag.py
[2022-06-24 07:23:28,613] {processor.py:651} INFO - DAG(s) dict_keys(['example_sla_dag']) retrieved from /home/airflow/.local/lib/python3.7/site-packages/airflow/example_dags/example_sla_dag.py
[2022-06-24 07:23:28,638] {logging_mixin.py:115} INFO - [2022-06-24 07:23:28,638] {dag.py:2379} INFO - Sync 1 DAGs
[2022-06-24 07:23:28,660] {logging_mixin.py:115} INFO - [2022-06-24 07:23:28,660] {dag.py:2931} INFO - Setting next_dagrun for example_sla_dag to 2022-06-24T07:20:00+00:00, run_after=2022-06-24T07:22:00+00:00
[2022-06-24 07:23:28,678] {processor.py:161} INFO - Processing /home/airflow/.local/lib/python3.7/site-packages/airflow/example_dags/example_sla_dag.py took 0.088 seconds
[2022-06-24 07:23:58,786] {processor.py:153} INFO - Started process (PID=8553) to work on /home/airflow/.local/lib/python3.7/site-packages/airflow/example_dags/example_sla_dag.py
[2022-06-24 07:23:58,787] {processor.py:641} INFO - Processing file /home/airflow/.local/lib/python3.7/site-packages/airflow/example_dags/example_sla_dag.py for tasks to queue
[2022-06-24 07:23:58,788] {logging_mixin.py:115} INFO - [2022-06-24 07:23:58,788] {dagbag.py:507} INFO - Filling up the DagBag from /home/airflow/.local/lib/python3.7/site-packages/airflow/example_dags/example_sla_dag.py
[2022-06-24 07:23:58,806] {processor.py:651} INFO - DAG(s) dict_keys(['example_sla_dag']) retrieved from /home/airflow/.local/lib/python3.7/site-packages/airflow/example_dags/example_sla_dag.py
[2022-06-24 07:23:58,832] {logging_mixin.py:115} INFO - [2022-06-24 07:23:58,832] {dag.py:2379} INFO - Sync 1 DAGs
[2022-06-24 07:23:58,854] {logging_mixin.py:115} INFO - [2022-06-24 07:23:58,854] {dag.py:2931} INFO - Setting next_dagrun for example_sla_dag to 2022-06-24T07:20:00+00:00, run_after=2022-06-24T07:22:00+00:00
[2022-06-24 07:23:58,871] {processor.py:161} INFO - Processing /home/airflow/.local/lib/python3.7/site-packages/airflow/example_dags/example_sla_dag.py took 0.088 seconds
[2022-06-24 07:24:29,383] {processor.py:153} INFO - Started process (PID=8609) to work on /home/airflow/.local/lib/python3.7/site-packages/airflow/example_dags/example_sla_dag.py
[2022-06-24 07:24:29,384] {processor.py:641} INFO - Processing file /home/airflow/.local/lib/python3.7/site-packages/airflow/example_dags/example_sla_dag.py for tasks to queue
[2022-06-24 07:24:29,385] {logging_mixin.py:115} INFO - [2022-06-24 07:24:29,385] {dagbag.py:507} INFO - Filling up the DagBag from /home/airflow/.local/lib/python3.7/site-packages/airflow/example_dags/example_sla_dag.py
[2022-06-24 07:24:29,413] {processor.py:651} INFO - DAG(s) dict_keys(['example_sla_dag']) retrieved from /home/airflow/.local/lib/python3.7/site-packages/airflow/example_dags/example_sla_dag.py
[2022-06-24 07:24:29,444] {logging_mixin.py:115} INFO - [2022-06-24 07:24:29,444] {dag.py:2379} INFO - Sync 1 DAGs
[2022-06-24 07:24:29,468] {logging_mixin.py:115} INFO - [2022-06-24 07:24:29,468] {dag.py:2931} INFO - Setting next_dagrun for example_sla_dag to 2022-06-24T07:22:00+00:00, run_after=2022-06-24T07:24:00+00:00
[2022-06-24 07:24:29,482] {processor.py:161} INFO - Processing /home/airflow/.local/lib/python3.7/site-packages/airflow/example_dags/example_sla_dag.py took 0.104 seconds
[2022-06-24 07:24:59,674] {processor.py:153} INFO - Started process (PID=8673) to work on /home/airflow/.local/lib/python3.7/site-packages/airflow/example_dags/example_sla_dag.py
[2022-06-24 07:24:59,675] {processor.py:641} INFO - Processing file /home/airflow/.local/lib/python3.7/site-packages/airflow/example_dags/example_sla_dag.py for tasks to queue
[2022-06-24 07:24:59,676] {logging_mixin.py:115} INFO - [2022-06-24 07:24:59,676] {dagbag.py:507} INFO - Filling up the DagBag from /home/airflow/.local/lib/python3.7/site-packages/airflow/example_dags/example_sla_dag.py
[2022-06-24 07:24:59,692] {processor.py:651} INFO - DAG(s) dict_keys(['example_sla_dag']) retrieved from /home/airflow/.local/lib/python3.7/site-packages/airflow/example_dags/example_sla_dag.py
[2022-06-24 07:24:59,718] {logging_mixin.py:115} INFO - [2022-06-24 07:24:59,718] {dag.py:2379} INFO - Sync 1 DAGs
[2022-06-24 07:24:59,738] {logging_mixin.py:115} INFO - [2022-06-24 07:24:59,738] {dag.py:2931} INFO - Setting next_dagrun for example_sla_dag to 2022-06-24T07:22:00+00:00, run_after=2022-06-24T07:24:00+00:00
[2022-06-24 07:24:59,751] {processor.py:161} INFO - Processing /home/airflow/.local/lib/python3.7/site-packages/airflow/example_dags/example_sla_dag.py took 0.081 seconds
[2022-06-24 07:25:30,043] {processor.py:153} INFO - Started process (PID=8737) to work on /home/airflow/.local/lib/python3.7/site-packages/airflow/example_dags/example_sla_dag.py
[2022-06-24 07:25:30,044] {processor.py:641} INFO - Processing file /home/airflow/.local/lib/python3.7/site-packages/airflow/example_dags/example_sla_dag.py for tasks to queue
[2022-06-24 07:25:30,045] {logging_mixin.py:115} INFO - [2022-06-24 07:25:30,045] {dagbag.py:507} INFO - Filling up the DagBag from /home/airflow/.local/lib/python3.7/site-packages/airflow/example_dags/example_sla_dag.py
[2022-06-24 07:25:30,060] {processor.py:651} INFO - DAG(s) dict_keys(['example_sla_dag']) retrieved from /home/airflow/.local/lib/python3.7/site-packages/airflow/example_dags/example_sla_dag.py
[2022-06-24 07:25:30,084] {logging_mixin.py:115} INFO - [2022-06-24 07:25:30,084] {dag.py:2379} INFO - Sync 1 DAGs
[2022-06-24 07:25:30,104] {logging_mixin.py:115} INFO - [2022-06-24 07:25:30,104] {dag.py:2931} INFO - Setting next_dagrun for example_sla_dag to 2022-06-24T07:22:00+00:00, run_after=2022-06-24T07:24:00+00:00
[2022-06-24 07:25:30,118] {processor.py:161} INFO - Processing /home/airflow/.local/lib/python3.7/site-packages/airflow/example_dags/example_sla_dag.py took 0.080 seconds
[2022-06-24 07:26:00,229] {processor.py:153} INFO - Started process (PID=8801) to work on /home/airflow/.local/lib/python3.7/site-packages/airflow/example_dags/example_sla_dag.py
[2022-06-24 07:26:00,230] {processor.py:641} INFO - Processing file /home/airflow/.local/lib/python3.7/site-packages/airflow/example_dags/example_sla_dag.py for tasks to queue
[2022-06-24 07:26:00,231] {logging_mixin.py:115} INFO - [2022-06-24 07:26:00,230] {dagbag.py:507} INFO - Filling up the DagBag from /home/airflow/.local/lib/python3.7/site-packages/airflow/example_dags/example_sla_dag.py
[2022-06-24 07:26:00,249] {processor.py:651} INFO - DAG(s) dict_keys(['example_sla_dag']) retrieved from /home/airflow/.local/lib/python3.7/site-packages/airflow/example_dags/example_sla_dag.py
[2022-06-24 07:26:00,333] {logging_mixin.py:115} INFO - [2022-06-24 07:26:00,333] {dag.py:2379} INFO - Sync 1 DAGs
[2022-06-24 07:26:00,363] {logging_mixin.py:115} INFO - [2022-06-24 07:26:00,363] {dag.py:2931} INFO - Setting next_dagrun for example_sla_dag to 2022-06-24T07:24:00+00:00, run_after=2022-06-24T07:26:00+00:00
[2022-06-24 07:26:00,376] {processor.py:161} INFO - Processing /home/airflow/.local/lib/python3.7/site-packages/airflow/example_dags/example_sla_dag.py took 0.151 seconds
