[2022-06-24 06:58:34,256] {processor.py:153} INFO - Started process (PID=5486) to work on /home/airflow/.local/lib/python3.7/site-packages/airflow/example_dags/example_bash_operator.py
[2022-06-24 06:58:34,257] {processor.py:641} INFO - Processing file /home/airflow/.local/lib/python3.7/site-packages/airflow/example_dags/example_bash_operator.py for tasks to queue
[2022-06-24 06:58:34,257] {logging_mixin.py:115} INFO - [2022-06-24 06:58:34,257] {dagbag.py:507} INFO - Filling up the DagBag from /home/airflow/.local/lib/python3.7/site-packages/airflow/example_dags/example_bash_operator.py
[2022-06-24 06:58:34,277] {processor.py:651} INFO - DAG(s) dict_keys(['example_bash_operator']) retrieved from /home/airflow/.local/lib/python3.7/site-packages/airflow/example_dags/example_bash_operator.py
[2022-06-24 06:58:34,306] {logging_mixin.py:115} INFO - [2022-06-24 06:58:34,306] {dag.py:2379} INFO - Sync 1 DAGs
[2022-06-24 06:58:34,325] {logging_mixin.py:115} INFO - [2022-06-24 06:58:34,325] {dag.py:2931} INFO - Setting next_dagrun for example_bash_operator to 2022-06-23T00:00:00+00:00, run_after=2022-06-24T00:00:00+00:00
[2022-06-24 06:58:34,338] {processor.py:161} INFO - Processing /home/airflow/.local/lib/python3.7/site-packages/airflow/example_dags/example_bash_operator.py took 0.086 seconds
[2022-06-24 06:59:06,542] {processor.py:153} INFO - Started process (PID=5541) to work on /home/airflow/.local/lib/python3.7/site-packages/airflow/example_dags/example_bash_operator.py
[2022-06-24 06:59:06,550] {processor.py:641} INFO - Processing file /home/airflow/.local/lib/python3.7/site-packages/airflow/example_dags/example_bash_operator.py for tasks to queue
[2022-06-24 06:59:06,564] {logging_mixin.py:115} INFO - [2022-06-24 06:59:06,564] {dagbag.py:507} INFO - Filling up the DagBag from /home/airflow/.local/lib/python3.7/site-packages/airflow/example_dags/example_bash_operator.py
[2022-06-24 06:59:06,591] {processor.py:651} INFO - DAG(s) dict_keys(['example_bash_operator']) retrieved from /home/airflow/.local/lib/python3.7/site-packages/airflow/example_dags/example_bash_operator.py
[2022-06-24 06:59:06,636] {logging_mixin.py:115} INFO - [2022-06-24 06:59:06,636] {dag.py:2379} INFO - Sync 1 DAGs
[2022-06-24 06:59:06,671] {logging_mixin.py:115} INFO - [2022-06-24 06:59:06,671] {dag.py:2931} INFO - Setting next_dagrun for example_bash_operator to 2022-06-23T00:00:00+00:00, run_after=2022-06-24T00:00:00+00:00
[2022-06-24 06:59:06,698] {processor.py:161} INFO - Processing /home/airflow/.local/lib/python3.7/site-packages/airflow/example_dags/example_bash_operator.py took 0.160 seconds
[2022-06-24 06:59:37,584] {processor.py:153} INFO - Started process (PID=5606) to work on /home/airflow/.local/lib/python3.7/site-packages/airflow/example_dags/example_bash_operator.py
[2022-06-24 06:59:37,585] {processor.py:641} INFO - Processing file /home/airflow/.local/lib/python3.7/site-packages/airflow/example_dags/example_bash_operator.py for tasks to queue
[2022-06-24 06:59:37,585] {logging_mixin.py:115} INFO - [2022-06-24 06:59:37,585] {dagbag.py:507} INFO - Filling up the DagBag from /home/airflow/.local/lib/python3.7/site-packages/airflow/example_dags/example_bash_operator.py
[2022-06-24 06:59:37,602] {processor.py:651} INFO - DAG(s) dict_keys(['example_bash_operator']) retrieved from /home/airflow/.local/lib/python3.7/site-packages/airflow/example_dags/example_bash_operator.py
[2022-06-24 06:59:37,644] {logging_mixin.py:115} INFO - [2022-06-24 06:59:37,644] {dag.py:2379} INFO - Sync 1 DAGs
[2022-06-24 06:59:37,700] {logging_mixin.py:115} INFO - [2022-06-24 06:59:37,700] {dag.py:2931} INFO - Setting next_dagrun for example_bash_operator to 2022-06-23T00:00:00+00:00, run_after=2022-06-24T00:00:00+00:00
[2022-06-24 06:59:37,736] {processor.py:161} INFO - Processing /home/airflow/.local/lib/python3.7/site-packages/airflow/example_dags/example_bash_operator.py took 0.156 seconds
[2022-06-24 07:00:07,780] {processor.py:153} INFO - Started process (PID=5661) to work on /home/airflow/.local/lib/python3.7/site-packages/airflow/example_dags/example_bash_operator.py
[2022-06-24 07:00:07,781] {processor.py:641} INFO - Processing file /home/airflow/.local/lib/python3.7/site-packages/airflow/example_dags/example_bash_operator.py for tasks to queue
[2022-06-24 07:00:07,782] {logging_mixin.py:115} INFO - [2022-06-24 07:00:07,782] {dagbag.py:507} INFO - Filling up the DagBag from /home/airflow/.local/lib/python3.7/site-packages/airflow/example_dags/example_bash_operator.py
[2022-06-24 07:00:07,792] {processor.py:651} INFO - DAG(s) dict_keys(['example_bash_operator']) retrieved from /home/airflow/.local/lib/python3.7/site-packages/airflow/example_dags/example_bash_operator.py
[2022-06-24 07:00:07,818] {logging_mixin.py:115} INFO - [2022-06-24 07:00:07,818] {dag.py:2379} INFO - Sync 1 DAGs
[2022-06-24 07:00:07,838] {logging_mixin.py:115} INFO - [2022-06-24 07:00:07,838] {dag.py:2931} INFO - Setting next_dagrun for example_bash_operator to 2022-06-23T00:00:00+00:00, run_after=2022-06-24T00:00:00+00:00
[2022-06-24 07:00:07,849] {processor.py:161} INFO - Processing /home/airflow/.local/lib/python3.7/site-packages/airflow/example_dags/example_bash_operator.py took 0.073 seconds
[2022-06-24 07:00:38,261] {processor.py:153} INFO - Started process (PID=5725) to work on /home/airflow/.local/lib/python3.7/site-packages/airflow/example_dags/example_bash_operator.py
[2022-06-24 07:00:38,262] {processor.py:641} INFO - Processing file /home/airflow/.local/lib/python3.7/site-packages/airflow/example_dags/example_bash_operator.py for tasks to queue
[2022-06-24 07:00:38,263] {logging_mixin.py:115} INFO - [2022-06-24 07:00:38,263] {dagbag.py:507} INFO - Filling up the DagBag from /home/airflow/.local/lib/python3.7/site-packages/airflow/example_dags/example_bash_operator.py
[2022-06-24 07:00:38,273] {processor.py:651} INFO - DAG(s) dict_keys(['example_bash_operator']) retrieved from /home/airflow/.local/lib/python3.7/site-packages/airflow/example_dags/example_bash_operator.py
[2022-06-24 07:00:38,300] {logging_mixin.py:115} INFO - [2022-06-24 07:00:38,300] {dag.py:2379} INFO - Sync 1 DAGs
[2022-06-24 07:00:38,321] {logging_mixin.py:115} INFO - [2022-06-24 07:00:38,321] {dag.py:2931} INFO - Setting next_dagrun for example_bash_operator to 2022-06-23T00:00:00+00:00, run_after=2022-06-24T00:00:00+00:00
[2022-06-24 07:00:38,338] {processor.py:161} INFO - Processing /home/airflow/.local/lib/python3.7/site-packages/airflow/example_dags/example_bash_operator.py took 0.079 seconds
[2022-06-24 07:01:08,446] {processor.py:153} INFO - Started process (PID=5790) to work on /home/airflow/.local/lib/python3.7/site-packages/airflow/example_dags/example_bash_operator.py
[2022-06-24 07:01:08,447] {processor.py:641} INFO - Processing file /home/airflow/.local/lib/python3.7/site-packages/airflow/example_dags/example_bash_operator.py for tasks to queue
[2022-06-24 07:01:08,447] {logging_mixin.py:115} INFO - [2022-06-24 07:01:08,447] {dagbag.py:507} INFO - Filling up the DagBag from /home/airflow/.local/lib/python3.7/site-packages/airflow/example_dags/example_bash_operator.py
[2022-06-24 07:01:08,457] {processor.py:651} INFO - DAG(s) dict_keys(['example_bash_operator']) retrieved from /home/airflow/.local/lib/python3.7/site-packages/airflow/example_dags/example_bash_operator.py
[2022-06-24 07:01:08,483] {logging_mixin.py:115} INFO - [2022-06-24 07:01:08,483] {dag.py:2379} INFO - Sync 1 DAGs
[2022-06-24 07:01:08,501] {logging_mixin.py:115} INFO - [2022-06-24 07:01:08,500] {dag.py:2931} INFO - Setting next_dagrun for example_bash_operator to 2022-06-23T00:00:00+00:00, run_after=2022-06-24T00:00:00+00:00
[2022-06-24 07:01:08,515] {processor.py:161} INFO - Processing /home/airflow/.local/lib/python3.7/site-packages/airflow/example_dags/example_bash_operator.py took 0.073 seconds
[2022-06-24 07:01:39,009] {processor.py:153} INFO - Started process (PID=5846) to work on /home/airflow/.local/lib/python3.7/site-packages/airflow/example_dags/example_bash_operator.py
[2022-06-24 07:01:39,011] {processor.py:641} INFO - Processing file /home/airflow/.local/lib/python3.7/site-packages/airflow/example_dags/example_bash_operator.py for tasks to queue
[2022-06-24 07:01:39,012] {logging_mixin.py:115} INFO - [2022-06-24 07:01:39,011] {dagbag.py:507} INFO - Filling up the DagBag from /home/airflow/.local/lib/python3.7/site-packages/airflow/example_dags/example_bash_operator.py
[2022-06-24 07:01:39,020] {processor.py:651} INFO - DAG(s) dict_keys(['example_bash_operator']) retrieved from /home/airflow/.local/lib/python3.7/site-packages/airflow/example_dags/example_bash_operator.py
[2022-06-24 07:01:39,046] {logging_mixin.py:115} INFO - [2022-06-24 07:01:39,046] {dag.py:2379} INFO - Sync 1 DAGs
[2022-06-24 07:01:39,062] {logging_mixin.py:115} INFO - [2022-06-24 07:01:39,062] {dag.py:2931} INFO - Setting next_dagrun for example_bash_operator to 2022-06-23T00:00:00+00:00, run_after=2022-06-24T00:00:00+00:00
[2022-06-24 07:01:39,075] {processor.py:161} INFO - Processing /home/airflow/.local/lib/python3.7/site-packages/airflow/example_dags/example_bash_operator.py took 0.068 seconds
[2022-06-24 07:02:09,499] {processor.py:153} INFO - Started process (PID=5910) to work on /home/airflow/.local/lib/python3.7/site-packages/airflow/example_dags/example_bash_operator.py
[2022-06-24 07:02:09,500] {processor.py:641} INFO - Processing file /home/airflow/.local/lib/python3.7/site-packages/airflow/example_dags/example_bash_operator.py for tasks to queue
[2022-06-24 07:02:09,501] {logging_mixin.py:115} INFO - [2022-06-24 07:02:09,501] {dagbag.py:507} INFO - Filling up the DagBag from /home/airflow/.local/lib/python3.7/site-packages/airflow/example_dags/example_bash_operator.py
[2022-06-24 07:02:09,511] {processor.py:651} INFO - DAG(s) dict_keys(['example_bash_operator']) retrieved from /home/airflow/.local/lib/python3.7/site-packages/airflow/example_dags/example_bash_operator.py
[2022-06-24 07:02:09,538] {logging_mixin.py:115} INFO - [2022-06-24 07:02:09,538] {dag.py:2379} INFO - Sync 1 DAGs
[2022-06-24 07:02:09,556] {logging_mixin.py:115} INFO - [2022-06-24 07:02:09,556] {dag.py:2931} INFO - Setting next_dagrun for example_bash_operator to 2022-06-23T00:00:00+00:00, run_after=2022-06-24T00:00:00+00:00
[2022-06-24 07:02:09,569] {processor.py:161} INFO - Processing /home/airflow/.local/lib/python3.7/site-packages/airflow/example_dags/example_bash_operator.py took 0.073 seconds
[2022-06-24 07:02:39,796] {processor.py:153} INFO - Started process (PID=5974) to work on /home/airflow/.local/lib/python3.7/site-packages/airflow/example_dags/example_bash_operator.py
[2022-06-24 07:02:39,796] {processor.py:641} INFO - Processing file /home/airflow/.local/lib/python3.7/site-packages/airflow/example_dags/example_bash_operator.py for tasks to queue
[2022-06-24 07:02:39,797] {logging_mixin.py:115} INFO - [2022-06-24 07:02:39,797] {dagbag.py:507} INFO - Filling up the DagBag from /home/airflow/.local/lib/python3.7/site-packages/airflow/example_dags/example_bash_operator.py
[2022-06-24 07:02:39,807] {processor.py:651} INFO - DAG(s) dict_keys(['example_bash_operator']) retrieved from /home/airflow/.local/lib/python3.7/site-packages/airflow/example_dags/example_bash_operator.py
[2022-06-24 07:02:39,834] {logging_mixin.py:115} INFO - [2022-06-24 07:02:39,834] {dag.py:2379} INFO - Sync 1 DAGs
[2022-06-24 07:02:39,851] {logging_mixin.py:115} INFO - [2022-06-24 07:02:39,851] {dag.py:2931} INFO - Setting next_dagrun for example_bash_operator to 2022-06-23T00:00:00+00:00, run_after=2022-06-24T00:00:00+00:00
[2022-06-24 07:02:39,864] {processor.py:161} INFO - Processing /home/airflow/.local/lib/python3.7/site-packages/airflow/example_dags/example_bash_operator.py took 0.072 seconds
[2022-06-24 07:03:10,064] {processor.py:153} INFO - Started process (PID=6029) to work on /home/airflow/.local/lib/python3.7/site-packages/airflow/example_dags/example_bash_operator.py
[2022-06-24 07:03:10,065] {processor.py:641} INFO - Processing file /home/airflow/.local/lib/python3.7/site-packages/airflow/example_dags/example_bash_operator.py for tasks to queue
[2022-06-24 07:03:10,066] {logging_mixin.py:115} INFO - [2022-06-24 07:03:10,065] {dagbag.py:507} INFO - Filling up the DagBag from /home/airflow/.local/lib/python3.7/site-packages/airflow/example_dags/example_bash_operator.py
[2022-06-24 07:03:10,078] {processor.py:651} INFO - DAG(s) dict_keys(['example_bash_operator']) retrieved from /home/airflow/.local/lib/python3.7/site-packages/airflow/example_dags/example_bash_operator.py
[2022-06-24 07:03:10,111] {logging_mixin.py:115} INFO - [2022-06-24 07:03:10,111] {dag.py:2379} INFO - Sync 1 DAGs
[2022-06-24 07:03:10,129] {logging_mixin.py:115} INFO - [2022-06-24 07:03:10,129] {dag.py:2931} INFO - Setting next_dagrun for example_bash_operator to 2022-06-23T00:00:00+00:00, run_after=2022-06-24T00:00:00+00:00
[2022-06-24 07:03:10,143] {processor.py:161} INFO - Processing /home/airflow/.local/lib/python3.7/site-packages/airflow/example_dags/example_bash_operator.py took 0.083 seconds
[2022-06-24 07:03:40,516] {processor.py:153} INFO - Started process (PID=6093) to work on /home/airflow/.local/lib/python3.7/site-packages/airflow/example_dags/example_bash_operator.py
[2022-06-24 07:03:40,518] {processor.py:641} INFO - Processing file /home/airflow/.local/lib/python3.7/site-packages/airflow/example_dags/example_bash_operator.py for tasks to queue
[2022-06-24 07:03:40,519] {logging_mixin.py:115} INFO - [2022-06-24 07:03:40,518] {dagbag.py:507} INFO - Filling up the DagBag from /home/airflow/.local/lib/python3.7/site-packages/airflow/example_dags/example_bash_operator.py
[2022-06-24 07:03:40,529] {processor.py:651} INFO - DAG(s) dict_keys(['example_bash_operator']) retrieved from /home/airflow/.local/lib/python3.7/site-packages/airflow/example_dags/example_bash_operator.py
[2022-06-24 07:03:40,555] {logging_mixin.py:115} INFO - [2022-06-24 07:03:40,555] {dag.py:2379} INFO - Sync 1 DAGs
[2022-06-24 07:03:40,572] {logging_mixin.py:115} INFO - [2022-06-24 07:03:40,572] {dag.py:2931} INFO - Setting next_dagrun for example_bash_operator to 2022-06-23T00:00:00+00:00, run_after=2022-06-24T00:00:00+00:00
[2022-06-24 07:03:40,583] {processor.py:161} INFO - Processing /home/airflow/.local/lib/python3.7/site-packages/airflow/example_dags/example_bash_operator.py took 0.070 seconds
[2022-06-24 07:04:10,828] {processor.py:153} INFO - Started process (PID=6157) to work on /home/airflow/.local/lib/python3.7/site-packages/airflow/example_dags/example_bash_operator.py
[2022-06-24 07:04:10,829] {processor.py:641} INFO - Processing file /home/airflow/.local/lib/python3.7/site-packages/airflow/example_dags/example_bash_operator.py for tasks to queue
[2022-06-24 07:04:10,830] {logging_mixin.py:115} INFO - [2022-06-24 07:04:10,830] {dagbag.py:507} INFO - Filling up the DagBag from /home/airflow/.local/lib/python3.7/site-packages/airflow/example_dags/example_bash_operator.py
[2022-06-24 07:04:10,841] {processor.py:651} INFO - DAG(s) dict_keys(['example_bash_operator']) retrieved from /home/airflow/.local/lib/python3.7/site-packages/airflow/example_dags/example_bash_operator.py
[2022-06-24 07:04:10,865] {logging_mixin.py:115} INFO - [2022-06-24 07:04:10,865] {dag.py:2379} INFO - Sync 1 DAGs
[2022-06-24 07:04:10,883] {logging_mixin.py:115} INFO - [2022-06-24 07:04:10,883] {dag.py:2931} INFO - Setting next_dagrun for example_bash_operator to 2022-06-23T00:00:00+00:00, run_after=2022-06-24T00:00:00+00:00
[2022-06-24 07:04:10,896] {processor.py:161} INFO - Processing /home/airflow/.local/lib/python3.7/site-packages/airflow/example_dags/example_bash_operator.py took 0.070 seconds
[2022-06-24 07:04:41,308] {processor.py:153} INFO - Started process (PID=6222) to work on /home/airflow/.local/lib/python3.7/site-packages/airflow/example_dags/example_bash_operator.py
[2022-06-24 07:04:41,308] {processor.py:641} INFO - Processing file /home/airflow/.local/lib/python3.7/site-packages/airflow/example_dags/example_bash_operator.py for tasks to queue
[2022-06-24 07:04:41,309] {logging_mixin.py:115} INFO - [2022-06-24 07:04:41,309] {dagbag.py:507} INFO - Filling up the DagBag from /home/airflow/.local/lib/python3.7/site-packages/airflow/example_dags/example_bash_operator.py
[2022-06-24 07:04:41,319] {processor.py:651} INFO - DAG(s) dict_keys(['example_bash_operator']) retrieved from /home/airflow/.local/lib/python3.7/site-packages/airflow/example_dags/example_bash_operator.py
[2022-06-24 07:04:41,348] {logging_mixin.py:115} INFO - [2022-06-24 07:04:41,347] {dag.py:2379} INFO - Sync 1 DAGs
[2022-06-24 07:04:41,363] {logging_mixin.py:115} INFO - [2022-06-24 07:04:41,363] {dag.py:2931} INFO - Setting next_dagrun for example_bash_operator to 2022-06-23T00:00:00+00:00, run_after=2022-06-24T00:00:00+00:00
[2022-06-24 07:04:41,375] {processor.py:161} INFO - Processing /home/airflow/.local/lib/python3.7/site-packages/airflow/example_dags/example_bash_operator.py took 0.071 seconds
[2022-06-24 07:05:11,799] {processor.py:153} INFO - Started process (PID=6277) to work on /home/airflow/.local/lib/python3.7/site-packages/airflow/example_dags/example_bash_operator.py
[2022-06-24 07:05:11,800] {processor.py:641} INFO - Processing file /home/airflow/.local/lib/python3.7/site-packages/airflow/example_dags/example_bash_operator.py for tasks to queue
[2022-06-24 07:05:11,801] {logging_mixin.py:115} INFO - [2022-06-24 07:05:11,801] {dagbag.py:507} INFO - Filling up the DagBag from /home/airflow/.local/lib/python3.7/site-packages/airflow/example_dags/example_bash_operator.py
[2022-06-24 07:05:11,811] {processor.py:651} INFO - DAG(s) dict_keys(['example_bash_operator']) retrieved from /home/airflow/.local/lib/python3.7/site-packages/airflow/example_dags/example_bash_operator.py
[2022-06-24 07:05:11,834] {logging_mixin.py:115} INFO - [2022-06-24 07:05:11,834] {dag.py:2379} INFO - Sync 1 DAGs
[2022-06-24 07:05:11,850] {logging_mixin.py:115} INFO - [2022-06-24 07:05:11,850] {dag.py:2931} INFO - Setting next_dagrun for example_bash_operator to 2022-06-23T00:00:00+00:00, run_after=2022-06-24T00:00:00+00:00
[2022-06-24 07:05:11,864] {processor.py:161} INFO - Processing /home/airflow/.local/lib/python3.7/site-packages/airflow/example_dags/example_bash_operator.py took 0.069 seconds
[2022-06-24 07:05:42,186] {processor.py:153} INFO - Started process (PID=6341) to work on /home/airflow/.local/lib/python3.7/site-packages/airflow/example_dags/example_bash_operator.py
[2022-06-24 07:05:42,186] {processor.py:641} INFO - Processing file /home/airflow/.local/lib/python3.7/site-packages/airflow/example_dags/example_bash_operator.py for tasks to queue
[2022-06-24 07:05:42,187] {logging_mixin.py:115} INFO - [2022-06-24 07:05:42,187] {dagbag.py:507} INFO - Filling up the DagBag from /home/airflow/.local/lib/python3.7/site-packages/airflow/example_dags/example_bash_operator.py
[2022-06-24 07:05:42,197] {processor.py:651} INFO - DAG(s) dict_keys(['example_bash_operator']) retrieved from /home/airflow/.local/lib/python3.7/site-packages/airflow/example_dags/example_bash_operator.py
[2022-06-24 07:05:42,224] {logging_mixin.py:115} INFO - [2022-06-24 07:05:42,224] {dag.py:2379} INFO - Sync 1 DAGs
[2022-06-24 07:05:42,241] {logging_mixin.py:115} INFO - [2022-06-24 07:05:42,241] {dag.py:2931} INFO - Setting next_dagrun for example_bash_operator to 2022-06-23T00:00:00+00:00, run_after=2022-06-24T00:00:00+00:00
[2022-06-24 07:05:42,253] {processor.py:161} INFO - Processing /home/airflow/.local/lib/python3.7/site-packages/airflow/example_dags/example_bash_operator.py took 0.071 seconds
[2022-06-24 07:06:12,431] {processor.py:153} INFO - Started process (PID=6405) to work on /home/airflow/.local/lib/python3.7/site-packages/airflow/example_dags/example_bash_operator.py
[2022-06-24 07:06:12,432] {processor.py:641} INFO - Processing file /home/airflow/.local/lib/python3.7/site-packages/airflow/example_dags/example_bash_operator.py for tasks to queue
[2022-06-24 07:06:12,433] {logging_mixin.py:115} INFO - [2022-06-24 07:06:12,433] {dagbag.py:507} INFO - Filling up the DagBag from /home/airflow/.local/lib/python3.7/site-packages/airflow/example_dags/example_bash_operator.py
[2022-06-24 07:06:12,443] {processor.py:651} INFO - DAG(s) dict_keys(['example_bash_operator']) retrieved from /home/airflow/.local/lib/python3.7/site-packages/airflow/example_dags/example_bash_operator.py
[2022-06-24 07:06:12,469] {logging_mixin.py:115} INFO - [2022-06-24 07:06:12,469] {dag.py:2379} INFO - Sync 1 DAGs
[2022-06-24 07:06:12,485] {logging_mixin.py:115} INFO - [2022-06-24 07:06:12,484] {dag.py:2931} INFO - Setting next_dagrun for example_bash_operator to 2022-06-23T00:00:00+00:00, run_after=2022-06-24T00:00:00+00:00
[2022-06-24 07:06:12,497] {processor.py:161} INFO - Processing /home/airflow/.local/lib/python3.7/site-packages/airflow/example_dags/example_bash_operator.py took 0.070 seconds
[2022-06-24 07:06:42,712] {processor.py:153} INFO - Started process (PID=6460) to work on /home/airflow/.local/lib/python3.7/site-packages/airflow/example_dags/example_bash_operator.py
[2022-06-24 07:06:42,714] {processor.py:641} INFO - Processing file /home/airflow/.local/lib/python3.7/site-packages/airflow/example_dags/example_bash_operator.py for tasks to queue
[2022-06-24 07:06:42,715] {logging_mixin.py:115} INFO - [2022-06-24 07:06:42,715] {dagbag.py:507} INFO - Filling up the DagBag from /home/airflow/.local/lib/python3.7/site-packages/airflow/example_dags/example_bash_operator.py
[2022-06-24 07:06:42,724] {processor.py:651} INFO - DAG(s) dict_keys(['example_bash_operator']) retrieved from /home/airflow/.local/lib/python3.7/site-packages/airflow/example_dags/example_bash_operator.py
[2022-06-24 07:06:42,749] {logging_mixin.py:115} INFO - [2022-06-24 07:06:42,748] {dag.py:2379} INFO - Sync 1 DAGs
[2022-06-24 07:06:42,765] {logging_mixin.py:115} INFO - [2022-06-24 07:06:42,765] {dag.py:2931} INFO - Setting next_dagrun for example_bash_operator to 2022-06-23T00:00:00+00:00, run_after=2022-06-24T00:00:00+00:00
[2022-06-24 07:06:42,781] {processor.py:161} INFO - Processing /home/airflow/.local/lib/python3.7/site-packages/airflow/example_dags/example_bash_operator.py took 0.072 seconds
[2022-06-24 07:07:13,005] {processor.py:153} INFO - Started process (PID=6524) to work on /home/airflow/.local/lib/python3.7/site-packages/airflow/example_dags/example_bash_operator.py
[2022-06-24 07:07:13,006] {processor.py:641} INFO - Processing file /home/airflow/.local/lib/python3.7/site-packages/airflow/example_dags/example_bash_operator.py for tasks to queue
[2022-06-24 07:07:13,007] {logging_mixin.py:115} INFO - [2022-06-24 07:07:13,007] {dagbag.py:507} INFO - Filling up the DagBag from /home/airflow/.local/lib/python3.7/site-packages/airflow/example_dags/example_bash_operator.py
[2022-06-24 07:07:13,018] {processor.py:651} INFO - DAG(s) dict_keys(['example_bash_operator']) retrieved from /home/airflow/.local/lib/python3.7/site-packages/airflow/example_dags/example_bash_operator.py
[2022-06-24 07:07:13,048] {logging_mixin.py:115} INFO - [2022-06-24 07:07:13,047] {dag.py:2379} INFO - Sync 1 DAGs
[2022-06-24 07:07:13,070] {logging_mixin.py:115} INFO - [2022-06-24 07:07:13,070] {dag.py:2931} INFO - Setting next_dagrun for example_bash_operator to 2022-06-23T00:00:00+00:00, run_after=2022-06-24T00:00:00+00:00
[2022-06-24 07:07:13,086] {processor.py:161} INFO - Processing /home/airflow/.local/lib/python3.7/site-packages/airflow/example_dags/example_bash_operator.py took 0.085 seconds
[2022-06-24 07:07:43,512] {processor.py:153} INFO - Started process (PID=6588) to work on /home/airflow/.local/lib/python3.7/site-packages/airflow/example_dags/example_bash_operator.py
[2022-06-24 07:07:43,513] {processor.py:641} INFO - Processing file /home/airflow/.local/lib/python3.7/site-packages/airflow/example_dags/example_bash_operator.py for tasks to queue
[2022-06-24 07:07:43,514] {logging_mixin.py:115} INFO - [2022-06-24 07:07:43,514] {dagbag.py:507} INFO - Filling up the DagBag from /home/airflow/.local/lib/python3.7/site-packages/airflow/example_dags/example_bash_operator.py
[2022-06-24 07:07:43,524] {processor.py:651} INFO - DAG(s) dict_keys(['example_bash_operator']) retrieved from /home/airflow/.local/lib/python3.7/site-packages/airflow/example_dags/example_bash_operator.py
[2022-06-24 07:07:43,549] {logging_mixin.py:115} INFO - [2022-06-24 07:07:43,549] {dag.py:2379} INFO - Sync 1 DAGs
[2022-06-24 07:07:43,566] {logging_mixin.py:115} INFO - [2022-06-24 07:07:43,566] {dag.py:2931} INFO - Setting next_dagrun for example_bash_operator to 2022-06-23T00:00:00+00:00, run_after=2022-06-24T00:00:00+00:00
[2022-06-24 07:07:43,579] {processor.py:161} INFO - Processing /home/airflow/.local/lib/python3.7/site-packages/airflow/example_dags/example_bash_operator.py took 0.070 seconds
[2022-06-24 07:08:14,036] {processor.py:153} INFO - Started process (PID=6652) to work on /home/airflow/.local/lib/python3.7/site-packages/airflow/example_dags/example_bash_operator.py
[2022-06-24 07:08:14,037] {processor.py:641} INFO - Processing file /home/airflow/.local/lib/python3.7/site-packages/airflow/example_dags/example_bash_operator.py for tasks to queue
[2022-06-24 07:08:14,037] {logging_mixin.py:115} INFO - [2022-06-24 07:08:14,037] {dagbag.py:507} INFO - Filling up the DagBag from /home/airflow/.local/lib/python3.7/site-packages/airflow/example_dags/example_bash_operator.py
[2022-06-24 07:08:14,051] {processor.py:651} INFO - DAG(s) dict_keys(['example_bash_operator']) retrieved from /home/airflow/.local/lib/python3.7/site-packages/airflow/example_dags/example_bash_operator.py
[2022-06-24 07:08:14,074] {logging_mixin.py:115} INFO - [2022-06-24 07:08:14,073] {dag.py:2379} INFO - Sync 1 DAGs
[2022-06-24 07:08:14,093] {logging_mixin.py:115} INFO - [2022-06-24 07:08:14,093] {dag.py:2931} INFO - Setting next_dagrun for example_bash_operator to 2022-06-23T00:00:00+00:00, run_after=2022-06-24T00:00:00+00:00
[2022-06-24 07:08:14,107] {processor.py:161} INFO - Processing /home/airflow/.local/lib/python3.7/site-packages/airflow/example_dags/example_bash_operator.py took 0.075 seconds
[2022-06-24 07:08:44,577] {processor.py:153} INFO - Started process (PID=6707) to work on /home/airflow/.local/lib/python3.7/site-packages/airflow/example_dags/example_bash_operator.py
[2022-06-24 07:08:44,578] {processor.py:641} INFO - Processing file /home/airflow/.local/lib/python3.7/site-packages/airflow/example_dags/example_bash_operator.py for tasks to queue
[2022-06-24 07:08:44,579] {logging_mixin.py:115} INFO - [2022-06-24 07:08:44,579] {dagbag.py:507} INFO - Filling up the DagBag from /home/airflow/.local/lib/python3.7/site-packages/airflow/example_dags/example_bash_operator.py
[2022-06-24 07:08:44,589] {processor.py:651} INFO - DAG(s) dict_keys(['example_bash_operator']) retrieved from /home/airflow/.local/lib/python3.7/site-packages/airflow/example_dags/example_bash_operator.py
[2022-06-24 07:08:44,614] {logging_mixin.py:115} INFO - [2022-06-24 07:08:44,613] {dag.py:2379} INFO - Sync 1 DAGs
[2022-06-24 07:08:44,632] {logging_mixin.py:115} INFO - [2022-06-24 07:08:44,632] {dag.py:2931} INFO - Setting next_dagrun for example_bash_operator to 2022-06-23T00:00:00+00:00, run_after=2022-06-24T00:00:00+00:00
[2022-06-24 07:08:44,648] {processor.py:161} INFO - Processing /home/airflow/.local/lib/python3.7/site-packages/airflow/example_dags/example_bash_operator.py took 0.074 seconds
[2022-06-24 07:09:14,994] {processor.py:153} INFO - Started process (PID=6771) to work on /home/airflow/.local/lib/python3.7/site-packages/airflow/example_dags/example_bash_operator.py
[2022-06-24 07:09:14,995] {processor.py:641} INFO - Processing file /home/airflow/.local/lib/python3.7/site-packages/airflow/example_dags/example_bash_operator.py for tasks to queue
[2022-06-24 07:09:14,996] {logging_mixin.py:115} INFO - [2022-06-24 07:09:14,996] {dagbag.py:507} INFO - Filling up the DagBag from /home/airflow/.local/lib/python3.7/site-packages/airflow/example_dags/example_bash_operator.py
[2022-06-24 07:09:15,008] {processor.py:651} INFO - DAG(s) dict_keys(['example_bash_operator']) retrieved from /home/airflow/.local/lib/python3.7/site-packages/airflow/example_dags/example_bash_operator.py
[2022-06-24 07:09:15,033] {logging_mixin.py:115} INFO - [2022-06-24 07:09:15,033] {dag.py:2379} INFO - Sync 1 DAGs
[2022-06-24 07:09:15,050] {logging_mixin.py:115} INFO - [2022-06-24 07:09:15,049] {dag.py:2931} INFO - Setting next_dagrun for example_bash_operator to 2022-06-23T00:00:00+00:00, run_after=2022-06-24T00:00:00+00:00
[2022-06-24 07:09:15,063] {processor.py:161} INFO - Processing /home/airflow/.local/lib/python3.7/site-packages/airflow/example_dags/example_bash_operator.py took 0.072 seconds
[2022-06-24 07:09:45,637] {processor.py:153} INFO - Started process (PID=6835) to work on /home/airflow/.local/lib/python3.7/site-packages/airflow/example_dags/example_bash_operator.py
[2022-06-24 07:09:45,638] {processor.py:641} INFO - Processing file /home/airflow/.local/lib/python3.7/site-packages/airflow/example_dags/example_bash_operator.py for tasks to queue
[2022-06-24 07:09:45,639] {logging_mixin.py:115} INFO - [2022-06-24 07:09:45,639] {dagbag.py:507} INFO - Filling up the DagBag from /home/airflow/.local/lib/python3.7/site-packages/airflow/example_dags/example_bash_operator.py
[2022-06-24 07:09:45,650] {processor.py:651} INFO - DAG(s) dict_keys(['example_bash_operator']) retrieved from /home/airflow/.local/lib/python3.7/site-packages/airflow/example_dags/example_bash_operator.py
[2022-06-24 07:09:45,675] {logging_mixin.py:115} INFO - [2022-06-24 07:09:45,675] {dag.py:2379} INFO - Sync 1 DAGs
[2022-06-24 07:09:45,692] {logging_mixin.py:115} INFO - [2022-06-24 07:09:45,692] {dag.py:2931} INFO - Setting next_dagrun for example_bash_operator to 2022-06-23T00:00:00+00:00, run_after=2022-06-24T00:00:00+00:00
[2022-06-24 07:09:45,704] {processor.py:161} INFO - Processing /home/airflow/.local/lib/python3.7/site-packages/airflow/example_dags/example_bash_operator.py took 0.071 seconds
[2022-06-24 07:10:16,069] {processor.py:153} INFO - Started process (PID=6890) to work on /home/airflow/.local/lib/python3.7/site-packages/airflow/example_dags/example_bash_operator.py
[2022-06-24 07:10:16,070] {processor.py:641} INFO - Processing file /home/airflow/.local/lib/python3.7/site-packages/airflow/example_dags/example_bash_operator.py for tasks to queue
[2022-06-24 07:10:16,071] {logging_mixin.py:115} INFO - [2022-06-24 07:10:16,071] {dagbag.py:507} INFO - Filling up the DagBag from /home/airflow/.local/lib/python3.7/site-packages/airflow/example_dags/example_bash_operator.py
[2022-06-24 07:10:16,082] {processor.py:651} INFO - DAG(s) dict_keys(['example_bash_operator']) retrieved from /home/airflow/.local/lib/python3.7/site-packages/airflow/example_dags/example_bash_operator.py
[2022-06-24 07:10:16,108] {logging_mixin.py:115} INFO - [2022-06-24 07:10:16,108] {dag.py:2379} INFO - Sync 1 DAGs
[2022-06-24 07:10:16,124] {logging_mixin.py:115} INFO - [2022-06-24 07:10:16,124] {dag.py:2931} INFO - Setting next_dagrun for example_bash_operator to 2022-06-23T00:00:00+00:00, run_after=2022-06-24T00:00:00+00:00
[2022-06-24 07:10:16,137] {processor.py:161} INFO - Processing /home/airflow/.local/lib/python3.7/site-packages/airflow/example_dags/example_bash_operator.py took 0.071 seconds
[2022-06-24 07:10:46,561] {processor.py:153} INFO - Started process (PID=6954) to work on /home/airflow/.local/lib/python3.7/site-packages/airflow/example_dags/example_bash_operator.py
[2022-06-24 07:10:46,563] {processor.py:641} INFO - Processing file /home/airflow/.local/lib/python3.7/site-packages/airflow/example_dags/example_bash_operator.py for tasks to queue
[2022-06-24 07:10:46,564] {logging_mixin.py:115} INFO - [2022-06-24 07:10:46,563] {dagbag.py:507} INFO - Filling up the DagBag from /home/airflow/.local/lib/python3.7/site-packages/airflow/example_dags/example_bash_operator.py
[2022-06-24 07:10:46,575] {processor.py:651} INFO - DAG(s) dict_keys(['example_bash_operator']) retrieved from /home/airflow/.local/lib/python3.7/site-packages/airflow/example_dags/example_bash_operator.py
[2022-06-24 07:10:46,601] {logging_mixin.py:115} INFO - [2022-06-24 07:10:46,601] {dag.py:2379} INFO - Sync 1 DAGs
[2022-06-24 07:10:46,617] {logging_mixin.py:115} INFO - [2022-06-24 07:10:46,617] {dag.py:2931} INFO - Setting next_dagrun for example_bash_operator to 2022-06-23T00:00:00+00:00, run_after=2022-06-24T00:00:00+00:00
[2022-06-24 07:10:46,632] {processor.py:161} INFO - Processing /home/airflow/.local/lib/python3.7/site-packages/airflow/example_dags/example_bash_operator.py took 0.075 seconds
[2022-06-24 07:11:16,736] {processor.py:153} INFO - Started process (PID=7018) to work on /home/airflow/.local/lib/python3.7/site-packages/airflow/example_dags/example_bash_operator.py
[2022-06-24 07:11:16,737] {processor.py:641} INFO - Processing file /home/airflow/.local/lib/python3.7/site-packages/airflow/example_dags/example_bash_operator.py for tasks to queue
[2022-06-24 07:11:16,738] {logging_mixin.py:115} INFO - [2022-06-24 07:11:16,737] {dagbag.py:507} INFO - Filling up the DagBag from /home/airflow/.local/lib/python3.7/site-packages/airflow/example_dags/example_bash_operator.py
[2022-06-24 07:11:16,748] {processor.py:651} INFO - DAG(s) dict_keys(['example_bash_operator']) retrieved from /home/airflow/.local/lib/python3.7/site-packages/airflow/example_dags/example_bash_operator.py
[2022-06-24 07:11:16,776] {logging_mixin.py:115} INFO - [2022-06-24 07:11:16,776] {dag.py:2379} INFO - Sync 1 DAGs
[2022-06-24 07:11:16,794] {logging_mixin.py:115} INFO - [2022-06-24 07:11:16,794] {dag.py:2931} INFO - Setting next_dagrun for example_bash_operator to 2022-06-23T00:00:00+00:00, run_after=2022-06-24T00:00:00+00:00
[2022-06-24 07:11:16,808] {processor.py:161} INFO - Processing /home/airflow/.local/lib/python3.7/site-packages/airflow/example_dags/example_bash_operator.py took 0.076 seconds
[2022-06-24 07:11:47,229] {processor.py:153} INFO - Started process (PID=7083) to work on /home/airflow/.local/lib/python3.7/site-packages/airflow/example_dags/example_bash_operator.py
[2022-06-24 07:11:47,230] {processor.py:641} INFO - Processing file /home/airflow/.local/lib/python3.7/site-packages/airflow/example_dags/example_bash_operator.py for tasks to queue
[2022-06-24 07:11:47,231] {logging_mixin.py:115} INFO - [2022-06-24 07:11:47,231] {dagbag.py:507} INFO - Filling up the DagBag from /home/airflow/.local/lib/python3.7/site-packages/airflow/example_dags/example_bash_operator.py
[2022-06-24 07:11:47,239] {processor.py:651} INFO - DAG(s) dict_keys(['example_bash_operator']) retrieved from /home/airflow/.local/lib/python3.7/site-packages/airflow/example_dags/example_bash_operator.py
[2022-06-24 07:11:47,262] {logging_mixin.py:115} INFO - [2022-06-24 07:11:47,262] {dag.py:2379} INFO - Sync 1 DAGs
[2022-06-24 07:11:47,277] {logging_mixin.py:115} INFO - [2022-06-24 07:11:47,277] {dag.py:2931} INFO - Setting next_dagrun for example_bash_operator to 2022-06-23T00:00:00+00:00, run_after=2022-06-24T00:00:00+00:00
[2022-06-24 07:11:47,294] {processor.py:161} INFO - Processing /home/airflow/.local/lib/python3.7/site-packages/airflow/example_dags/example_bash_operator.py took 0.069 seconds
[2022-06-24 07:12:17,433] {processor.py:153} INFO - Started process (PID=7138) to work on /home/airflow/.local/lib/python3.7/site-packages/airflow/example_dags/example_bash_operator.py
[2022-06-24 07:12:17,434] {processor.py:641} INFO - Processing file /home/airflow/.local/lib/python3.7/site-packages/airflow/example_dags/example_bash_operator.py for tasks to queue
[2022-06-24 07:12:17,434] {logging_mixin.py:115} INFO - [2022-06-24 07:12:17,434] {dagbag.py:507} INFO - Filling up the DagBag from /home/airflow/.local/lib/python3.7/site-packages/airflow/example_dags/example_bash_operator.py
[2022-06-24 07:12:17,449] {processor.py:651} INFO - DAG(s) dict_keys(['example_bash_operator']) retrieved from /home/airflow/.local/lib/python3.7/site-packages/airflow/example_dags/example_bash_operator.py
[2022-06-24 07:12:17,485] {logging_mixin.py:115} INFO - [2022-06-24 07:12:17,485] {dag.py:2379} INFO - Sync 1 DAGs
[2022-06-24 07:12:17,501] {logging_mixin.py:115} INFO - [2022-06-24 07:12:17,501] {dag.py:2931} INFO - Setting next_dagrun for example_bash_operator to 2022-06-23T00:00:00+00:00, run_after=2022-06-24T00:00:00+00:00
[2022-06-24 07:12:17,515] {processor.py:161} INFO - Processing /home/airflow/.local/lib/python3.7/site-packages/airflow/example_dags/example_bash_operator.py took 0.087 seconds
[2022-06-24 07:12:47,609] {processor.py:153} INFO - Started process (PID=7202) to work on /home/airflow/.local/lib/python3.7/site-packages/airflow/example_dags/example_bash_operator.py
[2022-06-24 07:12:47,610] {processor.py:641} INFO - Processing file /home/airflow/.local/lib/python3.7/site-packages/airflow/example_dags/example_bash_operator.py for tasks to queue
[2022-06-24 07:12:47,611] {logging_mixin.py:115} INFO - [2022-06-24 07:12:47,611] {dagbag.py:507} INFO - Filling up the DagBag from /home/airflow/.local/lib/python3.7/site-packages/airflow/example_dags/example_bash_operator.py
[2022-06-24 07:12:47,620] {processor.py:651} INFO - DAG(s) dict_keys(['example_bash_operator']) retrieved from /home/airflow/.local/lib/python3.7/site-packages/airflow/example_dags/example_bash_operator.py
[2022-06-24 07:12:47,650] {logging_mixin.py:115} INFO - [2022-06-24 07:12:47,650] {dag.py:2379} INFO - Sync 1 DAGs
[2022-06-24 07:12:47,667] {logging_mixin.py:115} INFO - [2022-06-24 07:12:47,667] {dag.py:2931} INFO - Setting next_dagrun for example_bash_operator to 2022-06-23T00:00:00+00:00, run_after=2022-06-24T00:00:00+00:00
[2022-06-24 07:12:47,684] {processor.py:161} INFO - Processing /home/airflow/.local/lib/python3.7/site-packages/airflow/example_dags/example_bash_operator.py took 0.078 seconds
[2022-06-24 07:13:17,915] {processor.py:153} INFO - Started process (PID=7266) to work on /home/airflow/.local/lib/python3.7/site-packages/airflow/example_dags/example_bash_operator.py
[2022-06-24 07:13:17,916] {processor.py:641} INFO - Processing file /home/airflow/.local/lib/python3.7/site-packages/airflow/example_dags/example_bash_operator.py for tasks to queue
[2022-06-24 07:13:17,917] {logging_mixin.py:115} INFO - [2022-06-24 07:13:17,917] {dagbag.py:507} INFO - Filling up the DagBag from /home/airflow/.local/lib/python3.7/site-packages/airflow/example_dags/example_bash_operator.py
[2022-06-24 07:13:17,926] {processor.py:651} INFO - DAG(s) dict_keys(['example_bash_operator']) retrieved from /home/airflow/.local/lib/python3.7/site-packages/airflow/example_dags/example_bash_operator.py
[2022-06-24 07:13:17,952] {logging_mixin.py:115} INFO - [2022-06-24 07:13:17,951] {dag.py:2379} INFO - Sync 1 DAGs
[2022-06-24 07:13:17,967] {logging_mixin.py:115} INFO - [2022-06-24 07:13:17,967] {dag.py:2931} INFO - Setting next_dagrun for example_bash_operator to 2022-06-23T00:00:00+00:00, run_after=2022-06-24T00:00:00+00:00
[2022-06-24 07:13:17,982] {processor.py:161} INFO - Processing /home/airflow/.local/lib/python3.7/site-packages/airflow/example_dags/example_bash_operator.py took 0.071 seconds
[2022-06-24 07:13:48,591] {processor.py:153} INFO - Started process (PID=7330) to work on /home/airflow/.local/lib/python3.7/site-packages/airflow/example_dags/example_bash_operator.py
[2022-06-24 07:13:48,592] {processor.py:641} INFO - Processing file /home/airflow/.local/lib/python3.7/site-packages/airflow/example_dags/example_bash_operator.py for tasks to queue
[2022-06-24 07:13:48,593] {logging_mixin.py:115} INFO - [2022-06-24 07:13:48,593] {dagbag.py:507} INFO - Filling up the DagBag from /home/airflow/.local/lib/python3.7/site-packages/airflow/example_dags/example_bash_operator.py
[2022-06-24 07:13:48,609] {processor.py:651} INFO - DAG(s) dict_keys(['example_bash_operator']) retrieved from /home/airflow/.local/lib/python3.7/site-packages/airflow/example_dags/example_bash_operator.py
[2022-06-24 07:13:48,638] {logging_mixin.py:115} INFO - [2022-06-24 07:13:48,638] {dag.py:2379} INFO - Sync 1 DAGs
[2022-06-24 07:13:48,656] {logging_mixin.py:115} INFO - [2022-06-24 07:13:48,656] {dag.py:2931} INFO - Setting next_dagrun for example_bash_operator to 2022-06-23T00:00:00+00:00, run_after=2022-06-24T00:00:00+00:00
[2022-06-24 07:13:48,671] {processor.py:161} INFO - Processing /home/airflow/.local/lib/python3.7/site-packages/airflow/example_dags/example_bash_operator.py took 0.084 seconds
[2022-06-24 07:14:19,196] {processor.py:153} INFO - Started process (PID=7385) to work on /home/airflow/.local/lib/python3.7/site-packages/airflow/example_dags/example_bash_operator.py
[2022-06-24 07:14:19,197] {processor.py:641} INFO - Processing file /home/airflow/.local/lib/python3.7/site-packages/airflow/example_dags/example_bash_operator.py for tasks to queue
[2022-06-24 07:14:19,198] {logging_mixin.py:115} INFO - [2022-06-24 07:14:19,198] {dagbag.py:507} INFO - Filling up the DagBag from /home/airflow/.local/lib/python3.7/site-packages/airflow/example_dags/example_bash_operator.py
[2022-06-24 07:14:19,210] {processor.py:651} INFO - DAG(s) dict_keys(['example_bash_operator']) retrieved from /home/airflow/.local/lib/python3.7/site-packages/airflow/example_dags/example_bash_operator.py
[2022-06-24 07:14:19,231] {logging_mixin.py:115} INFO - [2022-06-24 07:14:19,231] {dag.py:2379} INFO - Sync 1 DAGs
[2022-06-24 07:14:19,246] {logging_mixin.py:115} INFO - [2022-06-24 07:14:19,245] {dag.py:2931} INFO - Setting next_dagrun for example_bash_operator to 2022-06-23T00:00:00+00:00, run_after=2022-06-24T00:00:00+00:00
[2022-06-24 07:14:19,261] {processor.py:161} INFO - Processing /home/airflow/.local/lib/python3.7/site-packages/airflow/example_dags/example_bash_operator.py took 0.068 seconds
[2022-06-24 07:14:49,747] {processor.py:153} INFO - Started process (PID=7449) to work on /home/airflow/.local/lib/python3.7/site-packages/airflow/example_dags/example_bash_operator.py
[2022-06-24 07:14:49,748] {processor.py:641} INFO - Processing file /home/airflow/.local/lib/python3.7/site-packages/airflow/example_dags/example_bash_operator.py for tasks to queue
[2022-06-24 07:14:49,749] {logging_mixin.py:115} INFO - [2022-06-24 07:14:49,749] {dagbag.py:507} INFO - Filling up the DagBag from /home/airflow/.local/lib/python3.7/site-packages/airflow/example_dags/example_bash_operator.py
[2022-06-24 07:14:49,761] {processor.py:651} INFO - DAG(s) dict_keys(['example_bash_operator']) retrieved from /home/airflow/.local/lib/python3.7/site-packages/airflow/example_dags/example_bash_operator.py
[2022-06-24 07:14:49,785] {logging_mixin.py:115} INFO - [2022-06-24 07:14:49,785] {dag.py:2379} INFO - Sync 1 DAGs
[2022-06-24 07:14:49,803] {logging_mixin.py:115} INFO - [2022-06-24 07:14:49,802] {dag.py:2931} INFO - Setting next_dagrun for example_bash_operator to 2022-06-23T00:00:00+00:00, run_after=2022-06-24T00:00:00+00:00
[2022-06-24 07:14:49,816] {processor.py:161} INFO - Processing /home/airflow/.local/lib/python3.7/site-packages/airflow/example_dags/example_bash_operator.py took 0.073 seconds
[2022-06-24 07:15:20,082] {processor.py:153} INFO - Started process (PID=7514) to work on /home/airflow/.local/lib/python3.7/site-packages/airflow/example_dags/example_bash_operator.py
[2022-06-24 07:15:20,083] {processor.py:641} INFO - Processing file /home/airflow/.local/lib/python3.7/site-packages/airflow/example_dags/example_bash_operator.py for tasks to queue
[2022-06-24 07:15:20,084] {logging_mixin.py:115} INFO - [2022-06-24 07:15:20,084] {dagbag.py:507} INFO - Filling up the DagBag from /home/airflow/.local/lib/python3.7/site-packages/airflow/example_dags/example_bash_operator.py
[2022-06-24 07:15:20,096] {processor.py:651} INFO - DAG(s) dict_keys(['example_bash_operator']) retrieved from /home/airflow/.local/lib/python3.7/site-packages/airflow/example_dags/example_bash_operator.py
[2022-06-24 07:15:20,116] {logging_mixin.py:115} INFO - [2022-06-24 07:15:20,116] {dag.py:2379} INFO - Sync 1 DAGs
[2022-06-24 07:15:20,134] {logging_mixin.py:115} INFO - [2022-06-24 07:15:20,134] {dag.py:2931} INFO - Setting next_dagrun for example_bash_operator to 2022-06-23T00:00:00+00:00, run_after=2022-06-24T00:00:00+00:00
[2022-06-24 07:15:20,152] {processor.py:161} INFO - Processing /home/airflow/.local/lib/python3.7/site-packages/airflow/example_dags/example_bash_operator.py took 0.073 seconds
[2022-06-24 07:15:50,676] {processor.py:153} INFO - Started process (PID=7569) to work on /home/airflow/.local/lib/python3.7/site-packages/airflow/example_dags/example_bash_operator.py
[2022-06-24 07:15:50,678] {processor.py:641} INFO - Processing file /home/airflow/.local/lib/python3.7/site-packages/airflow/example_dags/example_bash_operator.py for tasks to queue
[2022-06-24 07:15:50,678] {logging_mixin.py:115} INFO - [2022-06-24 07:15:50,678] {dagbag.py:507} INFO - Filling up the DagBag from /home/airflow/.local/lib/python3.7/site-packages/airflow/example_dags/example_bash_operator.py
[2022-06-24 07:15:50,696] {processor.py:651} INFO - DAG(s) dict_keys(['example_bash_operator']) retrieved from /home/airflow/.local/lib/python3.7/site-packages/airflow/example_dags/example_bash_operator.py
[2022-06-24 07:15:50,725] {logging_mixin.py:115} INFO - [2022-06-24 07:15:50,725] {dag.py:2379} INFO - Sync 1 DAGs
[2022-06-24 07:15:50,750] {logging_mixin.py:115} INFO - [2022-06-24 07:15:50,750] {dag.py:2931} INFO - Setting next_dagrun for example_bash_operator to 2022-06-23T00:00:00+00:00, run_after=2022-06-24T00:00:00+00:00
[2022-06-24 07:15:50,766] {processor.py:161} INFO - Processing /home/airflow/.local/lib/python3.7/site-packages/airflow/example_dags/example_bash_operator.py took 0.094 seconds
[2022-06-24 07:16:21,043] {processor.py:153} INFO - Started process (PID=7633) to work on /home/airflow/.local/lib/python3.7/site-packages/airflow/example_dags/example_bash_operator.py
[2022-06-24 07:16:21,044] {processor.py:641} INFO - Processing file /home/airflow/.local/lib/python3.7/site-packages/airflow/example_dags/example_bash_operator.py for tasks to queue
[2022-06-24 07:16:21,045] {logging_mixin.py:115} INFO - [2022-06-24 07:16:21,045] {dagbag.py:507} INFO - Filling up the DagBag from /home/airflow/.local/lib/python3.7/site-packages/airflow/example_dags/example_bash_operator.py
[2022-06-24 07:16:21,063] {processor.py:651} INFO - DAG(s) dict_keys(['example_bash_operator']) retrieved from /home/airflow/.local/lib/python3.7/site-packages/airflow/example_dags/example_bash_operator.py
[2022-06-24 07:16:21,090] {logging_mixin.py:115} INFO - [2022-06-24 07:16:21,090] {dag.py:2379} INFO - Sync 1 DAGs
[2022-06-24 07:16:21,111] {logging_mixin.py:115} INFO - [2022-06-24 07:16:21,111] {dag.py:2931} INFO - Setting next_dagrun for example_bash_operator to 2022-06-23T00:00:00+00:00, run_after=2022-06-24T00:00:00+00:00
[2022-06-24 07:16:21,126] {processor.py:161} INFO - Processing /home/airflow/.local/lib/python3.7/site-packages/airflow/example_dags/example_bash_operator.py took 0.086 seconds
[2022-06-24 07:16:51,602] {processor.py:153} INFO - Started process (PID=7697) to work on /home/airflow/.local/lib/python3.7/site-packages/airflow/example_dags/example_bash_operator.py
[2022-06-24 07:16:51,603] {processor.py:641} INFO - Processing file /home/airflow/.local/lib/python3.7/site-packages/airflow/example_dags/example_bash_operator.py for tasks to queue
[2022-06-24 07:16:51,604] {logging_mixin.py:115} INFO - [2022-06-24 07:16:51,604] {dagbag.py:507} INFO - Filling up the DagBag from /home/airflow/.local/lib/python3.7/site-packages/airflow/example_dags/example_bash_operator.py
[2022-06-24 07:16:51,620] {processor.py:651} INFO - DAG(s) dict_keys(['example_bash_operator']) retrieved from /home/airflow/.local/lib/python3.7/site-packages/airflow/example_dags/example_bash_operator.py
[2022-06-24 07:16:51,647] {logging_mixin.py:115} INFO - [2022-06-24 07:16:51,647] {dag.py:2379} INFO - Sync 1 DAGs
[2022-06-24 07:16:51,667] {logging_mixin.py:115} INFO - [2022-06-24 07:16:51,667] {dag.py:2931} INFO - Setting next_dagrun for example_bash_operator to 2022-06-23T00:00:00+00:00, run_after=2022-06-24T00:00:00+00:00
[2022-06-24 07:16:51,679] {processor.py:161} INFO - Processing /home/airflow/.local/lib/python3.7/site-packages/airflow/example_dags/example_bash_operator.py took 0.080 seconds
[2022-06-24 07:17:22,299] {processor.py:153} INFO - Started process (PID=7761) to work on /home/airflow/.local/lib/python3.7/site-packages/airflow/example_dags/example_bash_operator.py
[2022-06-24 07:17:22,300] {processor.py:641} INFO - Processing file /home/airflow/.local/lib/python3.7/site-packages/airflow/example_dags/example_bash_operator.py for tasks to queue
[2022-06-24 07:17:22,301] {logging_mixin.py:115} INFO - [2022-06-24 07:17:22,301] {dagbag.py:507} INFO - Filling up the DagBag from /home/airflow/.local/lib/python3.7/site-packages/airflow/example_dags/example_bash_operator.py
[2022-06-24 07:17:22,316] {processor.py:651} INFO - DAG(s) dict_keys(['example_bash_operator']) retrieved from /home/airflow/.local/lib/python3.7/site-packages/airflow/example_dags/example_bash_operator.py
[2022-06-24 07:17:22,344] {logging_mixin.py:115} INFO - [2022-06-24 07:17:22,344] {dag.py:2379} INFO - Sync 1 DAGs
[2022-06-24 07:17:22,364] {logging_mixin.py:115} INFO - [2022-06-24 07:17:22,363] {dag.py:2931} INFO - Setting next_dagrun for example_bash_operator to 2022-06-23T00:00:00+00:00, run_after=2022-06-24T00:00:00+00:00
[2022-06-24 07:17:22,379] {processor.py:161} INFO - Processing /home/airflow/.local/lib/python3.7/site-packages/airflow/example_dags/example_bash_operator.py took 0.084 seconds
[2022-06-24 07:17:52,916] {processor.py:153} INFO - Started process (PID=7816) to work on /home/airflow/.local/lib/python3.7/site-packages/airflow/example_dags/example_bash_operator.py
[2022-06-24 07:17:52,917] {processor.py:641} INFO - Processing file /home/airflow/.local/lib/python3.7/site-packages/airflow/example_dags/example_bash_operator.py for tasks to queue
[2022-06-24 07:17:52,918] {logging_mixin.py:115} INFO - [2022-06-24 07:17:52,918] {dagbag.py:507} INFO - Filling up the DagBag from /home/airflow/.local/lib/python3.7/site-packages/airflow/example_dags/example_bash_operator.py
[2022-06-24 07:17:52,933] {processor.py:651} INFO - DAG(s) dict_keys(['example_bash_operator']) retrieved from /home/airflow/.local/lib/python3.7/site-packages/airflow/example_dags/example_bash_operator.py
[2022-06-24 07:17:52,956] {logging_mixin.py:115} INFO - [2022-06-24 07:17:52,956] {dag.py:2379} INFO - Sync 1 DAGs
[2022-06-24 07:17:52,978] {logging_mixin.py:115} INFO - [2022-06-24 07:17:52,978] {dag.py:2931} INFO - Setting next_dagrun for example_bash_operator to 2022-06-23T00:00:00+00:00, run_after=2022-06-24T00:00:00+00:00
[2022-06-24 07:17:52,992] {processor.py:161} INFO - Processing /home/airflow/.local/lib/python3.7/site-packages/airflow/example_dags/example_bash_operator.py took 0.080 seconds
[2022-06-24 07:18:23,713] {processor.py:153} INFO - Started process (PID=7880) to work on /home/airflow/.local/lib/python3.7/site-packages/airflow/example_dags/example_bash_operator.py
[2022-06-24 07:18:23,714] {processor.py:641} INFO - Processing file /home/airflow/.local/lib/python3.7/site-packages/airflow/example_dags/example_bash_operator.py for tasks to queue
[2022-06-24 07:18:23,715] {logging_mixin.py:115} INFO - [2022-06-24 07:18:23,715] {dagbag.py:507} INFO - Filling up the DagBag from /home/airflow/.local/lib/python3.7/site-packages/airflow/example_dags/example_bash_operator.py
[2022-06-24 07:18:23,727] {processor.py:651} INFO - DAG(s) dict_keys(['example_bash_operator']) retrieved from /home/airflow/.local/lib/python3.7/site-packages/airflow/example_dags/example_bash_operator.py
[2022-06-24 07:18:23,754] {logging_mixin.py:115} INFO - [2022-06-24 07:18:23,754] {dag.py:2379} INFO - Sync 1 DAGs
[2022-06-24 07:18:23,772] {logging_mixin.py:115} INFO - [2022-06-24 07:18:23,772] {dag.py:2931} INFO - Setting next_dagrun for example_bash_operator to 2022-06-23T00:00:00+00:00, run_after=2022-06-24T00:00:00+00:00
[2022-06-24 07:18:23,788] {processor.py:161} INFO - Processing /home/airflow/.local/lib/python3.7/site-packages/airflow/example_dags/example_bash_operator.py took 0.078 seconds
[2022-06-24 07:18:54,427] {processor.py:153} INFO - Started process (PID=7945) to work on /home/airflow/.local/lib/python3.7/site-packages/airflow/example_dags/example_bash_operator.py
[2022-06-24 07:18:54,428] {processor.py:641} INFO - Processing file /home/airflow/.local/lib/python3.7/site-packages/airflow/example_dags/example_bash_operator.py for tasks to queue
[2022-06-24 07:18:54,429] {logging_mixin.py:115} INFO - [2022-06-24 07:18:54,429] {dagbag.py:507} INFO - Filling up the DagBag from /home/airflow/.local/lib/python3.7/site-packages/airflow/example_dags/example_bash_operator.py
[2022-06-24 07:18:54,453] {processor.py:651} INFO - DAG(s) dict_keys(['example_bash_operator']) retrieved from /home/airflow/.local/lib/python3.7/site-packages/airflow/example_dags/example_bash_operator.py
[2022-06-24 07:18:54,501] {logging_mixin.py:115} INFO - [2022-06-24 07:18:54,501] {dag.py:2379} INFO - Sync 1 DAGs
[2022-06-24 07:18:54,530] {logging_mixin.py:115} INFO - [2022-06-24 07:18:54,530] {dag.py:2931} INFO - Setting next_dagrun for example_bash_operator to 2022-06-23T00:00:00+00:00, run_after=2022-06-24T00:00:00+00:00
[2022-06-24 07:18:54,549] {processor.py:161} INFO - Processing /home/airflow/.local/lib/python3.7/site-packages/airflow/example_dags/example_bash_operator.py took 0.125 seconds
[2022-06-24 07:19:24,774] {processor.py:153} INFO - Started process (PID=8000) to work on /home/airflow/.local/lib/python3.7/site-packages/airflow/example_dags/example_bash_operator.py
[2022-06-24 07:19:24,775] {processor.py:641} INFO - Processing file /home/airflow/.local/lib/python3.7/site-packages/airflow/example_dags/example_bash_operator.py for tasks to queue
[2022-06-24 07:19:24,776] {logging_mixin.py:115} INFO - [2022-06-24 07:19:24,776] {dagbag.py:507} INFO - Filling up the DagBag from /home/airflow/.local/lib/python3.7/site-packages/airflow/example_dags/example_bash_operator.py
[2022-06-24 07:19:24,787] {processor.py:651} INFO - DAG(s) dict_keys(['example_bash_operator']) retrieved from /home/airflow/.local/lib/python3.7/site-packages/airflow/example_dags/example_bash_operator.py
[2022-06-24 07:19:24,811] {logging_mixin.py:115} INFO - [2022-06-24 07:19:24,811] {dag.py:2379} INFO - Sync 1 DAGs
[2022-06-24 07:19:24,828] {logging_mixin.py:115} INFO - [2022-06-24 07:19:24,828] {dag.py:2931} INFO - Setting next_dagrun for example_bash_operator to 2022-06-23T00:00:00+00:00, run_after=2022-06-24T00:00:00+00:00
[2022-06-24 07:19:24,845] {processor.py:161} INFO - Processing /home/airflow/.local/lib/python3.7/site-packages/airflow/example_dags/example_bash_operator.py took 0.075 seconds
[2022-06-24 07:19:55,263] {processor.py:153} INFO - Started process (PID=8064) to work on /home/airflow/.local/lib/python3.7/site-packages/airflow/example_dags/example_bash_operator.py
[2022-06-24 07:19:55,264] {processor.py:641} INFO - Processing file /home/airflow/.local/lib/python3.7/site-packages/airflow/example_dags/example_bash_operator.py for tasks to queue
[2022-06-24 07:19:55,265] {logging_mixin.py:115} INFO - [2022-06-24 07:19:55,265] {dagbag.py:507} INFO - Filling up the DagBag from /home/airflow/.local/lib/python3.7/site-packages/airflow/example_dags/example_bash_operator.py
[2022-06-24 07:19:55,279] {processor.py:651} INFO - DAG(s) dict_keys(['example_bash_operator']) retrieved from /home/airflow/.local/lib/python3.7/site-packages/airflow/example_dags/example_bash_operator.py
[2022-06-24 07:19:55,304] {logging_mixin.py:115} INFO - [2022-06-24 07:19:55,304] {dag.py:2379} INFO - Sync 1 DAGs
[2022-06-24 07:19:55,324] {logging_mixin.py:115} INFO - [2022-06-24 07:19:55,323] {dag.py:2931} INFO - Setting next_dagrun for example_bash_operator to 2022-06-23T00:00:00+00:00, run_after=2022-06-24T00:00:00+00:00
[2022-06-24 07:19:55,339] {processor.py:161} INFO - Processing /home/airflow/.local/lib/python3.7/site-packages/airflow/example_dags/example_bash_operator.py took 0.081 seconds
[2022-06-24 07:20:25,533] {processor.py:153} INFO - Started process (PID=8128) to work on /home/airflow/.local/lib/python3.7/site-packages/airflow/example_dags/example_bash_operator.py
[2022-06-24 07:20:25,534] {processor.py:641} INFO - Processing file /home/airflow/.local/lib/python3.7/site-packages/airflow/example_dags/example_bash_operator.py for tasks to queue
[2022-06-24 07:20:25,534] {logging_mixin.py:115} INFO - [2022-06-24 07:20:25,534] {dagbag.py:507} INFO - Filling up the DagBag from /home/airflow/.local/lib/python3.7/site-packages/airflow/example_dags/example_bash_operator.py
[2022-06-24 07:20:25,550] {processor.py:651} INFO - DAG(s) dict_keys(['example_bash_operator']) retrieved from /home/airflow/.local/lib/python3.7/site-packages/airflow/example_dags/example_bash_operator.py
[2022-06-24 07:20:25,581] {logging_mixin.py:115} INFO - [2022-06-24 07:20:25,581] {dag.py:2379} INFO - Sync 1 DAGs
[2022-06-24 07:20:25,604] {logging_mixin.py:115} INFO - [2022-06-24 07:20:25,604] {dag.py:2931} INFO - Setting next_dagrun for example_bash_operator to 2022-06-23T00:00:00+00:00, run_after=2022-06-24T00:00:00+00:00
[2022-06-24 07:20:25,618] {processor.py:161} INFO - Processing /home/airflow/.local/lib/python3.7/site-packages/airflow/example_dags/example_bash_operator.py took 0.089 seconds
[2022-06-24 07:20:56,118] {processor.py:153} INFO - Started process (PID=8192) to work on /home/airflow/.local/lib/python3.7/site-packages/airflow/example_dags/example_bash_operator.py
[2022-06-24 07:20:56,119] {processor.py:641} INFO - Processing file /home/airflow/.local/lib/python3.7/site-packages/airflow/example_dags/example_bash_operator.py for tasks to queue
[2022-06-24 07:20:56,120] {logging_mixin.py:115} INFO - [2022-06-24 07:20:56,120] {dagbag.py:507} INFO - Filling up the DagBag from /home/airflow/.local/lib/python3.7/site-packages/airflow/example_dags/example_bash_operator.py
[2022-06-24 07:20:56,136] {processor.py:651} INFO - DAG(s) dict_keys(['example_bash_operator']) retrieved from /home/airflow/.local/lib/python3.7/site-packages/airflow/example_dags/example_bash_operator.py
[2022-06-24 07:20:56,163] {logging_mixin.py:115} INFO - [2022-06-24 07:20:56,163] {dag.py:2379} INFO - Sync 1 DAGs
[2022-06-24 07:20:56,182] {logging_mixin.py:115} INFO - [2022-06-24 07:20:56,182] {dag.py:2931} INFO - Setting next_dagrun for example_bash_operator to 2022-06-23T00:00:00+00:00, run_after=2022-06-24T00:00:00+00:00
[2022-06-24 07:20:56,195] {processor.py:161} INFO - Processing /home/airflow/.local/lib/python3.7/site-packages/airflow/example_dags/example_bash_operator.py took 0.080 seconds
[2022-06-24 07:21:26,876] {processor.py:153} INFO - Started process (PID=8247) to work on /home/airflow/.local/lib/python3.7/site-packages/airflow/example_dags/example_bash_operator.py
[2022-06-24 07:21:26,878] {processor.py:641} INFO - Processing file /home/airflow/.local/lib/python3.7/site-packages/airflow/example_dags/example_bash_operator.py for tasks to queue
[2022-06-24 07:21:26,879] {logging_mixin.py:115} INFO - [2022-06-24 07:21:26,879] {dagbag.py:507} INFO - Filling up the DagBag from /home/airflow/.local/lib/python3.7/site-packages/airflow/example_dags/example_bash_operator.py
[2022-06-24 07:21:26,893] {processor.py:651} INFO - DAG(s) dict_keys(['example_bash_operator']) retrieved from /home/airflow/.local/lib/python3.7/site-packages/airflow/example_dags/example_bash_operator.py
[2022-06-24 07:21:26,921] {logging_mixin.py:115} INFO - [2022-06-24 07:21:26,920] {dag.py:2379} INFO - Sync 1 DAGs
[2022-06-24 07:21:26,939] {logging_mixin.py:115} INFO - [2022-06-24 07:21:26,939] {dag.py:2931} INFO - Setting next_dagrun for example_bash_operator to 2022-06-23T00:00:00+00:00, run_after=2022-06-24T00:00:00+00:00
[2022-06-24 07:21:26,954] {processor.py:161} INFO - Processing /home/airflow/.local/lib/python3.7/site-packages/airflow/example_dags/example_bash_operator.py took 0.082 seconds
[2022-06-24 07:21:57,370] {processor.py:153} INFO - Started process (PID=8311) to work on /home/airflow/.local/lib/python3.7/site-packages/airflow/example_dags/example_bash_operator.py
[2022-06-24 07:21:57,370] {processor.py:641} INFO - Processing file /home/airflow/.local/lib/python3.7/site-packages/airflow/example_dags/example_bash_operator.py for tasks to queue
[2022-06-24 07:21:57,371] {logging_mixin.py:115} INFO - [2022-06-24 07:21:57,371] {dagbag.py:507} INFO - Filling up the DagBag from /home/airflow/.local/lib/python3.7/site-packages/airflow/example_dags/example_bash_operator.py
[2022-06-24 07:21:57,382] {processor.py:651} INFO - DAG(s) dict_keys(['example_bash_operator']) retrieved from /home/airflow/.local/lib/python3.7/site-packages/airflow/example_dags/example_bash_operator.py
[2022-06-24 07:21:57,411] {logging_mixin.py:115} INFO - [2022-06-24 07:21:57,411] {dag.py:2379} INFO - Sync 1 DAGs
[2022-06-24 07:21:57,436] {logging_mixin.py:115} INFO - [2022-06-24 07:21:57,436] {dag.py:2931} INFO - Setting next_dagrun for example_bash_operator to 2022-06-23T00:00:00+00:00, run_after=2022-06-24T00:00:00+00:00
[2022-06-24 07:21:57,448] {processor.py:161} INFO - Processing /home/airflow/.local/lib/python3.7/site-packages/airflow/example_dags/example_bash_operator.py took 0.082 seconds
[2022-06-24 07:22:27,983] {processor.py:153} INFO - Started process (PID=8375) to work on /home/airflow/.local/lib/python3.7/site-packages/airflow/example_dags/example_bash_operator.py
[2022-06-24 07:22:27,984] {processor.py:641} INFO - Processing file /home/airflow/.local/lib/python3.7/site-packages/airflow/example_dags/example_bash_operator.py for tasks to queue
[2022-06-24 07:22:27,986] {logging_mixin.py:115} INFO - [2022-06-24 07:22:27,986] {dagbag.py:507} INFO - Filling up the DagBag from /home/airflow/.local/lib/python3.7/site-packages/airflow/example_dags/example_bash_operator.py
[2022-06-24 07:22:27,995] {processor.py:651} INFO - DAG(s) dict_keys(['example_bash_operator']) retrieved from /home/airflow/.local/lib/python3.7/site-packages/airflow/example_dags/example_bash_operator.py
[2022-06-24 07:22:28,019] {logging_mixin.py:115} INFO - [2022-06-24 07:22:28,019] {dag.py:2379} INFO - Sync 1 DAGs
[2022-06-24 07:22:28,038] {logging_mixin.py:115} INFO - [2022-06-24 07:22:28,038] {dag.py:2931} INFO - Setting next_dagrun for example_bash_operator to 2022-06-23T00:00:00+00:00, run_after=2022-06-24T00:00:00+00:00
[2022-06-24 07:22:28,054] {processor.py:161} INFO - Processing /home/airflow/.local/lib/python3.7/site-packages/airflow/example_dags/example_bash_operator.py took 0.075 seconds
[2022-06-24 07:22:58,983] {processor.py:153} INFO - Started process (PID=8430) to work on /home/airflow/.local/lib/python3.7/site-packages/airflow/example_dags/example_bash_operator.py
[2022-06-24 07:22:58,984] {processor.py:641} INFO - Processing file /home/airflow/.local/lib/python3.7/site-packages/airflow/example_dags/example_bash_operator.py for tasks to queue
[2022-06-24 07:22:58,986] {logging_mixin.py:115} INFO - [2022-06-24 07:22:58,986] {dagbag.py:507} INFO - Filling up the DagBag from /home/airflow/.local/lib/python3.7/site-packages/airflow/example_dags/example_bash_operator.py
[2022-06-24 07:22:58,999] {processor.py:651} INFO - DAG(s) dict_keys(['example_bash_operator']) retrieved from /home/airflow/.local/lib/python3.7/site-packages/airflow/example_dags/example_bash_operator.py
[2022-06-24 07:22:59,039] {logging_mixin.py:115} INFO - [2022-06-24 07:22:59,039] {dag.py:2379} INFO - Sync 1 DAGs
[2022-06-24 07:22:59,058] {logging_mixin.py:115} INFO - [2022-06-24 07:22:59,058] {dag.py:2931} INFO - Setting next_dagrun for example_bash_operator to 2022-06-23T00:00:00+00:00, run_after=2022-06-24T00:00:00+00:00
[2022-06-24 07:22:59,074] {processor.py:161} INFO - Processing /home/airflow/.local/lib/python3.7/site-packages/airflow/example_dags/example_bash_operator.py took 0.102 seconds
[2022-06-24 07:23:29,226] {processor.py:153} INFO - Started process (PID=8494) to work on /home/airflow/.local/lib/python3.7/site-packages/airflow/example_dags/example_bash_operator.py
[2022-06-24 07:23:29,227] {processor.py:641} INFO - Processing file /home/airflow/.local/lib/python3.7/site-packages/airflow/example_dags/example_bash_operator.py for tasks to queue
[2022-06-24 07:23:29,228] {logging_mixin.py:115} INFO - [2022-06-24 07:23:29,228] {dagbag.py:507} INFO - Filling up the DagBag from /home/airflow/.local/lib/python3.7/site-packages/airflow/example_dags/example_bash_operator.py
[2022-06-24 07:23:29,242] {processor.py:651} INFO - DAG(s) dict_keys(['example_bash_operator']) retrieved from /home/airflow/.local/lib/python3.7/site-packages/airflow/example_dags/example_bash_operator.py
[2022-06-24 07:23:29,274] {logging_mixin.py:115} INFO - [2022-06-24 07:23:29,274] {dag.py:2379} INFO - Sync 1 DAGs
[2022-06-24 07:23:29,318] {logging_mixin.py:115} INFO - [2022-06-24 07:23:29,318] {dag.py:2931} INFO - Setting next_dagrun for example_bash_operator to 2022-06-23T00:00:00+00:00, run_after=2022-06-24T00:00:00+00:00
[2022-06-24 07:23:29,344] {processor.py:161} INFO - Processing /home/airflow/.local/lib/python3.7/site-packages/airflow/example_dags/example_bash_operator.py took 0.124 seconds
[2022-06-24 07:24:00,089] {processor.py:153} INFO - Started process (PID=8558) to work on /home/airflow/.local/lib/python3.7/site-packages/airflow/example_dags/example_bash_operator.py
[2022-06-24 07:24:00,090] {processor.py:641} INFO - Processing file /home/airflow/.local/lib/python3.7/site-packages/airflow/example_dags/example_bash_operator.py for tasks to queue
[2022-06-24 07:24:00,091] {logging_mixin.py:115} INFO - [2022-06-24 07:24:00,091] {dagbag.py:507} INFO - Filling up the DagBag from /home/airflow/.local/lib/python3.7/site-packages/airflow/example_dags/example_bash_operator.py
[2022-06-24 07:24:00,104] {processor.py:651} INFO - DAG(s) dict_keys(['example_bash_operator']) retrieved from /home/airflow/.local/lib/python3.7/site-packages/airflow/example_dags/example_bash_operator.py
[2022-06-24 07:24:00,144] {logging_mixin.py:115} INFO - [2022-06-24 07:24:00,144] {dag.py:2379} INFO - Sync 1 DAGs
[2022-06-24 07:24:00,169] {logging_mixin.py:115} INFO - [2022-06-24 07:24:00,169] {dag.py:2931} INFO - Setting next_dagrun for example_bash_operator to 2022-06-23T00:00:00+00:00, run_after=2022-06-24T00:00:00+00:00
[2022-06-24 07:24:00,185] {processor.py:161} INFO - Processing /home/airflow/.local/lib/python3.7/site-packages/airflow/example_dags/example_bash_operator.py took 0.099 seconds
[2022-06-24 07:24:30,695] {processor.py:153} INFO - Started process (PID=8623) to work on /home/airflow/.local/lib/python3.7/site-packages/airflow/example_dags/example_bash_operator.py
[2022-06-24 07:24:30,696] {processor.py:641} INFO - Processing file /home/airflow/.local/lib/python3.7/site-packages/airflow/example_dags/example_bash_operator.py for tasks to queue
[2022-06-24 07:24:30,697] {logging_mixin.py:115} INFO - [2022-06-24 07:24:30,697] {dagbag.py:507} INFO - Filling up the DagBag from /home/airflow/.local/lib/python3.7/site-packages/airflow/example_dags/example_bash_operator.py
[2022-06-24 07:24:30,709] {processor.py:651} INFO - DAG(s) dict_keys(['example_bash_operator']) retrieved from /home/airflow/.local/lib/python3.7/site-packages/airflow/example_dags/example_bash_operator.py
[2022-06-24 07:24:30,738] {logging_mixin.py:115} INFO - [2022-06-24 07:24:30,738] {dag.py:2379} INFO - Sync 1 DAGs
[2022-06-24 07:24:30,758] {logging_mixin.py:115} INFO - [2022-06-24 07:24:30,757] {dag.py:2931} INFO - Setting next_dagrun for example_bash_operator to 2022-06-23T00:00:00+00:00, run_after=2022-06-24T00:00:00+00:00
[2022-06-24 07:24:30,771] {processor.py:161} INFO - Processing /home/airflow/.local/lib/python3.7/site-packages/airflow/example_dags/example_bash_operator.py took 0.080 seconds
[2022-06-24 07:25:01,081] {processor.py:153} INFO - Started process (PID=8678) to work on /home/airflow/.local/lib/python3.7/site-packages/airflow/example_dags/example_bash_operator.py
[2022-06-24 07:25:01,082] {processor.py:641} INFO - Processing file /home/airflow/.local/lib/python3.7/site-packages/airflow/example_dags/example_bash_operator.py for tasks to queue
[2022-06-24 07:25:01,083] {logging_mixin.py:115} INFO - [2022-06-24 07:25:01,083] {dagbag.py:507} INFO - Filling up the DagBag from /home/airflow/.local/lib/python3.7/site-packages/airflow/example_dags/example_bash_operator.py
[2022-06-24 07:25:01,093] {processor.py:651} INFO - DAG(s) dict_keys(['example_bash_operator']) retrieved from /home/airflow/.local/lib/python3.7/site-packages/airflow/example_dags/example_bash_operator.py
[2022-06-24 07:25:01,120] {logging_mixin.py:115} INFO - [2022-06-24 07:25:01,119] {dag.py:2379} INFO - Sync 1 DAGs
[2022-06-24 07:25:01,139] {logging_mixin.py:115} INFO - [2022-06-24 07:25:01,139] {dag.py:2931} INFO - Setting next_dagrun for example_bash_operator to 2022-06-23T00:00:00+00:00, run_after=2022-06-24T00:00:00+00:00
[2022-06-24 07:25:01,155] {processor.py:161} INFO - Processing /home/airflow/.local/lib/python3.7/site-packages/airflow/example_dags/example_bash_operator.py took 0.077 seconds
[2022-06-24 07:25:31,379] {processor.py:153} INFO - Started process (PID=8742) to work on /home/airflow/.local/lib/python3.7/site-packages/airflow/example_dags/example_bash_operator.py
[2022-06-24 07:25:31,380] {processor.py:641} INFO - Processing file /home/airflow/.local/lib/python3.7/site-packages/airflow/example_dags/example_bash_operator.py for tasks to queue
[2022-06-24 07:25:31,381] {logging_mixin.py:115} INFO - [2022-06-24 07:25:31,381] {dagbag.py:507} INFO - Filling up the DagBag from /home/airflow/.local/lib/python3.7/site-packages/airflow/example_dags/example_bash_operator.py
[2022-06-24 07:25:31,393] {processor.py:651} INFO - DAG(s) dict_keys(['example_bash_operator']) retrieved from /home/airflow/.local/lib/python3.7/site-packages/airflow/example_dags/example_bash_operator.py
[2022-06-24 07:25:31,422] {logging_mixin.py:115} INFO - [2022-06-24 07:25:31,422] {dag.py:2379} INFO - Sync 1 DAGs
[2022-06-24 07:25:31,440] {logging_mixin.py:115} INFO - [2022-06-24 07:25:31,440] {dag.py:2931} INFO - Setting next_dagrun for example_bash_operator to 2022-06-23T00:00:00+00:00, run_after=2022-06-24T00:00:00+00:00
[2022-06-24 07:25:31,457] {processor.py:161} INFO - Processing /home/airflow/.local/lib/python3.7/site-packages/airflow/example_dags/example_bash_operator.py took 0.081 seconds
[2022-06-24 07:26:01,587] {processor.py:153} INFO - Started process (PID=8806) to work on /home/airflow/.local/lib/python3.7/site-packages/airflow/example_dags/example_bash_operator.py
[2022-06-24 07:26:01,588] {processor.py:641} INFO - Processing file /home/airflow/.local/lib/python3.7/site-packages/airflow/example_dags/example_bash_operator.py for tasks to queue
[2022-06-24 07:26:01,590] {logging_mixin.py:115} INFO - [2022-06-24 07:26:01,589] {dagbag.py:507} INFO - Filling up the DagBag from /home/airflow/.local/lib/python3.7/site-packages/airflow/example_dags/example_bash_operator.py
[2022-06-24 07:26:01,600] {processor.py:651} INFO - DAG(s) dict_keys(['example_bash_operator']) retrieved from /home/airflow/.local/lib/python3.7/site-packages/airflow/example_dags/example_bash_operator.py
[2022-06-24 07:26:01,625] {logging_mixin.py:115} INFO - [2022-06-24 07:26:01,625] {dag.py:2379} INFO - Sync 1 DAGs
[2022-06-24 07:26:01,642] {logging_mixin.py:115} INFO - [2022-06-24 07:26:01,642] {dag.py:2931} INFO - Setting next_dagrun for example_bash_operator to 2022-06-23T00:00:00+00:00, run_after=2022-06-24T00:00:00+00:00
[2022-06-24 07:26:01,656] {processor.py:161} INFO - Processing /home/airflow/.local/lib/python3.7/site-packages/airflow/example_dags/example_bash_operator.py took 0.072 seconds
