[2022-06-24 06:58:34,405] {processor.py:153} INFO - Started process (PID=5489) to work on /home/airflow/.local/lib/python3.7/site-packages/airflow/example_dags/example_branch_python_dop_operator_3.py
[2022-06-24 06:58:34,407] {processor.py:641} INFO - Processing file /home/airflow/.local/lib/python3.7/site-packages/airflow/example_dags/example_branch_python_dop_operator_3.py for tasks to queue
[2022-06-24 06:58:34,407] {logging_mixin.py:115} INFO - [2022-06-24 06:58:34,407] {dagbag.py:507} INFO - Filling up the DagBag from /home/airflow/.local/lib/python3.7/site-packages/airflow/example_dags/example_branch_python_dop_operator_3.py
[2022-06-24 06:58:34,418] {processor.py:651} INFO - DAG(s) dict_keys(['example_branch_dop_operator_v3']) retrieved from /home/airflow/.local/lib/python3.7/site-packages/airflow/example_dags/example_branch_python_dop_operator_3.py
[2022-06-24 06:58:34,448] {logging_mixin.py:115} INFO - [2022-06-24 06:58:34,448] {dag.py:2379} INFO - Sync 1 DAGs
[2022-06-24 06:58:34,469] {logging_mixin.py:115} INFO - [2022-06-24 06:58:34,469] {dag.py:2931} INFO - Setting next_dagrun for example_branch_dop_operator_v3 to 2022-06-24T06:57:00+00:00, run_after=2022-06-24T06:58:00+00:00
[2022-06-24 06:58:34,524] {processor.py:161} INFO - Processing /home/airflow/.local/lib/python3.7/site-packages/airflow/example_dags/example_branch_python_dop_operator_3.py took 0.122 seconds
[2022-06-24 06:59:07,013] {processor.py:153} INFO - Started process (PID=5544) to work on /home/airflow/.local/lib/python3.7/site-packages/airflow/example_dags/example_branch_python_dop_operator_3.py
[2022-06-24 06:59:07,015] {processor.py:641} INFO - Processing file /home/airflow/.local/lib/python3.7/site-packages/airflow/example_dags/example_branch_python_dop_operator_3.py for tasks to queue
[2022-06-24 06:59:07,015] {logging_mixin.py:115} INFO - [2022-06-24 06:59:07,015] {dagbag.py:507} INFO - Filling up the DagBag from /home/airflow/.local/lib/python3.7/site-packages/airflow/example_dags/example_branch_python_dop_operator_3.py
[2022-06-24 06:59:07,028] {processor.py:651} INFO - DAG(s) dict_keys(['example_branch_dop_operator_v3']) retrieved from /home/airflow/.local/lib/python3.7/site-packages/airflow/example_dags/example_branch_python_dop_operator_3.py
[2022-06-24 06:59:07,069] {logging_mixin.py:115} INFO - [2022-06-24 06:59:07,069] {dag.py:2379} INFO - Sync 1 DAGs
[2022-06-24 06:59:07,120] {logging_mixin.py:115} INFO - [2022-06-24 06:59:07,120] {dag.py:2931} INFO - Setting next_dagrun for example_branch_dop_operator_v3 to 2022-06-24T06:58:00+00:00, run_after=2022-06-24T06:59:00+00:00
[2022-06-24 06:59:07,153] {processor.py:161} INFO - Processing /home/airflow/.local/lib/python3.7/site-packages/airflow/example_dags/example_branch_python_dop_operator_3.py took 0.145 seconds
[2022-06-24 06:59:37,841] {processor.py:153} INFO - Started process (PID=5609) to work on /home/airflow/.local/lib/python3.7/site-packages/airflow/example_dags/example_branch_python_dop_operator_3.py
[2022-06-24 06:59:37,842] {processor.py:641} INFO - Processing file /home/airflow/.local/lib/python3.7/site-packages/airflow/example_dags/example_branch_python_dop_operator_3.py for tasks to queue
[2022-06-24 06:59:37,844] {logging_mixin.py:115} INFO - [2022-06-24 06:59:37,844] {dagbag.py:507} INFO - Filling up the DagBag from /home/airflow/.local/lib/python3.7/site-packages/airflow/example_dags/example_branch_python_dop_operator_3.py
[2022-06-24 06:59:37,861] {processor.py:651} INFO - DAG(s) dict_keys(['example_branch_dop_operator_v3']) retrieved from /home/airflow/.local/lib/python3.7/site-packages/airflow/example_dags/example_branch_python_dop_operator_3.py
[2022-06-24 06:59:37,905] {logging_mixin.py:115} INFO - [2022-06-24 06:59:37,905] {dag.py:2379} INFO - Sync 1 DAGs
[2022-06-24 06:59:37,939] {logging_mixin.py:115} INFO - [2022-06-24 06:59:37,938] {dag.py:2931} INFO - Setting next_dagrun for example_branch_dop_operator_v3 to 2022-06-24T06:58:00+00:00, run_after=2022-06-24T06:59:00+00:00
[2022-06-24 06:59:37,957] {processor.py:161} INFO - Processing /home/airflow/.local/lib/python3.7/site-packages/airflow/example_dags/example_branch_python_dop_operator_3.py took 0.120 seconds
[2022-06-24 07:00:08,028] {processor.py:153} INFO - Started process (PID=5664) to work on /home/airflow/.local/lib/python3.7/site-packages/airflow/example_dags/example_branch_python_dop_operator_3.py
[2022-06-24 07:00:08,030] {processor.py:641} INFO - Processing file /home/airflow/.local/lib/python3.7/site-packages/airflow/example_dags/example_branch_python_dop_operator_3.py for tasks to queue
[2022-06-24 07:00:08,030] {logging_mixin.py:115} INFO - [2022-06-24 07:00:08,030] {dagbag.py:507} INFO - Filling up the DagBag from /home/airflow/.local/lib/python3.7/site-packages/airflow/example_dags/example_branch_python_dop_operator_3.py
[2022-06-24 07:00:08,039] {processor.py:651} INFO - DAG(s) dict_keys(['example_branch_dop_operator_v3']) retrieved from /home/airflow/.local/lib/python3.7/site-packages/airflow/example_dags/example_branch_python_dop_operator_3.py
[2022-06-24 07:00:08,068] {logging_mixin.py:115} INFO - [2022-06-24 07:00:08,068] {dag.py:2379} INFO - Sync 1 DAGs
[2022-06-24 07:00:08,090] {logging_mixin.py:115} INFO - [2022-06-24 07:00:08,090] {dag.py:2931} INFO - Setting next_dagrun for example_branch_dop_operator_v3 to 2022-06-24T06:59:00+00:00, run_after=2022-06-24T07:00:00+00:00
[2022-06-24 07:00:08,105] {processor.py:161} INFO - Processing /home/airflow/.local/lib/python3.7/site-packages/airflow/example_dags/example_branch_python_dop_operator_3.py took 0.080 seconds
[2022-06-24 07:00:38,531] {processor.py:153} INFO - Started process (PID=5728) to work on /home/airflow/.local/lib/python3.7/site-packages/airflow/example_dags/example_branch_python_dop_operator_3.py
[2022-06-24 07:00:38,532] {processor.py:641} INFO - Processing file /home/airflow/.local/lib/python3.7/site-packages/airflow/example_dags/example_branch_python_dop_operator_3.py for tasks to queue
[2022-06-24 07:00:38,533] {logging_mixin.py:115} INFO - [2022-06-24 07:00:38,533] {dagbag.py:507} INFO - Filling up the DagBag from /home/airflow/.local/lib/python3.7/site-packages/airflow/example_dags/example_branch_python_dop_operator_3.py
[2022-06-24 07:00:38,542] {processor.py:651} INFO - DAG(s) dict_keys(['example_branch_dop_operator_v3']) retrieved from /home/airflow/.local/lib/python3.7/site-packages/airflow/example_dags/example_branch_python_dop_operator_3.py
[2022-06-24 07:00:38,567] {logging_mixin.py:115} INFO - [2022-06-24 07:00:38,567] {dag.py:2379} INFO - Sync 1 DAGs
[2022-06-24 07:00:38,587] {logging_mixin.py:115} INFO - [2022-06-24 07:00:38,587] {dag.py:2931} INFO - Setting next_dagrun for example_branch_dop_operator_v3 to 2022-06-24T06:59:00+00:00, run_after=2022-06-24T07:00:00+00:00
[2022-06-24 07:00:38,601] {processor.py:161} INFO - Processing /home/airflow/.local/lib/python3.7/site-packages/airflow/example_dags/example_branch_python_dop_operator_3.py took 0.073 seconds
[2022-06-24 07:01:08,641] {processor.py:153} INFO - Started process (PID=5792) to work on /home/airflow/.local/lib/python3.7/site-packages/airflow/example_dags/example_branch_python_dop_operator_3.py
[2022-06-24 07:01:08,642] {processor.py:641} INFO - Processing file /home/airflow/.local/lib/python3.7/site-packages/airflow/example_dags/example_branch_python_dop_operator_3.py for tasks to queue
[2022-06-24 07:01:08,643] {logging_mixin.py:115} INFO - [2022-06-24 07:01:08,643] {dagbag.py:507} INFO - Filling up the DagBag from /home/airflow/.local/lib/python3.7/site-packages/airflow/example_dags/example_branch_python_dop_operator_3.py
[2022-06-24 07:01:08,651] {processor.py:651} INFO - DAG(s) dict_keys(['example_branch_dop_operator_v3']) retrieved from /home/airflow/.local/lib/python3.7/site-packages/airflow/example_dags/example_branch_python_dop_operator_3.py
[2022-06-24 07:01:08,674] {logging_mixin.py:115} INFO - [2022-06-24 07:01:08,674] {dag.py:2379} INFO - Sync 1 DAGs
[2022-06-24 07:01:08,694] {logging_mixin.py:115} INFO - [2022-06-24 07:01:08,694] {dag.py:2931} INFO - Setting next_dagrun for example_branch_dop_operator_v3 to 2022-06-24T07:00:00+00:00, run_after=2022-06-24T07:01:00+00:00
[2022-06-24 07:01:08,709] {processor.py:161} INFO - Processing /home/airflow/.local/lib/python3.7/site-packages/airflow/example_dags/example_branch_python_dop_operator_3.py took 0.071 seconds
[2022-06-24 07:01:39,205] {processor.py:153} INFO - Started process (PID=5848) to work on /home/airflow/.local/lib/python3.7/site-packages/airflow/example_dags/example_branch_python_dop_operator_3.py
[2022-06-24 07:01:39,206] {processor.py:641} INFO - Processing file /home/airflow/.local/lib/python3.7/site-packages/airflow/example_dags/example_branch_python_dop_operator_3.py for tasks to queue
[2022-06-24 07:01:39,207] {logging_mixin.py:115} INFO - [2022-06-24 07:01:39,207] {dagbag.py:507} INFO - Filling up the DagBag from /home/airflow/.local/lib/python3.7/site-packages/airflow/example_dags/example_branch_python_dop_operator_3.py
[2022-06-24 07:01:39,215] {processor.py:651} INFO - DAG(s) dict_keys(['example_branch_dop_operator_v3']) retrieved from /home/airflow/.local/lib/python3.7/site-packages/airflow/example_dags/example_branch_python_dop_operator_3.py
[2022-06-24 07:01:39,238] {logging_mixin.py:115} INFO - [2022-06-24 07:01:39,238] {dag.py:2379} INFO - Sync 1 DAGs
[2022-06-24 07:01:39,263] {logging_mixin.py:115} INFO - [2022-06-24 07:01:39,262] {dag.py:2931} INFO - Setting next_dagrun for example_branch_dop_operator_v3 to 2022-06-24T07:00:00+00:00, run_after=2022-06-24T07:01:00+00:00
[2022-06-24 07:01:39,279] {processor.py:161} INFO - Processing /home/airflow/.local/lib/python3.7/site-packages/airflow/example_dags/example_branch_python_dop_operator_3.py took 0.077 seconds
[2022-06-24 07:02:09,696] {processor.py:153} INFO - Started process (PID=5913) to work on /home/airflow/.local/lib/python3.7/site-packages/airflow/example_dags/example_branch_python_dop_operator_3.py
[2022-06-24 07:02:09,697] {processor.py:641} INFO - Processing file /home/airflow/.local/lib/python3.7/site-packages/airflow/example_dags/example_branch_python_dop_operator_3.py for tasks to queue
[2022-06-24 07:02:09,698] {logging_mixin.py:115} INFO - [2022-06-24 07:02:09,697] {dagbag.py:507} INFO - Filling up the DagBag from /home/airflow/.local/lib/python3.7/site-packages/airflow/example_dags/example_branch_python_dop_operator_3.py
[2022-06-24 07:02:09,706] {processor.py:651} INFO - DAG(s) dict_keys(['example_branch_dop_operator_v3']) retrieved from /home/airflow/.local/lib/python3.7/site-packages/airflow/example_dags/example_branch_python_dop_operator_3.py
[2022-06-24 07:02:09,732] {logging_mixin.py:115} INFO - [2022-06-24 07:02:09,732] {dag.py:2379} INFO - Sync 1 DAGs
[2022-06-24 07:02:09,754] {logging_mixin.py:115} INFO - [2022-06-24 07:02:09,754] {dag.py:2931} INFO - Setting next_dagrun for example_branch_dop_operator_v3 to 2022-06-24T07:01:00+00:00, run_after=2022-06-24T07:02:00+00:00
[2022-06-24 07:02:09,765] {processor.py:161} INFO - Processing /home/airflow/.local/lib/python3.7/site-packages/airflow/example_dags/example_branch_python_dop_operator_3.py took 0.075 seconds
[2022-06-24 07:02:39,988] {processor.py:153} INFO - Started process (PID=5977) to work on /home/airflow/.local/lib/python3.7/site-packages/airflow/example_dags/example_branch_python_dop_operator_3.py
[2022-06-24 07:02:39,989] {processor.py:641} INFO - Processing file /home/airflow/.local/lib/python3.7/site-packages/airflow/example_dags/example_branch_python_dop_operator_3.py for tasks to queue
[2022-06-24 07:02:39,990] {logging_mixin.py:115} INFO - [2022-06-24 07:02:39,990] {dagbag.py:507} INFO - Filling up the DagBag from /home/airflow/.local/lib/python3.7/site-packages/airflow/example_dags/example_branch_python_dop_operator_3.py
[2022-06-24 07:02:39,998] {processor.py:651} INFO - DAG(s) dict_keys(['example_branch_dop_operator_v3']) retrieved from /home/airflow/.local/lib/python3.7/site-packages/airflow/example_dags/example_branch_python_dop_operator_3.py
[2022-06-24 07:02:40,025] {logging_mixin.py:115} INFO - [2022-06-24 07:02:40,025] {dag.py:2379} INFO - Sync 1 DAGs
[2022-06-24 07:02:40,044] {logging_mixin.py:115} INFO - [2022-06-24 07:02:40,044] {dag.py:2931} INFO - Setting next_dagrun for example_branch_dop_operator_v3 to 2022-06-24T07:01:00+00:00, run_after=2022-06-24T07:02:00+00:00
[2022-06-24 07:02:40,058] {processor.py:161} INFO - Processing /home/airflow/.local/lib/python3.7/site-packages/airflow/example_dags/example_branch_python_dop_operator_3.py took 0.073 seconds
[2022-06-24 07:03:10,261] {processor.py:153} INFO - Started process (PID=6032) to work on /home/airflow/.local/lib/python3.7/site-packages/airflow/example_dags/example_branch_python_dop_operator_3.py
[2022-06-24 07:03:10,262] {processor.py:641} INFO - Processing file /home/airflow/.local/lib/python3.7/site-packages/airflow/example_dags/example_branch_python_dop_operator_3.py for tasks to queue
[2022-06-24 07:03:10,263] {logging_mixin.py:115} INFO - [2022-06-24 07:03:10,263] {dagbag.py:507} INFO - Filling up the DagBag from /home/airflow/.local/lib/python3.7/site-packages/airflow/example_dags/example_branch_python_dop_operator_3.py
[2022-06-24 07:03:10,272] {processor.py:651} INFO - DAG(s) dict_keys(['example_branch_dop_operator_v3']) retrieved from /home/airflow/.local/lib/python3.7/site-packages/airflow/example_dags/example_branch_python_dop_operator_3.py
[2022-06-24 07:03:10,296] {logging_mixin.py:115} INFO - [2022-06-24 07:03:10,296] {dag.py:2379} INFO - Sync 1 DAGs
[2022-06-24 07:03:10,316] {logging_mixin.py:115} INFO - [2022-06-24 07:03:10,316] {dag.py:2931} INFO - Setting next_dagrun for example_branch_dop_operator_v3 to 2022-06-24T07:02:00+00:00, run_after=2022-06-24T07:03:00+00:00
[2022-06-24 07:03:10,331] {processor.py:161} INFO - Processing /home/airflow/.local/lib/python3.7/site-packages/airflow/example_dags/example_branch_python_dop_operator_3.py took 0.073 seconds
[2022-06-24 07:03:40,634] {processor.py:153} INFO - Started process (PID=6096) to work on /home/airflow/.local/lib/python3.7/site-packages/airflow/example_dags/example_branch_python_dop_operator_3.py
[2022-06-24 07:03:40,634] {processor.py:641} INFO - Processing file /home/airflow/.local/lib/python3.7/site-packages/airflow/example_dags/example_branch_python_dop_operator_3.py for tasks to queue
[2022-06-24 07:03:40,635] {logging_mixin.py:115} INFO - [2022-06-24 07:03:40,635] {dagbag.py:507} INFO - Filling up the DagBag from /home/airflow/.local/lib/python3.7/site-packages/airflow/example_dags/example_branch_python_dop_operator_3.py
[2022-06-24 07:03:40,644] {processor.py:651} INFO - DAG(s) dict_keys(['example_branch_dop_operator_v3']) retrieved from /home/airflow/.local/lib/python3.7/site-packages/airflow/example_dags/example_branch_python_dop_operator_3.py
[2022-06-24 07:03:40,666] {logging_mixin.py:115} INFO - [2022-06-24 07:03:40,666] {dag.py:2379} INFO - Sync 1 DAGs
[2022-06-24 07:03:40,684] {logging_mixin.py:115} INFO - [2022-06-24 07:03:40,684] {dag.py:2931} INFO - Setting next_dagrun for example_branch_dop_operator_v3 to 2022-06-24T07:02:00+00:00, run_after=2022-06-24T07:03:00+00:00
[2022-06-24 07:03:40,699] {processor.py:161} INFO - Processing /home/airflow/.local/lib/python3.7/site-packages/airflow/example_dags/example_branch_python_dop_operator_3.py took 0.068 seconds
[2022-06-24 07:04:10,968] {processor.py:153} INFO - Started process (PID=6160) to work on /home/airflow/.local/lib/python3.7/site-packages/airflow/example_dags/example_branch_python_dop_operator_3.py
[2022-06-24 07:04:10,969] {processor.py:641} INFO - Processing file /home/airflow/.local/lib/python3.7/site-packages/airflow/example_dags/example_branch_python_dop_operator_3.py for tasks to queue
[2022-06-24 07:04:10,969] {logging_mixin.py:115} INFO - [2022-06-24 07:04:10,969] {dagbag.py:507} INFO - Filling up the DagBag from /home/airflow/.local/lib/python3.7/site-packages/airflow/example_dags/example_branch_python_dop_operator_3.py
[2022-06-24 07:04:10,977] {processor.py:651} INFO - DAG(s) dict_keys(['example_branch_dop_operator_v3']) retrieved from /home/airflow/.local/lib/python3.7/site-packages/airflow/example_dags/example_branch_python_dop_operator_3.py
[2022-06-24 07:04:11,000] {logging_mixin.py:115} INFO - [2022-06-24 07:04:11,000] {dag.py:2379} INFO - Sync 1 DAGs
[2022-06-24 07:04:11,017] {logging_mixin.py:115} INFO - [2022-06-24 07:04:11,017] {dag.py:2931} INFO - Setting next_dagrun for example_branch_dop_operator_v3 to 2022-06-24T07:03:00+00:00, run_after=2022-06-24T07:04:00+00:00
[2022-06-24 07:04:11,029] {processor.py:161} INFO - Processing /home/airflow/.local/lib/python3.7/site-packages/airflow/example_dags/example_branch_python_dop_operator_3.py took 0.064 seconds
[2022-06-24 07:04:41,495] {processor.py:153} INFO - Started process (PID=6225) to work on /home/airflow/.local/lib/python3.7/site-packages/airflow/example_dags/example_branch_python_dop_operator_3.py
[2022-06-24 07:04:41,497] {processor.py:641} INFO - Processing file /home/airflow/.local/lib/python3.7/site-packages/airflow/example_dags/example_branch_python_dop_operator_3.py for tasks to queue
[2022-06-24 07:04:41,497] {logging_mixin.py:115} INFO - [2022-06-24 07:04:41,497] {dagbag.py:507} INFO - Filling up the DagBag from /home/airflow/.local/lib/python3.7/site-packages/airflow/example_dags/example_branch_python_dop_operator_3.py
[2022-06-24 07:04:41,507] {processor.py:651} INFO - DAG(s) dict_keys(['example_branch_dop_operator_v3']) retrieved from /home/airflow/.local/lib/python3.7/site-packages/airflow/example_dags/example_branch_python_dop_operator_3.py
[2022-06-24 07:04:41,531] {logging_mixin.py:115} INFO - [2022-06-24 07:04:41,531] {dag.py:2379} INFO - Sync 1 DAGs
[2022-06-24 07:04:41,551] {logging_mixin.py:115} INFO - [2022-06-24 07:04:41,550] {dag.py:2931} INFO - Setting next_dagrun for example_branch_dop_operator_v3 to 2022-06-24T07:03:00+00:00, run_after=2022-06-24T07:04:00+00:00
[2022-06-24 07:04:41,566] {processor.py:161} INFO - Processing /home/airflow/.local/lib/python3.7/site-packages/airflow/example_dags/example_branch_python_dop_operator_3.py took 0.073 seconds
[2022-06-24 07:05:12,008] {processor.py:153} INFO - Started process (PID=6280) to work on /home/airflow/.local/lib/python3.7/site-packages/airflow/example_dags/example_branch_python_dop_operator_3.py
[2022-06-24 07:05:12,009] {processor.py:641} INFO - Processing file /home/airflow/.local/lib/python3.7/site-packages/airflow/example_dags/example_branch_python_dop_operator_3.py for tasks to queue
[2022-06-24 07:05:12,010] {logging_mixin.py:115} INFO - [2022-06-24 07:05:12,010] {dagbag.py:507} INFO - Filling up the DagBag from /home/airflow/.local/lib/python3.7/site-packages/airflow/example_dags/example_branch_python_dop_operator_3.py
[2022-06-24 07:05:12,020] {processor.py:651} INFO - DAG(s) dict_keys(['example_branch_dop_operator_v3']) retrieved from /home/airflow/.local/lib/python3.7/site-packages/airflow/example_dags/example_branch_python_dop_operator_3.py
[2022-06-24 07:05:12,046] {logging_mixin.py:115} INFO - [2022-06-24 07:05:12,046] {dag.py:2379} INFO - Sync 1 DAGs
[2022-06-24 07:05:12,065] {logging_mixin.py:115} INFO - [2022-06-24 07:05:12,065] {dag.py:2931} INFO - Setting next_dagrun for example_branch_dop_operator_v3 to 2022-06-24T07:04:00+00:00, run_after=2022-06-24T07:05:00+00:00
[2022-06-24 07:05:12,079] {processor.py:161} INFO - Processing /home/airflow/.local/lib/python3.7/site-packages/airflow/example_dags/example_branch_python_dop_operator_3.py took 0.075 seconds
[2022-06-24 07:05:42,318] {processor.py:153} INFO - Started process (PID=6344) to work on /home/airflow/.local/lib/python3.7/site-packages/airflow/example_dags/example_branch_python_dop_operator_3.py
[2022-06-24 07:05:42,319] {processor.py:641} INFO - Processing file /home/airflow/.local/lib/python3.7/site-packages/airflow/example_dags/example_branch_python_dop_operator_3.py for tasks to queue
[2022-06-24 07:05:42,320] {logging_mixin.py:115} INFO - [2022-06-24 07:05:42,319] {dagbag.py:507} INFO - Filling up the DagBag from /home/airflow/.local/lib/python3.7/site-packages/airflow/example_dags/example_branch_python_dop_operator_3.py
[2022-06-24 07:05:42,329] {processor.py:651} INFO - DAG(s) dict_keys(['example_branch_dop_operator_v3']) retrieved from /home/airflow/.local/lib/python3.7/site-packages/airflow/example_dags/example_branch_python_dop_operator_3.py
[2022-06-24 07:05:42,351] {logging_mixin.py:115} INFO - [2022-06-24 07:05:42,351] {dag.py:2379} INFO - Sync 1 DAGs
[2022-06-24 07:05:42,369] {logging_mixin.py:115} INFO - [2022-06-24 07:05:42,369] {dag.py:2931} INFO - Setting next_dagrun for example_branch_dop_operator_v3 to 2022-06-24T07:04:00+00:00, run_after=2022-06-24T07:05:00+00:00
[2022-06-24 07:05:42,384] {processor.py:161} INFO - Processing /home/airflow/.local/lib/python3.7/site-packages/airflow/example_dags/example_branch_python_dop_operator_3.py took 0.069 seconds
[2022-06-24 07:06:12,556] {processor.py:153} INFO - Started process (PID=6408) to work on /home/airflow/.local/lib/python3.7/site-packages/airflow/example_dags/example_branch_python_dop_operator_3.py
[2022-06-24 07:06:12,557] {processor.py:641} INFO - Processing file /home/airflow/.local/lib/python3.7/site-packages/airflow/example_dags/example_branch_python_dop_operator_3.py for tasks to queue
[2022-06-24 07:06:12,557] {logging_mixin.py:115} INFO - [2022-06-24 07:06:12,557] {dagbag.py:507} INFO - Filling up the DagBag from /home/airflow/.local/lib/python3.7/site-packages/airflow/example_dags/example_branch_python_dop_operator_3.py
[2022-06-24 07:06:12,568] {processor.py:651} INFO - DAG(s) dict_keys(['example_branch_dop_operator_v3']) retrieved from /home/airflow/.local/lib/python3.7/site-packages/airflow/example_dags/example_branch_python_dop_operator_3.py
[2022-06-24 07:06:12,592] {logging_mixin.py:115} INFO - [2022-06-24 07:06:12,592] {dag.py:2379} INFO - Sync 1 DAGs
[2022-06-24 07:06:12,612] {logging_mixin.py:115} INFO - [2022-06-24 07:06:12,612] {dag.py:2931} INFO - Setting next_dagrun for example_branch_dop_operator_v3 to 2022-06-24T07:05:00+00:00, run_after=2022-06-24T07:06:00+00:00
[2022-06-24 07:06:12,624] {processor.py:161} INFO - Processing /home/airflow/.local/lib/python3.7/site-packages/airflow/example_dags/example_branch_python_dop_operator_3.py took 0.072 seconds
[2022-06-24 07:06:42,968] {processor.py:153} INFO - Started process (PID=6463) to work on /home/airflow/.local/lib/python3.7/site-packages/airflow/example_dags/example_branch_python_dop_operator_3.py
[2022-06-24 07:06:42,969] {processor.py:641} INFO - Processing file /home/airflow/.local/lib/python3.7/site-packages/airflow/example_dags/example_branch_python_dop_operator_3.py for tasks to queue
[2022-06-24 07:06:42,970] {logging_mixin.py:115} INFO - [2022-06-24 07:06:42,970] {dagbag.py:507} INFO - Filling up the DagBag from /home/airflow/.local/lib/python3.7/site-packages/airflow/example_dags/example_branch_python_dop_operator_3.py
[2022-06-24 07:06:42,978] {processor.py:651} INFO - DAG(s) dict_keys(['example_branch_dop_operator_v3']) retrieved from /home/airflow/.local/lib/python3.7/site-packages/airflow/example_dags/example_branch_python_dop_operator_3.py
[2022-06-24 07:06:43,002] {logging_mixin.py:115} INFO - [2022-06-24 07:06:43,002] {dag.py:2379} INFO - Sync 1 DAGs
[2022-06-24 07:06:43,019] {logging_mixin.py:115} INFO - [2022-06-24 07:06:43,019] {dag.py:2931} INFO - Setting next_dagrun for example_branch_dop_operator_v3 to 2022-06-24T07:05:00+00:00, run_after=2022-06-24T07:06:00+00:00
[2022-06-24 07:06:43,034] {processor.py:161} INFO - Processing /home/airflow/.local/lib/python3.7/site-packages/airflow/example_dags/example_branch_python_dop_operator_3.py took 0.069 seconds
[2022-06-24 07:07:13,391] {processor.py:153} INFO - Started process (PID=6527) to work on /home/airflow/.local/lib/python3.7/site-packages/airflow/example_dags/example_branch_python_dop_operator_3.py
[2022-06-24 07:07:13,392] {processor.py:641} INFO - Processing file /home/airflow/.local/lib/python3.7/site-packages/airflow/example_dags/example_branch_python_dop_operator_3.py for tasks to queue
[2022-06-24 07:07:13,393] {logging_mixin.py:115} INFO - [2022-06-24 07:07:13,393] {dagbag.py:507} INFO - Filling up the DagBag from /home/airflow/.local/lib/python3.7/site-packages/airflow/example_dags/example_branch_python_dop_operator_3.py
[2022-06-24 07:07:13,404] {processor.py:651} INFO - DAG(s) dict_keys(['example_branch_dop_operator_v3']) retrieved from /home/airflow/.local/lib/python3.7/site-packages/airflow/example_dags/example_branch_python_dop_operator_3.py
[2022-06-24 07:07:13,430] {logging_mixin.py:115} INFO - [2022-06-24 07:07:13,430] {dag.py:2379} INFO - Sync 1 DAGs
[2022-06-24 07:07:13,448] {logging_mixin.py:115} INFO - [2022-06-24 07:07:13,448] {dag.py:2931} INFO - Setting next_dagrun for example_branch_dop_operator_v3 to 2022-06-24T07:06:00+00:00, run_after=2022-06-24T07:07:00+00:00
[2022-06-24 07:07:13,462] {processor.py:161} INFO - Processing /home/airflow/.local/lib/python3.7/site-packages/airflow/example_dags/example_branch_python_dop_operator_3.py took 0.076 seconds
[2022-06-24 07:07:43,752] {processor.py:153} INFO - Started process (PID=6591) to work on /home/airflow/.local/lib/python3.7/site-packages/airflow/example_dags/example_branch_python_dop_operator_3.py
[2022-06-24 07:07:43,753] {processor.py:641} INFO - Processing file /home/airflow/.local/lib/python3.7/site-packages/airflow/example_dags/example_branch_python_dop_operator_3.py for tasks to queue
[2022-06-24 07:07:43,754] {logging_mixin.py:115} INFO - [2022-06-24 07:07:43,754] {dagbag.py:507} INFO - Filling up the DagBag from /home/airflow/.local/lib/python3.7/site-packages/airflow/example_dags/example_branch_python_dop_operator_3.py
[2022-06-24 07:07:43,763] {processor.py:651} INFO - DAG(s) dict_keys(['example_branch_dop_operator_v3']) retrieved from /home/airflow/.local/lib/python3.7/site-packages/airflow/example_dags/example_branch_python_dop_operator_3.py
[2022-06-24 07:07:43,787] {logging_mixin.py:115} INFO - [2022-06-24 07:07:43,787] {dag.py:2379} INFO - Sync 1 DAGs
[2022-06-24 07:07:43,806] {logging_mixin.py:115} INFO - [2022-06-24 07:07:43,806] {dag.py:2931} INFO - Setting next_dagrun for example_branch_dop_operator_v3 to 2022-06-24T07:06:00+00:00, run_after=2022-06-24T07:07:00+00:00
[2022-06-24 07:07:43,818] {processor.py:161} INFO - Processing /home/airflow/.local/lib/python3.7/site-packages/airflow/example_dags/example_branch_python_dop_operator_3.py took 0.070 seconds
[2022-06-24 07:08:14,185] {processor.py:153} INFO - Started process (PID=6655) to work on /home/airflow/.local/lib/python3.7/site-packages/airflow/example_dags/example_branch_python_dop_operator_3.py
[2022-06-24 07:08:14,186] {processor.py:641} INFO - Processing file /home/airflow/.local/lib/python3.7/site-packages/airflow/example_dags/example_branch_python_dop_operator_3.py for tasks to queue
[2022-06-24 07:08:14,187] {logging_mixin.py:115} INFO - [2022-06-24 07:08:14,187] {dagbag.py:507} INFO - Filling up the DagBag from /home/airflow/.local/lib/python3.7/site-packages/airflow/example_dags/example_branch_python_dop_operator_3.py
[2022-06-24 07:08:14,196] {processor.py:651} INFO - DAG(s) dict_keys(['example_branch_dop_operator_v3']) retrieved from /home/airflow/.local/lib/python3.7/site-packages/airflow/example_dags/example_branch_python_dop_operator_3.py
[2022-06-24 07:08:14,220] {logging_mixin.py:115} INFO - [2022-06-24 07:08:14,219] {dag.py:2379} INFO - Sync 1 DAGs
[2022-06-24 07:08:14,244] {logging_mixin.py:115} INFO - [2022-06-24 07:08:14,244] {dag.py:2931} INFO - Setting next_dagrun for example_branch_dop_operator_v3 to 2022-06-24T07:07:00+00:00, run_after=2022-06-24T07:08:00+00:00
[2022-06-24 07:08:14,257] {processor.py:161} INFO - Processing /home/airflow/.local/lib/python3.7/site-packages/airflow/example_dags/example_branch_python_dop_operator_3.py took 0.075 seconds
[2022-06-24 07:08:44,831] {processor.py:153} INFO - Started process (PID=6710) to work on /home/airflow/.local/lib/python3.7/site-packages/airflow/example_dags/example_branch_python_dop_operator_3.py
[2022-06-24 07:08:44,832] {processor.py:641} INFO - Processing file /home/airflow/.local/lib/python3.7/site-packages/airflow/example_dags/example_branch_python_dop_operator_3.py for tasks to queue
[2022-06-24 07:08:44,833] {logging_mixin.py:115} INFO - [2022-06-24 07:08:44,833] {dagbag.py:507} INFO - Filling up the DagBag from /home/airflow/.local/lib/python3.7/site-packages/airflow/example_dags/example_branch_python_dop_operator_3.py
[2022-06-24 07:08:44,841] {processor.py:651} INFO - DAG(s) dict_keys(['example_branch_dop_operator_v3']) retrieved from /home/airflow/.local/lib/python3.7/site-packages/airflow/example_dags/example_branch_python_dop_operator_3.py
[2022-06-24 07:08:44,865] {logging_mixin.py:115} INFO - [2022-06-24 07:08:44,864] {dag.py:2379} INFO - Sync 1 DAGs
[2022-06-24 07:08:44,883] {logging_mixin.py:115} INFO - [2022-06-24 07:08:44,883] {dag.py:2931} INFO - Setting next_dagrun for example_branch_dop_operator_v3 to 2022-06-24T07:07:00+00:00, run_after=2022-06-24T07:08:00+00:00
[2022-06-24 07:08:44,899] {processor.py:161} INFO - Processing /home/airflow/.local/lib/python3.7/site-packages/airflow/example_dags/example_branch_python_dop_operator_3.py took 0.073 seconds
[2022-06-24 07:09:15,153] {processor.py:153} INFO - Started process (PID=6774) to work on /home/airflow/.local/lib/python3.7/site-packages/airflow/example_dags/example_branch_python_dop_operator_3.py
[2022-06-24 07:09:15,154] {processor.py:641} INFO - Processing file /home/airflow/.local/lib/python3.7/site-packages/airflow/example_dags/example_branch_python_dop_operator_3.py for tasks to queue
[2022-06-24 07:09:15,155] {logging_mixin.py:115} INFO - [2022-06-24 07:09:15,155] {dagbag.py:507} INFO - Filling up the DagBag from /home/airflow/.local/lib/python3.7/site-packages/airflow/example_dags/example_branch_python_dop_operator_3.py
[2022-06-24 07:09:15,165] {processor.py:651} INFO - DAG(s) dict_keys(['example_branch_dop_operator_v3']) retrieved from /home/airflow/.local/lib/python3.7/site-packages/airflow/example_dags/example_branch_python_dop_operator_3.py
[2022-06-24 07:09:15,243] {logging_mixin.py:115} INFO - [2022-06-24 07:09:15,243] {dag.py:2379} INFO - Sync 1 DAGs
[2022-06-24 07:09:15,266] {logging_mixin.py:115} INFO - [2022-06-24 07:09:15,266] {dag.py:2931} INFO - Setting next_dagrun for example_branch_dop_operator_v3 to 2022-06-24T07:08:00+00:00, run_after=2022-06-24T07:09:00+00:00
[2022-06-24 07:09:15,282] {processor.py:161} INFO - Processing /home/airflow/.local/lib/python3.7/site-packages/airflow/example_dags/example_branch_python_dop_operator_3.py took 0.135 seconds
[2022-06-24 07:09:45,901] {processor.py:153} INFO - Started process (PID=6838) to work on /home/airflow/.local/lib/python3.7/site-packages/airflow/example_dags/example_branch_python_dop_operator_3.py
[2022-06-24 07:09:45,901] {processor.py:641} INFO - Processing file /home/airflow/.local/lib/python3.7/site-packages/airflow/example_dags/example_branch_python_dop_operator_3.py for tasks to queue
[2022-06-24 07:09:45,902] {logging_mixin.py:115} INFO - [2022-06-24 07:09:45,902] {dagbag.py:507} INFO - Filling up the DagBag from /home/airflow/.local/lib/python3.7/site-packages/airflow/example_dags/example_branch_python_dop_operator_3.py
[2022-06-24 07:09:45,913] {processor.py:651} INFO - DAG(s) dict_keys(['example_branch_dop_operator_v3']) retrieved from /home/airflow/.local/lib/python3.7/site-packages/airflow/example_dags/example_branch_python_dop_operator_3.py
[2022-06-24 07:09:45,938] {logging_mixin.py:115} INFO - [2022-06-24 07:09:45,938] {dag.py:2379} INFO - Sync 1 DAGs
[2022-06-24 07:09:45,963] {logging_mixin.py:115} INFO - [2022-06-24 07:09:45,963] {dag.py:2931} INFO - Setting next_dagrun for example_branch_dop_operator_v3 to 2022-06-24T07:08:00+00:00, run_after=2022-06-24T07:09:00+00:00
[2022-06-24 07:09:45,977] {processor.py:161} INFO - Processing /home/airflow/.local/lib/python3.7/site-packages/airflow/example_dags/example_branch_python_dop_operator_3.py took 0.079 seconds
[2022-06-24 07:10:16,309] {processor.py:153} INFO - Started process (PID=6893) to work on /home/airflow/.local/lib/python3.7/site-packages/airflow/example_dags/example_branch_python_dop_operator_3.py
[2022-06-24 07:10:16,310] {processor.py:641} INFO - Processing file /home/airflow/.local/lib/python3.7/site-packages/airflow/example_dags/example_branch_python_dop_operator_3.py for tasks to queue
[2022-06-24 07:10:16,311] {logging_mixin.py:115} INFO - [2022-06-24 07:10:16,311] {dagbag.py:507} INFO - Filling up the DagBag from /home/airflow/.local/lib/python3.7/site-packages/airflow/example_dags/example_branch_python_dop_operator_3.py
[2022-06-24 07:10:16,321] {processor.py:651} INFO - DAG(s) dict_keys(['example_branch_dop_operator_v3']) retrieved from /home/airflow/.local/lib/python3.7/site-packages/airflow/example_dags/example_branch_python_dop_operator_3.py
[2022-06-24 07:10:16,348] {logging_mixin.py:115} INFO - [2022-06-24 07:10:16,348] {dag.py:2379} INFO - Sync 1 DAGs
[2022-06-24 07:10:16,365] {logging_mixin.py:115} INFO - [2022-06-24 07:10:16,365] {dag.py:2931} INFO - Setting next_dagrun for example_branch_dop_operator_v3 to 2022-06-24T07:09:00+00:00, run_after=2022-06-24T07:10:00+00:00
[2022-06-24 07:10:16,379] {processor.py:161} INFO - Processing /home/airflow/.local/lib/python3.7/site-packages/airflow/example_dags/example_branch_python_dop_operator_3.py took 0.074 seconds
[2022-06-24 07:10:46,794] {processor.py:153} INFO - Started process (PID=6957) to work on /home/airflow/.local/lib/python3.7/site-packages/airflow/example_dags/example_branch_python_dop_operator_3.py
[2022-06-24 07:10:46,795] {processor.py:641} INFO - Processing file /home/airflow/.local/lib/python3.7/site-packages/airflow/example_dags/example_branch_python_dop_operator_3.py for tasks to queue
[2022-06-24 07:10:46,795] {logging_mixin.py:115} INFO - [2022-06-24 07:10:46,795] {dagbag.py:507} INFO - Filling up the DagBag from /home/airflow/.local/lib/python3.7/site-packages/airflow/example_dags/example_branch_python_dop_operator_3.py
[2022-06-24 07:10:46,803] {processor.py:651} INFO - DAG(s) dict_keys(['example_branch_dop_operator_v3']) retrieved from /home/airflow/.local/lib/python3.7/site-packages/airflow/example_dags/example_branch_python_dop_operator_3.py
[2022-06-24 07:10:46,830] {logging_mixin.py:115} INFO - [2022-06-24 07:10:46,829] {dag.py:2379} INFO - Sync 1 DAGs
[2022-06-24 07:10:46,849] {logging_mixin.py:115} INFO - [2022-06-24 07:10:46,849] {dag.py:2931} INFO - Setting next_dagrun for example_branch_dop_operator_v3 to 2022-06-24T07:09:00+00:00, run_after=2022-06-24T07:10:00+00:00
[2022-06-24 07:10:46,867] {processor.py:161} INFO - Processing /home/airflow/.local/lib/python3.7/site-packages/airflow/example_dags/example_branch_python_dop_operator_3.py took 0.076 seconds
[2022-06-24 07:11:16,975] {processor.py:153} INFO - Started process (PID=7021) to work on /home/airflow/.local/lib/python3.7/site-packages/airflow/example_dags/example_branch_python_dop_operator_3.py
[2022-06-24 07:11:16,976] {processor.py:641} INFO - Processing file /home/airflow/.local/lib/python3.7/site-packages/airflow/example_dags/example_branch_python_dop_operator_3.py for tasks to queue
[2022-06-24 07:11:16,977] {logging_mixin.py:115} INFO - [2022-06-24 07:11:16,976] {dagbag.py:507} INFO - Filling up the DagBag from /home/airflow/.local/lib/python3.7/site-packages/airflow/example_dags/example_branch_python_dop_operator_3.py
[2022-06-24 07:11:16,986] {processor.py:651} INFO - DAG(s) dict_keys(['example_branch_dop_operator_v3']) retrieved from /home/airflow/.local/lib/python3.7/site-packages/airflow/example_dags/example_branch_python_dop_operator_3.py
[2022-06-24 07:11:17,011] {logging_mixin.py:115} INFO - [2022-06-24 07:11:17,011] {dag.py:2379} INFO - Sync 1 DAGs
[2022-06-24 07:11:17,028] {logging_mixin.py:115} INFO - [2022-06-24 07:11:17,028] {dag.py:2931} INFO - Setting next_dagrun for example_branch_dop_operator_v3 to 2022-06-24T07:10:00+00:00, run_after=2022-06-24T07:11:00+00:00
[2022-06-24 07:11:17,046] {processor.py:161} INFO - Processing /home/airflow/.local/lib/python3.7/site-packages/airflow/example_dags/example_branch_python_dop_operator_3.py took 0.074 seconds
[2022-06-24 07:11:47,474] {processor.py:153} INFO - Started process (PID=7086) to work on /home/airflow/.local/lib/python3.7/site-packages/airflow/example_dags/example_branch_python_dop_operator_3.py
[2022-06-24 07:11:47,475] {processor.py:641} INFO - Processing file /home/airflow/.local/lib/python3.7/site-packages/airflow/example_dags/example_branch_python_dop_operator_3.py for tasks to queue
[2022-06-24 07:11:47,476] {logging_mixin.py:115} INFO - [2022-06-24 07:11:47,476] {dagbag.py:507} INFO - Filling up the DagBag from /home/airflow/.local/lib/python3.7/site-packages/airflow/example_dags/example_branch_python_dop_operator_3.py
[2022-06-24 07:11:47,484] {processor.py:651} INFO - DAG(s) dict_keys(['example_branch_dop_operator_v3']) retrieved from /home/airflow/.local/lib/python3.7/site-packages/airflow/example_dags/example_branch_python_dop_operator_3.py
[2022-06-24 07:11:47,510] {logging_mixin.py:115} INFO - [2022-06-24 07:11:47,510] {dag.py:2379} INFO - Sync 1 DAGs
[2022-06-24 07:11:47,528] {logging_mixin.py:115} INFO - [2022-06-24 07:11:47,528] {dag.py:2931} INFO - Setting next_dagrun for example_branch_dop_operator_v3 to 2022-06-24T07:10:00+00:00, run_after=2022-06-24T07:11:00+00:00
[2022-06-24 07:11:47,545] {processor.py:161} INFO - Processing /home/airflow/.local/lib/python3.7/site-packages/airflow/example_dags/example_branch_python_dop_operator_3.py took 0.074 seconds
[2022-06-24 07:12:17,713] {processor.py:153} INFO - Started process (PID=7141) to work on /home/airflow/.local/lib/python3.7/site-packages/airflow/example_dags/example_branch_python_dop_operator_3.py
[2022-06-24 07:12:17,714] {processor.py:641} INFO - Processing file /home/airflow/.local/lib/python3.7/site-packages/airflow/example_dags/example_branch_python_dop_operator_3.py for tasks to queue
[2022-06-24 07:12:17,715] {logging_mixin.py:115} INFO - [2022-06-24 07:12:17,715] {dagbag.py:507} INFO - Filling up the DagBag from /home/airflow/.local/lib/python3.7/site-packages/airflow/example_dags/example_branch_python_dop_operator_3.py
[2022-06-24 07:12:17,726] {processor.py:651} INFO - DAG(s) dict_keys(['example_branch_dop_operator_v3']) retrieved from /home/airflow/.local/lib/python3.7/site-packages/airflow/example_dags/example_branch_python_dop_operator_3.py
[2022-06-24 07:12:17,753] {logging_mixin.py:115} INFO - [2022-06-24 07:12:17,753] {dag.py:2379} INFO - Sync 1 DAGs
[2022-06-24 07:12:17,774] {logging_mixin.py:115} INFO - [2022-06-24 07:12:17,773] {dag.py:2931} INFO - Setting next_dagrun for example_branch_dop_operator_v3 to 2022-06-24T07:11:00+00:00, run_after=2022-06-24T07:12:00+00:00
[2022-06-24 07:12:17,789] {processor.py:161} INFO - Processing /home/airflow/.local/lib/python3.7/site-packages/airflow/example_dags/example_branch_python_dop_operator_3.py took 0.079 seconds
[2022-06-24 07:12:47,870] {processor.py:153} INFO - Started process (PID=7205) to work on /home/airflow/.local/lib/python3.7/site-packages/airflow/example_dags/example_branch_python_dop_operator_3.py
[2022-06-24 07:12:47,871] {processor.py:641} INFO - Processing file /home/airflow/.local/lib/python3.7/site-packages/airflow/example_dags/example_branch_python_dop_operator_3.py for tasks to queue
[2022-06-24 07:12:47,872] {logging_mixin.py:115} INFO - [2022-06-24 07:12:47,872] {dagbag.py:507} INFO - Filling up the DagBag from /home/airflow/.local/lib/python3.7/site-packages/airflow/example_dags/example_branch_python_dop_operator_3.py
[2022-06-24 07:12:47,882] {processor.py:651} INFO - DAG(s) dict_keys(['example_branch_dop_operator_v3']) retrieved from /home/airflow/.local/lib/python3.7/site-packages/airflow/example_dags/example_branch_python_dop_operator_3.py
[2022-06-24 07:12:47,918] {logging_mixin.py:115} INFO - [2022-06-24 07:12:47,918] {dag.py:2379} INFO - Sync 1 DAGs
[2022-06-24 07:12:47,940] {logging_mixin.py:115} INFO - [2022-06-24 07:12:47,940] {dag.py:2931} INFO - Setting next_dagrun for example_branch_dop_operator_v3 to 2022-06-24T07:11:00+00:00, run_after=2022-06-24T07:12:00+00:00
[2022-06-24 07:12:47,952] {processor.py:161} INFO - Processing /home/airflow/.local/lib/python3.7/site-packages/airflow/example_dags/example_branch_python_dop_operator_3.py took 0.086 seconds
[2022-06-24 07:13:18,179] {processor.py:153} INFO - Started process (PID=7269) to work on /home/airflow/.local/lib/python3.7/site-packages/airflow/example_dags/example_branch_python_dop_operator_3.py
[2022-06-24 07:13:18,180] {processor.py:641} INFO - Processing file /home/airflow/.local/lib/python3.7/site-packages/airflow/example_dags/example_branch_python_dop_operator_3.py for tasks to queue
[2022-06-24 07:13:18,181] {logging_mixin.py:115} INFO - [2022-06-24 07:13:18,181] {dagbag.py:507} INFO - Filling up the DagBag from /home/airflow/.local/lib/python3.7/site-packages/airflow/example_dags/example_branch_python_dop_operator_3.py
[2022-06-24 07:13:18,190] {processor.py:651} INFO - DAG(s) dict_keys(['example_branch_dop_operator_v3']) retrieved from /home/airflow/.local/lib/python3.7/site-packages/airflow/example_dags/example_branch_python_dop_operator_3.py
[2022-06-24 07:13:18,215] {logging_mixin.py:115} INFO - [2022-06-24 07:13:18,214] {dag.py:2379} INFO - Sync 1 DAGs
[2022-06-24 07:13:18,234] {logging_mixin.py:115} INFO - [2022-06-24 07:13:18,234] {dag.py:2931} INFO - Setting next_dagrun for example_branch_dop_operator_v3 to 2022-06-24T07:12:00+00:00, run_after=2022-06-24T07:13:00+00:00
[2022-06-24 07:13:18,248] {processor.py:161} INFO - Processing /home/airflow/.local/lib/python3.7/site-packages/airflow/example_dags/example_branch_python_dop_operator_3.py took 0.073 seconds
[2022-06-24 07:13:48,856] {processor.py:153} INFO - Started process (PID=7333) to work on /home/airflow/.local/lib/python3.7/site-packages/airflow/example_dags/example_branch_python_dop_operator_3.py
[2022-06-24 07:13:48,857] {processor.py:641} INFO - Processing file /home/airflow/.local/lib/python3.7/site-packages/airflow/example_dags/example_branch_python_dop_operator_3.py for tasks to queue
[2022-06-24 07:13:48,857] {logging_mixin.py:115} INFO - [2022-06-24 07:13:48,857] {dagbag.py:507} INFO - Filling up the DagBag from /home/airflow/.local/lib/python3.7/site-packages/airflow/example_dags/example_branch_python_dop_operator_3.py
[2022-06-24 07:13:48,870] {processor.py:651} INFO - DAG(s) dict_keys(['example_branch_dop_operator_v3']) retrieved from /home/airflow/.local/lib/python3.7/site-packages/airflow/example_dags/example_branch_python_dop_operator_3.py
[2022-06-24 07:13:48,894] {logging_mixin.py:115} INFO - [2022-06-24 07:13:48,893] {dag.py:2379} INFO - Sync 1 DAGs
[2022-06-24 07:13:48,916] {logging_mixin.py:115} INFO - [2022-06-24 07:13:48,916] {dag.py:2931} INFO - Setting next_dagrun for example_branch_dop_operator_v3 to 2022-06-24T07:12:00+00:00, run_after=2022-06-24T07:13:00+00:00
[2022-06-24 07:13:48,930] {processor.py:161} INFO - Processing /home/airflow/.local/lib/python3.7/site-packages/airflow/example_dags/example_branch_python_dop_operator_3.py took 0.078 seconds
[2022-06-24 07:14:19,461] {processor.py:153} INFO - Started process (PID=7388) to work on /home/airflow/.local/lib/python3.7/site-packages/airflow/example_dags/example_branch_python_dop_operator_3.py
[2022-06-24 07:14:19,463] {processor.py:641} INFO - Processing file /home/airflow/.local/lib/python3.7/site-packages/airflow/example_dags/example_branch_python_dop_operator_3.py for tasks to queue
[2022-06-24 07:14:19,464] {logging_mixin.py:115} INFO - [2022-06-24 07:14:19,464] {dagbag.py:507} INFO - Filling up the DagBag from /home/airflow/.local/lib/python3.7/site-packages/airflow/example_dags/example_branch_python_dop_operator_3.py
[2022-06-24 07:14:19,474] {processor.py:651} INFO - DAG(s) dict_keys(['example_branch_dop_operator_v3']) retrieved from /home/airflow/.local/lib/python3.7/site-packages/airflow/example_dags/example_branch_python_dop_operator_3.py
[2022-06-24 07:14:19,495] {logging_mixin.py:115} INFO - [2022-06-24 07:14:19,495] {dag.py:2379} INFO - Sync 1 DAGs
[2022-06-24 07:14:19,514] {logging_mixin.py:115} INFO - [2022-06-24 07:14:19,514] {dag.py:2931} INFO - Setting next_dagrun for example_branch_dop_operator_v3 to 2022-06-24T07:13:00+00:00, run_after=2022-06-24T07:14:00+00:00
[2022-06-24 07:14:19,531] {processor.py:161} INFO - Processing /home/airflow/.local/lib/python3.7/site-packages/airflow/example_dags/example_branch_python_dop_operator_3.py took 0.073 seconds
[2022-06-24 07:14:49,844] {processor.py:153} INFO - Started process (PID=7452) to work on /home/airflow/.local/lib/python3.7/site-packages/airflow/example_dags/example_branch_python_dop_operator_3.py
[2022-06-24 07:14:49,845] {processor.py:641} INFO - Processing file /home/airflow/.local/lib/python3.7/site-packages/airflow/example_dags/example_branch_python_dop_operator_3.py for tasks to queue
[2022-06-24 07:14:49,845] {logging_mixin.py:115} INFO - [2022-06-24 07:14:49,845] {dagbag.py:507} INFO - Filling up the DagBag from /home/airflow/.local/lib/python3.7/site-packages/airflow/example_dags/example_branch_python_dop_operator_3.py
[2022-06-24 07:14:49,857] {processor.py:651} INFO - DAG(s) dict_keys(['example_branch_dop_operator_v3']) retrieved from /home/airflow/.local/lib/python3.7/site-packages/airflow/example_dags/example_branch_python_dop_operator_3.py
[2022-06-24 07:14:49,879] {logging_mixin.py:115} INFO - [2022-06-24 07:14:49,879] {dag.py:2379} INFO - Sync 1 DAGs
[2022-06-24 07:14:49,899] {logging_mixin.py:115} INFO - [2022-06-24 07:14:49,898] {dag.py:2931} INFO - Setting next_dagrun for example_branch_dop_operator_v3 to 2022-06-24T07:13:00+00:00, run_after=2022-06-24T07:14:00+00:00
[2022-06-24 07:14:49,911] {processor.py:161} INFO - Processing /home/airflow/.local/lib/python3.7/site-packages/airflow/example_dags/example_branch_python_dop_operator_3.py took 0.070 seconds
[2022-06-24 07:15:20,345] {processor.py:153} INFO - Started process (PID=7517) to work on /home/airflow/.local/lib/python3.7/site-packages/airflow/example_dags/example_branch_python_dop_operator_3.py
[2022-06-24 07:15:20,346] {processor.py:641} INFO - Processing file /home/airflow/.local/lib/python3.7/site-packages/airflow/example_dags/example_branch_python_dop_operator_3.py for tasks to queue
[2022-06-24 07:15:20,347] {logging_mixin.py:115} INFO - [2022-06-24 07:15:20,347] {dagbag.py:507} INFO - Filling up the DagBag from /home/airflow/.local/lib/python3.7/site-packages/airflow/example_dags/example_branch_python_dop_operator_3.py
[2022-06-24 07:15:20,358] {processor.py:651} INFO - DAG(s) dict_keys(['example_branch_dop_operator_v3']) retrieved from /home/airflow/.local/lib/python3.7/site-packages/airflow/example_dags/example_branch_python_dop_operator_3.py
[2022-06-24 07:15:20,380] {logging_mixin.py:115} INFO - [2022-06-24 07:15:20,380] {dag.py:2379} INFO - Sync 1 DAGs
[2022-06-24 07:15:20,399] {logging_mixin.py:115} INFO - [2022-06-24 07:15:20,399] {dag.py:2931} INFO - Setting next_dagrun for example_branch_dop_operator_v3 to 2022-06-24T07:14:00+00:00, run_after=2022-06-24T07:15:00+00:00
[2022-06-24 07:15:20,416] {processor.py:161} INFO - Processing /home/airflow/.local/lib/python3.7/site-packages/airflow/example_dags/example_branch_python_dop_operator_3.py took 0.075 seconds
[2022-06-24 07:15:50,844] {processor.py:153} INFO - Started process (PID=7572) to work on /home/airflow/.local/lib/python3.7/site-packages/airflow/example_dags/example_branch_python_dop_operator_3.py
[2022-06-24 07:15:50,845] {processor.py:641} INFO - Processing file /home/airflow/.local/lib/python3.7/site-packages/airflow/example_dags/example_branch_python_dop_operator_3.py for tasks to queue
[2022-06-24 07:15:50,846] {logging_mixin.py:115} INFO - [2022-06-24 07:15:50,846] {dagbag.py:507} INFO - Filling up the DagBag from /home/airflow/.local/lib/python3.7/site-packages/airflow/example_dags/example_branch_python_dop_operator_3.py
[2022-06-24 07:15:50,857] {processor.py:651} INFO - DAG(s) dict_keys(['example_branch_dop_operator_v3']) retrieved from /home/airflow/.local/lib/python3.7/site-packages/airflow/example_dags/example_branch_python_dop_operator_3.py
[2022-06-24 07:15:50,880] {logging_mixin.py:115} INFO - [2022-06-24 07:15:50,880] {dag.py:2379} INFO - Sync 1 DAGs
[2022-06-24 07:15:50,902] {logging_mixin.py:115} INFO - [2022-06-24 07:15:50,902] {dag.py:2931} INFO - Setting next_dagrun for example_branch_dop_operator_v3 to 2022-06-24T07:14:00+00:00, run_after=2022-06-24T07:15:00+00:00
[2022-06-24 07:15:50,914] {processor.py:161} INFO - Processing /home/airflow/.local/lib/python3.7/site-packages/airflow/example_dags/example_branch_python_dop_operator_3.py took 0.073 seconds
[2022-06-24 07:16:21,182] {processor.py:153} INFO - Started process (PID=7636) to work on /home/airflow/.local/lib/python3.7/site-packages/airflow/example_dags/example_branch_python_dop_operator_3.py
[2022-06-24 07:16:21,184] {processor.py:641} INFO - Processing file /home/airflow/.local/lib/python3.7/site-packages/airflow/example_dags/example_branch_python_dop_operator_3.py for tasks to queue
[2022-06-24 07:16:21,184] {logging_mixin.py:115} INFO - [2022-06-24 07:16:21,184] {dagbag.py:507} INFO - Filling up the DagBag from /home/airflow/.local/lib/python3.7/site-packages/airflow/example_dags/example_branch_python_dop_operator_3.py
[2022-06-24 07:16:21,198] {processor.py:651} INFO - DAG(s) dict_keys(['example_branch_dop_operator_v3']) retrieved from /home/airflow/.local/lib/python3.7/site-packages/airflow/example_dags/example_branch_python_dop_operator_3.py
[2022-06-24 07:16:21,222] {logging_mixin.py:115} INFO - [2022-06-24 07:16:21,222] {dag.py:2379} INFO - Sync 1 DAGs
[2022-06-24 07:16:21,242] {logging_mixin.py:115} INFO - [2022-06-24 07:16:21,242] {dag.py:2931} INFO - Setting next_dagrun for example_branch_dop_operator_v3 to 2022-06-24T07:15:00+00:00, run_after=2022-06-24T07:16:00+00:00
[2022-06-24 07:16:21,255] {processor.py:161} INFO - Processing /home/airflow/.local/lib/python3.7/site-packages/airflow/example_dags/example_branch_python_dop_operator_3.py took 0.077 seconds
[2022-06-24 07:16:51,877] {processor.py:153} INFO - Started process (PID=7700) to work on /home/airflow/.local/lib/python3.7/site-packages/airflow/example_dags/example_branch_python_dop_operator_3.py
[2022-06-24 07:16:51,878] {processor.py:641} INFO - Processing file /home/airflow/.local/lib/python3.7/site-packages/airflow/example_dags/example_branch_python_dop_operator_3.py for tasks to queue
[2022-06-24 07:16:51,879] {logging_mixin.py:115} INFO - [2022-06-24 07:16:51,878] {dagbag.py:507} INFO - Filling up the DagBag from /home/airflow/.local/lib/python3.7/site-packages/airflow/example_dags/example_branch_python_dop_operator_3.py
[2022-06-24 07:16:51,891] {processor.py:651} INFO - DAG(s) dict_keys(['example_branch_dop_operator_v3']) retrieved from /home/airflow/.local/lib/python3.7/site-packages/airflow/example_dags/example_branch_python_dop_operator_3.py
[2022-06-24 07:16:51,919] {logging_mixin.py:115} INFO - [2022-06-24 07:16:51,919] {dag.py:2379} INFO - Sync 1 DAGs
[2022-06-24 07:16:51,941] {logging_mixin.py:115} INFO - [2022-06-24 07:16:51,941] {dag.py:2931} INFO - Setting next_dagrun for example_branch_dop_operator_v3 to 2022-06-24T07:15:00+00:00, run_after=2022-06-24T07:16:00+00:00
[2022-06-24 07:16:51,955] {processor.py:161} INFO - Processing /home/airflow/.local/lib/python3.7/site-packages/airflow/example_dags/example_branch_python_dop_operator_3.py took 0.082 seconds
[2022-06-24 07:17:22,553] {processor.py:153} INFO - Started process (PID=7764) to work on /home/airflow/.local/lib/python3.7/site-packages/airflow/example_dags/example_branch_python_dop_operator_3.py
[2022-06-24 07:17:22,554] {processor.py:641} INFO - Processing file /home/airflow/.local/lib/python3.7/site-packages/airflow/example_dags/example_branch_python_dop_operator_3.py for tasks to queue
[2022-06-24 07:17:22,554] {logging_mixin.py:115} INFO - [2022-06-24 07:17:22,554] {dagbag.py:507} INFO - Filling up the DagBag from /home/airflow/.local/lib/python3.7/site-packages/airflow/example_dags/example_branch_python_dop_operator_3.py
[2022-06-24 07:17:22,566] {processor.py:651} INFO - DAG(s) dict_keys(['example_branch_dop_operator_v3']) retrieved from /home/airflow/.local/lib/python3.7/site-packages/airflow/example_dags/example_branch_python_dop_operator_3.py
[2022-06-24 07:17:22,593] {logging_mixin.py:115} INFO - [2022-06-24 07:17:22,593] {dag.py:2379} INFO - Sync 1 DAGs
[2022-06-24 07:17:22,615] {logging_mixin.py:115} INFO - [2022-06-24 07:17:22,615] {dag.py:2931} INFO - Setting next_dagrun for example_branch_dop_operator_v3 to 2022-06-24T07:16:00+00:00, run_after=2022-06-24T07:17:00+00:00
[2022-06-24 07:17:22,630] {processor.py:161} INFO - Processing /home/airflow/.local/lib/python3.7/site-packages/airflow/example_dags/example_branch_python_dop_operator_3.py took 0.081 seconds
[2022-06-24 07:17:53,200] {processor.py:153} INFO - Started process (PID=7819) to work on /home/airflow/.local/lib/python3.7/site-packages/airflow/example_dags/example_branch_python_dop_operator_3.py
[2022-06-24 07:17:53,201] {processor.py:641} INFO - Processing file /home/airflow/.local/lib/python3.7/site-packages/airflow/example_dags/example_branch_python_dop_operator_3.py for tasks to queue
[2022-06-24 07:17:53,202] {logging_mixin.py:115} INFO - [2022-06-24 07:17:53,202] {dagbag.py:507} INFO - Filling up the DagBag from /home/airflow/.local/lib/python3.7/site-packages/airflow/example_dags/example_branch_python_dop_operator_3.py
[2022-06-24 07:17:53,215] {processor.py:651} INFO - DAG(s) dict_keys(['example_branch_dop_operator_v3']) retrieved from /home/airflow/.local/lib/python3.7/site-packages/airflow/example_dags/example_branch_python_dop_operator_3.py
[2022-06-24 07:17:53,238] {logging_mixin.py:115} INFO - [2022-06-24 07:17:53,238] {dag.py:2379} INFO - Sync 1 DAGs
[2022-06-24 07:17:53,263] {logging_mixin.py:115} INFO - [2022-06-24 07:17:53,262] {dag.py:2931} INFO - Setting next_dagrun for example_branch_dop_operator_v3 to 2022-06-24T07:16:00+00:00, run_after=2022-06-24T07:17:00+00:00
[2022-06-24 07:17:53,278] {processor.py:161} INFO - Processing /home/airflow/.local/lib/python3.7/site-packages/airflow/example_dags/example_branch_python_dop_operator_3.py took 0.081 seconds
[2022-06-24 07:18:23,995] {processor.py:153} INFO - Started process (PID=7883) to work on /home/airflow/.local/lib/python3.7/site-packages/airflow/example_dags/example_branch_python_dop_operator_3.py
[2022-06-24 07:18:23,996] {processor.py:641} INFO - Processing file /home/airflow/.local/lib/python3.7/site-packages/airflow/example_dags/example_branch_python_dop_operator_3.py for tasks to queue
[2022-06-24 07:18:23,997] {logging_mixin.py:115} INFO - [2022-06-24 07:18:23,997] {dagbag.py:507} INFO - Filling up the DagBag from /home/airflow/.local/lib/python3.7/site-packages/airflow/example_dags/example_branch_python_dop_operator_3.py
[2022-06-24 07:18:24,008] {processor.py:651} INFO - DAG(s) dict_keys(['example_branch_dop_operator_v3']) retrieved from /home/airflow/.local/lib/python3.7/site-packages/airflow/example_dags/example_branch_python_dop_operator_3.py
[2022-06-24 07:18:24,038] {logging_mixin.py:115} INFO - [2022-06-24 07:18:24,037] {dag.py:2379} INFO - Sync 1 DAGs
[2022-06-24 07:18:24,060] {logging_mixin.py:115} INFO - [2022-06-24 07:18:24,060] {dag.py:2931} INFO - Setting next_dagrun for example_branch_dop_operator_v3 to 2022-06-24T07:17:00+00:00, run_after=2022-06-24T07:18:00+00:00
[2022-06-24 07:18:24,079] {processor.py:161} INFO - Processing /home/airflow/.local/lib/python3.7/site-packages/airflow/example_dags/example_branch_python_dop_operator_3.py took 0.088 seconds
[2022-06-24 07:18:54,583] {processor.py:153} INFO - Started process (PID=7948) to work on /home/airflow/.local/lib/python3.7/site-packages/airflow/example_dags/example_branch_python_dop_operator_3.py
[2022-06-24 07:18:54,583] {processor.py:641} INFO - Processing file /home/airflow/.local/lib/python3.7/site-packages/airflow/example_dags/example_branch_python_dop_operator_3.py for tasks to queue
[2022-06-24 07:18:54,584] {logging_mixin.py:115} INFO - [2022-06-24 07:18:54,584] {dagbag.py:507} INFO - Filling up the DagBag from /home/airflow/.local/lib/python3.7/site-packages/airflow/example_dags/example_branch_python_dop_operator_3.py
[2022-06-24 07:18:54,595] {processor.py:651} INFO - DAG(s) dict_keys(['example_branch_dop_operator_v3']) retrieved from /home/airflow/.local/lib/python3.7/site-packages/airflow/example_dags/example_branch_python_dop_operator_3.py
[2022-06-24 07:18:54,626] {logging_mixin.py:115} INFO - [2022-06-24 07:18:54,626] {dag.py:2379} INFO - Sync 1 DAGs
[2022-06-24 07:18:54,685] {logging_mixin.py:115} INFO - [2022-06-24 07:18:54,685] {dag.py:2931} INFO - Setting next_dagrun for example_branch_dop_operator_v3 to 2022-06-24T07:17:00+00:00, run_after=2022-06-24T07:18:00+00:00
[2022-06-24 07:18:54,710] {processor.py:161} INFO - Processing /home/airflow/.local/lib/python3.7/site-packages/airflow/example_dags/example_branch_python_dop_operator_3.py took 0.131 seconds
[2022-06-24 07:19:24,896] {processor.py:153} INFO - Started process (PID=8002) to work on /home/airflow/.local/lib/python3.7/site-packages/airflow/example_dags/example_branch_python_dop_operator_3.py
[2022-06-24 07:19:24,897] {processor.py:641} INFO - Processing file /home/airflow/.local/lib/python3.7/site-packages/airflow/example_dags/example_branch_python_dop_operator_3.py for tasks to queue
[2022-06-24 07:19:24,898] {logging_mixin.py:115} INFO - [2022-06-24 07:19:24,898] {dagbag.py:507} INFO - Filling up the DagBag from /home/airflow/.local/lib/python3.7/site-packages/airflow/example_dags/example_branch_python_dop_operator_3.py
[2022-06-24 07:19:24,906] {processor.py:651} INFO - DAG(s) dict_keys(['example_branch_dop_operator_v3']) retrieved from /home/airflow/.local/lib/python3.7/site-packages/airflow/example_dags/example_branch_python_dop_operator_3.py
[2022-06-24 07:19:24,928] {logging_mixin.py:115} INFO - [2022-06-24 07:19:24,928] {dag.py:2379} INFO - Sync 1 DAGs
[2022-06-24 07:19:24,950] {logging_mixin.py:115} INFO - [2022-06-24 07:19:24,950] {dag.py:2931} INFO - Setting next_dagrun for example_branch_dop_operator_v3 to 2022-06-24T07:18:00+00:00, run_after=2022-06-24T07:19:00+00:00
[2022-06-24 07:19:24,965] {processor.py:161} INFO - Processing /home/airflow/.local/lib/python3.7/site-packages/airflow/example_dags/example_branch_python_dop_operator_3.py took 0.073 seconds
[2022-06-24 07:19:55,527] {processor.py:153} INFO - Started process (PID=8067) to work on /home/airflow/.local/lib/python3.7/site-packages/airflow/example_dags/example_branch_python_dop_operator_3.py
[2022-06-24 07:19:55,528] {processor.py:641} INFO - Processing file /home/airflow/.local/lib/python3.7/site-packages/airflow/example_dags/example_branch_python_dop_operator_3.py for tasks to queue
[2022-06-24 07:19:55,529] {logging_mixin.py:115} INFO - [2022-06-24 07:19:55,529] {dagbag.py:507} INFO - Filling up the DagBag from /home/airflow/.local/lib/python3.7/site-packages/airflow/example_dags/example_branch_python_dop_operator_3.py
[2022-06-24 07:19:55,540] {processor.py:651} INFO - DAG(s) dict_keys(['example_branch_dop_operator_v3']) retrieved from /home/airflow/.local/lib/python3.7/site-packages/airflow/example_dags/example_branch_python_dop_operator_3.py
[2022-06-24 07:19:55,567] {logging_mixin.py:115} INFO - [2022-06-24 07:19:55,567] {dag.py:2379} INFO - Sync 1 DAGs
[2022-06-24 07:19:55,589] {logging_mixin.py:115} INFO - [2022-06-24 07:19:55,589] {dag.py:2931} INFO - Setting next_dagrun for example_branch_dop_operator_v3 to 2022-06-24T07:18:00+00:00, run_after=2022-06-24T07:19:00+00:00
[2022-06-24 07:19:55,604] {processor.py:161} INFO - Processing /home/airflow/.local/lib/python3.7/site-packages/airflow/example_dags/example_branch_python_dop_operator_3.py took 0.080 seconds
[2022-06-24 07:20:25,676] {processor.py:153} INFO - Started process (PID=8131) to work on /home/airflow/.local/lib/python3.7/site-packages/airflow/example_dags/example_branch_python_dop_operator_3.py
[2022-06-24 07:20:25,677] {processor.py:641} INFO - Processing file /home/airflow/.local/lib/python3.7/site-packages/airflow/example_dags/example_branch_python_dop_operator_3.py for tasks to queue
[2022-06-24 07:20:25,678] {logging_mixin.py:115} INFO - [2022-06-24 07:20:25,678] {dagbag.py:507} INFO - Filling up the DagBag from /home/airflow/.local/lib/python3.7/site-packages/airflow/example_dags/example_branch_python_dop_operator_3.py
[2022-06-24 07:20:25,688] {processor.py:651} INFO - DAG(s) dict_keys(['example_branch_dop_operator_v3']) retrieved from /home/airflow/.local/lib/python3.7/site-packages/airflow/example_dags/example_branch_python_dop_operator_3.py
[2022-06-24 07:20:25,716] {logging_mixin.py:115} INFO - [2022-06-24 07:20:25,716] {dag.py:2379} INFO - Sync 1 DAGs
[2022-06-24 07:20:25,737] {logging_mixin.py:115} INFO - [2022-06-24 07:20:25,737] {dag.py:2931} INFO - Setting next_dagrun for example_branch_dop_operator_v3 to 2022-06-24T07:19:00+00:00, run_after=2022-06-24T07:20:00+00:00
[2022-06-24 07:20:25,749] {processor.py:161} INFO - Processing /home/airflow/.local/lib/python3.7/site-packages/airflow/example_dags/example_branch_python_dop_operator_3.py took 0.077 seconds
[2022-06-24 07:20:56,222] {processor.py:153} INFO - Started process (PID=8195) to work on /home/airflow/.local/lib/python3.7/site-packages/airflow/example_dags/example_branch_python_dop_operator_3.py
[2022-06-24 07:20:56,223] {processor.py:641} INFO - Processing file /home/airflow/.local/lib/python3.7/site-packages/airflow/example_dags/example_branch_python_dop_operator_3.py for tasks to queue
[2022-06-24 07:20:56,224] {logging_mixin.py:115} INFO - [2022-06-24 07:20:56,224] {dagbag.py:507} INFO - Filling up the DagBag from /home/airflow/.local/lib/python3.7/site-packages/airflow/example_dags/example_branch_python_dop_operator_3.py
[2022-06-24 07:20:56,232] {processor.py:651} INFO - DAG(s) dict_keys(['example_branch_dop_operator_v3']) retrieved from /home/airflow/.local/lib/python3.7/site-packages/airflow/example_dags/example_branch_python_dop_operator_3.py
[2022-06-24 07:20:56,266] {logging_mixin.py:115} INFO - [2022-06-24 07:20:56,266] {dag.py:2379} INFO - Sync 1 DAGs
[2022-06-24 07:20:56,305] {logging_mixin.py:115} INFO - [2022-06-24 07:20:56,305] {dag.py:2931} INFO - Setting next_dagrun for example_branch_dop_operator_v3 to 2022-06-24T07:19:00+00:00, run_after=2022-06-24T07:20:00+00:00
[2022-06-24 07:20:56,332] {processor.py:161} INFO - Processing /home/airflow/.local/lib/python3.7/site-packages/airflow/example_dags/example_branch_python_dop_operator_3.py took 0.113 seconds
[2022-06-24 07:21:26,987] {processor.py:153} INFO - Started process (PID=8249) to work on /home/airflow/.local/lib/python3.7/site-packages/airflow/example_dags/example_branch_python_dop_operator_3.py
[2022-06-24 07:21:26,988] {processor.py:641} INFO - Processing file /home/airflow/.local/lib/python3.7/site-packages/airflow/example_dags/example_branch_python_dop_operator_3.py for tasks to queue
[2022-06-24 07:21:26,989] {logging_mixin.py:115} INFO - [2022-06-24 07:21:26,989] {dagbag.py:507} INFO - Filling up the DagBag from /home/airflow/.local/lib/python3.7/site-packages/airflow/example_dags/example_branch_python_dop_operator_3.py
[2022-06-24 07:21:26,998] {processor.py:651} INFO - DAG(s) dict_keys(['example_branch_dop_operator_v3']) retrieved from /home/airflow/.local/lib/python3.7/site-packages/airflow/example_dags/example_branch_python_dop_operator_3.py
[2022-06-24 07:21:27,025] {logging_mixin.py:115} INFO - [2022-06-24 07:21:27,025] {dag.py:2379} INFO - Sync 1 DAGs
[2022-06-24 07:21:27,045] {logging_mixin.py:115} INFO - [2022-06-24 07:21:27,044] {dag.py:2931} INFO - Setting next_dagrun for example_branch_dop_operator_v3 to 2022-06-24T07:20:00+00:00, run_after=2022-06-24T07:21:00+00:00
[2022-06-24 07:21:27,058] {processor.py:161} INFO - Processing /home/airflow/.local/lib/python3.7/site-packages/airflow/example_dags/example_branch_python_dop_operator_3.py took 0.075 seconds
[2022-06-24 07:21:57,479] {processor.py:153} INFO - Started process (PID=8313) to work on /home/airflow/.local/lib/python3.7/site-packages/airflow/example_dags/example_branch_python_dop_operator_3.py
[2022-06-24 07:21:57,480] {processor.py:641} INFO - Processing file /home/airflow/.local/lib/python3.7/site-packages/airflow/example_dags/example_branch_python_dop_operator_3.py for tasks to queue
[2022-06-24 07:21:57,481] {logging_mixin.py:115} INFO - [2022-06-24 07:21:57,480] {dagbag.py:507} INFO - Filling up the DagBag from /home/airflow/.local/lib/python3.7/site-packages/airflow/example_dags/example_branch_python_dop_operator_3.py
[2022-06-24 07:21:57,488] {processor.py:651} INFO - DAG(s) dict_keys(['example_branch_dop_operator_v3']) retrieved from /home/airflow/.local/lib/python3.7/site-packages/airflow/example_dags/example_branch_python_dop_operator_3.py
[2022-06-24 07:21:57,517] {logging_mixin.py:115} INFO - [2022-06-24 07:21:57,517] {dag.py:2379} INFO - Sync 1 DAGs
[2022-06-24 07:21:57,538] {logging_mixin.py:115} INFO - [2022-06-24 07:21:57,538] {dag.py:2931} INFO - Setting next_dagrun for example_branch_dop_operator_v3 to 2022-06-24T07:20:00+00:00, run_after=2022-06-24T07:21:00+00:00
[2022-06-24 07:21:57,551] {processor.py:161} INFO - Processing /home/airflow/.local/lib/python3.7/site-packages/airflow/example_dags/example_branch_python_dop_operator_3.py took 0.076 seconds
[2022-06-24 07:22:28,245] {processor.py:153} INFO - Started process (PID=8378) to work on /home/airflow/.local/lib/python3.7/site-packages/airflow/example_dags/example_branch_python_dop_operator_3.py
[2022-06-24 07:22:28,246] {processor.py:641} INFO - Processing file /home/airflow/.local/lib/python3.7/site-packages/airflow/example_dags/example_branch_python_dop_operator_3.py for tasks to queue
[2022-06-24 07:22:28,247] {logging_mixin.py:115} INFO - [2022-06-24 07:22:28,247] {dagbag.py:507} INFO - Filling up the DagBag from /home/airflow/.local/lib/python3.7/site-packages/airflow/example_dags/example_branch_python_dop_operator_3.py
[2022-06-24 07:22:28,261] {processor.py:651} INFO - DAG(s) dict_keys(['example_branch_dop_operator_v3']) retrieved from /home/airflow/.local/lib/python3.7/site-packages/airflow/example_dags/example_branch_python_dop_operator_3.py
[2022-06-24 07:22:28,289] {logging_mixin.py:115} INFO - [2022-06-24 07:22:28,288] {dag.py:2379} INFO - Sync 1 DAGs
[2022-06-24 07:22:28,309] {logging_mixin.py:115} INFO - [2022-06-24 07:22:28,309] {dag.py:2931} INFO - Setting next_dagrun for example_branch_dop_operator_v3 to 2022-06-24T07:21:00+00:00, run_after=2022-06-24T07:22:00+00:00
[2022-06-24 07:22:28,323] {processor.py:161} INFO - Processing /home/airflow/.local/lib/python3.7/site-packages/airflow/example_dags/example_branch_python_dop_operator_3.py took 0.082 seconds
[2022-06-24 07:22:59,104] {processor.py:153} INFO - Started process (PID=8433) to work on /home/airflow/.local/lib/python3.7/site-packages/airflow/example_dags/example_branch_python_dop_operator_3.py
[2022-06-24 07:22:59,105] {processor.py:641} INFO - Processing file /home/airflow/.local/lib/python3.7/site-packages/airflow/example_dags/example_branch_python_dop_operator_3.py for tasks to queue
[2022-06-24 07:22:59,107] {logging_mixin.py:115} INFO - [2022-06-24 07:22:59,106] {dagbag.py:507} INFO - Filling up the DagBag from /home/airflow/.local/lib/python3.7/site-packages/airflow/example_dags/example_branch_python_dop_operator_3.py
[2022-06-24 07:22:59,124] {processor.py:651} INFO - DAG(s) dict_keys(['example_branch_dop_operator_v3']) retrieved from /home/airflow/.local/lib/python3.7/site-packages/airflow/example_dags/example_branch_python_dop_operator_3.py
[2022-06-24 07:22:59,155] {logging_mixin.py:115} INFO - [2022-06-24 07:22:59,155] {dag.py:2379} INFO - Sync 1 DAGs
[2022-06-24 07:22:59,182] {logging_mixin.py:115} INFO - [2022-06-24 07:22:59,182] {dag.py:2931} INFO - Setting next_dagrun for example_branch_dop_operator_v3 to 2022-06-24T07:21:00+00:00, run_after=2022-06-24T07:22:00+00:00
[2022-06-24 07:22:59,201] {processor.py:161} INFO - Processing /home/airflow/.local/lib/python3.7/site-packages/airflow/example_dags/example_branch_python_dop_operator_3.py took 0.101 seconds
[2022-06-24 07:23:29,557] {processor.py:153} INFO - Started process (PID=8497) to work on /home/airflow/.local/lib/python3.7/site-packages/airflow/example_dags/example_branch_python_dop_operator_3.py
[2022-06-24 07:23:29,558] {processor.py:641} INFO - Processing file /home/airflow/.local/lib/python3.7/site-packages/airflow/example_dags/example_branch_python_dop_operator_3.py for tasks to queue
[2022-06-24 07:23:29,559] {logging_mixin.py:115} INFO - [2022-06-24 07:23:29,559] {dagbag.py:507} INFO - Filling up the DagBag from /home/airflow/.local/lib/python3.7/site-packages/airflow/example_dags/example_branch_python_dop_operator_3.py
[2022-06-24 07:23:29,571] {processor.py:651} INFO - DAG(s) dict_keys(['example_branch_dop_operator_v3']) retrieved from /home/airflow/.local/lib/python3.7/site-packages/airflow/example_dags/example_branch_python_dop_operator_3.py
[2022-06-24 07:23:29,600] {logging_mixin.py:115} INFO - [2022-06-24 07:23:29,600] {dag.py:2379} INFO - Sync 1 DAGs
[2022-06-24 07:23:29,628] {logging_mixin.py:115} INFO - [2022-06-24 07:23:29,628] {dag.py:2931} INFO - Setting next_dagrun for example_branch_dop_operator_v3 to 2022-06-24T07:22:00+00:00, run_after=2022-06-24T07:23:00+00:00
[2022-06-24 07:23:29,647] {processor.py:161} INFO - Processing /home/airflow/.local/lib/python3.7/site-packages/airflow/example_dags/example_branch_python_dop_operator_3.py took 0.094 seconds
[2022-06-24 07:24:00,317] {processor.py:153} INFO - Started process (PID=8561) to work on /home/airflow/.local/lib/python3.7/site-packages/airflow/example_dags/example_branch_python_dop_operator_3.py
[2022-06-24 07:24:00,318] {processor.py:641} INFO - Processing file /home/airflow/.local/lib/python3.7/site-packages/airflow/example_dags/example_branch_python_dop_operator_3.py for tasks to queue
[2022-06-24 07:24:00,319] {logging_mixin.py:115} INFO - [2022-06-24 07:24:00,319] {dagbag.py:507} INFO - Filling up the DagBag from /home/airflow/.local/lib/python3.7/site-packages/airflow/example_dags/example_branch_python_dop_operator_3.py
[2022-06-24 07:24:00,330] {processor.py:651} INFO - DAG(s) dict_keys(['example_branch_dop_operator_v3']) retrieved from /home/airflow/.local/lib/python3.7/site-packages/airflow/example_dags/example_branch_python_dop_operator_3.py
[2022-06-24 07:24:00,356] {logging_mixin.py:115} INFO - [2022-06-24 07:24:00,356] {dag.py:2379} INFO - Sync 1 DAGs
[2022-06-24 07:24:00,382] {logging_mixin.py:115} INFO - [2022-06-24 07:24:00,382] {dag.py:2931} INFO - Setting next_dagrun for example_branch_dop_operator_v3 to 2022-06-24T07:23:00+00:00, run_after=2022-06-24T07:24:00+00:00
[2022-06-24 07:24:00,397] {processor.py:161} INFO - Processing /home/airflow/.local/lib/python3.7/site-packages/airflow/example_dags/example_branch_python_dop_operator_3.py took 0.083 seconds
[2022-06-24 07:24:30,904] {processor.py:153} INFO - Started process (PID=8626) to work on /home/airflow/.local/lib/python3.7/site-packages/airflow/example_dags/example_branch_python_dop_operator_3.py
[2022-06-24 07:24:30,905] {processor.py:641} INFO - Processing file /home/airflow/.local/lib/python3.7/site-packages/airflow/example_dags/example_branch_python_dop_operator_3.py for tasks to queue
[2022-06-24 07:24:30,906] {logging_mixin.py:115} INFO - [2022-06-24 07:24:30,906] {dagbag.py:507} INFO - Filling up the DagBag from /home/airflow/.local/lib/python3.7/site-packages/airflow/example_dags/example_branch_python_dop_operator_3.py
[2022-06-24 07:24:30,917] {processor.py:651} INFO - DAG(s) dict_keys(['example_branch_dop_operator_v3']) retrieved from /home/airflow/.local/lib/python3.7/site-packages/airflow/example_dags/example_branch_python_dop_operator_3.py
[2022-06-24 07:24:30,945] {logging_mixin.py:115} INFO - [2022-06-24 07:24:30,945] {dag.py:2379} INFO - Sync 1 DAGs
[2022-06-24 07:24:30,966] {logging_mixin.py:115} INFO - [2022-06-24 07:24:30,966] {dag.py:2931} INFO - Setting next_dagrun for example_branch_dop_operator_v3 to 2022-06-24T07:23:00+00:00, run_after=2022-06-24T07:24:00+00:00
[2022-06-24 07:24:30,982] {processor.py:161} INFO - Processing /home/airflow/.local/lib/python3.7/site-packages/airflow/example_dags/example_branch_python_dop_operator_3.py took 0.082 seconds
[2022-06-24 07:25:01,311] {processor.py:153} INFO - Started process (PID=8681) to work on /home/airflow/.local/lib/python3.7/site-packages/airflow/example_dags/example_branch_python_dop_operator_3.py
[2022-06-24 07:25:01,312] {processor.py:641} INFO - Processing file /home/airflow/.local/lib/python3.7/site-packages/airflow/example_dags/example_branch_python_dop_operator_3.py for tasks to queue
[2022-06-24 07:25:01,313] {logging_mixin.py:115} INFO - [2022-06-24 07:25:01,313] {dagbag.py:507} INFO - Filling up the DagBag from /home/airflow/.local/lib/python3.7/site-packages/airflow/example_dags/example_branch_python_dop_operator_3.py
[2022-06-24 07:25:01,324] {processor.py:651} INFO - DAG(s) dict_keys(['example_branch_dop_operator_v3']) retrieved from /home/airflow/.local/lib/python3.7/site-packages/airflow/example_dags/example_branch_python_dop_operator_3.py
[2022-06-24 07:25:01,350] {logging_mixin.py:115} INFO - [2022-06-24 07:25:01,349] {dag.py:2379} INFO - Sync 1 DAGs
[2022-06-24 07:25:01,370] {logging_mixin.py:115} INFO - [2022-06-24 07:25:01,370] {dag.py:2931} INFO - Setting next_dagrun for example_branch_dop_operator_v3 to 2022-06-24T07:24:00+00:00, run_after=2022-06-24T07:25:00+00:00
[2022-06-24 07:25:01,384] {processor.py:161} INFO - Processing /home/airflow/.local/lib/python3.7/site-packages/airflow/example_dags/example_branch_python_dop_operator_3.py took 0.076 seconds
[2022-06-24 07:25:31,612] {processor.py:153} INFO - Started process (PID=8745) to work on /home/airflow/.local/lib/python3.7/site-packages/airflow/example_dags/example_branch_python_dop_operator_3.py
[2022-06-24 07:25:31,613] {processor.py:641} INFO - Processing file /home/airflow/.local/lib/python3.7/site-packages/airflow/example_dags/example_branch_python_dop_operator_3.py for tasks to queue
[2022-06-24 07:25:31,614] {logging_mixin.py:115} INFO - [2022-06-24 07:25:31,614] {dagbag.py:507} INFO - Filling up the DagBag from /home/airflow/.local/lib/python3.7/site-packages/airflow/example_dags/example_branch_python_dop_operator_3.py
[2022-06-24 07:25:31,624] {processor.py:651} INFO - DAG(s) dict_keys(['example_branch_dop_operator_v3']) retrieved from /home/airflow/.local/lib/python3.7/site-packages/airflow/example_dags/example_branch_python_dop_operator_3.py
[2022-06-24 07:25:31,647] {logging_mixin.py:115} INFO - [2022-06-24 07:25:31,647] {dag.py:2379} INFO - Sync 1 DAGs
[2022-06-24 07:25:31,670] {logging_mixin.py:115} INFO - [2022-06-24 07:25:31,670] {dag.py:2931} INFO - Setting next_dagrun for example_branch_dop_operator_v3 to 2022-06-24T07:24:00+00:00, run_after=2022-06-24T07:25:00+00:00
[2022-06-24 07:25:31,684] {processor.py:161} INFO - Processing /home/airflow/.local/lib/python3.7/site-packages/airflow/example_dags/example_branch_python_dop_operator_3.py took 0.075 seconds
[2022-06-24 07:26:01,815] {processor.py:153} INFO - Started process (PID=8809) to work on /home/airflow/.local/lib/python3.7/site-packages/airflow/example_dags/example_branch_python_dop_operator_3.py
[2022-06-24 07:26:01,816] {processor.py:641} INFO - Processing file /home/airflow/.local/lib/python3.7/site-packages/airflow/example_dags/example_branch_python_dop_operator_3.py for tasks to queue
[2022-06-24 07:26:01,816] {logging_mixin.py:115} INFO - [2022-06-24 07:26:01,816] {dagbag.py:507} INFO - Filling up the DagBag from /home/airflow/.local/lib/python3.7/site-packages/airflow/example_dags/example_branch_python_dop_operator_3.py
[2022-06-24 07:26:01,826] {processor.py:651} INFO - DAG(s) dict_keys(['example_branch_dop_operator_v3']) retrieved from /home/airflow/.local/lib/python3.7/site-packages/airflow/example_dags/example_branch_python_dop_operator_3.py
[2022-06-24 07:26:01,850] {logging_mixin.py:115} INFO - [2022-06-24 07:26:01,850] {dag.py:2379} INFO - Sync 1 DAGs
[2022-06-24 07:26:01,869] {logging_mixin.py:115} INFO - [2022-06-24 07:26:01,869] {dag.py:2931} INFO - Setting next_dagrun for example_branch_dop_operator_v3 to 2022-06-24T07:25:00+00:00, run_after=2022-06-24T07:26:00+00:00
[2022-06-24 07:26:01,882] {processor.py:161} INFO - Processing /home/airflow/.local/lib/python3.7/site-packages/airflow/example_dags/example_branch_python_dop_operator_3.py took 0.070 seconds
