[2022-06-24 06:58:33,091] {processor.py:153} INFO - Started process (PID=5475) to work on /home/airflow/.local/lib/python3.7/site-packages/airflow/example_dags/example_skip_dag.py
[2022-06-24 06:58:33,092] {processor.py:641} INFO - Processing file /home/airflow/.local/lib/python3.7/site-packages/airflow/example_dags/example_skip_dag.py for tasks to queue
[2022-06-24 06:58:33,093] {logging_mixin.py:115} INFO - [2022-06-24 06:58:33,093] {dagbag.py:507} INFO - Filling up the DagBag from /home/airflow/.local/lib/python3.7/site-packages/airflow/example_dags/example_skip_dag.py
[2022-06-24 06:58:33,106] {processor.py:651} INFO - DAG(s) dict_keys(['example_skip_dag']) retrieved from /home/airflow/.local/lib/python3.7/site-packages/airflow/example_dags/example_skip_dag.py
[2022-06-24 06:58:33,141] {logging_mixin.py:115} INFO - [2022-06-24 06:58:33,141] {dag.py:2379} INFO - Sync 1 DAGs
[2022-06-24 06:58:33,192] {logging_mixin.py:115} INFO - [2022-06-24 06:58:33,192] {dag.py:2931} INFO - Setting next_dagrun for example_skip_dag to 2022-06-23T06:58:33.190474+00:00, run_after=2022-06-24T06:58:33.190474+00:00
[2022-06-24 06:58:33,230] {processor.py:161} INFO - Processing /home/airflow/.local/lib/python3.7/site-packages/airflow/example_dags/example_skip_dag.py took 0.143 seconds
[2022-06-24 06:59:04,983] {processor.py:153} INFO - Started process (PID=5530) to work on /home/airflow/.local/lib/python3.7/site-packages/airflow/example_dags/example_skip_dag.py
[2022-06-24 06:59:04,984] {processor.py:641} INFO - Processing file /home/airflow/.local/lib/python3.7/site-packages/airflow/example_dags/example_skip_dag.py for tasks to queue
[2022-06-24 06:59:04,985] {logging_mixin.py:115} INFO - [2022-06-24 06:59:04,985] {dagbag.py:507} INFO - Filling up the DagBag from /home/airflow/.local/lib/python3.7/site-packages/airflow/example_dags/example_skip_dag.py
[2022-06-24 06:59:04,994] {processor.py:651} INFO - DAG(s) dict_keys(['example_skip_dag']) retrieved from /home/airflow/.local/lib/python3.7/site-packages/airflow/example_dags/example_skip_dag.py
[2022-06-24 06:59:05,038] {logging_mixin.py:115} INFO - [2022-06-24 06:59:05,038] {dag.py:2379} INFO - Sync 1 DAGs
[2022-06-24 06:59:05,085] {logging_mixin.py:115} INFO - [2022-06-24 06:59:05,085] {dag.py:2931} INFO - Setting next_dagrun for example_skip_dag to 2022-06-23T06:59:05.084509+00:00, run_after=2022-06-24T06:59:05.084509+00:00
[2022-06-24 06:59:05,110] {processor.py:161} INFO - Processing /home/airflow/.local/lib/python3.7/site-packages/airflow/example_dags/example_skip_dag.py took 0.130 seconds
[2022-06-24 06:59:35,684] {processor.py:153} INFO - Started process (PID=5586) to work on /home/airflow/.local/lib/python3.7/site-packages/airflow/example_dags/example_skip_dag.py
[2022-06-24 06:59:35,685] {processor.py:641} INFO - Processing file /home/airflow/.local/lib/python3.7/site-packages/airflow/example_dags/example_skip_dag.py for tasks to queue
[2022-06-24 06:59:35,686] {logging_mixin.py:115} INFO - [2022-06-24 06:59:35,686] {dagbag.py:507} INFO - Filling up the DagBag from /home/airflow/.local/lib/python3.7/site-packages/airflow/example_dags/example_skip_dag.py
[2022-06-24 06:59:35,693] {processor.py:651} INFO - DAG(s) dict_keys(['example_skip_dag']) retrieved from /home/airflow/.local/lib/python3.7/site-packages/airflow/example_dags/example_skip_dag.py
[2022-06-24 06:59:35,729] {logging_mixin.py:115} INFO - [2022-06-24 06:59:35,729] {dag.py:2379} INFO - Sync 1 DAGs
[2022-06-24 06:59:35,750] {logging_mixin.py:115} INFO - [2022-06-24 06:59:35,750] {dag.py:2931} INFO - Setting next_dagrun for example_skip_dag to 2022-06-23T06:59:35.749709+00:00, run_after=2022-06-24T06:59:35.749709+00:00
[2022-06-24 06:59:35,766] {processor.py:161} INFO - Processing /home/airflow/.local/lib/python3.7/site-packages/airflow/example_dags/example_skip_dag.py took 0.086 seconds
[2022-06-24 07:00:05,839] {processor.py:153} INFO - Started process (PID=5650) to work on /home/airflow/.local/lib/python3.7/site-packages/airflow/example_dags/example_skip_dag.py
[2022-06-24 07:00:05,840] {processor.py:641} INFO - Processing file /home/airflow/.local/lib/python3.7/site-packages/airflow/example_dags/example_skip_dag.py for tasks to queue
[2022-06-24 07:00:05,841] {logging_mixin.py:115} INFO - [2022-06-24 07:00:05,841] {dagbag.py:507} INFO - Filling up the DagBag from /home/airflow/.local/lib/python3.7/site-packages/airflow/example_dags/example_skip_dag.py
[2022-06-24 07:00:05,848] {processor.py:651} INFO - DAG(s) dict_keys(['example_skip_dag']) retrieved from /home/airflow/.local/lib/python3.7/site-packages/airflow/example_dags/example_skip_dag.py
[2022-06-24 07:00:05,880] {logging_mixin.py:115} INFO - [2022-06-24 07:00:05,880] {dag.py:2379} INFO - Sync 1 DAGs
[2022-06-24 07:00:05,899] {logging_mixin.py:115} INFO - [2022-06-24 07:00:05,899] {dag.py:2931} INFO - Setting next_dagrun for example_skip_dag to 2022-06-23T07:00:05.898942+00:00, run_after=2022-06-24T07:00:05.898942+00:00
[2022-06-24 07:00:05,917] {processor.py:161} INFO - Processing /home/airflow/.local/lib/python3.7/site-packages/airflow/example_dags/example_skip_dag.py took 0.081 seconds
[2022-06-24 07:00:36,588] {processor.py:153} INFO - Started process (PID=5714) to work on /home/airflow/.local/lib/python3.7/site-packages/airflow/example_dags/example_skip_dag.py
[2022-06-24 07:00:36,589] {processor.py:641} INFO - Processing file /home/airflow/.local/lib/python3.7/site-packages/airflow/example_dags/example_skip_dag.py for tasks to queue
[2022-06-24 07:00:36,590] {logging_mixin.py:115} INFO - [2022-06-24 07:00:36,590] {dagbag.py:507} INFO - Filling up the DagBag from /home/airflow/.local/lib/python3.7/site-packages/airflow/example_dags/example_skip_dag.py
[2022-06-24 07:00:36,594] {processor.py:651} INFO - DAG(s) dict_keys(['example_skip_dag']) retrieved from /home/airflow/.local/lib/python3.7/site-packages/airflow/example_dags/example_skip_dag.py
[2022-06-24 07:00:36,621] {logging_mixin.py:115} INFO - [2022-06-24 07:00:36,621] {dag.py:2379} INFO - Sync 1 DAGs
[2022-06-24 07:00:36,639] {logging_mixin.py:115} INFO - [2022-06-24 07:00:36,639] {dag.py:2931} INFO - Setting next_dagrun for example_skip_dag to 2022-06-23T07:00:36.638986+00:00, run_after=2022-06-24T07:00:36.638986+00:00
[2022-06-24 07:00:36,652] {processor.py:161} INFO - Processing /home/airflow/.local/lib/python3.7/site-packages/airflow/example_dags/example_skip_dag.py took 0.067 seconds
[2022-06-24 07:01:06,921] {processor.py:153} INFO - Started process (PID=5769) to work on /home/airflow/.local/lib/python3.7/site-packages/airflow/example_dags/example_skip_dag.py
[2022-06-24 07:01:06,922] {processor.py:641} INFO - Processing file /home/airflow/.local/lib/python3.7/site-packages/airflow/example_dags/example_skip_dag.py for tasks to queue
[2022-06-24 07:01:06,923] {logging_mixin.py:115} INFO - [2022-06-24 07:01:06,923] {dagbag.py:507} INFO - Filling up the DagBag from /home/airflow/.local/lib/python3.7/site-packages/airflow/example_dags/example_skip_dag.py
[2022-06-24 07:01:06,929] {processor.py:651} INFO - DAG(s) dict_keys(['example_skip_dag']) retrieved from /home/airflow/.local/lib/python3.7/site-packages/airflow/example_dags/example_skip_dag.py
[2022-06-24 07:01:06,955] {logging_mixin.py:115} INFO - [2022-06-24 07:01:06,955] {dag.py:2379} INFO - Sync 1 DAGs
[2022-06-24 07:01:06,969] {logging_mixin.py:115} INFO - [2022-06-24 07:01:06,969] {dag.py:2931} INFO - Setting next_dagrun for example_skip_dag to 2022-06-23T07:01:06.969079+00:00, run_after=2022-06-24T07:01:06.969079+00:00
[2022-06-24 07:01:06,980] {processor.py:161} INFO - Processing /home/airflow/.local/lib/python3.7/site-packages/airflow/example_dags/example_skip_dag.py took 0.063 seconds
[2022-06-24 07:01:37,362] {processor.py:153} INFO - Started process (PID=5835) to work on /home/airflow/.local/lib/python3.7/site-packages/airflow/example_dags/example_skip_dag.py
[2022-06-24 07:01:37,363] {processor.py:641} INFO - Processing file /home/airflow/.local/lib/python3.7/site-packages/airflow/example_dags/example_skip_dag.py for tasks to queue
[2022-06-24 07:01:37,363] {logging_mixin.py:115} INFO - [2022-06-24 07:01:37,363] {dagbag.py:507} INFO - Filling up the DagBag from /home/airflow/.local/lib/python3.7/site-packages/airflow/example_dags/example_skip_dag.py
[2022-06-24 07:01:37,369] {processor.py:651} INFO - DAG(s) dict_keys(['example_skip_dag']) retrieved from /home/airflow/.local/lib/python3.7/site-packages/airflow/example_dags/example_skip_dag.py
[2022-06-24 07:01:37,398] {logging_mixin.py:115} INFO - [2022-06-24 07:01:37,398] {dag.py:2379} INFO - Sync 1 DAGs
[2022-06-24 07:01:37,417] {logging_mixin.py:115} INFO - [2022-06-24 07:01:37,417] {dag.py:2931} INFO - Setting next_dagrun for example_skip_dag to 2022-06-23T07:01:37.417225+00:00, run_after=2022-06-24T07:01:37.417225+00:00
[2022-06-24 07:01:37,431] {processor.py:161} INFO - Processing /home/airflow/.local/lib/python3.7/site-packages/airflow/example_dags/example_skip_dag.py took 0.072 seconds
[2022-06-24 07:02:07,863] {processor.py:153} INFO - Started process (PID=5899) to work on /home/airflow/.local/lib/python3.7/site-packages/airflow/example_dags/example_skip_dag.py
[2022-06-24 07:02:07,864] {processor.py:641} INFO - Processing file /home/airflow/.local/lib/python3.7/site-packages/airflow/example_dags/example_skip_dag.py for tasks to queue
[2022-06-24 07:02:07,865] {logging_mixin.py:115} INFO - [2022-06-24 07:02:07,865] {dagbag.py:507} INFO - Filling up the DagBag from /home/airflow/.local/lib/python3.7/site-packages/airflow/example_dags/example_skip_dag.py
[2022-06-24 07:02:07,870] {processor.py:651} INFO - DAG(s) dict_keys(['example_skip_dag']) retrieved from /home/airflow/.local/lib/python3.7/site-packages/airflow/example_dags/example_skip_dag.py
[2022-06-24 07:02:07,895] {logging_mixin.py:115} INFO - [2022-06-24 07:02:07,895] {dag.py:2379} INFO - Sync 1 DAGs
[2022-06-24 07:02:07,916] {logging_mixin.py:115} INFO - [2022-06-24 07:02:07,916] {dag.py:2931} INFO - Setting next_dagrun for example_skip_dag to 2022-06-23T07:02:07.916189+00:00, run_after=2022-06-24T07:02:07.916189+00:00
[2022-06-24 07:02:07,928] {processor.py:161} INFO - Processing /home/airflow/.local/lib/python3.7/site-packages/airflow/example_dags/example_skip_dag.py took 0.068 seconds
[2022-06-24 07:02:38,182] {processor.py:153} INFO - Started process (PID=5963) to work on /home/airflow/.local/lib/python3.7/site-packages/airflow/example_dags/example_skip_dag.py
[2022-06-24 07:02:38,183] {processor.py:641} INFO - Processing file /home/airflow/.local/lib/python3.7/site-packages/airflow/example_dags/example_skip_dag.py for tasks to queue
[2022-06-24 07:02:38,184] {logging_mixin.py:115} INFO - [2022-06-24 07:02:38,184] {dagbag.py:507} INFO - Filling up the DagBag from /home/airflow/.local/lib/python3.7/site-packages/airflow/example_dags/example_skip_dag.py
[2022-06-24 07:02:38,189] {processor.py:651} INFO - DAG(s) dict_keys(['example_skip_dag']) retrieved from /home/airflow/.local/lib/python3.7/site-packages/airflow/example_dags/example_skip_dag.py
[2022-06-24 07:02:38,214] {logging_mixin.py:115} INFO - [2022-06-24 07:02:38,213] {dag.py:2379} INFO - Sync 1 DAGs
[2022-06-24 07:02:38,228] {logging_mixin.py:115} INFO - [2022-06-24 07:02:38,228] {dag.py:2931} INFO - Setting next_dagrun for example_skip_dag to 2022-06-23T07:02:38.228604+00:00, run_after=2022-06-24T07:02:38.228604+00:00
[2022-06-24 07:02:38,241] {processor.py:161} INFO - Processing /home/airflow/.local/lib/python3.7/site-packages/airflow/example_dags/example_skip_dag.py took 0.063 seconds
[2022-06-24 07:03:08,489] {processor.py:153} INFO - Started process (PID=6018) to work on /home/airflow/.local/lib/python3.7/site-packages/airflow/example_dags/example_skip_dag.py
[2022-06-24 07:03:08,490] {processor.py:641} INFO - Processing file /home/airflow/.local/lib/python3.7/site-packages/airflow/example_dags/example_skip_dag.py for tasks to queue
[2022-06-24 07:03:08,492] {logging_mixin.py:115} INFO - [2022-06-24 07:03:08,492] {dagbag.py:507} INFO - Filling up the DagBag from /home/airflow/.local/lib/python3.7/site-packages/airflow/example_dags/example_skip_dag.py
[2022-06-24 07:03:08,497] {processor.py:651} INFO - DAG(s) dict_keys(['example_skip_dag']) retrieved from /home/airflow/.local/lib/python3.7/site-packages/airflow/example_dags/example_skip_dag.py
[2022-06-24 07:03:08,524] {logging_mixin.py:115} INFO - [2022-06-24 07:03:08,524] {dag.py:2379} INFO - Sync 1 DAGs
[2022-06-24 07:03:08,539] {logging_mixin.py:115} INFO - [2022-06-24 07:03:08,539] {dag.py:2931} INFO - Setting next_dagrun for example_skip_dag to 2022-06-23T07:03:08.539087+00:00, run_after=2022-06-24T07:03:08.539087+00:00
[2022-06-24 07:03:08,552] {processor.py:161} INFO - Processing /home/airflow/.local/lib/python3.7/site-packages/airflow/example_dags/example_skip_dag.py took 0.066 seconds
[2022-06-24 07:03:38,963] {processor.py:153} INFO - Started process (PID=6082) to work on /home/airflow/.local/lib/python3.7/site-packages/airflow/example_dags/example_skip_dag.py
[2022-06-24 07:03:38,964] {processor.py:641} INFO - Processing file /home/airflow/.local/lib/python3.7/site-packages/airflow/example_dags/example_skip_dag.py for tasks to queue
[2022-06-24 07:03:38,965] {logging_mixin.py:115} INFO - [2022-06-24 07:03:38,965] {dagbag.py:507} INFO - Filling up the DagBag from /home/airflow/.local/lib/python3.7/site-packages/airflow/example_dags/example_skip_dag.py
[2022-06-24 07:03:38,971] {processor.py:651} INFO - DAG(s) dict_keys(['example_skip_dag']) retrieved from /home/airflow/.local/lib/python3.7/site-packages/airflow/example_dags/example_skip_dag.py
[2022-06-24 07:03:38,995] {logging_mixin.py:115} INFO - [2022-06-24 07:03:38,995] {dag.py:2379} INFO - Sync 1 DAGs
[2022-06-24 07:03:39,015] {logging_mixin.py:115} INFO - [2022-06-24 07:03:39,015] {dag.py:2931} INFO - Setting next_dagrun for example_skip_dag to 2022-06-23T07:03:39.015062+00:00, run_after=2022-06-24T07:03:39.015062+00:00
[2022-06-24 07:03:39,034] {processor.py:161} INFO - Processing /home/airflow/.local/lib/python3.7/site-packages/airflow/example_dags/example_skip_dag.py took 0.074 seconds
[2022-06-24 07:04:09,229] {processor.py:153} INFO - Started process (PID=6146) to work on /home/airflow/.local/lib/python3.7/site-packages/airflow/example_dags/example_skip_dag.py
[2022-06-24 07:04:09,230] {processor.py:641} INFO - Processing file /home/airflow/.local/lib/python3.7/site-packages/airflow/example_dags/example_skip_dag.py for tasks to queue
[2022-06-24 07:04:09,231] {logging_mixin.py:115} INFO - [2022-06-24 07:04:09,231] {dagbag.py:507} INFO - Filling up the DagBag from /home/airflow/.local/lib/python3.7/site-packages/airflow/example_dags/example_skip_dag.py
[2022-06-24 07:04:09,236] {processor.py:651} INFO - DAG(s) dict_keys(['example_skip_dag']) retrieved from /home/airflow/.local/lib/python3.7/site-packages/airflow/example_dags/example_skip_dag.py
[2022-06-24 07:04:09,262] {logging_mixin.py:115} INFO - [2022-06-24 07:04:09,262] {dag.py:2379} INFO - Sync 1 DAGs
[2022-06-24 07:04:09,277] {logging_mixin.py:115} INFO - [2022-06-24 07:04:09,276] {dag.py:2931} INFO - Setting next_dagrun for example_skip_dag to 2022-06-23T07:04:09.276713+00:00, run_after=2022-06-24T07:04:09.276713+00:00
[2022-06-24 07:04:09,290] {processor.py:161} INFO - Processing /home/airflow/.local/lib/python3.7/site-packages/airflow/example_dags/example_skip_dag.py took 0.064 seconds
[2022-06-24 07:04:39,595] {processor.py:153} INFO - Started process (PID=6202) to work on /home/airflow/.local/lib/python3.7/site-packages/airflow/example_dags/example_skip_dag.py
[2022-06-24 07:04:39,596] {processor.py:641} INFO - Processing file /home/airflow/.local/lib/python3.7/site-packages/airflow/example_dags/example_skip_dag.py for tasks to queue
[2022-06-24 07:04:39,597] {logging_mixin.py:115} INFO - [2022-06-24 07:04:39,597] {dagbag.py:507} INFO - Filling up the DagBag from /home/airflow/.local/lib/python3.7/site-packages/airflow/example_dags/example_skip_dag.py
[2022-06-24 07:04:39,602] {processor.py:651} INFO - DAG(s) dict_keys(['example_skip_dag']) retrieved from /home/airflow/.local/lib/python3.7/site-packages/airflow/example_dags/example_skip_dag.py
[2022-06-24 07:04:39,639] {logging_mixin.py:115} INFO - [2022-06-24 07:04:39,639] {dag.py:2379} INFO - Sync 1 DAGs
[2022-06-24 07:04:39,665] {logging_mixin.py:115} INFO - [2022-06-24 07:04:39,664] {dag.py:2931} INFO - Setting next_dagrun for example_skip_dag to 2022-06-23T07:04:39.664632+00:00, run_after=2022-06-24T07:04:39.664632+00:00
[2022-06-24 07:04:39,680] {processor.py:161} INFO - Processing /home/airflow/.local/lib/python3.7/site-packages/airflow/example_dags/example_skip_dag.py took 0.087 seconds
[2022-06-24 07:05:10,162] {processor.py:153} INFO - Started process (PID=6266) to work on /home/airflow/.local/lib/python3.7/site-packages/airflow/example_dags/example_skip_dag.py
[2022-06-24 07:05:10,163] {processor.py:641} INFO - Processing file /home/airflow/.local/lib/python3.7/site-packages/airflow/example_dags/example_skip_dag.py for tasks to queue
[2022-06-24 07:05:10,164] {logging_mixin.py:115} INFO - [2022-06-24 07:05:10,164] {dagbag.py:507} INFO - Filling up the DagBag from /home/airflow/.local/lib/python3.7/site-packages/airflow/example_dags/example_skip_dag.py
[2022-06-24 07:05:10,170] {processor.py:651} INFO - DAG(s) dict_keys(['example_skip_dag']) retrieved from /home/airflow/.local/lib/python3.7/site-packages/airflow/example_dags/example_skip_dag.py
[2022-06-24 07:05:10,200] {logging_mixin.py:115} INFO - [2022-06-24 07:05:10,199] {dag.py:2379} INFO - Sync 1 DAGs
[2022-06-24 07:05:10,217] {logging_mixin.py:115} INFO - [2022-06-24 07:05:10,216] {dag.py:2931} INFO - Setting next_dagrun for example_skip_dag to 2022-06-23T07:05:10.216663+00:00, run_after=2022-06-24T07:05:10.216663+00:00
[2022-06-24 07:05:10,229] {processor.py:161} INFO - Processing /home/airflow/.local/lib/python3.7/site-packages/airflow/example_dags/example_skip_dag.py took 0.070 seconds
[2022-06-24 07:05:40,605] {processor.py:153} INFO - Started process (PID=6330) to work on /home/airflow/.local/lib/python3.7/site-packages/airflow/example_dags/example_skip_dag.py
[2022-06-24 07:05:40,606] {processor.py:641} INFO - Processing file /home/airflow/.local/lib/python3.7/site-packages/airflow/example_dags/example_skip_dag.py for tasks to queue
[2022-06-24 07:05:40,606] {logging_mixin.py:115} INFO - [2022-06-24 07:05:40,606] {dagbag.py:507} INFO - Filling up the DagBag from /home/airflow/.local/lib/python3.7/site-packages/airflow/example_dags/example_skip_dag.py
[2022-06-24 07:05:40,611] {processor.py:651} INFO - DAG(s) dict_keys(['example_skip_dag']) retrieved from /home/airflow/.local/lib/python3.7/site-packages/airflow/example_dags/example_skip_dag.py
[2022-06-24 07:05:40,635] {logging_mixin.py:115} INFO - [2022-06-24 07:05:40,635] {dag.py:2379} INFO - Sync 1 DAGs
[2022-06-24 07:05:40,650] {logging_mixin.py:115} INFO - [2022-06-24 07:05:40,650] {dag.py:2931} INFO - Setting next_dagrun for example_skip_dag to 2022-06-23T07:05:40.649784+00:00, run_after=2022-06-24T07:05:40.649784+00:00
[2022-06-24 07:05:40,661] {processor.py:161} INFO - Processing /home/airflow/.local/lib/python3.7/site-packages/airflow/example_dags/example_skip_dag.py took 0.060 seconds
[2022-06-24 07:06:10,759] {processor.py:153} INFO - Started process (PID=6394) to work on /home/airflow/.local/lib/python3.7/site-packages/airflow/example_dags/example_skip_dag.py
[2022-06-24 07:06:10,760] {processor.py:641} INFO - Processing file /home/airflow/.local/lib/python3.7/site-packages/airflow/example_dags/example_skip_dag.py for tasks to queue
[2022-06-24 07:06:10,761] {logging_mixin.py:115} INFO - [2022-06-24 07:06:10,761] {dagbag.py:507} INFO - Filling up the DagBag from /home/airflow/.local/lib/python3.7/site-packages/airflow/example_dags/example_skip_dag.py
[2022-06-24 07:06:10,766] {processor.py:651} INFO - DAG(s) dict_keys(['example_skip_dag']) retrieved from /home/airflow/.local/lib/python3.7/site-packages/airflow/example_dags/example_skip_dag.py
[2022-06-24 07:06:10,792] {logging_mixin.py:115} INFO - [2022-06-24 07:06:10,792] {dag.py:2379} INFO - Sync 1 DAGs
[2022-06-24 07:06:10,811] {logging_mixin.py:115} INFO - [2022-06-24 07:06:10,811] {dag.py:2931} INFO - Setting next_dagrun for example_skip_dag to 2022-06-23T07:06:10.810877+00:00, run_after=2022-06-24T07:06:10.810877+00:00
[2022-06-24 07:06:10,825] {processor.py:161} INFO - Processing /home/airflow/.local/lib/python3.7/site-packages/airflow/example_dags/example_skip_dag.py took 0.068 seconds
[2022-06-24 07:06:41,048] {processor.py:153} INFO - Started process (PID=6449) to work on /home/airflow/.local/lib/python3.7/site-packages/airflow/example_dags/example_skip_dag.py
[2022-06-24 07:06:41,048] {processor.py:641} INFO - Processing file /home/airflow/.local/lib/python3.7/site-packages/airflow/example_dags/example_skip_dag.py for tasks to queue
[2022-06-24 07:06:41,049] {logging_mixin.py:115} INFO - [2022-06-24 07:06:41,049] {dagbag.py:507} INFO - Filling up the DagBag from /home/airflow/.local/lib/python3.7/site-packages/airflow/example_dags/example_skip_dag.py
[2022-06-24 07:06:41,054] {processor.py:651} INFO - DAG(s) dict_keys(['example_skip_dag']) retrieved from /home/airflow/.local/lib/python3.7/site-packages/airflow/example_dags/example_skip_dag.py
[2022-06-24 07:06:41,082] {logging_mixin.py:115} INFO - [2022-06-24 07:06:41,082] {dag.py:2379} INFO - Sync 1 DAGs
[2022-06-24 07:06:41,097] {logging_mixin.py:115} INFO - [2022-06-24 07:06:41,097] {dag.py:2931} INFO - Setting next_dagrun for example_skip_dag to 2022-06-23T07:06:41.096972+00:00, run_after=2022-06-24T07:06:41.096972+00:00
[2022-06-24 07:06:41,108] {processor.py:161} INFO - Processing /home/airflow/.local/lib/python3.7/site-packages/airflow/example_dags/example_skip_dag.py took 0.064 seconds
[2022-06-24 07:07:11,422] {processor.py:153} INFO - Started process (PID=6513) to work on /home/airflow/.local/lib/python3.7/site-packages/airflow/example_dags/example_skip_dag.py
[2022-06-24 07:07:11,423] {processor.py:641} INFO - Processing file /home/airflow/.local/lib/python3.7/site-packages/airflow/example_dags/example_skip_dag.py for tasks to queue
[2022-06-24 07:07:11,424] {logging_mixin.py:115} INFO - [2022-06-24 07:07:11,424] {dagbag.py:507} INFO - Filling up the DagBag from /home/airflow/.local/lib/python3.7/site-packages/airflow/example_dags/example_skip_dag.py
[2022-06-24 07:07:11,428] {processor.py:651} INFO - DAG(s) dict_keys(['example_skip_dag']) retrieved from /home/airflow/.local/lib/python3.7/site-packages/airflow/example_dags/example_skip_dag.py
[2022-06-24 07:07:11,453] {logging_mixin.py:115} INFO - [2022-06-24 07:07:11,453] {dag.py:2379} INFO - Sync 1 DAGs
[2022-06-24 07:07:11,471] {logging_mixin.py:115} INFO - [2022-06-24 07:07:11,471] {dag.py:2931} INFO - Setting next_dagrun for example_skip_dag to 2022-06-23T07:07:11.471341+00:00, run_after=2022-06-24T07:07:11.471341+00:00
[2022-06-24 07:07:11,484] {processor.py:161} INFO - Processing /home/airflow/.local/lib/python3.7/site-packages/airflow/example_dags/example_skip_dag.py took 0.066 seconds
[2022-06-24 07:07:41,716] {processor.py:153} INFO - Started process (PID=6577) to work on /home/airflow/.local/lib/python3.7/site-packages/airflow/example_dags/example_skip_dag.py
[2022-06-24 07:07:41,716] {processor.py:641} INFO - Processing file /home/airflow/.local/lib/python3.7/site-packages/airflow/example_dags/example_skip_dag.py for tasks to queue
[2022-06-24 07:07:41,717] {logging_mixin.py:115} INFO - [2022-06-24 07:07:41,717] {dagbag.py:507} INFO - Filling up the DagBag from /home/airflow/.local/lib/python3.7/site-packages/airflow/example_dags/example_skip_dag.py
[2022-06-24 07:07:41,722] {processor.py:651} INFO - DAG(s) dict_keys(['example_skip_dag']) retrieved from /home/airflow/.local/lib/python3.7/site-packages/airflow/example_dags/example_skip_dag.py
[2022-06-24 07:07:41,748] {logging_mixin.py:115} INFO - [2022-06-24 07:07:41,747] {dag.py:2379} INFO - Sync 1 DAGs
[2022-06-24 07:07:41,762] {logging_mixin.py:115} INFO - [2022-06-24 07:07:41,762] {dag.py:2931} INFO - Setting next_dagrun for example_skip_dag to 2022-06-23T07:07:41.761822+00:00, run_after=2022-06-24T07:07:41.761822+00:00
[2022-06-24 07:07:41,776] {processor.py:161} INFO - Processing /home/airflow/.local/lib/python3.7/site-packages/airflow/example_dags/example_skip_dag.py took 0.063 seconds
[2022-06-24 07:08:12,190] {processor.py:153} INFO - Started process (PID=6632) to work on /home/airflow/.local/lib/python3.7/site-packages/airflow/example_dags/example_skip_dag.py
[2022-06-24 07:08:12,191] {processor.py:641} INFO - Processing file /home/airflow/.local/lib/python3.7/site-packages/airflow/example_dags/example_skip_dag.py for tasks to queue
[2022-06-24 07:08:12,192] {logging_mixin.py:115} INFO - [2022-06-24 07:08:12,192] {dagbag.py:507} INFO - Filling up the DagBag from /home/airflow/.local/lib/python3.7/site-packages/airflow/example_dags/example_skip_dag.py
[2022-06-24 07:08:12,197] {processor.py:651} INFO - DAG(s) dict_keys(['example_skip_dag']) retrieved from /home/airflow/.local/lib/python3.7/site-packages/airflow/example_dags/example_skip_dag.py
[2022-06-24 07:08:12,222] {logging_mixin.py:115} INFO - [2022-06-24 07:08:12,222] {dag.py:2379} INFO - Sync 1 DAGs
[2022-06-24 07:08:12,241] {logging_mixin.py:115} INFO - [2022-06-24 07:08:12,240] {dag.py:2931} INFO - Setting next_dagrun for example_skip_dag to 2022-06-23T07:08:12.240691+00:00, run_after=2022-06-24T07:08:12.240691+00:00
[2022-06-24 07:08:12,253] {processor.py:161} INFO - Processing /home/airflow/.local/lib/python3.7/site-packages/airflow/example_dags/example_skip_dag.py took 0.067 seconds
[2022-06-24 07:08:42,814] {processor.py:153} INFO - Started process (PID=6696) to work on /home/airflow/.local/lib/python3.7/site-packages/airflow/example_dags/example_skip_dag.py
[2022-06-24 07:08:42,817] {processor.py:641} INFO - Processing file /home/airflow/.local/lib/python3.7/site-packages/airflow/example_dags/example_skip_dag.py for tasks to queue
[2022-06-24 07:08:42,819] {logging_mixin.py:115} INFO - [2022-06-24 07:08:42,819] {dagbag.py:507} INFO - Filling up the DagBag from /home/airflow/.local/lib/python3.7/site-packages/airflow/example_dags/example_skip_dag.py
[2022-06-24 07:08:42,824] {processor.py:651} INFO - DAG(s) dict_keys(['example_skip_dag']) retrieved from /home/airflow/.local/lib/python3.7/site-packages/airflow/example_dags/example_skip_dag.py
[2022-06-24 07:08:42,854] {logging_mixin.py:115} INFO - [2022-06-24 07:08:42,854] {dag.py:2379} INFO - Sync 1 DAGs
[2022-06-24 07:08:42,870] {logging_mixin.py:115} INFO - [2022-06-24 07:08:42,870] {dag.py:2931} INFO - Setting next_dagrun for example_skip_dag to 2022-06-23T07:08:42.870135+00:00, run_after=2022-06-24T07:08:42.870135+00:00
[2022-06-24 07:08:42,882] {processor.py:161} INFO - Processing /home/airflow/.local/lib/python3.7/site-packages/airflow/example_dags/example_skip_dag.py took 0.073 seconds
[2022-06-24 07:09:13,344] {processor.py:153} INFO - Started process (PID=6760) to work on /home/airflow/.local/lib/python3.7/site-packages/airflow/example_dags/example_skip_dag.py
[2022-06-24 07:09:13,345] {processor.py:641} INFO - Processing file /home/airflow/.local/lib/python3.7/site-packages/airflow/example_dags/example_skip_dag.py for tasks to queue
[2022-06-24 07:09:13,346] {logging_mixin.py:115} INFO - [2022-06-24 07:09:13,346] {dagbag.py:507} INFO - Filling up the DagBag from /home/airflow/.local/lib/python3.7/site-packages/airflow/example_dags/example_skip_dag.py
[2022-06-24 07:09:13,350] {processor.py:651} INFO - DAG(s) dict_keys(['example_skip_dag']) retrieved from /home/airflow/.local/lib/python3.7/site-packages/airflow/example_dags/example_skip_dag.py
[2022-06-24 07:09:13,377] {logging_mixin.py:115} INFO - [2022-06-24 07:09:13,377] {dag.py:2379} INFO - Sync 1 DAGs
[2022-06-24 07:09:13,394] {logging_mixin.py:115} INFO - [2022-06-24 07:09:13,393] {dag.py:2931} INFO - Setting next_dagrun for example_skip_dag to 2022-06-23T07:09:13.393682+00:00, run_after=2022-06-24T07:09:13.393682+00:00
[2022-06-24 07:09:13,406] {processor.py:161} INFO - Processing /home/airflow/.local/lib/python3.7/site-packages/airflow/example_dags/example_skip_dag.py took 0.065 seconds
[2022-06-24 07:09:43,905] {processor.py:153} INFO - Started process (PID=6824) to work on /home/airflow/.local/lib/python3.7/site-packages/airflow/example_dags/example_skip_dag.py
[2022-06-24 07:09:43,906] {processor.py:641} INFO - Processing file /home/airflow/.local/lib/python3.7/site-packages/airflow/example_dags/example_skip_dag.py for tasks to queue
[2022-06-24 07:09:43,907] {logging_mixin.py:115} INFO - [2022-06-24 07:09:43,906] {dagbag.py:507} INFO - Filling up the DagBag from /home/airflow/.local/lib/python3.7/site-packages/airflow/example_dags/example_skip_dag.py
[2022-06-24 07:09:43,912] {processor.py:651} INFO - DAG(s) dict_keys(['example_skip_dag']) retrieved from /home/airflow/.local/lib/python3.7/site-packages/airflow/example_dags/example_skip_dag.py
[2022-06-24 07:09:43,941] {logging_mixin.py:115} INFO - [2022-06-24 07:09:43,941] {dag.py:2379} INFO - Sync 1 DAGs
[2022-06-24 07:09:43,962] {logging_mixin.py:115} INFO - [2022-06-24 07:09:43,962] {dag.py:2931} INFO - Setting next_dagrun for example_skip_dag to 2022-06-23T07:09:43.961916+00:00, run_after=2022-06-24T07:09:43.961916+00:00
[2022-06-24 07:09:43,974] {processor.py:161} INFO - Processing /home/airflow/.local/lib/python3.7/site-packages/airflow/example_dags/example_skip_dag.py took 0.074 seconds
[2022-06-24 07:10:14,214] {processor.py:153} INFO - Started process (PID=6879) to work on /home/airflow/.local/lib/python3.7/site-packages/airflow/example_dags/example_skip_dag.py
[2022-06-24 07:10:14,215] {processor.py:641} INFO - Processing file /home/airflow/.local/lib/python3.7/site-packages/airflow/example_dags/example_skip_dag.py for tasks to queue
[2022-06-24 07:10:14,216] {logging_mixin.py:115} INFO - [2022-06-24 07:10:14,216] {dagbag.py:507} INFO - Filling up the DagBag from /home/airflow/.local/lib/python3.7/site-packages/airflow/example_dags/example_skip_dag.py
[2022-06-24 07:10:14,220] {processor.py:651} INFO - DAG(s) dict_keys(['example_skip_dag']) retrieved from /home/airflow/.local/lib/python3.7/site-packages/airflow/example_dags/example_skip_dag.py
[2022-06-24 07:10:14,247] {logging_mixin.py:115} INFO - [2022-06-24 07:10:14,247] {dag.py:2379} INFO - Sync 1 DAGs
[2022-06-24 07:10:14,264] {logging_mixin.py:115} INFO - [2022-06-24 07:10:14,263] {dag.py:2931} INFO - Setting next_dagrun for example_skip_dag to 2022-06-23T07:10:14.263740+00:00, run_after=2022-06-24T07:10:14.263740+00:00
[2022-06-24 07:10:14,278] {processor.py:161} INFO - Processing /home/airflow/.local/lib/python3.7/site-packages/airflow/example_dags/example_skip_dag.py took 0.069 seconds
[2022-06-24 07:10:44,760] {processor.py:153} INFO - Started process (PID=6943) to work on /home/airflow/.local/lib/python3.7/site-packages/airflow/example_dags/example_skip_dag.py
[2022-06-24 07:10:44,761] {processor.py:641} INFO - Processing file /home/airflow/.local/lib/python3.7/site-packages/airflow/example_dags/example_skip_dag.py for tasks to queue
[2022-06-24 07:10:44,762] {logging_mixin.py:115} INFO - [2022-06-24 07:10:44,762] {dagbag.py:507} INFO - Filling up the DagBag from /home/airflow/.local/lib/python3.7/site-packages/airflow/example_dags/example_skip_dag.py
[2022-06-24 07:10:44,767] {processor.py:651} INFO - DAG(s) dict_keys(['example_skip_dag']) retrieved from /home/airflow/.local/lib/python3.7/site-packages/airflow/example_dags/example_skip_dag.py
[2022-06-24 07:10:44,790] {logging_mixin.py:115} INFO - [2022-06-24 07:10:44,790] {dag.py:2379} INFO - Sync 1 DAGs
[2022-06-24 07:10:44,805] {logging_mixin.py:115} INFO - [2022-06-24 07:10:44,805] {dag.py:2931} INFO - Setting next_dagrun for example_skip_dag to 2022-06-23T07:10:44.805353+00:00, run_after=2022-06-24T07:10:44.805353+00:00
[2022-06-24 07:10:44,817] {processor.py:161} INFO - Processing /home/airflow/.local/lib/python3.7/site-packages/airflow/example_dags/example_skip_dag.py took 0.060 seconds
[2022-06-24 07:11:15,182] {processor.py:153} INFO - Started process (PID=7007) to work on /home/airflow/.local/lib/python3.7/site-packages/airflow/example_dags/example_skip_dag.py
[2022-06-24 07:11:15,183] {processor.py:641} INFO - Processing file /home/airflow/.local/lib/python3.7/site-packages/airflow/example_dags/example_skip_dag.py for tasks to queue
[2022-06-24 07:11:15,184] {logging_mixin.py:115} INFO - [2022-06-24 07:11:15,184] {dagbag.py:507} INFO - Filling up the DagBag from /home/airflow/.local/lib/python3.7/site-packages/airflow/example_dags/example_skip_dag.py
[2022-06-24 07:11:15,190] {processor.py:651} INFO - DAG(s) dict_keys(['example_skip_dag']) retrieved from /home/airflow/.local/lib/python3.7/site-packages/airflow/example_dags/example_skip_dag.py
[2022-06-24 07:11:15,217] {logging_mixin.py:115} INFO - [2022-06-24 07:11:15,217] {dag.py:2379} INFO - Sync 1 DAGs
[2022-06-24 07:11:15,233] {logging_mixin.py:115} INFO - [2022-06-24 07:11:15,233] {dag.py:2931} INFO - Setting next_dagrun for example_skip_dag to 2022-06-23T07:11:15.233095+00:00, run_after=2022-06-24T07:11:15.233095+00:00
[2022-06-24 07:11:15,249] {processor.py:161} INFO - Processing /home/airflow/.local/lib/python3.7/site-packages/airflow/example_dags/example_skip_dag.py took 0.071 seconds
[2022-06-24 07:11:45,355] {processor.py:153} INFO - Started process (PID=7062) to work on /home/airflow/.local/lib/python3.7/site-packages/airflow/example_dags/example_skip_dag.py
[2022-06-24 07:11:45,356] {processor.py:641} INFO - Processing file /home/airflow/.local/lib/python3.7/site-packages/airflow/example_dags/example_skip_dag.py for tasks to queue
[2022-06-24 07:11:45,357] {logging_mixin.py:115} INFO - [2022-06-24 07:11:45,357] {dagbag.py:507} INFO - Filling up the DagBag from /home/airflow/.local/lib/python3.7/site-packages/airflow/example_dags/example_skip_dag.py
[2022-06-24 07:11:45,363] {processor.py:651} INFO - DAG(s) dict_keys(['example_skip_dag']) retrieved from /home/airflow/.local/lib/python3.7/site-packages/airflow/example_dags/example_skip_dag.py
[2022-06-24 07:11:45,388] {logging_mixin.py:115} INFO - [2022-06-24 07:11:45,388] {dag.py:2379} INFO - Sync 1 DAGs
[2022-06-24 07:11:45,404] {logging_mixin.py:115} INFO - [2022-06-24 07:11:45,404] {dag.py:2931} INFO - Setting next_dagrun for example_skip_dag to 2022-06-23T07:11:45.404655+00:00, run_after=2022-06-24T07:11:45.404655+00:00
[2022-06-24 07:11:45,418] {processor.py:161} INFO - Processing /home/airflow/.local/lib/python3.7/site-packages/airflow/example_dags/example_skip_dag.py took 0.067 seconds
[2022-06-24 07:12:15,690] {processor.py:153} INFO - Started process (PID=7127) to work on /home/airflow/.local/lib/python3.7/site-packages/airflow/example_dags/example_skip_dag.py
[2022-06-24 07:12:15,691] {processor.py:641} INFO - Processing file /home/airflow/.local/lib/python3.7/site-packages/airflow/example_dags/example_skip_dag.py for tasks to queue
[2022-06-24 07:12:15,692] {logging_mixin.py:115} INFO - [2022-06-24 07:12:15,692] {dagbag.py:507} INFO - Filling up the DagBag from /home/airflow/.local/lib/python3.7/site-packages/airflow/example_dags/example_skip_dag.py
[2022-06-24 07:12:15,697] {processor.py:651} INFO - DAG(s) dict_keys(['example_skip_dag']) retrieved from /home/airflow/.local/lib/python3.7/site-packages/airflow/example_dags/example_skip_dag.py
[2022-06-24 07:12:15,723] {logging_mixin.py:115} INFO - [2022-06-24 07:12:15,723] {dag.py:2379} INFO - Sync 1 DAGs
[2022-06-24 07:12:15,739] {logging_mixin.py:115} INFO - [2022-06-24 07:12:15,738] {dag.py:2931} INFO - Setting next_dagrun for example_skip_dag to 2022-06-23T07:12:15.738761+00:00, run_after=2022-06-24T07:12:15.738761+00:00
[2022-06-24 07:12:15,750] {processor.py:161} INFO - Processing /home/airflow/.local/lib/python3.7/site-packages/airflow/example_dags/example_skip_dag.py took 0.063 seconds
[2022-06-24 07:12:45,878] {processor.py:153} INFO - Started process (PID=7191) to work on /home/airflow/.local/lib/python3.7/site-packages/airflow/example_dags/example_skip_dag.py
[2022-06-24 07:12:45,879] {processor.py:641} INFO - Processing file /home/airflow/.local/lib/python3.7/site-packages/airflow/example_dags/example_skip_dag.py for tasks to queue
[2022-06-24 07:12:45,880] {logging_mixin.py:115} INFO - [2022-06-24 07:12:45,880] {dagbag.py:507} INFO - Filling up the DagBag from /home/airflow/.local/lib/python3.7/site-packages/airflow/example_dags/example_skip_dag.py
[2022-06-24 07:12:45,885] {processor.py:651} INFO - DAG(s) dict_keys(['example_skip_dag']) retrieved from /home/airflow/.local/lib/python3.7/site-packages/airflow/example_dags/example_skip_dag.py
[2022-06-24 07:12:45,914] {logging_mixin.py:115} INFO - [2022-06-24 07:12:45,913] {dag.py:2379} INFO - Sync 1 DAGs
[2022-06-24 07:12:45,930] {logging_mixin.py:115} INFO - [2022-06-24 07:12:45,930] {dag.py:2931} INFO - Setting next_dagrun for example_skip_dag to 2022-06-23T07:12:45.930582+00:00, run_after=2022-06-24T07:12:45.930582+00:00
[2022-06-24 07:12:45,944] {processor.py:161} INFO - Processing /home/airflow/.local/lib/python3.7/site-packages/airflow/example_dags/example_skip_dag.py took 0.069 seconds
[2022-06-24 07:13:16,135] {processor.py:153} INFO - Started process (PID=7255) to work on /home/airflow/.local/lib/python3.7/site-packages/airflow/example_dags/example_skip_dag.py
[2022-06-24 07:13:16,136] {processor.py:641} INFO - Processing file /home/airflow/.local/lib/python3.7/site-packages/airflow/example_dags/example_skip_dag.py for tasks to queue
[2022-06-24 07:13:16,137] {logging_mixin.py:115} INFO - [2022-06-24 07:13:16,137] {dagbag.py:507} INFO - Filling up the DagBag from /home/airflow/.local/lib/python3.7/site-packages/airflow/example_dags/example_skip_dag.py
[2022-06-24 07:13:16,142] {processor.py:651} INFO - DAG(s) dict_keys(['example_skip_dag']) retrieved from /home/airflow/.local/lib/python3.7/site-packages/airflow/example_dags/example_skip_dag.py
[2022-06-24 07:13:16,165] {logging_mixin.py:115} INFO - [2022-06-24 07:13:16,165] {dag.py:2379} INFO - Sync 1 DAGs
[2022-06-24 07:13:16,180] {logging_mixin.py:115} INFO - [2022-06-24 07:13:16,180] {dag.py:2931} INFO - Setting next_dagrun for example_skip_dag to 2022-06-23T07:13:16.180274+00:00, run_after=2022-06-24T07:13:16.180274+00:00
[2022-06-24 07:13:16,194] {processor.py:161} INFO - Processing /home/airflow/.local/lib/python3.7/site-packages/airflow/example_dags/example_skip_dag.py took 0.062 seconds
[2022-06-24 07:13:46,715] {processor.py:153} INFO - Started process (PID=7310) to work on /home/airflow/.local/lib/python3.7/site-packages/airflow/example_dags/example_skip_dag.py
[2022-06-24 07:13:46,716] {processor.py:641} INFO - Processing file /home/airflow/.local/lib/python3.7/site-packages/airflow/example_dags/example_skip_dag.py for tasks to queue
[2022-06-24 07:13:46,717] {logging_mixin.py:115} INFO - [2022-06-24 07:13:46,717] {dagbag.py:507} INFO - Filling up the DagBag from /home/airflow/.local/lib/python3.7/site-packages/airflow/example_dags/example_skip_dag.py
[2022-06-24 07:13:46,722] {processor.py:651} INFO - DAG(s) dict_keys(['example_skip_dag']) retrieved from /home/airflow/.local/lib/python3.7/site-packages/airflow/example_dags/example_skip_dag.py
[2022-06-24 07:13:46,748] {logging_mixin.py:115} INFO - [2022-06-24 07:13:46,748] {dag.py:2379} INFO - Sync 1 DAGs
[2022-06-24 07:13:46,763] {logging_mixin.py:115} INFO - [2022-06-24 07:13:46,763] {dag.py:2931} INFO - Setting next_dagrun for example_skip_dag to 2022-06-23T07:13:46.763206+00:00, run_after=2022-06-24T07:13:46.763206+00:00
[2022-06-24 07:13:46,777] {processor.py:161} INFO - Processing /home/airflow/.local/lib/python3.7/site-packages/airflow/example_dags/example_skip_dag.py took 0.067 seconds
[2022-06-24 07:14:17,384] {processor.py:153} INFO - Started process (PID=7374) to work on /home/airflow/.local/lib/python3.7/site-packages/airflow/example_dags/example_skip_dag.py
[2022-06-24 07:14:17,385] {processor.py:641} INFO - Processing file /home/airflow/.local/lib/python3.7/site-packages/airflow/example_dags/example_skip_dag.py for tasks to queue
[2022-06-24 07:14:17,386] {logging_mixin.py:115} INFO - [2022-06-24 07:14:17,386] {dagbag.py:507} INFO - Filling up the DagBag from /home/airflow/.local/lib/python3.7/site-packages/airflow/example_dags/example_skip_dag.py
[2022-06-24 07:14:17,392] {processor.py:651} INFO - DAG(s) dict_keys(['example_skip_dag']) retrieved from /home/airflow/.local/lib/python3.7/site-packages/airflow/example_dags/example_skip_dag.py
[2022-06-24 07:14:17,417] {logging_mixin.py:115} INFO - [2022-06-24 07:14:17,417] {dag.py:2379} INFO - Sync 1 DAGs
[2022-06-24 07:14:17,432] {logging_mixin.py:115} INFO - [2022-06-24 07:14:17,432] {dag.py:2931} INFO - Setting next_dagrun for example_skip_dag to 2022-06-23T07:14:17.432357+00:00, run_after=2022-06-24T07:14:17.432357+00:00
[2022-06-24 07:14:17,445] {processor.py:161} INFO - Processing /home/airflow/.local/lib/python3.7/site-packages/airflow/example_dags/example_skip_dag.py took 0.065 seconds
[2022-06-24 07:14:47,888] {processor.py:153} INFO - Started process (PID=7438) to work on /home/airflow/.local/lib/python3.7/site-packages/airflow/example_dags/example_skip_dag.py
[2022-06-24 07:14:47,889] {processor.py:641} INFO - Processing file /home/airflow/.local/lib/python3.7/site-packages/airflow/example_dags/example_skip_dag.py for tasks to queue
[2022-06-24 07:14:47,890] {logging_mixin.py:115} INFO - [2022-06-24 07:14:47,890] {dagbag.py:507} INFO - Filling up the DagBag from /home/airflow/.local/lib/python3.7/site-packages/airflow/example_dags/example_skip_dag.py
[2022-06-24 07:14:47,895] {processor.py:651} INFO - DAG(s) dict_keys(['example_skip_dag']) retrieved from /home/airflow/.local/lib/python3.7/site-packages/airflow/example_dags/example_skip_dag.py
[2022-06-24 07:14:47,920] {logging_mixin.py:115} INFO - [2022-06-24 07:14:47,919] {dag.py:2379} INFO - Sync 1 DAGs
[2022-06-24 07:14:47,934] {logging_mixin.py:115} INFO - [2022-06-24 07:14:47,934] {dag.py:2931} INFO - Setting next_dagrun for example_skip_dag to 2022-06-23T07:14:47.934520+00:00, run_after=2022-06-24T07:14:47.934520+00:00
[2022-06-24 07:14:47,950] {processor.py:161} INFO - Processing /home/airflow/.local/lib/python3.7/site-packages/airflow/example_dags/example_skip_dag.py took 0.065 seconds
[2022-06-24 07:15:18,323] {processor.py:153} INFO - Started process (PID=7503) to work on /home/airflow/.local/lib/python3.7/site-packages/airflow/example_dags/example_skip_dag.py
[2022-06-24 07:15:18,324] {processor.py:641} INFO - Processing file /home/airflow/.local/lib/python3.7/site-packages/airflow/example_dags/example_skip_dag.py for tasks to queue
[2022-06-24 07:15:18,325] {logging_mixin.py:115} INFO - [2022-06-24 07:15:18,325] {dagbag.py:507} INFO - Filling up the DagBag from /home/airflow/.local/lib/python3.7/site-packages/airflow/example_dags/example_skip_dag.py
[2022-06-24 07:15:18,330] {processor.py:651} INFO - DAG(s) dict_keys(['example_skip_dag']) retrieved from /home/airflow/.local/lib/python3.7/site-packages/airflow/example_dags/example_skip_dag.py
[2022-06-24 07:15:18,355] {logging_mixin.py:115} INFO - [2022-06-24 07:15:18,355] {dag.py:2379} INFO - Sync 1 DAGs
[2022-06-24 07:15:18,369] {logging_mixin.py:115} INFO - [2022-06-24 07:15:18,369] {dag.py:2931} INFO - Setting next_dagrun for example_skip_dag to 2022-06-23T07:15:18.369584+00:00, run_after=2022-06-24T07:15:18.369584+00:00
[2022-06-24 07:15:18,384] {processor.py:161} INFO - Processing /home/airflow/.local/lib/python3.7/site-packages/airflow/example_dags/example_skip_dag.py took 0.065 seconds
[2022-06-24 07:15:48,725] {processor.py:153} INFO - Started process (PID=7558) to work on /home/airflow/.local/lib/python3.7/site-packages/airflow/example_dags/example_skip_dag.py
[2022-06-24 07:15:48,726] {processor.py:641} INFO - Processing file /home/airflow/.local/lib/python3.7/site-packages/airflow/example_dags/example_skip_dag.py for tasks to queue
[2022-06-24 07:15:48,727] {logging_mixin.py:115} INFO - [2022-06-24 07:15:48,727] {dagbag.py:507} INFO - Filling up the DagBag from /home/airflow/.local/lib/python3.7/site-packages/airflow/example_dags/example_skip_dag.py
[2022-06-24 07:15:48,734] {processor.py:651} INFO - DAG(s) dict_keys(['example_skip_dag']) retrieved from /home/airflow/.local/lib/python3.7/site-packages/airflow/example_dags/example_skip_dag.py
[2022-06-24 07:15:48,760] {logging_mixin.py:115} INFO - [2022-06-24 07:15:48,760] {dag.py:2379} INFO - Sync 1 DAGs
[2022-06-24 07:15:48,778] {logging_mixin.py:115} INFO - [2022-06-24 07:15:48,777] {dag.py:2931} INFO - Setting next_dagrun for example_skip_dag to 2022-06-23T07:15:48.777174+00:00, run_after=2022-06-24T07:15:48.777174+00:00
[2022-06-24 07:15:48,792] {processor.py:161} INFO - Processing /home/airflow/.local/lib/python3.7/site-packages/airflow/example_dags/example_skip_dag.py took 0.071 seconds
[2022-06-24 07:16:19,285] {processor.py:153} INFO - Started process (PID=7622) to work on /home/airflow/.local/lib/python3.7/site-packages/airflow/example_dags/example_skip_dag.py
[2022-06-24 07:16:19,286] {processor.py:641} INFO - Processing file /home/airflow/.local/lib/python3.7/site-packages/airflow/example_dags/example_skip_dag.py for tasks to queue
[2022-06-24 07:16:19,287] {logging_mixin.py:115} INFO - [2022-06-24 07:16:19,287] {dagbag.py:507} INFO - Filling up the DagBag from /home/airflow/.local/lib/python3.7/site-packages/airflow/example_dags/example_skip_dag.py
[2022-06-24 07:16:19,296] {processor.py:651} INFO - DAG(s) dict_keys(['example_skip_dag']) retrieved from /home/airflow/.local/lib/python3.7/site-packages/airflow/example_dags/example_skip_dag.py
[2022-06-24 07:16:19,334] {logging_mixin.py:115} INFO - [2022-06-24 07:16:19,334] {dag.py:2379} INFO - Sync 1 DAGs
[2022-06-24 07:16:19,363] {logging_mixin.py:115} INFO - [2022-06-24 07:16:19,363] {dag.py:2931} INFO - Setting next_dagrun for example_skip_dag to 2022-06-23T07:16:19.363407+00:00, run_after=2022-06-24T07:16:19.363407+00:00
[2022-06-24 07:16:19,380] {processor.py:161} INFO - Processing /home/airflow/.local/lib/python3.7/site-packages/airflow/example_dags/example_skip_dag.py took 0.101 seconds
[2022-06-24 07:16:49,756] {processor.py:153} INFO - Started process (PID=7686) to work on /home/airflow/.local/lib/python3.7/site-packages/airflow/example_dags/example_skip_dag.py
[2022-06-24 07:16:49,757] {processor.py:641} INFO - Processing file /home/airflow/.local/lib/python3.7/site-packages/airflow/example_dags/example_skip_dag.py for tasks to queue
[2022-06-24 07:16:49,758] {logging_mixin.py:115} INFO - [2022-06-24 07:16:49,758] {dagbag.py:507} INFO - Filling up the DagBag from /home/airflow/.local/lib/python3.7/site-packages/airflow/example_dags/example_skip_dag.py
[2022-06-24 07:16:49,763] {processor.py:651} INFO - DAG(s) dict_keys(['example_skip_dag']) retrieved from /home/airflow/.local/lib/python3.7/site-packages/airflow/example_dags/example_skip_dag.py
[2022-06-24 07:16:49,793] {logging_mixin.py:115} INFO - [2022-06-24 07:16:49,793] {dag.py:2379} INFO - Sync 1 DAGs
[2022-06-24 07:16:49,812] {logging_mixin.py:115} INFO - [2022-06-24 07:16:49,811] {dag.py:2931} INFO - Setting next_dagrun for example_skip_dag to 2022-06-23T07:16:49.811592+00:00, run_after=2022-06-24T07:16:49.811592+00:00
[2022-06-24 07:16:49,828] {processor.py:161} INFO - Processing /home/airflow/.local/lib/python3.7/site-packages/airflow/example_dags/example_skip_dag.py took 0.075 seconds
[2022-06-24 07:17:20,332] {processor.py:153} INFO - Started process (PID=7741) to work on /home/airflow/.local/lib/python3.7/site-packages/airflow/example_dags/example_skip_dag.py
[2022-06-24 07:17:20,333] {processor.py:641} INFO - Processing file /home/airflow/.local/lib/python3.7/site-packages/airflow/example_dags/example_skip_dag.py for tasks to queue
[2022-06-24 07:17:20,334] {logging_mixin.py:115} INFO - [2022-06-24 07:17:20,334] {dagbag.py:507} INFO - Filling up the DagBag from /home/airflow/.local/lib/python3.7/site-packages/airflow/example_dags/example_skip_dag.py
[2022-06-24 07:17:20,340] {processor.py:651} INFO - DAG(s) dict_keys(['example_skip_dag']) retrieved from /home/airflow/.local/lib/python3.7/site-packages/airflow/example_dags/example_skip_dag.py
[2022-06-24 07:17:20,368] {logging_mixin.py:115} INFO - [2022-06-24 07:17:20,368] {dag.py:2379} INFO - Sync 1 DAGs
[2022-06-24 07:17:20,382] {logging_mixin.py:115} INFO - [2022-06-24 07:17:20,382] {dag.py:2931} INFO - Setting next_dagrun for example_skip_dag to 2022-06-23T07:17:20.382344+00:00, run_after=2022-06-24T07:17:20.382344+00:00
[2022-06-24 07:17:20,396] {processor.py:161} INFO - Processing /home/airflow/.local/lib/python3.7/site-packages/airflow/example_dags/example_skip_dag.py took 0.067 seconds
[2022-06-24 07:17:51,040] {processor.py:153} INFO - Started process (PID=7805) to work on /home/airflow/.local/lib/python3.7/site-packages/airflow/example_dags/example_skip_dag.py
[2022-06-24 07:17:51,041] {processor.py:641} INFO - Processing file /home/airflow/.local/lib/python3.7/site-packages/airflow/example_dags/example_skip_dag.py for tasks to queue
[2022-06-24 07:17:51,041] {logging_mixin.py:115} INFO - [2022-06-24 07:17:51,041] {dagbag.py:507} INFO - Filling up the DagBag from /home/airflow/.local/lib/python3.7/site-packages/airflow/example_dags/example_skip_dag.py
[2022-06-24 07:17:51,047] {processor.py:651} INFO - DAG(s) dict_keys(['example_skip_dag']) retrieved from /home/airflow/.local/lib/python3.7/site-packages/airflow/example_dags/example_skip_dag.py
[2022-06-24 07:17:51,080] {logging_mixin.py:115} INFO - [2022-06-24 07:17:51,080] {dag.py:2379} INFO - Sync 1 DAGs
[2022-06-24 07:17:51,103] {logging_mixin.py:115} INFO - [2022-06-24 07:17:51,103] {dag.py:2931} INFO - Setting next_dagrun for example_skip_dag to 2022-06-23T07:17:51.103353+00:00, run_after=2022-06-24T07:17:51.103353+00:00
[2022-06-24 07:17:51,119] {processor.py:161} INFO - Processing /home/airflow/.local/lib/python3.7/site-packages/airflow/example_dags/example_skip_dag.py took 0.083 seconds
[2022-06-24 07:18:21,736] {processor.py:153} INFO - Started process (PID=7869) to work on /home/airflow/.local/lib/python3.7/site-packages/airflow/example_dags/example_skip_dag.py
[2022-06-24 07:18:21,737] {processor.py:641} INFO - Processing file /home/airflow/.local/lib/python3.7/site-packages/airflow/example_dags/example_skip_dag.py for tasks to queue
[2022-06-24 07:18:21,738] {logging_mixin.py:115} INFO - [2022-06-24 07:18:21,738] {dagbag.py:507} INFO - Filling up the DagBag from /home/airflow/.local/lib/python3.7/site-packages/airflow/example_dags/example_skip_dag.py
[2022-06-24 07:18:21,744] {processor.py:651} INFO - DAG(s) dict_keys(['example_skip_dag']) retrieved from /home/airflow/.local/lib/python3.7/site-packages/airflow/example_dags/example_skip_dag.py
[2022-06-24 07:18:21,773] {logging_mixin.py:115} INFO - [2022-06-24 07:18:21,773] {dag.py:2379} INFO - Sync 1 DAGs
[2022-06-24 07:18:21,795] {logging_mixin.py:115} INFO - [2022-06-24 07:18:21,795] {dag.py:2931} INFO - Setting next_dagrun for example_skip_dag to 2022-06-23T07:18:21.795297+00:00, run_after=2022-06-24T07:18:21.795297+00:00
[2022-06-24 07:18:21,811] {processor.py:161} INFO - Processing /home/airflow/.local/lib/python3.7/site-packages/airflow/example_dags/example_skip_dag.py took 0.079 seconds
[2022-06-24 07:18:52,404] {processor.py:153} INFO - Started process (PID=7934) to work on /home/airflow/.local/lib/python3.7/site-packages/airflow/example_dags/example_skip_dag.py
[2022-06-24 07:18:52,405] {processor.py:641} INFO - Processing file /home/airflow/.local/lib/python3.7/site-packages/airflow/example_dags/example_skip_dag.py for tasks to queue
[2022-06-24 07:18:52,406] {logging_mixin.py:115} INFO - [2022-06-24 07:18:52,406] {dagbag.py:507} INFO - Filling up the DagBag from /home/airflow/.local/lib/python3.7/site-packages/airflow/example_dags/example_skip_dag.py
[2022-06-24 07:18:52,412] {processor.py:651} INFO - DAG(s) dict_keys(['example_skip_dag']) retrieved from /home/airflow/.local/lib/python3.7/site-packages/airflow/example_dags/example_skip_dag.py
[2022-06-24 07:18:52,438] {logging_mixin.py:115} INFO - [2022-06-24 07:18:52,438] {dag.py:2379} INFO - Sync 1 DAGs
[2022-06-24 07:18:52,455] {logging_mixin.py:115} INFO - [2022-06-24 07:18:52,455] {dag.py:2931} INFO - Setting next_dagrun for example_skip_dag to 2022-06-23T07:18:52.454970+00:00, run_after=2022-06-24T07:18:52.454970+00:00
[2022-06-24 07:18:52,470] {processor.py:161} INFO - Processing /home/airflow/.local/lib/python3.7/site-packages/airflow/example_dags/example_skip_dag.py took 0.069 seconds
[2022-06-24 07:19:23,099] {processor.py:153} INFO - Started process (PID=7989) to work on /home/airflow/.local/lib/python3.7/site-packages/airflow/example_dags/example_skip_dag.py
[2022-06-24 07:19:23,100] {processor.py:641} INFO - Processing file /home/airflow/.local/lib/python3.7/site-packages/airflow/example_dags/example_skip_dag.py for tasks to queue
[2022-06-24 07:19:23,101] {logging_mixin.py:115} INFO - [2022-06-24 07:19:23,100] {dagbag.py:507} INFO - Filling up the DagBag from /home/airflow/.local/lib/python3.7/site-packages/airflow/example_dags/example_skip_dag.py
[2022-06-24 07:19:23,105] {processor.py:651} INFO - DAG(s) dict_keys(['example_skip_dag']) retrieved from /home/airflow/.local/lib/python3.7/site-packages/airflow/example_dags/example_skip_dag.py
[2022-06-24 07:19:23,130] {logging_mixin.py:115} INFO - [2022-06-24 07:19:23,129] {dag.py:2379} INFO - Sync 1 DAGs
[2022-06-24 07:19:23,147] {logging_mixin.py:115} INFO - [2022-06-24 07:19:23,147] {dag.py:2931} INFO - Setting next_dagrun for example_skip_dag to 2022-06-23T07:19:23.146914+00:00, run_after=2022-06-24T07:19:23.146914+00:00
[2022-06-24 07:19:23,161] {processor.py:161} INFO - Processing /home/airflow/.local/lib/python3.7/site-packages/airflow/example_dags/example_skip_dag.py took 0.066 seconds
[2022-06-24 07:19:53,538] {processor.py:153} INFO - Started process (PID=8053) to work on /home/airflow/.local/lib/python3.7/site-packages/airflow/example_dags/example_skip_dag.py
[2022-06-24 07:19:53,539] {processor.py:641} INFO - Processing file /home/airflow/.local/lib/python3.7/site-packages/airflow/example_dags/example_skip_dag.py for tasks to queue
[2022-06-24 07:19:53,540] {logging_mixin.py:115} INFO - [2022-06-24 07:19:53,540] {dagbag.py:507} INFO - Filling up the DagBag from /home/airflow/.local/lib/python3.7/site-packages/airflow/example_dags/example_skip_dag.py
[2022-06-24 07:19:53,545] {processor.py:651} INFO - DAG(s) dict_keys(['example_skip_dag']) retrieved from /home/airflow/.local/lib/python3.7/site-packages/airflow/example_dags/example_skip_dag.py
[2022-06-24 07:19:53,571] {logging_mixin.py:115} INFO - [2022-06-24 07:19:53,571] {dag.py:2379} INFO - Sync 1 DAGs
[2022-06-24 07:19:53,590] {logging_mixin.py:115} INFO - [2022-06-24 07:19:53,590] {dag.py:2931} INFO - Setting next_dagrun for example_skip_dag to 2022-06-23T07:19:53.590540+00:00, run_after=2022-06-24T07:19:53.590540+00:00
[2022-06-24 07:19:53,606] {processor.py:161} INFO - Processing /home/airflow/.local/lib/python3.7/site-packages/airflow/example_dags/example_skip_dag.py took 0.071 seconds
[2022-06-24 07:20:23,907] {processor.py:153} INFO - Started process (PID=8117) to work on /home/airflow/.local/lib/python3.7/site-packages/airflow/example_dags/example_skip_dag.py
[2022-06-24 07:20:23,907] {processor.py:641} INFO - Processing file /home/airflow/.local/lib/python3.7/site-packages/airflow/example_dags/example_skip_dag.py for tasks to queue
[2022-06-24 07:20:23,908] {logging_mixin.py:115} INFO - [2022-06-24 07:20:23,908] {dagbag.py:507} INFO - Filling up the DagBag from /home/airflow/.local/lib/python3.7/site-packages/airflow/example_dags/example_skip_dag.py
[2022-06-24 07:20:23,913] {processor.py:651} INFO - DAG(s) dict_keys(['example_skip_dag']) retrieved from /home/airflow/.local/lib/python3.7/site-packages/airflow/example_dags/example_skip_dag.py
[2022-06-24 07:20:23,936] {logging_mixin.py:115} INFO - [2022-06-24 07:20:23,936] {dag.py:2379} INFO - Sync 1 DAGs
[2022-06-24 07:20:23,954] {logging_mixin.py:115} INFO - [2022-06-24 07:20:23,954] {dag.py:2931} INFO - Setting next_dagrun for example_skip_dag to 2022-06-23T07:20:23.953934+00:00, run_after=2022-06-24T07:20:23.953934+00:00
[2022-06-24 07:20:23,971] {processor.py:161} INFO - Processing /home/airflow/.local/lib/python3.7/site-packages/airflow/example_dags/example_skip_dag.py took 0.068 seconds
[2022-06-24 07:20:54,233] {processor.py:153} INFO - Started process (PID=8172) to work on /home/airflow/.local/lib/python3.7/site-packages/airflow/example_dags/example_skip_dag.py
[2022-06-24 07:20:54,234] {processor.py:641} INFO - Processing file /home/airflow/.local/lib/python3.7/site-packages/airflow/example_dags/example_skip_dag.py for tasks to queue
[2022-06-24 07:20:54,235] {logging_mixin.py:115} INFO - [2022-06-24 07:20:54,235] {dagbag.py:507} INFO - Filling up the DagBag from /home/airflow/.local/lib/python3.7/site-packages/airflow/example_dags/example_skip_dag.py
[2022-06-24 07:20:54,243] {processor.py:651} INFO - DAG(s) dict_keys(['example_skip_dag']) retrieved from /home/airflow/.local/lib/python3.7/site-packages/airflow/example_dags/example_skip_dag.py
[2022-06-24 07:20:54,276] {logging_mixin.py:115} INFO - [2022-06-24 07:20:54,276] {dag.py:2379} INFO - Sync 1 DAGs
[2022-06-24 07:20:54,293] {logging_mixin.py:115} INFO - [2022-06-24 07:20:54,293] {dag.py:2931} INFO - Setting next_dagrun for example_skip_dag to 2022-06-23T07:20:54.293530+00:00, run_after=2022-06-24T07:20:54.293530+00:00
[2022-06-24 07:20:54,308] {processor.py:161} INFO - Processing /home/airflow/.local/lib/python3.7/site-packages/airflow/example_dags/example_skip_dag.py took 0.079 seconds
[2022-06-24 07:21:25,049] {processor.py:153} INFO - Started process (PID=8236) to work on /home/airflow/.local/lib/python3.7/site-packages/airflow/example_dags/example_skip_dag.py
[2022-06-24 07:21:25,050] {processor.py:641} INFO - Processing file /home/airflow/.local/lib/python3.7/site-packages/airflow/example_dags/example_skip_dag.py for tasks to queue
[2022-06-24 07:21:25,051] {logging_mixin.py:115} INFO - [2022-06-24 07:21:25,051] {dagbag.py:507} INFO - Filling up the DagBag from /home/airflow/.local/lib/python3.7/site-packages/airflow/example_dags/example_skip_dag.py
[2022-06-24 07:21:25,060] {processor.py:651} INFO - DAG(s) dict_keys(['example_skip_dag']) retrieved from /home/airflow/.local/lib/python3.7/site-packages/airflow/example_dags/example_skip_dag.py
[2022-06-24 07:21:25,089] {logging_mixin.py:115} INFO - [2022-06-24 07:21:25,089] {dag.py:2379} INFO - Sync 1 DAGs
[2022-06-24 07:21:25,107] {logging_mixin.py:115} INFO - [2022-06-24 07:21:25,107] {dag.py:2931} INFO - Setting next_dagrun for example_skip_dag to 2022-06-23T07:21:25.106966+00:00, run_after=2022-06-24T07:21:25.106966+00:00
[2022-06-24 07:21:25,124] {processor.py:161} INFO - Processing /home/airflow/.local/lib/python3.7/site-packages/airflow/example_dags/example_skip_dag.py took 0.079 seconds
[2022-06-24 07:21:55,552] {processor.py:153} INFO - Started process (PID=8300) to work on /home/airflow/.local/lib/python3.7/site-packages/airflow/example_dags/example_skip_dag.py
[2022-06-24 07:21:55,553] {processor.py:641} INFO - Processing file /home/airflow/.local/lib/python3.7/site-packages/airflow/example_dags/example_skip_dag.py for tasks to queue
[2022-06-24 07:21:55,554] {logging_mixin.py:115} INFO - [2022-06-24 07:21:55,554] {dagbag.py:507} INFO - Filling up the DagBag from /home/airflow/.local/lib/python3.7/site-packages/airflow/example_dags/example_skip_dag.py
[2022-06-24 07:21:55,559] {processor.py:651} INFO - DAG(s) dict_keys(['example_skip_dag']) retrieved from /home/airflow/.local/lib/python3.7/site-packages/airflow/example_dags/example_skip_dag.py
[2022-06-24 07:21:55,590] {logging_mixin.py:115} INFO - [2022-06-24 07:21:55,590] {dag.py:2379} INFO - Sync 1 DAGs
[2022-06-24 07:21:55,612] {logging_mixin.py:115} INFO - [2022-06-24 07:21:55,611] {dag.py:2931} INFO - Setting next_dagrun for example_skip_dag to 2022-06-23T07:21:55.611748+00:00, run_after=2022-06-24T07:21:55.611748+00:00
[2022-06-24 07:21:55,626] {processor.py:161} INFO - Processing /home/airflow/.local/lib/python3.7/site-packages/airflow/example_dags/example_skip_dag.py took 0.078 seconds
[2022-06-24 07:22:26,157] {processor.py:153} INFO - Started process (PID=8364) to work on /home/airflow/.local/lib/python3.7/site-packages/airflow/example_dags/example_skip_dag.py
[2022-06-24 07:22:26,159] {processor.py:641} INFO - Processing file /home/airflow/.local/lib/python3.7/site-packages/airflow/example_dags/example_skip_dag.py for tasks to queue
[2022-06-24 07:22:26,159] {logging_mixin.py:115} INFO - [2022-06-24 07:22:26,159] {dagbag.py:507} INFO - Filling up the DagBag from /home/airflow/.local/lib/python3.7/site-packages/airflow/example_dags/example_skip_dag.py
[2022-06-24 07:22:26,164] {processor.py:651} INFO - DAG(s) dict_keys(['example_skip_dag']) retrieved from /home/airflow/.local/lib/python3.7/site-packages/airflow/example_dags/example_skip_dag.py
[2022-06-24 07:22:26,192] {logging_mixin.py:115} INFO - [2022-06-24 07:22:26,192] {dag.py:2379} INFO - Sync 1 DAGs
[2022-06-24 07:22:26,217] {logging_mixin.py:115} INFO - [2022-06-24 07:22:26,217] {dag.py:2931} INFO - Setting next_dagrun for example_skip_dag to 2022-06-23T07:22:26.216977+00:00, run_after=2022-06-24T07:22:26.216977+00:00
[2022-06-24 07:22:26,236] {processor.py:161} INFO - Processing /home/airflow/.local/lib/python3.7/site-packages/airflow/example_dags/example_skip_dag.py took 0.082 seconds
[2022-06-24 07:22:56,778] {processor.py:153} INFO - Started process (PID=8419) to work on /home/airflow/.local/lib/python3.7/site-packages/airflow/example_dags/example_skip_dag.py
[2022-06-24 07:22:56,779] {processor.py:641} INFO - Processing file /home/airflow/.local/lib/python3.7/site-packages/airflow/example_dags/example_skip_dag.py for tasks to queue
[2022-06-24 07:22:56,779] {logging_mixin.py:115} INFO - [2022-06-24 07:22:56,779] {dagbag.py:507} INFO - Filling up the DagBag from /home/airflow/.local/lib/python3.7/site-packages/airflow/example_dags/example_skip_dag.py
[2022-06-24 07:22:56,785] {processor.py:651} INFO - DAG(s) dict_keys(['example_skip_dag']) retrieved from /home/airflow/.local/lib/python3.7/site-packages/airflow/example_dags/example_skip_dag.py
[2022-06-24 07:22:56,851] {logging_mixin.py:115} INFO - [2022-06-24 07:22:56,851] {dag.py:2379} INFO - Sync 1 DAGs
[2022-06-24 07:22:56,896] {logging_mixin.py:115} INFO - [2022-06-24 07:22:56,895] {dag.py:2931} INFO - Setting next_dagrun for example_skip_dag to 2022-06-23T07:22:56.895531+00:00, run_after=2022-06-24T07:22:56.895531+00:00
[2022-06-24 07:22:56,922] {processor.py:161} INFO - Processing /home/airflow/.local/lib/python3.7/site-packages/airflow/example_dags/example_skip_dag.py took 0.148 seconds
[2022-06-24 07:23:27,230] {processor.py:153} INFO - Started process (PID=8483) to work on /home/airflow/.local/lib/python3.7/site-packages/airflow/example_dags/example_skip_dag.py
[2022-06-24 07:23:27,231] {processor.py:641} INFO - Processing file /home/airflow/.local/lib/python3.7/site-packages/airflow/example_dags/example_skip_dag.py for tasks to queue
[2022-06-24 07:23:27,232] {logging_mixin.py:115} INFO - [2022-06-24 07:23:27,232] {dagbag.py:507} INFO - Filling up the DagBag from /home/airflow/.local/lib/python3.7/site-packages/airflow/example_dags/example_skip_dag.py
[2022-06-24 07:23:27,237] {processor.py:651} INFO - DAG(s) dict_keys(['example_skip_dag']) retrieved from /home/airflow/.local/lib/python3.7/site-packages/airflow/example_dags/example_skip_dag.py
[2022-06-24 07:23:27,265] {logging_mixin.py:115} INFO - [2022-06-24 07:23:27,265] {dag.py:2379} INFO - Sync 1 DAGs
[2022-06-24 07:23:27,289] {logging_mixin.py:115} INFO - [2022-06-24 07:23:27,289] {dag.py:2931} INFO - Setting next_dagrun for example_skip_dag to 2022-06-23T07:23:27.289436+00:00, run_after=2022-06-24T07:23:27.289436+00:00
[2022-06-24 07:23:27,306] {processor.py:161} INFO - Processing /home/airflow/.local/lib/python3.7/site-packages/airflow/example_dags/example_skip_dag.py took 0.080 seconds
[2022-06-24 07:23:57,441] {processor.py:153} INFO - Started process (PID=8547) to work on /home/airflow/.local/lib/python3.7/site-packages/airflow/example_dags/example_skip_dag.py
[2022-06-24 07:23:57,443] {processor.py:641} INFO - Processing file /home/airflow/.local/lib/python3.7/site-packages/airflow/example_dags/example_skip_dag.py for tasks to queue
[2022-06-24 07:23:57,445] {logging_mixin.py:115} INFO - [2022-06-24 07:23:57,445] {dagbag.py:507} INFO - Filling up the DagBag from /home/airflow/.local/lib/python3.7/site-packages/airflow/example_dags/example_skip_dag.py
[2022-06-24 07:23:57,450] {processor.py:651} INFO - DAG(s) dict_keys(['example_skip_dag']) retrieved from /home/airflow/.local/lib/python3.7/site-packages/airflow/example_dags/example_skip_dag.py
[2022-06-24 07:23:57,475] {logging_mixin.py:115} INFO - [2022-06-24 07:23:57,475] {dag.py:2379} INFO - Sync 1 DAGs
[2022-06-24 07:23:57,490] {logging_mixin.py:115} INFO - [2022-06-24 07:23:57,490] {dag.py:2931} INFO - Setting next_dagrun for example_skip_dag to 2022-06-23T07:23:57.490217+00:00, run_after=2022-06-24T07:23:57.490217+00:00
[2022-06-24 07:23:57,506] {processor.py:161} INFO - Processing /home/airflow/.local/lib/python3.7/site-packages/airflow/example_dags/example_skip_dag.py took 0.068 seconds
[2022-06-24 07:24:27,913] {processor.py:153} INFO - Started process (PID=8603) to work on /home/airflow/.local/lib/python3.7/site-packages/airflow/example_dags/example_skip_dag.py
[2022-06-24 07:24:27,914] {processor.py:641} INFO - Processing file /home/airflow/.local/lib/python3.7/site-packages/airflow/example_dags/example_skip_dag.py for tasks to queue
[2022-06-24 07:24:27,914] {logging_mixin.py:115} INFO - [2022-06-24 07:24:27,914] {dagbag.py:507} INFO - Filling up the DagBag from /home/airflow/.local/lib/python3.7/site-packages/airflow/example_dags/example_skip_dag.py
[2022-06-24 07:24:27,919] {processor.py:651} INFO - DAG(s) dict_keys(['example_skip_dag']) retrieved from /home/airflow/.local/lib/python3.7/site-packages/airflow/example_dags/example_skip_dag.py
[2022-06-24 07:24:27,976] {logging_mixin.py:115} INFO - [2022-06-24 07:24:27,976] {dag.py:2379} INFO - Sync 1 DAGs
[2022-06-24 07:24:28,057] {logging_mixin.py:115} INFO - [2022-06-24 07:24:28,057] {dag.py:2931} INFO - Setting next_dagrun for example_skip_dag to 2022-06-23T07:24:28.056782+00:00, run_after=2022-06-24T07:24:28.056782+00:00
[2022-06-24 07:24:28,091] {processor.py:161} INFO - Processing /home/airflow/.local/lib/python3.7/site-packages/airflow/example_dags/example_skip_dag.py took 0.182 seconds
[2022-06-24 07:24:58,397] {processor.py:153} INFO - Started process (PID=8667) to work on /home/airflow/.local/lib/python3.7/site-packages/airflow/example_dags/example_skip_dag.py
[2022-06-24 07:24:58,398] {processor.py:641} INFO - Processing file /home/airflow/.local/lib/python3.7/site-packages/airflow/example_dags/example_skip_dag.py for tasks to queue
[2022-06-24 07:24:58,399] {logging_mixin.py:115} INFO - [2022-06-24 07:24:58,398] {dagbag.py:507} INFO - Filling up the DagBag from /home/airflow/.local/lib/python3.7/site-packages/airflow/example_dags/example_skip_dag.py
[2022-06-24 07:24:58,403] {processor.py:651} INFO - DAG(s) dict_keys(['example_skip_dag']) retrieved from /home/airflow/.local/lib/python3.7/site-packages/airflow/example_dags/example_skip_dag.py
[2022-06-24 07:24:58,429] {logging_mixin.py:115} INFO - [2022-06-24 07:24:58,429] {dag.py:2379} INFO - Sync 1 DAGs
[2022-06-24 07:24:58,444] {logging_mixin.py:115} INFO - [2022-06-24 07:24:58,444] {dag.py:2931} INFO - Setting next_dagrun for example_skip_dag to 2022-06-23T07:24:58.444399+00:00, run_after=2022-06-24T07:24:58.444399+00:00
[2022-06-24 07:24:58,458] {processor.py:161} INFO - Processing /home/airflow/.local/lib/python3.7/site-packages/airflow/example_dags/example_skip_dag.py took 0.065 seconds
[2022-06-24 07:25:28,731] {processor.py:153} INFO - Started process (PID=8731) to work on /home/airflow/.local/lib/python3.7/site-packages/airflow/example_dags/example_skip_dag.py
[2022-06-24 07:25:28,732] {processor.py:641} INFO - Processing file /home/airflow/.local/lib/python3.7/site-packages/airflow/example_dags/example_skip_dag.py for tasks to queue
[2022-06-24 07:25:28,733] {logging_mixin.py:115} INFO - [2022-06-24 07:25:28,733] {dagbag.py:507} INFO - Filling up the DagBag from /home/airflow/.local/lib/python3.7/site-packages/airflow/example_dags/example_skip_dag.py
[2022-06-24 07:25:28,738] {processor.py:651} INFO - DAG(s) dict_keys(['example_skip_dag']) retrieved from /home/airflow/.local/lib/python3.7/site-packages/airflow/example_dags/example_skip_dag.py
[2022-06-24 07:25:28,765] {logging_mixin.py:115} INFO - [2022-06-24 07:25:28,765] {dag.py:2379} INFO - Sync 1 DAGs
[2022-06-24 07:25:28,785] {logging_mixin.py:115} INFO - [2022-06-24 07:25:28,785] {dag.py:2931} INFO - Setting next_dagrun for example_skip_dag to 2022-06-23T07:25:28.784802+00:00, run_after=2022-06-24T07:25:28.784802+00:00
[2022-06-24 07:25:28,799] {processor.py:161} INFO - Processing /home/airflow/.local/lib/python3.7/site-packages/airflow/example_dags/example_skip_dag.py took 0.072 seconds
[2022-06-24 07:25:58,944] {processor.py:153} INFO - Started process (PID=8786) to work on /home/airflow/.local/lib/python3.7/site-packages/airflow/example_dags/example_skip_dag.py
[2022-06-24 07:25:58,945] {processor.py:641} INFO - Processing file /home/airflow/.local/lib/python3.7/site-packages/airflow/example_dags/example_skip_dag.py for tasks to queue
[2022-06-24 07:25:58,946] {logging_mixin.py:115} INFO - [2022-06-24 07:25:58,946] {dagbag.py:507} INFO - Filling up the DagBag from /home/airflow/.local/lib/python3.7/site-packages/airflow/example_dags/example_skip_dag.py
[2022-06-24 07:25:58,952] {processor.py:651} INFO - DAG(s) dict_keys(['example_skip_dag']) retrieved from /home/airflow/.local/lib/python3.7/site-packages/airflow/example_dags/example_skip_dag.py
[2022-06-24 07:25:58,978] {logging_mixin.py:115} INFO - [2022-06-24 07:25:58,978] {dag.py:2379} INFO - Sync 1 DAGs
[2022-06-24 07:25:59,001] {logging_mixin.py:115} INFO - [2022-06-24 07:25:59,001] {dag.py:2931} INFO - Setting next_dagrun for example_skip_dag to 2022-06-23T07:25:59.000813+00:00, run_after=2022-06-24T07:25:59.000813+00:00
[2022-06-24 07:25:59,014] {processor.py:161} INFO - Processing /home/airflow/.local/lib/python3.7/site-packages/airflow/example_dags/example_skip_dag.py took 0.074 seconds
