[2022-06-24 06:58:33,093] {processor.py:153} INFO - Started process (PID=5476) to work on /home/airflow/.local/lib/python3.7/site-packages/airflow/example_dags/tutorial_taskflow_api_etl.py
[2022-06-24 06:58:33,094] {processor.py:641} INFO - Processing file /home/airflow/.local/lib/python3.7/site-packages/airflow/example_dags/tutorial_taskflow_api_etl.py for tasks to queue
[2022-06-24 06:58:33,095] {logging_mixin.py:115} INFO - [2022-06-24 06:58:33,095] {dagbag.py:507} INFO - Filling up the DagBag from /home/airflow/.local/lib/python3.7/site-packages/airflow/example_dags/tutorial_taskflow_api_etl.py
[2022-06-24 06:58:33,124] {processor.py:651} INFO - DAG(s) dict_keys(['tutorial_taskflow_api_etl']) retrieved from /home/airflow/.local/lib/python3.7/site-packages/airflow/example_dags/tutorial_taskflow_api_etl.py
[2022-06-24 06:58:33,258] {logging_mixin.py:115} INFO - [2022-06-24 06:58:33,258] {dag.py:2379} INFO - Sync 1 DAGs
[2022-06-24 06:58:33,273] {logging_mixin.py:115} INFO - [2022-06-24 06:58:33,273] {dag.py:2931} INFO - Setting next_dagrun for tutorial_taskflow_api_etl to None, run_after=None
[2022-06-24 06:58:33,294] {processor.py:161} INFO - Processing /home/airflow/.local/lib/python3.7/site-packages/airflow/example_dags/tutorial_taskflow_api_etl.py took 0.204 seconds
[2022-06-24 06:59:05,216] {processor.py:153} INFO - Started process (PID=5531) to work on /home/airflow/.local/lib/python3.7/site-packages/airflow/example_dags/tutorial_taskflow_api_etl.py
[2022-06-24 06:59:05,219] {processor.py:641} INFO - Processing file /home/airflow/.local/lib/python3.7/site-packages/airflow/example_dags/tutorial_taskflow_api_etl.py for tasks to queue
[2022-06-24 06:59:05,220] {logging_mixin.py:115} INFO - [2022-06-24 06:59:05,219] {dagbag.py:507} INFO - Filling up the DagBag from /home/airflow/.local/lib/python3.7/site-packages/airflow/example_dags/tutorial_taskflow_api_etl.py
[2022-06-24 06:59:05,279] {processor.py:651} INFO - DAG(s) dict_keys(['tutorial_taskflow_api_etl']) retrieved from /home/airflow/.local/lib/python3.7/site-packages/airflow/example_dags/tutorial_taskflow_api_etl.py
[2022-06-24 06:59:05,460] {logging_mixin.py:115} INFO - [2022-06-24 06:59:05,460] {dag.py:2379} INFO - Sync 1 DAGs
[2022-06-24 06:59:05,486] {logging_mixin.py:115} INFO - [2022-06-24 06:59:05,486] {dag.py:2931} INFO - Setting next_dagrun for tutorial_taskflow_api_etl to None, run_after=None
[2022-06-24 06:59:05,513] {processor.py:161} INFO - Processing /home/airflow/.local/lib/python3.7/site-packages/airflow/example_dags/tutorial_taskflow_api_etl.py took 0.301 seconds
[2022-06-24 06:59:35,741] {processor.py:153} INFO - Started process (PID=5587) to work on /home/airflow/.local/lib/python3.7/site-packages/airflow/example_dags/tutorial_taskflow_api_etl.py
[2022-06-24 06:59:35,742] {processor.py:641} INFO - Processing file /home/airflow/.local/lib/python3.7/site-packages/airflow/example_dags/tutorial_taskflow_api_etl.py for tasks to queue
[2022-06-24 06:59:35,743] {logging_mixin.py:115} INFO - [2022-06-24 06:59:35,743] {dagbag.py:507} INFO - Filling up the DagBag from /home/airflow/.local/lib/python3.7/site-packages/airflow/example_dags/tutorial_taskflow_api_etl.py
[2022-06-24 06:59:35,763] {processor.py:651} INFO - DAG(s) dict_keys(['tutorial_taskflow_api_etl']) retrieved from /home/airflow/.local/lib/python3.7/site-packages/airflow/example_dags/tutorial_taskflow_api_etl.py
[2022-06-24 06:59:35,837] {logging_mixin.py:115} INFO - [2022-06-24 06:59:35,837] {dag.py:2379} INFO - Sync 1 DAGs
[2022-06-24 06:59:35,855] {logging_mixin.py:115} INFO - [2022-06-24 06:59:35,855] {dag.py:2931} INFO - Setting next_dagrun for tutorial_taskflow_api_etl to None, run_after=None
[2022-06-24 06:59:35,873] {processor.py:161} INFO - Processing /home/airflow/.local/lib/python3.7/site-packages/airflow/example_dags/tutorial_taskflow_api_etl.py took 0.135 seconds
[2022-06-24 07:00:05,950] {processor.py:153} INFO - Started process (PID=5651) to work on /home/airflow/.local/lib/python3.7/site-packages/airflow/example_dags/tutorial_taskflow_api_etl.py
[2022-06-24 07:00:05,951] {processor.py:641} INFO - Processing file /home/airflow/.local/lib/python3.7/site-packages/airflow/example_dags/tutorial_taskflow_api_etl.py for tasks to queue
[2022-06-24 07:00:05,952] {logging_mixin.py:115} INFO - [2022-06-24 07:00:05,952] {dagbag.py:507} INFO - Filling up the DagBag from /home/airflow/.local/lib/python3.7/site-packages/airflow/example_dags/tutorial_taskflow_api_etl.py
[2022-06-24 07:00:05,971] {processor.py:651} INFO - DAG(s) dict_keys(['tutorial_taskflow_api_etl']) retrieved from /home/airflow/.local/lib/python3.7/site-packages/airflow/example_dags/tutorial_taskflow_api_etl.py
[2022-06-24 07:00:05,995] {logging_mixin.py:115} INFO - [2022-06-24 07:00:05,995] {dag.py:2379} INFO - Sync 1 DAGs
[2022-06-24 07:00:06,011] {logging_mixin.py:115} INFO - [2022-06-24 07:00:06,011] {dag.py:2931} INFO - Setting next_dagrun for tutorial_taskflow_api_etl to None, run_after=None
[2022-06-24 07:00:06,022] {processor.py:161} INFO - Processing /home/airflow/.local/lib/python3.7/site-packages/airflow/example_dags/tutorial_taskflow_api_etl.py took 0.076 seconds
[2022-06-24 07:00:36,639] {processor.py:153} INFO - Started process (PID=5715) to work on /home/airflow/.local/lib/python3.7/site-packages/airflow/example_dags/tutorial_taskflow_api_etl.py
[2022-06-24 07:00:36,640] {processor.py:641} INFO - Processing file /home/airflow/.local/lib/python3.7/site-packages/airflow/example_dags/tutorial_taskflow_api_etl.py for tasks to queue
[2022-06-24 07:00:36,640] {logging_mixin.py:115} INFO - [2022-06-24 07:00:36,640] {dagbag.py:507} INFO - Filling up the DagBag from /home/airflow/.local/lib/python3.7/site-packages/airflow/example_dags/tutorial_taskflow_api_etl.py
[2022-06-24 07:00:36,657] {processor.py:651} INFO - DAG(s) dict_keys(['tutorial_taskflow_api_etl']) retrieved from /home/airflow/.local/lib/python3.7/site-packages/airflow/example_dags/tutorial_taskflow_api_etl.py
[2022-06-24 07:00:36,717] {logging_mixin.py:115} INFO - [2022-06-24 07:00:36,717] {dag.py:2379} INFO - Sync 1 DAGs
[2022-06-24 07:00:36,735] {logging_mixin.py:115} INFO - [2022-06-24 07:00:36,735] {dag.py:2931} INFO - Setting next_dagrun for tutorial_taskflow_api_etl to None, run_after=None
[2022-06-24 07:00:36,757] {processor.py:161} INFO - Processing /home/airflow/.local/lib/python3.7/site-packages/airflow/example_dags/tutorial_taskflow_api_etl.py took 0.123 seconds
[2022-06-24 07:01:06,937] {processor.py:153} INFO - Started process (PID=5770) to work on /home/airflow/.local/lib/python3.7/site-packages/airflow/example_dags/tutorial_taskflow_api_etl.py
[2022-06-24 07:01:06,938] {processor.py:641} INFO - Processing file /home/airflow/.local/lib/python3.7/site-packages/airflow/example_dags/tutorial_taskflow_api_etl.py for tasks to queue
[2022-06-24 07:01:06,939] {logging_mixin.py:115} INFO - [2022-06-24 07:01:06,938] {dagbag.py:507} INFO - Filling up the DagBag from /home/airflow/.local/lib/python3.7/site-packages/airflow/example_dags/tutorial_taskflow_api_etl.py
[2022-06-24 07:01:06,954] {processor.py:651} INFO - DAG(s) dict_keys(['tutorial_taskflow_api_etl']) retrieved from /home/airflow/.local/lib/python3.7/site-packages/airflow/example_dags/tutorial_taskflow_api_etl.py
[2022-06-24 07:01:06,973] {logging_mixin.py:115} INFO - [2022-06-24 07:01:06,973] {dag.py:2379} INFO - Sync 1 DAGs
[2022-06-24 07:01:06,989] {logging_mixin.py:115} INFO - [2022-06-24 07:01:06,989] {dag.py:2931} INFO - Setting next_dagrun for tutorial_taskflow_api_etl to None, run_after=None
[2022-06-24 07:01:07,002] {processor.py:161} INFO - Processing /home/airflow/.local/lib/python3.7/site-packages/airflow/example_dags/tutorial_taskflow_api_etl.py took 0.067 seconds
[2022-06-24 07:01:37,410] {processor.py:153} INFO - Started process (PID=5836) to work on /home/airflow/.local/lib/python3.7/site-packages/airflow/example_dags/tutorial_taskflow_api_etl.py
[2022-06-24 07:01:37,411] {processor.py:641} INFO - Processing file /home/airflow/.local/lib/python3.7/site-packages/airflow/example_dags/tutorial_taskflow_api_etl.py for tasks to queue
[2022-06-24 07:01:37,412] {logging_mixin.py:115} INFO - [2022-06-24 07:01:37,412] {dagbag.py:507} INFO - Filling up the DagBag from /home/airflow/.local/lib/python3.7/site-packages/airflow/example_dags/tutorial_taskflow_api_etl.py
[2022-06-24 07:01:37,431] {processor.py:651} INFO - DAG(s) dict_keys(['tutorial_taskflow_api_etl']) retrieved from /home/airflow/.local/lib/python3.7/site-packages/airflow/example_dags/tutorial_taskflow_api_etl.py
[2022-06-24 07:01:37,497] {logging_mixin.py:115} INFO - [2022-06-24 07:01:37,497] {dag.py:2379} INFO - Sync 1 DAGs
[2022-06-24 07:01:37,511] {logging_mixin.py:115} INFO - [2022-06-24 07:01:37,511] {dag.py:2931} INFO - Setting next_dagrun for tutorial_taskflow_api_etl to None, run_after=None
[2022-06-24 07:01:37,531] {processor.py:161} INFO - Processing /home/airflow/.local/lib/python3.7/site-packages/airflow/example_dags/tutorial_taskflow_api_etl.py took 0.125 seconds
[2022-06-24 07:02:07,912] {processor.py:153} INFO - Started process (PID=5900) to work on /home/airflow/.local/lib/python3.7/site-packages/airflow/example_dags/tutorial_taskflow_api_etl.py
[2022-06-24 07:02:07,913] {processor.py:641} INFO - Processing file /home/airflow/.local/lib/python3.7/site-packages/airflow/example_dags/tutorial_taskflow_api_etl.py for tasks to queue
[2022-06-24 07:02:07,914] {logging_mixin.py:115} INFO - [2022-06-24 07:02:07,913] {dagbag.py:507} INFO - Filling up the DagBag from /home/airflow/.local/lib/python3.7/site-packages/airflow/example_dags/tutorial_taskflow_api_etl.py
[2022-06-24 07:02:07,929] {processor.py:651} INFO - DAG(s) dict_keys(['tutorial_taskflow_api_etl']) retrieved from /home/airflow/.local/lib/python3.7/site-packages/airflow/example_dags/tutorial_taskflow_api_etl.py
[2022-06-24 07:02:07,983] {logging_mixin.py:115} INFO - [2022-06-24 07:02:07,983] {dag.py:2379} INFO - Sync 1 DAGs
[2022-06-24 07:02:08,001] {logging_mixin.py:115} INFO - [2022-06-24 07:02:08,001] {dag.py:2931} INFO - Setting next_dagrun for tutorial_taskflow_api_etl to None, run_after=None
[2022-06-24 07:02:08,016] {processor.py:161} INFO - Processing /home/airflow/.local/lib/python3.7/site-packages/airflow/example_dags/tutorial_taskflow_api_etl.py took 0.108 seconds
[2022-06-24 07:02:38,260] {processor.py:153} INFO - Started process (PID=5964) to work on /home/airflow/.local/lib/python3.7/site-packages/airflow/example_dags/tutorial_taskflow_api_etl.py
[2022-06-24 07:02:38,260] {processor.py:641} INFO - Processing file /home/airflow/.local/lib/python3.7/site-packages/airflow/example_dags/tutorial_taskflow_api_etl.py for tasks to queue
[2022-06-24 07:02:38,261] {logging_mixin.py:115} INFO - [2022-06-24 07:02:38,261] {dagbag.py:507} INFO - Filling up the DagBag from /home/airflow/.local/lib/python3.7/site-packages/airflow/example_dags/tutorial_taskflow_api_etl.py
[2022-06-24 07:02:38,281] {processor.py:651} INFO - DAG(s) dict_keys(['tutorial_taskflow_api_etl']) retrieved from /home/airflow/.local/lib/python3.7/site-packages/airflow/example_dags/tutorial_taskflow_api_etl.py
[2022-06-24 07:02:38,335] {logging_mixin.py:115} INFO - [2022-06-24 07:02:38,335] {dag.py:2379} INFO - Sync 1 DAGs
[2022-06-24 07:02:38,350] {logging_mixin.py:115} INFO - [2022-06-24 07:02:38,350] {dag.py:2931} INFO - Setting next_dagrun for tutorial_taskflow_api_etl to None, run_after=None
[2022-06-24 07:02:38,364] {processor.py:161} INFO - Processing /home/airflow/.local/lib/python3.7/site-packages/airflow/example_dags/tutorial_taskflow_api_etl.py took 0.108 seconds
[2022-06-24 07:03:08,507] {processor.py:153} INFO - Started process (PID=6019) to work on /home/airflow/.local/lib/python3.7/site-packages/airflow/example_dags/tutorial_taskflow_api_etl.py
[2022-06-24 07:03:08,508] {processor.py:641} INFO - Processing file /home/airflow/.local/lib/python3.7/site-packages/airflow/example_dags/tutorial_taskflow_api_etl.py for tasks to queue
[2022-06-24 07:03:08,509] {logging_mixin.py:115} INFO - [2022-06-24 07:03:08,509] {dagbag.py:507} INFO - Filling up the DagBag from /home/airflow/.local/lib/python3.7/site-packages/airflow/example_dags/tutorial_taskflow_api_etl.py
[2022-06-24 07:03:08,526] {processor.py:651} INFO - DAG(s) dict_keys(['tutorial_taskflow_api_etl']) retrieved from /home/airflow/.local/lib/python3.7/site-packages/airflow/example_dags/tutorial_taskflow_api_etl.py
[2022-06-24 07:03:08,587] {logging_mixin.py:115} INFO - [2022-06-24 07:03:08,587] {dag.py:2379} INFO - Sync 1 DAGs
[2022-06-24 07:03:08,600] {logging_mixin.py:115} INFO - [2022-06-24 07:03:08,599] {dag.py:2931} INFO - Setting next_dagrun for tutorial_taskflow_api_etl to None, run_after=None
[2022-06-24 07:03:08,612] {processor.py:161} INFO - Processing /home/airflow/.local/lib/python3.7/site-packages/airflow/example_dags/tutorial_taskflow_api_etl.py took 0.108 seconds
[2022-06-24 07:03:38,964] {processor.py:153} INFO - Started process (PID=6083) to work on /home/airflow/.local/lib/python3.7/site-packages/airflow/example_dags/tutorial_taskflow_api_etl.py
[2022-06-24 07:03:38,965] {processor.py:641} INFO - Processing file /home/airflow/.local/lib/python3.7/site-packages/airflow/example_dags/tutorial_taskflow_api_etl.py for tasks to queue
[2022-06-24 07:03:38,966] {logging_mixin.py:115} INFO - [2022-06-24 07:03:38,966] {dagbag.py:507} INFO - Filling up the DagBag from /home/airflow/.local/lib/python3.7/site-packages/airflow/example_dags/tutorial_taskflow_api_etl.py
[2022-06-24 07:03:38,987] {processor.py:651} INFO - DAG(s) dict_keys(['tutorial_taskflow_api_etl']) retrieved from /home/airflow/.local/lib/python3.7/site-packages/airflow/example_dags/tutorial_taskflow_api_etl.py
[2022-06-24 07:03:39,049] {logging_mixin.py:115} INFO - [2022-06-24 07:03:39,049] {dag.py:2379} INFO - Sync 1 DAGs
[2022-06-24 07:03:39,068] {logging_mixin.py:115} INFO - [2022-06-24 07:03:39,068] {dag.py:2931} INFO - Setting next_dagrun for tutorial_taskflow_api_etl to None, run_after=None
[2022-06-24 07:03:39,085] {processor.py:161} INFO - Processing /home/airflow/.local/lib/python3.7/site-packages/airflow/example_dags/tutorial_taskflow_api_etl.py took 0.124 seconds
[2022-06-24 07:04:09,229] {processor.py:153} INFO - Started process (PID=6147) to work on /home/airflow/.local/lib/python3.7/site-packages/airflow/example_dags/tutorial_taskflow_api_etl.py
[2022-06-24 07:04:09,230] {processor.py:641} INFO - Processing file /home/airflow/.local/lib/python3.7/site-packages/airflow/example_dags/tutorial_taskflow_api_etl.py for tasks to queue
[2022-06-24 07:04:09,231] {logging_mixin.py:115} INFO - [2022-06-24 07:04:09,231] {dagbag.py:507} INFO - Filling up the DagBag from /home/airflow/.local/lib/python3.7/site-packages/airflow/example_dags/tutorial_taskflow_api_etl.py
[2022-06-24 07:04:09,247] {processor.py:651} INFO - DAG(s) dict_keys(['tutorial_taskflow_api_etl']) retrieved from /home/airflow/.local/lib/python3.7/site-packages/airflow/example_dags/tutorial_taskflow_api_etl.py
[2022-06-24 07:04:09,296] {logging_mixin.py:115} INFO - [2022-06-24 07:04:09,296] {dag.py:2379} INFO - Sync 1 DAGs
[2022-06-24 07:04:09,312] {logging_mixin.py:115} INFO - [2022-06-24 07:04:09,312] {dag.py:2931} INFO - Setting next_dagrun for tutorial_taskflow_api_etl to None, run_after=None
[2022-06-24 07:04:09,327] {processor.py:161} INFO - Processing /home/airflow/.local/lib/python3.7/site-packages/airflow/example_dags/tutorial_taskflow_api_etl.py took 0.101 seconds
[2022-06-24 07:04:39,712] {processor.py:153} INFO - Started process (PID=6203) to work on /home/airflow/.local/lib/python3.7/site-packages/airflow/example_dags/tutorial_taskflow_api_etl.py
[2022-06-24 07:04:39,713] {processor.py:641} INFO - Processing file /home/airflow/.local/lib/python3.7/site-packages/airflow/example_dags/tutorial_taskflow_api_etl.py for tasks to queue
[2022-06-24 07:04:39,713] {logging_mixin.py:115} INFO - [2022-06-24 07:04:39,713] {dagbag.py:507} INFO - Filling up the DagBag from /home/airflow/.local/lib/python3.7/site-packages/airflow/example_dags/tutorial_taskflow_api_etl.py
[2022-06-24 07:04:39,729] {processor.py:651} INFO - DAG(s) dict_keys(['tutorial_taskflow_api_etl']) retrieved from /home/airflow/.local/lib/python3.7/site-packages/airflow/example_dags/tutorial_taskflow_api_etl.py
[2022-06-24 07:04:39,788] {logging_mixin.py:115} INFO - [2022-06-24 07:04:39,788] {dag.py:2379} INFO - Sync 1 DAGs
[2022-06-24 07:04:39,809] {logging_mixin.py:115} INFO - [2022-06-24 07:04:39,809] {dag.py:2931} INFO - Setting next_dagrun for tutorial_taskflow_api_etl to None, run_after=None
[2022-06-24 07:04:39,827] {processor.py:161} INFO - Processing /home/airflow/.local/lib/python3.7/site-packages/airflow/example_dags/tutorial_taskflow_api_etl.py took 0.118 seconds
[2022-06-24 07:05:10,264] {processor.py:153} INFO - Started process (PID=6267) to work on /home/airflow/.local/lib/python3.7/site-packages/airflow/example_dags/tutorial_taskflow_api_etl.py
[2022-06-24 07:05:10,265] {processor.py:641} INFO - Processing file /home/airflow/.local/lib/python3.7/site-packages/airflow/example_dags/tutorial_taskflow_api_etl.py for tasks to queue
[2022-06-24 07:05:10,266] {logging_mixin.py:115} INFO - [2022-06-24 07:05:10,265] {dagbag.py:507} INFO - Filling up the DagBag from /home/airflow/.local/lib/python3.7/site-packages/airflow/example_dags/tutorial_taskflow_api_etl.py
[2022-06-24 07:05:10,287] {processor.py:651} INFO - DAG(s) dict_keys(['tutorial_taskflow_api_etl']) retrieved from /home/airflow/.local/lib/python3.7/site-packages/airflow/example_dags/tutorial_taskflow_api_etl.py
[2022-06-24 07:05:10,307] {logging_mixin.py:115} INFO - [2022-06-24 07:05:10,307] {dag.py:2379} INFO - Sync 1 DAGs
[2022-06-24 07:05:10,323] {logging_mixin.py:115} INFO - [2022-06-24 07:05:10,323] {dag.py:2931} INFO - Setting next_dagrun for tutorial_taskflow_api_etl to None, run_after=None
[2022-06-24 07:05:10,336] {processor.py:161} INFO - Processing /home/airflow/.local/lib/python3.7/site-packages/airflow/example_dags/tutorial_taskflow_api_etl.py took 0.075 seconds
[2022-06-24 07:05:40,696] {processor.py:153} INFO - Started process (PID=6331) to work on /home/airflow/.local/lib/python3.7/site-packages/airflow/example_dags/tutorial_taskflow_api_etl.py
[2022-06-24 07:05:40,697] {processor.py:641} INFO - Processing file /home/airflow/.local/lib/python3.7/site-packages/airflow/example_dags/tutorial_taskflow_api_etl.py for tasks to queue
[2022-06-24 07:05:40,698] {logging_mixin.py:115} INFO - [2022-06-24 07:05:40,698] {dagbag.py:507} INFO - Filling up the DagBag from /home/airflow/.local/lib/python3.7/site-packages/airflow/example_dags/tutorial_taskflow_api_etl.py
[2022-06-24 07:05:40,714] {processor.py:651} INFO - DAG(s) dict_keys(['tutorial_taskflow_api_etl']) retrieved from /home/airflow/.local/lib/python3.7/site-packages/airflow/example_dags/tutorial_taskflow_api_etl.py
[2022-06-24 07:05:40,765] {logging_mixin.py:115} INFO - [2022-06-24 07:05:40,765] {dag.py:2379} INFO - Sync 1 DAGs
[2022-06-24 07:05:40,778] {logging_mixin.py:115} INFO - [2022-06-24 07:05:40,778] {dag.py:2931} INFO - Setting next_dagrun for tutorial_taskflow_api_etl to None, run_after=None
[2022-06-24 07:05:40,792] {processor.py:161} INFO - Processing /home/airflow/.local/lib/python3.7/site-packages/airflow/example_dags/tutorial_taskflow_api_etl.py took 0.100 seconds
[2022-06-24 07:06:10,858] {processor.py:153} INFO - Started process (PID=6395) to work on /home/airflow/.local/lib/python3.7/site-packages/airflow/example_dags/tutorial_taskflow_api_etl.py
[2022-06-24 07:06:10,859] {processor.py:641} INFO - Processing file /home/airflow/.local/lib/python3.7/site-packages/airflow/example_dags/tutorial_taskflow_api_etl.py for tasks to queue
[2022-06-24 07:06:10,860] {logging_mixin.py:115} INFO - [2022-06-24 07:06:10,860] {dagbag.py:507} INFO - Filling up the DagBag from /home/airflow/.local/lib/python3.7/site-packages/airflow/example_dags/tutorial_taskflow_api_etl.py
[2022-06-24 07:06:10,878] {processor.py:651} INFO - DAG(s) dict_keys(['tutorial_taskflow_api_etl']) retrieved from /home/airflow/.local/lib/python3.7/site-packages/airflow/example_dags/tutorial_taskflow_api_etl.py
[2022-06-24 07:06:10,898] {logging_mixin.py:115} INFO - [2022-06-24 07:06:10,898] {dag.py:2379} INFO - Sync 1 DAGs
[2022-06-24 07:06:10,912] {logging_mixin.py:115} INFO - [2022-06-24 07:06:10,912] {dag.py:2931} INFO - Setting next_dagrun for tutorial_taskflow_api_etl to None, run_after=None
[2022-06-24 07:06:10,924] {processor.py:161} INFO - Processing /home/airflow/.local/lib/python3.7/site-packages/airflow/example_dags/tutorial_taskflow_api_etl.py took 0.069 seconds
[2022-06-24 07:06:41,076] {processor.py:153} INFO - Started process (PID=6450) to work on /home/airflow/.local/lib/python3.7/site-packages/airflow/example_dags/tutorial_taskflow_api_etl.py
[2022-06-24 07:06:41,077] {processor.py:641} INFO - Processing file /home/airflow/.local/lib/python3.7/site-packages/airflow/example_dags/tutorial_taskflow_api_etl.py for tasks to queue
[2022-06-24 07:06:41,078] {logging_mixin.py:115} INFO - [2022-06-24 07:06:41,077] {dagbag.py:507} INFO - Filling up the DagBag from /home/airflow/.local/lib/python3.7/site-packages/airflow/example_dags/tutorial_taskflow_api_etl.py
[2022-06-24 07:06:41,096] {processor.py:651} INFO - DAG(s) dict_keys(['tutorial_taskflow_api_etl']) retrieved from /home/airflow/.local/lib/python3.7/site-packages/airflow/example_dags/tutorial_taskflow_api_etl.py
[2022-06-24 07:06:41,152] {logging_mixin.py:115} INFO - [2022-06-24 07:06:41,151] {dag.py:2379} INFO - Sync 1 DAGs
[2022-06-24 07:06:41,167] {logging_mixin.py:115} INFO - [2022-06-24 07:06:41,167] {dag.py:2931} INFO - Setting next_dagrun for tutorial_taskflow_api_etl to None, run_after=None
[2022-06-24 07:06:41,183] {processor.py:161} INFO - Processing /home/airflow/.local/lib/python3.7/site-packages/airflow/example_dags/tutorial_taskflow_api_etl.py took 0.110 seconds
[2022-06-24 07:07:11,471] {processor.py:153} INFO - Started process (PID=6514) to work on /home/airflow/.local/lib/python3.7/site-packages/airflow/example_dags/tutorial_taskflow_api_etl.py
[2022-06-24 07:07:11,472] {processor.py:641} INFO - Processing file /home/airflow/.local/lib/python3.7/site-packages/airflow/example_dags/tutorial_taskflow_api_etl.py for tasks to queue
[2022-06-24 07:07:11,473] {logging_mixin.py:115} INFO - [2022-06-24 07:07:11,473] {dagbag.py:507} INFO - Filling up the DagBag from /home/airflow/.local/lib/python3.7/site-packages/airflow/example_dags/tutorial_taskflow_api_etl.py
[2022-06-24 07:07:11,491] {processor.py:651} INFO - DAG(s) dict_keys(['tutorial_taskflow_api_etl']) retrieved from /home/airflow/.local/lib/python3.7/site-packages/airflow/example_dags/tutorial_taskflow_api_etl.py
[2022-06-24 07:07:11,513] {logging_mixin.py:115} INFO - [2022-06-24 07:07:11,513] {dag.py:2379} INFO - Sync 1 DAGs
[2022-06-24 07:07:11,528] {logging_mixin.py:115} INFO - [2022-06-24 07:07:11,528] {dag.py:2931} INFO - Setting next_dagrun for tutorial_taskflow_api_etl to None, run_after=None
[2022-06-24 07:07:11,540] {processor.py:161} INFO - Processing /home/airflow/.local/lib/python3.7/site-packages/airflow/example_dags/tutorial_taskflow_api_etl.py took 0.072 seconds
[2022-06-24 07:07:41,819] {processor.py:153} INFO - Started process (PID=6578) to work on /home/airflow/.local/lib/python3.7/site-packages/airflow/example_dags/tutorial_taskflow_api_etl.py
[2022-06-24 07:07:41,821] {processor.py:641} INFO - Processing file /home/airflow/.local/lib/python3.7/site-packages/airflow/example_dags/tutorial_taskflow_api_etl.py for tasks to queue
[2022-06-24 07:07:41,822] {logging_mixin.py:115} INFO - [2022-06-24 07:07:41,821] {dagbag.py:507} INFO - Filling up the DagBag from /home/airflow/.local/lib/python3.7/site-packages/airflow/example_dags/tutorial_taskflow_api_etl.py
[2022-06-24 07:07:41,837] {processor.py:651} INFO - DAG(s) dict_keys(['tutorial_taskflow_api_etl']) retrieved from /home/airflow/.local/lib/python3.7/site-packages/airflow/example_dags/tutorial_taskflow_api_etl.py
[2022-06-24 07:07:41,887] {logging_mixin.py:115} INFO - [2022-06-24 07:07:41,887] {dag.py:2379} INFO - Sync 1 DAGs
[2022-06-24 07:07:41,902] {logging_mixin.py:115} INFO - [2022-06-24 07:07:41,902] {dag.py:2931} INFO - Setting next_dagrun for tutorial_taskflow_api_etl to None, run_after=None
[2022-06-24 07:07:41,917] {processor.py:161} INFO - Processing /home/airflow/.local/lib/python3.7/site-packages/airflow/example_dags/tutorial_taskflow_api_etl.py took 0.102 seconds
[2022-06-24 07:08:12,282] {processor.py:153} INFO - Started process (PID=6633) to work on /home/airflow/.local/lib/python3.7/site-packages/airflow/example_dags/tutorial_taskflow_api_etl.py
[2022-06-24 07:08:12,283] {processor.py:641} INFO - Processing file /home/airflow/.local/lib/python3.7/site-packages/airflow/example_dags/tutorial_taskflow_api_etl.py for tasks to queue
[2022-06-24 07:08:12,283] {logging_mixin.py:115} INFO - [2022-06-24 07:08:12,283] {dagbag.py:507} INFO - Filling up the DagBag from /home/airflow/.local/lib/python3.7/site-packages/airflow/example_dags/tutorial_taskflow_api_etl.py
[2022-06-24 07:08:12,301] {processor.py:651} INFO - DAG(s) dict_keys(['tutorial_taskflow_api_etl']) retrieved from /home/airflow/.local/lib/python3.7/site-packages/airflow/example_dags/tutorial_taskflow_api_etl.py
[2022-06-24 07:08:12,375] {logging_mixin.py:115} INFO - [2022-06-24 07:08:12,374] {dag.py:2379} INFO - Sync 1 DAGs
[2022-06-24 07:08:12,400] {logging_mixin.py:115} INFO - [2022-06-24 07:08:12,400] {dag.py:2931} INFO - Setting next_dagrun for tutorial_taskflow_api_etl to None, run_after=None
[2022-06-24 07:08:12,465] {processor.py:161} INFO - Processing /home/airflow/.local/lib/python3.7/site-packages/airflow/example_dags/tutorial_taskflow_api_etl.py took 0.187 seconds
[2022-06-24 07:08:42,834] {processor.py:153} INFO - Started process (PID=6697) to work on /home/airflow/.local/lib/python3.7/site-packages/airflow/example_dags/tutorial_taskflow_api_etl.py
[2022-06-24 07:08:42,835] {processor.py:641} INFO - Processing file /home/airflow/.local/lib/python3.7/site-packages/airflow/example_dags/tutorial_taskflow_api_etl.py for tasks to queue
[2022-06-24 07:08:42,836] {logging_mixin.py:115} INFO - [2022-06-24 07:08:42,836] {dagbag.py:507} INFO - Filling up the DagBag from /home/airflow/.local/lib/python3.7/site-packages/airflow/example_dags/tutorial_taskflow_api_etl.py
[2022-06-24 07:08:42,853] {processor.py:651} INFO - DAG(s) dict_keys(['tutorial_taskflow_api_etl']) retrieved from /home/airflow/.local/lib/python3.7/site-packages/airflow/example_dags/tutorial_taskflow_api_etl.py
[2022-06-24 07:08:42,908] {logging_mixin.py:115} INFO - [2022-06-24 07:08:42,908] {dag.py:2379} INFO - Sync 1 DAGs
[2022-06-24 07:08:42,925] {logging_mixin.py:115} INFO - [2022-06-24 07:08:42,924] {dag.py:2931} INFO - Setting next_dagrun for tutorial_taskflow_api_etl to None, run_after=None
[2022-06-24 07:08:42,938] {processor.py:161} INFO - Processing /home/airflow/.local/lib/python3.7/site-packages/airflow/example_dags/tutorial_taskflow_api_etl.py took 0.108 seconds
[2022-06-24 07:09:13,379] {processor.py:153} INFO - Started process (PID=6761) to work on /home/airflow/.local/lib/python3.7/site-packages/airflow/example_dags/tutorial_taskflow_api_etl.py
[2022-06-24 07:09:13,379] {processor.py:641} INFO - Processing file /home/airflow/.local/lib/python3.7/site-packages/airflow/example_dags/tutorial_taskflow_api_etl.py for tasks to queue
[2022-06-24 07:09:13,380] {logging_mixin.py:115} INFO - [2022-06-24 07:09:13,380] {dagbag.py:507} INFO - Filling up the DagBag from /home/airflow/.local/lib/python3.7/site-packages/airflow/example_dags/tutorial_taskflow_api_etl.py
[2022-06-24 07:09:13,397] {processor.py:651} INFO - DAG(s) dict_keys(['tutorial_taskflow_api_etl']) retrieved from /home/airflow/.local/lib/python3.7/site-packages/airflow/example_dags/tutorial_taskflow_api_etl.py
[2022-06-24 07:09:13,421] {logging_mixin.py:115} INFO - [2022-06-24 07:09:13,421] {dag.py:2379} INFO - Sync 1 DAGs
[2022-06-24 07:09:13,436] {logging_mixin.py:115} INFO - [2022-06-24 07:09:13,436] {dag.py:2931} INFO - Setting next_dagrun for tutorial_taskflow_api_etl to None, run_after=None
[2022-06-24 07:09:13,447] {processor.py:161} INFO - Processing /home/airflow/.local/lib/python3.7/site-packages/airflow/example_dags/tutorial_taskflow_api_etl.py took 0.071 seconds
[2022-06-24 07:09:43,945] {processor.py:153} INFO - Started process (PID=6825) to work on /home/airflow/.local/lib/python3.7/site-packages/airflow/example_dags/tutorial_taskflow_api_etl.py
[2022-06-24 07:09:43,946] {processor.py:641} INFO - Processing file /home/airflow/.local/lib/python3.7/site-packages/airflow/example_dags/tutorial_taskflow_api_etl.py for tasks to queue
[2022-06-24 07:09:43,947] {logging_mixin.py:115} INFO - [2022-06-24 07:09:43,946] {dagbag.py:507} INFO - Filling up the DagBag from /home/airflow/.local/lib/python3.7/site-packages/airflow/example_dags/tutorial_taskflow_api_etl.py
[2022-06-24 07:09:43,963] {processor.py:651} INFO - DAG(s) dict_keys(['tutorial_taskflow_api_etl']) retrieved from /home/airflow/.local/lib/python3.7/site-packages/airflow/example_dags/tutorial_taskflow_api_etl.py
[2022-06-24 07:09:44,030] {logging_mixin.py:115} INFO - [2022-06-24 07:09:44,030] {dag.py:2379} INFO - Sync 1 DAGs
[2022-06-24 07:09:44,046] {logging_mixin.py:115} INFO - [2022-06-24 07:09:44,046] {dag.py:2931} INFO - Setting next_dagrun for tutorial_taskflow_api_etl to None, run_after=None
[2022-06-24 07:09:44,062] {processor.py:161} INFO - Processing /home/airflow/.local/lib/python3.7/site-packages/airflow/example_dags/tutorial_taskflow_api_etl.py took 0.120 seconds
[2022-06-24 07:10:14,323] {processor.py:153} INFO - Started process (PID=6880) to work on /home/airflow/.local/lib/python3.7/site-packages/airflow/example_dags/tutorial_taskflow_api_etl.py
[2022-06-24 07:10:14,324] {processor.py:641} INFO - Processing file /home/airflow/.local/lib/python3.7/site-packages/airflow/example_dags/tutorial_taskflow_api_etl.py for tasks to queue
[2022-06-24 07:10:14,326] {logging_mixin.py:115} INFO - [2022-06-24 07:10:14,326] {dagbag.py:507} INFO - Filling up the DagBag from /home/airflow/.local/lib/python3.7/site-packages/airflow/example_dags/tutorial_taskflow_api_etl.py
[2022-06-24 07:10:14,342] {processor.py:651} INFO - DAG(s) dict_keys(['tutorial_taskflow_api_etl']) retrieved from /home/airflow/.local/lib/python3.7/site-packages/airflow/example_dags/tutorial_taskflow_api_etl.py
[2022-06-24 07:10:14,396] {logging_mixin.py:115} INFO - [2022-06-24 07:10:14,396] {dag.py:2379} INFO - Sync 1 DAGs
[2022-06-24 07:10:14,409] {logging_mixin.py:115} INFO - [2022-06-24 07:10:14,408] {dag.py:2931} INFO - Setting next_dagrun for tutorial_taskflow_api_etl to None, run_after=None
[2022-06-24 07:10:14,423] {processor.py:161} INFO - Processing /home/airflow/.local/lib/python3.7/site-packages/airflow/example_dags/tutorial_taskflow_api_etl.py took 0.104 seconds
[2022-06-24 07:10:44,852] {processor.py:153} INFO - Started process (PID=6944) to work on /home/airflow/.local/lib/python3.7/site-packages/airflow/example_dags/tutorial_taskflow_api_etl.py
[2022-06-24 07:10:44,853] {processor.py:641} INFO - Processing file /home/airflow/.local/lib/python3.7/site-packages/airflow/example_dags/tutorial_taskflow_api_etl.py for tasks to queue
[2022-06-24 07:10:44,853] {logging_mixin.py:115} INFO - [2022-06-24 07:10:44,853] {dagbag.py:507} INFO - Filling up the DagBag from /home/airflow/.local/lib/python3.7/site-packages/airflow/example_dags/tutorial_taskflow_api_etl.py
[2022-06-24 07:10:44,871] {processor.py:651} INFO - DAG(s) dict_keys(['tutorial_taskflow_api_etl']) retrieved from /home/airflow/.local/lib/python3.7/site-packages/airflow/example_dags/tutorial_taskflow_api_etl.py
[2022-06-24 07:10:44,913] {logging_mixin.py:115} INFO - [2022-06-24 07:10:44,913] {dag.py:2379} INFO - Sync 1 DAGs
[2022-06-24 07:10:44,930] {logging_mixin.py:115} INFO - [2022-06-24 07:10:44,930] {dag.py:2931} INFO - Setting next_dagrun for tutorial_taskflow_api_etl to None, run_after=None
[2022-06-24 07:10:44,944] {processor.py:161} INFO - Processing /home/airflow/.local/lib/python3.7/site-packages/airflow/example_dags/tutorial_taskflow_api_etl.py took 0.096 seconds
[2022-06-24 07:11:15,194] {processor.py:153} INFO - Started process (PID=7008) to work on /home/airflow/.local/lib/python3.7/site-packages/airflow/example_dags/tutorial_taskflow_api_etl.py
[2022-06-24 07:11:15,195] {processor.py:641} INFO - Processing file /home/airflow/.local/lib/python3.7/site-packages/airflow/example_dags/tutorial_taskflow_api_etl.py for tasks to queue
[2022-06-24 07:11:15,196] {logging_mixin.py:115} INFO - [2022-06-24 07:11:15,196] {dagbag.py:507} INFO - Filling up the DagBag from /home/airflow/.local/lib/python3.7/site-packages/airflow/example_dags/tutorial_taskflow_api_etl.py
[2022-06-24 07:11:15,212] {processor.py:651} INFO - DAG(s) dict_keys(['tutorial_taskflow_api_etl']) retrieved from /home/airflow/.local/lib/python3.7/site-packages/airflow/example_dags/tutorial_taskflow_api_etl.py
[2022-06-24 07:11:15,268] {logging_mixin.py:115} INFO - [2022-06-24 07:11:15,268] {dag.py:2379} INFO - Sync 1 DAGs
[2022-06-24 07:11:15,285] {logging_mixin.py:115} INFO - [2022-06-24 07:11:15,285] {dag.py:2931} INFO - Setting next_dagrun for tutorial_taskflow_api_etl to None, run_after=None
[2022-06-24 07:11:15,301] {processor.py:161} INFO - Processing /home/airflow/.local/lib/python3.7/site-packages/airflow/example_dags/tutorial_taskflow_api_etl.py took 0.110 seconds
[2022-06-24 07:11:45,466] {processor.py:153} INFO - Started process (PID=7063) to work on /home/airflow/.local/lib/python3.7/site-packages/airflow/example_dags/tutorial_taskflow_api_etl.py
[2022-06-24 07:11:45,467] {processor.py:641} INFO - Processing file /home/airflow/.local/lib/python3.7/site-packages/airflow/example_dags/tutorial_taskflow_api_etl.py for tasks to queue
[2022-06-24 07:11:45,468] {logging_mixin.py:115} INFO - [2022-06-24 07:11:45,468] {dagbag.py:507} INFO - Filling up the DagBag from /home/airflow/.local/lib/python3.7/site-packages/airflow/example_dags/tutorial_taskflow_api_etl.py
[2022-06-24 07:11:45,484] {processor.py:651} INFO - DAG(s) dict_keys(['tutorial_taskflow_api_etl']) retrieved from /home/airflow/.local/lib/python3.7/site-packages/airflow/example_dags/tutorial_taskflow_api_etl.py
[2022-06-24 07:11:45,577] {logging_mixin.py:115} INFO - [2022-06-24 07:11:45,577] {dag.py:2379} INFO - Sync 1 DAGs
[2022-06-24 07:11:45,592] {logging_mixin.py:115} INFO - [2022-06-24 07:11:45,592] {dag.py:2931} INFO - Setting next_dagrun for tutorial_taskflow_api_etl to None, run_after=None
[2022-06-24 07:11:45,608] {processor.py:161} INFO - Processing /home/airflow/.local/lib/python3.7/site-packages/airflow/example_dags/tutorial_taskflow_api_etl.py took 0.146 seconds
[2022-06-24 07:12:15,726] {processor.py:153} INFO - Started process (PID=7128) to work on /home/airflow/.local/lib/python3.7/site-packages/airflow/example_dags/tutorial_taskflow_api_etl.py
[2022-06-24 07:12:15,727] {processor.py:641} INFO - Processing file /home/airflow/.local/lib/python3.7/site-packages/airflow/example_dags/tutorial_taskflow_api_etl.py for tasks to queue
[2022-06-24 07:12:15,728] {logging_mixin.py:115} INFO - [2022-06-24 07:12:15,728] {dagbag.py:507} INFO - Filling up the DagBag from /home/airflow/.local/lib/python3.7/site-packages/airflow/example_dags/tutorial_taskflow_api_etl.py
[2022-06-24 07:12:15,743] {processor.py:651} INFO - DAG(s) dict_keys(['tutorial_taskflow_api_etl']) retrieved from /home/airflow/.local/lib/python3.7/site-packages/airflow/example_dags/tutorial_taskflow_api_etl.py
[2022-06-24 07:12:15,796] {logging_mixin.py:115} INFO - [2022-06-24 07:12:15,796] {dag.py:2379} INFO - Sync 1 DAGs
[2022-06-24 07:12:15,809] {logging_mixin.py:115} INFO - [2022-06-24 07:12:15,809] {dag.py:2931} INFO - Setting next_dagrun for tutorial_taskflow_api_etl to None, run_after=None
[2022-06-24 07:12:15,822] {processor.py:161} INFO - Processing /home/airflow/.local/lib/python3.7/site-packages/airflow/example_dags/tutorial_taskflow_api_etl.py took 0.099 seconds
[2022-06-24 07:12:45,901] {processor.py:153} INFO - Started process (PID=7192) to work on /home/airflow/.local/lib/python3.7/site-packages/airflow/example_dags/tutorial_taskflow_api_etl.py
[2022-06-24 07:12:45,902] {processor.py:641} INFO - Processing file /home/airflow/.local/lib/python3.7/site-packages/airflow/example_dags/tutorial_taskflow_api_etl.py for tasks to queue
[2022-06-24 07:12:45,903] {logging_mixin.py:115} INFO - [2022-06-24 07:12:45,903] {dagbag.py:507} INFO - Filling up the DagBag from /home/airflow/.local/lib/python3.7/site-packages/airflow/example_dags/tutorial_taskflow_api_etl.py
[2022-06-24 07:12:45,922] {processor.py:651} INFO - DAG(s) dict_keys(['tutorial_taskflow_api_etl']) retrieved from /home/airflow/.local/lib/python3.7/site-packages/airflow/example_dags/tutorial_taskflow_api_etl.py
[2022-06-24 07:12:45,978] {logging_mixin.py:115} INFO - [2022-06-24 07:12:45,978] {dag.py:2379} INFO - Sync 1 DAGs
[2022-06-24 07:12:45,995] {logging_mixin.py:115} INFO - [2022-06-24 07:12:45,995] {dag.py:2931} INFO - Setting next_dagrun for tutorial_taskflow_api_etl to None, run_after=None
[2022-06-24 07:12:46,010] {processor.py:161} INFO - Processing /home/airflow/.local/lib/python3.7/site-packages/airflow/example_dags/tutorial_taskflow_api_etl.py took 0.112 seconds
[2022-06-24 07:13:16,224] {processor.py:153} INFO - Started process (PID=7256) to work on /home/airflow/.local/lib/python3.7/site-packages/airflow/example_dags/tutorial_taskflow_api_etl.py
[2022-06-24 07:13:16,225] {processor.py:641} INFO - Processing file /home/airflow/.local/lib/python3.7/site-packages/airflow/example_dags/tutorial_taskflow_api_etl.py for tasks to queue
[2022-06-24 07:13:16,227] {logging_mixin.py:115} INFO - [2022-06-24 07:13:16,226] {dagbag.py:507} INFO - Filling up the DagBag from /home/airflow/.local/lib/python3.7/site-packages/airflow/example_dags/tutorial_taskflow_api_etl.py
[2022-06-24 07:13:16,245] {processor.py:651} INFO - DAG(s) dict_keys(['tutorial_taskflow_api_etl']) retrieved from /home/airflow/.local/lib/python3.7/site-packages/airflow/example_dags/tutorial_taskflow_api_etl.py
[2022-06-24 07:13:16,296] {logging_mixin.py:115} INFO - [2022-06-24 07:13:16,296] {dag.py:2379} INFO - Sync 1 DAGs
[2022-06-24 07:13:16,310] {logging_mixin.py:115} INFO - [2022-06-24 07:13:16,309] {dag.py:2931} INFO - Setting next_dagrun for tutorial_taskflow_api_etl to None, run_after=None
[2022-06-24 07:13:16,325] {processor.py:161} INFO - Processing /home/airflow/.local/lib/python3.7/site-packages/airflow/example_dags/tutorial_taskflow_api_etl.py took 0.104 seconds
[2022-06-24 07:13:46,817] {processor.py:153} INFO - Started process (PID=7311) to work on /home/airflow/.local/lib/python3.7/site-packages/airflow/example_dags/tutorial_taskflow_api_etl.py
[2022-06-24 07:13:46,818] {processor.py:641} INFO - Processing file /home/airflow/.local/lib/python3.7/site-packages/airflow/example_dags/tutorial_taskflow_api_etl.py for tasks to queue
[2022-06-24 07:13:46,819] {logging_mixin.py:115} INFO - [2022-06-24 07:13:46,819] {dagbag.py:507} INFO - Filling up the DagBag from /home/airflow/.local/lib/python3.7/site-packages/airflow/example_dags/tutorial_taskflow_api_etl.py
[2022-06-24 07:13:46,834] {processor.py:651} INFO - DAG(s) dict_keys(['tutorial_taskflow_api_etl']) retrieved from /home/airflow/.local/lib/python3.7/site-packages/airflow/example_dags/tutorial_taskflow_api_etl.py
[2022-06-24 07:13:46,885] {logging_mixin.py:115} INFO - [2022-06-24 07:13:46,885] {dag.py:2379} INFO - Sync 1 DAGs
[2022-06-24 07:13:46,898] {logging_mixin.py:115} INFO - [2022-06-24 07:13:46,898] {dag.py:2931} INFO - Setting next_dagrun for tutorial_taskflow_api_etl to None, run_after=None
[2022-06-24 07:13:46,917] {processor.py:161} INFO - Processing /home/airflow/.local/lib/python3.7/site-packages/airflow/example_dags/tutorial_taskflow_api_etl.py took 0.103 seconds
[2022-06-24 07:14:17,472] {processor.py:153} INFO - Started process (PID=7375) to work on /home/airflow/.local/lib/python3.7/site-packages/airflow/example_dags/tutorial_taskflow_api_etl.py
[2022-06-24 07:14:17,473] {processor.py:641} INFO - Processing file /home/airflow/.local/lib/python3.7/site-packages/airflow/example_dags/tutorial_taskflow_api_etl.py for tasks to queue
[2022-06-24 07:14:17,474] {logging_mixin.py:115} INFO - [2022-06-24 07:14:17,474] {dagbag.py:507} INFO - Filling up the DagBag from /home/airflow/.local/lib/python3.7/site-packages/airflow/example_dags/tutorial_taskflow_api_etl.py
[2022-06-24 07:14:17,492] {processor.py:651} INFO - DAG(s) dict_keys(['tutorial_taskflow_api_etl']) retrieved from /home/airflow/.local/lib/python3.7/site-packages/airflow/example_dags/tutorial_taskflow_api_etl.py
[2022-06-24 07:14:17,545] {logging_mixin.py:115} INFO - [2022-06-24 07:14:17,545] {dag.py:2379} INFO - Sync 1 DAGs
[2022-06-24 07:14:17,559] {logging_mixin.py:115} INFO - [2022-06-24 07:14:17,559] {dag.py:2931} INFO - Setting next_dagrun for tutorial_taskflow_api_etl to None, run_after=None
[2022-06-24 07:14:17,574] {processor.py:161} INFO - Processing /home/airflow/.local/lib/python3.7/site-packages/airflow/example_dags/tutorial_taskflow_api_etl.py took 0.105 seconds
[2022-06-24 07:14:47,997] {processor.py:153} INFO - Started process (PID=7439) to work on /home/airflow/.local/lib/python3.7/site-packages/airflow/example_dags/tutorial_taskflow_api_etl.py
[2022-06-24 07:14:47,998] {processor.py:641} INFO - Processing file /home/airflow/.local/lib/python3.7/site-packages/airflow/example_dags/tutorial_taskflow_api_etl.py for tasks to queue
[2022-06-24 07:14:47,999] {logging_mixin.py:115} INFO - [2022-06-24 07:14:47,999] {dagbag.py:507} INFO - Filling up the DagBag from /home/airflow/.local/lib/python3.7/site-packages/airflow/example_dags/tutorial_taskflow_api_etl.py
[2022-06-24 07:14:48,016] {processor.py:651} INFO - DAG(s) dict_keys(['tutorial_taskflow_api_etl']) retrieved from /home/airflow/.local/lib/python3.7/site-packages/airflow/example_dags/tutorial_taskflow_api_etl.py
[2022-06-24 07:14:48,067] {logging_mixin.py:115} INFO - [2022-06-24 07:14:48,067] {dag.py:2379} INFO - Sync 1 DAGs
[2022-06-24 07:14:48,079] {logging_mixin.py:115} INFO - [2022-06-24 07:14:48,079] {dag.py:2931} INFO - Setting next_dagrun for tutorial_taskflow_api_etl to None, run_after=None
[2022-06-24 07:14:48,094] {processor.py:161} INFO - Processing /home/airflow/.local/lib/python3.7/site-packages/airflow/example_dags/tutorial_taskflow_api_etl.py took 0.100 seconds
[2022-06-24 07:15:18,417] {processor.py:153} INFO - Started process (PID=7504) to work on /home/airflow/.local/lib/python3.7/site-packages/airflow/example_dags/tutorial_taskflow_api_etl.py
[2022-06-24 07:15:18,417] {processor.py:641} INFO - Processing file /home/airflow/.local/lib/python3.7/site-packages/airflow/example_dags/tutorial_taskflow_api_etl.py for tasks to queue
[2022-06-24 07:15:18,418] {logging_mixin.py:115} INFO - [2022-06-24 07:15:18,418] {dagbag.py:507} INFO - Filling up the DagBag from /home/airflow/.local/lib/python3.7/site-packages/airflow/example_dags/tutorial_taskflow_api_etl.py
[2022-06-24 07:15:18,435] {processor.py:651} INFO - DAG(s) dict_keys(['tutorial_taskflow_api_etl']) retrieved from /home/airflow/.local/lib/python3.7/site-packages/airflow/example_dags/tutorial_taskflow_api_etl.py
[2022-06-24 07:15:18,490] {logging_mixin.py:115} INFO - [2022-06-24 07:15:18,490] {dag.py:2379} INFO - Sync 1 DAGs
[2022-06-24 07:15:18,508] {logging_mixin.py:115} INFO - [2022-06-24 07:15:18,507] {dag.py:2931} INFO - Setting next_dagrun for tutorial_taskflow_api_etl to None, run_after=None
[2022-06-24 07:15:18,523] {processor.py:161} INFO - Processing /home/airflow/.local/lib/python3.7/site-packages/airflow/example_dags/tutorial_taskflow_api_etl.py took 0.109 seconds
[2022-06-24 07:15:48,836] {processor.py:153} INFO - Started process (PID=7559) to work on /home/airflow/.local/lib/python3.7/site-packages/airflow/example_dags/tutorial_taskflow_api_etl.py
[2022-06-24 07:15:48,837] {processor.py:641} INFO - Processing file /home/airflow/.local/lib/python3.7/site-packages/airflow/example_dags/tutorial_taskflow_api_etl.py for tasks to queue
[2022-06-24 07:15:48,837] {logging_mixin.py:115} INFO - [2022-06-24 07:15:48,837] {dagbag.py:507} INFO - Filling up the DagBag from /home/airflow/.local/lib/python3.7/site-packages/airflow/example_dags/tutorial_taskflow_api_etl.py
[2022-06-24 07:15:48,855] {processor.py:651} INFO - DAG(s) dict_keys(['tutorial_taskflow_api_etl']) retrieved from /home/airflow/.local/lib/python3.7/site-packages/airflow/example_dags/tutorial_taskflow_api_etl.py
[2022-06-24 07:15:48,940] {logging_mixin.py:115} INFO - [2022-06-24 07:15:48,940] {dag.py:2379} INFO - Sync 1 DAGs
[2022-06-24 07:15:48,959] {logging_mixin.py:115} INFO - [2022-06-24 07:15:48,958] {dag.py:2931} INFO - Setting next_dagrun for tutorial_taskflow_api_etl to None, run_after=None
[2022-06-24 07:15:48,974] {processor.py:161} INFO - Processing /home/airflow/.local/lib/python3.7/site-packages/airflow/example_dags/tutorial_taskflow_api_etl.py took 0.142 seconds
[2022-06-24 07:16:19,309] {processor.py:153} INFO - Started process (PID=7623) to work on /home/airflow/.local/lib/python3.7/site-packages/airflow/example_dags/tutorial_taskflow_api_etl.py
[2022-06-24 07:16:19,310] {processor.py:641} INFO - Processing file /home/airflow/.local/lib/python3.7/site-packages/airflow/example_dags/tutorial_taskflow_api_etl.py for tasks to queue
[2022-06-24 07:16:19,312] {logging_mixin.py:115} INFO - [2022-06-24 07:16:19,312] {dagbag.py:507} INFO - Filling up the DagBag from /home/airflow/.local/lib/python3.7/site-packages/airflow/example_dags/tutorial_taskflow_api_etl.py
[2022-06-24 07:16:19,338] {processor.py:651} INFO - DAG(s) dict_keys(['tutorial_taskflow_api_etl']) retrieved from /home/airflow/.local/lib/python3.7/site-packages/airflow/example_dags/tutorial_taskflow_api_etl.py
[2022-06-24 07:16:19,407] {logging_mixin.py:115} INFO - [2022-06-24 07:16:19,407] {dag.py:2379} INFO - Sync 1 DAGs
[2022-06-24 07:16:19,425] {logging_mixin.py:115} INFO - [2022-06-24 07:16:19,425] {dag.py:2931} INFO - Setting next_dagrun for tutorial_taskflow_api_etl to None, run_after=None
[2022-06-24 07:16:19,445] {processor.py:161} INFO - Processing /home/airflow/.local/lib/python3.7/site-packages/airflow/example_dags/tutorial_taskflow_api_etl.py took 0.143 seconds
[2022-06-24 07:16:49,772] {processor.py:153} INFO - Started process (PID=7687) to work on /home/airflow/.local/lib/python3.7/site-packages/airflow/example_dags/tutorial_taskflow_api_etl.py
[2022-06-24 07:16:49,773] {processor.py:641} INFO - Processing file /home/airflow/.local/lib/python3.7/site-packages/airflow/example_dags/tutorial_taskflow_api_etl.py for tasks to queue
[2022-06-24 07:16:49,773] {logging_mixin.py:115} INFO - [2022-06-24 07:16:49,773] {dagbag.py:507} INFO - Filling up the DagBag from /home/airflow/.local/lib/python3.7/site-packages/airflow/example_dags/tutorial_taskflow_api_etl.py
[2022-06-24 07:16:49,790] {processor.py:651} INFO - DAG(s) dict_keys(['tutorial_taskflow_api_etl']) retrieved from /home/airflow/.local/lib/python3.7/site-packages/airflow/example_dags/tutorial_taskflow_api_etl.py
[2022-06-24 07:16:49,855] {logging_mixin.py:115} INFO - [2022-06-24 07:16:49,854] {dag.py:2379} INFO - Sync 1 DAGs
[2022-06-24 07:16:49,872] {logging_mixin.py:115} INFO - [2022-06-24 07:16:49,872] {dag.py:2931} INFO - Setting next_dagrun for tutorial_taskflow_api_etl to None, run_after=None
[2022-06-24 07:16:49,888] {processor.py:161} INFO - Processing /home/airflow/.local/lib/python3.7/site-packages/airflow/example_dags/tutorial_taskflow_api_etl.py took 0.120 seconds
[2022-06-24 07:17:20,429] {processor.py:153} INFO - Started process (PID=7742) to work on /home/airflow/.local/lib/python3.7/site-packages/airflow/example_dags/tutorial_taskflow_api_etl.py
[2022-06-24 07:17:20,430] {processor.py:641} INFO - Processing file /home/airflow/.local/lib/python3.7/site-packages/airflow/example_dags/tutorial_taskflow_api_etl.py for tasks to queue
[2022-06-24 07:17:20,431] {logging_mixin.py:115} INFO - [2022-06-24 07:17:20,431] {dagbag.py:507} INFO - Filling up the DagBag from /home/airflow/.local/lib/python3.7/site-packages/airflow/example_dags/tutorial_taskflow_api_etl.py
[2022-06-24 07:17:20,451] {processor.py:651} INFO - DAG(s) dict_keys(['tutorial_taskflow_api_etl']) retrieved from /home/airflow/.local/lib/python3.7/site-packages/airflow/example_dags/tutorial_taskflow_api_etl.py
[2022-06-24 07:17:20,516] {logging_mixin.py:115} INFO - [2022-06-24 07:17:20,516] {dag.py:2379} INFO - Sync 1 DAGs
[2022-06-24 07:17:20,532] {logging_mixin.py:115} INFO - [2022-06-24 07:17:20,532] {dag.py:2931} INFO - Setting next_dagrun for tutorial_taskflow_api_etl to None, run_after=None
[2022-06-24 07:17:20,555] {processor.py:161} INFO - Processing /home/airflow/.local/lib/python3.7/site-packages/airflow/example_dags/tutorial_taskflow_api_etl.py took 0.130 seconds
[2022-06-24 07:17:51,138] {processor.py:153} INFO - Started process (PID=7806) to work on /home/airflow/.local/lib/python3.7/site-packages/airflow/example_dags/tutorial_taskflow_api_etl.py
[2022-06-24 07:17:51,139] {processor.py:641} INFO - Processing file /home/airflow/.local/lib/python3.7/site-packages/airflow/example_dags/tutorial_taskflow_api_etl.py for tasks to queue
[2022-06-24 07:17:51,141] {logging_mixin.py:115} INFO - [2022-06-24 07:17:51,141] {dagbag.py:507} INFO - Filling up the DagBag from /home/airflow/.local/lib/python3.7/site-packages/airflow/example_dags/tutorial_taskflow_api_etl.py
[2022-06-24 07:17:51,160] {processor.py:651} INFO - DAG(s) dict_keys(['tutorial_taskflow_api_etl']) retrieved from /home/airflow/.local/lib/python3.7/site-packages/airflow/example_dags/tutorial_taskflow_api_etl.py
[2022-06-24 07:17:51,222] {logging_mixin.py:115} INFO - [2022-06-24 07:17:51,222] {dag.py:2379} INFO - Sync 1 DAGs
[2022-06-24 07:17:51,234] {logging_mixin.py:115} INFO - [2022-06-24 07:17:51,234] {dag.py:2931} INFO - Setting next_dagrun for tutorial_taskflow_api_etl to None, run_after=None
[2022-06-24 07:17:51,248] {processor.py:161} INFO - Processing /home/airflow/.local/lib/python3.7/site-packages/airflow/example_dags/tutorial_taskflow_api_etl.py took 0.113 seconds
[2022-06-24 07:18:21,843] {processor.py:153} INFO - Started process (PID=7870) to work on /home/airflow/.local/lib/python3.7/site-packages/airflow/example_dags/tutorial_taskflow_api_etl.py
[2022-06-24 07:18:21,844] {processor.py:641} INFO - Processing file /home/airflow/.local/lib/python3.7/site-packages/airflow/example_dags/tutorial_taskflow_api_etl.py for tasks to queue
[2022-06-24 07:18:21,845] {logging_mixin.py:115} INFO - [2022-06-24 07:18:21,845] {dagbag.py:507} INFO - Filling up the DagBag from /home/airflow/.local/lib/python3.7/site-packages/airflow/example_dags/tutorial_taskflow_api_etl.py
[2022-06-24 07:18:21,867] {processor.py:651} INFO - DAG(s) dict_keys(['tutorial_taskflow_api_etl']) retrieved from /home/airflow/.local/lib/python3.7/site-packages/airflow/example_dags/tutorial_taskflow_api_etl.py
[2022-06-24 07:18:21,958] {logging_mixin.py:115} INFO - [2022-06-24 07:18:21,958] {dag.py:2379} INFO - Sync 1 DAGs
[2022-06-24 07:18:21,979] {logging_mixin.py:115} INFO - [2022-06-24 07:18:21,979] {dag.py:2931} INFO - Setting next_dagrun for tutorial_taskflow_api_etl to None, run_after=None
[2022-06-24 07:18:21,996] {processor.py:161} INFO - Processing /home/airflow/.local/lib/python3.7/site-packages/airflow/example_dags/tutorial_taskflow_api_etl.py took 0.156 seconds
[2022-06-24 07:18:52,501] {processor.py:153} INFO - Started process (PID=7935) to work on /home/airflow/.local/lib/python3.7/site-packages/airflow/example_dags/tutorial_taskflow_api_etl.py
[2022-06-24 07:18:52,502] {processor.py:641} INFO - Processing file /home/airflow/.local/lib/python3.7/site-packages/airflow/example_dags/tutorial_taskflow_api_etl.py for tasks to queue
[2022-06-24 07:18:52,503] {logging_mixin.py:115} INFO - [2022-06-24 07:18:52,503] {dagbag.py:507} INFO - Filling up the DagBag from /home/airflow/.local/lib/python3.7/site-packages/airflow/example_dags/tutorial_taskflow_api_etl.py
[2022-06-24 07:18:52,516] {processor.py:651} INFO - DAG(s) dict_keys(['tutorial_taskflow_api_etl']) retrieved from /home/airflow/.local/lib/python3.7/site-packages/airflow/example_dags/tutorial_taskflow_api_etl.py
[2022-06-24 07:18:52,580] {logging_mixin.py:115} INFO - [2022-06-24 07:18:52,580] {dag.py:2379} INFO - Sync 1 DAGs
[2022-06-24 07:18:52,596] {logging_mixin.py:115} INFO - [2022-06-24 07:18:52,596] {dag.py:2931} INFO - Setting next_dagrun for tutorial_taskflow_api_etl to None, run_after=None
[2022-06-24 07:18:52,611] {processor.py:161} INFO - Processing /home/airflow/.local/lib/python3.7/site-packages/airflow/example_dags/tutorial_taskflow_api_etl.py took 0.114 seconds
[2022-06-24 07:19:23,100] {processor.py:153} INFO - Started process (PID=7990) to work on /home/airflow/.local/lib/python3.7/site-packages/airflow/example_dags/tutorial_taskflow_api_etl.py
[2022-06-24 07:19:23,100] {processor.py:641} INFO - Processing file /home/airflow/.local/lib/python3.7/site-packages/airflow/example_dags/tutorial_taskflow_api_etl.py for tasks to queue
[2022-06-24 07:19:23,101] {logging_mixin.py:115} INFO - [2022-06-24 07:19:23,101] {dagbag.py:507} INFO - Filling up the DagBag from /home/airflow/.local/lib/python3.7/site-packages/airflow/example_dags/tutorial_taskflow_api_etl.py
[2022-06-24 07:19:23,115] {processor.py:651} INFO - DAG(s) dict_keys(['tutorial_taskflow_api_etl']) retrieved from /home/airflow/.local/lib/python3.7/site-packages/airflow/example_dags/tutorial_taskflow_api_etl.py
[2022-06-24 07:19:23,136] {logging_mixin.py:115} INFO - [2022-06-24 07:19:23,136] {dag.py:2379} INFO - Sync 1 DAGs
[2022-06-24 07:19:23,150] {logging_mixin.py:115} INFO - [2022-06-24 07:19:23,150] {dag.py:2931} INFO - Setting next_dagrun for tutorial_taskflow_api_etl to None, run_after=None
[2022-06-24 07:19:23,163] {processor.py:161} INFO - Processing /home/airflow/.local/lib/python3.7/site-packages/airflow/example_dags/tutorial_taskflow_api_etl.py took 0.067 seconds
[2022-06-24 07:19:53,566] {processor.py:153} INFO - Started process (PID=8054) to work on /home/airflow/.local/lib/python3.7/site-packages/airflow/example_dags/tutorial_taskflow_api_etl.py
[2022-06-24 07:19:53,567] {processor.py:641} INFO - Processing file /home/airflow/.local/lib/python3.7/site-packages/airflow/example_dags/tutorial_taskflow_api_etl.py for tasks to queue
[2022-06-24 07:19:53,568] {logging_mixin.py:115} INFO - [2022-06-24 07:19:53,568] {dagbag.py:507} INFO - Filling up the DagBag from /home/airflow/.local/lib/python3.7/site-packages/airflow/example_dags/tutorial_taskflow_api_etl.py
[2022-06-24 07:19:53,585] {processor.py:651} INFO - DAG(s) dict_keys(['tutorial_taskflow_api_etl']) retrieved from /home/airflow/.local/lib/python3.7/site-packages/airflow/example_dags/tutorial_taskflow_api_etl.py
[2022-06-24 07:19:53,640] {logging_mixin.py:115} INFO - [2022-06-24 07:19:53,640] {dag.py:2379} INFO - Sync 1 DAGs
[2022-06-24 07:19:53,653] {logging_mixin.py:115} INFO - [2022-06-24 07:19:53,653] {dag.py:2931} INFO - Setting next_dagrun for tutorial_taskflow_api_etl to None, run_after=None
[2022-06-24 07:19:53,669] {processor.py:161} INFO - Processing /home/airflow/.local/lib/python3.7/site-packages/airflow/example_dags/tutorial_taskflow_api_etl.py took 0.106 seconds
[2022-06-24 07:20:23,909] {processor.py:153} INFO - Started process (PID=8118) to work on /home/airflow/.local/lib/python3.7/site-packages/airflow/example_dags/tutorial_taskflow_api_etl.py
[2022-06-24 07:20:23,909] {processor.py:641} INFO - Processing file /home/airflow/.local/lib/python3.7/site-packages/airflow/example_dags/tutorial_taskflow_api_etl.py for tasks to queue
[2022-06-24 07:20:23,910] {logging_mixin.py:115} INFO - [2022-06-24 07:20:23,910] {dagbag.py:507} INFO - Filling up the DagBag from /home/airflow/.local/lib/python3.7/site-packages/airflow/example_dags/tutorial_taskflow_api_etl.py
[2022-06-24 07:20:23,925] {processor.py:651} INFO - DAG(s) dict_keys(['tutorial_taskflow_api_etl']) retrieved from /home/airflow/.local/lib/python3.7/site-packages/airflow/example_dags/tutorial_taskflow_api_etl.py
[2022-06-24 07:20:23,983] {logging_mixin.py:115} INFO - [2022-06-24 07:20:23,983] {dag.py:2379} INFO - Sync 1 DAGs
[2022-06-24 07:20:24,000] {logging_mixin.py:115} INFO - [2022-06-24 07:20:23,999] {dag.py:2931} INFO - Setting next_dagrun for tutorial_taskflow_api_etl to None, run_after=None
[2022-06-24 07:20:24,017] {processor.py:161} INFO - Processing /home/airflow/.local/lib/python3.7/site-packages/airflow/example_dags/tutorial_taskflow_api_etl.py took 0.112 seconds
[2022-06-24 07:20:54,349] {processor.py:153} INFO - Started process (PID=8173) to work on /home/airflow/.local/lib/python3.7/site-packages/airflow/example_dags/tutorial_taskflow_api_etl.py
[2022-06-24 07:20:54,349] {processor.py:641} INFO - Processing file /home/airflow/.local/lib/python3.7/site-packages/airflow/example_dags/tutorial_taskflow_api_etl.py for tasks to queue
[2022-06-24 07:20:54,351] {logging_mixin.py:115} INFO - [2022-06-24 07:20:54,350] {dagbag.py:507} INFO - Filling up the DagBag from /home/airflow/.local/lib/python3.7/site-packages/airflow/example_dags/tutorial_taskflow_api_etl.py
[2022-06-24 07:20:54,371] {processor.py:651} INFO - DAG(s) dict_keys(['tutorial_taskflow_api_etl']) retrieved from /home/airflow/.local/lib/python3.7/site-packages/airflow/example_dags/tutorial_taskflow_api_etl.py
[2022-06-24 07:20:54,396] {logging_mixin.py:115} INFO - [2022-06-24 07:20:54,396] {dag.py:2379} INFO - Sync 1 DAGs
[2022-06-24 07:20:54,412] {logging_mixin.py:115} INFO - [2022-06-24 07:20:54,412] {dag.py:2931} INFO - Setting next_dagrun for tutorial_taskflow_api_etl to None, run_after=None
[2022-06-24 07:20:54,423] {processor.py:161} INFO - Processing /home/airflow/.local/lib/python3.7/site-packages/airflow/example_dags/tutorial_taskflow_api_etl.py took 0.079 seconds
[2022-06-24 07:21:25,155] {processor.py:153} INFO - Started process (PID=8237) to work on /home/airflow/.local/lib/python3.7/site-packages/airflow/example_dags/tutorial_taskflow_api_etl.py
[2022-06-24 07:21:25,156] {processor.py:641} INFO - Processing file /home/airflow/.local/lib/python3.7/site-packages/airflow/example_dags/tutorial_taskflow_api_etl.py for tasks to queue
[2022-06-24 07:21:25,157] {logging_mixin.py:115} INFO - [2022-06-24 07:21:25,157] {dagbag.py:507} INFO - Filling up the DagBag from /home/airflow/.local/lib/python3.7/site-packages/airflow/example_dags/tutorial_taskflow_api_etl.py
[2022-06-24 07:21:25,175] {processor.py:651} INFO - DAG(s) dict_keys(['tutorial_taskflow_api_etl']) retrieved from /home/airflow/.local/lib/python3.7/site-packages/airflow/example_dags/tutorial_taskflow_api_etl.py
[2022-06-24 07:21:25,209] {logging_mixin.py:115} INFO - [2022-06-24 07:21:25,209] {dag.py:2379} INFO - Sync 1 DAGs
[2022-06-24 07:21:25,234] {logging_mixin.py:115} INFO - [2022-06-24 07:21:25,233] {dag.py:2931} INFO - Setting next_dagrun for tutorial_taskflow_api_etl to None, run_after=None
[2022-06-24 07:21:25,250] {processor.py:161} INFO - Processing /home/airflow/.local/lib/python3.7/site-packages/airflow/example_dags/tutorial_taskflow_api_etl.py took 0.098 seconds
[2022-06-24 07:21:55,580] {processor.py:153} INFO - Started process (PID=8301) to work on /home/airflow/.local/lib/python3.7/site-packages/airflow/example_dags/tutorial_taskflow_api_etl.py
[2022-06-24 07:21:55,581] {processor.py:641} INFO - Processing file /home/airflow/.local/lib/python3.7/site-packages/airflow/example_dags/tutorial_taskflow_api_etl.py for tasks to queue
[2022-06-24 07:21:55,582] {logging_mixin.py:115} INFO - [2022-06-24 07:21:55,582] {dagbag.py:507} INFO - Filling up the DagBag from /home/airflow/.local/lib/python3.7/site-packages/airflow/example_dags/tutorial_taskflow_api_etl.py
[2022-06-24 07:21:55,600] {processor.py:651} INFO - DAG(s) dict_keys(['tutorial_taskflow_api_etl']) retrieved from /home/airflow/.local/lib/python3.7/site-packages/airflow/example_dags/tutorial_taskflow_api_etl.py
[2022-06-24 07:21:55,624] {logging_mixin.py:115} INFO - [2022-06-24 07:21:55,624] {dag.py:2379} INFO - Sync 1 DAGs
[2022-06-24 07:21:55,640] {logging_mixin.py:115} INFO - [2022-06-24 07:21:55,640] {dag.py:2931} INFO - Setting next_dagrun for tutorial_taskflow_api_etl to None, run_after=None
[2022-06-24 07:21:55,652] {processor.py:161} INFO - Processing /home/airflow/.local/lib/python3.7/site-packages/airflow/example_dags/tutorial_taskflow_api_etl.py took 0.076 seconds
[2022-06-24 07:22:26,262] {processor.py:153} INFO - Started process (PID=8365) to work on /home/airflow/.local/lib/python3.7/site-packages/airflow/example_dags/tutorial_taskflow_api_etl.py
[2022-06-24 07:22:26,263] {processor.py:641} INFO - Processing file /home/airflow/.local/lib/python3.7/site-packages/airflow/example_dags/tutorial_taskflow_api_etl.py for tasks to queue
[2022-06-24 07:22:26,263] {logging_mixin.py:115} INFO - [2022-06-24 07:22:26,263] {dagbag.py:507} INFO - Filling up the DagBag from /home/airflow/.local/lib/python3.7/site-packages/airflow/example_dags/tutorial_taskflow_api_etl.py
[2022-06-24 07:22:26,280] {processor.py:651} INFO - DAG(s) dict_keys(['tutorial_taskflow_api_etl']) retrieved from /home/airflow/.local/lib/python3.7/site-packages/airflow/example_dags/tutorial_taskflow_api_etl.py
[2022-06-24 07:22:26,306] {logging_mixin.py:115} INFO - [2022-06-24 07:22:26,306] {dag.py:2379} INFO - Sync 1 DAGs
[2022-06-24 07:22:26,322] {logging_mixin.py:115} INFO - [2022-06-24 07:22:26,322] {dag.py:2931} INFO - Setting next_dagrun for tutorial_taskflow_api_etl to None, run_after=None
[2022-06-24 07:22:26,336] {processor.py:161} INFO - Processing /home/airflow/.local/lib/python3.7/site-packages/airflow/example_dags/tutorial_taskflow_api_etl.py took 0.077 seconds
[2022-06-24 07:22:56,868] {processor.py:153} INFO - Started process (PID=8420) to work on /home/airflow/.local/lib/python3.7/site-packages/airflow/example_dags/tutorial_taskflow_api_etl.py
[2022-06-24 07:22:56,872] {processor.py:641} INFO - Processing file /home/airflow/.local/lib/python3.7/site-packages/airflow/example_dags/tutorial_taskflow_api_etl.py for tasks to queue
[2022-06-24 07:22:56,873] {logging_mixin.py:115} INFO - [2022-06-24 07:22:56,873] {dagbag.py:507} INFO - Filling up the DagBag from /home/airflow/.local/lib/python3.7/site-packages/airflow/example_dags/tutorial_taskflow_api_etl.py
[2022-06-24 07:22:56,911] {processor.py:651} INFO - DAG(s) dict_keys(['tutorial_taskflow_api_etl']) retrieved from /home/airflow/.local/lib/python3.7/site-packages/airflow/example_dags/tutorial_taskflow_api_etl.py
[2022-06-24 07:22:57,071] {logging_mixin.py:115} INFO - [2022-06-24 07:22:57,062] {dag.py:2379} INFO - Sync 1 DAGs
[2022-06-24 07:22:57,142] {logging_mixin.py:115} INFO - [2022-06-24 07:22:57,142] {dag.py:2931} INFO - Setting next_dagrun for tutorial_taskflow_api_etl to None, run_after=None
[2022-06-24 07:22:57,176] {processor.py:161} INFO - Processing /home/airflow/.local/lib/python3.7/site-packages/airflow/example_dags/tutorial_taskflow_api_etl.py took 0.313 seconds
[2022-06-24 07:23:27,349] {processor.py:153} INFO - Started process (PID=8484) to work on /home/airflow/.local/lib/python3.7/site-packages/airflow/example_dags/tutorial_taskflow_api_etl.py
[2022-06-24 07:23:27,350] {processor.py:641} INFO - Processing file /home/airflow/.local/lib/python3.7/site-packages/airflow/example_dags/tutorial_taskflow_api_etl.py for tasks to queue
[2022-06-24 07:23:27,351] {logging_mixin.py:115} INFO - [2022-06-24 07:23:27,351] {dagbag.py:507} INFO - Filling up the DagBag from /home/airflow/.local/lib/python3.7/site-packages/airflow/example_dags/tutorial_taskflow_api_etl.py
[2022-06-24 07:23:27,369] {processor.py:651} INFO - DAG(s) dict_keys(['tutorial_taskflow_api_etl']) retrieved from /home/airflow/.local/lib/python3.7/site-packages/airflow/example_dags/tutorial_taskflow_api_etl.py
[2022-06-24 07:23:27,396] {logging_mixin.py:115} INFO - [2022-06-24 07:23:27,396] {dag.py:2379} INFO - Sync 1 DAGs
[2022-06-24 07:23:27,415] {logging_mixin.py:115} INFO - [2022-06-24 07:23:27,415] {dag.py:2931} INFO - Setting next_dagrun for tutorial_taskflow_api_etl to None, run_after=None
[2022-06-24 07:23:27,428] {processor.py:161} INFO - Processing /home/airflow/.local/lib/python3.7/site-packages/airflow/example_dags/tutorial_taskflow_api_etl.py took 0.083 seconds
[2022-06-24 07:23:57,549] {processor.py:153} INFO - Started process (PID=8548) to work on /home/airflow/.local/lib/python3.7/site-packages/airflow/example_dags/tutorial_taskflow_api_etl.py
[2022-06-24 07:23:57,550] {processor.py:641} INFO - Processing file /home/airflow/.local/lib/python3.7/site-packages/airflow/example_dags/tutorial_taskflow_api_etl.py for tasks to queue
[2022-06-24 07:23:57,551] {logging_mixin.py:115} INFO - [2022-06-24 07:23:57,551] {dagbag.py:507} INFO - Filling up the DagBag from /home/airflow/.local/lib/python3.7/site-packages/airflow/example_dags/tutorial_taskflow_api_etl.py
[2022-06-24 07:23:57,569] {processor.py:651} INFO - DAG(s) dict_keys(['tutorial_taskflow_api_etl']) retrieved from /home/airflow/.local/lib/python3.7/site-packages/airflow/example_dags/tutorial_taskflow_api_etl.py
[2022-06-24 07:23:57,633] {logging_mixin.py:115} INFO - [2022-06-24 07:23:57,633] {dag.py:2379} INFO - Sync 1 DAGs
[2022-06-24 07:23:57,650] {logging_mixin.py:115} INFO - [2022-06-24 07:23:57,650] {dag.py:2931} INFO - Setting next_dagrun for tutorial_taskflow_api_etl to None, run_after=None
[2022-06-24 07:23:57,667] {processor.py:161} INFO - Processing /home/airflow/.local/lib/python3.7/site-packages/airflow/example_dags/tutorial_taskflow_api_etl.py took 0.121 seconds
[2022-06-24 07:24:27,915] {processor.py:153} INFO - Started process (PID=8604) to work on /home/airflow/.local/lib/python3.7/site-packages/airflow/example_dags/tutorial_taskflow_api_etl.py
[2022-06-24 07:24:27,915] {processor.py:641} INFO - Processing file /home/airflow/.local/lib/python3.7/site-packages/airflow/example_dags/tutorial_taskflow_api_etl.py for tasks to queue
[2022-06-24 07:24:27,916] {logging_mixin.py:115} INFO - [2022-06-24 07:24:27,916] {dagbag.py:507} INFO - Filling up the DagBag from /home/airflow/.local/lib/python3.7/site-packages/airflow/example_dags/tutorial_taskflow_api_etl.py
[2022-06-24 07:24:27,935] {processor.py:651} INFO - DAG(s) dict_keys(['tutorial_taskflow_api_etl']) retrieved from /home/airflow/.local/lib/python3.7/site-packages/airflow/example_dags/tutorial_taskflow_api_etl.py
[2022-06-24 07:24:28,114] {logging_mixin.py:115} INFO - [2022-06-24 07:24:28,113] {dag.py:2379} INFO - Sync 1 DAGs
[2022-06-24 07:24:28,137] {logging_mixin.py:115} INFO - [2022-06-24 07:24:28,137] {dag.py:2931} INFO - Setting next_dagrun for tutorial_taskflow_api_etl to None, run_after=None
[2022-06-24 07:24:28,155] {processor.py:161} INFO - Processing /home/airflow/.local/lib/python3.7/site-packages/airflow/example_dags/tutorial_taskflow_api_etl.py took 0.245 seconds
[2022-06-24 07:24:58,430] {processor.py:153} INFO - Started process (PID=8668) to work on /home/airflow/.local/lib/python3.7/site-packages/airflow/example_dags/tutorial_taskflow_api_etl.py
[2022-06-24 07:24:58,430] {processor.py:641} INFO - Processing file /home/airflow/.local/lib/python3.7/site-packages/airflow/example_dags/tutorial_taskflow_api_etl.py for tasks to queue
[2022-06-24 07:24:58,432] {logging_mixin.py:115} INFO - [2022-06-24 07:24:58,431] {dagbag.py:507} INFO - Filling up the DagBag from /home/airflow/.local/lib/python3.7/site-packages/airflow/example_dags/tutorial_taskflow_api_etl.py
[2022-06-24 07:24:58,446] {processor.py:651} INFO - DAG(s) dict_keys(['tutorial_taskflow_api_etl']) retrieved from /home/airflow/.local/lib/python3.7/site-packages/airflow/example_dags/tutorial_taskflow_api_etl.py
[2022-06-24 07:24:58,505] {logging_mixin.py:115} INFO - [2022-06-24 07:24:58,505] {dag.py:2379} INFO - Sync 1 DAGs
[2022-06-24 07:24:58,520] {logging_mixin.py:115} INFO - [2022-06-24 07:24:58,520] {dag.py:2931} INFO - Setting next_dagrun for tutorial_taskflow_api_etl to None, run_after=None
[2022-06-24 07:24:58,536] {processor.py:161} INFO - Processing /home/airflow/.local/lib/python3.7/site-packages/airflow/example_dags/tutorial_taskflow_api_etl.py took 0.109 seconds
[2022-06-24 07:25:28,774] {processor.py:153} INFO - Started process (PID=8732) to work on /home/airflow/.local/lib/python3.7/site-packages/airflow/example_dags/tutorial_taskflow_api_etl.py
[2022-06-24 07:25:28,775] {processor.py:641} INFO - Processing file /home/airflow/.local/lib/python3.7/site-packages/airflow/example_dags/tutorial_taskflow_api_etl.py for tasks to queue
[2022-06-24 07:25:28,776] {logging_mixin.py:115} INFO - [2022-06-24 07:25:28,776] {dagbag.py:507} INFO - Filling up the DagBag from /home/airflow/.local/lib/python3.7/site-packages/airflow/example_dags/tutorial_taskflow_api_etl.py
[2022-06-24 07:25:28,791] {processor.py:651} INFO - DAG(s) dict_keys(['tutorial_taskflow_api_etl']) retrieved from /home/airflow/.local/lib/python3.7/site-packages/airflow/example_dags/tutorial_taskflow_api_etl.py
[2022-06-24 07:25:28,850] {logging_mixin.py:115} INFO - [2022-06-24 07:25:28,850] {dag.py:2379} INFO - Sync 1 DAGs
[2022-06-24 07:25:28,865] {logging_mixin.py:115} INFO - [2022-06-24 07:25:28,865] {dag.py:2931} INFO - Setting next_dagrun for tutorial_taskflow_api_etl to None, run_after=None
[2022-06-24 07:25:28,881] {processor.py:161} INFO - Processing /home/airflow/.local/lib/python3.7/site-packages/airflow/example_dags/tutorial_taskflow_api_etl.py took 0.111 seconds
[2022-06-24 07:25:58,959] {processor.py:153} INFO - Started process (PID=8787) to work on /home/airflow/.local/lib/python3.7/site-packages/airflow/example_dags/tutorial_taskflow_api_etl.py
[2022-06-24 07:25:58,960] {processor.py:641} INFO - Processing file /home/airflow/.local/lib/python3.7/site-packages/airflow/example_dags/tutorial_taskflow_api_etl.py for tasks to queue
[2022-06-24 07:25:58,961] {logging_mixin.py:115} INFO - [2022-06-24 07:25:58,961] {dagbag.py:507} INFO - Filling up the DagBag from /home/airflow/.local/lib/python3.7/site-packages/airflow/example_dags/tutorial_taskflow_api_etl.py
[2022-06-24 07:25:58,980] {processor.py:651} INFO - DAG(s) dict_keys(['tutorial_taskflow_api_etl']) retrieved from /home/airflow/.local/lib/python3.7/site-packages/airflow/example_dags/tutorial_taskflow_api_etl.py
[2022-06-24 07:25:59,038] {logging_mixin.py:115} INFO - [2022-06-24 07:25:59,038] {dag.py:2379} INFO - Sync 1 DAGs
[2022-06-24 07:25:59,053] {logging_mixin.py:115} INFO - [2022-06-24 07:25:59,052] {dag.py:2931} INFO - Setting next_dagrun for tutorial_taskflow_api_etl to None, run_after=None
[2022-06-24 07:25:59,071] {processor.py:161} INFO - Processing /home/airflow/.local/lib/python3.7/site-packages/airflow/example_dags/tutorial_taskflow_api_etl.py took 0.116 seconds
