[2022-06-24 06:58:32,958] {processor.py:153} INFO - Started process (PID=5474) to work on /home/airflow/.local/lib/python3.7/site-packages/airflow/example_dags/tutorial_etl_dag.py
[2022-06-24 06:58:32,959] {processor.py:641} INFO - Processing file /home/airflow/.local/lib/python3.7/site-packages/airflow/example_dags/tutorial_etl_dag.py for tasks to queue
[2022-06-24 06:58:32,959] {logging_mixin.py:115} INFO - [2022-06-24 06:58:32,959] {dagbag.py:507} INFO - Filling up the DagBag from /home/airflow/.local/lib/python3.7/site-packages/airflow/example_dags/tutorial_etl_dag.py
[2022-06-24 06:58:32,967] {processor.py:651} INFO - DAG(s) dict_keys(['tutorial_etl_dag']) retrieved from /home/airflow/.local/lib/python3.7/site-packages/airflow/example_dags/tutorial_etl_dag.py
[2022-06-24 06:58:32,994] {logging_mixin.py:115} INFO - [2022-06-24 06:58:32,994] {dag.py:2379} INFO - Sync 1 DAGs
[2022-06-24 06:58:33,033] {logging_mixin.py:115} INFO - [2022-06-24 06:58:33,033] {dag.py:2931} INFO - Setting next_dagrun for tutorial_etl_dag to None, run_after=None
[2022-06-24 06:58:33,064] {processor.py:161} INFO - Processing /home/airflow/.local/lib/python3.7/site-packages/airflow/example_dags/tutorial_etl_dag.py took 0.109 seconds
[2022-06-24 06:59:04,811] {processor.py:153} INFO - Started process (PID=5529) to work on /home/airflow/.local/lib/python3.7/site-packages/airflow/example_dags/tutorial_etl_dag.py
[2022-06-24 06:59:04,814] {processor.py:641} INFO - Processing file /home/airflow/.local/lib/python3.7/site-packages/airflow/example_dags/tutorial_etl_dag.py for tasks to queue
[2022-06-24 06:59:04,815] {logging_mixin.py:115} INFO - [2022-06-24 06:59:04,815] {dagbag.py:507} INFO - Filling up the DagBag from /home/airflow/.local/lib/python3.7/site-packages/airflow/example_dags/tutorial_etl_dag.py
[2022-06-24 06:59:04,824] {processor.py:651} INFO - DAG(s) dict_keys(['tutorial_etl_dag']) retrieved from /home/airflow/.local/lib/python3.7/site-packages/airflow/example_dags/tutorial_etl_dag.py
[2022-06-24 06:59:04,865] {logging_mixin.py:115} INFO - [2022-06-24 06:59:04,865] {dag.py:2379} INFO - Sync 1 DAGs
[2022-06-24 06:59:04,904] {logging_mixin.py:115} INFO - [2022-06-24 06:59:04,904] {dag.py:2931} INFO - Setting next_dagrun for tutorial_etl_dag to None, run_after=None
[2022-06-24 06:59:04,926] {processor.py:161} INFO - Processing /home/airflow/.local/lib/python3.7/site-packages/airflow/example_dags/tutorial_etl_dag.py took 0.122 seconds
[2022-06-24 06:59:35,595] {processor.py:153} INFO - Started process (PID=5585) to work on /home/airflow/.local/lib/python3.7/site-packages/airflow/example_dags/tutorial_etl_dag.py
[2022-06-24 06:59:35,596] {processor.py:641} INFO - Processing file /home/airflow/.local/lib/python3.7/site-packages/airflow/example_dags/tutorial_etl_dag.py for tasks to queue
[2022-06-24 06:59:35,597] {logging_mixin.py:115} INFO - [2022-06-24 06:59:35,597] {dagbag.py:507} INFO - Filling up the DagBag from /home/airflow/.local/lib/python3.7/site-packages/airflow/example_dags/tutorial_etl_dag.py
[2022-06-24 06:59:35,614] {processor.py:651} INFO - DAG(s) dict_keys(['tutorial_etl_dag']) retrieved from /home/airflow/.local/lib/python3.7/site-packages/airflow/example_dags/tutorial_etl_dag.py
[2022-06-24 06:59:35,668] {logging_mixin.py:115} INFO - [2022-06-24 06:59:35,668] {dag.py:2379} INFO - Sync 1 DAGs
[2022-06-24 06:59:35,694] {logging_mixin.py:115} INFO - [2022-06-24 06:59:35,694] {dag.py:2931} INFO - Setting next_dagrun for tutorial_etl_dag to None, run_after=None
[2022-06-24 06:59:35,708] {processor.py:161} INFO - Processing /home/airflow/.local/lib/python3.7/site-packages/airflow/example_dags/tutorial_etl_dag.py took 0.123 seconds
[2022-06-24 07:00:05,840] {processor.py:153} INFO - Started process (PID=5649) to work on /home/airflow/.local/lib/python3.7/site-packages/airflow/example_dags/tutorial_etl_dag.py
[2022-06-24 07:00:05,840] {processor.py:641} INFO - Processing file /home/airflow/.local/lib/python3.7/site-packages/airflow/example_dags/tutorial_etl_dag.py for tasks to queue
[2022-06-24 07:00:05,841] {logging_mixin.py:115} INFO - [2022-06-24 07:00:05,841] {dagbag.py:507} INFO - Filling up the DagBag from /home/airflow/.local/lib/python3.7/site-packages/airflow/example_dags/tutorial_etl_dag.py
[2022-06-24 07:00:05,849] {processor.py:651} INFO - DAG(s) dict_keys(['tutorial_etl_dag']) retrieved from /home/airflow/.local/lib/python3.7/site-packages/airflow/example_dags/tutorial_etl_dag.py
[2022-06-24 07:00:05,880] {logging_mixin.py:115} INFO - [2022-06-24 07:00:05,880] {dag.py:2379} INFO - Sync 1 DAGs
[2022-06-24 07:00:05,899] {logging_mixin.py:115} INFO - [2022-06-24 07:00:05,898] {dag.py:2931} INFO - Setting next_dagrun for tutorial_etl_dag to None, run_after=None
[2022-06-24 07:00:05,913] {processor.py:161} INFO - Processing /home/airflow/.local/lib/python3.7/site-packages/airflow/example_dags/tutorial_etl_dag.py took 0.077 seconds
[2022-06-24 07:00:36,549] {processor.py:153} INFO - Started process (PID=5713) to work on /home/airflow/.local/lib/python3.7/site-packages/airflow/example_dags/tutorial_etl_dag.py
[2022-06-24 07:00:36,550] {processor.py:641} INFO - Processing file /home/airflow/.local/lib/python3.7/site-packages/airflow/example_dags/tutorial_etl_dag.py for tasks to queue
[2022-06-24 07:00:36,550] {logging_mixin.py:115} INFO - [2022-06-24 07:00:36,550] {dagbag.py:507} INFO - Filling up the DagBag from /home/airflow/.local/lib/python3.7/site-packages/airflow/example_dags/tutorial_etl_dag.py
[2022-06-24 07:00:36,557] {processor.py:651} INFO - DAG(s) dict_keys(['tutorial_etl_dag']) retrieved from /home/airflow/.local/lib/python3.7/site-packages/airflow/example_dags/tutorial_etl_dag.py
[2022-06-24 07:00:36,583] {logging_mixin.py:115} INFO - [2022-06-24 07:00:36,583] {dag.py:2379} INFO - Sync 1 DAGs
[2022-06-24 07:00:36,601] {logging_mixin.py:115} INFO - [2022-06-24 07:00:36,601] {dag.py:2931} INFO - Setting next_dagrun for tutorial_etl_dag to None, run_after=None
[2022-06-24 07:00:36,614] {processor.py:161} INFO - Processing /home/airflow/.local/lib/python3.7/site-packages/airflow/example_dags/tutorial_etl_dag.py took 0.068 seconds
[2022-06-24 07:01:06,858] {processor.py:153} INFO - Started process (PID=5768) to work on /home/airflow/.local/lib/python3.7/site-packages/airflow/example_dags/tutorial_etl_dag.py
[2022-06-24 07:01:06,859] {processor.py:641} INFO - Processing file /home/airflow/.local/lib/python3.7/site-packages/airflow/example_dags/tutorial_etl_dag.py for tasks to queue
[2022-06-24 07:01:06,859] {logging_mixin.py:115} INFO - [2022-06-24 07:01:06,859] {dagbag.py:507} INFO - Filling up the DagBag from /home/airflow/.local/lib/python3.7/site-packages/airflow/example_dags/tutorial_etl_dag.py
[2022-06-24 07:01:06,866] {processor.py:651} INFO - DAG(s) dict_keys(['tutorial_etl_dag']) retrieved from /home/airflow/.local/lib/python3.7/site-packages/airflow/example_dags/tutorial_etl_dag.py
[2022-06-24 07:01:06,888] {logging_mixin.py:115} INFO - [2022-06-24 07:01:06,888] {dag.py:2379} INFO - Sync 1 DAGs
[2022-06-24 07:01:06,902] {logging_mixin.py:115} INFO - [2022-06-24 07:01:06,901] {dag.py:2931} INFO - Setting next_dagrun for tutorial_etl_dag to None, run_after=None
[2022-06-24 07:01:06,914] {processor.py:161} INFO - Processing /home/airflow/.local/lib/python3.7/site-packages/airflow/example_dags/tutorial_etl_dag.py took 0.059 seconds
[2022-06-24 07:01:37,312] {processor.py:153} INFO - Started process (PID=5834) to work on /home/airflow/.local/lib/python3.7/site-packages/airflow/example_dags/tutorial_etl_dag.py
[2022-06-24 07:01:37,313] {processor.py:641} INFO - Processing file /home/airflow/.local/lib/python3.7/site-packages/airflow/example_dags/tutorial_etl_dag.py for tasks to queue
[2022-06-24 07:01:37,314] {logging_mixin.py:115} INFO - [2022-06-24 07:01:37,313] {dagbag.py:507} INFO - Filling up the DagBag from /home/airflow/.local/lib/python3.7/site-packages/airflow/example_dags/tutorial_etl_dag.py
[2022-06-24 07:01:37,322] {processor.py:651} INFO - DAG(s) dict_keys(['tutorial_etl_dag']) retrieved from /home/airflow/.local/lib/python3.7/site-packages/airflow/example_dags/tutorial_etl_dag.py
[2022-06-24 07:01:37,352] {logging_mixin.py:115} INFO - [2022-06-24 07:01:37,351] {dag.py:2379} INFO - Sync 1 DAGs
[2022-06-24 07:01:37,369] {logging_mixin.py:115} INFO - [2022-06-24 07:01:37,369] {dag.py:2931} INFO - Setting next_dagrun for tutorial_etl_dag to None, run_after=None
[2022-06-24 07:01:37,383] {processor.py:161} INFO - Processing /home/airflow/.local/lib/python3.7/site-packages/airflow/example_dags/tutorial_etl_dag.py took 0.074 seconds
[2022-06-24 07:02:07,824] {processor.py:153} INFO - Started process (PID=5898) to work on /home/airflow/.local/lib/python3.7/site-packages/airflow/example_dags/tutorial_etl_dag.py
[2022-06-24 07:02:07,825] {processor.py:641} INFO - Processing file /home/airflow/.local/lib/python3.7/site-packages/airflow/example_dags/tutorial_etl_dag.py for tasks to queue
[2022-06-24 07:02:07,826] {logging_mixin.py:115} INFO - [2022-06-24 07:02:07,826] {dagbag.py:507} INFO - Filling up the DagBag from /home/airflow/.local/lib/python3.7/site-packages/airflow/example_dags/tutorial_etl_dag.py
[2022-06-24 07:02:07,833] {processor.py:651} INFO - DAG(s) dict_keys(['tutorial_etl_dag']) retrieved from /home/airflow/.local/lib/python3.7/site-packages/airflow/example_dags/tutorial_etl_dag.py
[2022-06-24 07:02:07,857] {logging_mixin.py:115} INFO - [2022-06-24 07:02:07,857] {dag.py:2379} INFO - Sync 1 DAGs
[2022-06-24 07:02:07,876] {logging_mixin.py:115} INFO - [2022-06-24 07:02:07,876] {dag.py:2931} INFO - Setting next_dagrun for tutorial_etl_dag to None, run_after=None
[2022-06-24 07:02:07,888] {processor.py:161} INFO - Processing /home/airflow/.local/lib/python3.7/site-packages/airflow/example_dags/tutorial_etl_dag.py took 0.066 seconds
[2022-06-24 07:02:38,171] {processor.py:153} INFO - Started process (PID=5962) to work on /home/airflow/.local/lib/python3.7/site-packages/airflow/example_dags/tutorial_etl_dag.py
[2022-06-24 07:02:38,172] {processor.py:641} INFO - Processing file /home/airflow/.local/lib/python3.7/site-packages/airflow/example_dags/tutorial_etl_dag.py for tasks to queue
[2022-06-24 07:02:38,173] {logging_mixin.py:115} INFO - [2022-06-24 07:02:38,173] {dagbag.py:507} INFO - Filling up the DagBag from /home/airflow/.local/lib/python3.7/site-packages/airflow/example_dags/tutorial_etl_dag.py
[2022-06-24 07:02:38,180] {processor.py:651} INFO - DAG(s) dict_keys(['tutorial_etl_dag']) retrieved from /home/airflow/.local/lib/python3.7/site-packages/airflow/example_dags/tutorial_etl_dag.py
[2022-06-24 07:02:38,205] {logging_mixin.py:115} INFO - [2022-06-24 07:02:38,205] {dag.py:2379} INFO - Sync 1 DAGs
[2022-06-24 07:02:38,220] {logging_mixin.py:115} INFO - [2022-06-24 07:02:38,220] {dag.py:2931} INFO - Setting next_dagrun for tutorial_etl_dag to None, run_after=None
[2022-06-24 07:02:38,233] {processor.py:161} INFO - Processing /home/airflow/.local/lib/python3.7/site-packages/airflow/example_dags/tutorial_etl_dag.py took 0.066 seconds
[2022-06-24 07:03:08,423] {processor.py:153} INFO - Started process (PID=6017) to work on /home/airflow/.local/lib/python3.7/site-packages/airflow/example_dags/tutorial_etl_dag.py
[2022-06-24 07:03:08,424] {processor.py:641} INFO - Processing file /home/airflow/.local/lib/python3.7/site-packages/airflow/example_dags/tutorial_etl_dag.py for tasks to queue
[2022-06-24 07:03:08,425] {logging_mixin.py:115} INFO - [2022-06-24 07:03:08,425] {dagbag.py:507} INFO - Filling up the DagBag from /home/airflow/.local/lib/python3.7/site-packages/airflow/example_dags/tutorial_etl_dag.py
[2022-06-24 07:03:08,431] {processor.py:651} INFO - DAG(s) dict_keys(['tutorial_etl_dag']) retrieved from /home/airflow/.local/lib/python3.7/site-packages/airflow/example_dags/tutorial_etl_dag.py
[2022-06-24 07:03:08,452] {logging_mixin.py:115} INFO - [2022-06-24 07:03:08,452] {dag.py:2379} INFO - Sync 1 DAGs
[2022-06-24 07:03:08,467] {logging_mixin.py:115} INFO - [2022-06-24 07:03:08,467] {dag.py:2931} INFO - Setting next_dagrun for tutorial_etl_dag to None, run_after=None
[2022-06-24 07:03:08,480] {processor.py:161} INFO - Processing /home/airflow/.local/lib/python3.7/site-packages/airflow/example_dags/tutorial_etl_dag.py took 0.061 seconds
[2022-06-24 07:03:38,864] {processor.py:153} INFO - Started process (PID=6081) to work on /home/airflow/.local/lib/python3.7/site-packages/airflow/example_dags/tutorial_etl_dag.py
[2022-06-24 07:03:38,865] {processor.py:641} INFO - Processing file /home/airflow/.local/lib/python3.7/site-packages/airflow/example_dags/tutorial_etl_dag.py for tasks to queue
[2022-06-24 07:03:38,865] {logging_mixin.py:115} INFO - [2022-06-24 07:03:38,865] {dagbag.py:507} INFO - Filling up the DagBag from /home/airflow/.local/lib/python3.7/site-packages/airflow/example_dags/tutorial_etl_dag.py
[2022-06-24 07:03:38,873] {processor.py:651} INFO - DAG(s) dict_keys(['tutorial_etl_dag']) retrieved from /home/airflow/.local/lib/python3.7/site-packages/airflow/example_dags/tutorial_etl_dag.py
[2022-06-24 07:03:38,898] {logging_mixin.py:115} INFO - [2022-06-24 07:03:38,898] {dag.py:2379} INFO - Sync 1 DAGs
[2022-06-24 07:03:38,914] {logging_mixin.py:115} INFO - [2022-06-24 07:03:38,914] {dag.py:2931} INFO - Setting next_dagrun for tutorial_etl_dag to None, run_after=None
[2022-06-24 07:03:38,930] {processor.py:161} INFO - Processing /home/airflow/.local/lib/python3.7/site-packages/airflow/example_dags/tutorial_etl_dag.py took 0.070 seconds
[2022-06-24 07:04:09,125] {processor.py:153} INFO - Started process (PID=6145) to work on /home/airflow/.local/lib/python3.7/site-packages/airflow/example_dags/tutorial_etl_dag.py
[2022-06-24 07:04:09,126] {processor.py:641} INFO - Processing file /home/airflow/.local/lib/python3.7/site-packages/airflow/example_dags/tutorial_etl_dag.py for tasks to queue
[2022-06-24 07:04:09,127] {logging_mixin.py:115} INFO - [2022-06-24 07:04:09,127] {dagbag.py:507} INFO - Filling up the DagBag from /home/airflow/.local/lib/python3.7/site-packages/airflow/example_dags/tutorial_etl_dag.py
[2022-06-24 07:04:09,134] {processor.py:651} INFO - DAG(s) dict_keys(['tutorial_etl_dag']) retrieved from /home/airflow/.local/lib/python3.7/site-packages/airflow/example_dags/tutorial_etl_dag.py
[2022-06-24 07:04:09,161] {logging_mixin.py:115} INFO - [2022-06-24 07:04:09,161] {dag.py:2379} INFO - Sync 1 DAGs
[2022-06-24 07:04:09,177] {logging_mixin.py:115} INFO - [2022-06-24 07:04:09,177] {dag.py:2931} INFO - Setting next_dagrun for tutorial_etl_dag to None, run_after=None
[2022-06-24 07:04:09,190] {processor.py:161} INFO - Processing /home/airflow/.local/lib/python3.7/site-packages/airflow/example_dags/tutorial_etl_dag.py took 0.068 seconds
[2022-06-24 07:04:39,500] {processor.py:153} INFO - Started process (PID=6201) to work on /home/airflow/.local/lib/python3.7/site-packages/airflow/example_dags/tutorial_etl_dag.py
[2022-06-24 07:04:39,501] {processor.py:641} INFO - Processing file /home/airflow/.local/lib/python3.7/site-packages/airflow/example_dags/tutorial_etl_dag.py for tasks to queue
[2022-06-24 07:04:39,502] {logging_mixin.py:115} INFO - [2022-06-24 07:04:39,501] {dagbag.py:507} INFO - Filling up the DagBag from /home/airflow/.local/lib/python3.7/site-packages/airflow/example_dags/tutorial_etl_dag.py
[2022-06-24 07:04:39,508] {processor.py:651} INFO - DAG(s) dict_keys(['tutorial_etl_dag']) retrieved from /home/airflow/.local/lib/python3.7/site-packages/airflow/example_dags/tutorial_etl_dag.py
[2022-06-24 07:04:39,534] {logging_mixin.py:115} INFO - [2022-06-24 07:04:39,534] {dag.py:2379} INFO - Sync 1 DAGs
[2022-06-24 07:04:39,552] {logging_mixin.py:115} INFO - [2022-06-24 07:04:39,552] {dag.py:2931} INFO - Setting next_dagrun for tutorial_etl_dag to None, run_after=None
[2022-06-24 07:04:39,567] {processor.py:161} INFO - Processing /home/airflow/.local/lib/python3.7/site-packages/airflow/example_dags/tutorial_etl_dag.py took 0.070 seconds
[2022-06-24 07:05:10,054] {processor.py:153} INFO - Started process (PID=6265) to work on /home/airflow/.local/lib/python3.7/site-packages/airflow/example_dags/tutorial_etl_dag.py
[2022-06-24 07:05:10,055] {processor.py:641} INFO - Processing file /home/airflow/.local/lib/python3.7/site-packages/airflow/example_dags/tutorial_etl_dag.py for tasks to queue
[2022-06-24 07:05:10,056] {logging_mixin.py:115} INFO - [2022-06-24 07:05:10,056] {dagbag.py:507} INFO - Filling up the DagBag from /home/airflow/.local/lib/python3.7/site-packages/airflow/example_dags/tutorial_etl_dag.py
[2022-06-24 07:05:10,064] {processor.py:651} INFO - DAG(s) dict_keys(['tutorial_etl_dag']) retrieved from /home/airflow/.local/lib/python3.7/site-packages/airflow/example_dags/tutorial_etl_dag.py
[2022-06-24 07:05:10,093] {logging_mixin.py:115} INFO - [2022-06-24 07:05:10,093] {dag.py:2379} INFO - Sync 1 DAGs
[2022-06-24 07:05:10,112] {logging_mixin.py:115} INFO - [2022-06-24 07:05:10,112] {dag.py:2931} INFO - Setting next_dagrun for tutorial_etl_dag to None, run_after=None
[2022-06-24 07:05:10,128] {processor.py:161} INFO - Processing /home/airflow/.local/lib/python3.7/site-packages/airflow/example_dags/tutorial_etl_dag.py took 0.078 seconds
[2022-06-24 07:05:40,514] {processor.py:153} INFO - Started process (PID=6329) to work on /home/airflow/.local/lib/python3.7/site-packages/airflow/example_dags/tutorial_etl_dag.py
[2022-06-24 07:05:40,515] {processor.py:641} INFO - Processing file /home/airflow/.local/lib/python3.7/site-packages/airflow/example_dags/tutorial_etl_dag.py for tasks to queue
[2022-06-24 07:05:40,516] {logging_mixin.py:115} INFO - [2022-06-24 07:05:40,516] {dagbag.py:507} INFO - Filling up the DagBag from /home/airflow/.local/lib/python3.7/site-packages/airflow/example_dags/tutorial_etl_dag.py
[2022-06-24 07:05:40,522] {processor.py:651} INFO - DAG(s) dict_keys(['tutorial_etl_dag']) retrieved from /home/airflow/.local/lib/python3.7/site-packages/airflow/example_dags/tutorial_etl_dag.py
[2022-06-24 07:05:40,544] {logging_mixin.py:115} INFO - [2022-06-24 07:05:40,544] {dag.py:2379} INFO - Sync 1 DAGs
[2022-06-24 07:05:40,560] {logging_mixin.py:115} INFO - [2022-06-24 07:05:40,560] {dag.py:2931} INFO - Setting next_dagrun for tutorial_etl_dag to None, run_after=None
[2022-06-24 07:05:40,573] {processor.py:161} INFO - Processing /home/airflow/.local/lib/python3.7/site-packages/airflow/example_dags/tutorial_etl_dag.py took 0.062 seconds
[2022-06-24 07:06:10,666] {processor.py:153} INFO - Started process (PID=6393) to work on /home/airflow/.local/lib/python3.7/site-packages/airflow/example_dags/tutorial_etl_dag.py
[2022-06-24 07:06:10,667] {processor.py:641} INFO - Processing file /home/airflow/.local/lib/python3.7/site-packages/airflow/example_dags/tutorial_etl_dag.py for tasks to queue
[2022-06-24 07:06:10,667] {logging_mixin.py:115} INFO - [2022-06-24 07:06:10,667] {dagbag.py:507} INFO - Filling up the DagBag from /home/airflow/.local/lib/python3.7/site-packages/airflow/example_dags/tutorial_etl_dag.py
[2022-06-24 07:06:10,673] {processor.py:651} INFO - DAG(s) dict_keys(['tutorial_etl_dag']) retrieved from /home/airflow/.local/lib/python3.7/site-packages/airflow/example_dags/tutorial_etl_dag.py
[2022-06-24 07:06:10,697] {logging_mixin.py:115} INFO - [2022-06-24 07:06:10,696] {dag.py:2379} INFO - Sync 1 DAGs
[2022-06-24 07:06:10,712] {logging_mixin.py:115} INFO - [2022-06-24 07:06:10,712] {dag.py:2931} INFO - Setting next_dagrun for tutorial_etl_dag to None, run_after=None
[2022-06-24 07:06:10,725] {processor.py:161} INFO - Processing /home/airflow/.local/lib/python3.7/site-packages/airflow/example_dags/tutorial_etl_dag.py took 0.063 seconds
[2022-06-24 07:06:40,992] {processor.py:153} INFO - Started process (PID=6448) to work on /home/airflow/.local/lib/python3.7/site-packages/airflow/example_dags/tutorial_etl_dag.py
[2022-06-24 07:06:40,993] {processor.py:641} INFO - Processing file /home/airflow/.local/lib/python3.7/site-packages/airflow/example_dags/tutorial_etl_dag.py for tasks to queue
[2022-06-24 07:06:40,994] {logging_mixin.py:115} INFO - [2022-06-24 07:06:40,994] {dagbag.py:507} INFO - Filling up the DagBag from /home/airflow/.local/lib/python3.7/site-packages/airflow/example_dags/tutorial_etl_dag.py
[2022-06-24 07:06:41,001] {processor.py:651} INFO - DAG(s) dict_keys(['tutorial_etl_dag']) retrieved from /home/airflow/.local/lib/python3.7/site-packages/airflow/example_dags/tutorial_etl_dag.py
[2022-06-24 07:06:41,023] {logging_mixin.py:115} INFO - [2022-06-24 07:06:41,023] {dag.py:2379} INFO - Sync 1 DAGs
[2022-06-24 07:06:41,040] {logging_mixin.py:115} INFO - [2022-06-24 07:06:41,040] {dag.py:2931} INFO - Setting next_dagrun for tutorial_etl_dag to None, run_after=None
[2022-06-24 07:06:41,054] {processor.py:161} INFO - Processing /home/airflow/.local/lib/python3.7/site-packages/airflow/example_dags/tutorial_etl_dag.py took 0.065 seconds
[2022-06-24 07:07:11,383] {processor.py:153} INFO - Started process (PID=6512) to work on /home/airflow/.local/lib/python3.7/site-packages/airflow/example_dags/tutorial_etl_dag.py
[2022-06-24 07:07:11,384] {processor.py:641} INFO - Processing file /home/airflow/.local/lib/python3.7/site-packages/airflow/example_dags/tutorial_etl_dag.py for tasks to queue
[2022-06-24 07:07:11,385] {logging_mixin.py:115} INFO - [2022-06-24 07:07:11,385] {dagbag.py:507} INFO - Filling up the DagBag from /home/airflow/.local/lib/python3.7/site-packages/airflow/example_dags/tutorial_etl_dag.py
[2022-06-24 07:07:11,392] {processor.py:651} INFO - DAG(s) dict_keys(['tutorial_etl_dag']) retrieved from /home/airflow/.local/lib/python3.7/site-packages/airflow/example_dags/tutorial_etl_dag.py
[2022-06-24 07:07:11,416] {logging_mixin.py:115} INFO - [2022-06-24 07:07:11,416] {dag.py:2379} INFO - Sync 1 DAGs
[2022-06-24 07:07:11,432] {logging_mixin.py:115} INFO - [2022-06-24 07:07:11,432] {dag.py:2931} INFO - Setting next_dagrun for tutorial_etl_dag to None, run_after=None
[2022-06-24 07:07:11,445] {processor.py:161} INFO - Processing /home/airflow/.local/lib/python3.7/site-packages/airflow/example_dags/tutorial_etl_dag.py took 0.065 seconds
[2022-06-24 07:07:41,715] {processor.py:153} INFO - Started process (PID=6576) to work on /home/airflow/.local/lib/python3.7/site-packages/airflow/example_dags/tutorial_etl_dag.py
[2022-06-24 07:07:41,716] {processor.py:641} INFO - Processing file /home/airflow/.local/lib/python3.7/site-packages/airflow/example_dags/tutorial_etl_dag.py for tasks to queue
[2022-06-24 07:07:41,717] {logging_mixin.py:115} INFO - [2022-06-24 07:07:41,717] {dagbag.py:507} INFO - Filling up the DagBag from /home/airflow/.local/lib/python3.7/site-packages/airflow/example_dags/tutorial_etl_dag.py
[2022-06-24 07:07:41,723] {processor.py:651} INFO - DAG(s) dict_keys(['tutorial_etl_dag']) retrieved from /home/airflow/.local/lib/python3.7/site-packages/airflow/example_dags/tutorial_etl_dag.py
[2022-06-24 07:07:41,747] {logging_mixin.py:115} INFO - [2022-06-24 07:07:41,747] {dag.py:2379} INFO - Sync 1 DAGs
[2022-06-24 07:07:41,761] {logging_mixin.py:115} INFO - [2022-06-24 07:07:41,761] {dag.py:2931} INFO - Setting next_dagrun for tutorial_etl_dag to None, run_after=None
[2022-06-24 07:07:41,778] {processor.py:161} INFO - Processing /home/airflow/.local/lib/python3.7/site-packages/airflow/example_dags/tutorial_etl_dag.py took 0.066 seconds
[2022-06-24 07:08:12,191] {processor.py:153} INFO - Started process (PID=6631) to work on /home/airflow/.local/lib/python3.7/site-packages/airflow/example_dags/tutorial_etl_dag.py
[2022-06-24 07:08:12,192] {processor.py:641} INFO - Processing file /home/airflow/.local/lib/python3.7/site-packages/airflow/example_dags/tutorial_etl_dag.py for tasks to queue
[2022-06-24 07:08:12,193] {logging_mixin.py:115} INFO - [2022-06-24 07:08:12,193] {dagbag.py:507} INFO - Filling up the DagBag from /home/airflow/.local/lib/python3.7/site-packages/airflow/example_dags/tutorial_etl_dag.py
[2022-06-24 07:08:12,199] {processor.py:651} INFO - DAG(s) dict_keys(['tutorial_etl_dag']) retrieved from /home/airflow/.local/lib/python3.7/site-packages/airflow/example_dags/tutorial_etl_dag.py
[2022-06-24 07:08:12,221] {logging_mixin.py:115} INFO - [2022-06-24 07:08:12,221] {dag.py:2379} INFO - Sync 1 DAGs
[2022-06-24 07:08:12,238] {logging_mixin.py:115} INFO - [2022-06-24 07:08:12,238] {dag.py:2931} INFO - Setting next_dagrun for tutorial_etl_dag to None, run_after=None
[2022-06-24 07:08:12,250] {processor.py:161} INFO - Processing /home/airflow/.local/lib/python3.7/site-packages/airflow/example_dags/tutorial_etl_dag.py took 0.062 seconds
[2022-06-24 07:08:42,732] {processor.py:153} INFO - Started process (PID=6695) to work on /home/airflow/.local/lib/python3.7/site-packages/airflow/example_dags/tutorial_etl_dag.py
[2022-06-24 07:08:42,733] {processor.py:641} INFO - Processing file /home/airflow/.local/lib/python3.7/site-packages/airflow/example_dags/tutorial_etl_dag.py for tasks to queue
[2022-06-24 07:08:42,734] {logging_mixin.py:115} INFO - [2022-06-24 07:08:42,734] {dagbag.py:507} INFO - Filling up the DagBag from /home/airflow/.local/lib/python3.7/site-packages/airflow/example_dags/tutorial_etl_dag.py
[2022-06-24 07:08:42,739] {processor.py:651} INFO - DAG(s) dict_keys(['tutorial_etl_dag']) retrieved from /home/airflow/.local/lib/python3.7/site-packages/airflow/example_dags/tutorial_etl_dag.py
[2022-06-24 07:08:42,766] {logging_mixin.py:115} INFO - [2022-06-24 07:08:42,766] {dag.py:2379} INFO - Sync 1 DAGs
[2022-06-24 07:08:42,783] {logging_mixin.py:115} INFO - [2022-06-24 07:08:42,782] {dag.py:2931} INFO - Setting next_dagrun for tutorial_etl_dag to None, run_after=None
[2022-06-24 07:08:42,802] {processor.py:161} INFO - Processing /home/airflow/.local/lib/python3.7/site-packages/airflow/example_dags/tutorial_etl_dag.py took 0.074 seconds
[2022-06-24 07:09:13,288] {processor.py:153} INFO - Started process (PID=6759) to work on /home/airflow/.local/lib/python3.7/site-packages/airflow/example_dags/tutorial_etl_dag.py
[2022-06-24 07:09:13,290] {processor.py:641} INFO - Processing file /home/airflow/.local/lib/python3.7/site-packages/airflow/example_dags/tutorial_etl_dag.py for tasks to queue
[2022-06-24 07:09:13,290] {logging_mixin.py:115} INFO - [2022-06-24 07:09:13,290] {dagbag.py:507} INFO - Filling up the DagBag from /home/airflow/.local/lib/python3.7/site-packages/airflow/example_dags/tutorial_etl_dag.py
[2022-06-24 07:09:13,296] {processor.py:651} INFO - DAG(s) dict_keys(['tutorial_etl_dag']) retrieved from /home/airflow/.local/lib/python3.7/site-packages/airflow/example_dags/tutorial_etl_dag.py
[2022-06-24 07:09:13,322] {logging_mixin.py:115} INFO - [2022-06-24 07:09:13,322] {dag.py:2379} INFO - Sync 1 DAGs
[2022-06-24 07:09:13,340] {logging_mixin.py:115} INFO - [2022-06-24 07:09:13,340] {dag.py:2931} INFO - Setting next_dagrun for tutorial_etl_dag to None, run_after=None
[2022-06-24 07:09:13,352] {processor.py:161} INFO - Processing /home/airflow/.local/lib/python3.7/site-packages/airflow/example_dags/tutorial_etl_dag.py took 0.067 seconds
[2022-06-24 07:09:43,849] {processor.py:153} INFO - Started process (PID=6823) to work on /home/airflow/.local/lib/python3.7/site-packages/airflow/example_dags/tutorial_etl_dag.py
[2022-06-24 07:09:43,850] {processor.py:641} INFO - Processing file /home/airflow/.local/lib/python3.7/site-packages/airflow/example_dags/tutorial_etl_dag.py for tasks to queue
[2022-06-24 07:09:43,851] {logging_mixin.py:115} INFO - [2022-06-24 07:09:43,851] {dagbag.py:507} INFO - Filling up the DagBag from /home/airflow/.local/lib/python3.7/site-packages/airflow/example_dags/tutorial_etl_dag.py
[2022-06-24 07:09:43,858] {processor.py:651} INFO - DAG(s) dict_keys(['tutorial_etl_dag']) retrieved from /home/airflow/.local/lib/python3.7/site-packages/airflow/example_dags/tutorial_etl_dag.py
[2022-06-24 07:09:43,885] {logging_mixin.py:115} INFO - [2022-06-24 07:09:43,885] {dag.py:2379} INFO - Sync 1 DAGs
[2022-06-24 07:09:43,907] {logging_mixin.py:115} INFO - [2022-06-24 07:09:43,907] {dag.py:2931} INFO - Setting next_dagrun for tutorial_etl_dag to None, run_after=None
[2022-06-24 07:09:43,920] {processor.py:161} INFO - Processing /home/airflow/.local/lib/python3.7/site-packages/airflow/example_dags/tutorial_etl_dag.py took 0.075 seconds
[2022-06-24 07:10:14,213] {processor.py:153} INFO - Started process (PID=6878) to work on /home/airflow/.local/lib/python3.7/site-packages/airflow/example_dags/tutorial_etl_dag.py
[2022-06-24 07:10:14,215] {processor.py:641} INFO - Processing file /home/airflow/.local/lib/python3.7/site-packages/airflow/example_dags/tutorial_etl_dag.py for tasks to queue
[2022-06-24 07:10:14,216] {logging_mixin.py:115} INFO - [2022-06-24 07:10:14,216] {dagbag.py:507} INFO - Filling up the DagBag from /home/airflow/.local/lib/python3.7/site-packages/airflow/example_dags/tutorial_etl_dag.py
[2022-06-24 07:10:14,221] {processor.py:651} INFO - DAG(s) dict_keys(['tutorial_etl_dag']) retrieved from /home/airflow/.local/lib/python3.7/site-packages/airflow/example_dags/tutorial_etl_dag.py
[2022-06-24 07:10:14,246] {logging_mixin.py:115} INFO - [2022-06-24 07:10:14,245] {dag.py:2379} INFO - Sync 1 DAGs
[2022-06-24 07:10:14,262] {logging_mixin.py:115} INFO - [2022-06-24 07:10:14,262] {dag.py:2931} INFO - Setting next_dagrun for tutorial_etl_dag to None, run_after=None
[2022-06-24 07:10:14,277] {processor.py:161} INFO - Processing /home/airflow/.local/lib/python3.7/site-packages/airflow/example_dags/tutorial_etl_dag.py took 0.068 seconds
[2022-06-24 07:10:44,675] {processor.py:153} INFO - Started process (PID=6942) to work on /home/airflow/.local/lib/python3.7/site-packages/airflow/example_dags/tutorial_etl_dag.py
[2022-06-24 07:10:44,676] {processor.py:641} INFO - Processing file /home/airflow/.local/lib/python3.7/site-packages/airflow/example_dags/tutorial_etl_dag.py for tasks to queue
[2022-06-24 07:10:44,677] {logging_mixin.py:115} INFO - [2022-06-24 07:10:44,677] {dagbag.py:507} INFO - Filling up the DagBag from /home/airflow/.local/lib/python3.7/site-packages/airflow/example_dags/tutorial_etl_dag.py
[2022-06-24 07:10:44,684] {processor.py:651} INFO - DAG(s) dict_keys(['tutorial_etl_dag']) retrieved from /home/airflow/.local/lib/python3.7/site-packages/airflow/example_dags/tutorial_etl_dag.py
[2022-06-24 07:10:44,707] {logging_mixin.py:115} INFO - [2022-06-24 07:10:44,707] {dag.py:2379} INFO - Sync 1 DAGs
[2022-06-24 07:10:44,722] {logging_mixin.py:115} INFO - [2022-06-24 07:10:44,722] {dag.py:2931} INFO - Setting next_dagrun for tutorial_etl_dag to None, run_after=None
[2022-06-24 07:10:44,734] {processor.py:161} INFO - Processing /home/airflow/.local/lib/python3.7/site-packages/airflow/example_dags/tutorial_etl_dag.py took 0.062 seconds
[2022-06-24 07:11:15,100] {processor.py:153} INFO - Started process (PID=7006) to work on /home/airflow/.local/lib/python3.7/site-packages/airflow/example_dags/tutorial_etl_dag.py
[2022-06-24 07:11:15,102] {processor.py:641} INFO - Processing file /home/airflow/.local/lib/python3.7/site-packages/airflow/example_dags/tutorial_etl_dag.py for tasks to queue
[2022-06-24 07:11:15,102] {logging_mixin.py:115} INFO - [2022-06-24 07:11:15,102] {dagbag.py:507} INFO - Filling up the DagBag from /home/airflow/.local/lib/python3.7/site-packages/airflow/example_dags/tutorial_etl_dag.py
[2022-06-24 07:11:15,109] {processor.py:651} INFO - DAG(s) dict_keys(['tutorial_etl_dag']) retrieved from /home/airflow/.local/lib/python3.7/site-packages/airflow/example_dags/tutorial_etl_dag.py
[2022-06-24 07:11:15,135] {logging_mixin.py:115} INFO - [2022-06-24 07:11:15,135] {dag.py:2379} INFO - Sync 1 DAGs
[2022-06-24 07:11:15,153] {logging_mixin.py:115} INFO - [2022-06-24 07:11:15,153] {dag.py:2931} INFO - Setting next_dagrun for tutorial_etl_dag to None, run_after=None
[2022-06-24 07:11:15,167] {processor.py:161} INFO - Processing /home/airflow/.local/lib/python3.7/site-packages/airflow/example_dags/tutorial_etl_dag.py took 0.070 seconds
[2022-06-24 07:11:45,254] {processor.py:153} INFO - Started process (PID=7061) to work on /home/airflow/.local/lib/python3.7/site-packages/airflow/example_dags/tutorial_etl_dag.py
[2022-06-24 07:11:45,255] {processor.py:641} INFO - Processing file /home/airflow/.local/lib/python3.7/site-packages/airflow/example_dags/tutorial_etl_dag.py for tasks to queue
[2022-06-24 07:11:45,255] {logging_mixin.py:115} INFO - [2022-06-24 07:11:45,255] {dagbag.py:507} INFO - Filling up the DagBag from /home/airflow/.local/lib/python3.7/site-packages/airflow/example_dags/tutorial_etl_dag.py
[2022-06-24 07:11:45,262] {processor.py:651} INFO - DAG(s) dict_keys(['tutorial_etl_dag']) retrieved from /home/airflow/.local/lib/python3.7/site-packages/airflow/example_dags/tutorial_etl_dag.py
[2022-06-24 07:11:45,288] {logging_mixin.py:115} INFO - [2022-06-24 07:11:45,288] {dag.py:2379} INFO - Sync 1 DAGs
[2022-06-24 07:11:45,302] {logging_mixin.py:115} INFO - [2022-06-24 07:11:45,302] {dag.py:2931} INFO - Setting next_dagrun for tutorial_etl_dag to None, run_after=None
[2022-06-24 07:11:45,313] {processor.py:161} INFO - Processing /home/airflow/.local/lib/python3.7/site-packages/airflow/example_dags/tutorial_etl_dag.py took 0.062 seconds
[2022-06-24 07:12:15,637] {processor.py:153} INFO - Started process (PID=7126) to work on /home/airflow/.local/lib/python3.7/site-packages/airflow/example_dags/tutorial_etl_dag.py
[2022-06-24 07:12:15,638] {processor.py:641} INFO - Processing file /home/airflow/.local/lib/python3.7/site-packages/airflow/example_dags/tutorial_etl_dag.py for tasks to queue
[2022-06-24 07:12:15,639] {logging_mixin.py:115} INFO - [2022-06-24 07:12:15,639] {dagbag.py:507} INFO - Filling up the DagBag from /home/airflow/.local/lib/python3.7/site-packages/airflow/example_dags/tutorial_etl_dag.py
[2022-06-24 07:12:15,645] {processor.py:651} INFO - DAG(s) dict_keys(['tutorial_etl_dag']) retrieved from /home/airflow/.local/lib/python3.7/site-packages/airflow/example_dags/tutorial_etl_dag.py
[2022-06-24 07:12:15,667] {logging_mixin.py:115} INFO - [2022-06-24 07:12:15,667] {dag.py:2379} INFO - Sync 1 DAGs
[2022-06-24 07:12:15,685] {logging_mixin.py:115} INFO - [2022-06-24 07:12:15,685] {dag.py:2931} INFO - Setting next_dagrun for tutorial_etl_dag to None, run_after=None
[2022-06-24 07:12:15,699] {processor.py:161} INFO - Processing /home/airflow/.local/lib/python3.7/site-packages/airflow/example_dags/tutorial_etl_dag.py took 0.066 seconds
[2022-06-24 07:12:45,809] {processor.py:153} INFO - Started process (PID=7190) to work on /home/airflow/.local/lib/python3.7/site-packages/airflow/example_dags/tutorial_etl_dag.py
[2022-06-24 07:12:45,810] {processor.py:641} INFO - Processing file /home/airflow/.local/lib/python3.7/site-packages/airflow/example_dags/tutorial_etl_dag.py for tasks to queue
[2022-06-24 07:12:45,811] {logging_mixin.py:115} INFO - [2022-06-24 07:12:45,811] {dagbag.py:507} INFO - Filling up the DagBag from /home/airflow/.local/lib/python3.7/site-packages/airflow/example_dags/tutorial_etl_dag.py
[2022-06-24 07:12:45,819] {processor.py:651} INFO - DAG(s) dict_keys(['tutorial_etl_dag']) retrieved from /home/airflow/.local/lib/python3.7/site-packages/airflow/example_dags/tutorial_etl_dag.py
[2022-06-24 07:12:45,842] {logging_mixin.py:115} INFO - [2022-06-24 07:12:45,842] {dag.py:2379} INFO - Sync 1 DAGs
[2022-06-24 07:12:45,860] {logging_mixin.py:115} INFO - [2022-06-24 07:12:45,860] {dag.py:2931} INFO - Setting next_dagrun for tutorial_etl_dag to None, run_after=None
[2022-06-24 07:12:45,874] {processor.py:161} INFO - Processing /home/airflow/.local/lib/python3.7/site-packages/airflow/example_dags/tutorial_etl_dag.py took 0.068 seconds
[2022-06-24 07:13:16,050] {processor.py:153} INFO - Started process (PID=7254) to work on /home/airflow/.local/lib/python3.7/site-packages/airflow/example_dags/tutorial_etl_dag.py
[2022-06-24 07:13:16,051] {processor.py:641} INFO - Processing file /home/airflow/.local/lib/python3.7/site-packages/airflow/example_dags/tutorial_etl_dag.py for tasks to queue
[2022-06-24 07:13:16,052] {logging_mixin.py:115} INFO - [2022-06-24 07:13:16,052] {dagbag.py:507} INFO - Filling up the DagBag from /home/airflow/.local/lib/python3.7/site-packages/airflow/example_dags/tutorial_etl_dag.py
[2022-06-24 07:13:16,057] {processor.py:651} INFO - DAG(s) dict_keys(['tutorial_etl_dag']) retrieved from /home/airflow/.local/lib/python3.7/site-packages/airflow/example_dags/tutorial_etl_dag.py
[2022-06-24 07:13:16,080] {logging_mixin.py:115} INFO - [2022-06-24 07:13:16,080] {dag.py:2379} INFO - Sync 1 DAGs
[2022-06-24 07:13:16,095] {logging_mixin.py:115} INFO - [2022-06-24 07:13:16,095] {dag.py:2931} INFO - Setting next_dagrun for tutorial_etl_dag to None, run_after=None
[2022-06-24 07:13:16,107] {processor.py:161} INFO - Processing /home/airflow/.local/lib/python3.7/site-packages/airflow/example_dags/tutorial_etl_dag.py took 0.060 seconds
[2022-06-24 07:13:46,715] {processor.py:153} INFO - Started process (PID=7309) to work on /home/airflow/.local/lib/python3.7/site-packages/airflow/example_dags/tutorial_etl_dag.py
[2022-06-24 07:13:46,716] {processor.py:641} INFO - Processing file /home/airflow/.local/lib/python3.7/site-packages/airflow/example_dags/tutorial_etl_dag.py for tasks to queue
[2022-06-24 07:13:46,717] {logging_mixin.py:115} INFO - [2022-06-24 07:13:46,717] {dagbag.py:507} INFO - Filling up the DagBag from /home/airflow/.local/lib/python3.7/site-packages/airflow/example_dags/tutorial_etl_dag.py
[2022-06-24 07:13:46,726] {processor.py:651} INFO - DAG(s) dict_keys(['tutorial_etl_dag']) retrieved from /home/airflow/.local/lib/python3.7/site-packages/airflow/example_dags/tutorial_etl_dag.py
[2022-06-24 07:13:46,748] {logging_mixin.py:115} INFO - [2022-06-24 07:13:46,748] {dag.py:2379} INFO - Sync 1 DAGs
[2022-06-24 07:13:46,764] {logging_mixin.py:115} INFO - [2022-06-24 07:13:46,764] {dag.py:2931} INFO - Setting next_dagrun for tutorial_etl_dag to None, run_after=None
[2022-06-24 07:13:46,781] {processor.py:161} INFO - Processing /home/airflow/.local/lib/python3.7/site-packages/airflow/example_dags/tutorial_etl_dag.py took 0.070 seconds
[2022-06-24 07:14:17,383] {processor.py:153} INFO - Started process (PID=7373) to work on /home/airflow/.local/lib/python3.7/site-packages/airflow/example_dags/tutorial_etl_dag.py
[2022-06-24 07:14:17,384] {processor.py:641} INFO - Processing file /home/airflow/.local/lib/python3.7/site-packages/airflow/example_dags/tutorial_etl_dag.py for tasks to queue
[2022-06-24 07:14:17,385] {logging_mixin.py:115} INFO - [2022-06-24 07:14:17,385] {dagbag.py:507} INFO - Filling up the DagBag from /home/airflow/.local/lib/python3.7/site-packages/airflow/example_dags/tutorial_etl_dag.py
[2022-06-24 07:14:17,395] {processor.py:651} INFO - DAG(s) dict_keys(['tutorial_etl_dag']) retrieved from /home/airflow/.local/lib/python3.7/site-packages/airflow/example_dags/tutorial_etl_dag.py
[2022-06-24 07:14:17,416] {logging_mixin.py:115} INFO - [2022-06-24 07:14:17,416] {dag.py:2379} INFO - Sync 1 DAGs
[2022-06-24 07:14:17,431] {logging_mixin.py:115} INFO - [2022-06-24 07:14:17,431] {dag.py:2931} INFO - Setting next_dagrun for tutorial_etl_dag to None, run_after=None
[2022-06-24 07:14:17,443] {processor.py:161} INFO - Processing /home/airflow/.local/lib/python3.7/site-packages/airflow/example_dags/tutorial_etl_dag.py took 0.063 seconds
[2022-06-24 07:14:47,792] {processor.py:153} INFO - Started process (PID=7437) to work on /home/airflow/.local/lib/python3.7/site-packages/airflow/example_dags/tutorial_etl_dag.py
[2022-06-24 07:14:47,793] {processor.py:641} INFO - Processing file /home/airflow/.local/lib/python3.7/site-packages/airflow/example_dags/tutorial_etl_dag.py for tasks to queue
[2022-06-24 07:14:47,794] {logging_mixin.py:115} INFO - [2022-06-24 07:14:47,794] {dagbag.py:507} INFO - Filling up the DagBag from /home/airflow/.local/lib/python3.7/site-packages/airflow/example_dags/tutorial_etl_dag.py
[2022-06-24 07:14:47,804] {processor.py:651} INFO - DAG(s) dict_keys(['tutorial_etl_dag']) retrieved from /home/airflow/.local/lib/python3.7/site-packages/airflow/example_dags/tutorial_etl_dag.py
[2022-06-24 07:14:47,825] {logging_mixin.py:115} INFO - [2022-06-24 07:14:47,824] {dag.py:2379} INFO - Sync 1 DAGs
[2022-06-24 07:14:47,838] {logging_mixin.py:115} INFO - [2022-06-24 07:14:47,838] {dag.py:2931} INFO - Setting next_dagrun for tutorial_etl_dag to None, run_after=None
[2022-06-24 07:14:47,854] {processor.py:161} INFO - Processing /home/airflow/.local/lib/python3.7/site-packages/airflow/example_dags/tutorial_etl_dag.py took 0.066 seconds
[2022-06-24 07:15:18,226] {processor.py:153} INFO - Started process (PID=7502) to work on /home/airflow/.local/lib/python3.7/site-packages/airflow/example_dags/tutorial_etl_dag.py
[2022-06-24 07:15:18,227] {processor.py:641} INFO - Processing file /home/airflow/.local/lib/python3.7/site-packages/airflow/example_dags/tutorial_etl_dag.py for tasks to queue
[2022-06-24 07:15:18,227] {logging_mixin.py:115} INFO - [2022-06-24 07:15:18,227] {dagbag.py:507} INFO - Filling up the DagBag from /home/airflow/.local/lib/python3.7/site-packages/airflow/example_dags/tutorial_etl_dag.py
[2022-06-24 07:15:18,235] {processor.py:651} INFO - DAG(s) dict_keys(['tutorial_etl_dag']) retrieved from /home/airflow/.local/lib/python3.7/site-packages/airflow/example_dags/tutorial_etl_dag.py
[2022-06-24 07:15:18,257] {logging_mixin.py:115} INFO - [2022-06-24 07:15:18,257] {dag.py:2379} INFO - Sync 1 DAGs
[2022-06-24 07:15:18,272] {logging_mixin.py:115} INFO - [2022-06-24 07:15:18,272] {dag.py:2931} INFO - Setting next_dagrun for tutorial_etl_dag to None, run_after=None
[2022-06-24 07:15:18,285] {processor.py:161} INFO - Processing /home/airflow/.local/lib/python3.7/site-packages/airflow/example_dags/tutorial_etl_dag.py took 0.062 seconds
[2022-06-24 07:15:48,725] {processor.py:153} INFO - Started process (PID=7557) to work on /home/airflow/.local/lib/python3.7/site-packages/airflow/example_dags/tutorial_etl_dag.py
[2022-06-24 07:15:48,726] {processor.py:641} INFO - Processing file /home/airflow/.local/lib/python3.7/site-packages/airflow/example_dags/tutorial_etl_dag.py for tasks to queue
[2022-06-24 07:15:48,727] {logging_mixin.py:115} INFO - [2022-06-24 07:15:48,727] {dagbag.py:507} INFO - Filling up the DagBag from /home/airflow/.local/lib/python3.7/site-packages/airflow/example_dags/tutorial_etl_dag.py
[2022-06-24 07:15:48,738] {processor.py:651} INFO - DAG(s) dict_keys(['tutorial_etl_dag']) retrieved from /home/airflow/.local/lib/python3.7/site-packages/airflow/example_dags/tutorial_etl_dag.py
[2022-06-24 07:15:48,760] {logging_mixin.py:115} INFO - [2022-06-24 07:15:48,760] {dag.py:2379} INFO - Sync 1 DAGs
[2022-06-24 07:15:48,777] {logging_mixin.py:115} INFO - [2022-06-24 07:15:48,777] {dag.py:2931} INFO - Setting next_dagrun for tutorial_etl_dag to None, run_after=None
[2022-06-24 07:15:48,796] {processor.py:161} INFO - Processing /home/airflow/.local/lib/python3.7/site-packages/airflow/example_dags/tutorial_etl_dag.py took 0.075 seconds
[2022-06-24 07:16:19,116] {processor.py:153} INFO - Started process (PID=7621) to work on /home/airflow/.local/lib/python3.7/site-packages/airflow/example_dags/tutorial_etl_dag.py
[2022-06-24 07:16:19,117] {processor.py:641} INFO - Processing file /home/airflow/.local/lib/python3.7/site-packages/airflow/example_dags/tutorial_etl_dag.py for tasks to queue
[2022-06-24 07:16:19,118] {logging_mixin.py:115} INFO - [2022-06-24 07:16:19,118] {dagbag.py:507} INFO - Filling up the DagBag from /home/airflow/.local/lib/python3.7/site-packages/airflow/example_dags/tutorial_etl_dag.py
[2022-06-24 07:16:19,129] {processor.py:651} INFO - DAG(s) dict_keys(['tutorial_etl_dag']) retrieved from /home/airflow/.local/lib/python3.7/site-packages/airflow/example_dags/tutorial_etl_dag.py
[2022-06-24 07:16:19,152] {logging_mixin.py:115} INFO - [2022-06-24 07:16:19,152] {dag.py:2379} INFO - Sync 1 DAGs
[2022-06-24 07:16:19,180] {logging_mixin.py:115} INFO - [2022-06-24 07:16:19,180] {dag.py:2931} INFO - Setting next_dagrun for tutorial_etl_dag to None, run_after=None
[2022-06-24 07:16:19,197] {processor.py:161} INFO - Processing /home/airflow/.local/lib/python3.7/site-packages/airflow/example_dags/tutorial_etl_dag.py took 0.084 seconds
[2022-06-24 07:16:49,683] {processor.py:153} INFO - Started process (PID=7685) to work on /home/airflow/.local/lib/python3.7/site-packages/airflow/example_dags/tutorial_etl_dag.py
[2022-06-24 07:16:49,684] {processor.py:641} INFO - Processing file /home/airflow/.local/lib/python3.7/site-packages/airflow/example_dags/tutorial_etl_dag.py for tasks to queue
[2022-06-24 07:16:49,685] {logging_mixin.py:115} INFO - [2022-06-24 07:16:49,684] {dagbag.py:507} INFO - Filling up the DagBag from /home/airflow/.local/lib/python3.7/site-packages/airflow/example_dags/tutorial_etl_dag.py
[2022-06-24 07:16:49,695] {processor.py:651} INFO - DAG(s) dict_keys(['tutorial_etl_dag']) retrieved from /home/airflow/.local/lib/python3.7/site-packages/airflow/example_dags/tutorial_etl_dag.py
[2022-06-24 07:16:49,718] {logging_mixin.py:115} INFO - [2022-06-24 07:16:49,718] {dag.py:2379} INFO - Sync 1 DAGs
[2022-06-24 07:16:49,733] {logging_mixin.py:115} INFO - [2022-06-24 07:16:49,733] {dag.py:2931} INFO - Setting next_dagrun for tutorial_etl_dag to None, run_after=None
[2022-06-24 07:16:49,745] {processor.py:161} INFO - Processing /home/airflow/.local/lib/python3.7/site-packages/airflow/example_dags/tutorial_etl_dag.py took 0.066 seconds
[2022-06-24 07:17:20,220] {processor.py:153} INFO - Started process (PID=7740) to work on /home/airflow/.local/lib/python3.7/site-packages/airflow/example_dags/tutorial_etl_dag.py
[2022-06-24 07:17:20,221] {processor.py:641} INFO - Processing file /home/airflow/.local/lib/python3.7/site-packages/airflow/example_dags/tutorial_etl_dag.py for tasks to queue
[2022-06-24 07:17:20,222] {logging_mixin.py:115} INFO - [2022-06-24 07:17:20,222] {dagbag.py:507} INFO - Filling up the DagBag from /home/airflow/.local/lib/python3.7/site-packages/airflow/example_dags/tutorial_etl_dag.py
[2022-06-24 07:17:20,233] {processor.py:651} INFO - DAG(s) dict_keys(['tutorial_etl_dag']) retrieved from /home/airflow/.local/lib/python3.7/site-packages/airflow/example_dags/tutorial_etl_dag.py
[2022-06-24 07:17:20,259] {logging_mixin.py:115} INFO - [2022-06-24 07:17:20,259] {dag.py:2379} INFO - Sync 1 DAGs
[2022-06-24 07:17:20,275] {logging_mixin.py:115} INFO - [2022-06-24 07:17:20,275] {dag.py:2931} INFO - Setting next_dagrun for tutorial_etl_dag to None, run_after=None
[2022-06-24 07:17:20,293] {processor.py:161} INFO - Processing /home/airflow/.local/lib/python3.7/site-packages/airflow/example_dags/tutorial_etl_dag.py took 0.078 seconds
[2022-06-24 07:17:51,040] {processor.py:153} INFO - Started process (PID=7804) to work on /home/airflow/.local/lib/python3.7/site-packages/airflow/example_dags/tutorial_etl_dag.py
[2022-06-24 07:17:51,041] {processor.py:641} INFO - Processing file /home/airflow/.local/lib/python3.7/site-packages/airflow/example_dags/tutorial_etl_dag.py for tasks to queue
[2022-06-24 07:17:51,042] {logging_mixin.py:115} INFO - [2022-06-24 07:17:51,042] {dagbag.py:507} INFO - Filling up the DagBag from /home/airflow/.local/lib/python3.7/site-packages/airflow/example_dags/tutorial_etl_dag.py
[2022-06-24 07:17:51,051] {processor.py:651} INFO - DAG(s) dict_keys(['tutorial_etl_dag']) retrieved from /home/airflow/.local/lib/python3.7/site-packages/airflow/example_dags/tutorial_etl_dag.py
[2022-06-24 07:17:51,076] {logging_mixin.py:115} INFO - [2022-06-24 07:17:51,076] {dag.py:2379} INFO - Sync 1 DAGs
[2022-06-24 07:17:51,094] {logging_mixin.py:115} INFO - [2022-06-24 07:17:51,094] {dag.py:2931} INFO - Setting next_dagrun for tutorial_etl_dag to None, run_after=None
[2022-06-24 07:17:51,112] {processor.py:161} INFO - Processing /home/airflow/.local/lib/python3.7/site-packages/airflow/example_dags/tutorial_etl_dag.py took 0.075 seconds
[2022-06-24 07:18:21,735] {processor.py:153} INFO - Started process (PID=7868) to work on /home/airflow/.local/lib/python3.7/site-packages/airflow/example_dags/tutorial_etl_dag.py
[2022-06-24 07:18:21,736] {processor.py:641} INFO - Processing file /home/airflow/.local/lib/python3.7/site-packages/airflow/example_dags/tutorial_etl_dag.py for tasks to queue
[2022-06-24 07:18:21,736] {logging_mixin.py:115} INFO - [2022-06-24 07:18:21,736] {dagbag.py:507} INFO - Filling up the DagBag from /home/airflow/.local/lib/python3.7/site-packages/airflow/example_dags/tutorial_etl_dag.py
[2022-06-24 07:18:21,746] {processor.py:651} INFO - DAG(s) dict_keys(['tutorial_etl_dag']) retrieved from /home/airflow/.local/lib/python3.7/site-packages/airflow/example_dags/tutorial_etl_dag.py
[2022-06-24 07:18:21,773] {logging_mixin.py:115} INFO - [2022-06-24 07:18:21,773] {dag.py:2379} INFO - Sync 1 DAGs
[2022-06-24 07:18:21,794] {logging_mixin.py:115} INFO - [2022-06-24 07:18:21,794] {dag.py:2931} INFO - Setting next_dagrun for tutorial_etl_dag to None, run_after=None
[2022-06-24 07:18:21,807] {processor.py:161} INFO - Processing /home/airflow/.local/lib/python3.7/site-packages/airflow/example_dags/tutorial_etl_dag.py took 0.076 seconds
[2022-06-24 07:18:52,404] {processor.py:153} INFO - Started process (PID=7933) to work on /home/airflow/.local/lib/python3.7/site-packages/airflow/example_dags/tutorial_etl_dag.py
[2022-06-24 07:18:52,405] {processor.py:641} INFO - Processing file /home/airflow/.local/lib/python3.7/site-packages/airflow/example_dags/tutorial_etl_dag.py for tasks to queue
[2022-06-24 07:18:52,406] {logging_mixin.py:115} INFO - [2022-06-24 07:18:52,406] {dagbag.py:507} INFO - Filling up the DagBag from /home/airflow/.local/lib/python3.7/site-packages/airflow/example_dags/tutorial_etl_dag.py
[2022-06-24 07:18:52,412] {processor.py:651} INFO - DAG(s) dict_keys(['tutorial_etl_dag']) retrieved from /home/airflow/.local/lib/python3.7/site-packages/airflow/example_dags/tutorial_etl_dag.py
[2022-06-24 07:18:52,436] {logging_mixin.py:115} INFO - [2022-06-24 07:18:52,436] {dag.py:2379} INFO - Sync 1 DAGs
[2022-06-24 07:18:52,453] {logging_mixin.py:115} INFO - [2022-06-24 07:18:52,453] {dag.py:2931} INFO - Setting next_dagrun for tutorial_etl_dag to None, run_after=None
[2022-06-24 07:18:52,468] {processor.py:161} INFO - Processing /home/airflow/.local/lib/python3.7/site-packages/airflow/example_dags/tutorial_etl_dag.py took 0.068 seconds
[2022-06-24 07:19:23,018] {processor.py:153} INFO - Started process (PID=7988) to work on /home/airflow/.local/lib/python3.7/site-packages/airflow/example_dags/tutorial_etl_dag.py
[2022-06-24 07:19:23,019] {processor.py:641} INFO - Processing file /home/airflow/.local/lib/python3.7/site-packages/airflow/example_dags/tutorial_etl_dag.py for tasks to queue
[2022-06-24 07:19:23,020] {logging_mixin.py:115} INFO - [2022-06-24 07:19:23,020] {dagbag.py:507} INFO - Filling up the DagBag from /home/airflow/.local/lib/python3.7/site-packages/airflow/example_dags/tutorial_etl_dag.py
[2022-06-24 07:19:23,026] {processor.py:651} INFO - DAG(s) dict_keys(['tutorial_etl_dag']) retrieved from /home/airflow/.local/lib/python3.7/site-packages/airflow/example_dags/tutorial_etl_dag.py
[2022-06-24 07:19:23,048] {logging_mixin.py:115} INFO - [2022-06-24 07:19:23,048] {dag.py:2379} INFO - Sync 1 DAGs
[2022-06-24 07:19:23,062] {logging_mixin.py:115} INFO - [2022-06-24 07:19:23,062] {dag.py:2931} INFO - Setting next_dagrun for tutorial_etl_dag to None, run_after=None
[2022-06-24 07:19:23,075] {processor.py:161} INFO - Processing /home/airflow/.local/lib/python3.7/site-packages/airflow/example_dags/tutorial_etl_dag.py took 0.060 seconds
[2022-06-24 07:19:53,479] {processor.py:153} INFO - Started process (PID=8052) to work on /home/airflow/.local/lib/python3.7/site-packages/airflow/example_dags/tutorial_etl_dag.py
[2022-06-24 07:19:53,480] {processor.py:641} INFO - Processing file /home/airflow/.local/lib/python3.7/site-packages/airflow/example_dags/tutorial_etl_dag.py for tasks to queue
[2022-06-24 07:19:53,481] {logging_mixin.py:115} INFO - [2022-06-24 07:19:53,481] {dagbag.py:507} INFO - Filling up the DagBag from /home/airflow/.local/lib/python3.7/site-packages/airflow/example_dags/tutorial_etl_dag.py
[2022-06-24 07:19:53,488] {processor.py:651} INFO - DAG(s) dict_keys(['tutorial_etl_dag']) retrieved from /home/airflow/.local/lib/python3.7/site-packages/airflow/example_dags/tutorial_etl_dag.py
[2022-06-24 07:19:53,511] {logging_mixin.py:115} INFO - [2022-06-24 07:19:53,511] {dag.py:2379} INFO - Sync 1 DAGs
[2022-06-24 07:19:53,528] {logging_mixin.py:115} INFO - [2022-06-24 07:19:53,528] {dag.py:2931} INFO - Setting next_dagrun for tutorial_etl_dag to None, run_after=None
[2022-06-24 07:19:53,542] {processor.py:161} INFO - Processing /home/airflow/.local/lib/python3.7/site-packages/airflow/example_dags/tutorial_etl_dag.py took 0.066 seconds
[2022-06-24 07:20:23,814] {processor.py:153} INFO - Started process (PID=8116) to work on /home/airflow/.local/lib/python3.7/site-packages/airflow/example_dags/tutorial_etl_dag.py
[2022-06-24 07:20:23,816] {processor.py:641} INFO - Processing file /home/airflow/.local/lib/python3.7/site-packages/airflow/example_dags/tutorial_etl_dag.py for tasks to queue
[2022-06-24 07:20:23,817] {logging_mixin.py:115} INFO - [2022-06-24 07:20:23,817] {dagbag.py:507} INFO - Filling up the DagBag from /home/airflow/.local/lib/python3.7/site-packages/airflow/example_dags/tutorial_etl_dag.py
[2022-06-24 07:20:23,824] {processor.py:651} INFO - DAG(s) dict_keys(['tutorial_etl_dag']) retrieved from /home/airflow/.local/lib/python3.7/site-packages/airflow/example_dags/tutorial_etl_dag.py
[2022-06-24 07:20:23,849] {logging_mixin.py:115} INFO - [2022-06-24 07:20:23,849] {dag.py:2379} INFO - Sync 1 DAGs
[2022-06-24 07:20:23,867] {logging_mixin.py:115} INFO - [2022-06-24 07:20:23,867] {dag.py:2931} INFO - Setting next_dagrun for tutorial_etl_dag to None, run_after=None
[2022-06-24 07:20:23,882] {processor.py:161} INFO - Processing /home/airflow/.local/lib/python3.7/site-packages/airflow/example_dags/tutorial_etl_dag.py took 0.072 seconds
[2022-06-24 07:20:54,138] {processor.py:153} INFO - Started process (PID=8171) to work on /home/airflow/.local/lib/python3.7/site-packages/airflow/example_dags/tutorial_etl_dag.py
[2022-06-24 07:20:54,139] {processor.py:641} INFO - Processing file /home/airflow/.local/lib/python3.7/site-packages/airflow/example_dags/tutorial_etl_dag.py for tasks to queue
[2022-06-24 07:20:54,140] {logging_mixin.py:115} INFO - [2022-06-24 07:20:54,140] {dagbag.py:507} INFO - Filling up the DagBag from /home/airflow/.local/lib/python3.7/site-packages/airflow/example_dags/tutorial_etl_dag.py
[2022-06-24 07:20:54,146] {processor.py:651} INFO - DAG(s) dict_keys(['tutorial_etl_dag']) retrieved from /home/airflow/.local/lib/python3.7/site-packages/airflow/example_dags/tutorial_etl_dag.py
[2022-06-24 07:20:54,171] {logging_mixin.py:115} INFO - [2022-06-24 07:20:54,171] {dag.py:2379} INFO - Sync 1 DAGs
[2022-06-24 07:20:54,188] {logging_mixin.py:115} INFO - [2022-06-24 07:20:54,188] {dag.py:2931} INFO - Setting next_dagrun for tutorial_etl_dag to None, run_after=None
[2022-06-24 07:20:54,202] {processor.py:161} INFO - Processing /home/airflow/.local/lib/python3.7/site-packages/airflow/example_dags/tutorial_etl_dag.py took 0.067 seconds
[2022-06-24 07:21:24,925] {processor.py:153} INFO - Started process (PID=8235) to work on /home/airflow/.local/lib/python3.7/site-packages/airflow/example_dags/tutorial_etl_dag.py
[2022-06-24 07:21:24,926] {processor.py:641} INFO - Processing file /home/airflow/.local/lib/python3.7/site-packages/airflow/example_dags/tutorial_etl_dag.py for tasks to queue
[2022-06-24 07:21:24,927] {logging_mixin.py:115} INFO - [2022-06-24 07:21:24,927] {dagbag.py:507} INFO - Filling up the DagBag from /home/airflow/.local/lib/python3.7/site-packages/airflow/example_dags/tutorial_etl_dag.py
[2022-06-24 07:21:24,940] {processor.py:651} INFO - DAG(s) dict_keys(['tutorial_etl_dag']) retrieved from /home/airflow/.local/lib/python3.7/site-packages/airflow/example_dags/tutorial_etl_dag.py
[2022-06-24 07:21:24,976] {logging_mixin.py:115} INFO - [2022-06-24 07:21:24,976] {dag.py:2379} INFO - Sync 1 DAGs
[2022-06-24 07:21:25,001] {logging_mixin.py:115} INFO - [2022-06-24 07:21:25,001] {dag.py:2931} INFO - Setting next_dagrun for tutorial_etl_dag to None, run_after=None
[2022-06-24 07:21:25,018] {processor.py:161} INFO - Processing /home/airflow/.local/lib/python3.7/site-packages/airflow/example_dags/tutorial_etl_dag.py took 0.096 seconds
[2022-06-24 07:21:55,488] {processor.py:153} INFO - Started process (PID=8299) to work on /home/airflow/.local/lib/python3.7/site-packages/airflow/example_dags/tutorial_etl_dag.py
[2022-06-24 07:21:55,489] {processor.py:641} INFO - Processing file /home/airflow/.local/lib/python3.7/site-packages/airflow/example_dags/tutorial_etl_dag.py for tasks to queue
[2022-06-24 07:21:55,490] {logging_mixin.py:115} INFO - [2022-06-24 07:21:55,490] {dagbag.py:507} INFO - Filling up the DagBag from /home/airflow/.local/lib/python3.7/site-packages/airflow/example_dags/tutorial_etl_dag.py
[2022-06-24 07:21:55,496] {processor.py:651} INFO - DAG(s) dict_keys(['tutorial_etl_dag']) retrieved from /home/airflow/.local/lib/python3.7/site-packages/airflow/example_dags/tutorial_etl_dag.py
[2022-06-24 07:21:55,525] {logging_mixin.py:115} INFO - [2022-06-24 07:21:55,525] {dag.py:2379} INFO - Sync 1 DAGs
[2022-06-24 07:21:55,542] {logging_mixin.py:115} INFO - [2022-06-24 07:21:55,542] {dag.py:2931} INFO - Setting next_dagrun for tutorial_etl_dag to None, run_after=None
[2022-06-24 07:21:55,556] {processor.py:161} INFO - Processing /home/airflow/.local/lib/python3.7/site-packages/airflow/example_dags/tutorial_etl_dag.py took 0.070 seconds
[2022-06-24 07:22:26,157] {processor.py:153} INFO - Started process (PID=8363) to work on /home/airflow/.local/lib/python3.7/site-packages/airflow/example_dags/tutorial_etl_dag.py
[2022-06-24 07:22:26,158] {processor.py:641} INFO - Processing file /home/airflow/.local/lib/python3.7/site-packages/airflow/example_dags/tutorial_etl_dag.py for tasks to queue
[2022-06-24 07:22:26,159] {logging_mixin.py:115} INFO - [2022-06-24 07:22:26,159] {dagbag.py:507} INFO - Filling up the DagBag from /home/airflow/.local/lib/python3.7/site-packages/airflow/example_dags/tutorial_etl_dag.py
[2022-06-24 07:22:26,165] {processor.py:651} INFO - DAG(s) dict_keys(['tutorial_etl_dag']) retrieved from /home/airflow/.local/lib/python3.7/site-packages/airflow/example_dags/tutorial_etl_dag.py
[2022-06-24 07:22:26,192] {logging_mixin.py:115} INFO - [2022-06-24 07:22:26,192] {dag.py:2379} INFO - Sync 1 DAGs
[2022-06-24 07:22:26,215] {logging_mixin.py:115} INFO - [2022-06-24 07:22:26,215] {dag.py:2931} INFO - Setting next_dagrun for tutorial_etl_dag to None, run_after=None
[2022-06-24 07:22:26,231] {processor.py:161} INFO - Processing /home/airflow/.local/lib/python3.7/site-packages/airflow/example_dags/tutorial_etl_dag.py took 0.077 seconds
[2022-06-24 07:22:56,713] {processor.py:153} INFO - Started process (PID=8418) to work on /home/airflow/.local/lib/python3.7/site-packages/airflow/example_dags/tutorial_etl_dag.py
[2022-06-24 07:22:56,714] {processor.py:641} INFO - Processing file /home/airflow/.local/lib/python3.7/site-packages/airflow/example_dags/tutorial_etl_dag.py for tasks to queue
[2022-06-24 07:22:56,715] {logging_mixin.py:115} INFO - [2022-06-24 07:22:56,715] {dagbag.py:507} INFO - Filling up the DagBag from /home/airflow/.local/lib/python3.7/site-packages/airflow/example_dags/tutorial_etl_dag.py
[2022-06-24 07:22:56,723] {processor.py:651} INFO - DAG(s) dict_keys(['tutorial_etl_dag']) retrieved from /home/airflow/.local/lib/python3.7/site-packages/airflow/example_dags/tutorial_etl_dag.py
[2022-06-24 07:22:56,751] {logging_mixin.py:115} INFO - [2022-06-24 07:22:56,751] {dag.py:2379} INFO - Sync 1 DAGs
[2022-06-24 07:22:56,772] {logging_mixin.py:115} INFO - [2022-06-24 07:22:56,772] {dag.py:2931} INFO - Setting next_dagrun for tutorial_etl_dag to None, run_after=None
[2022-06-24 07:22:56,786] {processor.py:161} INFO - Processing /home/airflow/.local/lib/python3.7/site-packages/airflow/example_dags/tutorial_etl_dag.py took 0.076 seconds
[2022-06-24 07:23:27,118] {processor.py:153} INFO - Started process (PID=8482) to work on /home/airflow/.local/lib/python3.7/site-packages/airflow/example_dags/tutorial_etl_dag.py
[2022-06-24 07:23:27,119] {processor.py:641} INFO - Processing file /home/airflow/.local/lib/python3.7/site-packages/airflow/example_dags/tutorial_etl_dag.py for tasks to queue
[2022-06-24 07:23:27,120] {logging_mixin.py:115} INFO - [2022-06-24 07:23:27,120] {dagbag.py:507} INFO - Filling up the DagBag from /home/airflow/.local/lib/python3.7/site-packages/airflow/example_dags/tutorial_etl_dag.py
[2022-06-24 07:23:27,129] {processor.py:651} INFO - DAG(s) dict_keys(['tutorial_etl_dag']) retrieved from /home/airflow/.local/lib/python3.7/site-packages/airflow/example_dags/tutorial_etl_dag.py
[2022-06-24 07:23:27,153] {logging_mixin.py:115} INFO - [2022-06-24 07:23:27,153] {dag.py:2379} INFO - Sync 1 DAGs
[2022-06-24 07:23:27,171] {logging_mixin.py:115} INFO - [2022-06-24 07:23:27,171] {dag.py:2931} INFO - Setting next_dagrun for tutorial_etl_dag to None, run_after=None
[2022-06-24 07:23:27,190] {processor.py:161} INFO - Processing /home/airflow/.local/lib/python3.7/site-packages/airflow/example_dags/tutorial_etl_dag.py took 0.076 seconds
[2022-06-24 07:23:57,322] {processor.py:153} INFO - Started process (PID=8546) to work on /home/airflow/.local/lib/python3.7/site-packages/airflow/example_dags/tutorial_etl_dag.py
[2022-06-24 07:23:57,323] {processor.py:641} INFO - Processing file /home/airflow/.local/lib/python3.7/site-packages/airflow/example_dags/tutorial_etl_dag.py for tasks to queue
[2022-06-24 07:23:57,325] {logging_mixin.py:115} INFO - [2022-06-24 07:23:57,324] {dagbag.py:507} INFO - Filling up the DagBag from /home/airflow/.local/lib/python3.7/site-packages/airflow/example_dags/tutorial_etl_dag.py
[2022-06-24 07:23:57,334] {processor.py:651} INFO - DAG(s) dict_keys(['tutorial_etl_dag']) retrieved from /home/airflow/.local/lib/python3.7/site-packages/airflow/example_dags/tutorial_etl_dag.py
[2022-06-24 07:23:57,363] {logging_mixin.py:115} INFO - [2022-06-24 07:23:57,363] {dag.py:2379} INFO - Sync 1 DAGs
[2022-06-24 07:23:57,378] {logging_mixin.py:115} INFO - [2022-06-24 07:23:57,378] {dag.py:2931} INFO - Setting next_dagrun for tutorial_etl_dag to None, run_after=None
[2022-06-24 07:23:57,393] {processor.py:161} INFO - Processing /home/airflow/.local/lib/python3.7/site-packages/airflow/example_dags/tutorial_etl_dag.py took 0.077 seconds
[2022-06-24 07:24:27,795] {processor.py:153} INFO - Started process (PID=8602) to work on /home/airflow/.local/lib/python3.7/site-packages/airflow/example_dags/tutorial_etl_dag.py
[2022-06-24 07:24:27,802] {processor.py:641} INFO - Processing file /home/airflow/.local/lib/python3.7/site-packages/airflow/example_dags/tutorial_etl_dag.py for tasks to queue
[2022-06-24 07:24:27,804] {logging_mixin.py:115} INFO - [2022-06-24 07:24:27,804] {dagbag.py:507} INFO - Filling up the DagBag from /home/airflow/.local/lib/python3.7/site-packages/airflow/example_dags/tutorial_etl_dag.py
[2022-06-24 07:24:27,816] {processor.py:651} INFO - DAG(s) dict_keys(['tutorial_etl_dag']) retrieved from /home/airflow/.local/lib/python3.7/site-packages/airflow/example_dags/tutorial_etl_dag.py
[2022-06-24 07:24:27,852] {logging_mixin.py:115} INFO - [2022-06-24 07:24:27,852] {dag.py:2379} INFO - Sync 1 DAGs
[2022-06-24 07:24:27,872] {logging_mixin.py:115} INFO - [2022-06-24 07:24:27,872] {dag.py:2931} INFO - Setting next_dagrun for tutorial_etl_dag to None, run_after=None
[2022-06-24 07:24:27,887] {processor.py:161} INFO - Processing /home/airflow/.local/lib/python3.7/site-packages/airflow/example_dags/tutorial_etl_dag.py took 0.097 seconds
[2022-06-24 07:24:58,338] {processor.py:153} INFO - Started process (PID=8666) to work on /home/airflow/.local/lib/python3.7/site-packages/airflow/example_dags/tutorial_etl_dag.py
[2022-06-24 07:24:58,339] {processor.py:641} INFO - Processing file /home/airflow/.local/lib/python3.7/site-packages/airflow/example_dags/tutorial_etl_dag.py for tasks to queue
[2022-06-24 07:24:58,340] {logging_mixin.py:115} INFO - [2022-06-24 07:24:58,340] {dagbag.py:507} INFO - Filling up the DagBag from /home/airflow/.local/lib/python3.7/site-packages/airflow/example_dags/tutorial_etl_dag.py
[2022-06-24 07:24:58,348] {processor.py:651} INFO - DAG(s) dict_keys(['tutorial_etl_dag']) retrieved from /home/airflow/.local/lib/python3.7/site-packages/airflow/example_dags/tutorial_etl_dag.py
[2022-06-24 07:24:58,372] {logging_mixin.py:115} INFO - [2022-06-24 07:24:58,372] {dag.py:2379} INFO - Sync 1 DAGs
[2022-06-24 07:24:58,389] {logging_mixin.py:115} INFO - [2022-06-24 07:24:58,389] {dag.py:2931} INFO - Setting next_dagrun for tutorial_etl_dag to None, run_after=None
[2022-06-24 07:24:58,404] {processor.py:161} INFO - Processing /home/airflow/.local/lib/python3.7/site-packages/airflow/example_dags/tutorial_etl_dag.py took 0.070 seconds
[2022-06-24 07:25:28,682] {processor.py:153} INFO - Started process (PID=8730) to work on /home/airflow/.local/lib/python3.7/site-packages/airflow/example_dags/tutorial_etl_dag.py
[2022-06-24 07:25:28,683] {processor.py:641} INFO - Processing file /home/airflow/.local/lib/python3.7/site-packages/airflow/example_dags/tutorial_etl_dag.py for tasks to queue
[2022-06-24 07:25:28,684] {logging_mixin.py:115} INFO - [2022-06-24 07:25:28,684] {dagbag.py:507} INFO - Filling up the DagBag from /home/airflow/.local/lib/python3.7/site-packages/airflow/example_dags/tutorial_etl_dag.py
[2022-06-24 07:25:28,692] {processor.py:651} INFO - DAG(s) dict_keys(['tutorial_etl_dag']) retrieved from /home/airflow/.local/lib/python3.7/site-packages/airflow/example_dags/tutorial_etl_dag.py
[2022-06-24 07:25:28,717] {logging_mixin.py:115} INFO - [2022-06-24 07:25:28,716] {dag.py:2379} INFO - Sync 1 DAGs
[2022-06-24 07:25:28,735] {logging_mixin.py:115} INFO - [2022-06-24 07:25:28,735] {dag.py:2931} INFO - Setting next_dagrun for tutorial_etl_dag to None, run_after=None
[2022-06-24 07:25:28,747] {processor.py:161} INFO - Processing /home/airflow/.local/lib/python3.7/site-packages/airflow/example_dags/tutorial_etl_dag.py took 0.070 seconds
[2022-06-24 07:25:58,863] {processor.py:153} INFO - Started process (PID=8785) to work on /home/airflow/.local/lib/python3.7/site-packages/airflow/example_dags/tutorial_etl_dag.py
[2022-06-24 07:25:58,864] {processor.py:641} INFO - Processing file /home/airflow/.local/lib/python3.7/site-packages/airflow/example_dags/tutorial_etl_dag.py for tasks to queue
[2022-06-24 07:25:58,865] {logging_mixin.py:115} INFO - [2022-06-24 07:25:58,865] {dagbag.py:507} INFO - Filling up the DagBag from /home/airflow/.local/lib/python3.7/site-packages/airflow/example_dags/tutorial_etl_dag.py
[2022-06-24 07:25:58,873] {processor.py:651} INFO - DAG(s) dict_keys(['tutorial_etl_dag']) retrieved from /home/airflow/.local/lib/python3.7/site-packages/airflow/example_dags/tutorial_etl_dag.py
[2022-06-24 07:25:58,895] {logging_mixin.py:115} INFO - [2022-06-24 07:25:58,895] {dag.py:2379} INFO - Sync 1 DAGs
[2022-06-24 07:25:58,914] {logging_mixin.py:115} INFO - [2022-06-24 07:25:58,913] {dag.py:2931} INFO - Setting next_dagrun for tutorial_etl_dag to None, run_after=None
[2022-06-24 07:25:58,927] {processor.py:161} INFO - Processing /home/airflow/.local/lib/python3.7/site-packages/airflow/example_dags/tutorial_etl_dag.py took 0.068 seconds
