[2022-06-16 13:04:26,844] {taskinstance.py:1159} INFO - Dependencies all met for <TaskInstance: spark-hello-world-module.spark_job manual__2022-06-16T13:04:25.317261+00:00 [queued]>
[2022-06-16 13:04:26,860] {taskinstance.py:1159} INFO - Dependencies all met for <TaskInstance: spark-hello-world-module.spark_job manual__2022-06-16T13:04:25.317261+00:00 [queued]>
[2022-06-16 13:04:26,861] {taskinstance.py:1356} INFO - 
--------------------------------------------------------------------------------
[2022-06-16 13:04:26,862] {taskinstance.py:1357} INFO - Starting attempt 1 of 2
[2022-06-16 13:04:26,863] {taskinstance.py:1358} INFO - 
--------------------------------------------------------------------------------
[2022-06-16 13:04:26,872] {taskinstance.py:1377} INFO - Executing <Task(SparkSubmitOperator): spark_job> on 2022-06-16 13:04:25.317261+00:00
[2022-06-16 13:04:26,879] {standard_task_runner.py:52} INFO - Started process 2876 to run task
[2022-06-16 13:04:26,882] {standard_task_runner.py:79} INFO - Running: ['***', 'tasks', 'run', 'spark-hello-world-module', 'spark_job', 'manual__2022-06-16T13:04:25.317261+00:00', '--job-id', '55', '--raw', '--subdir', 'DAGS_FOLDER/spark-hello-world-module.py', '--cfg-path', '/tmp/tmpc714xte2', '--error-file', '/tmp/tmp4gph85sy']
[2022-06-16 13:04:26,884] {standard_task_runner.py:80} INFO - Job 55: Subtask spark_job
[2022-06-16 13:04:26,939] {task_command.py:370} INFO - Running <TaskInstance: spark-hello-world-module.spark_job manual__2022-06-16T13:04:25.317261+00:00 [running]> on host 811ff14fd3ea
[2022-06-16 13:04:26,992] {taskinstance.py:1571} INFO - Exporting the following env vars:
AIRFLOW_CTX_DAG_EMAIL=***@***.com
AIRFLOW_CTX_DAG_OWNER=***
AIRFLOW_CTX_DAG_ID=spark-hello-world-module
AIRFLOW_CTX_TASK_ID=spark_job
AIRFLOW_CTX_EXECUTION_DATE=2022-06-16T13:04:25.317261+00:00
AIRFLOW_CTX_TRY_NUMBER=1
AIRFLOW_CTX_DAG_RUN_ID=manual__2022-06-16T13:04:25.317261+00:00
[2022-06-16 13:04:27,002] {base.py:68} INFO - Using connection ID 'spark_default' for task execution.
[2022-06-16 13:04:27,004] {spark_submit.py:334} INFO - Spark-Submit cmd: spark-submit --master spark://spark:7077 --conf spark.master=spark://spark:7077 --name hello-world-module --verbose --queue root.default /usr/local/spark/app/hello-world-module.py /usr/local/spark/resources/data/movies.csv
[2022-06-16 13:04:27,090] {spark_submit.py:485} INFO - JAVA_HOME is not set
[2022-06-16 13:04:27,103] {taskinstance.py:1889} ERROR - Task failed with exception
Traceback (most recent call last):
  File "/home/airflow/.local/lib/python3.7/site-packages/airflow/providers/apache/spark/operators/spark_submit.py", line 157, in execute
    self._hook.submit(self._application)
  File "/home/airflow/.local/lib/python3.7/site-packages/airflow/providers/apache/spark/hooks/spark_submit.py", line 417, in submit
    f"Cannot execute: {self._mask_cmd(spark_submit_cmd)}. Error code is: {returncode}."
airflow.exceptions.AirflowException: Cannot execute: spark-submit --master spark://spark:7077 --conf spark.master=spark://spark:7077 --name hello-world-module --verbose --queue root.default /usr/local/spark/app/hello-world-module.py /usr/local/spark/resources/data/movies.csv. Error code is: 1.
[2022-06-16 13:04:27,107] {taskinstance.py:1400} INFO - Marking task as UP_FOR_RETRY. dag_id=spark-hello-world-module, task_id=spark_job, execution_date=20220616T130425, start_date=20220616T130426, end_date=20220616T130427
[2022-06-16 13:04:27,118] {standard_task_runner.py:97} ERROR - Failed to execute job 55 for task spark_job (Cannot execute: spark-submit --master spark://spark:7077 --conf spark.master=spark://spark:7077 --name hello-world-module --verbose --queue root.default /usr/local/spark/app/hello-world-module.py /usr/local/spark/resources/data/movies.csv. Error code is: 1.; 2876)
[2022-06-16 13:04:27,137] {local_task_job.py:156} INFO - Task exited with return code 1
[2022-06-16 13:04:27,177] {local_task_job.py:273} INFO - 0 downstream tasks scheduled from follow-on schedule check
